Best trial: 70. Best value: 0.554004:  22%|██▏       | 112/500 [02:58<10:10,  1.57s/it]Best trial: 70. Best value: 0.554004:  22%|██▏       | 112/500 [02:58<10:10,  1.57s/it]Best trial: 70. Best value: 0.554004:  23%|██▎       | 113/500 [02:58<10:09,  1.57s/it]                                                                                       [I 2026-05-21 18:24:31,423] Trial 113 finished with value: 0.47799070820982914 and parameters: {'fire_exp': 0.5791442351031965, 'D_low': 48.33102867623908, 'D_high': 5883.341209827068, 'pre_dampen_half': 1.4833984600645236, 'P_half': 9.600361217848748, 'gpp_d': 69.36850136810736, 'ign_c': 19.992405159794604, 'P_humid': 2775.4891577991957, 'P_humid_q': 3.538801539266194}. Best is trial 70 with value: 0.5540040457407294.
Best trial: 70. Best value: 0.554004:  23%|██▎       | 113/500 [02:59<10:09,  1.57s/it]Best trial: 70. Best value: 0.554004:  23%|██▎       | 113/500 [02:59<10:09,  1.57s/it]Best trial: 70. Best value: 0.554004:  23%|██▎       | 114/500 [02:59<10:06,  1.57s/it]                                                                                       [I 2026-05-21 18:24:33,033] Trial 114 finished with value: 0.5509889756247837 and parameters: {'fire_exp': 0.6885189885412007, 'D_low': 75.24286469470569, 'D_high': 5737.473087844021, 'pre_dampen_half': 1.2476688186138396, 'P_half': 6.125061152186461, 'gpp_d': 99.10075345741609, 'ign_c': 20.748558245916794, 'P_humid': 2945.705564413709, 'P_humid_q': 2.954258540488643}. Best is trial 70 with value: 0.5540040457407294.
Best trial: 70. Best value: 0.554004:  23%|██▎       | 114/500 [03:01<10:06,  1.57s/it]Best trial: 70. Best value: 0.554004:  23%|██▎       | 114/500 [03:01<10:06,  1.57s/it]Best trial: 70. Best value: 0.554004:  23%|██▎       | 115/500 [03:01<10:09,  1.58s/it]                                                                                       [I 2026-05-21 18:24:34,592] Trial 115 finished with value: 0.5416504804077668 and parameters: {'fire_exp': 0.657483473691208, 'D_low': 66.4909083893635, 'D_high': 5475.474391435111, 'pre_dampen_half': 1.3884382961829917, 'P_half': 8.600294173586597, 'gpp_d': 124.27941566882146, 'ign_c': 20.81035275169472, 'P_humid': 2561.444801992679, 'P_humid_q': 3.4048127428859605}. Best is trial 70 with value: 0.5540040457407294.
Best trial: 70. Best value: 0.554004:  23%|██▎       | 115/500 [03:02<10:09,  1.58s/it]Best trial: 70. Best value: 0.554004:  23%|██▎       | 115/500 [03:02<10:09,  1.58s/it]Best trial: 70. Best value: 0.554004:  23%|██▎       | 116/500 [03:02<10:04,  1.58s/it]                                                                                       [I 2026-05-21 18:24:36,147] Trial 116 finished with value: 0.540807478566528 and parameters: {'fire_exp': 0.6232889835428762, 'D_low': 75.80658433039, 'D_high': 5757.034005201555, 'pre_dampen_half': 1.186971743361332, 'P_half': 6.152428823821544, 'gpp_d': 67.30066916899264, 'ign_c': 21.26288823786829, 'P_humid': 3004.2796738766137, 'P_humid_q': 2.9429807101147327}. Best is trial 70 with value: 0.5540040457407294.
Best trial: 70. Best value: 0.554004:  23%|██▎       | 116/500 [03:04<10:04,  1.58s/it]Best trial: 70. Best value: 0.554004:  23%|██▎       | 116/500 [03:04<10:04,  1.58s/it]Best trial: 70. Best value: 0.554004:  23%|██▎       | 117/500 [03:04<10:00,  1.57s/it]                                                                                       [I 2026-05-21 18:24:37,720] Trial 117 finished with value: 0.5517380029553357 and parameters: {'fire_exp': 0.6857721487306198, 'D_low': 71.05877672941693, 'D_high': 5923.393488084782, 'pre_dampen_half': 1.0140357297020166, 'P_half': 10.925127617141857, 'gpp_d': 98.82565446915427, 'ign_c': 19.594465707985893, 'P_humid': 3488.4640010691496, 'P_humid_q': 2.529571093847903}. Best is trial 70 with value: 0.5540040457407294.
Best trial: 70. Best value: 0.554004:  23%|██▎       | 117/500 [03:06<10:00,  1.57s/it]Best trial: 70. Best value: 0.554004:  23%|██▎       | 117/500 [03:06<10:00,  1.57s/it]Best trial: 70. Best value: 0.554004:  24%|██▎       | 118/500 [03:06<09:59,  1.57s/it]                                                                                       [I 2026-05-21 18:24:39,283] Trial 118 finished with value: 0.5373177159621944 and parameters: {'fire_exp': 0.6882005203214617, 'D_low': 61.814156856764065, 'D_high': 5921.853298178948, 'pre_dampen_half': 1.0718790414531385, 'P_half': 10.861001765050434, 'gpp_d': 99.66665673919987, 'ign_c': 21.820003305250125, 'P_humid': 3209.502003105869, 'P_humid_q': 2.8719627225468187}. Best is trial 70 with value: 0.5540040457407294.
Best trial: 70. Best value: 0.554004:  24%|██▎       | 118/500 [03:07<09:59,  1.57s/it]Best trial: 70. Best value: 0.554004:  24%|██▎       | 118/500 [03:07<09:59,  1.57s/it]Best trial: 70. Best value: 0.554004:  24%|██▍       | 119/500 [03:07<09:57,  1.57s/it]                                                                                       [I 2026-05-21 18:24:40,858] Trial 119 finished with value: 0.3694647708689278 and parameters: {'fire_exp': 0.6784502029114093, 'D_low': 70.89210633360429, 'D_high': 5680.537285366938, 'pre_dampen_half': 27.419765072082626, 'P_half': 12.3049599056297, 'gpp_d': 58.87352676164217, 'ign_c': 19.567955835443833, 'P_humid': 3468.557913055263, 'P_humid_q': 2.5449785701535297}. Best is trial 70 with value: 0.5540040457407294.
Best trial: 70. Best value: 0.554004:  24%|██▍       | 119/500 [03:09<09:57,  1.57s/it]Best trial: 70. Best value: 0.554004:  24%|██▍       | 119/500 [03:09<09:57,  1.57s/it]Best trial: 70. Best value: 0.554004:  24%|██▍       | 120/500 [03:09<09:56,  1.57s/it]                                                                                       [I 2026-05-21 18:24:42,419] Trial 120 finished with value: 0.5204084393116711 and parameters: {'fire_exp': 0.6486817692191734, 'D_low': 59.559064979530554, 'D_high': 5615.579522694733, 'pre_dampen_half': 1.0161372786295366, 'P_half': 9.854247503614776, 'gpp_d': 76.58977984381538, 'ign_c': 18.479729531547495, 'P_humid': 3060.269027924159, 'P_humid_q': 3.15936813984606}. Best is trial 70 with value: 0.5540040457407294.
Best trial: 70. Best value: 0.554004:  24%|██▍       | 120/500 [03:10<09:56,  1.57s/it]Best trial: 70. Best value: 0.554004:  24%|██▍       | 120/500 [03:10<09:56,  1.57s/it]Best trial: 70. Best value: 0.554004:  24%|██▍       | 121/500 [03:10<09:54,  1.57s/it]                                                                                       [I 2026-05-21 18:24:43,984] Trial 121 finished with value: 0.5477448569080273 and parameters: {'fire_exp': 0.6674942157804789, 'D_low': 68.57389257688428, 'D_high': 5807.392207288665, 'pre_dampen_half': 1.2758484562451304, 'P_half': 7.3325935365004495, 'gpp_d': 84.31714859718568, 'ign_c': 20.71102435435861, 'P_humid': 2920.4900078674377, 'P_humid_q': 2.7151037500212456}. Best is trial 70 with value: 0.5540040457407294.
Best trial: 70. Best value: 0.554004:  24%|██▍       | 121/500 [03:12<09:54,  1.57s/it]Best trial: 70. Best value: 0.554004:  24%|██▍       | 121/500 [03:12<09:54,  1.57s/it]Best trial: 70. Best value: 0.554004:  24%|██▍       | 122/500 [03:12<09:52,  1.57s/it]                                                                                       [I 2026-05-21 18:24:45,560] Trial 122 finished with value: 0.5396773780905303 and parameters: {'fire_exp': 0.6370024663462396, 'D_low': 81.58356509935781, 'D_high': 5970.699455616163, 'pre_dampen_half': 1.1452076011385293, 'P_half': 14.619434335572219, 'gpp_d': 148.1800841477966, 'ign_c': 20.199582055098634, 'P_humid': 2664.3989866189054, 'P_humid_q': 2.552415863125065}. Best is trial 70 with value: 0.5540040457407294.
Best trial: 70. Best value: 0.554004:  24%|██▍       | 122/500 [03:13<09:52,  1.57s/it]Best trial: 70. Best value: 0.554004:  24%|██▍       | 122/500 [03:13<09:52,  1.57s/it]Best trial: 70. Best value: 0.554004:  25%|██▍       | 123/500 [03:13<09:51,  1.57s/it]                                                                                       [I 2026-05-21 18:24:47,120] Trial 123 finished with value: 0.47025348701994074 and parameters: {'fire_exp': 0.5980190451847422, 'D_low': 71.94575166385383, 'D_high': 5845.491694754062, 'pre_dampen_half': 1.608924868687997, 'P_half': 12.05711996800036, 'gpp_d': 92.80018357496076, 'ign_c': 18.989533349522425, 'P_humid': 3327.460856858963, 'P_humid_q': 4.982425322019033}. Best is trial 70 with value: 0.5540040457407294.
Best trial: 70. Best value: 0.554004:  25%|██▍       | 123/500 [03:15<09:51,  1.57s/it]Best trial: 70. Best value: 0.554004:  25%|██▍       | 123/500 [03:15<09:51,  1.57s/it]Best trial: 70. Best value: 0.554004:  25%|██▍       | 124/500 [03:15<09:49,  1.57s/it]                                                                                       [I 2026-05-21 18:24:48,691] Trial 124 finished with value: 0.536974700076166 and parameters: {'fire_exp': 0.6874952383179489, 'D_low': 74.79317261776794, 'D_high': 5526.559439270504, 'pre_dampen_half': 1.2485526290107665, 'P_half': 19.234834714028, 'gpp_d': 103.00093345366147, 'ign_c': 22.285394810740833, 'P_humid': 3139.2582235789137, 'P_humid_q': 3.89105051555405}. Best is trial 70 with value: 0.5540040457407294.
Best trial: 70. Best value: 0.554004:  25%|██▍       | 124/500 [03:17<09:49,  1.57s/it]Best trial: 70. Best value: 0.554004:  25%|██▍       | 124/500 [03:17<09:49,  1.57s/it]Best trial: 70. Best value: 0.554004:  25%|██▌       | 125/500 [03:17<09:47,  1.57s/it]                                                                                       [I 2026-05-21 18:24:50,253] Trial 125 finished with value: 0.5026415711968111 and parameters: {'fire_exp': 0.6163548900695102, 'D_low': 67.20847489609119, 'D_high': 5706.164455795459, 'pre_dampen_half': 1.4097498399532162, 'P_half': 9.381745264989108, 'gpp_d': 112.24625111510177, 'ign_c': 19.94839280833201, 'P_humid': 2847.759605176406, 'P_humid_q': 3.318896380742031}. Best is trial 70 with value: 0.5540040457407294.
Best trial: 70. Best value: 0.554004:  25%|██▌       | 125/500 [03:18<09:47,  1.57s/it]Best trial: 70. Best value: 0.554004:  25%|██▌       | 125/500 [03:18<09:47,  1.57s/it]Best trial: 70. Best value: 0.554004:  25%|██▌       | 126/500 [03:18<09:45,  1.57s/it]                                                                                       [I 2026-05-21 18:24:51,817] Trial 126 finished with value: 0.5496767914836262 and parameters: {'fire_exp': 0.6548358516822625, 'D_low': 57.45683536495228, 'D_high': 5615.609857509756, 'pre_dampen_half': 1.0955042758892384, 'P_half': 10.750836850788483, 'gpp_d': 178.47185039898503, 'ign_c': 21.098451191126383, 'P_humid': 2486.1882061804963, 'P_humid_q': 3.1909302991808994}. Best is trial 70 with value: 0.5540040457407294.
Best trial: 70. Best value: 0.554004:  25%|██▌       | 126/500 [03:20<09:45,  1.57s/it]Best trial: 70. Best value: 0.554004:  25%|██▌       | 126/500 [03:20<09:45,  1.57s/it]Best trial: 70. Best value: 0.554004:  25%|██▌       | 127/500 [03:20<09:43,  1.57s/it]                                                                                       [I 2026-05-21 18:24:53,420] Trial 127 finished with value: 0.5423763132209484 and parameters: {'fire_exp': 0.6721118186606545, 'D_low': 61.74996134385324, 'D_high': 3303.9045597867184, 'pre_dampen_half': 1.492542933448844, 'P_half': 18.020147384580014, 'gpp_d': 75.5542386255008, 'ign_c': 19.629411797397243, 'P_humid': 3264.4187231281, 'P_humid_q': 4.163114973884021}. Best is trial 70 with value: 0.5540040457407294.
Best trial: 70. Best value: 0.554004:  25%|██▌       | 127/500 [03:21<09:43,  1.57s/it]Best trial: 70. Best value: 0.554004:  25%|██▌       | 127/500 [03:21<09:43,  1.57s/it]Best trial: 70. Best value: 0.554004:  26%|██▌       | 128/500 [03:21<09:46,  1.58s/it]                                                                                       [I 2026-05-21 18:24:54,981] Trial 128 finished with value: 0.5455189946398279 and parameters: {'fire_exp': 0.6336721310760406, 'D_low': 44.20559260780512, 'D_high': 5317.004567370709, 'pre_dampen_half': 1.000641041305582, 'P_half': 1.8736565767866389, 'gpp_d': 209.42186446005985, 'ign_c': 20.705744765001107, 'P_humid': 2697.236708063134, 'P_humid_q': 3.6518315833274353}. Best is trial 70 with value: 0.5540040457407294.
Best trial: 70. Best value: 0.554004:  26%|██▌       | 128/500 [03:23<09:46,  1.58s/it]Best trial: 70. Best value: 0.554004:  26%|██▌       | 128/500 [03:23<09:46,  1.58s/it]Best trial: 70. Best value: 0.554004:  26%|██▌       | 129/500 [03:23<09:43,  1.57s/it]                                                                                       [I 2026-05-21 18:24:56,543] Trial 129 finished with value: 0.5392291946950926 and parameters: {'fire_exp': 0.6458933754394035, 'D_low': 64.57730911544112, 'D_high': 3596.389912070095, 'pre_dampen_half': 1.742633776849715, 'P_half': 3.7300337135151818, 'gpp_d': 86.0993385251188, 'ign_c': 21.505237266519632, 'P_humid': 3493.5725104920743, 'P_humid_q': 4.765862024902124}. Best is trial 70 with value: 0.5540040457407294.
Best trial: 70. Best value: 0.554004:  26%|██▌       | 129/500 [03:24<09:43,  1.57s/it]Best trial: 70. Best value: 0.554004:  26%|██▌       | 129/500 [03:24<09:43,  1.57s/it]Best trial: 70. Best value: 0.554004:  26%|██▌       | 130/500 [03:24<09:40,  1.57s/it]                                                                                       [I 2026-05-21 18:24:58,115] Trial 130 finished with value: 0.5401932855945634 and parameters: {'fire_exp': 0.6980909923628069, 'D_low': 86.40149575813788, 'D_high': 3119.21696894596, 'pre_dampen_half': 1.2899867295397676, 'P_half': 14.766193862929281, 'gpp_d': 97.53706280431673, 'ign_c': 20.215086754440613, 'P_humid': 2421.8945398245955, 'P_humid_q': 2.9865546240259997}. Best is trial 70 with value: 0.5540040457407294.
Best trial: 70. Best value: 0.554004:  26%|██▌       | 130/500 [03:26<09:40,  1.57s/it]Best trial: 70. Best value: 0.554004:  26%|██▌       | 130/500 [03:26<09:40,  1.57s/it]Best trial: 70. Best value: 0.554004:  26%|██▌       | 131/500 [03:26<09:39,  1.57s/it]                                                                                       [I 2026-05-21 18:24:59,673] Trial 131 finished with value: 0.5525733145753571 and parameters: {'fire_exp': 0.6503032521802136, 'D_low': 56.30205360317742, 'D_high': 5624.989471675923, 'pre_dampen_half': 1.133935690190094, 'P_half': 10.886342860036216, 'gpp_d': 177.81671187578638, 'ign_c': 21.035923702886105, 'P_humid': 2572.2755260678146, 'P_humid_q': 3.0802053244108416}. Best is trial 70 with value: 0.5540040457407294.
Best trial: 70. Best value: 0.554004:  26%|██▌       | 131/500 [03:27<09:39,  1.57s/it]Best trial: 70. Best value: 0.554004:  26%|██▌       | 131/500 [03:27<09:39,  1.57s/it]Best trial: 70. Best value: 0.554004:  26%|██▋       | 132/500 [03:27<09:36,  1.57s/it]                                                                                       [I 2026-05-21 18:25:01,251] Trial 132 finished with value: 0.5232496212352724 and parameters: {'fire_exp': 0.6602537628922663, 'D_low': 52.8475396599883, 'D_high': 5751.392249448581, 'pre_dampen_half': 1.1754602247442032, 'P_half': 11.361575730053925, 'gpp_d': 187.36659353894174, 'ign_c': 19.30207631936165, 'P_humid': 3061.0282262120577, 'P_humid_q': 3.056887300020114}. Best is trial 70 with value: 0.5540040457407294.
Best trial: 70. Best value: 0.554004:  26%|██▋       | 132/500 [03:29<09:36,  1.57s/it]Best trial: 70. Best value: 0.554004:  26%|██▋       | 132/500 [03:29<09:36,  1.57s/it]Best trial: 70. Best value: 0.554004:  27%|██▋       | 133/500 [03:29<09:36,  1.57s/it]                                                                                       [I 2026-05-21 18:25:02,802] Trial 133 finished with value: 0.5420002795280746 and parameters: {'fire_exp': 0.6789567586692938, 'D_low': 77.43798661389404, 'D_high': 5889.171473485009, 'pre_dampen_half': 1.3775885031058634, 'P_half': 8.190491820476385, 'gpp_d': 223.11768556118494, 'ign_c': 20.35348985618785, 'P_humid': 2900.0460894704493, 'P_humid_q': 2.8524592827424375}. Best is trial 70 with value: 0.5540040457407294.
Best trial: 70. Best value: 0.554004:  27%|██▋       | 133/500 [03:31<09:36,  1.57s/it]Best trial: 70. Best value: 0.554004:  27%|██▋       | 133/500 [03:31<09:36,  1.57s/it]Best trial: 70. Best value: 0.554004:  27%|██▋       | 134/500 [03:31<09:32,  1.56s/it]                                                                                       [I 2026-05-21 18:25:04,367] Trial 134 finished with value: 0.5409125845544555 and parameters: {'fire_exp': 0.6259368749291171, 'D_low': 80.71728661777998, 'D_high': 5463.659963728963, 'pre_dampen_half': 1.1194980171909215, 'P_half': 12.77571865832414, 'gpp_d': 153.26570569722477, 'ign_c': 20.921302694888887, 'P_humid': 3315.6340805645987, 'P_humid_q': 4.616321839238977}. Best is trial 70 with value: 0.5540040457407294.
Best trial: 70. Best value: 0.554004:  27%|██▋       | 134/500 [03:32<09:32,  1.56s/it]Best trial: 70. Best value: 0.554004:  27%|██▋       | 134/500 [03:32<09:32,  1.56s/it]Best trial: 70. Best value: 0.554004:  27%|██▋       | 135/500 [03:32<09:31,  1.56s/it]                                                                                       [I 2026-05-21 18:25:05,931] Trial 135 finished with value: 0.5330392834823363 and parameters: {'fire_exp': 0.6114052365116183, 'D_low': 55.691122310907524, 'D_high': 5993.455507100294, 'pre_dampen_half': 1.238882351493456, 'P_half': 16.586508263183646, 'gpp_d': 89.9519274914998, 'ign_c': 21.497783704353512, 'P_humid': 2624.5837988453172, 'P_humid_q': 3.527679480615387}. Best is trial 70 with value: 0.5540040457407294.
Best trial: 70. Best value: 0.554004:  27%|██▋       | 135/500 [03:34<09:31,  1.56s/it]Best trial: 70. Best value: 0.554004:  27%|██▋       | 135/500 [03:34<09:31,  1.56s/it]Best trial: 70. Best value: 0.554004:  27%|██▋       | 136/500 [03:34<09:29,  1.56s/it]                                                                                       [I 2026-05-21 18:25:07,490] Trial 136 finished with value: 0.5084869952992637 and parameters: {'fire_exp': 0.6653515330121498, 'D_low': 50.34257358403655, 'D_high': 5802.669112142263, 'pre_dampen_half': 1.4986534463937262, 'P_half': 10.17919738304641, 'gpp_d': 166.65451104347844, 'ign_c': 19.08978900075879, 'P_humid': 2263.005506785032, 'P_humid_q': 4.84619938684294}. Best is trial 70 with value: 0.5540040457407294.
Best trial: 70. Best value: 0.554004:  27%|██▋       | 136/500 [03:35<09:29,  1.56s/it]Best trial: 70. Best value: 0.554004:  27%|██▋       | 136/500 [03:35<09:29,  1.56s/it]Best trial: 70. Best value: 0.554004:  27%|██▋       | 137/500 [03:35<09:27,  1.56s/it]                                                                                       [I 2026-05-21 18:25:09,068] Trial 137 finished with value: 0.526455180224769 and parameters: {'fire_exp': 0.6458275049530093, 'D_low': 59.93007660685888, 'D_high': 3425.8577941089443, 'pre_dampen_half': 1.162611512203368, 'P_half': 9.04724295271548, 'gpp_d': 140.96905778098355, 'ign_c': 23.097591947353294, 'P_humid': 2768.9514290100565, 'P_humid_q': 3.2517467732311838}. Best is trial 70 with value: 0.5540040457407294.
Best trial: 70. Best value: 0.554004:  27%|██▋       | 137/500 [03:37<09:27,  1.56s/it]Best trial: 70. Best value: 0.554004:  27%|██▋       | 137/500 [03:37<09:27,  1.56s/it]Best trial: 70. Best value: 0.554004:  28%|██▊       | 138/500 [03:37<09:27,  1.57s/it]                                                                                       [I 2026-05-21 18:25:10,630] Trial 138 finished with value: 0.4795567733461926 and parameters: {'fire_exp': 0.46983174390312016, 'D_low': 64.37946852021457, 'D_high': 4903.573741449941, 'pre_dampen_half': 1.0059821887155094, 'P_half': 5.437850106203037, 'gpp_d': 243.11569890031225, 'ign_c': 21.89264496250545, 'P_humid': 3133.7449423655935, 'P_humid_q': 3.8037426250752935}. Best is trial 70 with value: 0.5540040457407294.
Best trial: 70. Best value: 0.554004:  28%|██▊       | 138/500 [03:38<09:27,  1.57s/it]Best trial: 70. Best value: 0.554004:  28%|██▊       | 138/500 [03:38<09:27,  1.57s/it]Best trial: 70. Best value: 0.554004:  28%|██▊       | 139/500 [03:38<09:25,  1.57s/it]                                                                                       [I 2026-05-21 18:25:12,201] Trial 139 finished with value: 0.5401760445732452 and parameters: {'fire_exp': 0.7338371668229237, 'D_low': 72.72258184473978, 'D_high': 5592.83985580096, 'pre_dampen_half': 1.6122527632230703, 'P_half': 11.621546504236656, 'gpp_d': 203.51760165921118, 'ign_c': 19.673768132480678, 'P_humid': 2960.258333907174, 'P_humid_q': 4.717680731554614}. Best is trial 70 with value: 0.5540040457407294.
Best trial: 70. Best value: 0.554004:  28%|██▊       | 139/500 [03:40<09:25,  1.57s/it]Best trial: 70. Best value: 0.554004:  28%|██▊       | 139/500 [03:40<09:25,  1.57s/it]Best trial: 70. Best value: 0.554004:  28%|██▊       | 140/500 [03:40<09:24,  1.57s/it]                                                                                       [I 2026-05-21 18:25:13,799] Trial 140 finished with value: 0.5526406976941096 and parameters: {'fire_exp': 0.6945968581370159, 'D_low': 68.16682207582981, 'D_high': 5377.803834050843, 'pre_dampen_half': 1.336858117526696, 'P_half': 13.127726760497257, 'gpp_d': 364.52153403136913, 'ign_c': 20.69141123207152, 'P_humid': 3374.938616691301, 'P_humid_q': 3.4539807909491813}. Best is trial 70 with value: 0.5540040457407294.
