Best trial: 162. Best value: 0.555186:  50%|█████     | 252/500 [06:38<06:30,  1.57s/it]Best trial: 162. Best value: 0.555186:  50%|█████     | 252/500 [06:38<06:30,  1.57s/it]Best trial: 162. Best value: 0.555186:  51%|█████     | 253/500 [06:38<06:29,  1.58s/it]                                                                                        [I 2026-05-21 18:28:11,559] Trial 253 finished with value: 0.38194301254645424 and parameters: {'fire_exp': 0.728018000505502, 'D_low': 76.65129442950624, 'D_high': 5932.889729580205, 'pre_dampen_half': 22.281876182951216, 'P_half': 10.761914581322333, 'gpp_d': 260.2885126727725, 'ign_c': 19.414386025153654, 'P_humid': 2986.034422013958, 'P_humid_q': 3.670451622200708}. Best is trial 162 with value: 0.5551861176655031.
Best trial: 162. Best value: 0.555186:  51%|█████     | 253/500 [06:39<06:29,  1.58s/it]Best trial: 162. Best value: 0.555186:  51%|█████     | 253/500 [06:39<06:29,  1.58s/it]Best trial: 162. Best value: 0.555186:  51%|█████     | 254/500 [06:39<06:28,  1.58s/it]                                                                                        [I 2026-05-21 18:28:13,147] Trial 254 finished with value: 0.5524485635216457 and parameters: {'fire_exp': 0.639622490807422, 'D_low': 64.47568511598291, 'D_high': 3133.2672618247884, 'pre_dampen_half': 1.541308945901179, 'P_half': 12.499952960840346, 'gpp_d': 67.00804482073254, 'ign_c': 21.270981894802375, 'P_humid': 2112.7656020815657, 'P_humid_q': 4.337085539787624}. Best is trial 162 with value: 0.5551861176655031.
Best trial: 162. Best value: 0.555186:  51%|█████     | 254/500 [06:41<06:28,  1.58s/it]Best trial: 162. Best value: 0.555186:  51%|█████     | 254/500 [06:41<06:28,  1.58s/it]Best trial: 162. Best value: 0.555186:  51%|█████     | 255/500 [06:41<06:27,  1.58s/it]                                                                                        [I 2026-05-21 18:28:14,709] Trial 255 finished with value: 0.5504182626493401 and parameters: {'fire_exp': 0.6248659156059281, 'D_low': 63.22005786002759, 'D_high': 3145.854088916074, 'pre_dampen_half': 1.7178157345492597, 'P_half': 12.835654542185788, 'gpp_d': 66.23788307675237, 'ign_c': 21.304561241347567, 'P_humid': 2188.3599308555154, 'P_humid_q': 4.374274389732567}. Best is trial 162 with value: 0.5551861176655031.
Best trial: 162. Best value: 0.555186:  51%|█████     | 255/500 [06:43<06:27,  1.58s/it]Best trial: 162. Best value: 0.555186:  51%|█████     | 255/500 [06:43<06:27,  1.58s/it]Best trial: 162. Best value: 0.555186:  51%|█████     | 256/500 [06:43<06:24,  1.58s/it]                                                                                        [I 2026-05-21 18:28:16,289] Trial 256 finished with value: 0.5495893330837966 and parameters: {'fire_exp': 0.6360679215465959, 'D_low': 54.825311689684106, 'D_high': 2911.0640510866647, 'pre_dampen_half': 1.5061870418512144, 'P_half': 12.154462488195508, 'gpp_d': 44.75999576784984, 'ign_c': 21.517481596695774, 'P_humid': 2007.7001443375336, 'P_humid_q': 4.91635340521001}. Best is trial 162 with value: 0.5551861176655031.
Best trial: 162. Best value: 0.555186:  51%|█████     | 256/500 [06:44<06:24,  1.58s/it]Best trial: 162. Best value: 0.555186:  51%|█████     | 256/500 [06:44<06:24,  1.58s/it]Best trial: 162. Best value: 0.555186:  51%|█████▏    | 257/500 [06:44<06:23,  1.58s/it]                                                                                        [I 2026-05-21 18:28:17,852] Trial 257 finished with value: 0.5392647764564468 and parameters: {'fire_exp': 0.7513688488870158, 'D_low': 123.93690102298116, 'D_high': 3301.7106458005237, 'pre_dampen_half': 1.642117180219723, 'P_half': 14.334878712299972, 'gpp_d': 63.80443631058342, 'ign_c': 19.80395720010261, 'P_humid': 2313.0184602549475, 'P_humid_q': 4.800079221094474}. Best is trial 162 with value: 0.5551861176655031.
Best trial: 162. Best value: 0.555186:  51%|█████▏    | 257/500 [06:46<06:23,  1.58s/it]Best trial: 162. Best value: 0.555186:  51%|█████▏    | 257/500 [06:46<06:23,  1.58s/it]Best trial: 162. Best value: 0.555186:  52%|█████▏    | 258/500 [06:46<06:20,  1.57s/it]                                                                                        [I 2026-05-21 18:28:19,433] Trial 258 finished with value: 0.518658162357039 and parameters: {'fire_exp': 0.6401873059023304, 'D_low': 60.41754675061668, 'D_high': 5795.5095052103325, 'pre_dampen_half': 1.8508738227319956, 'P_half': 16.239338122588062, 'gpp_d': 41.50995616669293, 'ign_c': 20.903802260334526, 'P_humid': 2121.525880846963, 'P_humid_q': 3.1383104369197503}. Best is trial 162 with value: 0.5551861176655031.
Best trial: 162. Best value: 0.555186:  52%|█████▏    | 258/500 [06:47<06:20,  1.57s/it]Best trial: 162. Best value: 0.555186:  52%|█████▏    | 258/500 [06:47<06:20,  1.57s/it]Best trial: 162. Best value: 0.555186:  52%|█████▏    | 259/500 [06:47<06:19,  1.58s/it]                                                                                        [I 2026-05-21 18:28:21,001] Trial 259 finished with value: 0.5510472133512547 and parameters: {'fire_exp': 0.7095712308889879, 'D_low': 57.66045426599716, 'D_high': 3032.273936524199, 'pre_dampen_half': 1.5312399066274427, 'P_half': 11.409076172034775, 'gpp_d': 51.714477352038166, 'ign_c': 18.96972796128324, 'P_humid': 2551.7801449390136, 'P_humid_q': 3.366438759932634}. Best is trial 162 with value: 0.5551861176655031.
Best trial: 162. Best value: 0.555186:  52%|█████▏    | 259/500 [06:49<06:19,  1.58s/it]Best trial: 162. Best value: 0.555186:  52%|█████▏    | 259/500 [06:49<06:19,  1.58s/it]Best trial: 162. Best value: 0.555186:  52%|█████▏    | 260/500 [06:49<06:17,  1.57s/it]                                                                                        [I 2026-05-21 18:28:22,564] Trial 260 finished with value: 0.5521322379791516 and parameters: {'fire_exp': 0.6493561926663768, 'D_low': 65.12253685321275, 'D_high': 3018.188729226158, 'pre_dampen_half': 1.3924301658518357, 'P_half': 13.28263412468108, 'gpp_d': 67.41153161011954, 'ign_c': 20.178415805298293, 'P_humid': 2406.965472773527, 'P_humid_q': 3.275015264422513}. Best is trial 162 with value: 0.5551861176655031.
Best trial: 162. Best value: 0.555186:  52%|█████▏    | 260/500 [06:50<06:17,  1.57s/it]Best trial: 162. Best value: 0.555186:  52%|█████▏    | 260/500 [06:50<06:17,  1.57s/it]Best trial: 162. Best value: 0.555186:  52%|█████▏    | 261/500 [06:50<06:15,  1.57s/it]                                                                                        [I 2026-05-21 18:28:24,150] Trial 261 finished with value: 0.550652661072254 and parameters: {'fire_exp': 0.7393672955102287, 'D_low': 69.06079430615712, 'D_high': 5550.0018039494225, 'pre_dampen_half': 1.2982035556174243, 'P_half': 18.44762480843386, 'gpp_d': 54.06032355708861, 'ign_c': 19.481783018045306, 'P_humid': 2605.6695732718767, 'P_humid_q': 3.4555564910951326}. Best is trial 162 with value: 0.5551861176655031.
Best trial: 162. Best value: 0.555186:  52%|█████▏    | 261/500 [06:52<06:15,  1.57s/it]Best trial: 162. Best value: 0.555186:  52%|█████▏    | 261/500 [06:52<06:15,  1.57s/it]Best trial: 162. Best value: 0.555186:  52%|█████▏    | 262/500 [06:52<06:14,  1.57s/it]                                                                                        [I 2026-05-21 18:28:25,719] Trial 262 finished with value: 0.5319283437972366 and parameters: {'fire_exp': 0.7265562199091115, 'D_low': 62.27185190135766, 'D_high': 5847.770550818195, 'pre_dampen_half': 1.3850769414026027, 'P_half': 11.93828164282106, 'gpp_d': 32.80258303225102, 'ign_c': 18.509881774401407, 'P_humid': 2830.607200598611, 'P_humid_q': 3.819793096300884}. Best is trial 162 with value: 0.5551861176655031.
Best trial: 162. Best value: 0.555186:  52%|█████▏    | 262/500 [06:54<06:14,  1.57s/it]Best trial: 162. Best value: 0.555186:  52%|█████▏    | 262/500 [06:54<06:14,  1.57s/it]Best trial: 162. Best value: 0.555186:  53%|█████▎    | 263/500 [06:54<06:12,  1.57s/it]                                                                                        [I 2026-05-21 18:28:27,288] Trial 263 finished with value: 0.4535469462906431 and parameters: {'fire_exp': 0.4275043229632292, 'D_low': 73.31801821732192, 'D_high': 3232.3227472007065, 'pre_dampen_half': 1.5629815913629403, 'P_half': 10.613277315893429, 'gpp_d': 58.44679541546356, 'ign_c': 21.074001759036463, 'P_humid': 1855.873510009371, 'P_humid_q': 3.6009130442985633}. Best is trial 162 with value: 0.5551861176655031.
Best trial: 162. Best value: 0.555186:  53%|█████▎    | 263/500 [06:55<06:12,  1.57s/it]Best trial: 162. Best value: 0.555186:  53%|█████▎    | 263/500 [06:55<06:12,  1.57s/it]Best trial: 162. Best value: 0.555186:  53%|█████▎    | 264/500 [06:55<06:10,  1.57s/it]                                                                                        [I 2026-05-21 18:28:28,858] Trial 264 finished with value: 0.5407109744187276 and parameters: {'fire_exp': 0.6996948786163519, 'D_low': 59.49039149312044, 'D_high': 3098.872184371022, 'pre_dampen_half': 1.2627136721375567, 'P_half': 9.990724646553122, 'gpp_d': 47.90644243681462, 'ign_c': 20.493119513862762, 'P_humid': 3360.797785978334, 'P_humid_q': 4.504913786759827}. Best is trial 162 with value: 0.5551861176655031.
Best trial: 162. Best value: 0.555186:  53%|█████▎    | 264/500 [06:57<06:10,  1.57s/it]Best trial: 162. Best value: 0.555186:  53%|█████▎    | 264/500 [06:57<06:10,  1.57s/it]Best trial: 162. Best value: 0.555186:  53%|█████▎    | 265/500 [06:57<06:09,  1.57s/it]                                                                                        [I 2026-05-21 18:28:30,422] Trial 265 finished with value: 0.5276358988941477 and parameters: {'fire_exp': 0.7170438557747204, 'D_low': 50.29725274022871, 'D_high': 5672.191174001313, 'pre_dampen_half': 1.6938829707050196, 'P_half': 13.594114298167742, 'gpp_d': 73.27722962594615, 'ign_c': 19.208300257642, 'P_humid': 2295.482098824239, 'P_humid_q': 3.353218535513159}. Best is trial 162 with value: 0.5551861176655031.
Best trial: 162. Best value: 0.555186:  53%|█████▎    | 265/500 [06:58<06:09,  1.57s/it]Best trial: 162. Best value: 0.555186:  53%|█████▎    | 265/500 [06:58<06:09,  1.57s/it]Best trial: 162. Best value: 0.555186:  53%|█████▎    | 266/500 [06:58<06:07,  1.57s/it]                                                                                        [I 2026-05-21 18:28:32,005] Trial 266 finished with value: 0.5272093162500806 and parameters: {'fire_exp': 0.7606803778004522, 'D_low': 65.02322572505724, 'D_high': 3675.138767690723, 'pre_dampen_half': 1.469613101272856, 'P_half': 21.92925121928039, 'gpp_d': 36.47198999824522, 'ign_c': 19.741088607057467, 'P_humid': 1764.4857160289541, 'P_humid_q': 3.524541233021926}. Best is trial 162 with value: 0.5551861176655031.
Best trial: 162. Best value: 0.555186:  53%|█████▎    | 266/500 [07:00<06:07,  1.57s/it]Best trial: 162. Best value: 0.555186:  53%|█████▎    | 266/500 [07:00<06:07,  1.57s/it]Best trial: 162. Best value: 0.555186:  53%|█████▎    | 267/500 [07:00<06:06,  1.57s/it]                                                                                        [I 2026-05-21 18:28:33,581] Trial 267 finished with value: 0.5214324559011156 and parameters: {'fire_exp': 0.7846007834222433, 'D_low': 68.04299912336043, 'D_high': 5918.318564152866, 'pre_dampen_half': 1.1576077789450117, 'P_half': 11.250044924312146, 'gpp_d': 29.859693073530348, 'ign_c': 21.820238047700265, 'P_humid': 2693.4177138749037, 'P_humid_q': 3.741394261319817}. Best is trial 162 with value: 0.5551861176655031.
Best trial: 162. Best value: 0.555186:  53%|█████▎    | 267/500 [07:01<06:06,  1.57s/it]Best trial: 162. Best value: 0.555186:  53%|█████▎    | 267/500 [07:01<06:06,  1.57s/it]Best trial: 162. Best value: 0.555186:  54%|█████▎    | 268/500 [07:01<06:05,  1.57s/it]                                                                                        [I 2026-05-21 18:28:35,158] Trial 268 finished with value: 0.5496869896365781 and parameters: {'fire_exp': 0.7329245242485047, 'D_low': 62.55362884845827, 'D_high': 5762.536630294049, 'pre_dampen_half': 1.332065278689736, 'P_half': 12.899690933447998, 'gpp_d': 215.33894269128635, 'ign_c': 20.069624605919962, 'P_humid': 2479.9206783372892, 'P_humid_q': 3.2284284328288857}. Best is trial 162 with value: 0.5551861176655031.
Best trial: 162. Best value: 0.555186:  54%|█████▎    | 268/500 [07:03<06:05,  1.57s/it]Best trial: 162. Best value: 0.555186:  54%|█████▎    | 268/500 [07:03<06:05,  1.57s/it]Best trial: 162. Best value: 0.555186:  54%|█████▍    | 269/500 [07:03<06:03,  1.57s/it]                                                                                        [I 2026-05-21 18:28:36,725] Trial 269 finished with value: 0.5465451282670161 and parameters: {'fire_exp': 0.6602248762681852, 'D_low': 57.54964259504369, 'D_high': 4673.860006403659, 'pre_dampen_half': 1.0111651627168887, 'P_half': 11.929022417156782, 'gpp_d': 55.83378259193963, 'ign_c': 20.79036941532662, 'P_humid': 3217.8309406421663, 'P_humid_q': 3.9986166768300273}. Best is trial 162 with value: 0.5551861176655031.
Best trial: 162. Best value: 0.555186:  54%|█████▍    | 269/500 [07:05<06:03,  1.57s/it]Best trial: 162. Best value: 0.555186:  54%|█████▍    | 269/500 [07:05<06:03,  1.57s/it]Best trial: 162. Best value: 0.555186:  54%|█████▍    | 270/500 [07:05<06:01,  1.57s/it]                                                                                        [I 2026-05-21 18:28:38,290] Trial 270 finished with value: 0.5152689017626586 and parameters: {'fire_exp': 0.6304355196869889, 'D_low': 47.744084392292045, 'D_high': 5992.059007640233, 'pre_dampen_half': 1.2252052595616494, 'P_half': 9.702681055808508, 'gpp_d': 62.88705704917979, 'ign_c': 20.406627223800914, 'P_humid': 3499.4822147285977, 'P_humid_q': 3.646791530748419}. Best is trial 162 with value: 0.5551861176655031.
Best trial: 162. Best value: 0.555186:  54%|█████▍    | 270/500 [07:06<06:01,  1.57s/it]Best trial: 162. Best value: 0.555186:  54%|█████▍    | 270/500 [07:06<06:01,  1.57s/it]Best trial: 162. Best value: 0.555186:  54%|█████▍    | 271/500 [07:06<05:59,  1.57s/it]                                                                                        [I 2026-05-21 18:28:39,878] Trial 271 finished with value: 0.5068977072860921 and parameters: {'fire_exp': 0.7125667095508945, 'D_low': 65.88992478323868, 'D_high': 5215.939384717296, 'pre_dampen_half': 1.437616274230256, 'P_half': 10.60841355122754, 'gpp_d': 194.62357843858294, 'ign_c': 19.823215737746697, 'P_humid': 1078.9928918173641, 'P_humid_q': 3.4430066314440424}. Best is trial 162 with value: 0.5551861176655031.
Best trial: 162. Best value: 0.555186:  54%|█████▍    | 271/500 [07:08<05:59,  1.57s/it]Best trial: 162. Best value: 0.555186:  54%|█████▍    | 271/500 [07:08<05:59,  1.57s/it]Best trial: 162. Best value: 0.555186:  54%|█████▍    | 272/500 [07:08<05:59,  1.58s/it]                                                                                        [I 2026-05-21 18:28:41,435] Trial 272 finished with value: 0.5453251971052634 and parameters: {'fire_exp': 0.7483285108624448, 'D_low': 71.35183246009088, 'D_high': 5819.804436746511, 'pre_dampen_half': 1.1180662379595954, 'P_half': 14.889683611519406, 'gpp_d': 51.59691412165353, 'ign_c': 19.46896733409799, 'P_humid': 2855.8806052510145, 'P_humid_q': 3.042357108468144}. Best is trial 162 with value: 0.5551861176655031.
Best trial: 162. Best value: 0.555186:  54%|█████▍    | 272/500 [07:09<05:59,  1.58s/it]Best trial: 162. Best value: 0.555186:  54%|█████▍    | 272/500 [07:09<05:59,  1.58s/it]Best trial: 162. Best value: 0.555186:  55%|█████▍    | 273/500 [07:09<05:56,  1.57s/it]                                                                                        [I 2026-05-21 18:28:43,006] Trial 273 finished with value: 0.5488084166057027 and parameters: {'fire_exp': 0.6878572621875971, 'D_low': 54.99551900023636, 'D_high': 5864.276064400139, 'pre_dampen_half': 1.3332704775775686, 'P_half': 8.911186707671428, 'gpp_d': 44.10263798987457, 'ign_c': 21.262405019670844, 'P_humid': 2077.6902518350716, 'P_humid_q': 3.5470057194510716}. Best is trial 162 with value: 0.5551861176655031.
Best trial: 162. Best value: 0.555186:  55%|█████▍    | 273/500 [07:11<05:56,  1.57s/it]Best trial: 162. Best value: 0.555186:  55%|█████▍    | 273/500 [07:11<05:56,  1.57s/it]Best trial: 162. Best value: 0.555186:  55%|█████▍    | 274/500 [07:11<05:54,  1.57s/it]                                                                                        [I 2026-05-21 18:28:44,574] Trial 274 finished with value: 0.49822041986100996 and parameters: {'fire_exp': 0.6430406527893247, 'D_low': 60.62370225420334, 'D_high': 5055.378721047582, 'pre_dampen_half': 1.5462629029419126, 'P_half': 11.427471102608358, 'gpp_d': 162.32222295064395, 'ign_c': 18.744861872665954, 'P_humid': 2624.65171320123, 'P_humid_q': 3.3983704742312453}. Best is trial 162 with value: 0.5551861176655031.
Best trial: 162. Best value: 0.555186:  55%|█████▍    | 274/500 [07:12<05:54,  1.57s/it]Best trial: 162. Best value: 0.555186:  55%|█████▍    | 274/500 [07:12<05:54,  1.57s/it]Best trial: 162. Best value: 0.555186:  55%|█████▌    | 275/500 [07:12<05:53,  1.57s/it]                                                                                        [I 2026-05-21 18:28:46,134] Trial 275 finished with value: 0.5536647493837642 and parameters: {'fire_exp': 0.70105058294277, 'D_low': 63.37675586355605, 'D_high': 5998.6087996665665, 'pre_dampen_half': 1.2204692506691366, 'P_half': 12.734560744499394, 'gpp_d': 40.26106959192757, 'ign_c': 20.349120374035905, 'P_humid': 2753.1863666844965, 'P_humid_q': 4.720638405188963}. Best is trial 162 with value: 0.5551861176655031.
Best trial: 162. Best value: 0.555186:  55%|█████▌    | 275/500 [07:14<05:53,  1.57s/it]Best trial: 162. Best value: 0.555186:  55%|█████▌    | 275/500 [07:14<05:53,  1.57s/it]Best trial: 162. Best value: 0.555186:  55%|█████▌    | 276/500 [07:14<05:50,  1.57s/it]                                                                                        [I 2026-05-21 18:28:47,717] Trial 276 finished with value: 0.5483313287030013 and parameters: {'fire_exp': 0.7050331833106411, 'D_low': 63.2481160027678, 'D_high': 5992.86719633024, 'pre_dampen_half': 1.23456388102772, 'P_half': 0.5005457023590604, 'gpp_d': 40.88903821668136, 'ign_c': 20.02897485814835, 'P_humid': 2766.303221367147, 'P_humid_q': 4.695748210562849}. Best is trial 162 with value: 0.5551861176655031.
Best trial: 162. Best value: 0.555186:  55%|█████▌    | 276/500 [07:16<05:50,  1.57s/it]Best trial: 162. Best value: 0.555186:  55%|█████▌    | 276/500 [07:16<05:50,  1.57s/it]Best trial: 162. Best value: 0.555186:  55%|█████▌    | 277/500 [07:16<05:50,  1.57s/it]                                                                                        [I 2026-05-21 18:28:49,281] Trial 277 finished with value: 0.5403608297426161 and parameters: {'fire_exp': 0.721908404178504, 'D_low': 59.48123014041541, 'D_high': 5912.189224095542, 'pre_dampen_half': 1.4015606961605511, 'P_half': 12.588302145184775, 'gpp_d': 38.22571109668354, 'ign_c': 19.15679840940512, 'P_humid': 2442.153467260642, 'P_humid_q': 4.75764326067848}. Best is trial 162 with value: 0.5551861176655031.
Best trial: 162. Best value: 0.555186:  55%|█████▌    | 277/500 [07:17<05:50,  1.57s/it]Best trial: 162. Best value: 0.555186:  55%|█████▌    | 277/500 [07:17<05:50,  1.57s/it]Best trial: 162. Best value: 0.555186:  56%|█████▌    | 278/500 [07:17<05:48,  1.57s/it]                                                                                        [I 2026-05-21 18:28:50,851] Trial 278 finished with value: 0.5553667758235976 and parameters: {'fire_exp': 0.6930674912080036, 'D_low': 68.43848912158404, 'D_high': 5740.956527954905, 'pre_dampen_half': 1.2687636846965458, 'P_half': 16.41423291955997, 'gpp_d': 39.271980594703365, 'ign_c': 20.368491125905344, 'P_humid': 2550.090356716625, 'P_humid_q': 4.943958653982819}. Best is trial 278 with value: 0.5553667758235976.
Best trial: 162. Best value: 0.555186:  56%|█████▌    | 278/500 [07:19<05:48,  1.57s/it]Best trial: 278. Best value: 0.555367:  56%|█████▌    | 278/500 [07:19<05:48,  1.57s/it]Best trial: 278. Best value: 0.555367:  56%|█████▌    | 279/500 [07:19<05:46,  1.57s/it]                                                                                        [I 2026-05-21 18:28:52,422] Trial 279 finished with value: 0.553845508616912 and parameters: {'fire_exp': 0.6952951120742027, 'D_low': 77.05435401369233, 'D_high': 5492.449523563879, 'pre_dampen_half': 1.2772548679213507, 'P_half': 17.159994007374777, 'gpp_d': 39.655138525409605, 'ign_c': 20.366014214656815, 'P_humid': 2553.576664568731, 'P_humid_q': 4.826540489415251}. Best is trial 278 with value: 0.5553667758235976.
Best trial: 278. Best value: 0.555367:  56%|█████▌    | 279/500 [07:20<05:46,  1.57s/it]Best trial: 278. Best value: 0.555367:  56%|█████▌    | 279/500 [07:20<05:46,  1.57s/it]Best trial: 278. Best value: 0.555367:  56%|█████▌    | 280/500 [07:20<05:45,  1.57s/it]                                                                                        [I 2026-05-21 18:28:53,999] Trial 280 finished with value: 0.49569428635597895 and parameters: {'fire_exp': 0.6874857361397686, 'D_low': 75.61393637178084, 'D_high': 5421.717914303973, 'pre_dampen_half': 2.6002068633432525, 'P_half': 19.677817130328737, 'gpp_d': 35.169367953738465, 'ign_c': 19.80776659327851, 'P_humid': 2535.345802088441, 'P_humid_q': 4.892774040872775}. Best is trial 278 with value: 0.5553667758235976.
