Best trial: 162. Best value: 0.555186:  34%|███▎      | 168/500 [04:26<08:40,  1.57s/it]Best trial: 162. Best value: 0.555186:  34%|███▎      | 168/500 [04:26<08:40,  1.57s/it]Best trial: 162. Best value: 0.555186:  34%|███▍      | 169/500 [04:26<08:40,  1.57s/it]                                                                                        [I 2026-05-21 18:25:59,258] Trial 169 finished with value: 0.5281933984530939 and parameters: {'fire_exp': 0.7858590035057686, 'D_low': 147.86903925418335, 'D_high': 5684.88903776028, 'pre_dampen_half': 1.3551722804347412, 'P_half': 0.7737296546384388, 'gpp_d': 54.34575804673329, 'ign_c': 19.95262996378934, 'P_humid': 2588.475346357195, 'P_humid_q': 3.2143526049241293}. Best is trial 162 with value: 0.5551861176655031.
Best trial: 162. Best value: 0.555186:  34%|███▍      | 169/500 [04:27<08:40,  1.57s/it]Best trial: 162. Best value: 0.555186:  34%|███▍      | 169/500 [04:27<08:40,  1.57s/it]Best trial: 162. Best value: 0.555186:  34%|███▍      | 170/500 [04:27<08:36,  1.57s/it]                                                                                        [I 2026-05-21 18:26:00,835] Trial 170 finished with value: 0.5487264334497393 and parameters: {'fire_exp': 0.7570391902347826, 'D_low': 77.16832816967121, 'D_high': 5821.743070554765, 'pre_dampen_half': 1.2321377610478959, 'P_half': 8.436085149340895, 'gpp_d': 33.978412197854325, 'ign_c': 18.057269444125073, 'P_humid': 2333.69972800728, 'P_humid_q': 3.333344876308481}. Best is trial 162 with value: 0.5551861176655031.
Best trial: 162. Best value: 0.555186:  34%|███▍      | 170/500 [04:29<08:36,  1.57s/it]Best trial: 162. Best value: 0.555186:  34%|███▍      | 170/500 [04:29<08:36,  1.57s/it]Best trial: 162. Best value: 0.555186:  34%|███▍      | 171/500 [04:29<08:36,  1.57s/it]                                                                                        [I 2026-05-21 18:26:02,397] Trial 171 finished with value: 0.5540842475868459 and parameters: {'fire_exp': 0.737810278783432, 'D_low': 63.323332026756496, 'D_high': 5902.1684763725825, 'pre_dampen_half': 1.2772657120323239, 'P_half': 12.068032669563728, 'gpp_d': 60.557892318018425, 'ign_c': 19.20392809121018, 'P_humid': 2551.1114121346386, 'P_humid_q': 3.560021848324492}. Best is trial 162 with value: 0.5551861176655031.
Best trial: 162. Best value: 0.555186:  34%|███▍      | 171/500 [04:30<08:36,  1.57s/it]Best trial: 162. Best value: 0.555186:  34%|███▍      | 171/500 [04:30<08:36,  1.57s/it]Best trial: 162. Best value: 0.555186:  34%|███▍      | 172/500 [04:30<08:34,  1.57s/it]                                                                                        [I 2026-05-21 18:26:03,960] Trial 172 finished with value: 0.5359186571907476 and parameters: {'fire_exp': 0.733367307875446, 'D_low': 64.74958134204438, 'D_high': 5894.9358875522175, 'pre_dampen_half': 1.5296407178308729, 'P_half': 11.258931024819127, 'gpp_d': 49.27484284310108, 'ign_c': 19.023309631630408, 'P_humid': 2620.8459662100668, 'P_humid_q': 3.698462042545335}. Best is trial 162 with value: 0.5551861176655031.
Best trial: 162. Best value: 0.555186:  34%|███▍      | 172/500 [04:32<08:34,  1.57s/it]Best trial: 162. Best value: 0.555186:  34%|███▍      | 172/500 [04:32<08:34,  1.57s/it]Best trial: 162. Best value: 0.555186:  35%|███▍      | 173/500 [04:32<08:32,  1.57s/it]                                                                                        [I 2026-05-21 18:26:05,535] Trial 173 finished with value: 0.5480445627725504 and parameters: {'fire_exp': 0.7273404837911938, 'D_low': 69.34952893778394, 'D_high': 5915.676393793869, 'pre_dampen_half': 1.2524290658578106, 'P_half': 12.359503662129725, 'gpp_d': 46.11488483862441, 'ign_c': 19.409383589115293, 'P_humid': 2048.805748657081, 'P_humid_q': 3.422890758141062}. Best is trial 162 with value: 0.5551861176655031.
Best trial: 162. Best value: 0.555186:  35%|███▍      | 173/500 [04:33<08:32,  1.57s/it]Best trial: 162. Best value: 0.555186:  35%|███▍      | 173/500 [04:33<08:32,  1.57s/it]Best trial: 162. Best value: 0.555186:  35%|███▍      | 174/500 [04:33<08:31,  1.57s/it]                                                                                        [I 2026-05-21 18:26:07,096] Trial 174 finished with value: 0.5501467753193561 and parameters: {'fire_exp': 0.7473533424681442, 'D_low': 71.52670072726833, 'D_high': 5781.77099523186, 'pre_dampen_half': 1.3909466452570454, 'P_half': 7.756137988156394, 'gpp_d': 53.190977584015826, 'ign_c': 20.089870915533044, 'P_humid': 2473.4789974700197, 'P_humid_q': 3.5660323763908206}. Best is trial 162 with value: 0.5551861176655031.
Best trial: 162. Best value: 0.555186:  35%|███▍      | 174/500 [04:35<08:31,  1.57s/it]Best trial: 162. Best value: 0.555186:  35%|███▍      | 174/500 [04:35<08:31,  1.57s/it]Best trial: 162. Best value: 0.555186:  35%|███▌      | 175/500 [04:35<08:29,  1.57s/it]                                                                                        [I 2026-05-21 18:26:08,662] Trial 175 finished with value: 0.550225781131493 and parameters: {'fire_exp': 0.7103911037061096, 'D_low': 66.89632438531874, 'D_high': 5915.322824025152, 'pre_dampen_half': 1.0902693853864258, 'P_half': 10.343296659506235, 'gpp_d': 37.66696688473437, 'ign_c': 19.686640441412564, 'P_humid': 2347.7746640144474, 'P_humid_q': 3.506066655335664}. Best is trial 162 with value: 0.5551861176655031.
Best trial: 162. Best value: 0.555186:  35%|███▌      | 175/500 [04:36<08:29,  1.57s/it]Best trial: 162. Best value: 0.555186:  35%|███▌      | 175/500 [04:36<08:29,  1.57s/it]Best trial: 162. Best value: 0.555186:  35%|███▌      | 176/500 [04:36<08:27,  1.57s/it]                                                                                        [I 2026-05-21 18:26:10,231] Trial 176 finished with value: 0.5406318921373572 and parameters: {'fire_exp': 0.7528080629666738, 'D_low': 63.67470174577522, 'D_high': 5695.150521939042, 'pre_dampen_half': 1.6741641030603087, 'P_half': 9.09457454781878, 'gpp_d': 59.6626426586636, 'ign_c': 19.135892891204897, 'P_humid': 2584.465810021498, 'P_humid_q': 3.2865744995376467}. Best is trial 162 with value: 0.5551861176655031.
Best trial: 162. Best value: 0.555186:  35%|███▌      | 176/500 [04:38<08:27,  1.57s/it]Best trial: 162. Best value: 0.555186:  35%|███▌      | 176/500 [04:38<08:27,  1.57s/it]Best trial: 162. Best value: 0.555186:  35%|███▌      | 177/500 [04:38<08:26,  1.57s/it]                                                                                        [I 2026-05-21 18:26:11,794] Trial 177 finished with value: 0.5383679031615183 and parameters: {'fire_exp': 0.7641753865546583, 'D_low': 59.44909641162494, 'D_high': 5778.182013312909, 'pre_dampen_half': 1.1711478856169897, 'P_half': 11.527733539152328, 'gpp_d': 56.523346116329805, 'ign_c': 20.224448088486717, 'P_humid': 2456.5443605424502, 'P_humid_q': 3.6561107808378375}. Best is trial 162 with value: 0.5551861176655031.
Best trial: 162. Best value: 0.555186:  35%|███▌      | 177/500 [04:40<08:26,  1.57s/it]Best trial: 162. Best value: 0.555186:  35%|███▌      | 177/500 [04:40<08:26,  1.57s/it]Best trial: 162. Best value: 0.555186:  36%|███▌      | 178/500 [04:40<08:24,  1.57s/it]                                                                                        [I 2026-05-21 18:26:13,375] Trial 178 finished with value: 0.5379869644806295 and parameters: {'fire_exp': 0.7222238150431464, 'D_low': 72.45718587223448, 'D_high': 5987.577439008628, 'pre_dampen_half': 1.311702388421694, 'P_half': 14.188605692411302, 'gpp_d': 65.22454671330011, 'ign_c': 17.856859096232665, 'P_humid': 2164.9276913232447, 'P_humid_q': 3.8324407284073057}. Best is trial 162 with value: 0.5551861176655031.
Best trial: 162. Best value: 0.555186:  36%|███▌      | 178/500 [04:41<08:24,  1.57s/it]Best trial: 162. Best value: 0.555186:  36%|███▌      | 178/500 [04:41<08:24,  1.57s/it]Best trial: 162. Best value: 0.555186:  36%|███▌      | 179/500 [04:41<08:24,  1.57s/it]                                                                                        [I 2026-05-21 18:26:14,938] Trial 179 finished with value: 0.519664606755081 and parameters: {'fire_exp': 0.7386161380968723, 'D_low': 62.295602510364844, 'D_high': 5833.1400378719045, 'pre_dampen_half': 1.7874429643589176, 'P_half': 9.438743560458711, 'gpp_d': 61.280278756016706, 'ign_c': 18.655306790150334, 'P_humid': 2678.5359895392367, 'P_humid_q': 3.168974826943141}. Best is trial 162 with value: 0.5551861176655031.
Best trial: 162. Best value: 0.555186:  36%|███▌      | 179/500 [04:43<08:24,  1.57s/it]Best trial: 162. Best value: 0.555186:  36%|███▌      | 179/500 [04:43<08:24,  1.57s/it]Best trial: 162. Best value: 0.555186:  36%|███▌      | 180/500 [04:43<08:21,  1.57s/it]                                                                                        [I 2026-05-21 18:26:16,508] Trial 180 finished with value: 0.3978712799603752 and parameters: {'fire_exp': 0.35810067372536036, 'D_low': 66.64673097078821, 'D_high': 5668.694390867515, 'pre_dampen_half': 1.1029236889771803, 'P_half': 25.179075561011146, 'gpp_d': 51.329898257282935, 'ign_c': 19.77872338381269, 'P_humid': 2256.273824807749, 'P_humid_q': 3.4297139798328353}. Best is trial 162 with value: 0.5551861176655031.
Best trial: 162. Best value: 0.555186:  36%|███▌      | 180/500 [04:44<08:21,  1.57s/it]Best trial: 162. Best value: 0.555186:  36%|███▌      | 180/500 [04:44<08:21,  1.57s/it]Best trial: 162. Best value: 0.555186:  36%|███▌      | 181/500 [04:44<08:20,  1.57s/it]                                                                                        [I 2026-05-21 18:26:18,076] Trial 181 finished with value: 0.5534983110558692 and parameters: {'fire_exp': 0.7043011915947448, 'D_low': 61.601495881011154, 'D_high': 5810.44356577561, 'pre_dampen_half': 1.2920392430180223, 'P_half': 12.347750555983708, 'gpp_d': 55.13936089103156, 'ign_c': 20.309087884612865, 'P_humid': 2822.871770083869, 'P_humid_q': 3.562714816270482}. Best is trial 162 with value: 0.5551861176655031.
Best trial: 162. Best value: 0.555186:  36%|███▌      | 181/500 [04:46<08:20,  1.57s/it]Best trial: 162. Best value: 0.555186:  36%|███▌      | 181/500 [04:46<08:20,  1.57s/it]Best trial: 162. Best value: 0.555186:  36%|███▋      | 182/500 [04:46<08:18,  1.57s/it]                                                                                        [I 2026-05-21 18:26:19,642] Trial 182 finished with value: 0.5485454255050367 and parameters: {'fire_exp': 0.7063555826200207, 'D_low': 69.6708857536987, 'D_high': 5840.902051236611, 'pre_dampen_half': 1.4450980649443965, 'P_half': 10.863521079493179, 'gpp_d': 57.9119386155732, 'ign_c': 20.322814419486594, 'P_humid': 2798.4007020994345, 'P_humid_q': 3.7047779133856835}. Best is trial 162 with value: 0.5551861176655031.
Best trial: 162. Best value: 0.555186:  36%|███▋      | 182/500 [04:47<08:18,  1.57s/it]Best trial: 162. Best value: 0.555186:  36%|███▋      | 182/500 [04:47<08:18,  1.57s/it]Best trial: 162. Best value: 0.555186:  37%|███▋      | 183/500 [04:47<08:16,  1.57s/it]                                                                                        [I 2026-05-21 18:26:21,220] Trial 183 finished with value: 0.547369635561742 and parameters: {'fire_exp': 0.7044904760594173, 'D_low': 54.764880773552264, 'D_high': 5741.253119965484, 'pre_dampen_half': 1.2306516710805058, 'P_half': 12.331199293710416, 'gpp_d': 44.06551302869853, 'ign_c': 19.398506095607292, 'P_humid': 2578.3740343657073, 'P_humid_q': 3.576166856658894}. Best is trial 162 with value: 0.5551861176655031.
Best trial: 162. Best value: 0.555186:  37%|███▋      | 183/500 [04:49<08:16,  1.57s/it]Best trial: 162. Best value: 0.555186:  37%|███▋      | 183/500 [04:49<08:16,  1.57s/it]Best trial: 162. Best value: 0.555186:  37%|███▋      | 184/500 [04:49<08:16,  1.57s/it]                                                                                        [I 2026-05-21 18:26:22,780] Trial 184 finished with value: 0.5527407190322636 and parameters: {'fire_exp': 0.7190292873033868, 'D_low': 64.32942422582579, 'D_high': 5998.0282525567945, 'pre_dampen_half': 1.3023502949800339, 'P_half': 13.275659990090167, 'gpp_d': 49.076358543371164, 'ign_c': 20.048340944793793, 'P_humid': 2704.665836208016, 'P_humid_q': 3.352882583715548}. Best is trial 162 with value: 0.5551861176655031.
Best trial: 162. Best value: 0.555186:  37%|███▋      | 184/500 [04:51<08:16,  1.57s/it]Best trial: 162. Best value: 0.555186:  37%|███▋      | 184/500 [04:51<08:16,  1.57s/it]Best trial: 162. Best value: 0.555186:  37%|███▋      | 185/500 [04:51<08:13,  1.57s/it]                                                                                        [I 2026-05-21 18:26:24,342] Trial 185 finished with value: 0.5411816809237611 and parameters: {'fire_exp': 0.7170885816833936, 'D_low': 63.38671604554959, 'D_high': 5986.075659635917, 'pre_dampen_half': 1.542852496966179, 'P_half': 13.628615470234989, 'gpp_d': 49.3036266475777, 'ign_c': 19.946057313060805, 'P_humid': 2740.0903920384244, 'P_humid_q': 3.3868875291404534}. Best is trial 162 with value: 0.5551861176655031.
Best trial: 162. Best value: 0.555186:  37%|███▋      | 185/500 [04:52<08:13,  1.57s/it]Best trial: 162. Best value: 0.555186:  37%|███▋      | 185/500 [04:52<08:13,  1.57s/it]Best trial: 162. Best value: 0.555186:  37%|███▋      | 186/500 [04:52<08:11,  1.57s/it]                                                                                        [I 2026-05-21 18:26:25,923] Trial 186 finished with value: 0.5279787345104547 and parameters: {'fire_exp': 0.7315448256472399, 'D_low': 59.144902902087786, 'D_high': 1970.8103804274824, 'pre_dampen_half': 1.355144307014131, 'P_half': 12.50984948446923, 'gpp_d': 54.959884068503506, 'ign_c': 20.544169921262647, 'P_humid': 2389.555242118481, 'P_humid_q': 3.300383809782302}. Best is trial 162 with value: 0.5551861176655031.
Best trial: 162. Best value: 0.555186:  37%|███▋      | 186/500 [04:54<08:11,  1.57s/it]Best trial: 162. Best value: 0.555186:  37%|███▋      | 186/500 [04:54<08:11,  1.57s/it]Best trial: 162. Best value: 0.555186:  37%|███▋      | 187/500 [04:54<08:11,  1.57s/it]                                                                                        [I 2026-05-21 18:26:27,488] Trial 187 finished with value: 0.5456042879807934 and parameters: {'fire_exp': 0.7462569550870599, 'D_low': 65.75727224492415, 'D_high': 5840.248261393693, 'pre_dampen_half': 1.2717008030313535, 'P_half': 22.378195586494968, 'gpp_d': 46.32018686931497, 'ign_c': 20.18637723858599, 'P_humid': 2531.773126824624, 'P_humid_q': 3.489442350568173}. Best is trial 162 with value: 0.5551861176655031.
Best trial: 162. Best value: 0.555186:  37%|███▋      | 187/500 [04:55<08:11,  1.57s/it]Best trial: 162. Best value: 0.555186:  37%|███▋      | 187/500 [04:55<08:11,  1.57s/it]Best trial: 162. Best value: 0.555186:  38%|███▊      | 188/500 [04:55<08:09,  1.57s/it]                                                                                        [I 2026-05-21 18:26:29,074] Trial 188 finished with value: 0.5529226753412243 and parameters: {'fire_exp': 0.7174963880886177, 'D_low': 59.73820950840214, 'D_high': 5998.5498285907, 'pre_dampen_half': 1.4422355954645698, 'P_half': 10.338507525849167, 'gpp_d': 52.96857207372955, 'ign_c': 20.756254189794497, 'P_humid': 2875.290894300848, 'P_humid_q': 3.7205412172361094}. Best is trial 162 with value: 0.5551861176655031.
Best trial: 162. Best value: 0.555186:  38%|███▊      | 188/500 [04:57<08:09,  1.57s/it]Best trial: 162. Best value: 0.555186:  38%|███▊      | 188/500 [04:57<08:09,  1.57s/it]Best trial: 162. Best value: 0.555186:  38%|███▊      | 189/500 [04:57<08:09,  1.57s/it]                                                                                        [I 2026-05-21 18:26:30,639] Trial 189 finished with value: 0.5303226150048277 and parameters: {'fire_exp': 0.7167881443542293, 'D_low': 56.579164461261534, 'D_high': 5904.7464858146, 'pre_dampen_half': 1.5684181299268165, 'P_half': 27.900105643416698, 'gpp_d': 41.44599769966943, 'ign_c': 19.267537313228143, 'P_humid': 2892.4721750520725, 'P_humid_q': 3.569429505719685}. Best is trial 162 with value: 0.5551861176655031.
Best trial: 162. Best value: 0.555186:  38%|███▊      | 189/500 [04:58<08:09,  1.57s/it]Best trial: 162. Best value: 0.555186:  38%|███▊      | 189/500 [04:58<08:09,  1.57s/it]Best trial: 162. Best value: 0.555186:  38%|███▊      | 190/500 [04:58<08:07,  1.57s/it]                                                                                        [I 2026-05-21 18:26:32,230] Trial 190 finished with value: 0.5524930979615192 and parameters: {'fire_exp': 0.7379859367639785, 'D_low': 61.47295405023012, 'D_high': 5998.517274814328, 'pre_dampen_half': 1.409582515569287, 'P_half': 13.898029147542065, 'gpp_d': 60.85488046130748, 'ign_c': 19.85712544980419, 'P_humid': 3035.03476558581, 'P_humid_q': 3.7748007525789258}. Best is trial 162 with value: 0.5551861176655031.
Best trial: 162. Best value: 0.555186:  38%|███▊      | 190/500 [05:00<08:07,  1.57s/it]Best trial: 162. Best value: 0.555186:  38%|███▊      | 190/500 [05:00<08:07,  1.57s/it]Best trial: 162. Best value: 0.555186:  38%|███▊      | 191/500 [05:00<08:07,  1.58s/it]                                                                                        [I 2026-05-21 18:26:33,804] Trial 191 finished with value: 0.5503566875746341 and parameters: {'fire_exp': 0.7356861787414113, 'D_low': 61.20919701885133, 'D_high': 5983.094124303045, 'pre_dampen_half': 1.429291259558067, 'P_half': 14.02860986463581, 'gpp_d': 57.040236609770176, 'ign_c': 19.85705957470228, 'P_humid': 3030.7784308361593, 'P_humid_q': 3.7819866710613734}. Best is trial 162 with value: 0.5551861176655031.
Best trial: 162. Best value: 0.555186:  38%|███▊      | 191/500 [05:02<08:07,  1.58s/it]Best trial: 162. Best value: 0.555186:  38%|███▊      | 191/500 [05:02<08:07,  1.58s/it]Best trial: 162. Best value: 0.555186:  38%|███▊      | 192/500 [05:02<08:05,  1.58s/it]                                                                                        [I 2026-05-21 18:26:35,361] Trial 192 finished with value: 0.5488882000226415 and parameters: {'fire_exp': 0.7231876959987085, 'D_low': 64.0054310913908, 'D_high': 5902.356664799313, 'pre_dampen_half': 1.3233689407518263, 'P_half': 11.601375342222058, 'gpp_d': 62.33133787936809, 'ign_c': 20.56460124505164, 'P_humid': 2703.9878911625387, 'P_humid_q': 3.396200318363528}. Best is trial 162 with value: 0.5551861176655031.
Best trial: 162. Best value: 0.555186:  38%|███▊      | 192/500 [05:03<08:05,  1.58s/it]Best trial: 162. Best value: 0.555186:  38%|███▊      | 192/500 [05:03<08:05,  1.58s/it]Best trial: 162. Best value: 0.555186:  39%|███▊      | 193/500 [05:03<08:02,  1.57s/it]                                                                                        [I 2026-05-21 18:26:36,937] Trial 193 finished with value: 0.5465229715732862 and parameters: {'fire_exp': 0.7791250348204167, 'D_low': 68.97114078694305, 'D_high': 5924.601607275529, 'pre_dampen_half': 1.6675005256526914, 'P_half': 13.211842982055936, 'gpp_d': 68.25293488659652, 'ign_c': 18.99793169825489, 'P_humid': 2844.3562998964503, 'P_humid_q': 3.622143027491319}. Best is trial 162 with value: 0.5551861176655031.
Best trial: 162. Best value: 0.555186:  39%|███▊      | 193/500 [05:05<08:02,  1.57s/it]Best trial: 162. Best value: 0.555186:  39%|███▊      | 193/500 [05:05<08:02,  1.57s/it]Best trial: 162. Best value: 0.555186:  39%|███▉      | 194/500 [05:05<08:01,  1.57s/it]                                                                                        [I 2026-05-21 18:26:38,499] Trial 194 finished with value: 0.5503172578467022 and parameters: {'fire_exp': 0.7587954846314838, 'D_low': 66.55299697736089, 'D_high': 5827.690223469174, 'pre_dampen_half': 1.3988469806911583, 'P_half': 15.96702412444316, 'gpp_d': 49.24587496561745, 'ign_c': 19.71479767900932, 'P_humid': 2983.0241707334803, 'P_humid_q': 3.496440576261454}. Best is trial 162 with value: 0.5551861176655031.
Best trial: 162. Best value: 0.555186:  39%|███▉      | 194/500 [05:06<08:01,  1.57s/it]Best trial: 162. Best value: 0.555186:  39%|███▉      | 194/500 [05:06<08:01,  1.57s/it]Best trial: 162. Best value: 0.555186:  39%|███▉      | 195/500 [05:06<07:58,  1.57s/it]                                                                                        [I 2026-05-21 18:26:40,061] Trial 195 finished with value: 0.5524603059244065 and parameters: {'fire_exp': 0.7048497190959226, 'D_low': 61.50225973842524, 'D_high': 5999.628373327866, 'pre_dampen_half': 1.205320027839347, 'P_half': 9.886044008599036, 'gpp_d': 53.94300436348275, 'ign_c': 20.272610676389505, 'P_humid': 3076.315870335884, 'P_humid_q': 3.7478723074633042}. Best is trial 162 with value: 0.5551861176655031.
Best trial: 162. Best value: 0.555186:  39%|███▉      | 195/500 [05:08<07:58,  1.57s/it]Best trial: 162. Best value: 0.555186:  39%|███▉      | 195/500 [05:08<07:58,  1.57s/it]Best trial: 162. Best value: 0.555186:  39%|███▉      | 196/500 [05:08<07:56,  1.57s/it]                                                                                        [I 2026-05-21 18:26:41,638] Trial 196 finished with value: 0.5427754316300981 and parameters: {'fire_exp': 0.7064655316097305, 'D_low': 53.84921373958806, 'D_high': 5981.591704081071, 'pre_dampen_half': 1.4664222003298695, 'P_half': 10.048674967668859, 'gpp_d': 52.95492735352428, 'ign_c': 20.20648441433564, 'P_humid': 2663.128409691264, 'P_humid_q': 3.2410928846811413}. Best is trial 162 with value: 0.5551861176655031.
