[I 2026-05-21 18:36:27,984] A new study created in memory with name: no-name-ae1cbaf2-a25e-4438-9bdc-78e58811f9bb
  0%|          | 0/500 [00:00<?, ?it/s]                                       [I 2026-05-21 18:36:29,637] Trial 0 finished with value: 0.4216373134420466 and parameters: {'P_humid': 361.8579671605618, 'P_humid_q': 3.9656183235285387}. Best is trial 0 with value: 0.4216373134420466.
  0%|          | 0/500 [00:01<?, ?it/s]Best trial: 0. Best value: 0.421637:   0%|          | 0/500 [00:01<?, ?it/s]Best trial: 0. Best value: 0.421637:   0%|          | 1/500 [00:01<13:35,  1.63s/it]                                                                                    [I 2026-05-21 18:36:31,224] Trial 1 finished with value: 0.49105880617819037 and parameters: {'P_humid': 880.806633562018, 'P_humid_q': 3.7002863358054237}. Best is trial 1 with value: 0.49105880617819037.
Best trial: 0. Best value: 0.421637:   0%|          | 1/500 [00:03<13:35,  1.63s/it]Best trial: 1. Best value: 0.491059:   0%|          | 1/500 [00:03<13:35,  1.63s/it]Best trial: 1. Best value: 0.491059:   0%|          | 2/500 [00:03<13:19,  1.61s/it]                                                                                    [I 2026-05-21 18:36:32,806] Trial 2 finished with value: 0.4221377613671073 and parameters: {'P_humid': 3315.7671519145965, 'P_humid_q': 2.8309305909290385}. Best is trial 1 with value: 0.49105880617819037.
Best trial: 1. Best value: 0.491059:   0%|          | 2/500 [00:04<13:19,  1.61s/it]Best trial: 1. Best value: 0.491059:   0%|          | 2/500 [00:04<13:19,  1.61s/it]Best trial: 1. Best value: 0.491059:   1%|          | 3/500 [00:04<13:12,  1.60s/it]                                                                                    [I 2026-05-21 18:36:34,370] Trial 3 finished with value: 0.46478945320093834 and parameters: {'P_humid': 1027.519623230288, 'P_humid_q': 0.6386403267908792}. Best is trial 1 with value: 0.49105880617819037.
Best trial: 1. Best value: 0.491059:   1%|          | 3/500 [00:06<13:12,  1.60s/it]Best trial: 1. Best value: 0.491059:   1%|          | 3/500 [00:06<13:12,  1.60s/it]Best trial: 1. Best value: 0.491059:   1%|          | 4/500 [00:06<13:05,  1.58s/it]                                                                                    [I 2026-05-21 18:36:35,932] Trial 4 finished with value: 0.5304267942889553 and parameters: {'P_humid': 580.1380659142887, 'P_humid_q': 2.649447753880132}. Best is trial 4 with value: 0.5304267942889553.
Best trial: 1. Best value: 0.491059:   1%|          | 4/500 [00:07<13:05,  1.58s/it]Best trial: 4. Best value: 0.530427:   1%|          | 4/500 [00:07<13:05,  1.58s/it]Best trial: 4. Best value: 0.530427:   1%|          | 5/500 [00:07<12:59,  1.58s/it]                                                                                    [I 2026-05-21 18:36:37,510] Trial 5 finished with value: 0.4414938405163601 and parameters: {'P_humid': 1591.5618427180348, 'P_humid_q': 4.077573469690565}. Best is trial 4 with value: 0.5304267942889553.
Best trial: 4. Best value: 0.530427:   1%|          | 5/500 [00:09<12:59,  1.58s/it]Best trial: 4. Best value: 0.530427:   1%|          | 5/500 [00:09<12:59,  1.58s/it]Best trial: 4. Best value: 0.530427:   1%|          | 6/500 [00:09<12:58,  1.58s/it]                                                                                    [I 2026-05-21 18:36:39,082] Trial 6 finished with value: 0.4724923609628374 and parameters: {'P_humid': 764.830456521046, 'P_humid_q': 0.609900830457754}. Best is trial 4 with value: 0.5304267942889553.
Best trial: 4. Best value: 0.530427:   1%|          | 6/500 [00:11<12:58,  1.58s/it]Best trial: 4. Best value: 0.530427:   1%|          | 6/500 [00:11<12:58,  1.58s/it]Best trial: 4. Best value: 0.530427:   1%|▏         | 7/500 [00:11<12:56,  1.57s/it]                                                                                    [I 2026-05-21 18:36:40,652] Trial 7 finished with value: 0.47985583034609736 and parameters: {'P_humid': 608.9158472200281, 'P_humid_q': 4.575089580282184}. Best is trial 4 with value: 0.5304267942889553.
Best trial: 4. Best value: 0.530427:   1%|▏         | 7/500 [00:12<12:56,  1.57s/it]Best trial: 4. Best value: 0.530427:   1%|▏         | 7/500 [00:12<12:56,  1.57s/it]Best trial: 4. Best value: 0.530427:   2%|▏         | 8/500 [00:12<12:53,  1.57s/it]                                                                                    [I 2026-05-21 18:36:42,211] Trial 8 finished with value: 0.52136108206884 and parameters: {'P_humid': 506.74803424961374, 'P_humid_q': 2.4249826205431106}. Best is trial 4 with value: 0.5304267942889553.
Best trial: 4. Best value: 0.530427:   2%|▏         | 8/500 [00:14<12:53,  1.57s/it]Best trial: 4. Best value: 0.530427:   2%|▏         | 8/500 [00:14<12:53,  1.57s/it]Best trial: 4. Best value: 0.530427:   2%|▏         | 9/500 [00:14<12:50,  1.57s/it]                                                                                    [I 2026-05-21 18:36:43,786] Trial 9 finished with value: 0.4503933367422086 and parameters: {'P_humid': 2955.7556465210396, 'P_humid_q': 0.41702636948663563}. Best is trial 4 with value: 0.5304267942889553.
Best trial: 4. Best value: 0.530427:   2%|▏         | 9/500 [00:15<12:50,  1.57s/it]Best trial: 4. Best value: 0.530427:   2%|▏         | 9/500 [00:15<12:50,  1.57s/it]Best trial: 4. Best value: 0.530427:   2%|▏         | 10/500 [00:15<12:49,  1.57s/it]                                                                                     [I 2026-05-21 18:36:45,369] Trial 10 finished with value: 0.44629629577808005 and parameters: {'P_humid': 1487.3290876754488, 'P_humid_q': 1.941472294576909}. Best is trial 4 with value: 0.5304267942889553.
Best trial: 4. Best value: 0.530427:   2%|▏         | 10/500 [00:17<12:49,  1.57s/it]Best trial: 4. Best value: 0.530427:   2%|▏         | 10/500 [00:17<12:49,  1.57s/it]Best trial: 4. Best value: 0.530427:   2%|▏         | 11/500 [00:17<12:49,  1.57s/it]                                                                                     [I 2026-05-21 18:36:46,939] Trial 11 finished with value: 0.50690676232791 and parameters: {'P_humid': 403.4099901865247, 'P_humid_q': 2.2257549018242386}. Best is trial 4 with value: 0.5304267942889553.
Best trial: 4. Best value: 0.530427:   2%|▏         | 11/500 [00:18<12:49,  1.57s/it]Best trial: 4. Best value: 0.530427:   2%|▏         | 11/500 [00:18<12:49,  1.57s/it]Best trial: 4. Best value: 0.530427:   2%|▏         | 12/500 [00:18<12:47,  1.57s/it]                                                                                     [I 2026-05-21 18:36:48,509] Trial 12 finished with value: 0.5181186859301434 and parameters: {'P_humid': 554.1638255524385, 'P_humid_q': 2.869475430128335}. Best is trial 4 with value: 0.5304267942889553.
Best trial: 4. Best value: 0.530427:   2%|▏         | 12/500 [00:20<12:47,  1.57s/it]Best trial: 4. Best value: 0.530427:   2%|▏         | 12/500 [00:20<12:47,  1.57s/it]Best trial: 4. Best value: 0.530427:   3%|▎         | 13/500 [00:20<12:45,  1.57s/it]                                                                                     [I 2026-05-21 18:36:50,078] Trial 13 finished with value: 0.5194534312495082 and parameters: {'P_humid': 494.40716666402096, 'P_humid_q': 1.5571430368471615}. Best is trial 4 with value: 0.5304267942889553.
Best trial: 4. Best value: 0.530427:   3%|▎         | 13/500 [00:22<12:45,  1.57s/it]Best trial: 4. Best value: 0.530427:   3%|▎         | 13/500 [00:22<12:45,  1.57s/it]Best trial: 4. Best value: 0.530427:   3%|▎         | 14/500 [00:22<12:43,  1.57s/it]                                                                                     [I 2026-05-21 18:36:51,648] Trial 14 finished with value: 0.43186761320091704 and parameters: {'P_humid': 325.63808311793997, 'P_humid_q': 3.335965832379383}. Best is trial 4 with value: 0.5304267942889553.
Best trial: 4. Best value: 0.530427:   3%|▎         | 14/500 [00:23<12:43,  1.57s/it]Best trial: 4. Best value: 0.530427:   3%|▎         | 14/500 [00:23<12:43,  1.57s/it]Best trial: 4. Best value: 0.530427:   3%|▎         | 15/500 [00:23<12:41,  1.57s/it]                                                                                     [I 2026-05-21 18:36:53,228] Trial 15 finished with value: 0.4570151824257107 and parameters: {'P_humid': 1199.4083296310484, 'P_humid_q': 1.3868936735196964}. Best is trial 4 with value: 0.5304267942889553.
Best trial: 4. Best value: 0.530427:   3%|▎         | 15/500 [00:25<12:41,  1.57s/it]Best trial: 4. Best value: 0.530427:   3%|▎         | 15/500 [00:25<12:41,  1.57s/it]Best trial: 4. Best value: 0.530427:   3%|▎         | 16/500 [00:25<12:41,  1.57s/it]                                                                                     [I 2026-05-21 18:36:54,803] Trial 16 finished with value: 0.5119547761616647 and parameters: {'P_humid': 652.1827586470738, 'P_humid_q': 2.419918585421835}. Best is trial 4 with value: 0.5304267942889553.
Best trial: 4. Best value: 0.530427:   3%|▎         | 16/500 [00:26<12:41,  1.57s/it]Best trial: 4. Best value: 0.530427:   3%|▎         | 16/500 [00:26<12:41,  1.57s/it]Best trial: 4. Best value: 0.530427:   3%|▎         | 17/500 [00:26<12:40,  1.57s/it]                                                                                     [I 2026-05-21 18:36:56,382] Trial 17 finished with value: 0.47058726253208016 and parameters: {'P_humid': 451.25749241540507, 'P_humid_q': 3.2620646155061146}. Best is trial 4 with value: 0.5304267942889553.
Best trial: 4. Best value: 0.530427:   3%|▎         | 17/500 [00:28<12:40,  1.57s/it]Best trial: 4. Best value: 0.530427:   3%|▎         | 17/500 [00:28<12:40,  1.57s/it]Best trial: 4. Best value: 0.530427:   4%|▎         | 18/500 [00:28<12:39,  1.58s/it]                                                                                     [I 2026-05-21 18:36:57,973] Trial 18 finished with value: 0.5190994754807725 and parameters: {'P_humid': 300.9106519101702, 'P_humid_q': 1.38323669478841}. Best is trial 4 with value: 0.5304267942889553.
Best trial: 4. Best value: 0.530427:   4%|▎         | 18/500 [00:29<12:39,  1.58s/it]Best trial: 4. Best value: 0.530427:   4%|▎         | 18/500 [00:29<12:39,  1.58s/it]Best trial: 4. Best value: 0.530427:   4%|▍         | 19/500 [00:29<12:40,  1.58s/it]                                                                                     [I 2026-05-21 18:36:59,570] Trial 19 finished with value: 0.4891475667935627 and parameters: {'P_humid': 739.8381798299531, 'P_humid_q': 1.912266988897307}. Best is trial 4 with value: 0.5304267942889553.
Best trial: 4. Best value: 0.530427:   4%|▍         | 19/500 [00:31<12:40,  1.58s/it]Best trial: 4. Best value: 0.530427:   4%|▍         | 19/500 [00:31<12:40,  1.58s/it]Best trial: 4. Best value: 0.530427:   4%|▍         | 20/500 [00:31<12:40,  1.59s/it]                                                                                     [I 2026-05-21 18:37:01,154] Trial 20 finished with value: 0.4281632231138546 and parameters: {'P_humid': 2196.886790227354, 'P_humid_q': 4.634465807127615}. Best is trial 4 with value: 0.5304267942889553.
Best trial: 4. Best value: 0.530427:   4%|▍         | 20/500 [00:33<12:40,  1.59s/it]Best trial: 4. Best value: 0.530427:   4%|▍         | 20/500 [00:33<12:40,  1.59s/it]Best trial: 4. Best value: 0.530427:   4%|▍         | 21/500 [00:33<12:39,  1.58s/it]                                                                                     [I 2026-05-21 18:37:02,729] Trial 21 finished with value: 0.5197044163409876 and parameters: {'P_humid': 498.86167532248896, 'P_humid_q': 1.5876206894750993}. Best is trial 4 with value: 0.5304267942889553.
Best trial: 4. Best value: 0.530427:   4%|▍         | 21/500 [00:34<12:39,  1.58s/it]Best trial: 4. Best value: 0.530427:   4%|▍         | 21/500 [00:34<12:39,  1.58s/it]Best trial: 4. Best value: 0.530427:   4%|▍         | 22/500 [00:34<12:36,  1.58s/it]                                                                                     [I 2026-05-21 18:37:04,306] Trial 22 finished with value: 0.5018360983730715 and parameters: {'P_humid': 484.9303841149195, 'P_humid_q': 1.0563252758768926}. Best is trial 4 with value: 0.5304267942889553.
Best trial: 4. Best value: 0.530427:   4%|▍         | 22/500 [00:36<12:36,  1.58s/it]Best trial: 4. Best value: 0.530427:   4%|▍         | 22/500 [00:36<12:36,  1.58s/it]Best trial: 4. Best value: 0.530427:   5%|▍         | 23/500 [00:36<12:33,  1.58s/it]                                                                                     [I 2026-05-21 18:37:05,901] Trial 23 finished with value: 0.48660675108641627 and parameters: {'P_humid': 407.78853041459064, 'P_humid_q': 2.601362378839434}. Best is trial 4 with value: 0.5304267942889553.
Best trial: 4. Best value: 0.530427:   5%|▍         | 23/500 [00:37<12:33,  1.58s/it]Best trial: 4. Best value: 0.530427:   5%|▍         | 23/500 [00:37<12:33,  1.58s/it]Best trial: 4. Best value: 0.530427:   5%|▍         | 24/500 [00:37<12:34,  1.58s/it]                                                                                     [I 2026-05-21 18:37:07,489] Trial 24 finished with value: 0.5199833917523111 and parameters: {'P_humid': 572.5722635945664, 'P_humid_q': 2.0692456368089727}. Best is trial 4 with value: 0.5304267942889553.
Best trial: 4. Best value: 0.530427:   5%|▍         | 24/500 [00:39<12:34,  1.58s/it]Best trial: 4. Best value: 0.530427:   5%|▍         | 24/500 [00:39<12:34,  1.58s/it]Best trial: 4. Best value: 0.530427:   5%|▌         | 25/500 [00:39<12:33,  1.59s/it]                                                                                     [I 2026-05-21 18:37:09,073] Trial 25 finished with value: 0.49864114288391503 and parameters: {'P_humid': 690.1767618298528, 'P_humid_q': 2.0903851364068897}. Best is trial 4 with value: 0.5304267942889553.
Best trial: 4. Best value: 0.530427:   5%|▌         | 25/500 [00:41<12:33,  1.59s/it]Best trial: 4. Best value: 0.530427:   5%|▌         | 25/500 [00:41<12:33,  1.59s/it]Best trial: 4. Best value: 0.530427:   5%|▌         | 26/500 [00:41<12:31,  1.59s/it]                                                                                     [I 2026-05-21 18:37:10,659] Trial 26 finished with value: 0.48336392130558514 and parameters: {'P_humid': 897.061644114127, 'P_humid_q': 3.1520403301701756}. Best is trial 4 with value: 0.5304267942889553.
Best trial: 4. Best value: 0.530427:   5%|▌         | 26/500 [00:42<12:31,  1.59s/it]Best trial: 4. Best value: 0.530427:   5%|▌         | 26/500 [00:42<12:31,  1.59s/it]Best trial: 4. Best value: 0.530427:   5%|▌         | 27/500 [00:42<12:29,  1.59s/it]                                                                                     [I 2026-05-21 18:37:12,261] Trial 27 finished with value: 0.45721209905940474 and parameters: {'P_humid': 1183.9823997085437, 'P_humid_q': 2.4461885629847293}. Best is trial 4 with value: 0.5304267942889553.
Best trial: 4. Best value: 0.530427:   5%|▌         | 27/500 [00:44<12:29,  1.59s/it]Best trial: 4. Best value: 0.530427:   5%|▌         | 27/500 [00:44<12:29,  1.59s/it]Best trial: 4. Best value: 0.530427:   6%|▌         | 28/500 [00:44<12:30,  1.59s/it]                                                                                     [I 2026-05-21 18:37:13,845] Trial 28 finished with value: 0.5278636370754801 and parameters: {'P_humid': 583.7834290325749, 'P_humid_q': 2.8468583159927845}. Best is trial 4 with value: 0.5304267942889553.
Best trial: 4. Best value: 0.530427:   6%|▌         | 28/500 [00:45<12:30,  1.59s/it]Best trial: 4. Best value: 0.530427:   6%|▌         | 28/500 [00:45<12:30,  1.59s/it]Best trial: 4. Best value: 0.530427:   6%|▌         | 29/500 [00:45<12:28,  1.59s/it]                                                                                     [I 2026-05-21 18:37:15,440] Trial 29 finished with value: 0.4365421649178748 and parameters: {'P_humid': 381.76011387486204, 'P_humid_q': 3.7464324324312863}. Best is trial 4 with value: 0.5304267942889553.
Best trial: 4. Best value: 0.530427:   6%|▌         | 29/500 [00:47<12:28,  1.59s/it]Best trial: 4. Best value: 0.530427:   6%|▌         | 29/500 [00:47<12:28,  1.59s/it]Best trial: 4. Best value: 0.530427:   6%|▌         | 30/500 [00:47<12:27,  1.59s/it]                                                                                     [I 2026-05-21 18:37:17,031] Trial 30 finished with value: 0.47994083415866867 and parameters: {'P_humid': 915.5625377312168, 'P_humid_q': 3.0034066023030292}. Best is trial 4 with value: 0.5304267942889553.
Best trial: 4. Best value: 0.530427:   6%|▌         | 30/500 [00:49<12:27,  1.59s/it]Best trial: 4. Best value: 0.530427:   6%|▌         | 30/500 [00:49<12:27,  1.59s/it]Best trial: 4. Best value: 0.530427:   6%|▌         | 31/500 [00:49<12:26,  1.59s/it]                                                                                     [I 2026-05-21 18:37:18,612] Trial 31 finished with value: 0.530441345193645 and parameters: {'P_humid': 581.5636445741732, 'P_humid_q': 2.663017844055376}. Best is trial 31 with value: 0.530441345193645.
Best trial: 4. Best value: 0.530427:   6%|▌         | 31/500 [00:50<12:26,  1.59s/it]Best trial: 31. Best value: 0.530441:   6%|▌         | 31/500 [00:50<12:26,  1.59s/it]Best trial: 31. Best value: 0.530441:   6%|▋         | 32/500 [00:50<12:23,  1.59s/it]                                                                                      [I 2026-05-21 18:37:20,189] Trial 32 finished with value: 0.5090199739619055 and parameters: {'P_humid': 770.0328095172341, 'P_humid_q': 3.5431076179168954}. Best is trial 31 with value: 0.530441345193645.
Best trial: 31. Best value: 0.530441:   6%|▋         | 32/500 [00:52<12:23,  1.59s/it]Best trial: 31. Best value: 0.530441:   6%|▋         | 32/500 [00:52<12:23,  1.59s/it]Best trial: 31. Best value: 0.530441:   7%|▋         | 33/500 [00:52<12:19,  1.58s/it]                                                                                      [I 2026-05-21 18:37:21,778] Trial 33 finished with value: 0.5263577765254527 and parameters: {'P_humid': 567.4183480972986, 'P_humid_q': 2.749786924704364}. Best is trial 31 with value: 0.530441345193645.
Best trial: 31. Best value: 0.530441:   7%|▋         | 33/500 [00:53<12:19,  1.58s/it]Best trial: 31. Best value: 0.530441:   7%|▋         | 33/500 [00:53<12:19,  1.58s/it]Best trial: 31. Best value: 0.530441:   7%|▋         | 34/500 [00:53<12:19,  1.59s/it]                                                                                      [I 2026-05-21 18:37:23,357] Trial 34 finished with value: 0.5313530059101841 and parameters: {'P_humid': 607.3710367984879, 'P_humid_q': 2.7478642860159046}. Best is trial 34 with value: 0.5313530059101841.
Best trial: 31. Best value: 0.530441:   7%|▋         | 34/500 [00:55<12:19,  1.59s/it]Best trial: 34. Best value: 0.531353:   7%|▋         | 34/500 [00:55<12:19,  1.59s/it]Best trial: 34. Best value: 0.531353:   7%|▋         | 35/500 [00:55<12:16,  1.58s/it]                                                                                      [I 2026-05-21 18:37:24,937] Trial 35 finished with value: 0.5057024321881086 and parameters: {'P_humid': 659.0953952835448, 'P_humid_q': 4.145131902675065}. Best is trial 34 with value: 0.5313530059101841.
Best trial: 34. Best value: 0.531353:   7%|▋         | 35/500 [00:56<12:16,  1.58s/it]Best trial: 34. Best value: 0.531353:   7%|▋         | 35/500 [00:56<12:16,  1.58s/it]Best trial: 34. Best value: 0.531353:   7%|▋         | 36/500 [00:56<12:14,  1.58s/it]                                                                                      [I 2026-05-21 18:37:26,525] Trial 36 finished with value: 0.5004961893539814 and parameters: {'P_humid': 808.1774791493427, 'P_humid_q': 3.4856890233870663}. Best is trial 34 with value: 0.5313530059101841.
Best trial: 34. Best value: 0.531353:   7%|▋         | 36/500 [00:58<12:14,  1.58s/it]Best trial: 34. Best value: 0.531353:   7%|▋         | 36/500 [00:58<12:14,  1.58s/it]Best trial: 34. Best value: 0.531353:   7%|▋         | 37/500 [00:58<12:13,  1.58s/it]                                                                                      [I 2026-05-21 18:37:28,117] Trial 37 finished with value: 0.4630066337563845 and parameters: {'P_humid': 1106.1777514104901, 'P_humid_q': 2.952458228972637}. Best is trial 34 with value: 0.5313530059101841.
Best trial: 34. Best value: 0.531353:   7%|▋         | 37/500 [01:00<12:13,  1.58s/it]Best trial: 34. Best value: 0.531353:   7%|▋         | 37/500 [01:00<12:13,  1.58s/it]Best trial: 34. Best value: 0.531353:   8%|▊         | 38/500 [01:00<12:13,  1.59s/it]                                                                                      [I 2026-05-21 18:37:29,701] Trial 38 finished with value: 0.45091324709183406 and parameters: {'P_humid': 448.2881536150415, 'P_humid_q': 3.866296094358603}. Best is trial 34 with value: 0.5313530059101841.
Best trial: 34. Best value: 0.531353:   8%|▊         | 38/500 [01:01<12:13,  1.59s/it]Best trial: 34. Best value: 0.531353:   8%|▊         | 38/500 [01:01<12:13,  1.59s/it]Best trial: 34. Best value: 0.531353:   8%|▊         | 39/500 [01:01<12:11,  1.59s/it]                                                                                      [I 2026-05-21 18:37:31,292] Trial 39 finished with value: 0.4667944236782126 and parameters: {'P_humid': 360.47152167590485, 'P_humid_q': 2.7168326607165634}. Best is trial 34 with value: 0.5313530059101841.
