Best trial: 162. Best value: 0.555186:  45%|████▍     | 224/500 [05:54<07:16,  1.58s/it]Best trial: 162. Best value: 0.555186:  45%|████▍     | 224/500 [05:54<07:16,  1.58s/it]Best trial: 162. Best value: 0.555186:  45%|████▌     | 225/500 [05:54<07:15,  1.58s/it]                                                                                        [I 2026-05-21 18:27:27,396] Trial 225 finished with value: 0.5445962085926581 and parameters: {'fire_exp': 0.7231224598270772, 'D_low': 56.34647242386561, 'D_high': 5823.821382761116, 'pre_dampen_half': 1.3514445324633655, 'P_half': 9.910928257195739, 'gpp_d': 59.72793406811995, 'ign_c': 19.648029572149103, 'P_humid': 3101.7945412717363, 'P_humid_q': 3.6465076355445643}. Best is trial 162 with value: 0.5551861176655031.
Best trial: 162. Best value: 0.555186:  45%|████▌     | 225/500 [05:55<07:15,  1.58s/it]Best trial: 162. Best value: 0.555186:  45%|████▌     | 225/500 [05:55<07:15,  1.58s/it]Best trial: 162. Best value: 0.555186:  45%|████▌     | 226/500 [05:55<07:13,  1.58s/it]                                                                                        [I 2026-05-21 18:27:28,990] Trial 226 finished with value: 0.5451121249202401 and parameters: {'fire_exp': 0.702232531904292, 'D_low': 67.25384496804169, 'D_high': 5996.277090728081, 'pre_dampen_half': 1.0656679009013255, 'P_half': 11.905119697073685, 'gpp_d': 63.49282894660674, 'ign_c': 20.682153810361957, 'P_humid': 2899.296351428319, 'P_humid_q': 3.575256247036217}. Best is trial 162 with value: 0.5551861176655031.
Best trial: 162. Best value: 0.555186:  45%|████▌     | 226/500 [05:57<07:13,  1.58s/it]Best trial: 162. Best value: 0.555186:  45%|████▌     | 226/500 [05:57<07:13,  1.58s/it]Best trial: 162. Best value: 0.555186:  45%|████▌     | 227/500 [05:57<07:12,  1.58s/it]                                                                                        [I 2026-05-21 18:27:30,553] Trial 227 finished with value: 0.5014943280812244 and parameters: {'fire_exp': 0.7561384352827728, 'D_low': 70.22689908755379, 'D_high': 5742.775794707144, 'pre_dampen_half': 3.0497561689346613, 'P_half': 2.4993439296578437, 'gpp_d': 51.00325652601839, 'ign_c': 19.969818221788092, 'P_humid': 2724.2335718331838, 'P_humid_q': 3.7228823272928944}. Best is trial 162 with value: 0.5551861176655031.
Best trial: 162. Best value: 0.555186:  45%|████▌     | 227/500 [05:58<07:12,  1.58s/it]Best trial: 162. Best value: 0.555186:  45%|████▌     | 227/500 [05:58<07:12,  1.58s/it]Best trial: 162. Best value: 0.555186:  46%|████▌     | 228/500 [05:58<07:09,  1.58s/it]                                                                                        [I 2026-05-21 18:27:32,114] Trial 228 finished with value: 0.5467242652863121 and parameters: {'fire_exp': 0.7269849102298332, 'D_low': 63.898671601852584, 'D_high': 5891.5584544266385, 'pre_dampen_half': 1.28022426405517, 'P_half': 10.937588112471326, 'gpp_d': 372.62573433012057, 'ign_c': 19.328314571964718, 'P_humid': 3233.810285188608, 'P_humid_q': 3.4729806286584397}. Best is trial 162 with value: 0.5551861176655031.
Best trial: 162. Best value: 0.555186:  46%|████▌     | 228/500 [06:00<07:09,  1.58s/it]Best trial: 162. Best value: 0.555186:  46%|████▌     | 228/500 [06:00<07:09,  1.58s/it]Best trial: 162. Best value: 0.555186:  46%|████▌     | 229/500 [06:00<07:06,  1.57s/it]                                                                                        [I 2026-05-21 18:27:33,685] Trial 229 finished with value: 0.5324195548669557 and parameters: {'fire_exp': 0.6895770340155233, 'D_low': 24.436054400361968, 'D_high': 5997.8449271982, 'pre_dampen_half': 1.461583582373815, 'P_half': 8.768251432524272, 'gpp_d': 303.84386534498265, 'ign_c': 20.462489062887077, 'P_humid': 2583.8484500704735, 'P_humid_q': 3.332901255780969}. Best is trial 162 with value: 0.5551861176655031.
Best trial: 162. Best value: 0.555186:  46%|████▌     | 229/500 [06:02<07:06,  1.57s/it]Best trial: 162. Best value: 0.555186:  46%|████▌     | 229/500 [06:02<07:06,  1.57s/it]Best trial: 162. Best value: 0.555186:  46%|████▌     | 230/500 [06:02<07:04,  1.57s/it]                                                                                        [I 2026-05-21 18:27:35,247] Trial 230 finished with value: 0.5375169862186233 and parameters: {'fire_exp': 0.7433038277546037, 'D_low': 74.8749241186747, 'D_high': 5813.095853510843, 'pre_dampen_half': 1.1197129242887456, 'P_half': 23.78141476968515, 'gpp_d': 55.47036247892823, 'ign_c': 20.911093270546537, 'P_humid': 2974.382300081668, 'P_humid_q': 3.4133611182816272}. Best is trial 162 with value: 0.5551861176655031.
Best trial: 162. Best value: 0.555186:  46%|████▌     | 230/500 [06:03<07:04,  1.57s/it]Best trial: 162. Best value: 0.555186:  46%|████▌     | 230/500 [06:03<07:04,  1.57s/it]Best trial: 162. Best value: 0.555186:  46%|████▌     | 231/500 [06:03<07:02,  1.57s/it]                                                                                        [I 2026-05-21 18:27:36,820] Trial 231 finished with value: 0.54815791894268 and parameters: {'fire_exp': 0.6718968636891544, 'D_low': 66.4442525538146, 'D_high': 5919.448511371522, 'pre_dampen_half': 1.1691891318412067, 'P_half': 9.04569974299611, 'gpp_d': 60.24513698969486, 'ign_c': 20.4233651692271, 'P_humid': 2880.407842379889, 'P_humid_q': 3.857710652553368}. Best is trial 162 with value: 0.5551861176655031.
Best trial: 162. Best value: 0.555186:  46%|████▌     | 231/500 [06:05<07:02,  1.57s/it]Best trial: 162. Best value: 0.555186:  46%|████▌     | 231/500 [06:05<07:02,  1.57s/it]Best trial: 162. Best value: 0.555186:  46%|████▋     | 232/500 [06:05<07:01,  1.57s/it]                                                                                        [I 2026-05-21 18:27:38,389] Trial 232 finished with value: 0.5441236252279441 and parameters: {'fire_exp': 0.7128692273182559, 'D_low': 61.90864343770904, 'D_high': 5908.531109043722, 'pre_dampen_half': 1.187143991870728, 'P_half': 1.5300164708691408, 'gpp_d': 68.35861052196654, 'ign_c': 21.126849572967494, 'P_humid': 2991.5634631723983, 'P_humid_q': 3.5846002701706863}. Best is trial 162 with value: 0.5551861176655031.
Best trial: 162. Best value: 0.555186:  46%|████▋     | 232/500 [06:06<07:01,  1.57s/it]Best trial: 162. Best value: 0.555186:  46%|████▋     | 232/500 [06:06<07:01,  1.57s/it]Best trial: 162. Best value: 0.555186:  47%|████▋     | 233/500 [06:06<06:59,  1.57s/it]                                                                                        [I 2026-05-21 18:27:39,952] Trial 233 finished with value: 0.5438083181809816 and parameters: {'fire_exp': 0.6921104728708717, 'D_low': 65.57700922378761, 'D_high': 5855.309697615267, 'pre_dampen_half': 1.2653763050383557, 'P_half': 9.575198368008367, 'gpp_d': 57.16625052252597, 'ign_c': 19.87164575459558, 'P_humid': 2741.268675834082, 'P_humid_q': 4.074298221558365}. Best is trial 162 with value: 0.5551861176655031.
Best trial: 162. Best value: 0.555186:  47%|████▋     | 233/500 [06:08<06:59,  1.57s/it]Best trial: 162. Best value: 0.555186:  47%|████▋     | 233/500 [06:08<06:59,  1.57s/it]Best trial: 162. Best value: 0.555186:  47%|████▋     | 234/500 [06:08<06:56,  1.57s/it]                                                                                        [I 2026-05-21 18:27:41,531] Trial 234 finished with value: 0.4231623699529885 and parameters: {'fire_exp': 0.6793537434186041, 'D_low': 60.31964546340597, 'D_high': 5744.128120174491, 'pre_dampen_half': 8.458718636597506, 'P_half': 10.166793433437164, 'gpp_d': 47.08190309552821, 'ign_c': 20.73775373048152, 'P_humid': 3353.7057355318466, 'P_humid_q': 4.239336920870307}. Best is trial 162 with value: 0.5551861176655031.
Best trial: 162. Best value: 0.555186:  47%|████▋     | 234/500 [06:09<06:56,  1.57s/it]Best trial: 162. Best value: 0.555186:  47%|████▋     | 234/500 [06:09<06:56,  1.57s/it]Best trial: 162. Best value: 0.555186:  47%|████▋     | 235/500 [06:09<06:56,  1.57s/it]                                                                                        [I 2026-05-21 18:27:43,095] Trial 235 finished with value: 0.5528983693335214 and parameters: {'fire_exp': 0.7297458111277687, 'D_low': 68.30530823357338, 'D_high': 5998.410127670585, 'pre_dampen_half': 1.375257943822079, 'P_half': 7.848744490000722, 'gpp_d': 63.434702594031, 'ign_c': 20.201903387892838, 'P_humid': 2422.6918472688108, 'P_humid_q': 3.7403838269880354}. Best is trial 162 with value: 0.5551861176655031.
Best trial: 162. Best value: 0.555186:  47%|████▋     | 235/500 [06:11<06:56,  1.57s/it]Best trial: 162. Best value: 0.555186:  47%|████▋     | 235/500 [06:11<06:56,  1.57s/it]Best trial: 162. Best value: 0.555186:  47%|████▋     | 236/500 [06:11<06:54,  1.57s/it]                                                                                        [I 2026-05-21 18:27:44,667] Trial 236 finished with value: 0.539648511444711 and parameters: {'fire_exp': 0.7200611742397042, 'D_low': 69.94698145847654, 'D_high': 5928.73572396967, 'pre_dampen_half': 1.5482896672290622, 'P_half': 7.701255495239839, 'gpp_d': 64.10169890720992, 'ign_c': 19.55953842083138, 'P_humid': 2416.1625463858377, 'P_humid_q': 3.7673695481732516}. Best is trial 162 with value: 0.5551861176655031.
Best trial: 162. Best value: 0.555186:  47%|████▋     | 236/500 [06:12<06:54,  1.57s/it]Best trial: 162. Best value: 0.555186:  47%|████▋     | 236/500 [06:12<06:54,  1.57s/it]Best trial: 162. Best value: 0.555186:  47%|████▋     | 237/500 [06:12<06:52,  1.57s/it]                                                                                        [I 2026-05-21 18:27:46,237] Trial 237 finished with value: 0.538299734709411 and parameters: {'fire_exp': 0.7349952440474001, 'D_low': 103.27636077892288, 'D_high': 2755.012716678218, 'pre_dampen_half': 1.3276519985717286, 'P_half': 11.959400301046866, 'gpp_d': 53.20619094302412, 'ign_c': 19.017822330641554, 'P_humid': 2521.1746009983403, 'P_humid_q': 3.6943413432257417}. Best is trial 162 with value: 0.5551861176655031.
Best trial: 162. Best value: 0.555186:  47%|████▋     | 237/500 [06:14<06:52,  1.57s/it]Best trial: 162. Best value: 0.555186:  47%|████▋     | 237/500 [06:14<06:52,  1.57s/it]Best trial: 162. Best value: 0.555186:  48%|████▊     | 238/500 [06:14<06:51,  1.57s/it]                                                                                        [I 2026-05-21 18:27:47,825] Trial 238 finished with value: 0.4560321028806979 and parameters: {'fire_exp': 0.7561910307767181, 'D_low': 68.42226592434073, 'D_high': 5836.548140453748, 'pre_dampen_half': 1.400321573935605, 'P_half': 13.559089128925178, 'gpp_d': 42.94128142890406, 'ign_c': 20.142189956162255, 'P_humid': 689.453827726227, 'P_humid_q': 3.5235086178463204}. Best is trial 162 with value: 0.5551861176655031.
Best trial: 162. Best value: 0.555186:  48%|████▊     | 238/500 [06:16<06:51,  1.57s/it]Best trial: 162. Best value: 0.555186:  48%|████▊     | 238/500 [06:16<06:51,  1.57s/it]Best trial: 162. Best value: 0.555186:  48%|████▊     | 239/500 [06:16<06:51,  1.58s/it]                                                                                        [I 2026-05-21 18:27:49,415] Trial 239 finished with value: 0.5497156296309041 and parameters: {'fire_exp': 0.73309663044494, 'D_low': 72.94072852910185, 'D_high': 4027.9873336416417, 'pre_dampen_half': 1.6022416329393052, 'P_half': 10.456609815737467, 'gpp_d': 50.064573872313574, 'ign_c': 19.71236005242723, 'P_humid': 2229.514470634981, 'P_humid_q': 3.233124237460566}. Best is trial 162 with value: 0.5551861176655031.
Best trial: 162. Best value: 0.555186:  48%|████▊     | 239/500 [06:17<06:51,  1.58s/it]Best trial: 162. Best value: 0.555186:  48%|████▊     | 239/500 [06:17<06:51,  1.58s/it]Best trial: 162. Best value: 0.555186:  48%|████▊     | 240/500 [06:17<06:50,  1.58s/it]                                                                                        [I 2026-05-21 18:27:50,992] Trial 240 finished with value: 0.3933167694672133 and parameters: {'fire_exp': 0.7047117903484192, 'D_low': 58.35187278031372, 'D_high': 5997.267860510049, 'pre_dampen_half': 1.4781175521906431, 'P_half': 8.40418069482598, 'gpp_d': 356.22981234848874, 'ign_c': 20.116341356618975, 'P_humid': 369.8385023371335, 'P_humid_q': 3.6203677912438175}. Best is trial 162 with value: 0.5551861176655031.
Best trial: 162. Best value: 0.555186:  48%|████▊     | 240/500 [06:19<06:50,  1.58s/it]Best trial: 162. Best value: 0.555186:  48%|████▊     | 240/500 [06:19<06:50,  1.58s/it]Best trial: 162. Best value: 0.555186:  48%|████▊     | 241/500 [06:19<06:48,  1.58s/it]                                                                                        [I 2026-05-21 18:27:52,602] Trial 241 finished with value: 0.5374483548803433 and parameters: {'fire_exp': 0.6468796375775422, 'D_low': 65.6495054833112, 'D_high': 5897.5903898793185, 'pre_dampen_half': 1.2094393810874615, 'P_half': 8.974736706850821, 'gpp_d': 60.356295075663844, 'ign_c': 20.54630204350949, 'P_humid': 2624.0860801204476, 'P_humid_q': 3.8557815454194584}. Best is trial 162 with value: 0.5551861176655031.
Best trial: 162. Best value: 0.555186:  48%|████▊     | 241/500 [06:20<06:48,  1.58s/it]Best trial: 162. Best value: 0.555186:  48%|████▊     | 241/500 [06:20<06:48,  1.58s/it]Best trial: 162. Best value: 0.555186:  48%|████▊     | 242/500 [06:20<06:49,  1.59s/it]                                                                                        [I 2026-05-21 18:27:54,190] Trial 242 finished with value: 0.5422100916333603 and parameters: {'fire_exp': 0.7176183646261934, 'D_low': 63.30134723955981, 'D_high': 5914.171872206568, 'pre_dampen_half': 1.291067094130714, 'P_half': 7.131345553844221, 'gpp_d': 57.466757408389064, 'ign_c': 21.560851874698056, 'P_humid': 2790.7137253958117, 'P_humid_q': 3.9474903983802325}. Best is trial 162 with value: 0.5551861176655031.
Best trial: 162. Best value: 0.555186:  48%|████▊     | 242/500 [06:22<06:49,  1.59s/it]Best trial: 162. Best value: 0.555186:  48%|████▊     | 242/500 [06:22<06:49,  1.59s/it]Best trial: 162. Best value: 0.555186:  49%|████▊     | 243/500 [06:22<06:48,  1.59s/it]                                                                                        [I 2026-05-21 18:27:55,766] Trial 243 finished with value: 0.5405546232958596 and parameters: {'fire_exp': 0.746819287519378, 'D_low': 68.11275739060264, 'D_high': 5997.788565636066, 'pre_dampen_half': 1.12699005927842, 'P_half': 9.593612516859997, 'gpp_d': 69.31737373100229, 'ign_c': 20.622523278274585, 'P_humid': 3101.9306799157566, 'P_humid_q': 3.4619078809168227}. Best is trial 162 with value: 0.5551861176655031.
Best trial: 162. Best value: 0.555186:  49%|████▊     | 243/500 [06:24<06:48,  1.59s/it]Best trial: 162. Best value: 0.555186:  49%|████▊     | 243/500 [06:24<06:48,  1.59s/it]Best trial: 162. Best value: 0.555186:  49%|████▉     | 244/500 [06:24<06:45,  1.58s/it]                                                                                        [I 2026-05-21 18:27:57,361] Trial 244 finished with value: 0.546056989986269 and parameters: {'fire_exp': 0.7292363326396988, 'D_low': 61.64689410240415, 'D_high': 4468.759987969418, 'pre_dampen_half': 1.3764968159254523, 'P_half': 11.109015680117643, 'gpp_d': 62.26832763079578, 'ign_c': 20.264443525989478, 'P_humid': 2380.029797666116, 'P_humid_q': 3.6990318537009763}. Best is trial 162 with value: 0.5551861176655031.
Best trial: 162. Best value: 0.555186:  49%|████▉     | 244/500 [06:25<06:45,  1.58s/it]Best trial: 162. Best value: 0.555186:  49%|████▉     | 244/500 [06:25<06:45,  1.58s/it]Best trial: 162. Best value: 0.555186:  49%|████▉     | 245/500 [06:25<06:44,  1.59s/it]                                                                                        [I 2026-05-21 18:27:58,929] Trial 245 finished with value: 0.5477748017454505 and parameters: {'fire_exp': 0.6626826765555092, 'D_low': 71.47825284377308, 'D_high': 5811.62437559929, 'pre_dampen_half': 1.0573218711364718, 'P_half': 8.90023248713164, 'gpp_d': 35.558784677262864, 'ign_c': 21.111960683133606, 'P_humid': 2681.7477334772116, 'P_humid_q': 3.341988132061237}. Best is trial 162 with value: 0.5551861176655031.
Best trial: 162. Best value: 0.555186:  49%|████▉     | 245/500 [06:27<06:44,  1.59s/it]Best trial: 162. Best value: 0.555186:  49%|████▉     | 245/500 [06:27<06:44,  1.59s/it]Best trial: 162. Best value: 0.555186:  49%|████▉     | 246/500 [06:27<06:41,  1.58s/it]                                                                                        [I 2026-05-21 18:28:00,508] Trial 246 finished with value: 0.5508682772133504 and parameters: {'fire_exp': 0.7054769810058854, 'D_low': 65.86435873741513, 'D_high': 5630.888049930056, 'pre_dampen_half': 1.2217963307062019, 'P_half': 12.622199919145697, 'gpp_d': 56.1382397706072, 'ign_c': 19.57996307716129, 'P_humid': 2959.229702822751, 'P_humid_q': 3.5435931893366437}. Best is trial 162 with value: 0.5551861176655031.
Best trial: 162. Best value: 0.555186:  49%|████▉     | 246/500 [06:28<06:41,  1.58s/it]Best trial: 162. Best value: 0.555186:  49%|████▉     | 246/500 [06:28<06:41,  1.58s/it]Best trial: 162. Best value: 0.555186:  49%|████▉     | 247/500 [06:28<06:39,  1.58s/it]                                                                                        [I 2026-05-21 18:28:02,090] Trial 247 finished with value: 0.531743533526986 and parameters: {'fire_exp': 0.693013545331201, 'D_low': 53.47093356345044, 'D_high': 5727.36591364225, 'pre_dampen_half': 1.3349732007541104, 'P_half': 8.002706356847035, 'gpp_d': 38.702081455209786, 'ign_c': 19.24740482920431, 'P_humid': 2519.2885815031445, 'P_humid_q': 3.6129101666566323}. Best is trial 162 with value: 0.5551861176655031.
Best trial: 162. Best value: 0.555186:  49%|████▉     | 247/500 [06:30<06:39,  1.58s/it]Best trial: 162. Best value: 0.555186:  49%|████▉     | 247/500 [06:30<06:39,  1.58s/it]Best trial: 162. Best value: 0.555186:  50%|████▉     | 248/500 [06:30<06:38,  1.58s/it]                                                                                        [I 2026-05-21 18:28:03,693] Trial 248 finished with value: 0.5509843719134213 and parameters: {'fire_exp': 0.7181629624019711, 'D_low': 63.39126279870382, 'D_high': 5862.907965672416, 'pre_dampen_half': 1.1712883292293497, 'P_half': 10.318407022239064, 'gpp_d': 53.764161395816274, 'ign_c': 19.87136567257503, 'P_humid': 3288.289538075774, 'P_humid_q': 3.7761811734646233}. Best is trial 162 with value: 0.5551861176655031.
Best trial: 162. Best value: 0.555186:  50%|████▉     | 248/500 [06:32<06:38,  1.58s/it]Best trial: 162. Best value: 0.555186:  50%|████▉     | 248/500 [06:32<06:38,  1.58s/it]Best trial: 162. Best value: 0.555186:  50%|████▉     | 249/500 [06:32<06:38,  1.59s/it]                                                                                        [I 2026-05-21 18:28:05,257] Trial 249 finished with value: 0.529652313849985 and parameters: {'fire_exp': 0.741426194144934, 'D_low': 56.963835931955565, 'D_high': 5999.444186685454, 'pre_dampen_half': 2.1940858630454616, 'P_half': 11.46238243141593, 'gpp_d': 59.92272903163654, 'ign_c': 20.767844770928804, 'P_humid': 2837.1746846855876, 'P_humid_q': 4.5870266997043245}. Best is trial 162 with value: 0.5551861176655031.
Best trial: 162. Best value: 0.555186:  50%|████▉     | 249/500 [06:33<06:38,  1.59s/it]Best trial: 162. Best value: 0.555186:  50%|████▉     | 249/500 [06:33<06:38,  1.59s/it]Best trial: 162. Best value: 0.555186:  50%|█████     | 250/500 [06:33<06:35,  1.58s/it]                                                                                        [I 2026-05-21 18:28:06,825] Trial 250 finished with value: 0.507321190242305 and parameters: {'fire_exp': 0.674176691390491, 'D_low': 59.906792658039876, 'D_high': 5907.588163359561, 'pre_dampen_half': 1.4329390694263868, 'P_half': 9.596779254424321, 'gpp_d': 47.06074919620515, 'ign_c': 18.861945765843867, 'P_humid': 3119.1330665298865, 'P_humid_q': 3.434329303676721}. Best is trial 162 with value: 0.5551861176655031.
Best trial: 162. Best value: 0.555186:  50%|█████     | 250/500 [06:35<06:35,  1.58s/it]Best trial: 162. Best value: 0.555186:  50%|█████     | 250/500 [06:35<06:35,  1.58s/it]Best trial: 162. Best value: 0.555186:  50%|█████     | 251/500 [06:35<06:32,  1.58s/it]                                                                                        [I 2026-05-21 18:28:08,395] Trial 251 finished with value: 0.5403570163929243 and parameters: {'fire_exp': 0.766367113971278, 'D_low': 67.56824975097861, 'D_high': 5801.109586954554, 'pre_dampen_half': 1.2676018084578478, 'P_half': 14.517638778149593, 'gpp_d': 49.884846314155745, 'ign_c': 20.11125191738621, 'P_humid': 2440.4938428631644, 'P_humid_q': 3.527178399123989}. Best is trial 162 with value: 0.5551861176655031.
Best trial: 162. Best value: 0.555186:  50%|█████     | 251/500 [06:36<06:32,  1.58s/it]Best trial: 162. Best value: 0.555186:  50%|█████     | 251/500 [06:36<06:32,  1.58s/it]Best trial: 162. Best value: 0.555186:  50%|█████     | 252/500 [06:36<06:30,  1.57s/it]                                                                                        [I 2026-05-21 18:28:09,971] Trial 252 finished with value: 0.5489543728740216 and parameters: {'fire_exp': 0.6563641830440444, 'D_low': 70.76045103389856, 'D_high': 5688.871103297198, 'pre_dampen_half': 1.0674445831686916, 'P_half': 3.3416973853713228, 'gpp_d': 72.3709231094582, 'ign_c': 20.36430201742022, 'P_humid': 2670.0577233016606, 'P_humid_q': 4.674435024044368}. Best is trial 162 with value: 0.5551861176655031.
