Best trial: 351. Best value: 0.559381:  78%|███████▊  | 392/500 [10:21<02:53,  1.60s/it]Best trial: 351. Best value: 0.559381:  78%|███████▊  | 392/500 [10:21<02:53,  1.60s/it]Best trial: 351. Best value: 0.559381:  79%|███████▊  | 393/500 [10:21<02:51,  1.60s/it]                                                                                        [I 2026-05-21 18:31:54,413] Trial 393 finished with value: 0.5458232354796239 and parameters: {'fire_exp': 0.6959163675472636, 'D_low': 111.94019040953145, 'D_high': 5067.075656854305, 'pre_dampen_half': 1.0840121804300376, 'P_half': 20.94816759700073, 'gpp_d': 30.904781734435772, 'ign_c': 19.826104393581627, 'P_humid': 2444.1451669836415, 'P_humid_q': 4.710750018892687}. Best is trial 351 with value: 0.5593807300789059.
Best trial: 351. Best value: 0.559381:  79%|███████▊  | 393/500 [10:22<02:51,  1.60s/it]Best trial: 351. Best value: 0.559381:  79%|███████▊  | 393/500 [10:22<02:51,  1.60s/it]Best trial: 351. Best value: 0.559381:  79%|███████▉  | 394/500 [10:22<02:49,  1.60s/it]                                                                                        [I 2026-05-21 18:31:55,999] Trial 394 finished with value: 0.5510104941972764 and parameters: {'fire_exp': 0.6821927485973853, 'D_low': 81.83452604389369, 'D_high': 5427.6505087200985, 'pre_dampen_half': 1.2677357821974038, 'P_half': 25.951710956172295, 'gpp_d': 40.90551051720227, 'ign_c': 19.023259904872223, 'P_humid': 2072.356164552286, 'P_humid_q': 4.990044086989552}. Best is trial 351 with value: 0.5593807300789059.
Best trial: 351. Best value: 0.559381:  79%|███████▉  | 394/500 [10:24<02:49,  1.60s/it]Best trial: 351. Best value: 0.559381:  79%|███████▉  | 394/500 [10:24<02:49,  1.60s/it]Best trial: 351. Best value: 0.559381:  79%|███████▉  | 395/500 [10:24<02:47,  1.59s/it]                                                                                        [I 2026-05-21 18:31:57,584] Trial 395 finished with value: 0.538428922592807 and parameters: {'fire_exp': 0.6472914946992404, 'D_low': 96.72585641942648, 'D_high': 5186.318352464435, 'pre_dampen_half': 1.1530322881315354, 'P_half': 17.30308888877317, 'gpp_d': 33.916337216692334, 'ign_c': 18.74564155439521, 'P_humid': 2201.8655150795707, 'P_humid_q': 4.593988176043594}. Best is trial 351 with value: 0.5593807300789059.
Best trial: 351. Best value: 0.559381:  79%|███████▉  | 395/500 [10:25<02:47,  1.59s/it]Best trial: 351. Best value: 0.559381:  79%|███████▉  | 395/500 [10:25<02:47,  1.59s/it]Best trial: 351. Best value: 0.559381:  79%|███████▉  | 396/500 [10:25<02:45,  1.59s/it]                                                                                        [I 2026-05-21 18:31:59,183] Trial 396 finished with value: 0.47370537056191353 and parameters: {'fire_exp': 0.6712577180733452, 'D_low': 87.5387528839595, 'D_high': 4900.356793885769, 'pre_dampen_half': 1.3428762033943844, 'P_half': 23.107824959313653, 'gpp_d': 29.090861450885676, 'ign_c': 11.208084329667628, 'P_humid': 2300.383118478436, 'P_humid_q': 4.84367172954384}. Best is trial 351 with value: 0.5593807300789059.
Best trial: 351. Best value: 0.559381:  79%|███████▉  | 396/500 [10:27<02:45,  1.59s/it]Best trial: 351. Best value: 0.559381:  79%|███████▉  | 396/500 [10:27<02:45,  1.59s/it]Best trial: 351. Best value: 0.559381:  79%|███████▉  | 397/500 [10:27<02:44,  1.59s/it]                                                                                        [I 2026-05-21 18:32:00,773] Trial 397 finished with value: 0.41536824287483637 and parameters: {'fire_exp': 0.39652364139080154, 'D_low': 93.81399135524802, 'D_high': 5123.515785608535, 'pre_dampen_half': 1.2029916770196822, 'P_half': 19.739582543507975, 'gpp_d': 37.193515045144416, 'ign_c': 19.344794736469865, 'P_humid': 2462.662968149618, 'P_humid_q': 4.907247549945269}. Best is trial 351 with value: 0.5593807300789059.
Best trial: 351. Best value: 0.559381:  79%|███████▉  | 397/500 [10:29<02:44,  1.59s/it]Best trial: 351. Best value: 0.559381:  79%|███████▉  | 397/500 [10:29<02:44,  1.59s/it]Best trial: 351. Best value: 0.559381:  80%|███████▉  | 398/500 [10:29<02:42,  1.59s/it]                                                                                        [I 2026-05-21 18:32:02,409] Trial 398 finished with value: 0.5372991483700242 and parameters: {'fire_exp': 0.7044514354330855, 'D_low': 89.76866979008341, 'D_high': 5296.780620677425, 'pre_dampen_half': 1.0646258032419598, 'P_half': 24.370978049675365, 'gpp_d': 33.31753730462584, 'ign_c': 19.944229139994604, 'P_humid': 1978.922045976828, 'P_humid_q': 4.9959851936599495}. Best is trial 351 with value: 0.5593807300789059.
Best trial: 351. Best value: 0.559381:  80%|███████▉  | 398/500 [10:30<02:42,  1.59s/it]Best trial: 351. Best value: 0.559381:  80%|███████▉  | 398/500 [10:30<02:42,  1.59s/it]Best trial: 351. Best value: 0.559381:  80%|███████▉  | 399/500 [10:30<02:42,  1.61s/it]                                                                                        [I 2026-05-21 18:32:04,017] Trial 399 finished with value: 0.5561931729689036 and parameters: {'fire_exp': 0.670026768451108, 'D_low': 101.58634223551353, 'D_high': 5393.746993225929, 'pre_dampen_half': 1.1363819053564495, 'P_half': 18.394385578011235, 'gpp_d': 41.804088510056275, 'ign_c': 19.568231544767603, 'P_humid': 2110.9799351596475, 'P_humid_q': 4.736286065071326}. Best is trial 351 with value: 0.5593807300789059.
Best trial: 351. Best value: 0.559381:  80%|███████▉  | 399/500 [10:32<02:42,  1.61s/it]Best trial: 351. Best value: 0.559381:  80%|███████▉  | 399/500 [10:32<02:42,  1.61s/it]Best trial: 351. Best value: 0.559381:  80%|████████  | 400/500 [10:32<02:40,  1.61s/it]                                                                                        [I 2026-05-21 18:32:05,624] Trial 400 finished with value: 0.537560257507063 and parameters: {'fire_exp': 0.6571253905080221, 'D_low': 100.15689107077142, 'D_high': 5533.854454278253, 'pre_dampen_half': 1.1224829268576633, 'P_half': 21.007366549389005, 'gpp_d': 44.328716796492564, 'ign_c': 18.041702989347648, 'P_humid': 2094.322161500876, 'P_humid_q': 4.654213916912236}. Best is trial 351 with value: 0.5593807300789059.
Best trial: 351. Best value: 0.559381:  80%|████████  | 400/500 [10:33<02:40,  1.61s/it]Best trial: 351. Best value: 0.559381:  80%|████████  | 400/500 [10:33<02:40,  1.61s/it]Best trial: 351. Best value: 0.559381:  80%|████████  | 401/500 [10:33<02:39,  1.61s/it]                                                                                        [I 2026-05-21 18:32:07,252] Trial 401 finished with value: 0.45393714827428816 and parameters: {'fire_exp': 0.6706616843826079, 'D_low': 104.5555794034118, 'D_high': 4998.24073013524, 'pre_dampen_half': 1.0584627825078314, 'P_half': 27.49125895354398, 'gpp_d': 27.418405530976553, 'ign_c': 26.32256327648497, 'P_humid': 1924.6694480042322, 'P_humid_q': 4.551139763862378}. Best is trial 351 with value: 0.5593807300789059.
Best trial: 351. Best value: 0.559381:  80%|████████  | 401/500 [10:35<02:39,  1.61s/it]Best trial: 351. Best value: 0.559381:  80%|████████  | 401/500 [10:35<02:39,  1.61s/it]Best trial: 351. Best value: 0.559381:  80%|████████  | 402/500 [10:35<02:38,  1.61s/it]                                                                                        [I 2026-05-21 18:32:08,858] Trial 402 finished with value: 0.5533456091509021 and parameters: {'fire_exp': 0.6289391386187053, 'D_low': 119.6363012070738, 'D_high': 4794.8190804450305, 'pre_dampen_half': 1.001545507539708, 'P_half': 1.215724321926094, 'gpp_d': 31.48059079472986, 'ign_c': 19.10976938745382, 'P_humid': 2140.36911040678, 'P_humid_q': 4.743728476238284}. Best is trial 351 with value: 0.5593807300789059.
Best trial: 351. Best value: 0.559381:  80%|████████  | 402/500 [10:37<02:38,  1.61s/it]Best trial: 351. Best value: 0.559381:  80%|████████  | 402/500 [10:37<02:38,  1.61s/it]Best trial: 351. Best value: 0.559381:  81%|████████  | 403/500 [10:37<02:36,  1.61s/it]                                                                                        [I 2026-05-21 18:32:10,459] Trial 403 finished with value: 0.36436235045092885 and parameters: {'fire_exp': 0.6474758058529366, 'D_low': 97.14483859334635, 'D_high': 5478.355060746674, 'pre_dampen_half': 10.990287629364557, 'P_half': 18.96429067681592, 'gpp_d': 42.16749001113959, 'ign_c': 13.874936428227565, 'P_humid': 2183.5101494641935, 'P_humid_q': 4.799017755435364}. Best is trial 351 with value: 0.5593807300789059.
Best trial: 351. Best value: 0.559381:  81%|████████  | 403/500 [10:38<02:36,  1.61s/it]Best trial: 351. Best value: 0.559381:  81%|████████  | 403/500 [10:38<02:36,  1.61s/it]Best trial: 351. Best value: 0.559381:  81%|████████  | 404/500 [10:38<02:34,  1.61s/it]                                                                                        [I 2026-05-21 18:32:12,059] Trial 404 finished with value: 0.550745087620225 and parameters: {'fire_exp': 0.6652069884742706, 'D_low': 101.93743129627886, 'D_high': 5218.7650743774375, 'pre_dampen_half': 1.1606897667161609, 'P_half': 22.74859517271201, 'gpp_d': 35.30439452074745, 'ign_c': 18.660623831474645, 'P_humid': 2034.8827448993864, 'P_humid_q': 4.505401296675378}. Best is trial 351 with value: 0.5593807300789059.
Best trial: 351. Best value: 0.559381:  81%|████████  | 404/500 [10:40<02:34,  1.61s/it]Best trial: 351. Best value: 0.559381:  81%|████████  | 404/500 [10:40<02:34,  1.61s/it]Best trial: 351. Best value: 0.559381:  81%|████████  | 405/500 [10:40<02:32,  1.61s/it]                                                                                        [I 2026-05-21 18:32:13,657] Trial 405 finished with value: 0.5582128227953462 and parameters: {'fire_exp': 0.6814002429639442, 'D_low': 107.20835074751548, 'D_high': 5390.427434797458, 'pre_dampen_half': 1.2088649880909477, 'P_half': 15.978599052680574, 'gpp_d': 37.54773808846918, 'ign_c': 19.614911975108857, 'P_humid': 2293.872213725829, 'P_humid_q': 4.667603662594886}. Best is trial 351 with value: 0.5593807300789059.
Best trial: 351. Best value: 0.559381:  81%|████████  | 405/500 [10:41<02:32,  1.61s/it]Best trial: 351. Best value: 0.559381:  81%|████████  | 405/500 [10:41<02:32,  1.61s/it]Best trial: 351. Best value: 0.559381:  81%|████████  | 406/500 [10:41<02:30,  1.60s/it]                                                                                        [I 2026-05-21 18:32:15,263] Trial 406 finished with value: 0.5573323790649594 and parameters: {'fire_exp': 0.6764142632477449, 'D_low': 107.68193165768132, 'D_high': 5376.4428234727075, 'pre_dampen_half': 1.2376667248534623, 'P_half': 15.7643941461011, 'gpp_d': 39.07060618111878, 'ign_c': 19.494470092972804, 'P_humid': 2307.0172262693472, 'P_humid_q': 4.593081757297452}. Best is trial 351 with value: 0.5593807300789059.
Best trial: 351. Best value: 0.559381:  81%|████████  | 406/500 [10:43<02:30,  1.60s/it]Best trial: 351. Best value: 0.559381:  81%|████████  | 406/500 [10:43<02:30,  1.60s/it]Best trial: 351. Best value: 0.559381:  81%|████████▏ | 407/500 [10:43<02:29,  1.60s/it]                                                                                        [I 2026-05-21 18:32:16,870] Trial 407 finished with value: 0.47793355838476725 and parameters: {'fire_exp': 0.6562276062618657, 'D_low': 110.9664785172587, 'D_high': 5385.938584198683, 'pre_dampen_half': 1.2511985480811998, 'P_half': 15.696106004267214, 'gpp_d': 37.96852697765641, 'ign_c': 12.07750294598186, 'P_humid': 2248.6784229303726, 'P_humid_q': 4.619888451060155}. Best is trial 351 with value: 0.5593807300789059.
Best trial: 351. Best value: 0.559381:  81%|████████▏ | 407/500 [10:45<02:29,  1.60s/it]Best trial: 351. Best value: 0.559381:  81%|████████▏ | 407/500 [10:45<02:29,  1.60s/it]Best trial: 351. Best value: 0.559381:  82%|████████▏ | 408/500 [10:45<02:27,  1.61s/it]                                                                                        [I 2026-05-21 18:32:18,472] Trial 408 finished with value: 0.37831319101016075 and parameters: {'fire_exp': 0.6735211330508221, 'D_low': 107.00133772295604, 'D_high': 5473.955141739124, 'pre_dampen_half': 31.746587250295317, 'P_half': 15.63503648934564, 'gpp_d': 38.487905291887614, 'ign_c': 19.80949642083511, 'P_humid': 2344.691529202534, 'P_humid_q': 4.440971826703719}. Best is trial 351 with value: 0.5593807300789059.
Best trial: 351. Best value: 0.559381:  82%|████████▏ | 408/500 [10:46<02:27,  1.61s/it]Best trial: 351. Best value: 0.559381:  82%|████████▏ | 408/500 [10:46<02:27,  1.61s/it]Best trial: 351. Best value: 0.559381:  82%|████████▏ | 409/500 [10:46<02:25,  1.60s/it]                                                                                        [I 2026-05-21 18:32:20,079] Trial 409 finished with value: 0.5316036291812734 and parameters: {'fire_exp': 0.640473868264144, 'D_low': 108.3630358287101, 'D_high': 5403.432974428817, 'pre_dampen_half': 1.3822401198833185, 'P_half': 16.59024226206014, 'gpp_d': 31.93008507182455, 'ign_c': 19.522962437838107, 'P_humid': 2236.6134162101603, 'P_humid_q': 4.698784165564117}. Best is trial 351 with value: 0.5593807300789059.
Best trial: 351. Best value: 0.559381:  82%|████████▏ | 409/500 [10:48<02:25,  1.60s/it]Best trial: 351. Best value: 0.559381:  82%|████████▏ | 409/500 [10:48<02:25,  1.60s/it]Best trial: 351. Best value: 0.559381:  82%|████████▏ | 410/500 [10:48<02:24,  1.60s/it]                                                                                        [I 2026-05-21 18:32:21,667] Trial 410 finished with value: 0.3650847633051049 and parameters: {'fire_exp': 0.6621098298177683, 'D_low': 101.19281930251485, 'D_high': 5340.98033834558, 'pre_dampen_half': 1.2480751846082305, 'P_half': 29.701419541199574, 'gpp_d': 40.663539309923834, 'ign_c': 18.918607958899862, 'P_humid': 320.28450567773973, 'P_humid_q': 4.582096579039863}. Best is trial 351 with value: 0.5593807300789059.
Best trial: 351. Best value: 0.559381:  82%|████████▏ | 410/500 [10:49<02:24,  1.60s/it]Best trial: 351. Best value: 0.559381:  82%|████████▏ | 410/500 [10:49<02:24,  1.60s/it]Best trial: 351. Best value: 0.559381:  82%|████████▏ | 411/500 [10:49<02:22,  1.60s/it]                                                                                        [I 2026-05-21 18:32:23,258] Trial 411 finished with value: 0.555519187189889 and parameters: {'fire_exp': 0.6792714399836562, 'D_low': 104.18714963445066, 'D_high': 5549.940845966114, 'pre_dampen_half': 1.342081764276526, 'P_half': 25.45086402104251, 'gpp_d': 29.29539957748066, 'ign_c': 19.86769011090869, 'P_humid': 2425.2752179128624, 'P_humid_q': 4.681464296663765}. Best is trial 351 with value: 0.5593807300789059.
Best trial: 351. Best value: 0.559381:  82%|████████▏ | 411/500 [10:51<02:22,  1.60s/it]Best trial: 351. Best value: 0.559381:  82%|████████▏ | 411/500 [10:51<02:22,  1.60s/it]Best trial: 351. Best value: 0.559381:  82%|████████▏ | 412/500 [10:51<02:20,  1.60s/it]                                                                                        [I 2026-05-21 18:32:24,866] Trial 412 finished with value: 0.554389169745188 and parameters: {'fire_exp': 0.6817515821463755, 'D_low': 103.4529568870213, 'D_high': 5433.360343041987, 'pre_dampen_half': 1.389476796441448, 'P_half': 16.906352841902336, 'gpp_d': 29.05087566503256, 'ign_c': 19.945344759490247, 'P_humid': 2455.8308067994126, 'P_humid_q': 2.2961851497601824}. Best is trial 351 with value: 0.5593807300789059.
Best trial: 351. Best value: 0.559381:  82%|████████▏ | 412/500 [10:53<02:20,  1.60s/it]Best trial: 351. Best value: 0.559381:  82%|████████▏ | 412/500 [10:53<02:20,  1.60s/it]Best trial: 351. Best value: 0.559381:  83%|████████▎ | 413/500 [10:53<02:19,  1.60s/it]                                                                                        [I 2026-05-21 18:32:26,461] Trial 413 finished with value: 0.4285207263988162 and parameters: {'fire_exp': 0.6745476510745723, 'D_low': 103.89563207156525, 'D_high': 5549.537186290098, 'pre_dampen_half': 8.590131712023881, 'P_half': 4.715122778266553, 'gpp_d': 29.68484305546408, 'ign_c': 19.998485206459453, 'P_humid': 2325.0945118757736, 'P_humid_q': 4.705708412815021}. Best is trial 351 with value: 0.5593807300789059.
Best trial: 351. Best value: 0.559381:  83%|████████▎ | 413/500 [10:54<02:19,  1.60s/it]Best trial: 351. Best value: 0.559381:  83%|████████▎ | 413/500 [10:54<02:19,  1.60s/it]Best trial: 351. Best value: 0.559381:  83%|████████▎ | 414/500 [10:54<02:17,  1.60s/it]                                                                                        [I 2026-05-21 18:32:28,072] Trial 414 finished with value: 0.555919011584722 and parameters: {'fire_exp': 0.6881303260250029, 'D_low': 111.55633909005344, 'D_high': 5580.337943981209, 'pre_dampen_half': 1.3394840219604276, 'P_half': 21.302001977805297, 'gpp_d': 25.999066602560966, 'ign_c': 19.45127804589962, 'P_humid': 2378.495412931498, 'P_humid_q': 4.47270124822359}. Best is trial 351 with value: 0.5593807300789059.
Best trial: 351. Best value: 0.559381:  83%|████████▎ | 414/500 [10:56<02:17,  1.60s/it]Best trial: 351. Best value: 0.559381:  83%|████████▎ | 414/500 [10:56<02:17,  1.60s/it]Best trial: 351. Best value: 0.559381:  83%|████████▎ | 415/500 [10:56<02:16,  1.60s/it]                                                                                        [I 2026-05-21 18:32:29,669] Trial 415 finished with value: 0.559480308107108 and parameters: {'fire_exp': 0.6901977999245478, 'D_low': 113.12574307313581, 'D_high': 5575.2372374575025, 'pre_dampen_half': 1.3458660764958497, 'P_half': 21.688765811438195, 'gpp_d': 24.56785515351045, 'ign_c': 19.63694460220045, 'P_humid': 2414.9348864983267, 'P_humid_q': 4.535376133680145}. Best is trial 415 with value: 0.559480308107108.
Best trial: 351. Best value: 0.559381:  83%|████████▎ | 415/500 [10:57<02:16,  1.60s/it]Best trial: 415. Best value: 0.55948:  83%|████████▎ | 415/500 [10:57<02:16,  1.60s/it] Best trial: 415. Best value: 0.55948:  83%|████████▎ | 416/500 [10:57<02:14,  1.60s/it]                                                                                       [I 2026-05-21 18:32:31,272] Trial 416 finished with value: 0.5478066368113862 and parameters: {'fire_exp': 0.6823720088774055, 'D_low': 111.89936719186291, 'D_high': 5559.719432417978, 'pre_dampen_half': 1.4314468832180807, 'P_half': 21.616738577364284, 'gpp_d': 26.644320671617564, 'ign_c': 19.458725996141073, 'P_humid': 2365.044442789096, 'P_humid_q': 4.552276919811694}. Best is trial 415 with value: 0.559480308107108.
Best trial: 415. Best value: 0.55948:  83%|████████▎ | 416/500 [10:59<02:14,  1.60s/it]Best trial: 415. Best value: 0.55948:  83%|████████▎ | 416/500 [10:59<02:14,  1.60s/it]Best trial: 415. Best value: 0.55948:  83%|████████▎ | 417/500 [10:59<02:12,  1.60s/it]                                                                                       [I 2026-05-21 18:32:32,874] Trial 417 finished with value: 0.553811688759312 and parameters: {'fire_exp': 0.6702899935619837, 'D_low': 113.60997588295045, 'D_high': 5505.283227211195, 'pre_dampen_half': 1.3649453439485366, 'P_half': 24.41293187660061, 'gpp_d': 24.5733329426366, 'ign_c': 19.679505803175143, 'P_humid': 2247.381348482202, 'P_humid_q': 4.3748078840774465}. Best is trial 415 with value: 0.559480308107108.
Best trial: 415. Best value: 0.55948:  83%|████████▎ | 417/500 [11:01<02:12,  1.60s/it]Best trial: 415. Best value: 0.55948:  83%|████████▎ | 417/500 [11:01<02:12,  1.60s/it]Best trial: 415. Best value: 0.55948:  84%|████████▎ | 418/500 [11:01<02:11,  1.60s/it]                                                                                       [I 2026-05-21 18:32:34,469] Trial 418 finished with value: 0.5553190214942128 and parameters: {'fire_exp': 0.6867048254199388, 'D_low': 116.48013690840463, 'D_high': 5572.187703196096, 'pre_dampen_half': 1.3218431596520097, 'P_half': 23.325494136241126, 'gpp_d': 23.16641283265023, 'ign_c': 19.214257181171146, 'P_humid': 2382.425942590726, 'P_humid_q': 4.426807852244057}. Best is trial 415 with value: 0.559480308107108.
Best trial: 415. Best value: 0.55948:  84%|████████▎ | 418/500 [11:02<02:11,  1.60s/it]Best trial: 415. Best value: 0.55948:  84%|████████▎ | 418/500 [11:02<02:11,  1.60s/it]Best trial: 415. Best value: 0.55948:  84%|████████▍ | 419/500 [11:02<02:09,  1.60s/it]                                                                                       [I 2026-05-21 18:32:36,069] Trial 419 finished with value: 0.5569900103171244 and parameters: {'fire_exp': 0.6771017785791532, 'D_low': 108.65380668812904, 'D_high': 5481.897058465058, 'pre_dampen_half': 1.4291507792498355, 'P_half': 20.52661420046396, 'gpp_d': 20.881525841235568, 'ign_c': 19.87289590390241, 'P_humid': 2090.3380233069015, 'P_humid_q': 4.4834831028612605}. Best is trial 415 with value: 0.559480308107108.
Best trial: 415. Best value: 0.55948:  84%|████████▍ | 419/500 [11:04<02:09,  1.60s/it]Best trial: 415. Best value: 0.55948:  84%|████████▍ | 419/500 [11:04<02:09,  1.60s/it]Best trial: 415. Best value: 0.55948:  84%|████████▍ | 420/500 [11:04<02:07,  1.60s/it]                                                                                       [I 2026-05-21 18:32:37,661] Trial 420 finished with value: 0.5500834913650764 and parameters: {'fire_exp': 0.6709632641337343, 'D_low': 108.5264886521539, 'D_high': 5481.9635037986145, 'pre_dampen_half': 1.4613060024613556, 'P_half': 21.192324404208247, 'gpp_d': 21.212801410626817, 'ign_c': 19.639820526782493, 'P_humid': 2043.3350737307123, 'P_humid_q': 4.4913492807294695}. Best is trial 415 with value: 0.559480308107108.
