Best trial: 162. Best value: 0.555186:  39%|███▉      | 196/500 [05:09<07:56,  1.57s/it]Best trial: 162. Best value: 0.555186:  39%|███▉      | 196/500 [05:09<07:56,  1.57s/it]Best trial: 162. Best value: 0.555186:  39%|███▉      | 197/500 [05:09<07:55,  1.57s/it]                                                                                        [I 2026-05-21 18:26:43,196] Trial 197 finished with value: 0.5479830093179038 and parameters: {'fire_exp': 0.7401041140518885, 'D_low': 61.95902394513186, 'D_high': 5997.752361857518, 'pre_dampen_half': 1.2569614083001257, 'P_half': 12.135136277104268, 'gpp_d': 45.67857103739661, 'ign_c': 18.695172056503402, 'P_humid': 2804.0104717965005, 'P_humid_q': 3.7549392162454986}. Best is trial 162 with value: 0.5551861176655031.
Best trial: 162. Best value: 0.555186:  39%|███▉      | 197/500 [05:11<07:55,  1.57s/it]Best trial: 162. Best value: 0.555186:  39%|███▉      | 197/500 [05:11<07:55,  1.57s/it]Best trial: 162. Best value: 0.555186:  40%|███▉      | 198/500 [05:11<07:53,  1.57s/it]                                                                                        [I 2026-05-21 18:26:44,771] Trial 198 finished with value: 0.5330397816421617 and parameters: {'fire_exp': 0.6982364439276098, 'D_low': 57.610260345951446, 'D_high': 5690.946013739819, 'pre_dampen_half': 1.3205800371575729, 'P_half': 11.435223168768484, 'gpp_d': 55.65221474677539, 'ign_c': 19.414162037618773, 'P_humid': 3110.567830048339, 'P_humid_q': 3.8660946729831185}. Best is trial 162 with value: 0.5551861176655031.
Best trial: 162. Best value: 0.555186:  40%|███▉      | 198/500 [05:13<07:53,  1.57s/it]Best trial: 162. Best value: 0.555186:  40%|███▉      | 198/500 [05:13<07:53,  1.57s/it]Best trial: 162. Best value: 0.555186:  40%|███▉      | 199/500 [05:13<07:52,  1.57s/it]                                                                                        [I 2026-05-21 18:26:46,329] Trial 199 finished with value: 0.5341095714900728 and parameters: {'fire_exp': 0.7222256246575066, 'D_low': 61.50071191513866, 'D_high': 1515.7171181547596, 'pre_dampen_half': 1.841993034156045, 'P_half': 13.074180652372235, 'gpp_d': 48.49694808493188, 'ign_c': 20.029165418888972, 'P_humid': 2565.037729431066, 'P_humid_q': 3.602084089523566}. Best is trial 162 with value: 0.5551861176655031.
Best trial: 162. Best value: 0.555186:  40%|███▉      | 199/500 [05:14<07:52,  1.57s/it]Best trial: 162. Best value: 0.555186:  40%|███▉      | 199/500 [05:14<07:52,  1.57s/it]Best trial: 162. Best value: 0.555186:  40%|████      | 200/500 [05:14<07:49,  1.57s/it]                                                                                        [I 2026-05-21 18:26:47,888] Trial 200 finished with value: 0.5526674162658207 and parameters: {'fire_exp': 0.7298033459608569, 'D_low': 51.55766264287452, 'D_high': 5813.216406942217, 'pre_dampen_half': 1.5885955827971956, 'P_half': 14.563771913685535, 'gpp_d': 35.22712139521558, 'ign_c': 20.78370694506776, 'P_humid': 3146.771317810626, 'P_humid_q': 3.356105860076542}. Best is trial 162 with value: 0.5551861176655031.
Best trial: 162. Best value: 0.555186:  40%|████      | 200/500 [05:16<07:49,  1.57s/it]Best trial: 162. Best value: 0.555186:  40%|████      | 200/500 [05:16<07:49,  1.57s/it]Best trial: 162. Best value: 0.555186:  40%|████      | 201/500 [05:16<07:47,  1.56s/it]                                                                                        [I 2026-05-21 18:26:49,463] Trial 201 finished with value: 0.5351947401782414 and parameters: {'fire_exp': 0.7301096583530896, 'D_low': 55.52112871560296, 'D_high': 2619.396465540769, 'pre_dampen_half': 1.4961636708554311, 'P_half': 14.840748875011144, 'gpp_d': 35.484861311465316, 'ign_c': 20.668857344040536, 'P_humid': 3201.4592399992575, 'P_humid_q': 3.324468544115941}. Best is trial 162 with value: 0.5551861176655031.
Best trial: 162. Best value: 0.555186:  40%|████      | 201/500 [05:17<07:47,  1.56s/it]Best trial: 162. Best value: 0.555186:  40%|████      | 201/500 [05:17<07:47,  1.56s/it]Best trial: 162. Best value: 0.555186:  40%|████      | 202/500 [05:17<07:46,  1.57s/it]                                                                                        [I 2026-05-21 18:26:51,027] Trial 202 finished with value: 0.5525516249096651 and parameters: {'fire_exp': 0.7495826996527182, 'D_low': 59.04109376581819, 'D_high': 5831.898420049327, 'pre_dampen_half': 1.603763864700807, 'P_half': 10.566265984801488, 'gpp_d': 32.42687057587069, 'ign_c': 20.33183591827737, 'P_humid': 3087.0208421311163, 'P_humid_q': 3.1219601174855827}. Best is trial 162 with value: 0.5551861176655031.
Best trial: 162. Best value: 0.555186:  40%|████      | 202/500 [05:19<07:46,  1.57s/it]Best trial: 162. Best value: 0.555186:  40%|████      | 202/500 [05:19<07:46,  1.57s/it]Best trial: 162. Best value: 0.555186:  41%|████      | 203/500 [05:19<07:45,  1.57s/it]                                                                                        [I 2026-05-21 18:26:52,600] Trial 203 finished with value: 0.5476661568172467 and parameters: {'fire_exp': 0.7512806950125936, 'D_low': 46.30088038026925, 'D_high': 5740.332294906716, 'pre_dampen_half': 1.6189697505998983, 'P_half': 13.681780953618492, 'gpp_d': 33.8421597520802, 'ign_c': 19.841642815413, 'P_humid': 2847.9901127248, 'P_humid_q': 3.420324768319137}. Best is trial 162 with value: 0.5551861176655031.
Best trial: 162. Best value: 0.555186:  41%|████      | 203/500 [05:20<07:45,  1.57s/it]Best trial: 162. Best value: 0.555186:  41%|████      | 203/500 [05:20<07:45,  1.57s/it]Best trial: 162. Best value: 0.555186:  41%|████      | 204/500 [05:20<07:44,  1.57s/it]                                                                                        [I 2026-05-21 18:26:54,243] Trial 204 finished with value: 0.5482577141054735 and parameters: {'fire_exp': 0.7965904699937985, 'D_low': 50.57475111462313, 'D_high': 5825.1262968832325, 'pre_dampen_half': 1.7713700309568141, 'P_half': 10.76782387892255, 'gpp_d': 31.63863045369022, 'ign_c': 20.338665909442184, 'P_humid': 3032.925506839275, 'P_humid_q': 3.090029948375853}. Best is trial 162 with value: 0.5551861176655031.
Best trial: 162. Best value: 0.555186:  41%|████      | 204/500 [05:22<07:44,  1.57s/it]Best trial: 162. Best value: 0.555186:  41%|████      | 204/500 [05:22<07:44,  1.57s/it]Best trial: 162. Best value: 0.555186:  41%|████      | 205/500 [05:22<07:49,  1.59s/it]                                                                                        [I 2026-05-21 18:26:55,816] Trial 205 finished with value: 0.5338948409521329 and parameters: {'fire_exp': 0.715773880313659, 'D_low': 53.265172012106525, 'D_high': 5997.048872922254, 'pre_dampen_half': 1.5201199595168562, 'P_half': 12.207281862102757, 'gpp_d': 37.09518793278518, 'ign_c': 19.527394459397385, 'P_humid': 2668.1394832413994, 'P_humid_q': 3.1738849486732406}. Best is trial 162 with value: 0.5551861176655031.
Best trial: 162. Best value: 0.555186:  41%|████      | 205/500 [05:24<07:49,  1.59s/it]Best trial: 162. Best value: 0.555186:  41%|████      | 205/500 [05:24<07:49,  1.59s/it]Best trial: 162. Best value: 0.555186:  41%|████      | 206/500 [05:24<07:46,  1.59s/it]                                                                                        [I 2026-05-21 18:26:57,402] Trial 206 finished with value: 0.55206618997496 and parameters: {'fire_exp': 0.7720021283648488, 'D_low': 58.85084446986302, 'D_high': 5845.227042566454, 'pre_dampen_half': 1.3909332777372025, 'P_half': 9.912321372878154, 'gpp_d': 30.293543029137528, 'ign_c': 19.116491816744762, 'P_humid': 2757.0497246076434, 'P_humid_q': 3.5206580012155726}. Best is trial 162 with value: 0.5551861176655031.
Best trial: 162. Best value: 0.555186:  41%|████      | 206/500 [05:25<07:46,  1.59s/it]Best trial: 162. Best value: 0.555186:  41%|████      | 206/500 [05:25<07:46,  1.59s/it]Best trial: 162. Best value: 0.555186:  41%|████▏     | 207/500 [05:25<07:44,  1.59s/it]                                                                                        [I 2026-05-21 18:26:58,966] Trial 207 finished with value: 0.45284382132660916 and parameters: {'fire_exp': 0.740435844065254, 'D_low': 39.64636285795664, 'D_high': 5636.192525958157, 'pre_dampen_half': 5.5953326671101635, 'P_half': 11.131011759430596, 'gpp_d': 28.6789147371182, 'ign_c': 20.18316055667156, 'P_humid': 3166.861393669725, 'P_humid_q': 3.683841931263283}. Best is trial 162 with value: 0.5551861176655031.
Best trial: 162. Best value: 0.555186:  41%|████▏     | 207/500 [05:27<07:44,  1.59s/it]Best trial: 162. Best value: 0.555186:  41%|████▏     | 207/500 [05:27<07:44,  1.59s/it]Best trial: 162. Best value: 0.555186:  42%|████▏     | 208/500 [05:27<07:41,  1.58s/it]                                                                                        [I 2026-05-21 18:27:00,548] Trial 208 finished with value: 0.39065402832367657 and parameters: {'fire_exp': 0.7305896980561408, 'D_low': 51.419387287514866, 'D_high': 2906.269614622573, 'pre_dampen_half': 38.442790293416806, 'P_half': 20.19980597254629, 'gpp_d': 39.81805732653279, 'ign_c': 20.835966604719914, 'P_humid': 2928.9086189273435, 'P_humid_q': 3.7377093369940986}. Best is trial 162 with value: 0.5551861176655031.
Best trial: 162. Best value: 0.555186:  42%|████▏     | 208/500 [05:28<07:41,  1.58s/it]Best trial: 162. Best value: 0.555186:  42%|████▏     | 208/500 [05:28<07:41,  1.58s/it]Best trial: 162. Best value: 0.555186:  42%|████▏     | 209/500 [05:28<07:39,  1.58s/it]                                                                                        [I 2026-05-21 18:27:02,116] Trial 209 finished with value: 0.5426504285144279 and parameters: {'fire_exp': 0.7611861337869409, 'D_low': 59.43203071763101, 'D_high': 5739.970813857549, 'pre_dampen_half': 1.958017535336225, 'P_half': 14.292213374439624, 'gpp_d': 50.9837223818216, 'ign_c': 19.775860648324837, 'P_humid': 2436.919215260726, 'P_humid_q': 3.490489762659519}. Best is trial 162 with value: 0.5551861176655031.
Best trial: 162. Best value: 0.555186:  42%|████▏     | 209/500 [05:30<07:39,  1.58s/it]Best trial: 162. Best value: 0.555186:  42%|████▏     | 209/500 [05:30<07:39,  1.58s/it]Best trial: 162. Best value: 0.555186:  42%|████▏     | 210/500 [05:30<07:37,  1.58s/it]                                                                                        [I 2026-05-21 18:27:03,683] Trial 210 finished with value: 0.48730780000840834 and parameters: {'fire_exp': 0.7062576363993046, 'D_low': 62.455391061900244, 'D_high': 3228.4942201874915, 'pre_dampen_half': 1.6813805731607252, 'P_half': 11.920574224928965, 'gpp_d': 54.36189365159758, 'ign_c': 20.40110898947407, 'P_humid': 872.4546026868169, 'P_humid_q': 3.253490394762483}. Best is trial 162 with value: 0.5551861176655031.
Best trial: 162. Best value: 0.555186:  42%|████▏     | 210/500 [05:32<07:37,  1.58s/it]Best trial: 162. Best value: 0.555186:  42%|████▏     | 210/500 [05:32<07:37,  1.58s/it]Best trial: 162. Best value: 0.555186:  42%|████▏     | 211/500 [05:32<07:34,  1.57s/it]                                                                                        [I 2026-05-21 18:27:05,276] Trial 211 finished with value: 0.5489545573633463 and parameters: {'fire_exp': 0.7128861223549139, 'D_low': 65.1802957947125, 'D_high': 5874.0621291593825, 'pre_dampen_half': 1.2368904707358763, 'P_half': 10.165509996802111, 'gpp_d': 65.29027527282315, 'ign_c': 20.54186752105971, 'P_humid': 3258.466199982866, 'P_humid_q': 3.389075953766085}. Best is trial 162 with value: 0.5551861176655031.
Best trial: 162. Best value: 0.555186:  42%|████▏     | 211/500 [05:33<07:34,  1.57s/it]Best trial: 162. Best value: 0.555186:  42%|████▏     | 211/500 [05:33<07:34,  1.57s/it]Best trial: 162. Best value: 0.555186:  42%|████▏     | 212/500 [05:33<07:34,  1.58s/it]                                                                                        [I 2026-05-21 18:27:06,855] Trial 212 finished with value: 0.5389913832246526 and parameters: {'fire_exp': 0.7506536134738687, 'D_low': 56.722514318131786, 'D_high': 5904.883301864985, 'pre_dampen_half': 1.188982051976029, 'P_half': 9.319509859400032, 'gpp_d': 60.08510711895635, 'ign_c': 20.89371146962902, 'P_humid': 3097.8437298391996, 'P_humid_q': 3.332310751935542}. Best is trial 162 with value: 0.5551861176655031.
Best trial: 162. Best value: 0.555186:  42%|████▏     | 212/500 [05:35<07:34,  1.58s/it]Best trial: 162. Best value: 0.555186:  42%|████▏     | 212/500 [05:35<07:34,  1.58s/it]Best trial: 162. Best value: 0.555186:  43%|████▎     | 213/500 [05:35<07:33,  1.58s/it]                                                                                        [I 2026-05-21 18:27:08,433] Trial 213 finished with value: 0.5410356711297901 and parameters: {'fire_exp': 0.6958164219873896, 'D_low': 63.7354048660867, 'D_high': 5801.827570178181, 'pre_dampen_half': 1.3337920893483606, 'P_half': 12.69693485248217, 'gpp_d': 47.467942367851784, 'ign_c': 20.024859316519652, 'P_humid': 3298.796535726109, 'P_humid_q': 3.598370657422559}. Best is trial 162 with value: 0.5551861176655031.
Best trial: 162. Best value: 0.555186:  43%|████▎     | 213/500 [05:36<07:33,  1.58s/it]Best trial: 162. Best value: 0.555186:  43%|████▎     | 213/500 [05:36<07:33,  1.58s/it]Best trial: 162. Best value: 0.555186:  43%|████▎     | 214/500 [05:36<07:31,  1.58s/it]                                                                                        [I 2026-05-21 18:27:10,018] Trial 214 finished with value: 0.4570058572018675 and parameters: {'fire_exp': 0.7217943769307726, 'D_low': 68.29886627528339, 'D_high': 3050.660499005852, 'pre_dampen_half': 1.4457899960451568, 'P_half': 10.806151829210247, 'gpp_d': 36.10043478433722, 'ign_c': 27.187485420401945, 'P_humid': 2884.6677999361814, 'P_humid_q': 3.1483303137976786}. Best is trial 162 with value: 0.5551861176655031.
Best trial: 162. Best value: 0.555186:  43%|████▎     | 214/500 [05:38<07:31,  1.58s/it]Best trial: 162. Best value: 0.555186:  43%|████▎     | 214/500 [05:38<07:31,  1.58s/it]Best trial: 162. Best value: 0.555186:  43%|████▎     | 215/500 [05:38<07:30,  1.58s/it]                                                                                        [I 2026-05-21 18:27:11,590] Trial 215 finished with value: 0.5537105683450904 and parameters: {'fire_exp': 0.7320609350216379, 'D_low': 60.578341260790936, 'D_high': 5899.728053489245, 'pre_dampen_half': 1.2638472891359211, 'P_half': 8.475756812207873, 'gpp_d': 43.56214221677895, 'ign_c': 19.398211599598813, 'P_humid': 2573.886607817898, 'P_humid_q': 3.498155345543268}. Best is trial 162 with value: 0.5551861176655031.
Best trial: 162. Best value: 0.555186:  43%|████▎     | 215/500 [05:39<07:30,  1.58s/it]Best trial: 162. Best value: 0.555186:  43%|████▎     | 215/500 [05:39<07:30,  1.58s/it]Best trial: 162. Best value: 0.555186:  43%|████▎     | 216/500 [05:39<07:28,  1.58s/it]                                                                                        [I 2026-05-21 18:27:13,183] Trial 216 finished with value: 0.5426037713390108 and parameters: {'fire_exp': 0.7409815444402705, 'D_low': 60.208847117975914, 'D_high': 5927.344478918715, 'pre_dampen_half': 1.576937177165054, 'P_half': 15.64653506934026, 'gpp_d': 43.79086619611818, 'ign_c': 19.31642878880275, 'P_humid': 2557.372587465037, 'P_humid_q': 3.516507146699654}. Best is trial 162 with value: 0.5551861176655031.
Best trial: 162. Best value: 0.555186:  43%|████▎     | 216/500 [05:41<07:28,  1.58s/it]Best trial: 162. Best value: 0.555186:  43%|████▎     | 216/500 [05:41<07:28,  1.58s/it]Best trial: 162. Best value: 0.555186:  43%|████▎     | 217/500 [05:41<07:27,  1.58s/it]                                                                                        [I 2026-05-21 18:27:14,763] Trial 217 finished with value: 0.5446663621160979 and parameters: {'fire_exp': 0.7324416701590225, 'D_low': 58.141153904491176, 'D_high': 5780.014789493998, 'pre_dampen_half': 1.2950800130640736, 'P_half': 10.195053186047312, 'gpp_d': 41.857447175491274, 'ign_c': 18.744257663668396, 'P_humid': 2621.550207147687, 'P_humid_q': 3.9367763428674567}. Best is trial 162 with value: 0.5551861176655031.
Best trial: 162. Best value: 0.555186:  43%|████▎     | 217/500 [05:43<07:27,  1.58s/it]Best trial: 162. Best value: 0.555186:  43%|████▎     | 217/500 [05:43<07:27,  1.58s/it]Best trial: 162. Best value: 0.555186:  44%|████▎     | 218/500 [05:43<07:26,  1.58s/it]                                                                                        [I 2026-05-21 18:27:16,343] Trial 218 finished with value: 0.552249033416594 and parameters: {'fire_exp': 0.7477455592791724, 'D_low': 114.68748986772599, 'D_high': 5997.492626717969, 'pre_dampen_half': 1.4294398592929185, 'P_half': 8.407453938989809, 'gpp_d': 33.08549684879049, 'ign_c': 19.497314416942714, 'P_humid': 2739.1021090623035, 'P_humid_q': 3.6464033561313913}. Best is trial 162 with value: 0.5551861176655031.
Best trial: 162. Best value: 0.555186:  44%|████▎     | 218/500 [05:44<07:26,  1.58s/it]Best trial: 162. Best value: 0.555186:  44%|████▎     | 218/500 [05:44<07:26,  1.58s/it]Best trial: 162. Best value: 0.555186:  44%|████▍     | 219/500 [05:44<07:24,  1.58s/it]                                                                                        [I 2026-05-21 18:27:17,912] Trial 219 finished with value: 0.5471816085442991 and parameters: {'fire_exp': 0.7676653075206815, 'D_low': 73.2931768381781, 'D_high': 5639.614832134842, 'pre_dampen_half': 1.2185805471367572, 'P_half': 11.38934729992995, 'gpp_d': 39.33245086502441, 'ign_c': 18.33588963179134, 'P_humid': 2486.2558602471986, 'P_humid_q': 3.7947433354663502}. Best is trial 162 with value: 0.5551861176655031.
Best trial: 162. Best value: 0.555186:  44%|████▍     | 219/500 [05:46<07:24,  1.58s/it]Best trial: 162. Best value: 0.555186:  44%|████▍     | 219/500 [05:46<07:24,  1.58s/it]Best trial: 162. Best value: 0.555186:  44%|████▍     | 220/500 [05:46<07:21,  1.58s/it]                                                                                        [I 2026-05-21 18:27:19,478] Trial 220 finished with value: 0.5479664861783998 and parameters: {'fire_exp': 0.7144064758012938, 'D_low': 62.21802686757915, 'D_high': 5864.7089098128345, 'pre_dampen_half': 1.35483081414041, 'P_half': 12.953125526484808, 'gpp_d': 52.2293022286783, 'ign_c': 19.786043498727928, 'P_humid': 2829.987096430237, 'P_humid_q': 3.4405149277106792}. Best is trial 162 with value: 0.5551861176655031.
Best trial: 162. Best value: 0.555186:  44%|████▍     | 220/500 [05:47<07:21,  1.58s/it]Best trial: 162. Best value: 0.555186:  44%|████▍     | 220/500 [05:47<07:21,  1.58s/it]Best trial: 162. Best value: 0.555186:  44%|████▍     | 221/500 [05:47<07:19,  1.57s/it]                                                                                        [I 2026-05-21 18:27:21,065] Trial 221 finished with value: 0.5509971097108984 and parameters: {'fire_exp': 0.697365033506689, 'D_low': 65.03128839069323, 'D_high': 5904.6494536090295, 'pre_dampen_half': 1.1549024032635484, 'P_half': 9.265060502199765, 'gpp_d': 57.224052625529424, 'ign_c': 20.32173073353658, 'P_humid': 3039.04060061032, 'P_humid_q': 3.3528733804870314}. Best is trial 162 with value: 0.5551861176655031.
Best trial: 162. Best value: 0.555186:  44%|████▍     | 221/500 [05:49<07:19,  1.57s/it]Best trial: 162. Best value: 0.555186:  44%|████▍     | 221/500 [05:49<07:19,  1.57s/it]Best trial: 162. Best value: 0.555186:  44%|████▍     | 222/500 [05:49<07:18,  1.58s/it]                                                                                        [I 2026-05-21 18:27:22,653] Trial 222 finished with value: 0.5400540467707489 and parameters: {'fire_exp': 0.7270763700941376, 'D_low': 68.22373522177142, 'D_high': 5816.624437710233, 'pre_dampen_half': 1.0904956423442194, 'P_half': 9.463148443682975, 'gpp_d': 45.44461863068447, 'ign_c': 20.92106546572189, 'P_humid': 2667.4060467713416, 'P_humid_q': 3.5395818514914525}. Best is trial 162 with value: 0.5551861176655031.
Best trial: 162. Best value: 0.555186:  44%|████▍     | 222/500 [05:50<07:18,  1.58s/it]Best trial: 162. Best value: 0.555186:  44%|████▍     | 222/500 [05:50<07:18,  1.58s/it]Best trial: 162. Best value: 0.555186:  45%|████▍     | 223/500 [05:50<07:17,  1.58s/it]                                                                                        [I 2026-05-21 18:27:24,232] Trial 223 finished with value: 0.5514293782909321 and parameters: {'fire_exp': 0.708866321039531, 'D_low': 64.17025986617782, 'D_high': 5735.566712932841, 'pre_dampen_half': 1.2491033689025344, 'P_half': 10.663972018952833, 'gpp_d': 49.28394663030651, 'ign_c': 20.088197395597184, 'P_humid': 2490.1931466232045, 'P_humid_q': 3.2682254202985064}. Best is trial 162 with value: 0.5551861176655031.
Best trial: 162. Best value: 0.555186:  45%|████▍     | 223/500 [05:52<07:17,  1.58s/it]Best trial: 162. Best value: 0.555186:  45%|████▍     | 223/500 [05:52<07:17,  1.58s/it]Best trial: 162. Best value: 0.555186:  45%|████▍     | 224/500 [05:52<07:16,  1.58s/it]                                                                                        [I 2026-05-21 18:27:25,820] Trial 224 finished with value: 0.5506023021785565 and parameters: {'fire_exp': 0.7396001748573751, 'D_low': 60.737367803995085, 'D_high': 5916.178883548258, 'pre_dampen_half': 1.183379456458385, 'P_half': 8.375027616998558, 'gpp_d': 53.350523831003365, 'ign_c': 19.098731993942007, 'P_humid': 2312.755365098367, 'P_humid_q': 3.4315323861077784}. Best is trial 162 with value: 0.5551861176655031.
