Best trial: 304. Best value: 0.558236:  62%|██████▏   | 308/500 [08:06<05:03,  1.58s/it]Best trial: 304. Best value: 0.558236:  62%|██████▏   | 308/500 [08:06<05:03,  1.58s/it]Best trial: 304. Best value: 0.558236:  62%|██████▏   | 309/500 [08:06<05:01,  1.58s/it]                                                                                        [I 2026-05-21 18:29:39,703] Trial 309 finished with value: 0.5538267555762165 and parameters: {'fire_exp': 0.6824826636010425, 'D_low': 88.33428972619332, 'D_high': 5148.758222729843, 'pre_dampen_half': 1.061355351025186, 'P_half': 23.266260659774435, 'gpp_d': 34.740870934041055, 'ign_c': 19.13105312937721, 'P_humid': 2202.1915827793136, 'P_humid_q': 4.998177667550583}. Best is trial 304 with value: 0.5582356726290336.
Best trial: 304. Best value: 0.558236:  62%|██████▏   | 309/500 [08:08<05:01,  1.58s/it]Best trial: 304. Best value: 0.558236:  62%|██████▏   | 309/500 [08:08<05:01,  1.58s/it]Best trial: 304. Best value: 0.558236:  62%|██████▏   | 310/500 [08:08<05:00,  1.58s/it]                                                                                        [I 2026-05-21 18:29:41,274] Trial 310 finished with value: 0.5472380533646701 and parameters: {'fire_exp': 0.6795184777218792, 'D_low': 88.64765214343754, 'D_high': 5140.786295460033, 'pre_dampen_half': 1.0616943241328238, 'P_half': 22.41763569811197, 'gpp_d': 34.368405617868525, 'ign_c': 19.727867658151524, 'P_humid': 2032.351503624213, 'P_humid_q': 4.827039020372506}. Best is trial 304 with value: 0.5582356726290336.
Best trial: 304. Best value: 0.558236:  62%|██████▏   | 310/500 [08:09<05:00,  1.58s/it]Best trial: 304. Best value: 0.558236:  62%|██████▏   | 310/500 [08:09<05:00,  1.58s/it]Best trial: 304. Best value: 0.558236:  62%|██████▏   | 311/500 [08:09<04:58,  1.58s/it]                                                                                        [I 2026-05-21 18:29:42,848] Trial 311 finished with value: 0.5583503107520487 and parameters: {'fire_exp': 0.6690786910523164, 'D_low': 86.48204179150038, 'D_high': 5013.009399255603, 'pre_dampen_half': 1.065682683487151, 'P_half': 24.085971088411863, 'gpp_d': 36.88636598419511, 'ign_c': 18.91687973996802, 'P_humid': 2199.0308272944767, 'P_humid_q': 4.844540754140907}. Best is trial 311 with value: 0.5583503107520487.
Best trial: 304. Best value: 0.558236:  62%|██████▏   | 311/500 [08:11<04:58,  1.58s/it]Best trial: 311. Best value: 0.55835:  62%|██████▏   | 311/500 [08:11<04:58,  1.58s/it] Best trial: 311. Best value: 0.55835:  62%|██████▏   | 312/500 [08:11<04:56,  1.58s/it]                                                                                       [I 2026-05-21 18:29:44,422] Trial 312 finished with value: 0.5515569911140097 and parameters: {'fire_exp': 0.6705520393960469, 'D_low': 98.26373950702003, 'D_high': 4999.174406864725, 'pre_dampen_half': 1.0050432085865588, 'P_half': 20.302859915812846, 'gpp_d': 37.4028631573945, 'ign_c': 18.774809177391663, 'P_humid': 2080.0636121333555, 'P_humid_q': 4.81501355297584}. Best is trial 311 with value: 0.5583503107520487.
Best trial: 311. Best value: 0.55835:  62%|██████▏   | 312/500 [08:12<04:56,  1.58s/it]Best trial: 311. Best value: 0.55835:  62%|██████▏   | 312/500 [08:12<04:56,  1.58s/it]Best trial: 311. Best value: 0.55835:  63%|██████▎   | 313/500 [08:12<04:54,  1.58s/it]                                                                                       [I 2026-05-21 18:29:45,989] Trial 313 finished with value: 0.5450306750838174 and parameters: {'fire_exp': 0.6670290997860203, 'D_low': 86.1858604727239, 'D_high': 5265.334807500028, 'pre_dampen_half': 1.1338419184297843, 'P_half': 26.07441204821443, 'gpp_d': 37.344056758494894, 'ign_c': 18.470942565599444, 'P_humid': 2185.515768434476, 'P_humid_q': 4.8574272582476965}. Best is trial 311 with value: 0.5583503107520487.
Best trial: 311. Best value: 0.55835:  63%|██████▎   | 313/500 [08:14<04:54,  1.58s/it]Best trial: 311. Best value: 0.55835:  63%|██████▎   | 313/500 [08:14<04:54,  1.58s/it]Best trial: 311. Best value: 0.55835:  63%|██████▎   | 314/500 [08:14<04:52,  1.57s/it]                                                                                       [I 2026-05-21 18:29:47,582] Trial 314 finished with value: 0.5550912729321806 and parameters: {'fire_exp': 0.6807057259471316, 'D_low': 90.65234785747663, 'D_high': 5235.5942882917425, 'pre_dampen_half': 1.1440035174202496, 'P_half': 18.882298322305004, 'gpp_d': 35.802320541811255, 'ign_c': 19.54285859060085, 'P_humid': 2136.5878862673985, 'P_humid_q': 4.988840184491261}. Best is trial 311 with value: 0.5583503107520487.
Best trial: 311. Best value: 0.55835:  63%|██████▎   | 314/500 [08:15<04:52,  1.57s/it]Best trial: 311. Best value: 0.55835:  63%|██████▎   | 314/500 [08:15<04:52,  1.57s/it]Best trial: 311. Best value: 0.55835:  63%|██████▎   | 315/500 [08:15<04:52,  1.58s/it]                                                                                       [I 2026-05-21 18:29:49,152] Trial 315 finished with value: 0.5557297113999944 and parameters: {'fire_exp': 0.677486313391947, 'D_low': 91.46814809756985, 'D_high': 5206.901404574579, 'pre_dampen_half': 1.107427244902568, 'P_half': 21.353118878675946, 'gpp_d': 35.9422712814298, 'ign_c': 19.194001580109386, 'P_humid': 2129.479626092899, 'P_humid_q': 4.9966061633032455}. Best is trial 311 with value: 0.5583503107520487.
Best trial: 311. Best value: 0.55835:  63%|██████▎   | 315/500 [08:17<04:52,  1.58s/it]Best trial: 311. Best value: 0.55835:  63%|██████▎   | 315/500 [08:17<04:52,  1.58s/it]Best trial: 311. Best value: 0.55835:  63%|██████▎   | 316/500 [08:17<04:50,  1.58s/it]                                                                                       [I 2026-05-21 18:29:50,728] Trial 316 finished with value: 0.5573561867986945 and parameters: {'fire_exp': 0.6710700268423221, 'D_low': 92.24058967763487, 'D_high': 5058.250512554866, 'pre_dampen_half': 1.0973405304976735, 'P_half': 21.93191238169203, 'gpp_d': 33.273978704065556, 'ign_c': 18.981947290120505, 'P_humid': 2121.7224295183373, 'P_humid_q': 4.739888812285843}. Best is trial 311 with value: 0.5583503107520487.
Best trial: 311. Best value: 0.55835:  63%|██████▎   | 316/500 [08:19<04:50,  1.58s/it]Best trial: 311. Best value: 0.55835:  63%|██████▎   | 316/500 [08:19<04:50,  1.58s/it]Best trial: 311. Best value: 0.55835:  63%|██████▎   | 317/500 [08:19<04:48,  1.58s/it]                                                                                       [I 2026-05-21 18:29:52,316] Trial 317 finished with value: 0.5508604096704584 and parameters: {'fire_exp': 0.6753077342066404, 'D_low': 92.46711401748902, 'D_high': 5097.796896960609, 'pre_dampen_half': 1.0810645014573728, 'P_half': 21.316051134748566, 'gpp_d': 31.914075813871335, 'ign_c': 18.120204893225896, 'P_humid': 1955.1371420764453, 'P_humid_q': 4.995969210057228}. Best is trial 311 with value: 0.5583503107520487.
Best trial: 311. Best value: 0.55835:  63%|██████▎   | 317/500 [08:20<04:48,  1.58s/it]Best trial: 311. Best value: 0.55835:  63%|██████▎   | 317/500 [08:20<04:48,  1.58s/it]Best trial: 311. Best value: 0.55835:  64%|██████▎   | 318/500 [08:20<04:47,  1.58s/it]                                                                                       [I 2026-05-21 18:29:53,898] Trial 318 finished with value: 0.5557619714178669 and parameters: {'fire_exp': 0.6673265432177059, 'D_low': 90.27804738488364, 'D_high': 4954.496503805231, 'pre_dampen_half': 1.1126551289679576, 'P_half': 19.229732119011874, 'gpp_d': 34.08405846353338, 'ign_c': 18.79448971846308, 'P_humid': 2108.7347195320676, 'P_humid_q': 4.893971318756624}. Best is trial 311 with value: 0.5583503107520487.
Best trial: 311. Best value: 0.55835:  64%|██████▎   | 318/500 [08:22<04:47,  1.58s/it]Best trial: 311. Best value: 0.55835:  64%|██████▎   | 318/500 [08:22<04:47,  1.58s/it]Best trial: 311. Best value: 0.55835:  64%|██████▍   | 319/500 [08:22<04:46,  1.58s/it]                                                                                       [I 2026-05-21 18:29:55,487] Trial 319 finished with value: 0.5568718498999055 and parameters: {'fire_exp': 0.6670201348508249, 'D_low': 96.31010370283362, 'D_high': 4956.846070348701, 'pre_dampen_half': 1.0576343487290716, 'P_half': 19.01741651657901, 'gpp_d': 34.58775036012636, 'ign_c': 18.7159658560928, 'P_humid': 2105.0928500803707, 'P_humid_q': 4.885866585610405}. Best is trial 311 with value: 0.5583503107520487.
Best trial: 311. Best value: 0.55835:  64%|██████▍   | 319/500 [08:23<04:46,  1.58s/it]Best trial: 311. Best value: 0.55835:  64%|██████▍   | 319/500 [08:23<04:46,  1.58s/it]Best trial: 311. Best value: 0.55835:  64%|██████▍   | 320/500 [08:23<04:44,  1.58s/it]                                                                                       [I 2026-05-21 18:29:57,057] Trial 320 finished with value: 0.5546659912428126 and parameters: {'fire_exp': 0.666137812207159, 'D_low': 96.42077880909149, 'D_high': 4945.215912160434, 'pre_dampen_half': 1.0231720945342224, 'P_half': 19.132804672257507, 'gpp_d': 33.661452465489326, 'ign_c': 18.515844967498666, 'P_humid': 2052.5760272582106, 'P_humid_q': 4.731080167497807}. Best is trial 311 with value: 0.5583503107520487.
Best trial: 311. Best value: 0.55835:  64%|██████▍   | 320/500 [08:25<04:44,  1.58s/it]Best trial: 311. Best value: 0.55835:  64%|██████▍   | 320/500 [08:25<04:44,  1.58s/it]Best trial: 311. Best value: 0.55835:  64%|██████▍   | 321/500 [08:25<04:42,  1.58s/it]                                                                                       [I 2026-05-21 18:29:58,626] Trial 321 finished with value: 0.5540079724868257 and parameters: {'fire_exp': 0.6651457502243905, 'D_low': 96.34287692299272, 'D_high': 4895.171809110293, 'pre_dampen_half': 1.003308214216938, 'P_half': 19.376893819388535, 'gpp_d': 32.96061654294319, 'ign_c': 18.52824788131418, 'P_humid': 2066.569790612075, 'P_humid_q': 4.731232373594613}. Best is trial 311 with value: 0.5583503107520487.
Best trial: 311. Best value: 0.55835:  64%|██████▍   | 321/500 [08:26<04:42,  1.58s/it]Best trial: 311. Best value: 0.55835:  64%|██████▍   | 321/500 [08:26<04:42,  1.58s/it]Best trial: 311. Best value: 0.55835:  64%|██████▍   | 322/500 [08:26<04:40,  1.58s/it]                                                                                       [I 2026-05-21 18:30:00,213] Trial 322 finished with value: 0.5474538968952449 and parameters: {'fire_exp': 0.6640613210500006, 'D_low': 100.88136191489183, 'D_high': 4790.00323007221, 'pre_dampen_half': 1.0122537308313764, 'P_half': 19.49624041779844, 'gpp_d': 34.45376032977231, 'ign_c': 17.410887682639192, 'P_humid': 1929.919938949215, 'P_humid_q': 4.6320367045595}. Best is trial 311 with value: 0.5583503107520487.
Best trial: 311. Best value: 0.55835:  64%|██████▍   | 322/500 [08:28<04:40,  1.58s/it]Best trial: 311. Best value: 0.55835:  64%|██████▍   | 322/500 [08:28<04:40,  1.58s/it]Best trial: 311. Best value: 0.55835:  65%|██████▍   | 323/500 [08:28<04:39,  1.58s/it]                                                                                       [I 2026-05-21 18:30:01,785] Trial 323 finished with value: 0.5511333220203039 and parameters: {'fire_exp': 0.6728467676669939, 'D_low': 93.74626265927282, 'D_high': 4938.048313605567, 'pre_dampen_half': 1.0858917894017115, 'P_half': 23.66631971458903, 'gpp_d': 28.712584150919117, 'ign_c': 18.04102417970071, 'P_humid': 2149.1228778437016, 'P_humid_q': 4.886850707436076}. Best is trial 311 with value: 0.5583503107520487.
Best trial: 311. Best value: 0.55835:  65%|██████▍   | 323/500 [08:30<04:39,  1.58s/it]Best trial: 311. Best value: 0.55835:  65%|██████▍   | 323/500 [08:30<04:39,  1.58s/it]Best trial: 311. Best value: 0.55835:  65%|██████▍   | 324/500 [08:30<04:37,  1.58s/it]                                                                                       [I 2026-05-21 18:30:03,374] Trial 324 finished with value: 0.5543368657098154 and parameters: {'fire_exp': 0.66267919351086, 'D_low': 91.33223364321447, 'D_high': 5025.555985288703, 'pre_dampen_half': 1.0006472802461102, 'P_half': 18.570528002193466, 'gpp_d': 31.076195667691174, 'ign_c': 18.31663841097194, 'P_humid': 1996.0902652742443, 'P_humid_q': 4.756987735164469}. Best is trial 311 with value: 0.5583503107520487.
Best trial: 311. Best value: 0.55835:  65%|██████▍   | 324/500 [08:31<04:37,  1.58s/it]Best trial: 311. Best value: 0.55835:  65%|██████▍   | 324/500 [08:31<04:37,  1.58s/it]Best trial: 311. Best value: 0.55835:  65%|██████▌   | 325/500 [08:31<04:36,  1.58s/it]                                                                                       [I 2026-05-21 18:30:04,944] Trial 325 finished with value: 0.5567238679902513 and parameters: {'fire_exp': 0.6760570536291338, 'D_low': 96.53221827926838, 'D_high': 5212.320386712117, 'pre_dampen_half': 1.0988207458745018, 'P_half': 20.653894676171657, 'gpp_d': 35.48746589202167, 'ign_c': 18.80519317095621, 'P_humid': 2124.3907648084987, 'P_humid_q': 4.892436601419795}. Best is trial 311 with value: 0.5583503107520487.
Best trial: 311. Best value: 0.55835:  65%|██████▌   | 325/500 [08:33<04:36,  1.58s/it]Best trial: 311. Best value: 0.55835:  65%|██████▌   | 325/500 [08:33<04:36,  1.58s/it]Best trial: 311. Best value: 0.55835:  65%|██████▌   | 326/500 [08:33<04:34,  1.58s/it]                                                                                       [I 2026-05-21 18:30:06,526] Trial 326 finished with value: 0.5448657262025953 and parameters: {'fire_exp': 0.6727432763848745, 'D_low': 95.83214082543489, 'D_high': 5186.859026592043, 'pre_dampen_half': 1.087556096354925, 'P_half': 21.144916489898744, 'gpp_d': 35.19339870049562, 'ign_c': 17.812848502224284, 'P_humid': 2095.5535568220985, 'P_humid_q': 4.86167288139725}. Best is trial 311 with value: 0.5583503107520487.
Best trial: 311. Best value: 0.55835:  65%|██████▌   | 326/500 [08:34<04:34,  1.58s/it]Best trial: 311. Best value: 0.55835:  65%|██████▌   | 326/500 [08:34<04:34,  1.58s/it]Best trial: 311. Best value: 0.55835:  65%|██████▌   | 327/500 [08:34<04:33,  1.58s/it]                                                                                       [I 2026-05-21 18:30:08,463] Trial 327 finished with value: 0.5551433653263327 and parameters: {'fire_exp': 0.6599144182137492, 'D_low': 98.6981346611291, 'D_high': 5029.664391218963, 'pre_dampen_half': 1.118021230769419, 'P_half': 25.273744151160006, 'gpp_d': 33.28760073862766, 'ign_c': 18.860230455698588, 'P_humid': 2156.094551206584, 'P_humid_q': 4.674079945189787}. Best is trial 311 with value: 0.5583503107520487.
Best trial: 311. Best value: 0.55835:  65%|██████▌   | 327/500 [08:36<04:33,  1.58s/it]Best trial: 311. Best value: 0.55835:  65%|██████▌   | 327/500 [08:36<04:33,  1.58s/it]Best trial: 311. Best value: 0.55835:  66%|██████▌   | 328/500 [08:36<04:50,  1.69s/it]                                                                                       [I 2026-05-21 18:30:10,197] Trial 328 finished with value: 0.5535846711101071 and parameters: {'fire_exp': 0.6628497700359981, 'D_low': 98.06326042090996, 'D_high': 5057.616145467204, 'pre_dampen_half': 1.0832202489554623, 'P_half': 24.766216112079334, 'gpp_d': 33.52344764596362, 'ign_c': 18.65741838023604, 'P_humid': 1909.5717929946431, 'P_humid_q': 4.659186201875918}. Best is trial 311 with value: 0.5583503107520487.
Best trial: 311. Best value: 0.55835:  66%|██████▌   | 328/500 [08:38<04:50,  1.69s/it]Best trial: 311. Best value: 0.55835:  66%|██████▌   | 328/500 [08:38<04:50,  1.69s/it]Best trial: 311. Best value: 0.55835:  66%|██████▌   | 329/500 [08:38<04:50,  1.70s/it]                                                                                       [I 2026-05-21 18:30:11,793] Trial 329 finished with value: 0.5508066420338443 and parameters: {'fire_exp': 0.6743262977284038, 'D_low': 93.20745983688842, 'D_high': 4968.507407829538, 'pre_dampen_half': 1.121628634959463, 'P_half': 27.848656105946883, 'gpp_d': 26.122316846384408, 'ign_c': 18.04346536398766, 'P_humid': 2025.3965229841242, 'P_humid_q': 4.747829748482503}. Best is trial 311 with value: 0.5583503107520487.
Best trial: 311. Best value: 0.55835:  66%|██████▌   | 329/500 [08:40<04:50,  1.70s/it]Best trial: 311. Best value: 0.55835:  66%|██████▌   | 329/500 [08:40<04:50,  1.70s/it]Best trial: 311. Best value: 0.55835:  66%|██████▌   | 330/500 [08:40<04:43,  1.67s/it]                                                                                       [I 2026-05-21 18:30:13,437] Trial 330 finished with value: 0.5535427117001168 and parameters: {'fire_exp': 0.6654278621818888, 'D_low': 91.04552734395044, 'D_high': 5207.782190329044, 'pre_dampen_half': 1.064906596226597, 'P_half': 23.24113182801238, 'gpp_d': 36.03494020306605, 'ign_c': 18.662611556162997, 'P_humid': 2190.717891007797, 'P_humid_q': 4.873189262022449}. Best is trial 311 with value: 0.5583503107520487.
Best trial: 311. Best value: 0.55835:  66%|██████▌   | 330/500 [08:41<04:43,  1.67s/it]Best trial: 311. Best value: 0.55835:  66%|██████▌   | 330/500 [08:41<04:43,  1.67s/it]Best trial: 311. Best value: 0.55835:  66%|██████▌   | 331/500 [08:41<04:40,  1.66s/it]                                                                                       [I 2026-05-21 18:30:15,063] Trial 331 finished with value: 0.5365476183676521 and parameters: {'fire_exp': 0.6574942848923117, 'D_low': 100.18927650878551, 'D_high': 5058.93391001701, 'pre_dampen_half': 1.146890747277813, 'P_half': 20.3457865123532, 'gpp_d': 32.1781585073306, 'ign_c': 17.732412789897182, 'P_humid': 2118.736851955163, 'P_humid_q': 4.775741185638319}. Best is trial 311 with value: 0.5583503107520487.
Best trial: 311. Best value: 0.55835:  66%|██████▌   | 331/500 [08:43<04:40,  1.66s/it]Best trial: 311. Best value: 0.55835:  66%|██████▌   | 331/500 [08:43<04:40,  1.66s/it]Best trial: 311. Best value: 0.55835:  66%|██████▋   | 332/500 [08:43<04:37,  1.65s/it]                                                                                       [I 2026-05-21 18:30:16,657] Trial 332 finished with value: 0.37997203303530136 and parameters: {'fire_exp': 0.681424792316687, 'D_low': 85.10528750575143, 'D_high': 5298.671608619828, 'pre_dampen_half': 14.792867665851093, 'P_half': 19.040334621559833, 'gpp_d': 35.72019529728476, 'ign_c': 17.030674039031407, 'P_humid': 2254.817455339407, 'P_humid_q': 4.903781549808573}. Best is trial 311 with value: 0.5583503107520487.
Best trial: 311. Best value: 0.55835:  66%|██████▋   | 332/500 [08:44<04:37,  1.65s/it]Best trial: 311. Best value: 0.55835:  66%|██████▋   | 332/500 [08:44<04:37,  1.65s/it]Best trial: 311. Best value: 0.55835:  67%|██████▋   | 333/500 [08:44<04:32,  1.63s/it]                                                                                       [I 2026-05-21 18:30:18,224] Trial 333 finished with value: 0.5473841231622552 and parameters: {'fire_exp': 0.6882813689819114, 'D_low': 96.5660364072435, 'D_high': 4855.961201905255, 'pre_dampen_half': 1.055106136686257, 'P_half': 21.515658894175463, 'gpp_d': 33.757605079690464, 'ign_c': 18.77620094431465, 'P_humid': 2067.5518079109634, 'P_humid_q': 4.999887754060286}. Best is trial 311 with value: 0.5583503107520487.
Best trial: 311. Best value: 0.55835:  67%|██████▋   | 333/500 [08:46<04:32,  1.63s/it]Best trial: 311. Best value: 0.55835:  67%|██████▋   | 333/500 [08:46<04:32,  1.63s/it]Best trial: 311. Best value: 0.55835:  67%|██████▋   | 334/500 [08:46<04:27,  1.61s/it]                                                                                       [I 2026-05-21 18:30:19,807] Trial 334 finished with value: 0.5590745219355218 and parameters: {'fire_exp': 0.6723453077013163, 'D_low': 90.80194515585468, 'D_high': 5130.314794199824, 'pre_dampen_half': 1.1470761983052393, 'P_half': 24.752864898777258, 'gpp_d': 29.913848878688075, 'ign_c': 19.106635061509124, 'P_humid': 2181.4295894122833, 'P_humid_q': 4.626093873833522}. Best is trial 334 with value: 0.5590745219355218.
Best trial: 311. Best value: 0.55835:  67%|██████▋   | 334/500 [08:48<04:27,  1.61s/it]Best trial: 334. Best value: 0.559075:  67%|██████▋   | 334/500 [08:48<04:27,  1.61s/it]Best trial: 334. Best value: 0.559075:  67%|██████▋   | 335/500 [08:48<04:24,  1.60s/it]                                                                                        [I 2026-05-21 18:30:21,379] Trial 335 finished with value: 0.5454633936932956 and parameters: {'fire_exp': 0.6560357252670735, 'D_low': 90.13881800643209, 'D_high': 5120.867507954862, 'pre_dampen_half': 1.1360338022245928, 'P_half': 24.659235246725977, 'gpp_d': 30.92432688789523, 'ign_c': 18.38858530166283, 'P_humid': 1991.9650157222177, 'P_humid_q': 4.561181340402213}. Best is trial 334 with value: 0.5590745219355218.
Best trial: 334. Best value: 0.559075:  67%|██████▋   | 335/500 [08:49<04:24,  1.60s/it]Best trial: 334. Best value: 0.559075:  67%|██████▋   | 335/500 [08:49<04:24,  1.60s/it]Best trial: 334. Best value: 0.559075:  67%|██████▋   | 336/500 [08:49<04:21,  1.59s/it]                                                                                        [I 2026-05-21 18:30:22,964] Trial 336 finished with value: 0.5536179957497104 and parameters: {'fire_exp': 0.668532396059889, 'D_low': 94.73218186633757, 'D_high': 4975.448009538451, 'pre_dampen_half': 1.0008479312437213, 'P_half': 19.06228852081159, 'gpp_d': 28.107589209832838, 'ign_c': 18.96012849601364, 'P_humid': 2169.458220006529, 'P_humid_q': 4.6766448209211156}. Best is trial 334 with value: 0.5590745219355218.
