Best trial: 34. Best value: 0.531353:   8%|▊         | 39/500 [01:03<12:11,  1.59s/it]Best trial: 34. Best value: 0.531353:   8%|▊         | 39/500 [01:03<12:11,  1.59s/it]Best trial: 34. Best value: 0.531353:   8%|▊         | 40/500 [01:03<12:10,  1.59s/it]                                                                                      [I 2026-05-21 18:37:32,876] Trial 40 finished with value: 0.5131969638253895 and parameters: {'P_humid': 630.2343504606946, 'P_humid_q': 2.2792906494811307}. Best is trial 34 with value: 0.5313530059101841.
Best trial: 34. Best value: 0.531353:   8%|▊         | 40/500 [01:04<12:10,  1.59s/it]Best trial: 34. Best value: 0.531353:   8%|▊         | 40/500 [01:04<12:10,  1.59s/it]Best trial: 34. Best value: 0.531353:   8%|▊         | 41/500 [01:04<12:08,  1.59s/it]                                                                                      [I 2026-05-21 18:37:34,454] Trial 41 finished with value: 0.5309061665045824 and parameters: {'P_humid': 592.1749921419669, 'P_humid_q': 2.590393312510879}. Best is trial 34 with value: 0.5313530059101841.
Best trial: 34. Best value: 0.531353:   8%|▊         | 41/500 [01:06<12:08,  1.59s/it]Best trial: 34. Best value: 0.531353:   8%|▊         | 41/500 [01:06<12:08,  1.59s/it]Best trial: 34. Best value: 0.531353:   8%|▊         | 42/500 [01:06<12:05,  1.58s/it]                                                                                      [I 2026-05-21 18:37:36,040] Trial 42 finished with value: 0.5258488212266408 and parameters: {'P_humid': 541.8895601755502, 'P_humid_q': 2.5209614689385895}. Best is trial 34 with value: 0.5313530059101841.
Best trial: 34. Best value: 0.531353:   8%|▊         | 42/500 [01:08<12:05,  1.58s/it]Best trial: 34. Best value: 0.531353:   8%|▊         | 42/500 [01:08<12:05,  1.58s/it]Best trial: 34. Best value: 0.531353:   9%|▊         | 43/500 [01:08<12:04,  1.58s/it]                                                                                      [I 2026-05-21 18:37:37,626] Trial 43 finished with value: 0.4924876564598812 and parameters: {'P_humid': 818.5876393909615, 'P_humid_q': 3.0073455214888796}. Best is trial 34 with value: 0.5313530059101841.
Best trial: 34. Best value: 0.531353:   9%|▊         | 43/500 [01:09<12:04,  1.58s/it]Best trial: 34. Best value: 0.531353:   9%|▊         | 43/500 [01:09<12:04,  1.58s/it]Best trial: 34. Best value: 0.531353:   9%|▉         | 44/500 [01:09<12:02,  1.58s/it]                                                                                      [I 2026-05-21 18:37:39,208] Trial 44 finished with value: 0.5098487597470241 and parameters: {'P_humid': 690.7276451592735, 'P_humid_q': 2.692758270143311}. Best is trial 34 with value: 0.5313530059101841.
Best trial: 34. Best value: 0.531353:   9%|▉         | 44/500 [01:11<12:02,  1.58s/it]Best trial: 34. Best value: 0.531353:   9%|▉         | 44/500 [01:11<12:02,  1.58s/it]Best trial: 34. Best value: 0.531353:   9%|▉         | 45/500 [01:11<12:00,  1.58s/it]/Users/adithyasrinivasan/.pyenv/versions/3.12.11/lib/python3.12/multiprocessing/resource_tracker.py:279: UserWarning: resource_tracker: There appear to be 1 leaked semaphore objects to clean up at shutdown
  warnings.warn('resource_tracker: There appear to be %d '
