[I 2026-05-21 18:21:31,663] A new study created in memory with name: no-name-594286c3-d777-420c-a3d6-c6e706a9afbe
  0%|          | 0/500 [00:00<?, ?it/s]                                       [I 2026-05-21 18:21:33,356] Trial 0 finished with value: 0.41153012448866444 and parameters: {'fire_exp': 0.39196955915567644, 'D_low': 119.18863091361605, 'D_high': 3472.8415414840206, 'pre_dampen_half': 14.422303034972064, 'P_half': 27.4146861257505, 'gpp_d': 100.37585915858598, 'ign_c': 20.022409273198758, 'P_humid': 358.09312255825057, 'P_humid_q': 1.5616632064787945}. Best is trial 0 with value: 0.41153012448866444.
  0%|          | 0/500 [00:01<?, ?it/s]Best trial: 0. Best value: 0.41153:   0%|          | 0/500 [00:01<?, ?it/s]Best trial: 0. Best value: 0.41153:   0%|          | 1/500 [00:01<13:55,  1.67s/it]                                                                                   [I 2026-05-21 18:21:34,942] Trial 1 finished with value: 0.3965129378614656 and parameters: {'fire_exp': 0.624935375454058, 'D_low': 105.09219945693167, 'D_high': 5116.82566246969, 'pre_dampen_half': 4.076529115191351, 'P_half': 0.6549600371761736, 'gpp_d': 47.415033690636506, 'ign_c': 28.191870554392274, 'P_humid': 506.74803424961374, 'P_humid_q': 2.4249826205431106}. Best is trial 0 with value: 0.41153012448866444.
Best trial: 0. Best value: 0.41153:   0%|          | 1/500 [00:03<13:55,  1.67s/it]Best trial: 0. Best value: 0.41153:   0%|          | 1/500 [00:03<13:55,  1.67s/it]Best trial: 0. Best value: 0.41153:   0%|          | 2/500 [00:03<13:27,  1.62s/it]                                                                                   [I 2026-05-21 18:21:36,530] Trial 2 finished with value: 0.33415345892616033 and parameters: {'fire_exp': 0.8621633108289619, 'D_low': 13.485891857048722, 'D_high': 4202.470128588551, 'pre_dampen_half': 33.27855490962325, 'P_half': 1.2837585723501292, 'gpp_d': 103.42650111936962, 'ign_c': 28.182567497734624, 'P_humid': 416.10790593800704, 'P_humid_q': 2.7600391291666995}. Best is trial 0 with value: 0.41153012448866444.
Best trial: 0. Best value: 0.41153:   0%|          | 2/500 [00:04<13:27,  1.62s/it]Best trial: 0. Best value: 0.41153:   0%|          | 2/500 [00:04<13:27,  1.62s/it]Best trial: 0. Best value: 0.41153:   1%|          | 3/500 [00:04<13:18,  1.61s/it]                                                                                   [I 2026-05-21 18:21:38,096] Trial 3 finished with value: 0.45648483980796584 and parameters: {'fire_exp': 0.7627254225061192, 'D_low': 103.66185372374792, 'D_high': 3604.8878688524132, 'pre_dampen_half': 2.1290238757663196, 'P_half': 3.7292885148198702, 'gpp_d': 61.025823198821485, 'ign_c': 19.548023097031766, 'P_humid': 737.0667620648647, 'P_humid_q': 4.238214573253525}. Best is trial 3 with value: 0.45648483980796584.
Best trial: 0. Best value: 0.41153:   1%|          | 3/500 [00:06<13:18,  1.61s/it]Best trial: 3. Best value: 0.456485:   1%|          | 3/500 [00:06<13:18,  1.61s/it]Best trial: 3. Best value: 0.456485:   1%|          | 4/500 [00:06<13:08,  1.59s/it]                                                                                    [I 2026-05-21 18:21:39,674] Trial 4 finished with value: 0.47140438592248535 and parameters: {'fire_exp': 0.7727561285857302, 'D_low': 53.9592548097727, 'D_high': 4076.813996897793, 'pre_dampen_half': 2.7685166260937346, 'P_half': 3.1929581851272815, 'gpp_d': 57.57917494761499, 'ign_c': 23.147989255595164, 'P_humid': 745.1885165628776, 'P_humid_q': 2.4577369960897277}. Best is trial 4 with value: 0.47140438592248535.
Best trial: 3. Best value: 0.456485:   1%|          | 4/500 [00:07<13:08,  1.59s/it]Best trial: 4. Best value: 0.471404:   1%|          | 4/500 [00:07<13:08,  1.59s/it]Best trial: 4. Best value: 0.471404:   1%|          | 5/500 [00:07<13:05,  1.59s/it]                                                                                    [I 2026-05-21 18:21:41,236] Trial 5 finished with value: 0.5439726888478001 and parameters: {'fire_exp': 0.7456282673799729, 'D_low': 67.81885607593684, 'D_high': 5578.904711239524, 'pre_dampen_half': 1.9457826182057123, 'P_half': 10.394209234639758, 'gpp_d': 70.88450253348469, 'ign_c': 18.529071453698847, 'P_humid': 1425.5118076562846, 'P_humid_q': 2.757659144833223}. Best is trial 5 with value: 0.5439726888478001.
Best trial: 4. Best value: 0.471404:   1%|          | 5/500 [00:09<13:05,  1.59s/it]Best trial: 5. Best value: 0.543973:   1%|          | 5/500 [00:09<13:05,  1.59s/it]Best trial: 5. Best value: 0.543973:   1%|          | 6/500 [00:09<12:59,  1.58s/it]                                                                                    [I 2026-05-21 18:21:42,796] Trial 6 finished with value: 0.45438796633944234 and parameters: {'fire_exp': 0.5781872881416937, 'D_low': 10.199763278786147, 'D_high': 1915.1805563103844, 'pre_dampen_half': 13.692803514068459, 'P_half': 4.2789359217960925, 'gpp_d': 160.97396465395622, 'ign_c': 29.109366460058517, 'P_humid': 1606.0312786784605, 'P_humid_q': 0.5497048461629005}. Best is trial 5 with value: 0.5439726888478001.
Best trial: 5. Best value: 0.543973:   1%|          | 6/500 [00:11<12:59,  1.58s/it]Best trial: 5. Best value: 0.543973:   1%|          | 6/500 [00:11<12:59,  1.58s/it]Best trial: 5. Best value: 0.543973:   1%|▏         | 7/500 [00:11<12:54,  1.57s/it]                                                                                    [I 2026-05-21 18:21:44,366] Trial 7 finished with value: 0.3729733837529906 and parameters: {'fire_exp': 0.5198689766750885, 'D_low': 92.96325622527222, 'D_high': 2558.0418326585896, 'pre_dampen_half': 35.15130323669895, 'P_half': 23.955690039190614, 'gpp_d': 253.99489621910558, 'ign_c': 19.446479925768045, 'P_humid': 2371.003167842679, 'P_humid_q': 0.9162200190351955}. Best is trial 5 with value: 0.5439726888478001.
Best trial: 5. Best value: 0.543973:   1%|▏         | 7/500 [00:12<12:54,  1.57s/it]Best trial: 5. Best value: 0.543973:   1%|▏         | 7/500 [00:12<12:54,  1.57s/it]Best trial: 5. Best value: 0.543973:   2%|▏         | 8/500 [00:12<12:53,  1.57s/it]                                                                                    [I 2026-05-21 18:21:45,925] Trial 8 finished with value: 0.40584047521228095 and parameters: {'fire_exp': 0.5198035115138094, 'D_low': 74.8194951816184, 'D_high': 4838.312403075601, 'pre_dampen_half': 6.002347870733332, 'P_half': 0.8757022107866234, 'gpp_d': 55.973353253675775, 'ign_c': 16.488523393448858, 'P_humid': 627.5556445989496, 'P_humid_q': 1.077856582189201}. Best is trial 5 with value: 0.5439726888478001.
Best trial: 5. Best value: 0.543973:   2%|▏         | 8/500 [00:14<12:53,  1.57s/it]Best trial: 5. Best value: 0.543973:   2%|▏         | 8/500 [00:14<12:53,  1.57s/it]Best trial: 5. Best value: 0.543973:   2%|▏         | 9/500 [00:14<12:49,  1.57s/it]                                                                                    [I 2026-05-21 18:21:47,503] Trial 9 finished with value: 0.42261344009528123 and parameters: {'fire_exp': 0.5781959749152886, 'D_low': 72.73689205038127, 'D_high': 4987.0516911630775, 'pre_dampen_half': 18.87407511800892, 'P_half': 4.244813986556792, 'gpp_d': 79.49207394993277, 'ign_c': 25.564272030877934, 'P_humid': 2653.4527183256296, 'P_humid_q': 3.472118218373902}. Best is trial 5 with value: 0.5439726888478001.
Best trial: 5. Best value: 0.543973:   2%|▏         | 9/500 [00:15<12:49,  1.57s/it]Best trial: 5. Best value: 0.543973:   2%|▏         | 9/500 [00:15<12:49,  1.57s/it]Best trial: 5. Best value: 0.543973:   2%|▏         | 10/500 [00:15<12:49,  1.57s/it]                                                                                     [I 2026-05-21 18:21:49,079] Trial 10 finished with value: 0.5084856645494229 and parameters: {'fire_exp': 0.7294194648934823, 'D_low': 140.87218652472956, 'D_high': 5879.123389286131, 'pre_dampen_half': 1.0775855655309576, 'P_half': 10.46805575897532, 'gpp_d': 24.047784290040934, 'ign_c': 10.840450117367428, 'P_humid': 1365.3116451401386, 'P_humid_q': 4.958218784714635}. Best is trial 5 with value: 0.5439726888478001.
Best trial: 5. Best value: 0.543973:   2%|▏         | 10/500 [00:17<12:49,  1.57s/it]Best trial: 5. Best value: 0.543973:   2%|▏         | 10/500 [00:17<12:49,  1.57s/it]Best trial: 5. Best value: 0.543973:   2%|▏         | 11/500 [00:17<12:48,  1.57s/it]                                                                                     [I 2026-05-21 18:21:50,653] Trial 11 finished with value: 0.5126366909645128 and parameters: {'fire_exp': 0.7246323345428765, 'D_low': 148.4235322560927, 'D_high': 5880.181767326386, 'pre_dampen_half': 1.0004542178344493, 'P_half': 10.117975674593188, 'gpp_d': 21.907443478379527, 'ign_c': 10.462692571352079, 'P_humid': 1355.7092266138366, 'P_humid_q': 4.798121494347077}. Best is trial 5 with value: 0.5439726888478001.
Best trial: 5. Best value: 0.543973:   2%|▏         | 11/500 [00:18<12:48,  1.57s/it]Best trial: 5. Best value: 0.543973:   2%|▏         | 11/500 [00:18<12:48,  1.57s/it]Best trial: 5. Best value: 0.543973:   2%|▏         | 12/500 [00:18<12:47,  1.57s/it]                                                                                     [I 2026-05-21 18:21:52,233] Trial 12 finished with value: 0.47117993199372454 and parameters: {'fire_exp': 0.7044783536527082, 'D_low': 46.79364136844342, 'D_high': 5952.838512013867, 'pre_dampen_half': 1.1594696359677894, 'P_half': 11.492216335110186, 'gpp_d': 21.676258525581165, 'ign_c': 10.07121730805331, 'P_humid': 1393.6664797459828, 'P_humid_q': 4.983762688861217}. Best is trial 5 with value: 0.5439726888478001.
Best trial: 5. Best value: 0.543973:   2%|▏         | 12/500 [00:20<12:47,  1.57s/it]Best trial: 5. Best value: 0.543973:   2%|▏         | 12/500 [00:20<12:47,  1.57s/it]Best trial: 5. Best value: 0.543973:   3%|▎         | 13/500 [00:20<12:47,  1.57s/it]                                                                                     [I 2026-05-21 18:21:53,811] Trial 13 finished with value: 0.4809325289687384 and parameters: {'fire_exp': 0.8851898982513685, 'D_low': 140.34367962026693, 'D_high': 5483.167094388771, 'pre_dampen_half': 1.7924476251614423, 'P_half': 10.00698206077364, 'gpp_d': 34.09907398453389, 'ign_c': 13.546847700832908, 'P_humid': 994.5376321872048, 'P_humid_q': 3.7088311502631726}. Best is trial 5 with value: 0.5439726888478001.
Best trial: 5. Best value: 0.543973:   3%|▎         | 13/500 [00:22<12:47,  1.57s/it]Best trial: 5. Best value: 0.543973:   3%|▎         | 13/500 [00:22<12:47,  1.57s/it]Best trial: 5. Best value: 0.543973:   3%|▎         | 14/500 [00:22<12:45,  1.58s/it]                                                                                     [I 2026-05-21 18:21:55,382] Trial 14 finished with value: 0.5387424511734702 and parameters: {'fire_exp': 0.8117314773127411, 'D_low': 46.01511375888544, 'D_high': 4698.682642331444, 'pre_dampen_half': 1.5184917339623867, 'P_half': 6.81346689646177, 'gpp_d': 329.8776872621107, 'ign_c': 14.314210487263368, 'P_humid': 1965.638808385708, 'P_humid_q': 1.9227819632776928}. Best is trial 5 with value: 0.5439726888478001.
Best trial: 5. Best value: 0.543973:   3%|▎         | 14/500 [00:23<12:45,  1.58s/it]Best trial: 5. Best value: 0.543973:   3%|▎         | 14/500 [00:23<12:45,  1.58s/it]Best trial: 5. Best value: 0.543973:   3%|▎         | 15/500 [00:23<12:43,  1.57s/it]                                                                                     [I 2026-05-21 18:21:56,946] Trial 15 finished with value: 0.4761148565407455 and parameters: {'fire_exp': 0.8220876220883768, 'D_low': 41.824662812032656, 'D_high': 4592.392715985319, 'pre_dampen_half': 3.608811793414466, 'P_half': 2.172001702873574, 'gpp_d': 287.24687670739434, 'ign_c': 15.248361919030692, 'P_humid': 2107.087527092435, 'P_humid_q': 1.8097951026900163}. Best is trial 5 with value: 0.5439726888478001.
Best trial: 5. Best value: 0.543973:   3%|▎         | 15/500 [00:25<12:43,  1.57s/it]Best trial: 5. Best value: 0.543973:   3%|▎         | 15/500 [00:25<12:43,  1.57s/it]Best trial: 5. Best value: 0.543973:   3%|▎         | 16/500 [00:25<12:40,  1.57s/it]                                                                                     [I 2026-05-21 18:21:58,525] Trial 16 finished with value: 0.4923153376920236 and parameters: {'fire_exp': 0.6644632661729061, 'D_low': 35.795475640410395, 'D_high': 3037.621242301245, 'pre_dampen_half': 1.7163835472384565, 'P_half': 6.2181440376427455, 'gpp_d': 167.78452542394163, 'ign_c': 16.90358304660487, 'P_humid': 3022.0166854896984, 'P_humid_q': 3.2363850523614968}. Best is trial 5 with value: 0.5439726888478001.
Best trial: 5. Best value: 0.543973:   3%|▎         | 16/500 [00:26<12:40,  1.57s/it]Best trial: 5. Best value: 0.543973:   3%|▎         | 16/500 [00:26<12:40,  1.57s/it]Best trial: 5. Best value: 0.543973:   3%|▎         | 17/500 [00:26<12:40,  1.57s/it]                                                                                     [I 2026-05-21 18:22:00,109] Trial 17 finished with value: 0.4167852753963104 and parameters: {'fire_exp': 0.8054366852174114, 'D_low': 60.16017226050662, 'D_high': 5206.039972967282, 'pre_dampen_half': 6.739550515371019, 'P_half': 16.39047303369807, 'gpp_d': 163.6682121522479, 'ign_c': 13.304806178491488, 'P_humid': 1915.232527927743, 'P_humid_q': 1.9098217498755374}. Best is trial 5 with value: 0.5439726888478001.
Best trial: 5. Best value: 0.543973:   3%|▎         | 17/500 [00:28<12:40,  1.57s/it]Best trial: 5. Best value: 0.543973:   3%|▎         | 17/500 [00:28<12:40,  1.57s/it]Best trial: 5. Best value: 0.543973:   4%|▎         | 18/500 [00:28<12:39,  1.58s/it]                                                                                     [I 2026-05-21 18:22:01,673] Trial 18 finished with value: 0.4790363006981735 and parameters: {'fire_exp': 0.8347331396543186, 'D_low': 28.364192749294375, 'D_high': 5509.600293253, 'pre_dampen_half': 7.988287449295157, 'P_half': 6.574553099730465, 'gpp_d': 384.3313591794097, 'ign_c': 22.057685564212736, 'P_humid': 3470.716277968779, 'P_humid_q': 2.910984429158319}. Best is trial 5 with value: 0.5439726888478001.
Best trial: 5. Best value: 0.543973:   4%|▎         | 18/500 [00:29<12:39,  1.58s/it]Best trial: 5. Best value: 0.543973:   4%|▎         | 18/500 [00:29<12:39,  1.58s/it]Best trial: 5. Best value: 0.543973:   4%|▍         | 19/500 [00:29<12:36,  1.57s/it]                                                                                     [I 2026-05-21 18:22:03,235] Trial 19 finished with value: 0.37223562887096606 and parameters: {'fire_exp': 0.3597265577325223, 'D_low': 66.7257899441627, 'D_high': 4315.162342869467, 'pre_dampen_half': 2.812126367560658, 'P_half': 2.042620035107357, 'gpp_d': 127.01886581734847, 'ign_c': 17.720379511713226, 'P_humid': 1045.1620064087808, 'P_humid_q': 2.214366958904737}. Best is trial 5 with value: 0.5439726888478001.
Best trial: 5. Best value: 0.543973:   4%|▍         | 19/500 [00:31<12:36,  1.57s/it]Best trial: 5. Best value: 0.543973:   4%|▍         | 19/500 [00:31<12:36,  1.57s/it]Best trial: 5. Best value: 0.543973:   4%|▍         | 20/500 [00:31<12:33,  1.57s/it]                                                                                     [I 2026-05-21 18:22:04,812] Trial 20 finished with value: 0.5336303358860639 and parameters: {'fire_exp': 0.6886046603863698, 'D_low': 90.63579723989662, 'D_high': 4629.6042980772945, 'pre_dampen_half': 1.5125416705864088, 'P_half': 18.045646793397182, 'gpp_d': 35.60751298290969, 'ign_c': 13.730619192032295, 'P_humid': 1022.0698920057599, 'P_humid_q': 1.498619244187661}. Best is trial 5 with value: 0.5439726888478001.
Best trial: 5. Best value: 0.543973:   4%|▍         | 20/500 [00:33<12:33,  1.57s/it]Best trial: 5. Best value: 0.543973:   4%|▍         | 20/500 [00:33<12:33,  1.57s/it]Best trial: 5. Best value: 0.543973:   4%|▍         | 21/500 [00:33<12:32,  1.57s/it]                                                                                     [I 2026-05-21 18:22:06,371] Trial 21 finished with value: 0.5179792802601162 and parameters: {'fire_exp': 0.6767005189042195, 'D_low': 83.7686129888767, 'D_high': 4700.957862098276, 'pre_dampen_half': 1.6842261391694606, 'P_half': 17.56940936611178, 'gpp_d': 36.23311501037162, 'ign_c': 13.327462101502167, 'P_humid': 1030.4380370447996, 'P_humid_q': 1.3216503662053447}. Best is trial 5 with value: 0.5439726888478001.
Best trial: 5. Best value: 0.543973:   4%|▍         | 21/500 [00:34<12:32,  1.57s/it]Best trial: 5. Best value: 0.543973:   4%|▍         | 21/500 [00:34<12:32,  1.57s/it]Best trial: 5. Best value: 0.543973:   4%|▍         | 22/500 [00:34<12:29,  1.57s/it]                                                                                     [I 2026-05-21 18:22:07,954] Trial 22 finished with value: 0.5151322557235922 and parameters: {'fire_exp': 0.7841568419556713, 'D_low': 86.4117664842233, 'D_high': 4439.090848529625, 'pre_dampen_half': 1.4557599153345855, 'P_half': 7.100014596710179, 'gpp_d': 36.457628680824484, 'ign_c': 14.942925277158775, 'P_humid': 1689.4067964374906, 'P_humid_q': 0.31862520785326875}. Best is trial 5 with value: 0.5439726888478001.
Best trial: 5. Best value: 0.543973:   4%|▍         | 22/500 [00:36<12:29,  1.57s/it]Best trial: 5. Best value: 0.543973:   4%|▍         | 22/500 [00:36<12:29,  1.57s/it]Best trial: 5. Best value: 0.543973:   5%|▍         | 23/500 [00:36<12:30,  1.57s/it]                                                                                     [I 2026-05-21 18:22:09,523] Trial 23 finished with value: 0.5035421705255727 and parameters: {'fire_exp': 0.8999019252367704, 'D_low': 58.323911720576966, 'D_high': 3948.859210180891, 'pre_dampen_half': 2.3191468490173412, 'P_half': 14.61407075875923, 'gpp_d': 76.36134660435108, 'ign_c': 12.775623516161284, 'P_humid': 1156.428249884475, 'P_humid_q': 1.9086491042040297}. Best is trial 5 with value: 0.5439726888478001.
Best trial: 5. Best value: 0.543973:   5%|▍         | 23/500 [00:37<12:30,  1.57s/it]Best trial: 5. Best value: 0.543973:   5%|▍         | 23/500 [00:37<12:30,  1.57s/it]Best trial: 5. Best value: 0.543973:   5%|▍         | 24/500 [00:37<12:27,  1.57s/it]                                                                                     [I 2026-05-21 18:22:11,092] Trial 24 finished with value: 0.48000097048135304 and parameters: {'fire_exp': 0.6373586820989746, 'D_low': 25.768897997894236, 'D_high': 5319.832484155777, 'pre_dampen_half': 4.106502767367651, 'P_half': 20.762213157262597, 'gpp_d': 45.73742977831057, 'ign_c': 17.914572363599714, 'P_humid': 819.7108761564505, 'P_humid_q': 3.030135351942402}. Best is trial 5 with value: 0.5439726888478001.
Best trial: 5. Best value: 0.543973:   5%|▍         | 24/500 [00:39<12:27,  1.57s/it]Best trial: 5. Best value: 0.543973:   5%|▍         | 24/500 [00:39<12:27,  1.57s/it]Best trial: 5. Best value: 0.543973:   5%|▌         | 25/500 [00:39<12:26,  1.57s/it]                                                                                     [I 2026-05-21 18:22:12,660] Trial 25 finished with value: 0.5350667066571986 and parameters: {'fire_exp': 0.7463457289575449, 'D_low': 102.78384169438661, 'D_high': 4808.916225178199, 'pre_dampen_half': 1.230485924819252, 'P_half': 7.694432723005203, 'gpp_d': 29.138744450670107, 'ign_c': 15.17562790717207, 'P_humid': 1816.6965473354155, 'P_humid_q': 2.1895402878009698}. Best is trial 5 with value: 0.5439726888478001.
Best trial: 5. Best value: 0.543973:   5%|▌         | 25/500 [00:40<12:26,  1.57s/it]Best trial: 5. Best value: 0.543973:   5%|▌         | 25/500 [00:40<12:26,  1.57s/it]Best trial: 5. Best value: 0.543973:   5%|▌         | 26/500 [00:40<12:24,  1.57s/it]                                                                                     [I 2026-05-21 18:22:14,224] Trial 26 finished with value: 0.5170360033317583 and parameters: {'fire_exp': 0.749025768376852, 'D_low': 120.53553098514523, 'D_high': 5526.02827631667, 'pre_dampen_half': 1.3166657879268284, 'P_half': 7.252728887207293, 'gpp_d': 227.03510402868432, 'ign_c': 21.12937738696005, 'P_humid': 1834.3442278215562, 'P_humid_q': 2.273440830472048}. Best is trial 5 with value: 0.5439726888478001.
Best trial: 5. Best value: 0.543973:   5%|▌         | 26/500 [00:42<12:24,  1.57s/it]Best trial: 5. Best value: 0.543973:   5%|▌         | 26/500 [00:42<12:24,  1.57s/it]Best trial: 5. Best value: 0.543973:   5%|▌         | 27/500 [00:42<12:21,  1.57s/it]                                                                                     [I 2026-05-21 18:22:15,804] Trial 27 finished with value: 0.5300835924710445 and parameters: {'fire_exp': 0.8394136415087434, 'D_low': 118.80960342735341, 'D_high': 3243.5577594177735, 'pre_dampen_half': 2.9464343058966724, 'P_half': 5.450663097276962, 'gpp_d': 27.120618935416157, 'ign_c': 15.4921048702665, 'P_humid': 2255.906735740113, 'P_humid_q': 3.903840140722108}. Best is trial 5 with value: 0.5439726888478001.
Best trial: 5. Best value: 0.543973:   5%|▌         | 27/500 [00:44<12:21,  1.57s/it]Best trial: 5. Best value: 0.543973:   5%|▌         | 27/500 [00:44<12:21,  1.57s/it]Best trial: 5. Best value: 0.543973:   6%|▌         | 28/500 [00:44<12:21,  1.57s/it]                                                                                     [I 2026-05-21 18:22:17,367] Trial 28 finished with value: 0.41488435115950156 and parameters: {'fire_exp': 0.7741316450011795, 'D_low': 99.2443549094134, 'D_high': 5010.807531330906, 'pre_dampen_half': 5.05495294378704, 'P_half': 2.6860681156398774, 'gpp_d': 120.28525236974329, 'ign_c': 11.83780020716692, 'P_humid': 2630.154533740917, 'P_humid_q': 2.6732668522327816}. Best is trial 5 with value: 0.5439726888478001.
