Best trial: 334. Best value: 0.559075:  67%|██████▋   | 336/500 [08:51<04:21,  1.59s/it]Best trial: 334. Best value: 0.559075:  67%|██████▋   | 336/500 [08:51<04:21,  1.59s/it]Best trial: 334. Best value: 0.559075:  67%|██████▋   | 337/500 [08:51<04:19,  1.59s/it]                                                                                        [I 2026-05-21 18:30:24,545] Trial 337 finished with value: 0.5522950863590212 and parameters: {'fire_exp': 0.6749821150206319, 'D_low': 85.41033575569732, 'D_high': 5204.338977593813, 'pre_dampen_half': 1.1447987359796172, 'P_half': 24.67668224858865, 'gpp_d': 31.191694487938026, 'ign_c': 18.965209710852545, 'P_humid': 1870.415618798171, 'P_humid_q': 4.796363180851062}. Best is trial 334 with value: 0.5590745219355218.
Best trial: 334. Best value: 0.559075:  67%|██████▋   | 337/500 [08:52<04:19,  1.59s/it]Best trial: 334. Best value: 0.559075:  67%|██████▋   | 337/500 [08:52<04:19,  1.59s/it]Best trial: 334. Best value: 0.559075:  68%|██████▊   | 338/500 [08:52<04:17,  1.59s/it]                                                                                        [I 2026-05-21 18:30:26,119] Trial 338 finished with value: 0.5536412641848332 and parameters: {'fire_exp': 0.6882085670135729, 'D_low': 89.53883971340505, 'D_high': 5077.244599387223, 'pre_dampen_half': 1.0717665739292468, 'P_half': 28.91675833214196, 'gpp_d': 36.4136012273088, 'ign_c': 18.249114158530194, 'P_humid': 2128.0968809886535, 'P_humid_q': 4.891604434464365}. Best is trial 334 with value: 0.5590745219355218.
Best trial: 334. Best value: 0.559075:  68%|██████▊   | 338/500 [08:54<04:17,  1.59s/it]Best trial: 334. Best value: 0.559075:  68%|██████▊   | 338/500 [08:54<04:17,  1.59s/it]Best trial: 334. Best value: 0.559075:  68%|██████▊   | 339/500 [08:54<04:15,  1.58s/it]                                                                                        [I 2026-05-21 18:30:27,693] Trial 339 finished with value: 0.5426243901958645 and parameters: {'fire_exp': 0.654422624789227, 'D_low': 94.05959413864551, 'D_high': 5161.927586759067, 'pre_dampen_half': 1.158860937534342, 'P_half': 18.682287510125406, 'gpp_d': 33.08269670160374, 'ign_c': 18.975626794694335, 'P_humid': 2305.6338681755983, 'P_humid_q': 4.627128112362435}. Best is trial 334 with value: 0.5590745219355218.
Best trial: 334. Best value: 0.559075:  68%|██████▊   | 339/500 [08:56<04:15,  1.58s/it]Best trial: 334. Best value: 0.559075:  68%|██████▊   | 339/500 [08:56<04:15,  1.58s/it]Best trial: 334. Best value: 0.559075:  68%|██████▊   | 340/500 [08:56<04:12,  1.58s/it]                                                                                        [I 2026-05-21 18:30:29,288] Trial 340 finished with value: 0.5533776975239423 and parameters: {'fire_exp': 0.6662963603200335, 'D_low': 102.74992477501934, 'D_high': 5237.673054623889, 'pre_dampen_half': 1.100852279205918, 'P_half': 22.642486600082808, 'gpp_d': 29.896163065319314, 'ign_c': 18.59164562311466, 'P_humid': 1989.3823481382233, 'P_humid_q': 4.741949831428709}. Best is trial 334 with value: 0.5590745219355218.
Best trial: 334. Best value: 0.559075:  68%|██████▊   | 340/500 [08:57<04:12,  1.58s/it]Best trial: 334. Best value: 0.559075:  68%|██████▊   | 340/500 [08:57<04:12,  1.58s/it]Best trial: 334. Best value: 0.559075:  68%|██████▊   | 341/500 [08:57<04:12,  1.59s/it]                                                                                        [I 2026-05-21 18:30:30,926] Trial 341 finished with value: 0.5479671528123273 and parameters: {'fire_exp': 0.6889334474816007, 'D_low': 84.04865223855934, 'D_high': 4775.437778998405, 'pre_dampen_half': 1.0002547331497422, 'P_half': 19.73860006550281, 'gpp_d': 35.09463932449292, 'ign_c': 19.0623232655505, 'P_humid': 2191.2675486334297, 'P_humid_q': 4.886785460483123}. Best is trial 334 with value: 0.5590745219355218.
Best trial: 334. Best value: 0.559075:  68%|██████▊   | 341/500 [08:59<04:12,  1.59s/it]Best trial: 334. Best value: 0.559075:  68%|██████▊   | 341/500 [08:59<04:12,  1.59s/it]Best trial: 334. Best value: 0.559075:  68%|██████▊   | 342/500 [08:59<04:12,  1.60s/it]                                                                                        [I 2026-05-21 18:30:32,533] Trial 342 finished with value: 0.5536527514429062 and parameters: {'fire_exp': 0.6765157227939032, 'D_low': 99.10703930075263, 'D_high': 4909.165151561695, 'pre_dampen_half': 1.1590679971743507, 'P_half': 26.960573213517744, 'gpp_d': 36.008994014131275, 'ign_c': 19.23419117470377, 'P_humid': 2083.4705602836802, 'P_humid_q': 4.8013742550836715}. Best is trial 334 with value: 0.5590745219355218.
Best trial: 334. Best value: 0.559075:  68%|██████▊   | 342/500 [09:00<04:12,  1.60s/it]Best trial: 334. Best value: 0.559075:  68%|██████▊   | 342/500 [09:00<04:12,  1.60s/it]Best trial: 334. Best value: 0.559075:  69%|██████▊   | 343/500 [09:00<04:11,  1.60s/it]                                                                                        [I 2026-05-21 18:30:34,179] Trial 343 finished with value: 0.5241786744975542 and parameters: {'fire_exp': 0.659067744679653, 'D_low': 87.55607052761304, 'D_high': 5345.944924888096, 'pre_dampen_half': 1.1779994401594798, 'P_half': 15.787830977435702, 'gpp_d': 33.268659842667084, 'ign_c': 17.73588137453354, 'P_humid': 2233.7882353865234, 'P_humid_q': 4.910861141585154}. Best is trial 334 with value: 0.5590745219355218.
Best trial: 334. Best value: 0.559075:  69%|██████▊   | 343/500 [09:02<04:11,  1.60s/it]Best trial: 334. Best value: 0.559075:  69%|██████▊   | 343/500 [09:02<04:11,  1.60s/it]Best trial: 334. Best value: 0.559075:  69%|██████▉   | 344/500 [09:02<04:12,  1.62s/it]                                                                                        [I 2026-05-21 18:30:35,779] Trial 344 finished with value: 0.5515137151460666 and parameters: {'fire_exp': 0.6768946359418668, 'D_low': 90.89120808368553, 'D_high': 5016.071288484071, 'pre_dampen_half': 1.0615867697098915, 'P_half': 20.380850585451345, 'gpp_d': 36.54755693889262, 'ign_c': 18.199313749309706, 'P_humid': 2352.806781828022, 'P_humid_q': 4.674954648239623}. Best is trial 334 with value: 0.5590745219355218.
Best trial: 334. Best value: 0.559075:  69%|██████▉   | 344/500 [09:04<04:12,  1.62s/it]Best trial: 334. Best value: 0.559075:  69%|██████▉   | 344/500 [09:04<04:12,  1.62s/it]Best trial: 334. Best value: 0.559075:  69%|██████▉   | 345/500 [09:04<04:09,  1.61s/it]                                                                                        [I 2026-05-21 18:30:37,390] Trial 345 finished with value: 0.5551172717937329 and parameters: {'fire_exp': 0.6891016434721736, 'D_low': 106.09791469899963, 'D_high': 5144.105902133116, 'pre_dampen_half': 1.1597554693162129, 'P_half': 18.119293629131096, 'gpp_d': 42.70203181671694, 'ign_c': 19.276015497429576, 'P_humid': 2330.3129536124666, 'P_humid_q': 4.807111828349385}. Best is trial 334 with value: 0.5590745219355218.
Best trial: 334. Best value: 0.559075:  69%|██████▉   | 345/500 [09:05<04:09,  1.61s/it]Best trial: 334. Best value: 0.559075:  69%|██████▉   | 345/500 [09:05<04:09,  1.61s/it]Best trial: 334. Best value: 0.559075:  69%|██████▉   | 346/500 [09:05<04:08,  1.61s/it]                                                                                        [I 2026-05-21 18:30:39,021] Trial 346 finished with value: 0.5543370358743076 and parameters: {'fire_exp': 0.6907559593951921, 'D_low': 97.0464284900734, 'D_high': 5084.031917480618, 'pre_dampen_half': 1.0698792505375028, 'P_half': 18.0000618683071, 'gpp_d': 42.69146455186673, 'ign_c': 18.77056456140133, 'P_humid': 2325.4845759147456, 'P_humid_q': 4.909258305487921}. Best is trial 334 with value: 0.5590745219355218.
Best trial: 334. Best value: 0.559075:  69%|██████▉   | 346/500 [09:07<04:08,  1.61s/it]Best trial: 334. Best value: 0.559075:  69%|██████▉   | 346/500 [09:07<04:08,  1.61s/it]Best trial: 334. Best value: 0.559075:  69%|██████▉   | 347/500 [09:07<04:07,  1.62s/it]                                                                                        [I 2026-05-21 18:30:40,633] Trial 347 finished with value: 0.5543056455320132 and parameters: {'fire_exp': 0.6666537443896837, 'D_low': 106.8566261312671, 'D_high': 5260.499941148932, 'pre_dampen_half': 1.184178131437207, 'P_half': 16.378973286882047, 'gpp_d': 41.32230258647057, 'ign_c': 19.317166010955543, 'P_humid': 2314.6661057992187, 'P_humid_q': 4.542881999619574}. Best is trial 334 with value: 0.5590745219355218.
Best trial: 334. Best value: 0.559075:  69%|██████▉   | 347/500 [09:08<04:07,  1.62s/it]Best trial: 334. Best value: 0.559075:  69%|██████▉   | 347/500 [09:08<04:07,  1.62s/it]Best trial: 334. Best value: 0.559075:  70%|██████▉   | 348/500 [09:08<04:05,  1.62s/it]                                                                                        [I 2026-05-21 18:30:42,242] Trial 348 finished with value: 0.5514935548583844 and parameters: {'fire_exp': 0.6529113374894984, 'D_low': 94.8055950182648, 'D_high': 5344.383854610591, 'pre_dampen_half': 1.0011943427624501, 'P_half': 18.284657069539147, 'gpp_d': 26.533042472116573, 'ign_c': 18.539147796268285, 'P_humid': 1827.8318823021798, 'P_humid_q': 4.747583990522122}. Best is trial 334 with value: 0.5590745219355218.
Best trial: 334. Best value: 0.559075:  70%|██████▉   | 348/500 [09:10<04:05,  1.62s/it]Best trial: 334. Best value: 0.559075:  70%|██████▉   | 348/500 [09:10<04:05,  1.62s/it]Best trial: 334. Best value: 0.559075:  70%|██████▉   | 349/500 [09:10<04:03,  1.61s/it]                                                                                        [I 2026-05-21 18:30:43,865] Trial 349 finished with value: 0.5482517254035113 and parameters: {'fire_exp': 0.690801715070805, 'D_low': 92.37319699488842, 'D_high': 4962.15347920877, 'pre_dampen_half': 1.1162367390750103, 'P_half': 23.416086909235684, 'gpp_d': 44.05326293709499, 'ign_c': 19.1813533704973, 'P_humid': 2051.2944312651302, 'P_humid_q': 4.861162365326155}. Best is trial 334 with value: 0.5590745219355218.
Best trial: 334. Best value: 0.559075:  70%|██████▉   | 349/500 [09:12<04:03,  1.61s/it]Best trial: 334. Best value: 0.559075:  70%|██████▉   | 349/500 [09:12<04:03,  1.61s/it]Best trial: 334. Best value: 0.559075:  70%|███████   | 350/500 [09:12<04:02,  1.62s/it]                                                                                        [I 2026-05-21 18:30:45,496] Trial 350 finished with value: 0.5470905334007521 and parameters: {'fire_exp': 0.6742157827641835, 'D_low': 84.0225580068616, 'D_high': 5124.6198721380115, 'pre_dampen_half': 1.1967890509816115, 'P_half': 25.77661646899782, 'gpp_d': 37.504899438082894, 'ign_c': 18.832243841790547, 'P_humid': 2299.694225113958, 'P_humid_q': 4.989121558864757}. Best is trial 334 with value: 0.5590745219355218.
Best trial: 334. Best value: 0.559075:  70%|███████   | 350/500 [09:13<04:02,  1.62s/it]Best trial: 334. Best value: 0.559075:  70%|███████   | 350/500 [09:13<04:02,  1.62s/it]Best trial: 334. Best value: 0.559075:  70%|███████   | 351/500 [09:13<04:01,  1.62s/it]                                                                                        [I 2026-05-21 18:30:47,127] Trial 351 finished with value: 0.5593807300789059 and parameters: {'fire_exp': 0.6646588211417576, 'D_low': 110.50142273751979, 'D_high': 5209.274225172454, 'pre_dampen_half': 1.1865079150580993, 'P_half': 19.68250110306289, 'gpp_d': 31.712893654560567, 'ign_c': 19.39670246355627, 'P_humid': 2146.4253759319436, 'P_humid_q': 4.7094674627691715}. Best is trial 351 with value: 0.5593807300789059.
Best trial: 334. Best value: 0.559075:  70%|███████   | 351/500 [09:15<04:01,  1.62s/it]Best trial: 351. Best value: 0.559381:  70%|███████   | 351/500 [09:15<04:01,  1.62s/it]Best trial: 351. Best value: 0.559381:  70%|███████   | 352/500 [09:15<04:00,  1.62s/it]                                                                                        [I 2026-05-21 18:30:48,720] Trial 352 finished with value: 0.5506838615957612 and parameters: {'fire_exp': 0.6535006104472737, 'D_low': 112.22350066172764, 'D_high': 4848.287788689322, 'pre_dampen_half': 1.0749580131627685, 'P_half': 22.492927526153707, 'gpp_d': 30.12638791907747, 'ign_c': 18.20151657217807, 'P_humid': 2168.544780815115, 'P_humid_q': 4.598424742829965}. Best is trial 351 with value: 0.5593807300789059.
Best trial: 351. Best value: 0.559381:  70%|███████   | 352/500 [09:17<04:00,  1.62s/it]Best trial: 351. Best value: 0.559381:  70%|███████   | 352/500 [09:17<04:00,  1.62s/it]Best trial: 351. Best value: 0.559381:  71%|███████   | 353/500 [09:17<03:57,  1.61s/it]                                                                                        [I 2026-05-21 18:30:50,304] Trial 353 finished with value: 0.5560646694040666 and parameters: {'fire_exp': 0.663782093077606, 'D_low': 103.87724915477779, 'D_high': 5209.472493754013, 'pre_dampen_half': 1.1734848343362723, 'P_half': 19.771115488588045, 'gpp_d': 31.711651871265115, 'ign_c': 19.31451451663596, 'P_humid': 1968.920595680731, 'P_humid_q': 4.699994979340435}. Best is trial 351 with value: 0.5593807300789059.
Best trial: 351. Best value: 0.559381:  71%|███████   | 353/500 [09:18<03:57,  1.61s/it]Best trial: 351. Best value: 0.559381:  71%|███████   | 353/500 [09:18<03:57,  1.61s/it]Best trial: 351. Best value: 0.559381:  71%|███████   | 354/500 [09:18<03:54,  1.61s/it]                                                                                        [I 2026-05-21 18:30:51,905] Trial 354 finished with value: 0.5516521658442213 and parameters: {'fire_exp': 0.6639081266294015, 'D_low': 101.18301222544758, 'D_high': 5071.0142485953265, 'pre_dampen_half': 1.130738316461372, 'P_half': 20.57822143996074, 'gpp_d': 27.77474705518064, 'ign_c': 19.316013792690704, 'P_humid': 1909.1801555440647, 'P_humid_q': 4.459491402020016}. Best is trial 351 with value: 0.5593807300789059.
Best trial: 351. Best value: 0.559381:  71%|███████   | 354/500 [09:20<03:54,  1.61s/it]Best trial: 351. Best value: 0.559381:  71%|███████   | 354/500 [09:20<03:54,  1.61s/it]Best trial: 351. Best value: 0.559381:  71%|███████   | 355/500 [09:20<03:52,  1.60s/it]                                                                                        [I 2026-05-21 18:30:53,507] Trial 355 finished with value: 0.5487219437388039 and parameters: {'fire_exp': 0.6537978108718199, 'D_low': 102.45747909809673, 'D_high': 5139.459227727647, 'pre_dampen_half': 1.1814895023481198, 'P_half': 19.767330799299394, 'gpp_d': 31.766053447706312, 'ign_c': 18.89521717155078, 'P_humid': 1991.7379597323757, 'P_humid_q': 4.69665604949031}. Best is trial 351 with value: 0.5593807300789059.
Best trial: 351. Best value: 0.559381:  71%|███████   | 355/500 [09:21<03:52,  1.60s/it]Best trial: 351. Best value: 0.559381:  71%|███████   | 355/500 [09:21<03:52,  1.60s/it]Best trial: 351. Best value: 0.559381:  71%|███████   | 356/500 [09:21<03:50,  1.60s/it]                                                                                        [I 2026-05-21 18:30:55,164] Trial 356 finished with value: 0.5524300402097783 and parameters: {'fire_exp': 0.6715026282569798, 'D_low': 109.06342491907364, 'D_high': 5385.834585837968, 'pre_dampen_half': 1.041561384533617, 'P_half': 16.18286421578088, 'gpp_d': 23.60616969639304, 'ign_c': 18.58188681854552, 'P_humid': 2035.0303310671864, 'P_humid_q': 4.795498330107414}. Best is trial 351 with value: 0.5593807300789059.
Best trial: 351. Best value: 0.559381:  71%|███████   | 356/500 [09:23<03:50,  1.60s/it]Best trial: 351. Best value: 0.559381:  71%|███████   | 356/500 [09:23<03:50,  1.60s/it]Best trial: 351. Best value: 0.559381:  71%|███████▏  | 357/500 [09:23<03:51,  1.62s/it]                                                                                        [I 2026-05-21 18:30:56,789] Trial 357 finished with value: 0.5550309679710465 and parameters: {'fire_exp': 0.6635265747946383, 'D_low': 106.20699449535995, 'D_high': 4957.535429352937, 'pre_dampen_half': 1.105127594460333, 'P_half': 22.437571537100432, 'gpp_d': 29.908776715643782, 'ign_c': 19.279223187238305, 'P_humid': 2108.148185937493, 'P_humid_q': 4.6770931001340665}. Best is trial 351 with value: 0.5593807300789059.
Best trial: 351. Best value: 0.559381:  71%|███████▏  | 357/500 [09:25<03:51,  1.62s/it]Best trial: 351. Best value: 0.559381:  71%|███████▏  | 357/500 [09:25<03:51,  1.62s/it]Best trial: 351. Best value: 0.559381:  72%|███████▏  | 358/500 [09:25<03:50,  1.62s/it]                                                                                        [I 2026-05-21 18:30:58,378] Trial 358 finished with value: 0.5519870885215796 and parameters: {'fire_exp': 0.6506776675448206, 'D_low': 104.82846333784556, 'D_high': 5182.657861480604, 'pre_dampen_half': 1.1892911852918864, 'P_half': 22.32449289189358, 'gpp_d': 30.481154823180248, 'ign_c': 19.322468474370424, 'P_humid': 2121.3255961837094, 'P_humid_q': 4.644714647588066}. Best is trial 351 with value: 0.5593807300789059.
Best trial: 351. Best value: 0.559381:  72%|███████▏  | 358/500 [09:26<03:50,  1.62s/it]Best trial: 351. Best value: 0.559381:  72%|███████▏  | 358/500 [09:26<03:50,  1.62s/it]Best trial: 351. Best value: 0.559381:  72%|███████▏  | 359/500 [09:26<03:47,  1.61s/it]                                                                                        [I 2026-05-21 18:31:00,009] Trial 359 finished with value: 0.5578258236609293 and parameters: {'fire_exp': 0.6641757205831199, 'D_low': 105.45225743993528, 'D_high': 5011.231160908756, 'pre_dampen_half': 1.122782180740153, 'P_half': 25.88883428476708, 'gpp_d': 28.838616734487946, 'ign_c': 19.404266387576218, 'P_humid': 2385.334570228614, 'P_humid_q': 4.831628379308834}. Best is trial 351 with value: 0.5593807300789059.
Best trial: 351. Best value: 0.559381:  72%|███████▏  | 359/500 [09:28<03:47,  1.61s/it]Best trial: 351. Best value: 0.559381:  72%|███████▏  | 359/500 [09:28<03:47,  1.61s/it]Best trial: 351. Best value: 0.559381:  72%|███████▏  | 360/500 [09:28<03:46,  1.62s/it]                                                                                        [I 2026-05-21 18:31:01,624] Trial 360 finished with value: 0.4385889143462782 and parameters: {'fire_exp': 0.6611417258439303, 'D_low': 107.23348056894932, 'D_high': 4993.81817839974, 'pre_dampen_half': 6.30019229998914, 'P_half': 26.39402046565973, 'gpp_d': 23.65257930763613, 'ign_c': 18.997484107420156, 'P_humid': 2381.5211275332167, 'P_humid_q': 4.829346660431183}. Best is trial 351 with value: 0.5593807300789059.
Best trial: 351. Best value: 0.559381:  72%|███████▏  | 360/500 [09:29<03:46,  1.62s/it]Best trial: 351. Best value: 0.559381:  72%|███████▏  | 360/500 [09:29<03:46,  1.62s/it]Best trial: 351. Best value: 0.559381:  72%|███████▏  | 361/500 [09:29<03:44,  1.62s/it]                                                                                        [I 2026-05-21 18:31:03,226] Trial 361 finished with value: 0.5508078570706353 and parameters: {'fire_exp': 0.6715722699684629, 'D_low': 110.69725137170495, 'D_high': 5078.7907449336, 'pre_dampen_half': 1.0947934950037728, 'P_half': 29.602917108295216, 'gpp_d': 29.170690682054364, 'ign_c': 19.389310061532715, 'P_humid': 2147.3466195076503, 'P_humid_q': 4.569676897535505}. Best is trial 351 with value: 0.5593807300789059.
Best trial: 351. Best value: 0.559381:  72%|███████▏  | 361/500 [09:31<03:44,  1.62s/it]Best trial: 351. Best value: 0.559381:  72%|███████▏  | 361/500 [09:31<03:44,  1.62s/it]Best trial: 351. Best value: 0.559381:  72%|███████▏  | 362/500 [09:31<03:42,  1.61s/it]                                                                                        [I 2026-05-21 18:31:04,850] Trial 362 finished with value: 0.5534103885647474 and parameters: {'fire_exp': 0.6785702497662016, 'D_low': 106.3211698347501, 'D_high': 5212.8565029646825, 'pre_dampen_half': 1.1105419331804478, 'P_half': 24.34882277445735, 'gpp_d': 27.77170118202432, 'ign_c': 19.451964614965284, 'P_humid': 2272.025143134092, 'P_humid_q': 4.705452401615734}. Best is trial 351 with value: 0.5593807300789059.
Best trial: 351. Best value: 0.559381:  72%|███████▏  | 362/500 [09:33<03:42,  1.61s/it]Best trial: 351. Best value: 0.559381:  72%|███████▏  | 362/500 [09:33<03:42,  1.61s/it]Best trial: 351. Best value: 0.559381:  73%|███████▎  | 363/500 [09:33<03:41,  1.62s/it]                                                                                        [I 2026-05-21 18:31:06,471] Trial 363 finished with value: 0.5472178816839244 and parameters: {'fire_exp': 0.6478733944215269, 'D_low': 113.78446929887419, 'D_high': 5347.500375848892, 'pre_dampen_half': 1.2035173762903313, 'P_half': 21.94975160981753, 'gpp_d': 32.38923183380454, 'ign_c': 19.045190504316274, 'P_humid': 1926.3233177571537, 'P_humid_q': 4.872284356243991}. Best is trial 351 with value: 0.5593807300789059.
Best trial: 351. Best value: 0.559381:  73%|███████▎  | 363/500 [09:34<03:41,  1.62s/it]Best trial: 351. Best value: 0.559381:  73%|███████▎  | 363/500 [09:34<03:41,  1.62s/it]Best trial: 351. Best value: 0.559381:  73%|███████▎  | 364/500 [09:34<03:39,  1.62s/it]                                                                                        [I 2026-05-21 18:31:08,066] Trial 364 finished with value: 0.4918754615027364 and parameters: {'fire_exp': 0.6443767145054509, 'D_low': 105.67610723839529, 'D_high': 4721.942686547951, 'pre_dampen_half': 1.1401895917122644, 'P_half': 23.580217051594683, 'gpp_d': 30.8381538775701, 'ign_c': 25.142848153321733, 'P_humid': 2325.1243181476384, 'P_humid_q': 4.8020447701528495}. Best is trial 351 with value: 0.5593807300789059.
