Best trial: 415. Best value: 0.55948:  95%|█████████▌| 476/500 [12:35<00:38,  1.60s/it]Best trial: 415. Best value: 0.55948:  95%|█████████▌| 476/500 [12:35<00:38,  1.60s/it]Best trial: 415. Best value: 0.55948:  95%|█████████▌| 477/500 [12:35<00:36,  1.59s/it]                                                                                       [I 2026-05-21 18:34:08,340] Trial 477 finished with value: 0.5344582114248165 and parameters: {'fire_exp': 0.6829345225081235, 'D_low': 20.983148966888294, 'D_high': 5258.118693484216, 'pre_dampen_half': 1.3493477651391932, 'P_half': 27.649130402871563, 'gpp_d': 26.841072973655592, 'ign_c': 19.64749840481662, 'P_humid': 2471.5788366874194, 'P_humid_q': 4.474470695724987}. Best is trial 415 with value: 0.559480308107108.
Best trial: 415. Best value: 0.55948:  95%|█████████▌| 477/500 [12:36<00:36,  1.59s/it]Best trial: 415. Best value: 0.55948:  95%|█████████▌| 477/500 [12:36<00:36,  1.59s/it]Best trial: 415. Best value: 0.55948:  96%|█████████▌| 478/500 [12:36<00:35,  1.59s/it]                                                                                       [I 2026-05-21 18:34:09,934] Trial 478 finished with value: 0.5571474805687266 and parameters: {'fire_exp': 0.6679886865481226, 'D_low': 107.05599838744195, 'D_high': 5158.776780881406, 'pre_dampen_half': 1.0775625796782569, 'P_half': 23.73555247417768, 'gpp_d': 37.212087102557696, 'ign_c': 19.197253317841483, 'P_humid': 2281.9001641718014, 'P_humid_q': 4.690522635165104}. Best is trial 415 with value: 0.559480308107108.
Best trial: 415. Best value: 0.55948:  96%|█████████▌| 478/500 [12:38<00:35,  1.59s/it]Best trial: 415. Best value: 0.55948:  96%|█████████▌| 478/500 [12:38<00:35,  1.59s/it]Best trial: 415. Best value: 0.55948:  96%|█████████▌| 479/500 [12:38<00:33,  1.59s/it]                                                                                       [I 2026-05-21 18:34:11,522] Trial 479 finished with value: 0.4188613231658219 and parameters: {'fire_exp': 0.6892573745474924, 'D_low': 106.87090129773499, 'D_high': 5173.61171976218, 'pre_dampen_half': 13.296801677610825, 'P_half': 24.218170552425175, 'gpp_d': 41.128730966695606, 'ign_c': 20.01964341049128, 'P_humid': 2308.028880584739, 'P_humid_q': 4.657225717326333}. Best is trial 415 with value: 0.559480308107108.
Best trial: 415. Best value: 0.55948:  96%|█████████▌| 479/500 [12:39<00:33,  1.59s/it]Best trial: 415. Best value: 0.55948:  96%|█████████▌| 479/500 [12:39<00:33,  1.59s/it]Best trial: 415. Best value: 0.55948:  96%|█████████▌| 480/500 [12:39<00:31,  1.59s/it]                                                                                       [I 2026-05-21 18:34:13,119] Trial 480 finished with value: 0.5551307785921499 and parameters: {'fire_exp': 0.6764132005040326, 'D_low': 112.00315111765846, 'D_high': 5301.248033415305, 'pre_dampen_half': 1.0774413534049854, 'P_half': 22.851687947773744, 'gpp_d': 37.72032468720247, 'ign_c': 19.292864671573923, 'P_humid': 2401.51520749396, 'P_humid_q': 4.542244550987264}. Best is trial 415 with value: 0.559480308107108.
Best trial: 415. Best value: 0.55948:  96%|█████████▌| 480/500 [12:41<00:31,  1.59s/it]Best trial: 415. Best value: 0.55948:  96%|█████████▌| 480/500 [12:41<00:31,  1.59s/it]Best trial: 415. Best value: 0.55948:  96%|█████████▌| 481/500 [12:41<00:30,  1.59s/it]                                                                                       [I 2026-05-21 18:34:14,716] Trial 481 finished with value: 0.48824854469450824 and parameters: {'fire_exp': 0.7098787334331795, 'D_low': 107.53431875446276, 'D_high': 5387.047669871389, 'pre_dampen_half': 1.1961675358789685, 'P_half': 25.43185068132669, 'gpp_d': 43.39777494190441, 'ign_c': 19.675373505664872, 'P_humid': 988.057039268517, 'P_humid_q': 4.675321436804154}. Best is trial 415 with value: 0.559480308107108.
Best trial: 415. Best value: 0.55948:  96%|█████████▌| 481/500 [12:43<00:30,  1.59s/it]Best trial: 415. Best value: 0.55948:  96%|█████████▌| 481/500 [12:43<00:30,  1.59s/it]Best trial: 415. Best value: 0.55948:  96%|█████████▋| 482/500 [12:43<00:28,  1.59s/it]                                                                                       [I 2026-05-21 18:34:16,312] Trial 482 finished with value: 0.5559608227886068 and parameters: {'fire_exp': 0.6590043359216304, 'D_low': 110.09170058655293, 'D_high': 5164.415513156893, 'pre_dampen_half': 1.0017707420155157, 'P_half': 21.162891277014246, 'gpp_d': 39.344954602463886, 'ign_c': 19.186534783843975, 'P_humid': 2269.6605299605208, 'P_humid_q': 4.718358946845224}. Best is trial 415 with value: 0.559480308107108.
Best trial: 415. Best value: 0.55948:  96%|█████████▋| 482/500 [12:44<00:28,  1.59s/it]Best trial: 415. Best value: 0.55948:  96%|█████████▋| 482/500 [12:44<00:28,  1.59s/it]Best trial: 415. Best value: 0.55948:  97%|█████████▋| 483/500 [12:44<00:27,  1.59s/it]                                                                                       [I 2026-05-21 18:34:17,902] Trial 483 finished with value: 0.5593454005868694 and parameters: {'fire_exp': 0.6496273937014545, 'D_low': 104.93976538014266, 'D_high': 5160.292702422924, 'pre_dampen_half': 1.00548771281185, 'P_half': 28.153864601376803, 'gpp_d': 39.74304672716219, 'ign_c': 19.035496178911465, 'P_humid': 2244.3565715367768, 'P_humid_q': 4.750373197925376}. Best is trial 415 with value: 0.559480308107108.
Best trial: 415. Best value: 0.55948:  97%|█████████▋| 483/500 [12:46<00:27,  1.59s/it]Best trial: 415. Best value: 0.55948:  97%|█████████▋| 483/500 [12:46<00:27,  1.59s/it]Best trial: 415. Best value: 0.55948:  97%|█████████▋| 484/500 [12:46<00:25,  1.59s/it]                                                                                       [I 2026-05-21 18:34:19,490] Trial 484 finished with value: 0.5340900774532098 and parameters: {'fire_exp': 0.6141566871479609, 'D_low': 100.89615337127923, 'D_high': 5139.19852311635, 'pre_dampen_half': 1.0734703597573905, 'P_half': 26.859411878863355, 'gpp_d': 41.45426756724678, 'ign_c': 18.959170248898157, 'P_humid': 2159.3210557699017, 'P_humid_q': 4.7833266239186445}. Best is trial 415 with value: 0.559480308107108.
Best trial: 415. Best value: 0.55948:  97%|█████████▋| 484/500 [12:47<00:25,  1.59s/it]Best trial: 415. Best value: 0.55948:  97%|█████████▋| 484/500 [12:47<00:25,  1.59s/it]Best trial: 415. Best value: 0.55948:  97%|█████████▋| 485/500 [12:47<00:23,  1.59s/it]                                                                                       [I 2026-05-21 18:34:21,082] Trial 485 finished with value: 0.5487248288173395 and parameters: {'fire_exp': 0.6424764692991823, 'D_low': 104.59852587780563, 'D_high': 5244.979072510699, 'pre_dampen_half': 1.0003038713465215, 'P_half': 27.294056879002294, 'gpp_d': 45.646548219403314, 'ign_c': 18.509412832123644, 'P_humid': 2205.1663456860515, 'P_humid_q': 4.832394579490417}. Best is trial 415 with value: 0.559480308107108.
Best trial: 415. Best value: 0.55948:  97%|█████████▋| 485/500 [12:49<00:23,  1.59s/it]Best trial: 415. Best value: 0.55948:  97%|█████████▋| 485/500 [12:49<00:23,  1.59s/it]Best trial: 415. Best value: 0.55948:  97%|█████████▋| 486/500 [12:49<00:22,  1.59s/it]                                                                                       [I 2026-05-21 18:34:22,673] Trial 486 finished with value: 0.5524162412697764 and parameters: {'fire_exp': 0.6486008247018015, 'D_low': 102.07726095964472, 'D_high': 5113.247441311337, 'pre_dampen_half': 1.051739387511286, 'P_half': 28.642664633141678, 'gpp_d': 36.715833957063595, 'ign_c': 20.106068471642388, 'P_humid': 2040.6273580885625, 'P_humid_q': 4.722234689726475}. Best is trial 415 with value: 0.559480308107108.
Best trial: 415. Best value: 0.55948:  97%|█████████▋| 486/500 [12:50<00:22,  1.59s/it]Best trial: 415. Best value: 0.55948:  97%|█████████▋| 486/500 [12:50<00:22,  1.59s/it]Best trial: 415. Best value: 0.55948:  97%|█████████▋| 487/500 [12:50<00:20,  1.59s/it]                                                                                       [I 2026-05-21 18:34:24,260] Trial 487 finished with value: 0.5287713776091326 and parameters: {'fire_exp': 0.6341601624134546, 'D_low': 98.38273627713988, 'D_high': 5042.704694791992, 'pre_dampen_half': 1.105685768466415, 'P_half': 28.70450707171266, 'gpp_d': 38.986643240300914, 'ign_c': 17.98488526214877, 'P_humid': 2266.804579039455, 'P_humid_q': 4.6021719217569395}. Best is trial 415 with value: 0.559480308107108.
Best trial: 415. Best value: 0.55948:  97%|█████████▋| 487/500 [12:52<00:20,  1.59s/it]Best trial: 415. Best value: 0.55948:  97%|█████████▋| 487/500 [12:52<00:20,  1.59s/it]Best trial: 415. Best value: 0.55948:  98%|█████████▊| 488/500 [12:52<00:19,  1.59s/it]                                                                                       [I 2026-05-21 18:34:25,844] Trial 488 finished with value: 0.5478490007893604 and parameters: {'fire_exp': 0.6587033868721227, 'D_low': 105.03831439263935, 'D_high': 5300.404827338725, 'pre_dampen_half': 1.1357559089237248, 'P_half': 24.97965596948725, 'gpp_d': 20.01646632693382, 'ign_c': 18.995551582574333, 'P_humid': 2501.750277642955, 'P_humid_q': 4.8848762899712925}. Best is trial 415 with value: 0.559480308107108.
Best trial: 415. Best value: 0.55948:  98%|█████████▊| 488/500 [12:54<00:19,  1.59s/it]Best trial: 415. Best value: 0.55948:  98%|█████████▊| 488/500 [12:54<00:19,  1.59s/it]Best trial: 415. Best value: 0.55948:  98%|█████████▊| 489/500 [12:54<00:17,  1.59s/it]                                                                                       [I 2026-05-21 18:34:27,473] Trial 489 finished with value: 0.5502558231805634 and parameters: {'fire_exp': 0.6478850780603745, 'D_low': 100.417911544531, 'D_high': 5202.356213913842, 'pre_dampen_half': 1.0051717830298794, 'P_half': 23.564726201438923, 'gpp_d': 42.65971332596454, 'ign_c': 19.808085624378982, 'P_humid': 1931.5926617466432, 'P_humid_q': 4.763232829551694}. Best is trial 415 with value: 0.559480308107108.
Best trial: 415. Best value: 0.55948:  98%|█████████▊| 489/500 [12:55<00:17,  1.59s/it]Best trial: 415. Best value: 0.55948:  98%|█████████▊| 489/500 [12:55<00:17,  1.59s/it]Best trial: 415. Best value: 0.55948:  98%|█████████▊| 490/500 [12:55<00:16,  1.60s/it]                                                                                       [I 2026-05-21 18:34:29,064] Trial 490 finished with value: 0.5569723193785642 and parameters: {'fire_exp': 0.666407550635736, 'D_low': 107.87575144585705, 'D_high': 5332.078836085019, 'pre_dampen_half': 1.1627755141265945, 'P_half': 15.174855064421497, 'gpp_d': 36.61532157848167, 'ign_c': 19.301021194591613, 'P_humid': 2176.5877386868624, 'P_humid_q': 4.659330427807178}. Best is trial 415 with value: 0.559480308107108.
Best trial: 415. Best value: 0.55948:  98%|█████████▊| 490/500 [12:57<00:16,  1.60s/it]Best trial: 415. Best value: 0.55948:  98%|█████████▊| 490/500 [12:57<00:16,  1.60s/it]Best trial: 415. Best value: 0.55948:  98%|█████████▊| 491/500 [12:57<00:14,  1.60s/it]                                                                                       [I 2026-05-21 18:34:30,654] Trial 491 finished with value: 0.5070497263003124 and parameters: {'fire_exp': 0.8998439104487225, 'D_low': 106.63163356100775, 'D_high': 5360.911005183516, 'pre_dampen_half': 1.1275034956978163, 'P_half': 15.384090415948636, 'gpp_d': 35.32739838512262, 'ign_c': 18.659997757911107, 'P_humid': 2045.7804678916184, 'P_humid_q': 4.632364671167889}. Best is trial 415 with value: 0.559480308107108.
Best trial: 415. Best value: 0.55948:  98%|█████████▊| 491/500 [12:58<00:14,  1.60s/it]Best trial: 415. Best value: 0.55948:  98%|█████████▊| 491/500 [12:58<00:14,  1.60s/it]Best trial: 415. Best value: 0.55948:  98%|█████████▊| 492/500 [12:58<00:12,  1.60s/it]                                                                                       [I 2026-05-21 18:34:32,252] Trial 492 finished with value: 0.44071726438929965 and parameters: {'fire_exp': 0.6642896257187881, 'D_low': 108.46752995860564, 'D_high': 5056.6872392512405, 'pre_dampen_half': 6.736295848449531, 'P_half': 29.597523955498932, 'gpp_d': 36.66674742347177, 'ign_c': 19.20834851648258, 'P_humid': 2176.3353797255027, 'P_humid_q': 4.560668077376214}. Best is trial 415 with value: 0.559480308107108.
Best trial: 415. Best value: 0.55948:  98%|█████████▊| 492/500 [13:00<00:12,  1.60s/it]Best trial: 415. Best value: 0.55948:  98%|█████████▊| 492/500 [13:00<00:12,  1.60s/it]Best trial: 415. Best value: 0.55948:  99%|█████████▊| 493/500 [13:00<00:11,  1.60s/it]                                                                                       [I 2026-05-21 18:34:33,837] Trial 493 finished with value: 0.5518203072756 and parameters: {'fire_exp': 0.6562637472031759, 'D_low': 104.08947562053606, 'D_high': 5401.565842678186, 'pre_dampen_half': 1.053972046315445, 'P_half': 14.998408013343536, 'gpp_d': 40.52542062305513, 'ign_c': 18.83544982705808, 'P_humid': 2107.611140993758, 'P_humid_q': 4.683333171123645}. Best is trial 415 with value: 0.559480308107108.
Best trial: 415. Best value: 0.55948:  99%|█████████▊| 493/500 [13:02<00:11,  1.60s/it]Best trial: 415. Best value: 0.55948:  99%|█████████▊| 493/500 [13:02<00:11,  1.60s/it]Best trial: 415. Best value: 0.55948:  99%|█████████▉| 494/500 [13:02<00:09,  1.59s/it]                                                                                       [I 2026-05-21 18:34:35,425] Trial 494 finished with value: 0.5542178445691296 and parameters: {'fire_exp': 0.6409748796154857, 'D_low': 109.60249279023199, 'D_high': 5192.047881184516, 'pre_dampen_half': 1.1653638666820514, 'P_half': 26.232544207655813, 'gpp_d': 33.55492280542837, 'ign_c': 19.381626205083503, 'P_humid': 1994.499431377747, 'P_humid_q': 4.630132169373048}. Best is trial 415 with value: 0.559480308107108.
Best trial: 415. Best value: 0.55948:  99%|█████████▉| 494/500 [13:03<00:09,  1.59s/it]Best trial: 415. Best value: 0.55948:  99%|█████████▉| 494/500 [13:03<00:09,  1.59s/it]Best trial: 415. Best value: 0.55948:  99%|█████████▉| 495/500 [13:03<00:07,  1.59s/it]                                                                                       [I 2026-05-21 18:34:37,015] Trial 495 finished with value: 0.5530505563713557 and parameters: {'fire_exp': 0.6686436946101684, 'D_low': 104.30074103083349, 'D_high': 5306.085427877826, 'pre_dampen_half': 1.0739691293775266, 'P_half': 23.33750160171015, 'gpp_d': 34.743557540597834, 'ign_c': 18.45602504826602, 'P_humid': 2247.630449364468, 'P_humid_q': 4.743730565140765}. Best is trial 415 with value: 0.559480308107108.
Best trial: 415. Best value: 0.55948:  99%|█████████▉| 495/500 [13:05<00:07,  1.59s/it]Best trial: 415. Best value: 0.55948:  99%|█████████▉| 495/500 [13:05<00:07,  1.59s/it]Best trial: 415. Best value: 0.55948:  99%|█████████▉| 496/500 [13:05<00:06,  1.59s/it]                                                                                       [I 2026-05-21 18:34:38,606] Trial 496 finished with value: 0.5438210062041587 and parameters: {'fire_exp': 0.6522832158466663, 'D_low': 106.62677744445683, 'D_high': 5458.60336041451, 'pre_dampen_half': 1.208467302851535, 'P_half': 16.788116021151886, 'gpp_d': 37.350414274256245, 'ign_c': 19.147720165410398, 'P_humid': 2163.111737587642, 'P_humid_q': 4.535786647443185}. Best is trial 415 with value: 0.559480308107108.
Best trial: 415. Best value: 0.55948:  99%|█████████▉| 496/500 [13:06<00:06,  1.59s/it]Best trial: 415. Best value: 0.55948:  99%|█████████▉| 496/500 [13:06<00:06,  1.59s/it]Best trial: 415. Best value: 0.55948:  99%|█████████▉| 497/500 [13:06<00:04,  1.59s/it]                                                                                       [I 2026-05-21 18:34:40,191] Trial 497 finished with value: 0.542164346618997 and parameters: {'fire_exp': 0.670729056119023, 'D_low': 102.34129659058169, 'D_high': 4977.476260617233, 'pre_dampen_half': 1.0019407915895495, 'P_half': 25.25308910278647, 'gpp_d': 39.75284696938567, 'ign_c': 19.505273463294856, 'P_humid': 1918.093544832672, 'P_humid_q': 4.821766367917307}. Best is trial 415 with value: 0.559480308107108.
Best trial: 415. Best value: 0.55948:  99%|█████████▉| 497/500 [13:08<00:04,  1.59s/it]Best trial: 415. Best value: 0.55948:  99%|█████████▉| 497/500 [13:08<00:04,  1.59s/it]Best trial: 415. Best value: 0.55948: 100%|█████████▉| 498/500 [13:08<00:03,  1.59s/it]                                                                                       [I 2026-05-21 18:34:41,784] Trial 498 finished with value: 0.5303771838217921 and parameters: {'fire_exp': 0.664015198460394, 'D_low': 33.91335378563079, 'D_high': 5104.703083754871, 'pre_dampen_half': 1.1465204997739813, 'P_half': 20.46144873430443, 'gpp_d': 32.07672651099365, 'ign_c': 18.177203367428476, 'P_humid': 2352.2542487854407, 'P_humid_q': 2.0583551309571084}. Best is trial 415 with value: 0.559480308107108.
Best trial: 415. Best value: 0.55948: 100%|█████████▉| 498/500 [13:10<00:03,  1.59s/it]Best trial: 415. Best value: 0.55948: 100%|█████████▉| 498/500 [13:10<00:03,  1.59s/it]Best trial: 415. Best value: 0.55948: 100%|█████████▉| 499/500 [13:10<00:01,  1.59s/it]                                                                                       [I 2026-05-21 18:34:43,373] Trial 499 finished with value: 0.5417028334896652 and parameters: {'fire_exp': 0.6737983471074946, 'D_low': 95.97202174379804, 'D_high': 5230.388582978172, 'pre_dampen_half': 1.2303986037340582, 'P_half': 23.080431138757636, 'gpp_d': 43.64886645403135, 'ign_c': 18.85752344717596, 'P_humid': 2464.991098286523, 'P_humid_q': 0.8328446242930228}. Best is trial 415 with value: 0.559480308107108.
Best trial: 415. Best value: 0.55948: 100%|█████████▉| 499/500 [13:11<00:01,  1.59s/it]Best trial: 415. Best value: 0.55948: 100%|█████████▉| 499/500 [13:11<00:01,  1.59s/it]Best trial: 415. Best value: 0.55948: 100%|██████████| 500/500 [13:11<00:00,  1.59s/it]Best trial: 415. Best value: 0.55948: 100%|██████████| 500/500 [13:11<00:00,  1.58s/it]
artifacts/candidate_annual_humid_supp_500.json
{
  "family": "annual_humid_supp",
  "trials": 500,
  "best_value": 0.559480308107108,
  "params": {
    "k1": 0.02128012643297453,
    "D_low": 113.12574307313581,
    "k2": 0.0032479995010666245,
    "D_high": 5575.2372374575025,
    "fire_exp": 0.6901977999245478,
    "P_half": 21.688765811438195,
    "pre_dampen_half": 1.3458660764958497,
    "gpp_af": 0.4621796973523708,
    "gpp_b": 5.190713720036356e-05,
    "gpp_d": 24.56785515351045,
    "ign_k": 0.8146117322506592,
    "ign_c": 19.63694460220045,
    "P_humid": 2414.9348864983267,
    "P_humid_q": 4.535376133680145,
    "_family": "annual_humid_supp"
  },
  "global_proxy": {
    "bias": 0.9982658941554703,
    "rmse": 0.5146605582952125,
    "seasonal": 0.6108034760947518,
    "spatial": 0.5059396176329156,
    "overall": 0.6904326664381722,
    "pred_mean": 0.002992644440382719,
    "obs_mean": 0.002987454878166318,
    "ratio": 1.0017371178566048
  },
  "weak_mean_proxy": 0.3994274257024739
}
