Best trial: 351. Best value: 0.559381:  73%|███████▎  | 364/500 [09:36<03:39,  1.62s/it]Best trial: 351. Best value: 0.559381:  73%|███████▎  | 364/500 [09:36<03:39,  1.62s/it]Best trial: 351. Best value: 0.559381:  73%|███████▎  | 365/500 [09:36<03:37,  1.61s/it]                                                                                        [I 2026-05-21 18:31:09,675] Trial 365 finished with value: 0.5535798568933444 and parameters: {'fire_exp': 0.6642966212293726, 'D_low': 103.3356385487376, 'D_high': 5015.3504463342315, 'pre_dampen_half': 1.0783288223704646, 'P_half': 20.66217900570743, 'gpp_d': 25.87866758623967, 'ign_c': 19.44973884757637, 'P_humid': 2111.2103871214154, 'P_humid_q': 4.884149071231169}. Best is trial 351 with value: 0.5593807300789059.
Best trial: 351. Best value: 0.559381:  73%|███████▎  | 365/500 [09:37<03:37,  1.61s/it]Best trial: 351. Best value: 0.559381:  73%|███████▎  | 365/500 [09:37<03:37,  1.61s/it]Best trial: 351. Best value: 0.559381:  73%|███████▎  | 366/500 [09:37<03:35,  1.61s/it]                                                                                        [I 2026-05-21 18:31:11,267] Trial 366 finished with value: 0.5530419399908658 and parameters: {'fire_exp': 0.6853878773773208, 'D_low': 99.414058292, 'D_high': 5451.588395744061, 'pre_dampen_half': 1.1970270455825536, 'P_half': 21.869044192949172, 'gpp_d': 32.27554628221248, 'ign_c': 18.915424940281135, 'P_humid': 2395.0117006852984, 'P_humid_q': 4.694235233194097}. Best is trial 351 with value: 0.5593807300789059.
Best trial: 351. Best value: 0.559381:  73%|███████▎  | 366/500 [09:39<03:35,  1.61s/it]Best trial: 351. Best value: 0.559381:  73%|███████▎  | 366/500 [09:39<03:35,  1.61s/it]Best trial: 351. Best value: 0.559381:  73%|███████▎  | 367/500 [09:39<03:33,  1.60s/it]                                                                                        [I 2026-05-21 18:31:12,863] Trial 367 finished with value: 0.5556778941645131 and parameters: {'fire_exp': 0.6602674702331583, 'D_low': 108.58206026260743, 'D_high': 4872.447234933455, 'pre_dampen_half': 1.1222208780790321, 'P_half': 25.98002165780854, 'gpp_d': 28.672909846924043, 'ign_c': 19.730583410477234, 'P_humid': 2209.493801323317, 'P_humid_q': 4.768947083980269}. Best is trial 351 with value: 0.5593807300789059.
Best trial: 351. Best value: 0.559381:  73%|███████▎  | 367/500 [09:41<03:33,  1.60s/it]Best trial: 351. Best value: 0.559381:  73%|███████▎  | 367/500 [09:41<03:33,  1.60s/it]Best trial: 351. Best value: 0.559381:  74%|███████▎  | 368/500 [09:41<03:31,  1.60s/it]                                                                                        [I 2026-05-21 18:31:14,472] Trial 368 finished with value: 0.4038638435349743 and parameters: {'fire_exp': 0.6577941287903579, 'D_low': 110.01436774575832, 'D_high': 4845.58328581851, 'pre_dampen_half': 1.0593218557484945, 'P_half': 26.175762210458657, 'gpp_d': 27.263326900289847, 'ign_c': 29.03526027592637, 'P_humid': 2143.9705624634053, 'P_humid_q': 4.523214108985914}. Best is trial 351 with value: 0.5593807300789059.
Best trial: 351. Best value: 0.559381:  74%|███████▎  | 368/500 [09:42<03:31,  1.60s/it]Best trial: 351. Best value: 0.559381:  74%|███████▎  | 368/500 [09:42<03:31,  1.60s/it]Best trial: 351. Best value: 0.559381:  74%|███████▍  | 369/500 [09:42<03:30,  1.60s/it]                                                                                        [I 2026-05-21 18:31:16,071] Trial 369 finished with value: 0.4319475044425719 and parameters: {'fire_exp': 0.6429683548656182, 'D_low': 109.02699395706499, 'D_high': 4955.928076496514, 'pre_dampen_half': 1.1224623919003798, 'P_half': 27.892301129346112, 'gpp_d': 25.062461233060098, 'ign_c': 19.569886590313832, 'P_humid': 565.778374299833, 'P_humid_q': 4.764449718076249}. Best is trial 351 with value: 0.5593807300789059.
Best trial: 351. Best value: 0.559381:  74%|███████▍  | 369/500 [09:44<03:30,  1.60s/it]Best trial: 351. Best value: 0.559381:  74%|███████▍  | 369/500 [09:44<03:30,  1.60s/it]Best trial: 351. Best value: 0.559381:  74%|███████▍  | 370/500 [09:44<03:28,  1.60s/it]                                                                                        [I 2026-05-21 18:31:17,670] Trial 370 finished with value: 0.5478929712256525 and parameters: {'fire_exp': 0.6655482632145189, 'D_low': 104.85590659165119, 'D_high': 5049.376551426389, 'pre_dampen_half': 1.0045404937711422, 'P_half': 23.979012312078506, 'gpp_d': 29.039050295827, 'ign_c': 19.13417004434019, 'P_humid': 2007.247510879584, 'P_humid_q': 4.619853035024315}. Best is trial 351 with value: 0.5593807300789059.
Best trial: 351. Best value: 0.559381:  74%|███████▍  | 370/500 [09:45<03:28,  1.60s/it]Best trial: 351. Best value: 0.559381:  74%|███████▍  | 370/500 [09:45<03:28,  1.60s/it]Best trial: 351. Best value: 0.559381:  74%|███████▍  | 371/500 [09:45<03:26,  1.60s/it]                                                                                        [I 2026-05-21 18:31:19,260] Trial 371 finished with value: 0.5571783646689601 and parameters: {'fire_exp': 0.6951711356464918, 'D_low': 100.44682676726488, 'D_high': 4880.034693927947, 'pre_dampen_half': 1.140624233141331, 'P_half': 25.670508616796, 'gpp_d': 29.90324420810847, 'ign_c': 18.36415336983568, 'P_humid': 2421.2962553281186, 'P_humid_q': 4.8137213651496005}. Best is trial 351 with value: 0.5593807300789059.
Best trial: 351. Best value: 0.559381:  74%|███████▍  | 371/500 [09:47<03:26,  1.60s/it]Best trial: 351. Best value: 0.559381:  74%|███████▍  | 371/500 [09:47<03:26,  1.60s/it]Best trial: 351. Best value: 0.559381:  74%|███████▍  | 372/500 [09:47<03:24,  1.60s/it]                                                                                        [I 2026-05-21 18:31:20,869] Trial 372 finished with value: 0.5175335737346289 and parameters: {'fire_exp': 0.8721920000172292, 'D_low': 98.78513843860644, 'D_high': 4840.967930858178, 'pre_dampen_half': 1.1997246911436537, 'P_half': 25.684144714278382, 'gpp_d': 34.29351204493699, 'ign_c': 17.94754926003954, 'P_humid': 2396.302405558423, 'P_humid_q': 4.836993054901793}. Best is trial 351 with value: 0.5593807300789059.
Best trial: 351. Best value: 0.559381:  74%|███████▍  | 372/500 [09:49<03:24,  1.60s/it]Best trial: 351. Best value: 0.559381:  74%|███████▍  | 372/500 [09:49<03:24,  1.60s/it]Best trial: 351. Best value: 0.559381:  75%|███████▍  | 373/500 [09:49<03:23,  1.60s/it]                                                                                        [I 2026-05-21 18:31:22,461] Trial 373 finished with value: 0.5458218743768839 and parameters: {'fire_exp': 0.6924153132522339, 'D_low': 90.53015704092269, 'D_high': 4610.506768549315, 'pre_dampen_half': 1.1726666207925571, 'P_half': 27.37711874675276, 'gpp_d': 28.70754801103284, 'ign_c': 17.389565732718314, 'P_humid': 2437.7625840196897, 'P_humid_q': 4.904962394098727}. Best is trial 351 with value: 0.5593807300789059.
Best trial: 351. Best value: 0.559381:  75%|███████▍  | 373/500 [09:50<03:23,  1.60s/it]Best trial: 351. Best value: 0.559381:  75%|███████▍  | 373/500 [09:50<03:23,  1.60s/it]Best trial: 351. Best value: 0.559381:  75%|███████▍  | 374/500 [09:50<03:21,  1.60s/it]                                                                                        [I 2026-05-21 18:31:24,050] Trial 374 finished with value: 0.48502946879754777 and parameters: {'fire_exp': 0.5205372193469163, 'D_low': 114.81829936936735, 'D_high': 5256.511625665801, 'pre_dampen_half': 1.0004254790460325, 'P_half': 29.883357735594405, 'gpp_d': 31.879212069887366, 'ign_c': 18.494592006488737, 'P_humid': 2242.462661572386, 'P_humid_q': 4.763823119075892}. Best is trial 351 with value: 0.5593807300789059.
Best trial: 351. Best value: 0.559381:  75%|███████▍  | 374/500 [09:52<03:21,  1.60s/it]Best trial: 351. Best value: 0.559381:  75%|███████▍  | 374/500 [09:52<03:21,  1.60s/it]Best trial: 351. Best value: 0.559381:  75%|███████▌  | 375/500 [09:52<03:19,  1.60s/it]                                                                                        [I 2026-05-21 18:31:25,644] Trial 375 finished with value: 0.5526866327119566 and parameters: {'fire_exp': 0.6965980880185688, 'D_low': 100.75998132734043, 'D_high': 5114.07946889337, 'pre_dampen_half': 1.2376715815917325, 'P_half': 24.31563390749698, 'gpp_d': 34.18529797952661, 'ign_c': 18.322410807390522, 'P_humid': 2360.8968653046054, 'P_humid_q': 4.892288153980245}. Best is trial 351 with value: 0.5593807300789059.
Best trial: 351. Best value: 0.559381:  75%|███████▌  | 375/500 [09:53<03:19,  1.60s/it]Best trial: 351. Best value: 0.559381:  75%|███████▌  | 375/500 [09:53<03:19,  1.60s/it]Best trial: 351. Best value: 0.559381:  75%|███████▌  | 376/500 [09:53<03:17,  1.60s/it]                                                                                        [I 2026-05-21 18:31:27,242] Trial 376 finished with value: 0.4257566464142356 and parameters: {'fire_exp': 0.6816553150922045, 'D_low': 92.40202177179799, 'D_high': 5349.058660456182, 'pre_dampen_half': 7.573539457872529, 'P_half': 25.630617429499218, 'gpp_d': 42.20089504995735, 'ign_c': 18.845715252668185, 'P_humid': 2438.9146813644065, 'P_humid_q': 4.801379626519521}. Best is trial 351 with value: 0.5593807300789059.
Best trial: 351. Best value: 0.559381:  75%|███████▌  | 376/500 [09:55<03:17,  1.60s/it]Best trial: 351. Best value: 0.559381:  75%|███████▌  | 376/500 [09:55<03:17,  1.60s/it]Best trial: 351. Best value: 0.559381:  75%|███████▌  | 377/500 [09:55<03:16,  1.60s/it]                                                                                        [I 2026-05-21 18:31:28,836] Trial 377 finished with value: 0.5509959132171085 and parameters: {'fire_exp': 0.6959747521845874, 'D_low': 95.99577482283398, 'D_high': 5430.788410165158, 'pre_dampen_half': 1.122581739408678, 'P_half': 20.357174022922305, 'gpp_d': 30.81121484947516, 'ign_c': 19.535867169105387, 'P_humid': 2260.9301328566826, 'P_humid_q': 4.922686798863023}. Best is trial 351 with value: 0.5593807300789059.
Best trial: 351. Best value: 0.559381:  75%|███████▌  | 377/500 [09:57<03:16,  1.60s/it]Best trial: 351. Best value: 0.559381:  75%|███████▌  | 377/500 [09:57<03:16,  1.60s/it]Best trial: 351. Best value: 0.559381:  76%|███████▌  | 378/500 [09:57<03:14,  1.60s/it]                                                                                        [I 2026-05-21 18:31:30,425] Trial 378 finished with value: 0.5405978801405041 and parameters: {'fire_exp': 0.676211887882139, 'D_low': 83.05236834022904, 'D_high': 5276.731033192538, 'pre_dampen_half': 1.209706326580249, 'P_half': 17.95797799713214, 'gpp_d': 35.770730839496316, 'ign_c': 18.15419300570557, 'P_humid': 1776.7165504015195, 'P_humid_q': 4.992267098076543}. Best is trial 351 with value: 0.5593807300789059.
Best trial: 351. Best value: 0.559381:  76%|███████▌  | 378/500 [09:58<03:14,  1.60s/it]Best trial: 351. Best value: 0.559381:  76%|███████▌  | 378/500 [09:58<03:14,  1.60s/it]Best trial: 351. Best value: 0.559381:  76%|███████▌  | 379/500 [09:58<03:12,  1.59s/it]                                                                                        [I 2026-05-21 18:31:32,019] Trial 379 finished with value: 0.550603117900877 and parameters: {'fire_exp': 0.6861986937435262, 'D_low': 89.95178305074064, 'D_high': 5154.029070597308, 'pre_dampen_half': 1.0807883752777727, 'P_half': 16.31280115110096, 'gpp_d': 33.354062272146926, 'ign_c': 19.79884645669716, 'P_humid': 2234.9402811292152, 'P_humid_q': 4.7524975897925605}. Best is trial 351 with value: 0.5593807300789059.
Best trial: 351. Best value: 0.559381:  76%|███████▌  | 379/500 [10:00<03:12,  1.59s/it]Best trial: 351. Best value: 0.559381:  76%|███████▌  | 379/500 [10:00<03:12,  1.59s/it]Best trial: 351. Best value: 0.559381:  76%|███████▌  | 380/500 [10:00<03:11,  1.59s/it]                                                                                        [I 2026-05-21 18:31:33,617] Trial 380 finished with value: 0.5468994536013027 and parameters: {'fire_exp': 0.6695618198455562, 'D_low': 102.2730971399981, 'D_high': 4875.380810705475, 'pre_dampen_half': 1.3317661082751993, 'P_half': 21.07145845597552, 'gpp_d': 27.447810715523065, 'ign_c': 18.696317582928693, 'P_humid': 1941.6312536241696, 'P_humid_q': 4.866473006279321}. Best is trial 351 with value: 0.5593807300789059.
Best trial: 351. Best value: 0.559381:  76%|███████▌  | 380/500 [10:01<03:11,  1.59s/it]Best trial: 351. Best value: 0.559381:  76%|███████▌  | 380/500 [10:01<03:11,  1.59s/it]Best trial: 351. Best value: 0.559381:  76%|███████▌  | 381/500 [10:01<03:09,  1.59s/it]                                                                                        [I 2026-05-21 18:31:35,213] Trial 381 finished with value: 0.5450249971718207 and parameters: {'fire_exp': 0.651046842295222, 'D_low': 93.2477978769337, 'D_high': 5214.934151107468, 'pre_dampen_half': 1.1521792322060775, 'P_half': 18.20610412743107, 'gpp_d': 36.17061007789188, 'ign_c': 19.111641006139674, 'P_humid': 2176.9001356673634, 'P_humid_q': 4.589951871885575}. Best is trial 351 with value: 0.5593807300789059.
Best trial: 351. Best value: 0.559381:  76%|███████▌  | 381/500 [10:03<03:09,  1.59s/it]Best trial: 351. Best value: 0.559381:  76%|███████▌  | 381/500 [10:03<03:09,  1.59s/it]Best trial: 351. Best value: 0.559381:  76%|███████▋  | 382/500 [10:03<03:08,  1.60s/it]                                                                                        [I 2026-05-21 18:31:36,820] Trial 382 finished with value: 0.5544884071483672 and parameters: {'fire_exp': 0.6982812497910832, 'D_low': 97.5165561457507, 'D_high': 5006.890409289229, 'pre_dampen_half': 1.2507843918667207, 'P_half': 23.715511918057782, 'gpp_d': 45.17174687839892, 'ign_c': 19.647890258938588, 'P_humid': 2317.70588320802, 'P_humid_q': 4.814340412824704}. Best is trial 351 with value: 0.5593807300789059.
Best trial: 351. Best value: 0.559381:  76%|███████▋  | 382/500 [10:05<03:08,  1.60s/it]Best trial: 351. Best value: 0.559381:  76%|███████▋  | 382/500 [10:05<03:08,  1.60s/it]Best trial: 351. Best value: 0.559381:  77%|███████▋  | 383/500 [10:05<03:07,  1.60s/it]                                                                                        [I 2026-05-21 18:31:38,423] Trial 383 finished with value: 0.5360516999465608 and parameters: {'fire_exp': 0.6730077938364804, 'D_low': 85.36030224637189, 'D_high': 5315.451993651729, 'pre_dampen_half': 1.06232635015505, 'P_half': 19.713891992299708, 'gpp_d': 41.281298697324985, 'ign_c': 17.679971819839764, 'P_humid': 2442.6387775547037, 'P_humid_q': 4.709826708713758}. Best is trial 351 with value: 0.5593807300789059.
Best trial: 351. Best value: 0.559381:  77%|███████▋  | 383/500 [10:06<03:07,  1.60s/it]Best trial: 351. Best value: 0.559381:  77%|███████▋  | 383/500 [10:06<03:07,  1.60s/it]Best trial: 351. Best value: 0.559381:  77%|███████▋  | 384/500 [10:06<03:05,  1.60s/it]                                                                                        [I 2026-05-21 18:31:40,024] Trial 384 finished with value: 0.5531404679172924 and parameters: {'fire_exp': 0.6884097271570744, 'D_low': 89.85365332020939, 'D_high': 4755.854265875324, 'pre_dampen_half': 1.1525068812887442, 'P_half': 22.074038450927198, 'gpp_d': 21.68391407502214, 'ign_c': 18.441817504127442, 'P_humid': 2046.7255129982325, 'P_humid_q': 4.909718430743042}. Best is trial 351 with value: 0.5593807300789059.
Best trial: 351. Best value: 0.559381:  77%|███████▋  | 384/500 [10:08<03:05,  1.60s/it]Best trial: 351. Best value: 0.559381:  77%|███████▋  | 384/500 [10:08<03:05,  1.60s/it]Best trial: 351. Best value: 0.559381:  77%|███████▋  | 385/500 [10:08<03:04,  1.60s/it]                                                                                        [I 2026-05-21 18:31:41,619] Trial 385 finished with value: 0.5456875221171837 and parameters: {'fire_exp': 0.659171922188173, 'D_low': 116.33102553893067, 'D_high': 5101.266365032864, 'pre_dampen_half': 1.3348901486946636, 'P_half': 27.468784987925012, 'gpp_d': 29.786987339015784, 'ign_c': 18.893634927752288, 'P_humid': 2166.454374566301, 'P_humid_q': 4.44542403809169}. Best is trial 351 with value: 0.5593807300789059.
Best trial: 351. Best value: 0.559381:  77%|███████▋  | 385/500 [10:09<03:04,  1.60s/it]Best trial: 351. Best value: 0.559381:  77%|███████▋  | 385/500 [10:09<03:04,  1.60s/it]Best trial: 351. Best value: 0.559381:  77%|███████▋  | 386/500 [10:09<03:02,  1.60s/it]                                                                                        [I 2026-05-21 18:31:43,214] Trial 386 finished with value: 0.5357268316310566 and parameters: {'fire_exp': 0.6370912991993709, 'D_low': 94.01438796093579, 'D_high': 5439.9122360245865, 'pre_dampen_half': 1.225843701543273, 'P_half': 16.35987200080534, 'gpp_d': 38.28793118769169, 'ign_c': 19.84280380286166, 'P_humid': 2421.1712345098786, 'P_humid_q': 4.999753746829827}. Best is trial 351 with value: 0.5593807300789059.
Best trial: 351. Best value: 0.559381:  77%|███████▋  | 386/500 [10:11<03:02,  1.60s/it]Best trial: 351. Best value: 0.559381:  77%|███████▋  | 386/500 [10:11<03:02,  1.60s/it]Best trial: 351. Best value: 0.559381:  77%|███████▋  | 387/500 [10:11<03:00,  1.60s/it]                                                                                        [I 2026-05-21 18:31:44,796] Trial 387 finished with value: 0.546298028847332 and parameters: {'fire_exp': 0.6796145969791281, 'D_low': 135.67706919581832, 'D_high': 5208.001787115786, 'pre_dampen_half': 1.0753121950849165, 'P_half': 25.03128144610379, 'gpp_d': 32.36243523185381, 'ign_c': 19.41618088538783, 'P_humid': 2299.483586562828, 'P_humid_q': 4.802197894596737}. Best is trial 351 with value: 0.5593807300789059.
Best trial: 351. Best value: 0.559381:  77%|███████▋  | 387/500 [10:13<03:00,  1.60s/it]Best trial: 351. Best value: 0.559381:  77%|███████▋  | 387/500 [10:13<03:00,  1.60s/it]Best trial: 351. Best value: 0.559381:  78%|███████▊  | 388/500 [10:13<02:58,  1.59s/it]                                                                                        [I 2026-05-21 18:31:46,427] Trial 388 finished with value: 0.5415278356233626 and parameters: {'fire_exp': 0.703040841683034, 'D_low': 86.22451607873343, 'D_high': 4922.463845047879, 'pre_dampen_half': 1.0014093421917074, 'P_half': 17.85977389106747, 'gpp_d': 34.82360593116226, 'ign_c': 19.102034157153774, 'P_humid': 2103.7909950018475, 'P_humid_q': 4.650734116101726}. Best is trial 351 with value: 0.5593807300789059.
Best trial: 351. Best value: 0.559381:  78%|███████▊  | 388/500 [10:14<02:58,  1.59s/it]Best trial: 351. Best value: 0.559381:  78%|███████▊  | 388/500 [10:14<02:58,  1.59s/it]Best trial: 351. Best value: 0.559381:  78%|███████▊  | 389/500 [10:14<02:58,  1.60s/it]                                                                                        [I 2026-05-21 18:31:48,042] Trial 389 finished with value: 0.5549718637608465 and parameters: {'fire_exp': 0.6737883934182518, 'D_low': 99.39359232763982, 'D_high': 5032.475518764539, 'pre_dampen_half': 1.136303822064574, 'P_half': 19.94962126590433, 'gpp_d': 43.73732938420247, 'ign_c': 19.78964858908894, 'P_humid': 2216.8228513866147, 'P_humid_q': 4.89674024289703}. Best is trial 351 with value: 0.5593807300789059.
Best trial: 351. Best value: 0.559381:  78%|███████▊  | 389/500 [10:16<02:58,  1.60s/it]Best trial: 351. Best value: 0.559381:  78%|███████▊  | 389/500 [10:16<02:58,  1.60s/it]Best trial: 351. Best value: 0.559381:  78%|███████▊  | 390/500 [10:16<02:56,  1.61s/it]                                                                                        [I 2026-05-21 18:31:49,638] Trial 390 finished with value: 0.5453633263624897 and parameters: {'fire_exp': 0.6884071539244977, 'D_low': 91.28464925868235, 'D_high': 5331.253296438209, 'pre_dampen_half': 1.3549997973475032, 'P_half': 22.333481810553458, 'gpp_d': 39.17237136092078, 'ign_c': 18.62017196130138, 'P_humid': 1858.67234137788, 'P_humid_q': 4.75583114316966}. Best is trial 351 with value: 0.5593807300789059.
Best trial: 351. Best value: 0.559381:  78%|███████▊  | 390/500 [10:17<02:56,  1.61s/it]Best trial: 351. Best value: 0.559381:  78%|███████▊  | 390/500 [10:17<02:56,  1.61s/it]Best trial: 351. Best value: 0.559381:  78%|███████▊  | 391/500 [10:17<02:54,  1.60s/it]                                                                                        [I 2026-05-21 18:31:51,236] Trial 391 finished with value: 0.3911477595796039 and parameters: {'fire_exp': 0.6628774247828092, 'D_low': 103.50124266010558, 'D_high': 5138.455031228249, 'pre_dampen_half': 21.249729021044843, 'P_half': 15.73625366574407, 'gpp_d': 36.40877867849487, 'ign_c': 19.46583241596362, 'P_humid': 1998.864872843752, 'P_humid_q': 4.907981929140866}. Best is trial 351 with value: 0.5593807300789059.
Best trial: 351. Best value: 0.559381:  78%|███████▊  | 391/500 [10:19<02:54,  1.60s/it]Best trial: 351. Best value: 0.559381:  78%|███████▊  | 391/500 [10:19<02:54,  1.60s/it]Best trial: 351. Best value: 0.559381:  78%|███████▊  | 392/500 [10:19<02:53,  1.60s/it]                                                                                        [I 2026-05-21 18:31:52,826] Trial 392 finished with value: 0.5328536679923901 and parameters: {'fire_exp': 0.6563103003262498, 'D_low': 108.86791607536435, 'D_high': 5262.136755159317, 'pre_dampen_half': 1.2212356843495202, 'P_half': 18.79469063056127, 'gpp_d': 25.138629418240175, 'ign_c': 18.234592809341766, 'P_humid': 2329.3623456446635, 'P_humid_q': 4.825088382236203}. Best is trial 351 with value: 0.5593807300789059.
