Best trial: 278. Best value: 0.555367:  56%|█████▌    | 280/500 [07:22<05:45,  1.57s/it]Best trial: 278. Best value: 0.555367:  56%|█████▌    | 280/500 [07:22<05:45,  1.57s/it]Best trial: 278. Best value: 0.555367:  56%|█████▌    | 281/500 [07:22<05:44,  1.57s/it]                                                                                        [I 2026-05-21 18:28:55,578] Trial 281 finished with value: 0.5536423937181887 and parameters: {'fire_exp': 0.7009946228070634, 'D_low': 77.7671586725473, 'D_high': 5631.960317370245, 'pre_dampen_half': 1.3010818334131031, 'P_half': 14.561231272262804, 'gpp_d': 41.12887839909729, 'ign_c': 20.45324315925778, 'P_humid': 2622.7640779382277, 'P_humid_q': 4.931801867312854}. Best is trial 278 with value: 0.5553667758235976.
Best trial: 278. Best value: 0.555367:  56%|█████▌    | 281/500 [07:23<05:44,  1.57s/it]Best trial: 278. Best value: 0.555367:  56%|█████▌    | 281/500 [07:23<05:44,  1.57s/it]Best trial: 278. Best value: 0.555367:  56%|█████▋    | 282/500 [07:23<05:43,  1.57s/it]                                                                                        [I 2026-05-21 18:28:57,141] Trial 282 finished with value: 0.5541952289667127 and parameters: {'fire_exp': 0.6881104915292877, 'D_low': 79.30144704539494, 'D_high': 5525.934305803626, 'pre_dampen_half': 1.2930219535967074, 'P_half': 16.949001456156985, 'gpp_d': 38.912347684938695, 'ign_c': 20.588693892305955, 'P_humid': 2659.967337194078, 'P_humid_q': 4.927761969590633}. Best is trial 278 with value: 0.5553667758235976.
Best trial: 278. Best value: 0.555367:  56%|█████▋    | 282/500 [07:25<05:43,  1.57s/it]Best trial: 278. Best value: 0.555367:  56%|█████▋    | 282/500 [07:25<05:43,  1.57s/it]Best trial: 278. Best value: 0.555367:  57%|█████▋    | 283/500 [07:25<05:40,  1.57s/it]                                                                                        [I 2026-05-21 18:28:58,701] Trial 283 finished with value: 0.5522445471517763 and parameters: {'fire_exp': 0.6947182362484332, 'D_low': 79.00359475465149, 'D_high': 5462.600628723484, 'pre_dampen_half': 1.2749880556755315, 'P_half': 17.68923744952551, 'gpp_d': 39.72033329341346, 'ign_c': 20.563415779327094, 'P_humid': 2676.2790854761547, 'P_humid_q': 4.8882597770346585}. Best is trial 278 with value: 0.5553667758235976.
Best trial: 278. Best value: 0.555367:  57%|█████▋    | 283/500 [07:27<05:40,  1.57s/it]Best trial: 278. Best value: 0.555367:  57%|█████▋    | 283/500 [07:27<05:40,  1.57s/it]Best trial: 278. Best value: 0.555367:  57%|█████▋    | 284/500 [07:27<05:38,  1.57s/it]                                                                                        [I 2026-05-21 18:29:00,287] Trial 284 finished with value: 0.5497750484488888 and parameters: {'fire_exp': 0.6825590476089491, 'D_low': 79.42136475811095, 'D_high': 5515.0698424742395, 'pre_dampen_half': 1.1499366439450154, 'P_half': 16.326767262570918, 'gpp_d': 36.9030569151523, 'ign_c': 20.791949010217134, 'P_humid': 2395.536372653826, 'P_humid_q': 4.816260509049202}. Best is trial 278 with value: 0.5553667758235976.
Best trial: 278. Best value: 0.555367:  57%|█████▋    | 284/500 [07:28<05:38,  1.57s/it]Best trial: 278. Best value: 0.555367:  57%|█████▋    | 284/500 [07:28<05:38,  1.57s/it]Best trial: 278. Best value: 0.555367:  57%|█████▋    | 285/500 [07:28<05:38,  1.57s/it]                                                                                        [I 2026-05-21 18:29:01,864] Trial 285 finished with value: 0.5535666787699887 and parameters: {'fire_exp': 0.6986487159852242, 'D_low': 81.18319959144664, 'D_high': 5400.438337860981, 'pre_dampen_half': 1.3014036927190524, 'P_half': 17.48256691153459, 'gpp_d': 39.49563771695521, 'ign_c': 20.353459087529743, 'P_humid': 2595.653823705273, 'P_humid_q': 4.925973886123887}. Best is trial 278 with value: 0.5553667758235976.
Best trial: 278. Best value: 0.555367:  57%|█████▋    | 285/500 [07:30<05:38,  1.57s/it]Best trial: 278. Best value: 0.555367:  57%|█████▋    | 285/500 [07:30<05:38,  1.57s/it]Best trial: 278. Best value: 0.555367:  57%|█████▋    | 286/500 [07:30<05:36,  1.57s/it]                                                                                        [I 2026-05-21 18:29:03,456] Trial 286 finished with value: 0.5535402956596583 and parameters: {'fire_exp': 0.6931228074972595, 'D_low': 81.98356881449256, 'D_high': 5421.884179143095, 'pre_dampen_half': 1.2843356953880791, 'P_half': 16.911023443532578, 'gpp_d': 40.108956484485084, 'ign_c': 20.455729189025444, 'P_humid': 2570.6955927228773, 'P_humid_q': 4.921023999251477}. Best is trial 278 with value: 0.5553667758235976.
Best trial: 278. Best value: 0.555367:  57%|█████▋    | 286/500 [07:31<05:36,  1.57s/it]Best trial: 278. Best value: 0.555367:  57%|█████▋    | 286/500 [07:31<05:36,  1.57s/it]Best trial: 278. Best value: 0.555367:  57%|█████▋    | 287/500 [07:31<05:36,  1.58s/it]                                                                                        [I 2026-05-21 18:29:05,024] Trial 287 finished with value: 0.5545785360673312 and parameters: {'fire_exp': 0.688980881961192, 'D_low': 86.88166548096608, 'D_high': 5272.575998592967, 'pre_dampen_half': 1.311734150743257, 'P_half': 18.509059366031426, 'gpp_d': 39.93003730367201, 'ign_c': 20.410250535791302, 'P_humid': 2577.973426818548, 'P_humid_q': 4.956767007621101}. Best is trial 278 with value: 0.5553667758235976.
Best trial: 278. Best value: 0.555367:  57%|█████▋    | 287/500 [07:33<05:36,  1.58s/it]Best trial: 278. Best value: 0.555367:  57%|█████▋    | 287/500 [07:33<05:36,  1.58s/it]Best trial: 278. Best value: 0.555367:  58%|█████▊    | 288/500 [07:33<05:34,  1.58s/it]                                                                                        [I 2026-05-21 18:29:06,591] Trial 288 finished with value: 0.5550348242371235 and parameters: {'fire_exp': 0.6967635165798193, 'D_low': 83.1188727109407, 'D_high': 5329.036089811766, 'pre_dampen_half': 1.2892083820025373, 'P_half': 17.814436067047417, 'gpp_d': 39.91610500747499, 'ign_c': 20.10613280929664, 'P_humid': 2526.559885116384, 'P_humid_q': 4.986482730875306}. Best is trial 278 with value: 0.5553667758235976.
Best trial: 278. Best value: 0.555367:  58%|█████▊    | 288/500 [07:34<05:34,  1.58s/it]Best trial: 278. Best value: 0.555367:  58%|█████▊    | 288/500 [07:34<05:34,  1.58s/it]Best trial: 278. Best value: 0.555367:  58%|█████▊    | 289/500 [07:34<05:32,  1.57s/it]                                                                                        [I 2026-05-21 18:29:08,174] Trial 289 finished with value: 0.5560458158064504 and parameters: {'fire_exp': 0.6856848778314649, 'D_low': 82.98336525699307, 'D_high': 5510.410785572015, 'pre_dampen_half': 1.2586824019832759, 'P_half': 18.978642311703506, 'gpp_d': 38.99077554224912, 'ign_c': 20.225942478893543, 'P_humid': 2496.0492283960534, 'P_humid_q': 4.933319830265768}. Best is trial 289 with value: 0.5560458158064504.
Best trial: 278. Best value: 0.555367:  58%|█████▊    | 289/500 [07:36<05:32,  1.57s/it]Best trial: 289. Best value: 0.556046:  58%|█████▊    | 289/500 [07:36<05:32,  1.57s/it]Best trial: 289. Best value: 0.556046:  58%|█████▊    | 290/500 [07:36<05:31,  1.58s/it]                                                                                        [I 2026-05-21 18:29:09,744] Trial 290 finished with value: 0.4810090426256214 and parameters: {'fire_exp': 0.6979495015752167, 'D_low': 83.10270201850678, 'D_high': 5300.325891587326, 'pre_dampen_half': 3.869266698179815, 'P_half': 18.97604093813823, 'gpp_d': 40.02166120055841, 'ign_c': 20.060340768360646, 'P_humid': 2337.4690814370597, 'P_humid_q': 4.958215472609719}. Best is trial 289 with value: 0.5560458158064504.
Best trial: 289. Best value: 0.556046:  58%|█████▊    | 290/500 [07:38<05:31,  1.58s/it]Best trial: 289. Best value: 0.556046:  58%|█████▊    | 290/500 [07:38<05:31,  1.58s/it]Best trial: 289. Best value: 0.556046:  58%|█████▊    | 291/500 [07:38<05:29,  1.57s/it]                                                                                        [I 2026-05-21 18:29:11,325] Trial 291 finished with value: 0.5554915843161659 and parameters: {'fire_exp': 0.6869680392941135, 'D_low': 86.68546457634109, 'D_high': 5362.1303502822875, 'pre_dampen_half': 1.2811463322391219, 'P_half': 17.78563316413684, 'gpp_d': 38.53558476172933, 'ign_c': 20.282729940620747, 'P_humid': 2528.103631376946, 'P_humid_q': 4.983627230618032}. Best is trial 289 with value: 0.5560458158064504.
Best trial: 289. Best value: 0.556046:  58%|█████▊    | 291/500 [07:39<05:29,  1.57s/it]Best trial: 289. Best value: 0.556046:  58%|█████▊    | 291/500 [07:39<05:29,  1.57s/it]Best trial: 289. Best value: 0.556046:  58%|█████▊    | 292/500 [07:39<05:27,  1.58s/it]                                                                                        [I 2026-05-21 18:29:12,893] Trial 292 finished with value: 0.556167313986858 and parameters: {'fire_exp': 0.685397421826035, 'D_low': 87.47444512148363, 'D_high': 5340.655005404748, 'pre_dampen_half': 1.2975707503338132, 'P_half': 17.335277611548378, 'gpp_d': 41.682872599211215, 'ign_c': 20.298469735865755, 'P_humid': 2430.27539506874, 'P_humid_q': 4.9940147197438876}. Best is trial 292 with value: 0.556167313986858.
Best trial: 289. Best value: 0.556046:  58%|█████▊    | 292/500 [07:41<05:27,  1.58s/it]Best trial: 292. Best value: 0.556167:  58%|█████▊    | 292/500 [07:41<05:27,  1.58s/it]Best trial: 292. Best value: 0.556167:  59%|█████▊    | 293/500 [07:41<05:25,  1.57s/it]                                                                                        [I 2026-05-21 18:29:14,454] Trial 293 finished with value: 0.5538492405304671 and parameters: {'fire_exp': 0.6848017560285617, 'D_low': 86.5491680397349, 'D_high': 5352.211231922659, 'pre_dampen_half': 1.2273715261417528, 'P_half': 17.08160496212077, 'gpp_d': 38.13519590387551, 'ign_c': 20.40729216212838, 'P_humid': 2266.150895154104, 'P_humid_q': 4.987769209464199}. Best is trial 292 with value: 0.556167313986858.
Best trial: 292. Best value: 0.556167:  59%|█████▊    | 293/500 [07:42<05:25,  1.57s/it]Best trial: 292. Best value: 0.556167:  59%|█████▊    | 293/500 [07:42<05:25,  1.57s/it]Best trial: 292. Best value: 0.556167:  59%|█████▉    | 294/500 [07:42<05:23,  1.57s/it]                                                                                        [I 2026-05-21 18:29:16,034] Trial 294 finished with value: 0.5559634837291647 and parameters: {'fire_exp': 0.6837925756807514, 'D_low': 88.09004481594461, 'D_high': 5267.113433540929, 'pre_dampen_half': 1.3059213594695784, 'P_half': 17.732735012658566, 'gpp_d': 38.13872049253158, 'ign_c': 20.357257761050377, 'P_humid': 2298.587325389596, 'P_humid_q': 4.982938754766145}. Best is trial 292 with value: 0.556167313986858.
Best trial: 292. Best value: 0.556167:  59%|█████▉    | 294/500 [07:44<05:23,  1.57s/it]Best trial: 292. Best value: 0.556167:  59%|█████▉    | 294/500 [07:44<05:23,  1.57s/it]Best trial: 292. Best value: 0.556167:  59%|█████▉    | 295/500 [07:44<05:22,  1.57s/it]                                                                                        [I 2026-05-21 18:29:17,603] Trial 295 finished with value: 0.5543514213877877 and parameters: {'fire_exp': 0.6830885918825493, 'D_low': 88.64358778546259, 'D_high': 5273.256943973298, 'pre_dampen_half': 1.2623563993130336, 'P_half': 17.727548259261674, 'gpp_d': 38.25502865023002, 'ign_c': 20.454403050552266, 'P_humid': 2271.6899743994763, 'P_humid_q': 4.996953651409469}. Best is trial 292 with value: 0.556167313986858.
Best trial: 292. Best value: 0.556167:  59%|█████▉    | 295/500 [07:45<05:22,  1.57s/it]Best trial: 292. Best value: 0.556167:  59%|█████▉    | 295/500 [07:45<05:22,  1.57s/it]Best trial: 292. Best value: 0.556167:  59%|█████▉    | 296/500 [07:45<05:20,  1.57s/it]                                                                                        [I 2026-05-21 18:29:19,181] Trial 296 finished with value: 0.5545785431173916 and parameters: {'fire_exp': 0.6799670302825058, 'D_low': 87.61320093717404, 'D_high': 5255.170910875233, 'pre_dampen_half': 1.2378144065555245, 'P_half': 17.509978425328764, 'gpp_d': 37.7710794693427, 'ign_c': 20.399060384481558, 'P_humid': 2227.2192955168957, 'P_humid_q': 4.955376397813506}. Best is trial 292 with value: 0.556167313986858.
Best trial: 292. Best value: 0.556167:  59%|█████▉    | 296/500 [07:47<05:20,  1.57s/it]Best trial: 292. Best value: 0.556167:  59%|█████▉    | 296/500 [07:47<05:20,  1.57s/it]Best trial: 292. Best value: 0.556167:  59%|█████▉    | 297/500 [07:47<05:19,  1.57s/it]                                                                                        [I 2026-05-21 18:29:20,748] Trial 297 finished with value: 0.47269597934206486 and parameters: {'fire_exp': 0.6830486633029849, 'D_low': 88.4042430727147, 'D_high': 5226.469847849336, 'pre_dampen_half': 4.702200929219784, 'P_half': 17.723417847835428, 'gpp_d': 37.827715255263946, 'ign_c': 20.466817394295138, 'P_humid': 2217.743976002905, 'P_humid_q': 4.985165624635337}. Best is trial 292 with value: 0.556167313986858.
Best trial: 292. Best value: 0.556167:  59%|█████▉    | 297/500 [07:49<05:19,  1.57s/it]Best trial: 292. Best value: 0.556167:  59%|█████▉    | 297/500 [07:49<05:19,  1.57s/it]Best trial: 292. Best value: 0.556167:  60%|█████▉    | 298/500 [07:49<05:17,  1.57s/it]                                                                                        [I 2026-05-21 18:29:22,318] Trial 298 finished with value: 0.5566659727717056 and parameters: {'fire_exp': 0.6739684573643213, 'D_low': 92.61774318650818, 'D_high': 5320.769810499003, 'pre_dampen_half': 1.2740406056641398, 'P_half': 17.019228474309212, 'gpp_d': 38.60404827350935, 'ign_c': 20.41993877234603, 'P_humid': 2281.91334354889, 'P_humid_q': 4.957521951248542}. Best is trial 298 with value: 0.5566659727717056.
Best trial: 292. Best value: 0.556167:  60%|█████▉    | 298/500 [07:50<05:17,  1.57s/it]Best trial: 298. Best value: 0.556666:  60%|█████▉    | 298/500 [07:50<05:17,  1.57s/it]Best trial: 298. Best value: 0.556666:  60%|█████▉    | 299/500 [07:50<05:15,  1.57s/it]                                                                                        [I 2026-05-21 18:29:23,904] Trial 299 finished with value: 0.5544606679326515 and parameters: {'fire_exp': 0.6798216875665513, 'D_low': 91.81912820494877, 'D_high': 5305.770453529743, 'pre_dampen_half': 1.2151860239585657, 'P_half': 21.06238502332007, 'gpp_d': 38.90205187162893, 'ign_c': 20.320663929163977, 'P_humid': 2237.7068811414288, 'P_humid_q': 4.994665811880159}. Best is trial 298 with value: 0.5566659727717056.
Best trial: 298. Best value: 0.556666:  60%|█████▉    | 299/500 [07:52<05:15,  1.57s/it]Best trial: 298. Best value: 0.556666:  60%|█████▉    | 299/500 [07:52<05:15,  1.57s/it]Best trial: 298. Best value: 0.556666:  60%|██████    | 300/500 [07:52<05:15,  1.58s/it]                                                                                        [I 2026-05-21 18:29:25,475] Trial 300 finished with value: 0.4774795205170286 and parameters: {'fire_exp': 0.6830495324647314, 'D_low': 91.29249638572972, 'D_high': 5314.2404020478125, 'pre_dampen_half': 1.2093655332099078, 'P_half': 17.18932396762633, 'gpp_d': 39.168817917512605, 'ign_c': 10.27963640049188, 'P_humid': 2280.061155489028, 'P_humid_q': 4.979367137266063}. Best is trial 298 with value: 0.5566659727717056.
Best trial: 298. Best value: 0.556666:  60%|██████    | 300/500 [07:53<05:15,  1.58s/it]Best trial: 298. Best value: 0.556666:  60%|██████    | 300/500 [07:53<05:15,  1.58s/it]Best trial: 298. Best value: 0.556666:  60%|██████    | 301/500 [07:53<05:13,  1.57s/it]                                                                                        [I 2026-05-21 18:29:27,059] Trial 301 finished with value: 0.5500440579617834 and parameters: {'fire_exp': 0.6696057886751803, 'D_low': 85.61144368383856, 'D_high': 5369.112219422984, 'pre_dampen_half': 1.1631525074326716, 'P_half': 20.737361563727063, 'gpp_d': 40.71878975751097, 'ign_c': 21.00738999550653, 'P_humid': 2359.549931444443, 'P_humid_q': 4.880316687814017}. Best is trial 298 with value: 0.5566659727717056.
Best trial: 298. Best value: 0.556666:  60%|██████    | 301/500 [07:55<05:13,  1.57s/it]Best trial: 298. Best value: 0.556666:  60%|██████    | 301/500 [07:55<05:13,  1.57s/it]Best trial: 298. Best value: 0.556666:  60%|██████    | 302/500 [07:55<05:12,  1.58s/it]                                                                                        [I 2026-05-21 18:29:28,637] Trial 302 finished with value: 0.5549141781716508 and parameters: {'fire_exp': 0.6786636388001211, 'D_low': 94.42297187412882, 'D_high': 5179.126449851627, 'pre_dampen_half': 1.2680103039830917, 'P_half': 19.10354720447863, 'gpp_d': 37.246174786972986, 'ign_c': 20.42751852710806, 'P_humid': 2242.6198312785705, 'P_humid_q': 4.996716547885568}. Best is trial 298 with value: 0.5566659727717056.
Best trial: 298. Best value: 0.556666:  60%|██████    | 302/500 [07:56<05:12,  1.58s/it]Best trial: 298. Best value: 0.556666:  60%|██████    | 302/500 [07:56<05:12,  1.58s/it]Best trial: 298. Best value: 0.556666:  61%|██████    | 303/500 [07:56<05:10,  1.58s/it]                                                                                        [I 2026-05-21 18:29:30,208] Trial 303 finished with value: 0.4885950022629795 and parameters: {'fire_exp': 0.6763884087722959, 'D_low': 94.95267514537491, 'D_high': 5112.046390926019, 'pre_dampen_half': 3.452662670914772, 'P_half': 18.921410496102613, 'gpp_d': 37.46191305338938, 'ign_c': 20.136769886539998, 'P_humid': 2220.224777942287, 'P_humid_q': 4.9869309239939925}. Best is trial 298 with value: 0.5566659727717056.
Best trial: 298. Best value: 0.556666:  61%|██████    | 303/500 [07:58<05:10,  1.58s/it]Best trial: 298. Best value: 0.556666:  61%|██████    | 303/500 [07:58<05:10,  1.58s/it]Best trial: 298. Best value: 0.556666:  61%|██████    | 304/500 [07:58<05:08,  1.58s/it]                                                                                        [I 2026-05-21 18:29:31,796] Trial 304 finished with value: 0.5582356726290336 and parameters: {'fire_exp': 0.680376846909406, 'D_low': 92.62018176088849, 'D_high': 5252.587974938524, 'pre_dampen_half': 1.2363505086726634, 'P_half': 20.62217149731011, 'gpp_d': 42.53050730113346, 'ign_c': 19.724992787700366, 'P_humid': 2199.157184547574, 'P_humid_q': 4.791590996028581}. Best is trial 304 with value: 0.5582356726290336.
Best trial: 298. Best value: 0.556666:  61%|██████    | 304/500 [08:00<05:08,  1.58s/it]Best trial: 304. Best value: 0.558236:  61%|██████    | 304/500 [08:00<05:08,  1.58s/it]Best trial: 304. Best value: 0.558236:  61%|██████    | 305/500 [08:00<05:07,  1.58s/it]                                                                                        [I 2026-05-21 18:29:33,379] Trial 305 finished with value: 0.556618909195558 and parameters: {'fire_exp': 0.6713560454223991, 'D_low': 92.84943899770579, 'D_high': 5249.957525980126, 'pre_dampen_half': 1.123380528734834, 'P_half': 20.673674506840364, 'gpp_d': 42.584343291951335, 'ign_c': 19.735118989525297, 'P_humid': 2173.1981405925567, 'P_humid_q': 4.805381066852404}. Best is trial 304 with value: 0.5582356726290336.
Best trial: 304. Best value: 0.558236:  61%|██████    | 305/500 [08:01<05:07,  1.58s/it]Best trial: 304. Best value: 0.558236:  61%|██████    | 305/500 [08:01<05:07,  1.58s/it]Best trial: 304. Best value: 0.558236:  61%|██████    | 306/500 [08:01<05:06,  1.58s/it]                                                                                        [I 2026-05-21 18:29:34,964] Trial 306 finished with value: 0.5508059742338193 and parameters: {'fire_exp': 0.6711565051647777, 'D_low': 92.28550980616757, 'D_high': 5256.5137489605895, 'pre_dampen_half': 1.1022975868943836, 'P_half': 20.698621763662842, 'gpp_d': 42.550308326839364, 'ign_c': 19.660983221408024, 'P_humid': 1971.2408549938496, 'P_humid_q': 4.809523082807233}. Best is trial 304 with value: 0.5582356726290336.
Best trial: 304. Best value: 0.558236:  61%|██████    | 306/500 [08:03<05:06,  1.58s/it]Best trial: 304. Best value: 0.558236:  61%|██████    | 306/500 [08:03<05:06,  1.58s/it]Best trial: 304. Best value: 0.558236:  61%|██████▏   | 307/500 [08:03<05:05,  1.58s/it]                                                                                        [I 2026-05-21 18:29:36,546] Trial 307 finished with value: 0.5541378779406732 and parameters: {'fire_exp': 0.6813254884896986, 'D_low': 88.8315732234502, 'D_high': 5181.127275161349, 'pre_dampen_half': 1.1587345288759272, 'P_half': 22.08221370386854, 'gpp_d': 42.34604090434533, 'ign_c': 19.74414756259656, 'P_humid': 2133.7020758764397, 'P_humid_q': 4.835477181870969}. Best is trial 304 with value: 0.5582356726290336.
Best trial: 304. Best value: 0.558236:  61%|██████▏   | 307/500 [08:04<05:05,  1.58s/it]Best trial: 304. Best value: 0.558236:  61%|██████▏   | 307/500 [08:04<05:05,  1.58s/it]Best trial: 304. Best value: 0.558236:  62%|██████▏   | 308/500 [08:04<05:03,  1.58s/it]                                                                                        [I 2026-05-21 18:29:38,117] Trial 308 finished with value: 0.5545146862171495 and parameters: {'fire_exp': 0.6836274039922918, 'D_low': 88.09516631784292, 'D_high': 5172.829240013855, 'pre_dampen_half': 1.1480021171628134, 'P_half': 20.971502764583185, 'gpp_d': 34.69582609391389, 'ign_c': 19.64920502729783, 'P_humid': 2178.966923217085, 'P_humid_q': 4.810685823612763}. Best is trial 304 with value: 0.5582356726290336.
