Best trial: 32. Best value: 0.546331:  11%|█         | 56/500 [01:30<11:41,  1.58s/it]Best trial: 56. Best value: 0.5496:  11%|█         | 56/500 [01:30<11:41,  1.58s/it]  Best trial: 56. Best value: 0.5496:  11%|█▏        | 57/500 [01:30<11:38,  1.58s/it]                                                                                    [I 2026-05-21 18:23:03,317] Trial 57 finished with value: 0.5115219864092697 and parameters: {'fire_exp': 0.7373610242533982, 'D_low': 68.1033622856874, 'D_high': 4263.247134202063, 'pre_dampen_half': 1.7058755349060097, 'P_half': 6.854960758070428, 'gpp_d': 85.05538941216619, 'ign_c': 22.00887069037157, 'P_humid': 1324.8767035649848, 'P_humid_q': 1.7975915792331811}. Best is trial 56 with value: 0.549600046983614.
Best trial: 56. Best value: 0.5496:  11%|█▏        | 57/500 [01:31<11:38,  1.58s/it]Best trial: 56. Best value: 0.5496:  11%|█▏        | 57/500 [01:31<11:38,  1.58s/it]Best trial: 56. Best value: 0.5496:  12%|█▏        | 58/500 [01:31<11:35,  1.57s/it]                                                                                    [I 2026-05-21 18:23:04,910] Trial 58 finished with value: 0.5412920788929296 and parameters: {'fire_exp': 0.7725800552692711, 'D_low': 79.66194042132106, 'D_high': 4177.547034227134, 'pre_dampen_half': 2.8041492057897366, 'P_half': 4.582151648328177, 'gpp_d': 189.75764616642346, 'ign_c': 20.738843913035126, 'P_humid': 1745.465606044965, 'P_humid_q': 1.6425179804734575}. Best is trial 56 with value: 0.549600046983614.
Best trial: 56. Best value: 0.5496:  12%|█▏        | 58/500 [01:33<11:35,  1.57s/it]Best trial: 56. Best value: 0.5496:  12%|█▏        | 58/500 [01:33<11:35,  1.57s/it]Best trial: 56. Best value: 0.5496:  12%|█▏        | 59/500 [01:33<11:36,  1.58s/it]                                                                                    [I 2026-05-21 18:23:06,479] Trial 59 finished with value: 0.489146983015725 and parameters: {'fire_exp': 0.8223164571157922, 'D_low': 78.81103375970778, 'D_high': 4125.906363998429, 'pre_dampen_half': 3.623041760878574, 'P_half': 4.616360494004138, 'gpp_d': 210.75966469968057, 'ign_c': 24.206778014659875, 'P_humid': 1724.168237926573, 'P_humid_q': 1.741875562770559}. Best is trial 56 with value: 0.549600046983614.
Best trial: 56. Best value: 0.5496:  12%|█▏        | 59/500 [01:34<11:36,  1.58s/it]Best trial: 56. Best value: 0.5496:  12%|█▏        | 59/500 [01:34<11:36,  1.58s/it]Best trial: 56. Best value: 0.5496:  12%|█▏        | 60/500 [01:34<11:33,  1.58s/it]                                                                                    [I 2026-05-21 18:23:08,048] Trial 60 finished with value: 0.5158792532519089 and parameters: {'fire_exp': 0.7722676389959222, 'D_low': 36.71905667485341, 'D_high': 1578.5909528918241, 'pre_dampen_half': 2.8895747757320267, 'P_half': 2.9058933146701733, 'gpp_d': 198.19838218177262, 'ign_c': 21.00894195735904, 'P_humid': 1517.5065380023484, 'P_humid_q': 1.0310853180756263}. Best is trial 56 with value: 0.549600046983614.
Best trial: 56. Best value: 0.5496:  12%|█▏        | 60/500 [01:36<11:33,  1.58s/it]Best trial: 56. Best value: 0.5496:  12%|█▏        | 60/500 [01:36<11:33,  1.58s/it]Best trial: 56. Best value: 0.5496:  12%|█▏        | 61/500 [01:36<11:31,  1.57s/it]                                                                                    [I 2026-05-21 18:23:09,629] Trial 61 finished with value: 0.52466776397996 and parameters: {'fire_exp': 0.7217227424657563, 'D_low': 57.900535015921164, 'D_high': 4406.777490496581, 'pre_dampen_half': 2.666262657693339, 'P_half': 4.062523828090297, 'gpp_d': 293.0438388895548, 'ign_c': 19.38074575709685, 'P_humid': 1782.0621456100837, 'P_humid_q': 2.1868752827519145}. Best is trial 56 with value: 0.549600046983614.
Best trial: 56. Best value: 0.5496:  12%|█▏        | 61/500 [01:37<11:31,  1.57s/it]Best trial: 56. Best value: 0.5496:  12%|█▏        | 61/500 [01:37<11:31,  1.57s/it]Best trial: 56. Best value: 0.5496:  12%|█▏        | 62/500 [01:37<11:30,  1.58s/it]                                                                                    [I 2026-05-21 18:23:11,203] Trial 62 finished with value: 0.5370294332826502 and parameters: {'fire_exp': 0.770087079517307, 'D_low': 70.71929959442832, 'D_high': 5114.612546983094, 'pre_dampen_half': 1.4443322996300638, 'P_half': 7.447561003764204, 'gpp_d': 337.54100793865723, 'ign_c': 18.064050792269004, 'P_humid': 2000.5888858619653, 'P_humid_q': 1.6744117700427918}. Best is trial 56 with value: 0.549600046983614.
Best trial: 56. Best value: 0.5496:  12%|█▏        | 62/500 [01:39<11:30,  1.58s/it]Best trial: 56. Best value: 0.5496:  12%|█▏        | 62/500 [01:39<11:30,  1.58s/it]Best trial: 56. Best value: 0.5496:  13%|█▎        | 63/500 [01:39<11:28,  1.58s/it]                                                                                    [I 2026-05-21 18:23:12,787] Trial 63 finished with value: 0.49780552755941065 and parameters: {'fire_exp': 0.7737594415427618, 'D_low': 69.04186712611543, 'D_high': 5050.124315427797, 'pre_dampen_half': 4.729950060418943, 'P_half': 9.52718928933831, 'gpp_d': 337.90763355695026, 'ign_c': 18.054135607907497, 'P_humid': 2839.1575505737865, 'P_humid_q': 0.5323941690335482}. Best is trial 56 with value: 0.549600046983614.
Best trial: 56. Best value: 0.5496:  13%|█▎        | 63/500 [01:41<11:28,  1.58s/it]Best trial: 56. Best value: 0.5496:  13%|█▎        | 63/500 [01:41<11:28,  1.58s/it]Best trial: 56. Best value: 0.5496:  13%|█▎        | 64/500 [01:41<11:28,  1.58s/it]                                                                                    [I 2026-05-21 18:23:14,368] Trial 64 finished with value: 0.5184357949422467 and parameters: {'fire_exp': 0.837720770834822, 'D_low': 63.84414130238945, 'D_high': 5466.900832996017, 'pre_dampen_half': 1.7987089240892906, 'P_half': 5.839868593442863, 'gpp_d': 273.07938706244016, 'ign_c': 21.56185449843561, 'P_humid': 2353.8811862870675, 'P_humid_q': 1.675203097282785}. Best is trial 56 with value: 0.549600046983614.
Best trial: 56. Best value: 0.5496:  13%|█▎        | 64/500 [01:42<11:28,  1.58s/it]Best trial: 56. Best value: 0.5496:  13%|█▎        | 64/500 [01:42<11:28,  1.58s/it]Best trial: 56. Best value: 0.5496:  13%|█▎        | 65/500 [01:42<11:26,  1.58s/it]                                                                                    [I 2026-05-21 18:23:15,930] Trial 65 finished with value: 0.5433531463443222 and parameters: {'fire_exp': 0.6377254860011774, 'D_low': 83.98753609662516, 'D_high': 5128.393919017588, 'pre_dampen_half': 1.424860912013842, 'P_half': 15.760800708790457, 'gpp_d': 237.18926083211724, 'ign_c': 20.375387488672587, 'P_humid': 1937.734351642009, 'P_humid_q': 4.43988559180095}. Best is trial 56 with value: 0.549600046983614.
Best trial: 56. Best value: 0.5496:  13%|█▎        | 65/500 [01:44<11:26,  1.58s/it]Best trial: 56. Best value: 0.5496:  13%|█▎        | 65/500 [01:44<11:26,  1.58s/it]Best trial: 56. Best value: 0.5496:  13%|█▎        | 66/500 [01:44<11:23,  1.57s/it]                                                                                    [I 2026-05-21 18:23:17,523] Trial 66 finished with value: 0.5500571025334986 and parameters: {'fire_exp': 0.635408957083946, 'D_low': 84.49976713882873, 'D_high': 4229.622874591486, 'pre_dampen_half': 1.6244229191560318, 'P_half': 15.250573052182208, 'gpp_d': 244.28956393530513, 'ign_c': 19.89658557993158, 'P_humid': 1446.174324718928, 'P_humid_q': 4.518843746386559}. Best is trial 66 with value: 0.5500571025334986.
Best trial: 56. Best value: 0.5496:  13%|█▎        | 66/500 [01:45<11:23,  1.57s/it]Best trial: 66. Best value: 0.550057:  13%|█▎        | 66/500 [01:45<11:23,  1.57s/it]Best trial: 66. Best value: 0.550057:  13%|█▎        | 67/500 [01:45<11:23,  1.58s/it]                                                                                      [I 2026-05-21 18:23:19,096] Trial 67 finished with value: 0.46051138274914405 and parameters: {'fire_exp': 0.5908160328053758, 'D_low': 83.91672656865778, 'D_high': 5890.821003582872, 'pre_dampen_half': 5.703349196776208, 'P_half': 15.411781507639274, 'gpp_d': 231.7737196355806, 'ign_c': 20.536320211202714, 'P_humid': 1138.0929920941053, 'P_humid_q': 4.431851776704373}. Best is trial 66 with value: 0.5500571025334986.
Best trial: 66. Best value: 0.550057:  13%|█▎        | 67/500 [01:47<11:23,  1.58s/it]Best trial: 66. Best value: 0.550057:  13%|█▎        | 67/500 [01:47<11:23,  1.58s/it]Best trial: 66. Best value: 0.550057:  14%|█▎        | 68/500 [01:47<11:21,  1.58s/it]                                                                                      [I 2026-05-21 18:23:20,675] Trial 68 finished with value: 0.49452441855491275 and parameters: {'fire_exp': 0.636488258351297, 'D_low': 75.45712945267073, 'D_high': 4230.922435240297, 'pre_dampen_half': 3.22410580689704, 'P_half': 24.561796592279503, 'gpp_d': 185.17534234049373, 'ign_c': 23.26852429611428, 'P_humid': 933.0621157222324, 'P_humid_q': 4.543817078145928}. Best is trial 66 with value: 0.5500571025334986.
Best trial: 66. Best value: 0.550057:  14%|█▎        | 68/500 [01:48<11:21,  1.58s/it]Best trial: 66. Best value: 0.550057:  14%|█▎        | 68/500 [01:48<11:21,  1.58s/it]Best trial: 66. Best value: 0.550057:  14%|█▍        | 69/500 [01:48<11:20,  1.58s/it]                                                                                      [I 2026-05-21 18:23:22,250] Trial 69 finished with value: 0.4757068003414995 and parameters: {'fire_exp': 0.673192149903185, 'D_low': 87.28451978902476, 'D_high': 3690.161316448247, 'pre_dampen_half': 7.277205545789039, 'P_half': 12.5166293544771, 'gpp_d': 141.1667689101418, 'ign_c': 19.447286011480934, 'P_humid': 1274.8943706417579, 'P_humid_q': 4.029192571470888}. Best is trial 66 with value: 0.5500571025334986.
Best trial: 66. Best value: 0.550057:  14%|█▍        | 69/500 [01:50<11:20,  1.58s/it]Best trial: 66. Best value: 0.550057:  14%|█▍        | 69/500 [01:50<11:20,  1.58s/it]Best trial: 66. Best value: 0.550057:  14%|█▍        | 70/500 [01:50<11:18,  1.58s/it]                                                                                      [I 2026-05-21 18:23:23,822] Trial 70 finished with value: 0.5540040457407294 and parameters: {'fire_exp': 0.6483870527403941, 'D_low': 81.3993781063362, 'D_high': 3083.5597958678736, 'pre_dampen_half': 2.1773759122306697, 'P_half': 22.46846823347017, 'gpp_d': 173.16577730943175, 'ign_c': 19.77317209437299, 'P_humid': 1427.7238241521663, 'P_humid_q': 4.754294894762817}. Best is trial 70 with value: 0.5540040457407294.
Best trial: 66. Best value: 0.550057:  14%|█▍        | 70/500 [01:52<11:18,  1.58s/it]Best trial: 70. Best value: 0.554004:  14%|█▍        | 70/500 [01:52<11:18,  1.58s/it]Best trial: 70. Best value: 0.554004:  14%|█▍        | 71/500 [01:52<11:15,  1.58s/it]                                                                                      [I 2026-05-21 18:23:25,402] Trial 71 finished with value: 0.5536001395330418 and parameters: {'fire_exp': 0.6437331098102793, 'D_low': 94.21309321472793, 'D_high': 3073.238765628221, 'pre_dampen_half': 2.149514638480077, 'P_half': 19.406696641186592, 'gpp_d': 249.53424873021, 'ign_c': 19.84640844322395, 'P_humid': 1427.6560553277318, 'P_humid_q': 4.722690989572242}. Best is trial 70 with value: 0.5540040457407294.
Best trial: 70. Best value: 0.554004:  14%|█▍        | 71/500 [01:53<11:15,  1.58s/it]Best trial: 70. Best value: 0.554004:  14%|█▍        | 71/500 [01:53<11:15,  1.58s/it]Best trial: 70. Best value: 0.554004:  14%|█▍        | 72/500 [01:53<11:14,  1.58s/it]                                                                                      [I 2026-05-21 18:23:26,977] Trial 72 finished with value: 0.513210580734284 and parameters: {'fire_exp': 0.5657590524117909, 'D_low': 81.52364338141165, 'D_high': 2886.9538991454097, 'pre_dampen_half': 2.2227673680632494, 'P_half': 21.05514638021044, 'gpp_d': 240.00634940756373, 'ign_c': 19.72846057706258, 'P_humid': 1447.4717388420827, 'P_humid_q': 4.810790668996262}. Best is trial 70 with value: 0.5540040457407294.
Best trial: 70. Best value: 0.554004:  14%|█▍        | 72/500 [01:55<11:14,  1.58s/it]Best trial: 70. Best value: 0.554004:  14%|█▍        | 72/500 [01:55<11:14,  1.58s/it]Best trial: 70. Best value: 0.554004:  15%|█▍        | 73/500 [01:55<11:13,  1.58s/it]                                                                                      [I 2026-05-21 18:23:28,552] Trial 73 finished with value: 0.5418295438016242 and parameters: {'fire_exp': 0.6271776867949468, 'D_low': 78.82342741813618, 'D_high': 2435.1252840108436, 'pre_dampen_half': 2.4713523852817714, 'P_half': 25.953357331545227, 'gpp_d': 264.4590185484874, 'ign_c': 19.007368059019868, 'P_humid': 1390.547013451009, 'P_humid_q': 4.487163326332202}. Best is trial 70 with value: 0.5540040457407294.
Best trial: 70. Best value: 0.554004:  15%|█▍        | 73/500 [01:56<11:13,  1.58s/it]Best trial: 70. Best value: 0.554004:  15%|█▍        | 73/500 [01:56<11:13,  1.58s/it]Best trial: 70. Best value: 0.554004:  15%|█▍        | 74/500 [01:56<11:11,  1.58s/it]                                                                                      [I 2026-05-21 18:23:30,138] Trial 74 finished with value: 0.5302272553641366 and parameters: {'fire_exp': 0.6305555785186268, 'D_low': 93.90476150339641, 'D_high': 3343.1484782044154, 'pre_dampen_half': 2.4560885931577388, 'P_half': 26.73718353152482, 'gpp_d': 258.31695666321156, 'ign_c': 19.24467175379641, 'P_humid': 1420.643426161072, 'P_humid_q': 4.52515899403174}. Best is trial 70 with value: 0.5540040457407294.
Best trial: 70. Best value: 0.554004:  15%|█▍        | 74/500 [01:58<11:11,  1.58s/it]Best trial: 70. Best value: 0.554004:  15%|█▍        | 74/500 [01:58<11:11,  1.58s/it]Best trial: 70. Best value: 0.554004:  15%|█▌        | 75/500 [01:58<11:11,  1.58s/it]                                                                                      [I 2026-05-21 18:23:31,710] Trial 75 finished with value: 0.49439596927961876 and parameters: {'fire_exp': 0.5930664438021152, 'D_low': 73.55000518400311, 'D_high': 2361.9048949985786, 'pre_dampen_half': 3.7288143078022444, 'P_half': 22.98985995436943, 'gpp_d': 291.4010205459089, 'ign_c': 20.011815416189453, 'P_humid': 1610.0602384194744, 'P_humid_q': 4.301013559453461}. Best is trial 70 with value: 0.5540040457407294.
Best trial: 70. Best value: 0.554004:  15%|█▌        | 75/500 [02:00<11:11,  1.58s/it]Best trial: 70. Best value: 0.554004:  15%|█▌        | 75/500 [02:00<11:11,  1.58s/it]Best trial: 70. Best value: 0.554004:  15%|█▌        | 76/500 [02:00<11:08,  1.58s/it]                                                                                      [I 2026-05-21 18:23:33,325] Trial 76 finished with value: 0.5186923720250356 and parameters: {'fire_exp': 0.6520625082252212, 'D_low': 86.10923168370948, 'D_high': 3029.208242421987, 'pre_dampen_half': 1.888623982354663, 'P_half': 15.991072906617092, 'gpp_d': 108.33992346730072, 'ign_c': 21.648037685227088, 'P_humid': 1233.8042586409738, 'P_humid_q': 4.742133717359759}. Best is trial 70 with value: 0.5540040457407294.
Best trial: 70. Best value: 0.554004:  15%|█▌        | 76/500 [02:01<11:08,  1.58s/it]Best trial: 70. Best value: 0.554004:  15%|█▌        | 76/500 [02:01<11:08,  1.58s/it]Best trial: 70. Best value: 0.554004:  15%|█▌        | 77/500 [02:01<11:11,  1.59s/it]                                                                                      [I 2026-05-21 18:23:34,912] Trial 77 finished with value: 0.5339565513905447 and parameters: {'fire_exp': 0.6056106383988361, 'D_low': 77.38991137627856, 'D_high': 2173.181381137257, 'pre_dampen_half': 2.090249677391818, 'P_half': 29.855769418443128, 'gpp_d': 219.21976863593895, 'ign_c': 18.76889897616074, 'P_humid': 1104.646938355792, 'P_humid_q': 4.0698721636442565}. Best is trial 70 with value: 0.5540040457407294.
Best trial: 70. Best value: 0.554004:  15%|█▌        | 77/500 [02:03<11:11,  1.59s/it]Best trial: 70. Best value: 0.554004:  15%|█▌        | 77/500 [02:03<11:11,  1.59s/it]Best trial: 70. Best value: 0.554004:  16%|█▌        | 78/500 [02:03<11:10,  1.59s/it]                                                                                      [I 2026-05-21 18:23:36,485] Trial 78 finished with value: 0.5400883140584989 and parameters: {'fire_exp': 0.6187917460928241, 'D_low': 88.7494484503127, 'D_high': 2653.7860070502115, 'pre_dampen_half': 1.3487484159222463, 'P_half': 19.02026488325349, 'gpp_d': 317.20265689786396, 'ign_c': 19.152469586954087, 'P_humid': 1374.7473643428198, 'P_humid_q': 3.710958154859107}. Best is trial 70 with value: 0.5540040457407294.
Best trial: 70. Best value: 0.554004:  16%|█▌        | 78/500 [02:04<11:10,  1.59s/it]Best trial: 70. Best value: 0.554004:  16%|█▌        | 78/500 [02:04<11:10,  1.59s/it]Best trial: 70. Best value: 0.554004:  16%|█▌        | 79/500 [02:04<11:06,  1.58s/it]                                                                                      [I 2026-05-21 18:23:38,064] Trial 79 finished with value: 0.5114269673335934 and parameters: {'fire_exp': 0.5684261207741718, 'D_low': 61.24426155605816, 'D_high': 2426.0046387670636, 'pre_dampen_half': 2.4211537703494685, 'P_half': 24.346083225794622, 'gpp_d': 173.70122040799038, 'ign_c': 22.684216464049335, 'P_humid': 972.8880760686127, 'P_humid_q': 4.690251878823627}. Best is trial 70 with value: 0.5540040457407294.
Best trial: 70. Best value: 0.554004:  16%|█▌        | 79/500 [02:06<11:06,  1.58s/it]Best trial: 70. Best value: 0.554004:  16%|█▌        | 79/500 [02:06<11:06,  1.58s/it]Best trial: 70. Best value: 0.554004:  16%|█▌        | 80/500 [02:06<11:04,  1.58s/it]                                                                                      [I 2026-05-21 18:23:39,640] Trial 80 finished with value: 0.4759366347909172 and parameters: {'fire_exp': 0.6414197563464719, 'D_low': 84.16560183916755, 'D_high': 2867.7283565003504, 'pre_dampen_half': 9.729239090115913, 'P_half': 21.197213850327227, 'gpp_d': 252.2590834839119, 'ign_c': 19.927920008027154, 'P_humid': 1199.5277906275096, 'P_humid_q': 4.965144847173431}. Best is trial 70 with value: 0.5540040457407294.
Best trial: 70. Best value: 0.554004:  16%|█▌        | 80/500 [02:07<11:04,  1.58s/it]Best trial: 70. Best value: 0.554004:  16%|█▌        | 80/500 [02:07<11:04,  1.58s/it]Best trial: 70. Best value: 0.554004:  16%|█▌        | 81/500 [02:07<11:02,  1.58s/it]                                                                                      [I 2026-05-21 18:23:41,220] Trial 81 finished with value: 0.5275601358264799 and parameters: {'fire_exp': 0.6280143539840883, 'D_low': 78.73504365909854, 'D_high': 3203.36763492093, 'pre_dampen_half': 2.847149782423066, 'P_half': 15.872805914212448, 'gpp_d': 200.38052063642414, 'ign_c': 20.965896401585557, 'P_humid': 1686.036970938298, 'P_humid_q': 4.253370787814104}. Best is trial 70 with value: 0.5540040457407294.
Best trial: 70. Best value: 0.554004:  16%|█▌        | 81/500 [02:09<11:02,  1.58s/it]Best trial: 70. Best value: 0.554004:  16%|█▌        | 81/500 [02:09<11:02,  1.58s/it]Best trial: 70. Best value: 0.554004:  16%|█▋        | 82/500 [02:09<11:00,  1.58s/it]                                                                                      [I 2026-05-21 18:23:42,787] Trial 82 finished with value: 0.5501058236151392 and parameters: {'fire_exp': 0.6715199353807114, 'D_low': 81.32046971696396, 'D_high': 3480.5570630609336, 'pre_dampen_half': 2.070572260073105, 'P_half': 17.917181454440914, 'gpp_d': 185.32308341282885, 'ign_c': 20.25943860437689, 'P_humid': 1498.831009077029, 'P_humid_q': 4.843284858205886}. Best is trial 70 with value: 0.5540040457407294.
Best trial: 70. Best value: 0.554004:  16%|█▋        | 82/500 [02:11<11:00,  1.58s/it]Best trial: 70. Best value: 0.554004:  16%|█▋        | 82/500 [02:11<11:00,  1.58s/it]Best trial: 70. Best value: 0.554004:  17%|█▋        | 83/500 [02:11<10:57,  1.58s/it]                                                                                      [I 2026-05-21 18:23:44,358] Trial 83 finished with value: 0.5379025791188937 and parameters: {'fire_exp': 0.6680236593818953, 'D_low': 73.05688855587535, 'D_high': 3176.4048826051253, 'pre_dampen_half': 1.5802188912028587, 'P_half': 17.519259052923005, 'gpp_d': 154.6560944250835, 'ign_c': 20.39287157313829, 'P_humid': 1512.064878167654, 'P_humid_q': 4.868411807764108}. Best is trial 70 with value: 0.5540040457407294.
Best trial: 70. Best value: 0.554004:  17%|█▋        | 83/500 [02:12<10:57,  1.58s/it]Best trial: 70. Best value: 0.554004:  17%|█▋        | 83/500 [02:12<10:57,  1.58s/it]Best trial: 70. Best value: 0.554004:  17%|█▋        | 84/500 [02:12<10:55,  1.57s/it]                                                                                      [I 2026-05-21 18:23:45,930] Trial 84 finished with value: 0.4151230579580738 and parameters: {'fire_exp': 0.6974823845994192, 'D_low': 93.97484850546627, 'D_high': 3486.8059445812573, 'pre_dampen_half': 16.82249261226809, 'P_half': 11.967271316168105, 'gpp_d': 93.10824059976169, 'ign_c': 17.560512175830546, 'P_humid': 1384.7113915390107, 'P_humid_q': 4.625797134184868}. Best is trial 70 with value: 0.5540040457407294.
