Best trial: 5. Best value: 0.543973:   6%|▌         | 28/500 [00:45<12:21,  1.57s/it]Best trial: 5. Best value: 0.543973:   6%|▌         | 28/500 [00:45<12:21,  1.57s/it]Best trial: 5. Best value: 0.543973:   6%|▌         | 29/500 [00:45<12:18,  1.57s/it]                                                                                     [I 2026-05-21 18:22:18,943] Trial 29 finished with value: 0.4256418587970172 and parameters: {'fire_exp': 0.440639086557979, 'D_low': 117.18661582617737, 'D_high': 3765.019949014769, 'pre_dampen_half': 2.024989785645607, 'P_half': 8.930684381002749, 'gpp_d': 72.6383688406459, 'ign_c': 17.55987957691674, 'P_humid': 1438.8346265335908, 'P_humid_q': 2.0647437672522813}. Best is trial 5 with value: 0.5439726888478001.
Best trial: 5. Best value: 0.543973:   6%|▌         | 29/500 [00:47<12:18,  1.57s/it]Best trial: 5. Best value: 0.543973:   6%|▌         | 29/500 [00:47<12:18,  1.57s/it]Best trial: 5. Best value: 0.543973:   6%|▌         | 30/500 [00:47<12:18,  1.57s/it]                                                                                     [I 2026-05-21 18:22:20,552] Trial 30 finished with value: 0.5316342156881844 and parameters: {'fire_exp': 0.809910361597427, 'D_low': 72.08509494889125, 'D_high': 5679.694532966859, 'pre_dampen_half': 10.773953949494093, 'P_half': 29.330667592387776, 'gpp_d': 101.20645590927857, 'ign_c': 24.082947472558015, 'P_humid': 1940.163268014273, 'P_humid_q': 1.5431266007287505}. Best is trial 5 with value: 0.5439726888478001.
Best trial: 5. Best value: 0.543973:   6%|▌         | 30/500 [00:48<12:18,  1.57s/it]Best trial: 5. Best value: 0.543973:   6%|▌         | 30/500 [00:48<12:18,  1.57s/it]Best trial: 5. Best value: 0.543973:   6%|▌         | 31/500 [00:48<12:22,  1.58s/it]                                                                                     [I 2026-05-21 18:22:22,125] Trial 31 finished with value: 0.5293588426450418 and parameters: {'fire_exp': 0.6864775002550152, 'D_low': 91.45973841307318, 'D_high': 4683.760554471401, 'pre_dampen_half': 1.3072987656461934, 'P_half': 12.404339992710531, 'gpp_d': 28.809043064608865, 'ign_c': 14.389834666992488, 'P_humid': 1586.619678981425, 'P_humid_q': 1.5402654971748067}. Best is trial 5 with value: 0.5439726888478001.
Best trial: 5. Best value: 0.543973:   6%|▌         | 31/500 [00:50<12:22,  1.58s/it]Best trial: 5. Best value: 0.543973:   6%|▌         | 31/500 [00:50<12:22,  1.58s/it]Best trial: 5. Best value: 0.543973:   6%|▋         | 32/500 [00:50<12:19,  1.58s/it]                                                                                     [I 2026-05-21 18:22:23,773] Trial 32 finished with value: 0.5463311306515515 and parameters: {'fire_exp': 0.6308886457102955, 'D_low': 107.40383619403077, 'D_high': 5150.8017702347615, 'pre_dampen_half': 1.4510323943511536, 'P_half': 15.351283289046279, 'gpp_d': 47.698339605171704, 'ign_c': 18.722671131489257, 'P_humid': 1185.2703234310854, 'P_humid_q': 1.1861887169299172}. Best is trial 32 with value: 0.5463311306515515.
Best trial: 5. Best value: 0.543973:   6%|▋         | 32/500 [00:52<12:19,  1.58s/it]Best trial: 32. Best value: 0.546331:   6%|▋         | 32/500 [00:52<12:19,  1.58s/it]Best trial: 32. Best value: 0.546331:   7%|▋         | 33/500 [00:52<12:27,  1.60s/it]                                                                                      [I 2026-05-21 18:22:25,357] Trial 33 finished with value: 0.529278453402715 and parameters: {'fire_exp': 0.6202082197748747, 'D_low': 112.5356999510642, 'D_high': 5204.277989003374, 'pre_dampen_half': 2.4711748725815825, 'P_half': 4.9768380270356145, 'gpp_d': 45.48271575630386, 'ign_c': 16.120042490583273, 'P_humid': 308.5954125274379, 'P_humid_q': 0.912455582812848}. Best is trial 32 with value: 0.5463311306515515.
Best trial: 32. Best value: 0.546331:   7%|▋         | 33/500 [00:53<12:27,  1.60s/it]Best trial: 32. Best value: 0.546331:   7%|▋         | 33/500 [00:53<12:27,  1.60s/it]Best trial: 32. Best value: 0.546331:   7%|▋         | 34/500 [00:53<12:23,  1.60s/it]                                                                                      [I 2026-05-21 18:22:26,931] Trial 34 finished with value: 0.513452716829902 and parameters: {'fire_exp': 0.5896087614081414, 'D_low': 107.25041200693134, 'D_high': 4994.08658024432, 'pre_dampen_half': 2.016994022460672, 'P_half': 8.255941279971417, 'gpp_d': 44.14371960833257, 'ign_c': 19.510985983454795, 'P_humid': 1235.496582383081, 'P_humid_q': 2.473331725103143}. Best is trial 32 with value: 0.5463311306515515.
Best trial: 32. Best value: 0.546331:   7%|▋         | 34/500 [00:55<12:23,  1.60s/it]Best trial: 32. Best value: 0.546331:   7%|▋         | 34/500 [00:55<12:23,  1.60s/it]Best trial: 32. Best value: 0.546331:   7%|▋         | 35/500 [00:55<12:18,  1.59s/it]                                                                                      [I 2026-05-21 18:22:28,499] Trial 35 finished with value: 0.49780417382632614 and parameters: {'fire_exp': 0.7336682840470111, 'D_low': 129.62808354121816, 'D_high': 4356.69344756853, 'pre_dampen_half': 1.255772290030848, 'P_half': 14.04526868789602, 'gpp_d': 65.54159372708916, 'ign_c': 18.582300128362547, 'P_humid': 881.6764736197075, 'P_humid_q': 1.2203410172015208}. Best is trial 32 with value: 0.5463311306515515.
Best trial: 32. Best value: 0.546331:   7%|▋         | 35/500 [00:56<12:18,  1.59s/it]Best trial: 32. Best value: 0.546331:   7%|▋         | 35/500 [00:56<12:18,  1.59s/it]Best trial: 32. Best value: 0.546331:   7%|▋         | 36/500 [00:56<12:14,  1.58s/it]                                                                                      [I 2026-05-21 18:22:30,071] Trial 36 finished with value: 0.4648117535468464 and parameters: {'fire_exp': 0.8663186254451267, 'D_low': 97.8157158049035, 'D_high': 5317.834891059651, 'pre_dampen_half': 3.3314548080924036, 'P_half': 22.624168063804607, 'gpp_d': 52.51720192283565, 'ign_c': 20.174324625113762, 'P_humid': 517.5035899971127, 'P_humid_q': 1.7346704502783614}. Best is trial 32 with value: 0.5463311306515515.
Best trial: 32. Best value: 0.546331:   7%|▋         | 36/500 [00:58<12:14,  1.58s/it]Best trial: 32. Best value: 0.546331:   7%|▋         | 36/500 [00:58<12:14,  1.58s/it]Best trial: 32. Best value: 0.546331:   7%|▋         | 37/500 [00:58<12:11,  1.58s/it]                                                                                      [I 2026-05-21 18:22:31,639] Trial 37 finished with value: 0.5026092555376883 and parameters: {'fire_exp': 0.5402937279957505, 'D_low': 52.103635194288636, 'D_high': 4151.157369560367, 'pre_dampen_half': 1.5647471747025157, 'P_half': 3.4253671495496523, 'gpp_d': 86.36722523076388, 'ign_c': 20.959342453570873, 'P_humid': 1675.234255495635, 'P_humid_q': 2.4810377373158516}. Best is trial 32 with value: 0.5463311306515515.
Best trial: 32. Best value: 0.546331:   7%|▋         | 37/500 [00:59<12:11,  1.58s/it]Best trial: 32. Best value: 0.546331:   7%|▋         | 37/500 [00:59<12:11,  1.58s/it]Best trial: 32. Best value: 0.546331:   8%|▊         | 38/500 [00:59<12:08,  1.58s/it]                                                                                      [I 2026-05-21 18:22:33,242] Trial 38 finished with value: 0.5272255024431102 and parameters: {'fire_exp': 0.6447359144633438, 'D_low': 127.81879833347219, 'D_high': 5618.179865335412, 'pre_dampen_half': 1.0043763958949459, 'P_half': 5.2085416754386324, 'gpp_d': 394.2655552258514, 'ign_c': 18.779583344746587, 'P_humid': 1177.308812185736, 'P_humid_q': 0.7190141867260491}. Best is trial 32 with value: 0.5463311306515515.
Best trial: 32. Best value: 0.546331:   8%|▊         | 38/500 [01:01<12:08,  1.58s/it]Best trial: 32. Best value: 0.546331:   8%|▊         | 38/500 [01:01<12:08,  1.58s/it]Best trial: 32. Best value: 0.546331:   8%|▊         | 39/500 [01:01<12:10,  1.58s/it]                                                                                      [I 2026-05-21 18:22:34,819] Trial 39 finished with value: 0.34170558083874203 and parameters: {'fire_exp': 0.4617490338358849, 'D_low': 81.33562654481435, 'D_high': 1857.4092735860584, 'pre_dampen_half': 28.691638796713477, 'P_half': 12.62098224139722, 'gpp_d': 66.13998663888746, 'ign_c': 16.665184584777784, 'P_humid': 2461.5404935978395, 'P_humid_q': 2.809948249375154}. Best is trial 32 with value: 0.5463311306515515.
Best trial: 32. Best value: 0.546331:   8%|▊         | 39/500 [01:03<12:10,  1.58s/it]Best trial: 32. Best value: 0.546331:   8%|▊         | 39/500 [01:03<12:10,  1.58s/it]Best trial: 32. Best value: 0.546331:   8%|▊         | 40/500 [01:03<12:07,  1.58s/it]                                                                                      [I 2026-05-21 18:22:36,452] Trial 40 finished with value: 0.4593745038157627 and parameters: {'fire_exp': 0.7914211331076959, 'D_low': 64.47853233664182, 'D_high': 4958.7095085054125, 'pre_dampen_half': 2.323936363226147, 'P_half': 8.361718266779011, 'gpp_d': 31.03872295297622, 'ign_c': 12.24526990012324, 'P_humid': 633.0160358656713, 'P_humid_q': 3.08915083219407}. Best is trial 32 with value: 0.5463311306515515.
Best trial: 32. Best value: 0.546331:   8%|▊         | 40/500 [01:04<12:07,  1.58s/it]Best trial: 32. Best value: 0.546331:   8%|▊         | 40/500 [01:04<12:07,  1.58s/it]Best trial: 32. Best value: 0.546331:   8%|▊         | 41/500 [01:04<12:13,  1.60s/it]                                                                                      [I 2026-05-21 18:22:38,046] Trial 41 finished with value: 0.5100620787437995 and parameters: {'fire_exp': 0.7060941147655259, 'D_low': 104.55978467422074, 'D_high': 4561.449698190287, 'pre_dampen_half': 1.465191641759389, 'P_half': 16.788227595812774, 'gpp_d': 39.75503587014668, 'ign_c': 14.440735783572153, 'P_humid': 925.5600255383673, 'P_humid_q': 2.1240818502091012}. Best is trial 32 with value: 0.5463311306515515.
Best trial: 32. Best value: 0.546331:   8%|▊         | 41/500 [01:06<12:13,  1.60s/it]Best trial: 32. Best value: 0.546331:   8%|▊         | 41/500 [01:06<12:13,  1.60s/it]Best trial: 32. Best value: 0.546331:   8%|▊         | 42/500 [01:06<12:11,  1.60s/it]                                                                                      [I 2026-05-21 18:22:39,620] Trial 42 finished with value: 0.5085048329711388 and parameters: {'fire_exp': 0.7531449975756792, 'D_low': 91.62365755893707, 'D_high': 4841.224078431045, 'pre_dampen_half': 1.2157810623811671, 'P_half': 19.867432097382665, 'gpp_d': 56.761921479386274, 'ign_c': 15.845050432998907, 'P_humid': 1150.126439658654, 'P_humid_q': 1.3528841012516488}. Best is trial 32 with value: 0.5463311306515515.
Best trial: 32. Best value: 0.546331:   8%|▊         | 42/500 [01:07<12:11,  1.60s/it]Best trial: 32. Best value: 0.546331:   8%|▊         | 42/500 [01:07<12:11,  1.60s/it]Best trial: 32. Best value: 0.546331:   9%|▊         | 43/500 [01:07<12:06,  1.59s/it]                                                                                      [I 2026-05-21 18:22:41,219] Trial 43 finished with value: 0.4641159735899476 and parameters: {'fire_exp': 0.607372012025801, 'D_low': 76.51918046532307, 'D_high': 4771.527971485819, 'pre_dampen_half': 1.9282105051317886, 'P_half': 26.867754360454263, 'gpp_d': 25.82997892024579, 'ign_c': 14.159857688049572, 'P_humid': 1599.4948200408237, 'P_humid_q': 1.0217755957048655}. Best is trial 32 with value: 0.5463311306515515.
Best trial: 32. Best value: 0.546331:   9%|▊         | 43/500 [01:09<12:06,  1.59s/it]Best trial: 32. Best value: 0.546331:   9%|▊         | 43/500 [01:09<12:06,  1.59s/it]Best trial: 32. Best value: 0.546331:   9%|▉         | 44/500 [01:09<12:06,  1.59s/it]                                                                                      [I 2026-05-21 18:22:42,800] Trial 44 finished with value: 0.5306282455126454 and parameters: {'fire_exp': 0.7089324358890907, 'D_low': 110.99081698049741, 'D_high': 3700.3046698086655, 'pre_dampen_half': 1.3998454178200213, 'P_half': 10.916929063029109, 'gpp_d': 32.48700677826645, 'ign_c': 11.313046262762855, 'P_humid': 1463.5389654007818, 'P_humid_q': 1.5770503775734857}. Best is trial 32 with value: 0.5463311306515515.
Best trial: 32. Best value: 0.546331:   9%|▉         | 44/500 [01:11<12:06,  1.59s/it]Best trial: 32. Best value: 0.546331:   9%|▉         | 44/500 [01:11<12:06,  1.59s/it]Best trial: 32. Best value: 0.546331:   9%|▉         | 45/500 [01:11<12:02,  1.59s/it]                                                                                      [I 2026-05-21 18:22:44,375] Trial 45 finished with value: 0.5394500313865632 and parameters: {'fire_exp': 0.6606237152692853, 'D_low': 98.54220408719375, 'D_high': 3958.1146984138554, 'pre_dampen_half': 1.6830124855679047, 'P_half': 13.970092740913868, 'gpp_d': 53.07642640744029, 'ign_c': 18.231389491242584, 'P_humid': 1287.1150845595637, 'P_humid_q': 0.684493077428959}. Best is trial 32 with value: 0.5463311306515515.
Best trial: 32. Best value: 0.546331:   9%|▉         | 45/500 [01:12<12:02,  1.59s/it]Best trial: 32. Best value: 0.546331:   9%|▉         | 45/500 [01:12<12:02,  1.59s/it]Best trial: 32. Best value: 0.546331:   9%|▉         | 46/500 [01:12<11:59,  1.58s/it]                                                                                      [I 2026-05-21 18:22:45,960] Trial 46 finished with value: 0.5315581466290829 and parameters: {'fire_exp': 0.5518580449492942, 'D_low': 127.07062211157294, 'D_high': 3365.769975936175, 'pre_dampen_half': 1.796704752938675, 'P_half': 9.048594532342275, 'gpp_d': 53.66689588528361, 'ign_c': 18.77191103838167, 'P_humid': 1270.5195403337475, 'P_humid_q': 0.4815763919694427}. Best is trial 32 with value: 0.5463311306515515.
Best trial: 32. Best value: 0.546331:   9%|▉         | 46/500 [01:14<11:59,  1.58s/it]Best trial: 32. Best value: 0.546331:   9%|▉         | 46/500 [01:14<11:59,  1.58s/it]Best trial: 32. Best value: 0.546331:   9%|▉         | 47/500 [01:14<11:57,  1.58s/it]                                                                                      [I 2026-05-21 18:22:47,527] Trial 47 finished with value: 0.49694225896766436 and parameters: {'fire_exp': 0.8564408227980909, 'D_low': 98.77997027755154, 'D_high': 2189.198080813976, 'pre_dampen_half': 1.1459565114383385, 'P_half': 13.867717203272283, 'gpp_d': 40.71792514998819, 'ign_c': 20.241905734964185, 'P_humid': 2153.9861219188488, 'P_humid_q': 0.7194240465557697}. Best is trial 32 with value: 0.5463311306515515.
Best trial: 32. Best value: 0.546331:   9%|▉         | 47/500 [01:15<11:57,  1.58s/it]Best trial: 32. Best value: 0.546331:   9%|▉         | 47/500 [01:15<11:57,  1.58s/it]Best trial: 32. Best value: 0.546331:  10%|▉         | 48/500 [01:15<11:53,  1.58s/it]                                                                                      [I 2026-05-21 18:22:49,124] Trial 48 finished with value: 0.5144801157463954 and parameters: {'fire_exp': 0.6572883933414995, 'D_low': 44.098327802532744, 'D_high': 4017.0412332367478, 'pre_dampen_half': 4.3617523853916795, 'P_half': 4.320009432634288, 'gpp_d': 115.18669321888655, 'ign_c': 22.711735742269518, 'P_humid': 1823.245184175223, 'P_humid_q': 3.3731160449803785}. Best is trial 32 with value: 0.5463311306515515.
Best trial: 32. Best value: 0.546331:  10%|▉         | 48/500 [01:17<11:53,  1.58s/it]Best trial: 32. Best value: 0.546331:  10%|▉         | 48/500 [01:17<11:53,  1.58s/it]Best trial: 32. Best value: 0.546331:  10%|▉         | 49/500 [01:17<11:54,  1.58s/it]                                                                                      [I 2026-05-21 18:22:50,701] Trial 49 finished with value: 0.4932858259258036 and parameters: {'fire_exp': 0.7570408401654667, 'D_low': 14.9907478109821, 'D_high': 5738.990942864659, 'pre_dampen_half': 2.5589259260042057, 'P_half': 1.1438585505256942, 'gpp_d': 90.39170784163804, 'ign_c': 17.167072042919305, 'P_humid': 2046.0664589088658, 'P_humid_q': 1.1512305010395805}. Best is trial 32 with value: 0.5463311306515515.
Best trial: 32. Best value: 0.546331:  10%|▉         | 49/500 [01:19<11:54,  1.58s/it]Best trial: 32. Best value: 0.546331:  10%|▉         | 49/500 [01:19<11:54,  1.58s/it]Best trial: 32. Best value: 0.546331:  10%|█         | 50/500 [01:19<11:52,  1.58s/it]                                                                                      [I 2026-05-21 18:22:52,276] Trial 50 finished with value: 0.4549043770053942 and parameters: {'fire_exp': 0.7282023490840245, 'D_low': 51.162763237293845, 'D_high': 5298.329903274357, 'pre_dampen_half': 3.242723223233387, 'P_half': 5.858064169052218, 'gpp_d': 50.731260461621616, 'ign_c': 26.722546896286488, 'P_humid': 1339.283656473471, 'P_humid_q': 0.8006966925096601}. Best is trial 32 with value: 0.5463311306515515.
Best trial: 32. Best value: 0.546331:  10%|█         | 50/500 [01:20<11:52,  1.58s/it]Best trial: 32. Best value: 0.546331:  10%|█         | 50/500 [01:20<11:52,  1.58s/it]Best trial: 32. Best value: 0.546331:  10%|█         | 51/500 [01:20<11:49,  1.58s/it]                                                                                      [I 2026-05-21 18:22:53,866] Trial 51 finished with value: 0.5082189050467545 and parameters: {'fire_exp': 0.6833991995971488, 'D_low': 87.78543544262374, 'D_high': 4517.0253107345325, 'pre_dampen_half': 1.6088081444945195, 'P_half': 18.54066086669645, 'gpp_d': 20.07658040891695, 'ign_c': 18.406306850762274, 'P_humid': 710.1720685120517, 'P_humid_q': 1.3999869051181981}. Best is trial 32 with value: 0.5463311306515515.
Best trial: 32. Best value: 0.546331:  10%|█         | 51/500 [01:22<11:49,  1.58s/it]Best trial: 32. Best value: 0.546331:  10%|█         | 51/500 [01:22<11:49,  1.58s/it]Best trial: 32. Best value: 0.546331:  10%|█         | 52/500 [01:22<11:49,  1.58s/it]                                                                                      [I 2026-05-21 18:22:55,437] Trial 52 finished with value: 0.5340922056714265 and parameters: {'fire_exp': 0.6950672718061343, 'D_low': 100.23851516209439, 'D_high': 3870.781413802486, 'pre_dampen_half': 2.161632108136917, 'P_half': 10.70684714902443, 'gpp_d': 62.22948973958361, 'ign_c': 16.026588033325027, 'P_humid': 1040.8782697340578, 'P_humid_q': 2.3345101388929232}. Best is trial 32 with value: 0.5463311306515515.
Best trial: 32. Best value: 0.546331:  10%|█         | 52/500 [01:23<11:49,  1.58s/it]Best trial: 32. Best value: 0.546331:  10%|█         | 52/500 [01:23<11:49,  1.58s/it]Best trial: 32. Best value: 0.546331:  11%|█         | 53/500 [01:23<11:45,  1.58s/it]                                                                                      [I 2026-05-21 18:22:57,009] Trial 53 finished with value: 0.5081315915046907 and parameters: {'fire_exp': 0.6603477679495519, 'D_low': 100.92363891491206, 'D_high': 3548.80992733032, 'pre_dampen_half': 2.2496421380878213, 'P_half': 10.783025523348053, 'gpp_d': 62.4767124844499, 'ign_c': 16.425505876376185, 'P_humid': 1530.4177938257048, 'P_humid_q': 2.373999985743659}. Best is trial 32 with value: 0.5463311306515515.
Best trial: 32. Best value: 0.546331:  11%|█         | 53/500 [01:25<11:45,  1.58s/it]Best trial: 32. Best value: 0.546331:  11%|█         | 53/500 [01:25<11:45,  1.58s/it]Best trial: 32. Best value: 0.546331:  11%|█         | 54/500 [01:25<11:43,  1.58s/it]                                                                                      [I 2026-05-21 18:22:58,608] Trial 54 finished with value: 0.5174690302148114 and parameters: {'fire_exp': 0.6126362620045008, 'D_low': 110.2972888242468, 'D_high': 2746.379195320666, 'pre_dampen_half': 1.943833130997635, 'P_half': 8.063821991769586, 'gpp_d': 145.79750806246278, 'ign_c': 14.884989215730325, 'P_humid': 1070.236201312604, 'P_humid_q': 2.6589584155839816}. Best is trial 32 with value: 0.5463311306515515.
Best trial: 32. Best value: 0.546331:  11%|█         | 54/500 [01:26<11:43,  1.58s/it]Best trial: 32. Best value: 0.546331:  11%|█         | 54/500 [01:26<11:43,  1.58s/it]Best trial: 32. Best value: 0.546331:  11%|█         | 55/500 [01:26<11:44,  1.58s/it]                                                                                      [I 2026-05-21 18:23:00,177] Trial 55 finished with value: 0.47767478633378596 and parameters: {'fire_exp': 0.8006552291019265, 'D_low': 95.53335561980754, 'D_high': 3876.6410565043034, 'pre_dampen_half': 1.1248908677338747, 'P_half': 0.5307824822603301, 'gpp_d': 70.307287093348, 'ign_c': 17.213690336379475, 'P_humid': 802.0902465667888, 'P_humid_q': 1.9903671326791161}. Best is trial 32 with value: 0.5463311306515515.
Best trial: 32. Best value: 0.546331:  11%|█         | 55/500 [01:28<11:44,  1.58s/it]Best trial: 32. Best value: 0.546331:  11%|█         | 55/500 [01:28<11:44,  1.58s/it]Best trial: 32. Best value: 0.546331:  11%|█         | 56/500 [01:28<11:41,  1.58s/it]                                                                                      [I 2026-05-21 18:23:01,749] Trial 56 finished with value: 0.549600046983614 and parameters: {'fire_exp': 0.7119248924666057, 'D_low': 78.22431398506943, 'D_high': 4289.537886372911, 'pre_dampen_half': 2.7808594921633656, 'P_half': 6.526269425114001, 'gpp_d': 88.98594613214874, 'ign_c': 19.3231954087952, 'P_humid': 1283.1921057422035, 'P_humid_q': 1.7710887395895474}. Best is trial 56 with value: 0.549600046983614.
