Best trial: 70. Best value: 0.554004:  28%|██▊       | 140/500 [03:42<09:24,  1.57s/it]Best trial: 70. Best value: 0.554004:  28%|██▊       | 140/500 [03:42<09:24,  1.57s/it]Best trial: 70. Best value: 0.554004:  28%|██▊       | 141/500 [03:42<09:25,  1.58s/it]                                                                                       [I 2026-05-21 18:25:15,352] Trial 141 finished with value: 0.5486870155783988 and parameters: {'fire_exp': 0.6854172722301002, 'D_low': 68.62747032260458, 'D_high': 5403.1059495626, 'pre_dampen_half': 1.3758883062239333, 'P_half': 12.987625278227185, 'gpp_d': 282.1011746183448, 'ign_c': 20.65968249039374, 'P_humid': 3357.8396539751593, 'P_humid_q': 3.3723208377129033}. Best is trial 70 with value: 0.5540040457407294.
Best trial: 70. Best value: 0.554004:  28%|██▊       | 141/500 [03:43<09:25,  1.58s/it]Best trial: 70. Best value: 0.554004:  28%|██▊       | 141/500 [03:43<09:25,  1.58s/it]Best trial: 70. Best value: 0.554004:  28%|██▊       | 142/500 [03:43<09:21,  1.57s/it]                                                                                       [I 2026-05-21 18:25:16,919] Trial 142 finished with value: 0.5463690594095663 and parameters: {'fire_exp': 0.6974347803024254, 'D_low': 66.44066701036692, 'D_high': 5524.855231967629, 'pre_dampen_half': 1.27399682493235, 'P_half': 14.917014345926559, 'gpp_d': 315.04736866827125, 'ign_c': 21.206279430918293, 'P_humid': 3468.8306255101293, 'P_humid_q': 3.4448356980028167}. Best is trial 70 with value: 0.5540040457407294.
Best trial: 70. Best value: 0.554004:  28%|██▊       | 142/500 [03:45<09:21,  1.57s/it]Best trial: 70. Best value: 0.554004:  28%|██▊       | 142/500 [03:45<09:21,  1.57s/it]Best trial: 70. Best value: 0.554004:  29%|██▊       | 143/500 [03:45<09:20,  1.57s/it]                                                                                       [I 2026-05-21 18:25:18,474] Trial 143 finished with value: 0.5497590354974654 and parameters: {'fire_exp': 0.6725727390266906, 'D_low': 70.90066079604647, 'D_high': 5168.326672915964, 'pre_dampen_half': 1.1974997419051079, 'P_half': 10.741736435791351, 'gpp_d': 348.2176624684659, 'ign_c': 20.103679726859454, 'P_humid': 3104.2067302560163, 'P_humid_q': 3.053336243188859}. Best is trial 70 with value: 0.5540040457407294.
Best trial: 70. Best value: 0.554004:  29%|██▊       | 143/500 [03:46<09:20,  1.57s/it]Best trial: 70. Best value: 0.554004:  29%|██▊       | 143/500 [03:46<09:20,  1.57s/it]Best trial: 70. Best value: 0.554004:  29%|██▉       | 144/500 [03:46<09:17,  1.56s/it]                                                                                       [I 2026-05-21 18:25:20,037] Trial 144 finished with value: 0.5282026398622044 and parameters: {'fire_exp': 0.6365165261800709, 'D_low': 74.52304992477444, 'D_high': 5664.576928288832, 'pre_dampen_half': 1.0871882997759106, 'P_half': 13.205955220664473, 'gpp_d': 384.1479185597206, 'ign_c': 19.72815745198119, 'P_humid': 3222.3736648771846, 'P_humid_q': 3.6082860468902123}. Best is trial 70 with value: 0.5540040457407294.
Best trial: 70. Best value: 0.554004:  29%|██▉       | 144/500 [03:48<09:17,  1.56s/it]Best trial: 70. Best value: 0.554004:  29%|██▉       | 144/500 [03:48<09:17,  1.56s/it]Best trial: 70. Best value: 0.554004:  29%|██▉       | 145/500 [03:48<09:15,  1.56s/it]                                                                                       [I 2026-05-21 18:25:21,610] Trial 145 finished with value: 0.5533823302418187 and parameters: {'fire_exp': 0.6560709845468591, 'D_low': 61.85145347975677, 'D_high': 3784.7737325497433, 'pre_dampen_half': 1.3526517502612492, 'P_half': 10.023198552127514, 'gpp_d': 63.69875383832549, 'ign_c': 20.563245591877937, 'P_humid': 2821.6949434723815, 'P_humid_q': 3.7764876036697195}. Best is trial 70 with value: 0.5540040457407294.
Best trial: 70. Best value: 0.554004:  29%|██▉       | 145/500 [03:49<09:15,  1.56s/it]Best trial: 70. Best value: 0.554004:  29%|██▉       | 145/500 [03:49<09:15,  1.56s/it]Best trial: 70. Best value: 0.554004:  29%|██▉       | 146/500 [03:49<09:14,  1.57s/it]                                                                                       [I 2026-05-21 18:25:23,172] Trial 146 finished with value: 0.4190704559879159 and parameters: {'fire_exp': 0.7213598188101261, 'D_low': 57.14902010919513, 'D_high': 5722.707302085672, 'pre_dampen_half': 1.0764686277658366, 'P_half': 8.386158611998624, 'gpp_d': 80.95293143746721, 'ign_c': 20.964540129053525, 'P_humid': 491.22419629295945, 'P_humid_q': 3.7392654663358647}. Best is trial 70 with value: 0.5540040457407294.
Best trial: 70. Best value: 0.554004:  29%|██▉       | 146/500 [03:51<09:14,  1.57s/it]Best trial: 70. Best value: 0.554004:  29%|██▉       | 146/500 [03:51<09:14,  1.57s/it]Best trial: 70. Best value: 0.554004:  29%|██▉       | 147/500 [03:51<09:12,  1.57s/it]                                                                                       [I 2026-05-21 18:25:24,742] Trial 147 finished with value: 0.5375540853011667 and parameters: {'fire_exp': 0.6562001595980517, 'D_low': 61.00547674079496, 'D_high': 3810.7002955188523, 'pre_dampen_half': 1.3059651209250727, 'P_half': 9.784579756405137, 'gpp_d': 71.93747095475645, 'ign_c': 22.46730978575437, 'P_humid': 2831.8614992729094, 'P_humid_q': 3.9532251733829233}. Best is trial 70 with value: 0.5540040457407294.
Best trial: 70. Best value: 0.554004:  29%|██▉       | 147/500 [03:53<09:12,  1.57s/it]Best trial: 70. Best value: 0.554004:  29%|██▉       | 147/500 [03:53<09:12,  1.57s/it]Best trial: 70. Best value: 0.554004:  30%|██▉       | 148/500 [03:53<09:11,  1.57s/it]                                                                                       [I 2026-05-21 18:25:26,308] Trial 148 finished with value: 0.5449617951188189 and parameters: {'fire_exp': 0.691546605852197, 'D_low': 62.83259760685908, 'D_high': 5332.287940508333, 'pre_dampen_half': 1.405338746292984, 'P_half': 7.254422803026206, 'gpp_d': 64.5964856391119, 'ign_c': 21.814953090433107, 'P_humid': 2512.3922795508215, 'P_humid_q': 3.7934969306642072}. Best is trial 70 with value: 0.5540040457407294.
Best trial: 70. Best value: 0.554004:  30%|██▉       | 148/500 [03:54<09:11,  1.57s/it]Best trial: 70. Best value: 0.554004:  30%|██▉       | 148/500 [03:54<09:11,  1.57s/it]Best trial: 70. Best value: 0.554004:  30%|██▉       | 149/500 [03:54<09:09,  1.57s/it]                                                                                       [I 2026-05-21 18:25:27,870] Trial 149 finished with value: 0.5522692329182572 and parameters: {'fire_exp': 0.6756577668636053, 'D_low': 66.37312790896384, 'D_high': 5912.993228772562, 'pre_dampen_half': 1.1719834671530267, 'P_half': 8.980046951837135, 'gpp_d': 60.15674943349215, 'ign_c': 20.636041659201894, 'P_humid': 2971.0243410211633, 'P_humid_q': 4.104344166884676}. Best is trial 70 with value: 0.5540040457407294.
Best trial: 70. Best value: 0.554004:  30%|██▉       | 149/500 [03:56<09:09,  1.57s/it]Best trial: 70. Best value: 0.554004:  30%|██▉       | 149/500 [03:56<09:09,  1.57s/it]Best trial: 70. Best value: 0.554004:  30%|███       | 150/500 [03:56<09:07,  1.57s/it]                                                                                       [I 2026-05-21 18:25:29,450] Trial 150 finished with value: 0.5430604413614538 and parameters: {'fire_exp': 0.7059928395782991, 'D_low': 53.66621906421009, 'D_high': 5848.079453600434, 'pre_dampen_half': 1.2084162853095661, 'P_half': 8.047343611839054, 'gpp_d': 62.15523395456784, 'ign_c': 21.446527712554463, 'P_humid': 2972.0937777867234, 'P_humid_q': 4.114989889389084}. Best is trial 70 with value: 0.5540040457407294.
Best trial: 70. Best value: 0.554004:  30%|███       | 150/500 [03:57<09:07,  1.57s/it]Best trial: 70. Best value: 0.554004:  30%|███       | 150/500 [03:57<09:07,  1.57s/it]Best trial: 70. Best value: 0.554004:  30%|███       | 151/500 [03:57<09:07,  1.57s/it]                                                                                       [I 2026-05-21 18:25:31,005] Trial 151 finished with value: 0.5527035520041331 and parameters: {'fire_exp': 0.6752236809916948, 'D_low': 65.28815688377891, 'D_high': 5918.728503910499, 'pre_dampen_half': 1.1039555238103558, 'P_half': 9.171063053143298, 'gpp_d': 50.90231540108405, 'ign_c': 20.505681867676937, 'P_humid': 2701.4825596265528, 'P_humid_q': 3.659380367110686}. Best is trial 70 with value: 0.5540040457407294.
Best trial: 70. Best value: 0.554004:  30%|███       | 151/500 [03:59<09:07,  1.57s/it]Best trial: 70. Best value: 0.554004:  30%|███       | 151/500 [03:59<09:07,  1.57s/it]Best trial: 70. Best value: 0.554004:  30%|███       | 152/500 [03:59<09:04,  1.57s/it]                                                                                       [I 2026-05-21 18:25:32,575] Trial 152 finished with value: 0.5481988775759903 and parameters: {'fire_exp': 0.6794149722303665, 'D_low': 65.61247002915202, 'D_high': 5891.932845814047, 'pre_dampen_half': 1.0043525246231773, 'P_half': 8.791601425723657, 'gpp_d': 55.34365006724557, 'ign_c': 20.587498096187076, 'P_humid': 2671.5076286176595, 'P_humid_q': 3.869089383059355}. Best is trial 70 with value: 0.5540040457407294.
Best trial: 70. Best value: 0.554004:  30%|███       | 152/500 [04:00<09:04,  1.57s/it]Best trial: 70. Best value: 0.554004:  30%|███       | 152/500 [04:00<09:04,  1.57s/it]Best trial: 70. Best value: 0.554004:  31%|███       | 153/500 [04:00<09:03,  1.57s/it]                                                                                       [I 2026-05-21 18:25:34,141] Trial 153 finished with value: 0.5522041343723034 and parameters: {'fire_exp': 0.6566602745573054, 'D_low': 59.581479408153854, 'D_high': 5775.257425826108, 'pre_dampen_half': 1.1304805082698712, 'P_half': 10.271578363535495, 'gpp_d': 52.17843507590719, 'ign_c': 21.040591067151986, 'P_humid': 2368.484196072534, 'P_humid_q': 3.6832152008090526}. Best is trial 70 with value: 0.5540040457407294.
Best trial: 70. Best value: 0.554004:  31%|███       | 153/500 [04:02<09:03,  1.57s/it]Best trial: 70. Best value: 0.554004:  31%|███       | 153/500 [04:02<09:03,  1.57s/it]Best trial: 70. Best value: 0.554004:  31%|███       | 154/500 [04:02<09:01,  1.57s/it]                                                                                       [I 2026-05-21 18:25:35,704] Trial 154 finished with value: 0.5440392592377175 and parameters: {'fire_exp': 0.6469484917554164, 'D_low': 68.4262712147323, 'D_high': 5996.433615980866, 'pre_dampen_half': 1.1405419260970227, 'P_half': 10.215206060763176, 'gpp_d': 49.99733764196997, 'ign_c': 20.46222156013913, 'P_humid': 2451.0617373272257, 'P_humid_q': 3.660015525312354}. Best is trial 70 with value: 0.5540040457407294.
Best trial: 70. Best value: 0.554004:  31%|███       | 154/500 [04:04<09:01,  1.57s/it]Best trial: 70. Best value: 0.554004:  31%|███       | 154/500 [04:04<09:01,  1.57s/it]Best trial: 70. Best value: 0.554004:  31%|███       | 155/500 [04:04<09:00,  1.57s/it]                                                                                       [I 2026-05-21 18:25:37,284] Trial 155 finished with value: 0.5420295968142161 and parameters: {'fire_exp': 0.6821171661701722, 'D_low': 63.3882290163464, 'D_high': 5744.428371294044, 'pre_dampen_half': 1.3174732288988276, 'P_half': 11.461767144378785, 'gpp_d': 46.43648825468086, 'ign_c': 22.17369151626212, 'P_humid': 2337.745564857692, 'P_humid_q': 3.975888083466542}. Best is trial 70 with value: 0.5540040457407294.
Best trial: 70. Best value: 0.554004:  31%|███       | 155/500 [04:05<09:00,  1.57s/it]Best trial: 70. Best value: 0.554004:  31%|███       | 155/500 [04:05<09:00,  1.57s/it]Best trial: 70. Best value: 0.554004:  31%|███       | 156/500 [04:05<08:59,  1.57s/it]                                                                                       [I 2026-05-21 18:25:38,848] Trial 156 finished with value: 0.5469211647386152 and parameters: {'fire_exp': 0.6674759083454934, 'D_low': 57.9004249305029, 'D_high': 5573.236314398871, 'pre_dampen_half': 1.1139213514059787, 'P_half': 9.506704565355273, 'gpp_d': 41.07295176748482, 'ign_c': 21.316875247298164, 'P_humid': 2741.2633511421946, 'P_humid_q': 3.5938812688049677}. Best is trial 70 with value: 0.5540040457407294.
Best trial: 70. Best value: 0.554004:  31%|███       | 156/500 [04:07<08:59,  1.57s/it]Best trial: 70. Best value: 0.554004:  31%|███       | 156/500 [04:07<08:59,  1.57s/it]Best trial: 70. Best value: 0.554004:  31%|███▏      | 157/500 [04:07<08:57,  1.57s/it]                                                                                       [I 2026-05-21 18:25:40,415] Trial 157 finished with value: 0.5532630190888499 and parameters: {'fire_exp': 0.6936198012368491, 'D_low': 70.83441535962801, 'D_high': 5902.1651645943575, 'pre_dampen_half': 1.2254456989166942, 'P_half': 10.401932742005924, 'gpp_d': 59.309711679085495, 'ign_c': 20.185793383821252, 'P_humid': 2922.356442662685, 'P_humid_q': 3.502483366422788}. Best is trial 70 with value: 0.5540040457407294.
Best trial: 70. Best value: 0.554004:  31%|███▏      | 157/500 [04:08<08:57,  1.57s/it]Best trial: 70. Best value: 0.554004:  31%|███▏      | 157/500 [04:08<08:57,  1.57s/it]Best trial: 70. Best value: 0.554004:  32%|███▏      | 158/500 [04:08<08:56,  1.57s/it]                                                                                       [I 2026-05-21 18:25:41,993] Trial 158 finished with value: 0.5192821696030921 and parameters: {'fire_exp': 0.6962290981292907, 'D_low': 70.66870184336214, 'D_high': 5932.322695329212, 'pre_dampen_half': 1.4658566033694886, 'P_half': 10.8449926611242, 'gpp_d': 58.00598830787164, 'ign_c': 18.87738395878499, 'P_humid': 2912.897236071377, 'P_humid_q': 3.547846167178286}. Best is trial 70 with value: 0.5540040457407294.
Best trial: 70. Best value: 0.554004:  32%|███▏      | 158/500 [04:10<08:56,  1.57s/it]Best trial: 70. Best value: 0.554004:  32%|███▏      | 158/500 [04:10<08:56,  1.57s/it]Best trial: 70. Best value: 0.554004:  32%|███▏      | 159/500 [04:10<08:55,  1.57s/it]                                                                                       [I 2026-05-21 18:25:43,556] Trial 159 finished with value: 0.5547428428832459 and parameters: {'fire_exp': 0.7201579220131351, 'D_low': 63.18108446821166, 'D_high': 5898.459275671558, 'pre_dampen_half': 1.234806194075817, 'P_half': 11.586198050743866, 'gpp_d': 50.67934338484001, 'ign_c': 19.386609587566006, 'P_humid': 2608.6547463068773, 'P_humid_q': 3.5151930586349613}. Best is trial 159 with value: 0.5547428428832459.
Best trial: 70. Best value: 0.554004:  32%|███▏      | 159/500 [04:11<08:55,  1.57s/it]Best trial: 159. Best value: 0.554743:  32%|███▏      | 159/500 [04:11<08:55,  1.57s/it]Best trial: 159. Best value: 0.554743:  32%|███▏      | 160/500 [04:11<08:53,  1.57s/it]                                                                                        [I 2026-05-21 18:25:45,136] Trial 160 finished with value: 0.5527302212297445 and parameters: {'fire_exp': 0.73022371797858, 'D_low': 73.34070538583168, 'D_high': 5881.6358136204135, 'pre_dampen_half': 1.2218941645502943, 'P_half': 10.331194137329206, 'gpp_d': 50.740204958484384, 'ign_c': 19.34817351509778, 'P_humid': 2529.6901481232553, 'P_humid_q': 3.427236003833917}. Best is trial 159 with value: 0.5547428428832459.
Best trial: 159. Best value: 0.554743:  32%|███▏      | 160/500 [04:13<08:53,  1.57s/it]Best trial: 159. Best value: 0.554743:  32%|███▏      | 160/500 [04:13<08:53,  1.57s/it]Best trial: 159. Best value: 0.554743:  32%|███▏      | 161/500 [04:13<08:52,  1.57s/it]                                                                                        [I 2026-05-21 18:25:46,699] Trial 161 finished with value: 0.5496916248250435 and parameters: {'fire_exp': 0.7470795533886534, 'D_low': 72.87996172396721, 'D_high': 5871.845158960234, 'pre_dampen_half': 1.2162455556386942, 'P_half': 11.967120308509116, 'gpp_d': 48.223323994013555, 'ign_c': 18.349444407638305, 'P_humid': 2260.3924492312913, 'P_humid_q': 3.4638042032293583}. Best is trial 159 with value: 0.5547428428832459.
Best trial: 159. Best value: 0.554743:  32%|███▏      | 161/500 [04:15<08:52,  1.57s/it]Best trial: 159. Best value: 0.554743:  32%|███▏      | 161/500 [04:15<08:52,  1.57s/it]Best trial: 159. Best value: 0.554743:  32%|███▏      | 162/500 [04:15<08:50,  1.57s/it]                                                                                        [I 2026-05-21 18:25:48,274] Trial 162 finished with value: 0.5551861176655031 and parameters: {'fire_exp': 0.7184965615971435, 'D_low': 69.18533867727123, 'D_high': 5905.4244282219115, 'pre_dampen_half': 1.2513517133711092, 'P_half': 10.205675396433946, 'gpp_d': 42.64927214081707, 'ign_c': 19.40829787569454, 'P_humid': 2574.444701859206, 'P_humid_q': 3.3931451495624727}. Best is trial 162 with value: 0.5551861176655031.
Best trial: 159. Best value: 0.554743:  32%|███▏      | 162/500 [04:16<08:50,  1.57s/it]Best trial: 162. Best value: 0.555186:  32%|███▏      | 162/500 [04:16<08:50,  1.57s/it]Best trial: 162. Best value: 0.555186:  33%|███▎      | 163/500 [04:16<08:49,  1.57s/it]                                                                                        [I 2026-05-21 18:25:49,849] Trial 163 finished with value: 0.5512439430020124 and parameters: {'fire_exp': 0.7282131664632321, 'D_low': 64.00572290987515, 'D_high': 5902.288178154796, 'pre_dampen_half': 1.150180684786033, 'P_half': 10.306044278040467, 'gpp_d': 51.852408361774245, 'ign_c': 19.329693851119796, 'P_humid': 2575.134803723386, 'P_humid_q': 3.4669095336147673}. Best is trial 162 with value: 0.5551861176655031.
Best trial: 162. Best value: 0.555186:  33%|███▎      | 163/500 [04:18<08:49,  1.57s/it]Best trial: 162. Best value: 0.555186:  33%|███▎      | 163/500 [04:18<08:49,  1.57s/it]Best trial: 162. Best value: 0.555186:  33%|███▎      | 164/500 [04:18<08:48,  1.57s/it]                                                                                        [I 2026-05-21 18:25:51,412] Trial 164 finished with value: 0.552485982323399 and parameters: {'fire_exp': 0.7573185682910472, 'D_low': 63.73364434166121, 'D_high': 5922.157934426285, 'pre_dampen_half': 1.3931044231968597, 'P_half': 9.610550534905387, 'gpp_d': 52.19654600461274, 'ign_c': 19.470704744999473, 'P_humid': 2547.5109709582152, 'P_humid_q': 3.407673112525542}. Best is trial 162 with value: 0.5551861176655031.
Best trial: 162. Best value: 0.555186:  33%|███▎      | 164/500 [04:19<08:48,  1.57s/it]Best trial: 162. Best value: 0.555186:  33%|███▎      | 164/500 [04:19<08:48,  1.57s/it]Best trial: 162. Best value: 0.555186:  33%|███▎      | 165/500 [04:19<08:45,  1.57s/it]                                                                                        [I 2026-05-21 18:25:52,993] Trial 165 finished with value: 0.5438447791382037 and parameters: {'fire_exp': 0.7403456883740244, 'D_low': 60.514872075304844, 'D_high': 5993.798162318836, 'pre_dampen_half': 1.418589859065626, 'P_half': 9.63690602918888, 'gpp_d': 43.36941404112487, 'ign_c': 18.84576503766297, 'P_humid': 2471.9362613502312, 'P_humid_q': 3.3726639276268275}. Best is trial 162 with value: 0.5551861176655031.
Best trial: 162. Best value: 0.555186:  33%|███▎      | 165/500 [04:21<08:45,  1.57s/it]Best trial: 162. Best value: 0.555186:  33%|███▎      | 165/500 [04:21<08:45,  1.57s/it]Best trial: 162. Best value: 0.555186:  33%|███▎      | 166/500 [04:21<08:45,  1.57s/it]                                                                                        [I 2026-05-21 18:25:54,572] Trial 166 finished with value: 0.5544229163394683 and parameters: {'fire_exp': 0.7555627776617816, 'D_low': 70.05745798020719, 'D_high': 5927.864353384274, 'pre_dampen_half': 1.557940574205353, 'P_half': 11.343229996510624, 'gpp_d': 38.30626585438916, 'ign_c': 19.809868296932127, 'P_humid': 2379.929858265838, 'P_humid_q': 3.533099162764538}. Best is trial 162 with value: 0.5551861176655031.
Best trial: 162. Best value: 0.555186:  33%|███▎      | 166/500 [04:22<08:45,  1.57s/it]Best trial: 162. Best value: 0.555186:  33%|███▎      | 166/500 [04:22<08:45,  1.57s/it]Best trial: 162. Best value: 0.555186:  33%|███▎      | 167/500 [04:22<08:44,  1.57s/it]                                                                                        [I 2026-05-21 18:25:56,126] Trial 167 finished with value: 0.543454665359428 and parameters: {'fire_exp': 0.7162307150250219, 'D_low': 70.08542234749912, 'D_high': 5998.721553781395, 'pre_dampen_half': 1.5226617298985552, 'P_half': 11.235533551331741, 'gpp_d': 42.746287754893444, 'ign_c': 19.484336083080784, 'P_humid': 2213.192197501351, 'P_humid_q': 3.657681701192125}. Best is trial 162 with value: 0.5551861176655031.
Best trial: 162. Best value: 0.555186:  33%|███▎      | 167/500 [04:24<08:44,  1.57s/it]Best trial: 162. Best value: 0.555186:  33%|███▎      | 167/500 [04:24<08:44,  1.57s/it]Best trial: 162. Best value: 0.555186:  34%|███▎      | 168/500 [04:24<08:40,  1.57s/it]                                                                                        [I 2026-05-21 18:25:57,704] Trial 168 finished with value: 0.4063569723329131 and parameters: {'fire_exp': 0.761656079145895, 'D_low': 66.72367343339135, 'D_high': 5894.032739242083, 'pre_dampen_half': 12.07811791073962, 'P_half': 9.77915211891205, 'gpp_d': 38.73849388892262, 'ign_c': 18.485833178244235, 'P_humid': 2385.3680585214847, 'P_humid_q': 3.4989096799564243}. Best is trial 162 with value: 0.5551861176655031.
