Best trial: 415. Best value: 0.55948:  84%|████████▍ | 420/500 [11:05<02:07,  1.60s/it]Best trial: 415. Best value: 0.55948:  84%|████████▍ | 420/500 [11:05<02:07,  1.60s/it]Best trial: 415. Best value: 0.55948:  84%|████████▍ | 421/500 [11:05<02:06,  1.60s/it]                                                                                       [I 2026-05-21 18:32:39,251] Trial 421 finished with value: 0.5494879465661282 and parameters: {'fire_exp': 0.6780128953872893, 'D_low': 117.8626338497812, 'D_high': 5575.037665179996, 'pre_dampen_half': 1.2189183376901895, 'P_half': 26.897575730142886, 'gpp_d': 25.57579736216996, 'ign_c': 18.406777568555075, 'P_humid': 1925.383929050456, 'P_humid_q': 4.269024766998219}. Best is trial 415 with value: 0.559480308107108.
Best trial: 415. Best value: 0.55948:  84%|████████▍ | 421/500 [11:07<02:06,  1.60s/it]Best trial: 415. Best value: 0.55948:  84%|████████▍ | 421/500 [11:07<02:06,  1.60s/it]Best trial: 415. Best value: 0.55948:  84%|████████▍ | 422/500 [11:07<02:04,  1.60s/it]                                                                                       [I 2026-05-21 18:32:40,836] Trial 422 finished with value: 0.5442146585881164 and parameters: {'fire_exp': 0.6654783375777088, 'D_low': 110.62581525101464, 'D_high': 5432.18868162998, 'pre_dampen_half': 1.3950996535679339, 'P_half': 20.210043206769114, 'gpp_d': 22.458526094462773, 'ign_c': 19.187550491426496, 'P_humid': 2093.359414647143, 'P_humid_q': 4.563156008525821}. Best is trial 415 with value: 0.559480308107108.
Best trial: 415. Best value: 0.55948:  84%|████████▍ | 422/500 [11:09<02:04,  1.60s/it]Best trial: 415. Best value: 0.55948:  84%|████████▍ | 422/500 [11:09<02:04,  1.60s/it]Best trial: 415. Best value: 0.55948:  85%|████████▍ | 423/500 [11:09<02:02,  1.59s/it]                                                                                       [I 2026-05-21 18:32:42,423] Trial 423 finished with value: 0.4009153741213341 and parameters: {'fire_exp': 0.6509898796904646, 'D_low': 113.87535810237891, 'D_high': 5365.359621408605, 'pre_dampen_half': 1.2883969373851223, 'P_half': 23.106360790634387, 'gpp_d': 24.351660371280403, 'ign_c': 19.907596816708036, 'P_humid': 439.0804359233113, 'P_humid_q': 4.4872109557960895}. Best is trial 415 with value: 0.559480308107108.
Best trial: 415. Best value: 0.55948:  85%|████████▍ | 423/500 [11:10<02:02,  1.59s/it]Best trial: 415. Best value: 0.55948:  85%|████████▍ | 423/500 [11:10<02:02,  1.59s/it]Best trial: 415. Best value: 0.55948:  85%|████████▍ | 424/500 [11:10<02:00,  1.59s/it]                                                                                       [I 2026-05-21 18:32:44,011] Trial 424 finished with value: 0.531591097026789 and parameters: {'fire_exp': 0.6915206024344563, 'D_low': 108.22907908404257, 'D_high': 5540.916279427549, 'pre_dampen_half': 1.1938304087250309, 'P_half': 21.810037202678902, 'gpp_d': 27.306280764324253, 'ign_c': 16.68907918962996, 'P_humid': 1843.3555450917631, 'P_humid_q': 4.621008116570577}. Best is trial 415 with value: 0.559480308107108.
Best trial: 415. Best value: 0.55948:  85%|████████▍ | 424/500 [11:12<02:00,  1.59s/it]Best trial: 415. Best value: 0.55948:  85%|████████▍ | 424/500 [11:12<02:00,  1.59s/it]Best trial: 415. Best value: 0.55948:  85%|████████▌ | 425/500 [11:12<01:59,  1.59s/it]                                                                                       [I 2026-05-21 18:32:45,600] Trial 425 finished with value: 0.5505048608747306 and parameters: {'fire_exp': 0.6767008720262061, 'D_low': 111.39693140719277, 'D_high': 5462.348792740875, 'pre_dampen_half': 1.0734829145646345, 'P_half': 19.976570224426137, 'gpp_d': 20.93906090555891, 'ign_c': 19.482377971213506, 'P_humid': 2212.0544895086273, 'P_humid_q': 4.3885038117132815}. Best is trial 415 with value: 0.559480308107108.
Best trial: 415. Best value: 0.55948:  85%|████████▌ | 425/500 [11:13<01:59,  1.59s/it]Best trial: 415. Best value: 0.55948:  85%|████████▌ | 425/500 [11:13<01:59,  1.59s/it]Best trial: 415. Best value: 0.55948:  85%|████████▌ | 426/500 [11:13<01:57,  1.59s/it]                                                                                       [I 2026-05-21 18:32:47,187] Trial 426 finished with value: 0.459695505966246 and parameters: {'fire_exp': 0.6600589347511662, 'D_low': 105.18680408946125, 'D_high': 5342.200628912686, 'pre_dampen_half': 4.3160779877886215, 'P_half': 25.354612451905595, 'gpp_d': 20.483615804245016, 'ign_c': 18.9078378875274, 'P_humid': 2035.1425108165276, 'P_humid_q': 4.6374866485534465}. Best is trial 415 with value: 0.559480308107108.
Best trial: 415. Best value: 0.55948:  85%|████████▌ | 426/500 [11:15<01:57,  1.59s/it]Best trial: 415. Best value: 0.55948:  85%|████████▌ | 426/500 [11:15<01:57,  1.59s/it]Best trial: 415. Best value: 0.55948:  85%|████████▌ | 427/500 [11:15<01:55,  1.59s/it]                                                                                       [I 2026-05-21 18:32:48,775] Trial 427 finished with value: 0.5495468277883064 and parameters: {'fire_exp': 0.6683932764297223, 'D_low': 109.46283085497674, 'D_high': 5295.91455160566, 'pre_dampen_half': 1.4552885694181894, 'P_half': 22.37467961303382, 'gpp_d': 27.525279928881645, 'ign_c': 19.911921494537015, 'P_humid': 1670.4516629236468, 'P_humid_q': 4.511636614734659}. Best is trial 415 with value: 0.559480308107108.
Best trial: 415. Best value: 0.55948:  85%|████████▌ | 427/500 [11:17<01:55,  1.59s/it]Best trial: 415. Best value: 0.55948:  85%|████████▌ | 427/500 [11:17<01:55,  1.59s/it]Best trial: 415. Best value: 0.55948:  86%|████████▌ | 428/500 [11:17<01:54,  1.59s/it]                                                                                       [I 2026-05-21 18:32:50,375] Trial 428 finished with value: 0.5573122050666173 and parameters: {'fire_exp': 0.6825108502655162, 'D_low': 106.7507725796941, 'D_high': 4674.039121329763, 'pre_dampen_half': 1.3159878309913386, 'P_half': 19.839709253162756, 'gpp_d': 26.160371020757314, 'ign_c': 19.28004395590444, 'P_humid': 2142.9944400570957, 'P_humid_q': 4.661536313348804}. Best is trial 415 with value: 0.559480308107108.
Best trial: 415. Best value: 0.55948:  86%|████████▌ | 428/500 [11:18<01:54,  1.59s/it]Best trial: 415. Best value: 0.55948:  86%|████████▌ | 428/500 [11:18<01:54,  1.59s/it]Best trial: 415. Best value: 0.55948:  86%|████████▌ | 429/500 [11:18<01:53,  1.59s/it]                                                                                       [I 2026-05-21 18:32:51,963] Trial 429 finished with value: 0.5476900126805442 and parameters: {'fire_exp': 0.6926167945572169, 'D_low': 107.34605161780166, 'D_high': 4762.527070533682, 'pre_dampen_half': 1.167030533855178, 'P_half': 19.584266850812135, 'gpp_d': 26.00679562817097, 'ign_c': 18.483339016841768, 'P_humid': 1984.3167472673788, 'P_humid_q': 4.738214005404923}. Best is trial 415 with value: 0.559480308107108.
Best trial: 415. Best value: 0.55948:  86%|████████▌ | 429/500 [11:20<01:53,  1.59s/it]Best trial: 415. Best value: 0.55948:  86%|████████▌ | 429/500 [11:20<01:53,  1.59s/it]Best trial: 415. Best value: 0.55948:  86%|████████▌ | 430/500 [11:20<01:51,  1.59s/it]                                                                                       [I 2026-05-21 18:32:53,562] Trial 430 finished with value: 0.5409045779966386 and parameters: {'fire_exp': 0.7026908032223143, 'D_low': 114.82278461955475, 'D_high': 5212.12976058137, 'pre_dampen_half': 1.0611517145718297, 'P_half': 21.060240471258382, 'gpp_d': 22.86393884280551, 'ign_c': 19.099009142790926, 'P_humid': 2160.113424891012, 'P_humid_q': 4.306987516113176}. Best is trial 415 with value: 0.559480308107108.
Best trial: 415. Best value: 0.55948:  86%|████████▌ | 430/500 [11:21<01:51,  1.59s/it]Best trial: 415. Best value: 0.55948:  86%|████████▌ | 430/500 [11:21<01:51,  1.59s/it]Best trial: 415. Best value: 0.55948:  86%|████████▌ | 431/500 [11:21<01:49,  1.59s/it]                                                                                       [I 2026-05-21 18:32:55,141] Trial 431 finished with value: 0.5548783784940907 and parameters: {'fire_exp': 0.6535557400746929, 'D_low': 111.79941049188835, 'D_high': 4961.662794304916, 'pre_dampen_half': 1.214733380811861, 'P_half': 19.175789428274925, 'gpp_d': 24.67506735443218, 'ign_c': 19.231895236347082, 'P_humid': 2096.1258030065064, 'P_humid_q': 4.592565641675536}. Best is trial 415 with value: 0.559480308107108.
Best trial: 415. Best value: 0.55948:  86%|████████▌ | 431/500 [11:23<01:49,  1.59s/it]Best trial: 415. Best value: 0.55948:  86%|████████▌ | 431/500 [11:23<01:49,  1.59s/it]Best trial: 415. Best value: 0.55948:  86%|████████▋ | 432/500 [11:23<01:48,  1.59s/it]                                                                                       [I 2026-05-21 18:32:56,730] Trial 432 finished with value: 0.5550037069196647 and parameters: {'fire_exp': 0.6833469810311475, 'D_low': 121.28805848183663, 'D_high': 4851.046308228035, 'pre_dampen_half': 1.311399959487591, 'P_half': 20.281528987036666, 'gpp_d': 26.237127988200154, 'ign_c': 18.698585962869604, 'P_humid': 2261.6737724328814, 'P_humid_q': 4.759737625192237}. Best is trial 415 with value: 0.559480308107108.
Best trial: 415. Best value: 0.55948:  86%|████████▋ | 432/500 [11:25<01:48,  1.59s/it]Best trial: 415. Best value: 0.55948:  86%|████████▋ | 432/500 [11:25<01:48,  1.59s/it]Best trial: 415. Best value: 0.55948:  87%|████████▋ | 433/500 [11:25<01:46,  1.59s/it]                                                                                       [I 2026-05-21 18:32:58,312] Trial 433 finished with value: 0.5462218916290231 and parameters: {'fire_exp': 0.6661986841891044, 'D_low': 106.72731919996853, 'D_high': 4527.2623731825515, 'pre_dampen_half': 1.1219266344659162, 'P_half': 0.6059402026440569, 'gpp_d': 24.687361427138164, 'ign_c': 18.026841872125722, 'P_humid': 2186.705261243024, 'P_humid_q': 4.657140071538381}. Best is trial 415 with value: 0.559480308107108.
Best trial: 415. Best value: 0.55948:  87%|████████▋ | 433/500 [11:26<01:46,  1.59s/it]Best trial: 415. Best value: 0.55948:  87%|████████▋ | 433/500 [11:26<01:46,  1.59s/it]Best trial: 415. Best value: 0.55948:  87%|████████▋ | 434/500 [11:26<01:44,  1.59s/it]                                                                                       [I 2026-05-21 18:32:59,910] Trial 434 finished with value: 0.5448044531983863 and parameters: {'fire_exp': 0.6965780407628442, 'D_low': 94.69239491293091, 'D_high': 4644.286612825316, 'pre_dampen_half': 1.0031669365241334, 'P_half': 18.276148838543943, 'gpp_d': 27.483827197273662, 'ign_c': 17.468243498134626, 'P_humid': 2015.0052523141808, 'P_humid_q': 4.4915161155751235}. Best is trial 415 with value: 0.559480308107108.
Best trial: 415. Best value: 0.55948:  87%|████████▋ | 434/500 [11:28<01:44,  1.59s/it]Best trial: 415. Best value: 0.55948:  87%|████████▋ | 434/500 [11:28<01:44,  1.59s/it]Best trial: 415. Best value: 0.55948:  87%|████████▋ | 435/500 [11:28<01:43,  1.59s/it]                                                                                       [I 2026-05-21 18:33:01,496] Trial 435 finished with value: 0.5466525438144805 and parameters: {'fire_exp': 0.6451834887420181, 'D_low': 101.13802035300995, 'D_high': 5101.692997386776, 'pre_dampen_half': 1.2231195569341244, 'P_half': 2.9809301630622342, 'gpp_d': 28.42420880930643, 'ign_c': 19.44259073253344, 'P_humid': 1875.2448621349838, 'P_humid_q': 4.833048161488126}. Best is trial 415 with value: 0.559480308107108.
Best trial: 415. Best value: 0.55948:  87%|████████▋ | 435/500 [11:29<01:43,  1.59s/it]Best trial: 415. Best value: 0.55948:  87%|████████▋ | 435/500 [11:29<01:43,  1.59s/it]Best trial: 415. Best value: 0.55948:  87%|████████▋ | 436/500 [11:29<01:41,  1.59s/it]                                                                                       [I 2026-05-21 18:33:03,091] Trial 436 finished with value: 0.5549710925716875 and parameters: {'fire_exp': 0.6758361494277283, 'D_low': 109.5787305408992, 'D_high': 4714.133523647574, 'pre_dampen_half': 1.116652988841818, 'P_half': 23.390340242617043, 'gpp_d': 31.160726336814484, 'ign_c': 18.869128834544114, 'P_humid': 2263.0414030850698, 'P_humid_q': 4.738649895749346}. Best is trial 415 with value: 0.559480308107108.
Best trial: 415. Best value: 0.55948:  87%|████████▋ | 436/500 [11:31<01:41,  1.59s/it]Best trial: 415. Best value: 0.55948:  87%|████████▋ | 436/500 [11:31<01:41,  1.59s/it]Best trial: 415. Best value: 0.55948:  87%|████████▋ | 437/500 [11:31<01:40,  1.59s/it]                                                                                       [I 2026-05-21 18:33:04,684] Trial 437 finished with value: 0.544511314910046 and parameters: {'fire_exp': 0.6825503211472083, 'D_low': 92.98918302352047, 'D_high': 4893.622530544666, 'pre_dampen_half': 1.3445533008798882, 'P_half': 21.303209736755818, 'gpp_d': 23.871109114965304, 'ign_c': 18.38533274118565, 'P_humid': 2114.2924307210565, 'P_humid_q': 4.791035259076999}. Best is trial 415 with value: 0.559480308107108.
Best trial: 415. Best value: 0.55948:  87%|████████▋ | 437/500 [11:33<01:40,  1.59s/it]Best trial: 415. Best value: 0.55948:  87%|████████▋ | 437/500 [11:33<01:40,  1.59s/it]Best trial: 415. Best value: 0.55948:  88%|████████▊ | 438/500 [11:33<01:38,  1.59s/it]                                                                                       [I 2026-05-21 18:33:06,276] Trial 438 finished with value: 0.4735367786374052 and parameters: {'fire_exp': 0.6613992877621748, 'D_low': 105.53955507643722, 'D_high': 5223.323359279187, 'pre_dampen_half': 1.202100468510826, 'P_half': 18.898604597260764, 'gpp_d': 22.64089233054928, 'ign_c': 19.672421600859664, 'P_humid': 793.7523675407223, 'P_humid_q': 4.6225411589949355}. Best is trial 415 with value: 0.559480308107108.
Best trial: 415. Best value: 0.55948:  88%|████████▊ | 438/500 [11:34<01:38,  1.59s/it]Best trial: 415. Best value: 0.55948:  88%|████████▊ | 438/500 [11:34<01:38,  1.59s/it]Best trial: 415. Best value: 0.55948:  88%|████████▊ | 439/500 [11:34<01:37,  1.59s/it]                                                                                       [I 2026-05-21 18:33:07,861] Trial 439 finished with value: 0.5423342031515229 and parameters: {'fire_exp': 0.690192809913271, 'D_low': 97.58863939911477, 'D_high': 5063.033965939103, 'pre_dampen_half': 1.0699446594041115, 'P_half': 22.134171160192064, 'gpp_d': 25.960064553919807, 'ign_c': 19.248803241256457, 'P_humid': 1961.0871970233375, 'P_humid_q': 4.420471047509205}. Best is trial 415 with value: 0.559480308107108.
Best trial: 415. Best value: 0.55948:  88%|████████▊ | 439/500 [11:36<01:37,  1.59s/it]Best trial: 415. Best value: 0.55948:  88%|████████▊ | 439/500 [11:36<01:37,  1.59s/it]Best trial: 415. Best value: 0.55948:  88%|████████▊ | 440/500 [11:36<01:35,  1.59s/it]                                                                                       [I 2026-05-21 18:33:09,454] Trial 440 finished with value: 0.5165532381212897 and parameters: {'fire_exp': 0.6345856387815902, 'D_low': 113.66889468711888, 'D_high': 5387.112431986442, 'pre_dampen_half': 1.4405723168865945, 'P_half': 17.441205712023105, 'gpp_d': 30.38917784931923, 'ign_c': 18.83385144447804, 'P_humid': 2319.809911840207, 'P_humid_q': 4.850387539147031}. Best is trial 415 with value: 0.559480308107108.
Best trial: 415. Best value: 0.55948:  88%|████████▊ | 440/500 [11:37<01:35,  1.59s/it]Best trial: 415. Best value: 0.55948:  88%|████████▊ | 440/500 [11:37<01:35,  1.59s/it]Best trial: 415. Best value: 0.55948:  88%|████████▊ | 441/500 [11:37<01:33,  1.59s/it]                                                                                       [I 2026-05-21 18:33:11,042] Trial 441 finished with value: 0.5483388305624375 and parameters: {'fire_exp': 0.6709817970703632, 'D_low': 102.37083586417033, 'D_high': 5279.639235035086, 'pre_dampen_half': 1.0003135321846472, 'P_half': 1.7397496568128834, 'gpp_d': 33.056396852861056, 'ign_c': 19.98907000754706, 'P_humid': 2152.62768288582, 'P_humid_q': 4.710598146147024}. Best is trial 415 with value: 0.559480308107108.
Best trial: 415. Best value: 0.55948:  88%|████████▊ | 441/500 [11:39<01:33,  1.59s/it]Best trial: 415. Best value: 0.55948:  88%|████████▊ | 441/500 [11:39<01:33,  1.59s/it]Best trial: 415. Best value: 0.55948:  88%|████████▊ | 442/500 [11:39<01:32,  1.59s/it]                                                                                       [I 2026-05-21 18:33:12,637] Trial 442 finished with value: 0.5481056060590708 and parameters: {'fire_exp': 0.7026410124879161, 'D_low': 116.58774301998602, 'D_high': 4899.927729755629, 'pre_dampen_half': 1.2635244568853736, 'P_half': 23.812135011041264, 'gpp_d': 22.1663634911805, 'ign_c': 19.49608354035836, 'P_humid': 2267.9021527599057, 'P_humid_q': 4.555427245947337}. Best is trial 415 with value: 0.559480308107108.
Best trial: 415. Best value: 0.55948:  88%|████████▊ | 442/500 [11:40<01:32,  1.59s/it]Best trial: 415. Best value: 0.55948:  88%|████████▊ | 442/500 [11:40<01:32,  1.59s/it]Best trial: 415. Best value: 0.55948:  89%|████████▊ | 443/500 [11:40<01:30,  1.59s/it]                                                                                       [I 2026-05-21 18:33:14,228] Trial 443 finished with value: 0.5483577998811637 and parameters: {'fire_exp': 0.6854750610220186, 'D_low': 96.06352278814965, 'D_high': 5142.7082286514615, 'pre_dampen_half': 1.1552103673531013, 'P_half': 19.932978442497213, 'gpp_d': 35.002948560012655, 'ign_c': 17.916552259151725, 'P_humid': 1771.7177185420055, 'P_humid_q': 4.860635648249822}. Best is trial 415 with value: 0.559480308107108.
Best trial: 415. Best value: 0.55948:  89%|████████▊ | 443/500 [11:42<01:30,  1.59s/it]Best trial: 415. Best value: 0.55948:  89%|████████▊ | 443/500 [11:42<01:30,  1.59s/it]Best trial: 415. Best value: 0.55948:  89%|████████▉ | 444/500 [11:42<01:29,  1.59s/it]                                                                                       [I 2026-05-21 18:33:15,838] Trial 444 finished with value: 0.5456699098234266 and parameters: {'fire_exp': 0.6516813098908719, 'D_low': 108.5196588320133, 'D_high': 5001.867756502935, 'pre_dampen_half': 1.3080896322893034, 'P_half': 21.012710482494434, 'gpp_d': 28.902078976223386, 'ign_c': 19.102941180436915, 'P_humid': 2059.4676766372736, 'P_humid_q': 4.75101394789662}. Best is trial 415 with value: 0.559480308107108.
Best trial: 415. Best value: 0.55948:  89%|████████▉ | 444/500 [11:44<01:29,  1.59s/it]Best trial: 415. Best value: 0.55948:  89%|████████▉ | 444/500 [11:44<01:29,  1.59s/it]Best trial: 415. Best value: 0.55948:  89%|████████▉ | 445/500 [11:44<01:27,  1.60s/it]                                                                                       [I 2026-05-21 18:33:17,430] Trial 445 finished with value: 0.5573403744485558 and parameters: {'fire_exp': 0.6692954763702408, 'D_low': 92.89707620771586, 'D_high': 4385.5680117017055, 'pre_dampen_half': 1.0963593448130897, 'P_half': 18.36117302678367, 'gpp_d': 20.114391042316196, 'ign_c': 18.50229075806564, 'P_humid': 2154.21647842661, 'P_humid_q': 4.641346241964243}. Best is trial 415 with value: 0.559480308107108.
Best trial: 415. Best value: 0.55948:  89%|████████▉ | 445/500 [11:45<01:27,  1.60s/it]Best trial: 415. Best value: 0.55948:  89%|████████▉ | 445/500 [11:45<01:27,  1.60s/it]Best trial: 415. Best value: 0.55948:  89%|████████▉ | 446/500 [11:45<01:26,  1.60s/it]                                                                                       [I 2026-05-21 18:33:19,021] Trial 446 finished with value: 0.5465659378634211 and parameters: {'fire_exp': 0.673478559739524, 'D_low': 92.49817328543344, 'D_high': 4155.105164694452, 'pre_dampen_half': 1.0671058431187073, 'P_half': 17.735530408688298, 'gpp_d': 20.36133091238155, 'ign_c': 18.447014291309742, 'P_humid': 1909.666710063934, 'P_humid_q': 4.496093223575783}. Best is trial 415 with value: 0.559480308107108.
Best trial: 415. Best value: 0.55948:  89%|████████▉ | 446/500 [11:47<01:26,  1.60s/it]Best trial: 415. Best value: 0.55948:  89%|████████▉ | 446/500 [11:47<01:26,  1.60s/it]Best trial: 415. Best value: 0.55948:  89%|████████▉ | 447/500 [11:47<01:24,  1.59s/it]                                                                                       [I 2026-05-21 18:33:20,610] Trial 447 finished with value: 0.554195745825474 and parameters: {'fire_exp': 0.6925518680914766, 'D_low': 90.41518766142056, 'D_high': 4330.901253967749, 'pre_dampen_half': 1.1819942329792605, 'P_half': 15.377298278626581, 'gpp_d': 20.208472128775337, 'ign_c': 17.748471033113645, 'P_humid': 2092.1264757487725, 'P_humid_q': 4.6242736505263435}. Best is trial 415 with value: 0.559480308107108.
Best trial: 415. Best value: 0.55948:  89%|████████▉ | 447/500 [11:48<01:24,  1.59s/it]Best trial: 415. Best value: 0.55948:  89%|████████▉ | 447/500 [11:48<01:24,  1.59s/it]Best trial: 415. Best value: 0.55948:  90%|████████▉ | 448/500 [11:48<01:22,  1.59s/it]                                                                                       [I 2026-05-21 18:33:22,200] Trial 448 finished with value: 0.539353547023606 and parameters: {'fire_exp': 0.6817854534557962, 'D_low': 95.18580080214703, 'D_high': 4551.861078537362, 'pre_dampen_half': 1.379839564975253, 'P_half': 18.786924081243388, 'gpp_d': 21.93479428472386, 'ign_c': 18.32009785195544, 'P_humid': 2378.0069780546796, 'P_humid_q': 4.680923355163565}. Best is trial 415 with value: 0.559480308107108.
