Best trial: 70. Best value: 0.554004:  17%|█▋        | 84/500 [02:14<10:55,  1.57s/it]Best trial: 70. Best value: 0.554004:  17%|█▋        | 84/500 [02:14<10:55,  1.57s/it]Best trial: 70. Best value: 0.554004:  17%|█▋        | 85/500 [02:14<10:53,  1.57s/it]                                                                                      [I 2026-05-21 18:23:47,500] Trial 85 finished with value: 0.5483087717882472 and parameters: {'fire_exp': 0.6769982270267016, 'D_low': 90.46453509399394, 'D_high': 3008.5143572873303, 'pre_dampen_half': 2.035373144356185, 'P_half': 14.004394828668833, 'gpp_d': 131.01926389703635, 'ign_c': 21.642941375131837, 'P_humid': 1885.2773678244032, 'P_humid_q': 4.365399154505487}. Best is trial 70 with value: 0.5540040457407294.
Best trial: 70. Best value: 0.554004:  17%|█▋        | 85/500 [02:15<10:53,  1.57s/it]Best trial: 70. Best value: 0.554004:  17%|█▋        | 85/500 [02:15<10:53,  1.57s/it]Best trial: 70. Best value: 0.554004:  17%|█▋        | 86/500 [02:15<10:51,  1.57s/it]                                                                                      [I 2026-05-21 18:23:49,086] Trial 86 finished with value: 0.37135588079751114 and parameters: {'fire_exp': 0.7167501869482531, 'D_low': 107.61858195906498, 'D_high': 3377.1831772415076, 'pre_dampen_half': 1.9902931627893565, 'P_half': 13.462806805268661, 'gpp_d': 135.4227019687707, 'ign_c': 29.96044357276423, 'P_humid': 1861.2212013792468, 'P_humid_q': 4.3986847553149575}. Best is trial 70 with value: 0.5540040457407294.
Best trial: 70. Best value: 0.554004:  17%|█▋        | 86/500 [02:17<10:51,  1.57s/it]Best trial: 70. Best value: 0.554004:  17%|█▋        | 86/500 [02:17<10:51,  1.57s/it]Best trial: 70. Best value: 0.554004:  17%|█▋        | 87/500 [02:17<10:51,  1.58s/it]                                                                                      [I 2026-05-21 18:23:50,647] Trial 87 finished with value: 0.529603779622938 and parameters: {'fire_exp': 0.6862305400414619, 'D_low': 90.05187803563892, 'D_high': 3103.2058186810873, 'pre_dampen_half': 1.0282557022175751, 'P_half': 17.467387222236788, 'gpp_d': 170.38455824781846, 'ign_c': 21.429825709825323, 'P_humid': 2229.2835634182316, 'P_humid_q': 4.165725513180417}. Best is trial 70 with value: 0.5540040457407294.
Best trial: 70. Best value: 0.554004:  17%|█▋        | 87/500 [02:18<10:51,  1.58s/it]Best trial: 70. Best value: 0.554004:  17%|█▋        | 87/500 [02:18<10:51,  1.58s/it]Best trial: 70. Best value: 0.554004:  18%|█▊        | 88/500 [02:18<10:47,  1.57s/it]                                                                                      [I 2026-05-21 18:23:52,213] Trial 88 finished with value: 0.5396723419729357 and parameters: {'fire_exp': 0.6499654033373515, 'D_low': 96.01905332666216, 'D_high': 2947.3236012566167, 'pre_dampen_half': 1.8377093779685039, 'P_half': 15.062487505247619, 'gpp_d': 130.04217538999808, 'ign_c': 22.0522193622782, 'P_humid': 1627.442915250661, 'P_humid_q': 4.86838716665851}. Best is trial 70 with value: 0.5540040457407294.
Best trial: 70. Best value: 0.554004:  18%|█▊        | 88/500 [02:20<10:47,  1.57s/it]Best trial: 70. Best value: 0.554004:  18%|█▊        | 88/500 [02:20<10:47,  1.57s/it]Best trial: 70. Best value: 0.554004:  18%|█▊        | 89/500 [02:20<10:45,  1.57s/it]                                                                                      [I 2026-05-21 18:23:53,793] Trial 89 finished with value: 0.5341004646436547 and parameters: {'fire_exp': 0.6732453618016837, 'D_low': 83.1336120979103, 'D_high': 2790.395905028007, 'pre_dampen_half': 1.5149232585647492, 'P_half': 19.84294720680398, 'gpp_d': 159.12894789304093, 'ign_c': 19.936254306427195, 'P_humid': 1534.3892584961488, 'P_humid_q': 4.623404111546031}. Best is trial 70 with value: 0.5540040457407294.
Best trial: 70. Best value: 0.554004:  18%|█▊        | 89/500 [02:22<10:45,  1.57s/it]Best trial: 70. Best value: 0.554004:  18%|█▊        | 89/500 [02:22<10:45,  1.57s/it]Best trial: 70. Best value: 0.554004:  18%|█▊        | 90/500 [02:22<10:44,  1.57s/it]                                                                                      [I 2026-05-21 18:23:55,355] Trial 90 finished with value: 0.5483172604953531 and parameters: {'fire_exp': 0.7081032823762091, 'D_low': 65.83642607956075, 'D_high': 5409.233340718566, 'pre_dampen_half': 1.3496312063674645, 'P_half': 13.047950968451007, 'gpp_d': 117.2181466736568, 'ign_c': 20.436466297283218, 'P_humid': 1934.2266789384635, 'P_humid_q': 3.802665971716902}. Best is trial 70 with value: 0.5540040457407294.
Best trial: 70. Best value: 0.554004:  18%|█▊        | 90/500 [02:23<10:44,  1.57s/it]Best trial: 70. Best value: 0.554004:  18%|█▊        | 90/500 [02:23<10:44,  1.57s/it]Best trial: 70. Best value: 0.554004:  18%|█▊        | 91/500 [02:23<10:42,  1.57s/it]                                                                                      [I 2026-05-21 18:23:56,920] Trial 91 finished with value: 0.5491409649049397 and parameters: {'fire_exp': 0.713155981600447, 'D_low': 64.4655466981391, 'D_high': 5773.35896736259, 'pre_dampen_half': 1.2816030293304081, 'P_half': 11.43332616562852, 'gpp_d': 106.84400461116522, 'ign_c': 20.454969006650337, 'P_humid': 2073.7769468406477, 'P_humid_q': 3.615764947509692}. Best is trial 70 with value: 0.5540040457407294.
Best trial: 70. Best value: 0.554004:  18%|█▊        | 91/500 [02:25<10:42,  1.57s/it]Best trial: 70. Best value: 0.554004:  18%|█▊        | 91/500 [02:25<10:42,  1.57s/it]Best trial: 70. Best value: 0.554004:  18%|█▊        | 92/500 [02:25<10:39,  1.57s/it]                                                                                      [I 2026-05-21 18:23:58,482] Trial 92 finished with value: 0.5528865620085517 and parameters: {'fire_exp': 0.7116168092424254, 'D_low': 66.05720165616354, 'D_high': 5408.32206264765, 'pre_dampen_half': 1.2552795970898516, 'P_half': 11.793387029591145, 'gpp_d': 108.13767426791712, 'ign_c': 19.671394175627054, 'P_humid': 2127.5071726686115, 'P_humid_q': 3.6836322743356487}. Best is trial 70 with value: 0.5540040457407294.
Best trial: 70. Best value: 0.554004:  18%|█▊        | 92/500 [02:26<10:39,  1.57s/it]Best trial: 70. Best value: 0.554004:  18%|█▊        | 92/500 [02:26<10:39,  1.57s/it]Best trial: 70. Best value: 0.554004:  19%|█▊        | 93/500 [02:26<10:37,  1.57s/it]                                                                                      [I 2026-05-21 18:24:00,042] Trial 93 finished with value: 0.5299325014991816 and parameters: {'fire_exp': 0.7118079698465828, 'D_low': 65.3859334558804, 'D_high': 5709.954842469971, 'pre_dampen_half': 1.2263366627531151, 'P_half': 11.35578195757783, 'gpp_d': 119.684413130917, 'ign_c': 22.552694407469847, 'P_humid': 2550.8434875529015, 'P_humid_q': 3.251780380747097}. Best is trial 70 with value: 0.5540040457407294.
Best trial: 70. Best value: 0.554004:  19%|█▊        | 93/500 [02:28<10:37,  1.57s/it]Best trial: 70. Best value: 0.554004:  19%|█▊        | 93/500 [02:28<10:37,  1.57s/it]Best trial: 70. Best value: 0.554004:  19%|█▉        | 94/500 [02:28<10:35,  1.56s/it]                                                                                      [I 2026-05-21 18:24:01,617] Trial 94 finished with value: 0.5472024681340453 and parameters: {'fire_exp': 0.7009638397985176, 'D_low': 58.00487150148278, 'D_high': 5994.912396027919, 'pre_dampen_half': 1.311435978297342, 'P_half': 13.637672595658643, 'gpp_d': 94.8406801937565, 'ign_c': 21.249021622857274, 'P_humid': 2140.359942012097, 'P_humid_q': 3.7412783131564735}. Best is trial 70 with value: 0.5540040457407294.
Best trial: 70. Best value: 0.554004:  19%|█▉        | 94/500 [02:29<10:35,  1.56s/it]Best trial: 70. Best value: 0.554004:  19%|█▉        | 94/500 [02:29<10:35,  1.56s/it]Best trial: 70. Best value: 0.554004:  19%|█▉        | 95/500 [02:29<10:34,  1.57s/it]                                                                                      [I 2026-05-21 18:24:03,171] Trial 95 finished with value: 0.5201303291922055 and parameters: {'fire_exp': 0.7006439996962739, 'D_low': 54.954789372429005, 'D_high': 5971.803796416551, 'pre_dampen_half': 1.1928618358266885, 'P_half': 13.310717406008951, 'gpp_d': 108.30771952090225, 'ign_c': 23.5126759911016, 'P_humid': 2341.674652174077, 'P_humid_q': 3.7047317848381316}. Best is trial 70 with value: 0.5540040457407294.
Best trial: 70. Best value: 0.554004:  19%|█▉        | 95/500 [02:31<10:34,  1.57s/it]Best trial: 70. Best value: 0.554004:  19%|█▉        | 95/500 [02:31<10:34,  1.57s/it]Best trial: 70. Best value: 0.554004:  19%|█▉        | 96/500 [02:31<10:31,  1.56s/it]                                                                                      [I 2026-05-21 18:24:04,748] Trial 96 finished with value: 0.5346150096439652 and parameters: {'fire_exp': 0.742191532778806, 'D_low': 48.87985215085607, 'D_high': 5415.704192222455, 'pre_dampen_half': 1.1019157389277836, 'P_half': 9.612196236376878, 'gpp_d': 95.8737370584153, 'ign_c': 20.65821849951702, 'P_humid': 2147.1349487055627, 'P_humid_q': 3.883096041227632}. Best is trial 70 with value: 0.5540040457407294.
Best trial: 70. Best value: 0.554004:  19%|█▉        | 96/500 [02:33<10:31,  1.56s/it]Best trial: 70. Best value: 0.554004:  19%|█▉        | 96/500 [02:33<10:31,  1.56s/it]Best trial: 70. Best value: 0.554004:  19%|█▉        | 97/500 [02:33<10:31,  1.57s/it]                                                                                      [I 2026-05-21 18:24:06,309] Trial 97 finished with value: 0.5513905597854958 and parameters: {'fire_exp': 0.681003817562678, 'D_low': 61.63768158627907, 'D_high': 5801.3218879111, 'pre_dampen_half': 1.3135177928327555, 'P_half': 12.163098174376684, 'gpp_d': 83.72652287268875, 'ign_c': 21.312292593558865, 'P_humid': 3193.624920998706, 'P_humid_q': 3.5675768458443415}. Best is trial 70 with value: 0.5540040457407294.
Best trial: 70. Best value: 0.554004:  19%|█▉        | 97/500 [02:34<10:31,  1.57s/it]Best trial: 70. Best value: 0.554004:  19%|█▉        | 97/500 [02:34<10:31,  1.57s/it]Best trial: 70. Best value: 0.554004:  20%|█▉        | 98/500 [02:34<10:29,  1.57s/it]                                                                                      [I 2026-05-21 18:24:07,871] Trial 98 finished with value: 0.5162054788778699 and parameters: {'fire_exp': 0.6806708155262815, 'D_low': 69.84474773354587, 'D_high': 5636.05307162408, 'pre_dampen_half': 1.6049734293515514, 'P_half': 10.127691657657804, 'gpp_d': 80.77588995606185, 'ign_c': 19.666844577151213, 'P_humid': 3217.370189007216, 'P_humid_q': 3.5854968868221486}. Best is trial 70 with value: 0.5540040457407294.
Best trial: 70. Best value: 0.554004:  20%|█▉        | 98/500 [02:36<10:29,  1.57s/it]Best trial: 70. Best value: 0.554004:  20%|█▉        | 98/500 [02:36<10:29,  1.57s/it]Best trial: 70. Best value: 0.554004:  20%|█▉        | 99/500 [02:36<10:27,  1.56s/it]                                                                                      [I 2026-05-21 18:24:09,449] Trial 99 finished with value: 0.5418567885528509 and parameters: {'fire_exp': 0.7235547199149948, 'D_low': 62.094985661205385, 'D_high': 5819.833848140008, 'pre_dampen_half': 1.6992271140842887, 'P_half': 21.803230051495458, 'gpp_d': 104.26125738222642, 'ign_c': 22.195383100486264, 'P_humid': 3123.681070287226, 'P_humid_q': 3.491726643361912}. Best is trial 70 with value: 0.5540040457407294.
Best trial: 70. Best value: 0.554004:  20%|█▉        | 99/500 [02:37<10:27,  1.56s/it]Best trial: 70. Best value: 0.554004:  20%|█▉        | 99/500 [02:37<10:27,  1.56s/it]Best trial: 70. Best value: 0.554004:  20%|██        | 100/500 [02:37<10:27,  1.57s/it]                                                                                       [I 2026-05-21 18:24:11,018] Trial 100 finished with value: 0.5446040849764712 and parameters: {'fire_exp': 0.691142562825, 'D_low': 55.10344147982883, 'D_high': 5376.881533044298, 'pre_dampen_half': 1.330637173394492, 'P_half': 11.904534139340608, 'gpp_d': 113.15859365621738, 'ign_c': 21.747071557190296, 'P_humid': 2949.5072022312893, 'P_humid_q': 3.9969530933219963}. Best is trial 70 with value: 0.5540040457407294.
Best trial: 70. Best value: 0.554004:  20%|██        | 100/500 [02:39<10:27,  1.57s/it]Best trial: 70. Best value: 0.554004:  20%|██        | 100/500 [02:39<10:27,  1.57s/it]Best trial: 70. Best value: 0.554004:  20%|██        | 101/500 [02:39<10:25,  1.57s/it]                                                                                       [I 2026-05-21 18:24:12,587] Trial 101 finished with value: 0.5504719049349018 and parameters: {'fire_exp': 0.6664615979296412, 'D_low': 57.24395385677441, 'D_high': 5798.1744892423585, 'pre_dampen_half': 1.3243098975047176, 'P_half': 12.99451492076954, 'gpp_d': 96.4276113861705, 'ign_c': 21.24129485589426, 'P_humid': 2774.9705022430494, 'P_humid_q': 3.7838602063473648}. Best is trial 70 with value: 0.5540040457407294.
Best trial: 70. Best value: 0.554004:  20%|██        | 101/500 [02:40<10:25,  1.57s/it]Best trial: 70. Best value: 0.554004:  20%|██        | 101/500 [02:40<10:25,  1.57s/it]Best trial: 70. Best value: 0.554004:  20%|██        | 102/500 [02:40<10:24,  1.57s/it]                                                                                       [I 2026-05-21 18:24:14,164] Trial 102 finished with value: 0.5503936309628182 and parameters: {'fire_exp': 0.6521405477177206, 'D_low': 66.8526082814946, 'D_high': 5541.76708887738, 'pre_dampen_half': 1.0755809256531634, 'P_half': 8.921399896303887, 'gpp_d': 124.28273113495636, 'ign_c': 21.216241555264055, 'P_humid': 2772.6173004768125, 'P_humid_q': 3.8935615870896285}. Best is trial 70 with value: 0.5540040457407294.
Best trial: 70. Best value: 0.554004:  20%|██        | 102/500 [02:42<10:24,  1.57s/it]Best trial: 70. Best value: 0.554004:  20%|██        | 102/500 [02:42<10:24,  1.57s/it]Best trial: 70. Best value: 0.554004:  21%|██        | 103/500 [02:42<10:23,  1.57s/it]                                                                                       [I 2026-05-21 18:24:15,725] Trial 103 finished with value: 0.5522875695386025 and parameters: {'fire_exp': 0.6582297539903438, 'D_low': 65.40423463849584, 'D_high': 5854.242480901539, 'pre_dampen_half': 1.056390627718001, 'P_half': 9.090697339218107, 'gpp_d': 77.62629229801021, 'ign_c': 20.71598276375946, 'P_humid': 3410.5245496917746, 'P_humid_q': 3.353675889630293}. Best is trial 70 with value: 0.5540040457407294.
Best trial: 70. Best value: 0.554004:  21%|██        | 103/500 [02:44<10:23,  1.57s/it]Best trial: 70. Best value: 0.554004:  21%|██        | 103/500 [02:44<10:23,  1.57s/it]Best trial: 70. Best value: 0.554004:  21%|██        | 104/500 [02:44<10:21,  1.57s/it]                                                                                       [I 2026-05-21 18:24:17,300] Trial 104 finished with value: 0.5501957520433938 and parameters: {'fire_exp': 0.6592776473550632, 'D_low': 59.90237763927657, 'D_high': 5811.741804096733, 'pre_dampen_half': 1.0370042734478573, 'P_half': 8.894130789598844, 'gpp_d': 76.25343952286772, 'ign_c': 20.993436913717645, 'P_humid': 3436.4474319300616, 'P_humid_q': 3.3039509669764304}. Best is trial 70 with value: 0.5540040457407294.
Best trial: 70. Best value: 0.554004:  21%|██        | 104/500 [02:45<10:21,  1.57s/it]Best trial: 70. Best value: 0.554004:  21%|██        | 104/500 [02:45<10:21,  1.57s/it]Best trial: 70. Best value: 0.554004:  21%|██        | 105/500 [02:45<10:20,  1.57s/it]                                                                                       [I 2026-05-21 18:24:18,864] Trial 105 finished with value: 0.5491157119252207 and parameters: {'fire_exp': 0.6645724695495979, 'D_low': 58.969974724027146, 'D_high': 5788.706733464668, 'pre_dampen_half': 1.071435857440992, 'P_half': 8.894786243220262, 'gpp_d': 78.03658763797242, 'ign_c': 21.024089885112364, 'P_humid': 2829.9622644630085, 'P_humid_q': 3.2877067050350073}. Best is trial 70 with value: 0.5540040457407294.
Best trial: 70. Best value: 0.554004:  21%|██        | 105/500 [02:47<10:20,  1.57s/it]Best trial: 70. Best value: 0.554004:  21%|██        | 105/500 [02:47<10:20,  1.57s/it]Best trial: 70. Best value: 0.554004:  21%|██        | 106/500 [02:47<10:17,  1.57s/it]                                                                                       [I 2026-05-21 18:24:20,433] Trial 106 finished with value: 0.5168807790469315 and parameters: {'fire_exp': 0.64924186949917, 'D_low': 51.999049488961745, 'D_high': 5542.44538802449, 'pre_dampen_half': 1.0027356460096337, 'P_half': 7.998585976045409, 'gpp_d': 71.41262314151267, 'ign_c': 23.878996773760825, 'P_humid': 3315.4888345746626, 'P_humid_q': 3.0823737186585864}. Best is trial 70 with value: 0.5540040457407294.
Best trial: 70. Best value: 0.554004:  21%|██        | 106/500 [02:48<10:17,  1.57s/it]Best trial: 70. Best value: 0.554004:  21%|██        | 106/500 [02:48<10:17,  1.57s/it]Best trial: 70. Best value: 0.554004:  21%|██▏       | 107/500 [02:48<10:16,  1.57s/it]                                                                                       [I 2026-05-21 18:24:22,005] Trial 107 finished with value: 0.5512145326276199 and parameters: {'fire_exp': 0.604376379712061, 'D_low': 68.07211154271258, 'D_high': 5608.019826468964, 'pre_dampen_half': 1.156122208582088, 'P_half': 10.53527180562726, 'gpp_d': 84.73559939892515, 'ign_c': 22.385322989200716, 'P_humid': 3441.126114966593, 'P_humid_q': 2.961165608022365}. Best is trial 70 with value: 0.5540040457407294.
Best trial: 70. Best value: 0.554004:  21%|██▏       | 107/500 [02:50<10:16,  1.57s/it]Best trial: 70. Best value: 0.554004:  21%|██▏       | 107/500 [02:50<10:16,  1.57s/it]Best trial: 70. Best value: 0.554004:  22%|██▏       | 108/500 [02:50<10:15,  1.57s/it]                                                                                       [I 2026-05-21 18:24:23,559] Trial 108 finished with value: 0.5165650789064227 and parameters: {'fire_exp': 0.6026775482566565, 'D_low': 68.43282187611369, 'D_high': 5867.686702333874, 'pre_dampen_half': 1.1477434424406598, 'P_half': 10.415206063591414, 'gpp_d': 82.07503584339376, 'ign_c': 24.654658644246965, 'P_humid': 3382.1832759544013, 'P_humid_q': 2.9423155445286575}. Best is trial 70 with value: 0.5540040457407294.
Best trial: 70. Best value: 0.554004:  22%|██▏       | 108/500 [02:51<10:15,  1.57s/it]Best trial: 70. Best value: 0.554004:  22%|██▏       | 108/500 [02:51<10:15,  1.57s/it]Best trial: 70. Best value: 0.554004:  22%|██▏       | 109/500 [02:51<10:11,  1.57s/it]                                                                                       [I 2026-05-21 18:24:25,133] Trial 109 finished with value: 0.5400659026944559 and parameters: {'fire_exp': 0.6566587311625968, 'D_low': 62.31345942118153, 'D_high': 5614.303172645893, 'pre_dampen_half': 1.0606233240365313, 'P_half': 8.843303406783926, 'gpp_d': 85.11640962901963, 'ign_c': 22.15859224590175, 'P_humid': 3468.2277322079567, 'P_humid_q': 3.365243005769797}. Best is trial 70 with value: 0.5540040457407294.
Best trial: 70. Best value: 0.554004:  22%|██▏       | 109/500 [02:53<10:11,  1.57s/it]Best trial: 70. Best value: 0.554004:  22%|██▏       | 109/500 [02:53<10:11,  1.57s/it]Best trial: 70. Best value: 0.554004:  22%|██▏       | 110/500 [02:53<10:11,  1.57s/it]                                                                                       [I 2026-05-21 18:24:26,695] Trial 110 finished with value: 0.5473950327039795 and parameters: {'fire_exp': 0.6162886695431412, 'D_low': 71.2871152103622, 'D_high': 5550.33265617011, 'pre_dampen_half': 1.223814711072511, 'P_half': 17.037302881470286, 'gpp_d': 75.38813513552954, 'ign_c': 22.58744661257406, 'P_humid': 2706.933573160234, 'P_humid_q': 3.162740089228135}. Best is trial 70 with value: 0.5540040457407294.
Best trial: 70. Best value: 0.554004:  22%|██▏       | 110/500 [02:55<10:11,  1.57s/it]Best trial: 70. Best value: 0.554004:  22%|██▏       | 110/500 [02:55<10:11,  1.57s/it]Best trial: 70. Best value: 0.554004:  22%|██▏       | 111/500 [02:55<10:09,  1.57s/it]                                                                                       [I 2026-05-21 18:24:28,287] Trial 111 finished with value: 0.5348320590002884 and parameters: {'fire_exp': 0.6417810356003188, 'D_low': 74.32701560052793, 'D_high': 5251.577533572117, 'pre_dampen_half': 1.1572201338727712, 'P_half': 7.665936124486766, 'gpp_d': 89.50878837620445, 'ign_c': 22.997262295056277, 'P_humid': 3023.3382268534706, 'P_humid_q': 3.4495902307197452}. Best is trial 70 with value: 0.5540040457407294.
Best trial: 70. Best value: 0.554004:  22%|██▏       | 111/500 [02:56<10:09,  1.57s/it]Best trial: 70. Best value: 0.554004:  22%|██▏       | 111/500 [02:56<10:09,  1.57s/it]Best trial: 70. Best value: 0.554004:  22%|██▏       | 112/500 [02:56<10:10,  1.57s/it]                                                                                       [I 2026-05-21 18:24:29,861] Trial 112 finished with value: 0.5462215474863354 and parameters: {'fire_exp': 0.6672787272781532, 'D_low': 55.57244719156887, 'D_high': 5687.245945638006, 'pre_dampen_half': 1.0891491431963851, 'P_half': 6.711752314805808, 'gpp_d': 98.94178095939934, 'ign_c': 21.30314720899521, 'P_humid': 3214.1077544488353, 'P_humid_q': 2.7978356535650293}. Best is trial 70 with value: 0.5540040457407294.
