Best trial: 415. Best value: 0.55948:  90%|████████▉ | 448/500 [11:50<01:22,  1.59s/it]Best trial: 415. Best value: 0.55948:  90%|████████▉ | 448/500 [11:50<01:22,  1.59s/it]Best trial: 415. Best value: 0.55948:  90%|████████▉ | 449/500 [11:50<01:21,  1.59s/it]                                                                                       [I 2026-05-21 18:33:23,783] Trial 449 finished with value: 0.5330047406495928 and parameters: {'fire_exp': 0.6692113176181204, 'D_low': 87.96300820730322, 'D_high': 5282.069944153637, 'pre_dampen_half': 1.2433565976503345, 'P_half': 16.75600702013303, 'gpp_d': 21.666019730156208, 'ign_c': 13.016467635947553, 'P_humid': 2182.623855456609, 'P_humid_q': 0.3564419128605736}. Best is trial 415 with value: 0.559480308107108.
Best trial: 415. Best value: 0.55948:  90%|████████▉ | 449/500 [11:52<01:21,  1.59s/it]Best trial: 415. Best value: 0.55948:  90%|████████▉ | 449/500 [11:52<01:21,  1.59s/it]Best trial: 415. Best value: 0.55948:  90%|█████████ | 450/500 [11:52<01:19,  1.59s/it]                                                                                       [I 2026-05-21 18:33:25,374] Trial 450 finished with value: 0.5433719141008679 and parameters: {'fire_exp': 0.7041111185261453, 'D_low': 98.26331178719454, 'D_high': 5404.347272132548, 'pre_dampen_half': 1.0684575262435372, 'P_half': 19.73809393641332, 'gpp_d': 23.342274394204512, 'ign_c': 18.66724773056739, 'P_humid': 1997.17759579899, 'P_humid_q': 4.870652506892411}. Best is trial 415 with value: 0.559480308107108.
Best trial: 415. Best value: 0.55948:  90%|█████████ | 450/500 [11:53<01:19,  1.59s/it]Best trial: 415. Best value: 0.55948:  90%|█████████ | 450/500 [11:53<01:19,  1.59s/it]Best trial: 415. Best value: 0.55948:  90%|█████████ | 451/500 [11:53<01:17,  1.59s/it]                                                                                       [I 2026-05-21 18:33:26,963] Trial 451 finished with value: 0.5541514025980041 and parameters: {'fire_exp': 0.6794702924469909, 'D_low': 92.53722898318769, 'D_high': 5184.227127677255, 'pre_dampen_half': 1.1462283335638392, 'P_half': 18.129573288651518, 'gpp_d': 36.96821011005098, 'ign_c': 18.819184109113124, 'P_humid': 2292.5060983037656, 'P_humid_q': 4.393988210630649}. Best is trial 415 with value: 0.559480308107108.
Best trial: 415. Best value: 0.55948:  90%|█████████ | 451/500 [11:55<01:17,  1.59s/it]Best trial: 415. Best value: 0.55948:  90%|█████████ | 451/500 [11:55<01:17,  1.59s/it]Best trial: 415. Best value: 0.55948:  90%|█████████ | 452/500 [11:55<01:16,  1.59s/it]                                                                                       [I 2026-05-21 18:33:28,550] Trial 452 finished with value: 0.5381645237958708 and parameters: {'fire_exp': 0.6648634299093588, 'D_low': 99.92580962919746, 'D_high': 5472.553556963412, 'pre_dampen_half': 1.3007618699393095, 'P_half': 21.308005292553727, 'gpp_d': 34.361725507473274, 'ign_c': 19.155038779051583, 'P_humid': 2429.6832271598664, 'P_humid_q': 4.547591390285284}. Best is trial 415 with value: 0.559480308107108.
Best trial: 415. Best value: 0.55948:  90%|█████████ | 452/500 [11:56<01:16,  1.59s/it]Best trial: 415. Best value: 0.55948:  90%|█████████ | 452/500 [11:56<01:16,  1.59s/it]Best trial: 415. Best value: 0.55948:  91%|█████████ | 453/500 [11:56<01:14,  1.59s/it]                                                                                       [I 2026-05-21 18:33:30,149] Trial 453 finished with value: 0.546354508591514 and parameters: {'fire_exp': 0.695818367664712, 'D_low': 88.82553784046483, 'D_high': 4374.211307221933, 'pre_dampen_half': 1.4561807464872263, 'P_half': 16.94883841687203, 'gpp_d': 20.99606096415574, 'ign_c': 18.25221377572943, 'P_humid': 2113.1517074771286, 'P_humid_q': 4.82038860164875}. Best is trial 415 with value: 0.559480308107108.
Best trial: 415. Best value: 0.55948:  91%|█████████ | 453/500 [11:58<01:14,  1.59s/it]Best trial: 415. Best value: 0.55948:  91%|█████████ | 453/500 [11:58<01:14,  1.59s/it]Best trial: 415. Best value: 0.55948:  91%|█████████ | 454/500 [11:58<01:13,  1.59s/it]                                                                                       [I 2026-05-21 18:33:31,741] Trial 454 finished with value: 0.5224077790075813 and parameters: {'fire_exp': 0.6518905135404656, 'D_low': 84.94299823221749, 'D_high': 5304.570321966185, 'pre_dampen_half': 1.2220356645274708, 'P_half': 20.321828174895117, 'gpp_d': 20.026914680181083, 'ign_c': 17.925997674550832, 'P_humid': 2204.551739250114, 'P_humid_q': 4.663819076512375}. Best is trial 415 with value: 0.559480308107108.
Best trial: 415. Best value: 0.55948:  91%|█████████ | 454/500 [12:00<01:13,  1.59s/it]Best trial: 415. Best value: 0.55948:  91%|█████████ | 454/500 [12:00<01:13,  1.59s/it]Best trial: 415. Best value: 0.55948:  91%|█████████ | 455/500 [12:00<01:11,  1.59s/it]                                                                                       [I 2026-05-21 18:33:33,325] Trial 455 finished with value: 0.5545426201591075 and parameters: {'fire_exp': 0.6861897017760004, 'D_low': 93.4819274980134, 'D_high': 5135.141429809383, 'pre_dampen_half': 1.0908733624097307, 'P_half': 18.79251555065402, 'gpp_d': 31.99990804772957, 'ign_c': 19.393742606664997, 'P_humid': 2343.4471015122263, 'P_humid_q': 4.8943767584714}. Best is trial 415 with value: 0.559480308107108.
Best trial: 415. Best value: 0.55948:  91%|█████████ | 455/500 [12:01<01:11,  1.59s/it]Best trial: 415. Best value: 0.55948:  91%|█████████ | 455/500 [12:01<01:11,  1.59s/it]Best trial: 415. Best value: 0.55948:  91%|█████████ | 456/500 [12:01<01:09,  1.59s/it]                                                                                       [I 2026-05-21 18:33:34,914] Trial 456 finished with value: 0.5556961378610654 and parameters: {'fire_exp': 0.6711692806788199, 'D_low': 96.62931472275466, 'D_high': 5060.046542913102, 'pre_dampen_half': 1.1554500911930163, 'P_half': 21.83196147448453, 'gpp_d': 34.8773528588188, 'ign_c': 18.783896572858552, 'P_humid': 1994.207726586148, 'P_humid_q': 4.59681392423992}. Best is trial 415 with value: 0.559480308107108.
Best trial: 415. Best value: 0.55948:  91%|█████████ | 456/500 [12:03<01:09,  1.59s/it]Best trial: 415. Best value: 0.55948:  91%|█████████ | 456/500 [12:03<01:09,  1.59s/it]Best trial: 415. Best value: 0.55948:  91%|█████████▏| 457/500 [12:03<01:08,  1.59s/it]                                                                                       [I 2026-05-21 18:33:36,504] Trial 457 finished with value: 0.5391073694358433 and parameters: {'fire_exp': 0.7066661992602263, 'D_low': 90.23287591732631, 'D_high': 5249.557662036699, 'pre_dampen_half': 1.051625511974455, 'P_half': 15.109977028613114, 'gpp_d': 35.71203472290281, 'ign_c': 19.964200579130058, 'P_humid': 2091.5219149041354, 'P_humid_q': 4.76298055771179}. Best is trial 415 with value: 0.559480308107108.
Best trial: 415. Best value: 0.55948:  91%|█████████▏| 457/500 [12:04<01:08,  1.59s/it]Best trial: 415. Best value: 0.55948:  91%|█████████▏| 457/500 [12:04<01:08,  1.59s/it]Best trial: 415. Best value: 0.55948:  92%|█████████▏| 458/500 [12:04<01:06,  1.59s/it]                                                                                       [I 2026-05-21 18:33:38,095] Trial 458 finished with value: 0.5385843465652946 and parameters: {'fire_exp': 0.6618657596508561, 'D_low': 104.53934885263273, 'D_high': 5374.62338672246, 'pre_dampen_half': 1.3356689494977174, 'P_half': 19.388685541008325, 'gpp_d': 37.11233141117624, 'ign_c': 19.118672094350632, 'P_humid': 2254.662042772937, 'P_humid_q': 4.875567081383175}. Best is trial 415 with value: 0.559480308107108.
Best trial: 415. Best value: 0.55948:  92%|█████████▏| 458/500 [12:06<01:06,  1.59s/it]Best trial: 415. Best value: 0.55948:  92%|█████████▏| 458/500 [12:06<01:06,  1.59s/it]Best trial: 415. Best value: 0.55948:  92%|█████████▏| 459/500 [12:06<01:05,  1.59s/it]                                                                                       [I 2026-05-21 18:33:39,682] Trial 459 finished with value: 0.5359283990537649 and parameters: {'fire_exp': 0.6793737704996464, 'D_low': 100.26123548399953, 'D_high': 5470.679017009571, 'pre_dampen_half': 1.2027854393429813, 'P_half': 0.9339570052318095, 'gpp_d': 40.823554634896084, 'ign_c': 18.533984813534442, 'P_humid': 2446.392916259164, 'P_humid_q': 4.716750223797558}. Best is trial 415 with value: 0.559480308107108.
Best trial: 415. Best value: 0.55948:  92%|█████████▏| 459/500 [12:08<01:05,  1.59s/it]Best trial: 415. Best value: 0.55948:  92%|█████████▏| 459/500 [12:08<01:05,  1.59s/it]Best trial: 415. Best value: 0.55948:  92%|█████████▏| 460/500 [12:08<01:03,  1.59s/it]                                                                                       [I 2026-05-21 18:33:41,275] Trial 460 finished with value: 0.5510662266384841 and parameters: {'fire_exp': 0.6424188862795652, 'D_low': 85.89701127902451, 'D_high': 4706.983208310921, 'pre_dampen_half': 1.0109033574274449, 'P_half': 23.018673667657865, 'gpp_d': 32.87930664182203, 'ign_c': 19.58131835499279, 'P_humid': 1840.9700272209652, 'P_humid_q': 4.438038598735869}. Best is trial 415 with value: 0.559480308107108.
Best trial: 415. Best value: 0.55948:  92%|█████████▏| 460/500 [12:09<01:03,  1.59s/it]Best trial: 415. Best value: 0.55948:  92%|█████████▏| 460/500 [12:09<01:03,  1.59s/it]Best trial: 415. Best value: 0.55948:  92%|█████████▏| 461/500 [12:09<01:02,  1.59s/it]                                                                                       [I 2026-05-21 18:33:42,864] Trial 461 finished with value: 0.5204917646967806 and parameters: {'fire_exp': 0.6937707258904526, 'D_low': 94.26776040435118, 'D_high': 5610.939008000843, 'pre_dampen_half': 1.4720782848354248, 'P_half': 17.212657903380666, 'gpp_d': 25.765769345446913, 'ign_c': 17.350763872602478, 'P_humid': 2139.8440072356366, 'P_humid_q': 4.806897677171291}. Best is trial 415 with value: 0.559480308107108.
Best trial: 415. Best value: 0.55948:  92%|█████████▏| 461/500 [12:11<01:02,  1.59s/it]Best trial: 415. Best value: 0.55948:  92%|█████████▏| 461/500 [12:11<01:02,  1.59s/it]Best trial: 415. Best value: 0.55948:  92%|█████████▏| 462/500 [12:11<01:00,  1.59s/it]                                                                                       [I 2026-05-21 18:33:44,453] Trial 462 finished with value: 0.5579592830435214 and parameters: {'fire_exp': 0.6574346982016283, 'D_low': 112.23919567966792, 'D_high': 4962.071005311601, 'pre_dampen_half': 1.1108018162045836, 'P_half': 19.99118533747288, 'gpp_d': 30.86098828609795, 'ign_c': 19.111593027003565, 'P_humid': 2337.152761126145, 'P_humid_q': 4.533687115109177}. Best is trial 415 with value: 0.559480308107108.
Best trial: 415. Best value: 0.55948:  92%|█████████▏| 462/500 [12:12<01:00,  1.59s/it]Best trial: 415. Best value: 0.55948:  92%|█████████▏| 462/500 [12:12<01:00,  1.59s/it]Best trial: 415. Best value: 0.55948:  93%|█████████▎| 463/500 [12:12<00:58,  1.59s/it]                                                                                       [I 2026-05-21 18:33:46,040] Trial 463 finished with value: 0.5290822002181514 and parameters: {'fire_exp': 0.6516929036964826, 'D_low': 112.60087928065845, 'D_high': 4955.522847998917, 'pre_dampen_half': 1.260692917877926, 'P_half': 18.364061668526595, 'gpp_d': 30.972723773497602, 'ign_c': 18.12967760304981, 'P_humid': 2448.750274251824, 'P_humid_q': 4.5100333703831055}. Best is trial 415 with value: 0.559480308107108.
Best trial: 415. Best value: 0.55948:  93%|█████████▎| 463/500 [12:14<00:58,  1.59s/it]Best trial: 415. Best value: 0.55948:  93%|█████████▎| 463/500 [12:14<00:58,  1.59s/it]Best trial: 415. Best value: 0.55948:  93%|█████████▎| 464/500 [12:14<00:57,  1.59s/it]                                                                                       [I 2026-05-21 18:33:47,637] Trial 464 finished with value: 0.5496899185673196 and parameters: {'fire_exp': 0.6599225379538807, 'D_low': 110.85658500733527, 'D_high': 5019.784191968386, 'pre_dampen_half': 1.1506458156492645, 'P_half': 15.733204189911746, 'gpp_d': 27.340530294922434, 'ign_c': 18.741640193462366, 'P_humid': 2306.1887646631285, 'P_humid_q': 4.303103212318075}. Best is trial 415 with value: 0.559480308107108.
Best trial: 415. Best value: 0.55948:  93%|█████████▎| 464/500 [12:15<00:57,  1.59s/it]Best trial: 415. Best value: 0.55948:  93%|█████████▎| 464/500 [12:15<00:57,  1.59s/it]Best trial: 415. Best value: 0.55948:  93%|█████████▎| 465/500 [12:15<00:55,  1.59s/it]                                                                                       [I 2026-05-21 18:33:49,229] Trial 465 finished with value: 0.5163976904760168 and parameters: {'fire_exp': 0.6407616559510956, 'D_low': 12.366674372332, 'D_high': 4795.689596237993, 'pre_dampen_half': 1.3389791275096168, 'P_half': 20.111100778876608, 'gpp_d': 30.077001181593236, 'ign_c': 19.580359795830024, 'P_humid': 2336.3319779508597, 'P_humid_q': 4.576423648884894}. Best is trial 415 with value: 0.559480308107108.
Best trial: 415. Best value: 0.55948:  93%|█████████▎| 465/500 [12:17<00:55,  1.59s/it]Best trial: 415. Best value: 0.55948:  93%|█████████▎| 465/500 [12:17<00:55,  1.59s/it]Best trial: 415. Best value: 0.55948:  93%|█████████▎| 466/500 [12:17<00:54,  1.59s/it]                                                                                       [I 2026-05-21 18:33:50,821] Trial 466 finished with value: 0.5382607114491097 and parameters: {'fire_exp': 0.6230744997983624, 'D_low': 107.31443566258281, 'D_high': 4805.231201078066, 'pre_dampen_half': 1.2460766501420952, 'P_half': 2.25415457817934, 'gpp_d': 24.73712925757708, 'ign_c': 20.15185634049804, 'P_humid': 2476.796792283515, 'P_humid_q': 4.64198272000855}. Best is trial 415 with value: 0.559480308107108.
Best trial: 415. Best value: 0.55948:  93%|█████████▎| 466/500 [12:19<00:54,  1.59s/it]Best trial: 415. Best value: 0.55948:  93%|█████████▎| 466/500 [12:19<00:54,  1.59s/it]Best trial: 415. Best value: 0.55948:  93%|█████████▎| 467/500 [12:19<00:52,  1.59s/it]                                                                                       [I 2026-05-21 18:33:52,411] Trial 467 finished with value: 0.5278072784534149 and parameters: {'fire_exp': 0.6679457476615135, 'D_low': 117.90932511366339, 'D_high': 1675.9934550633325, 'pre_dampen_half': 1.003152461686126, 'P_half': 23.543321765580675, 'gpp_d': 32.33995602260383, 'ign_c': 19.11864182680828, 'P_humid': 2204.8543240915906, 'P_humid_q': 4.461472634357548}. Best is trial 415 with value: 0.559480308107108.
Best trial: 415. Best value: 0.55948:  93%|█████████▎| 467/500 [12:20<00:52,  1.59s/it]Best trial: 415. Best value: 0.55948:  93%|█████████▎| 467/500 [12:20<00:52,  1.59s/it]Best trial: 415. Best value: 0.55948:  94%|█████████▎| 468/500 [12:20<00:50,  1.59s/it]                                                                                       [I 2026-05-21 18:33:54,003] Trial 468 finished with value: 0.4008568059744786 and parameters: {'fire_exp': 0.47770654504830873, 'D_low': 102.25884293328939, 'D_high': 4912.768120040084, 'pre_dampen_half': 5.286502899044056, 'P_half': 16.764431805288712, 'gpp_d': 27.690421317942693, 'ign_c': 20.017756042101908, 'P_humid': 2369.932644764008, 'P_humid_q': 4.676641959261137}. Best is trial 415 with value: 0.559480308107108.
Best trial: 415. Best value: 0.55948:  94%|█████████▎| 468/500 [12:22<00:50,  1.59s/it]Best trial: 415. Best value: 0.55948:  94%|█████████▎| 468/500 [12:22<00:50,  1.59s/it]Best trial: 415. Best value: 0.55948:  94%|█████████▍| 469/500 [12:22<00:49,  1.59s/it]                                                                                       [I 2026-05-21 18:33:55,587] Trial 469 finished with value: 0.5483220706740392 and parameters: {'fire_exp': 0.65589688664278, 'D_low': 115.67284791114683, 'D_high': 5105.900070849743, 'pre_dampen_half': 1.114835694903588, 'P_half': 18.44155989404153, 'gpp_d': 23.231464134745778, 'ign_c': 18.45506532365943, 'P_humid': 2293.928315229672, 'P_humid_q': 4.3492710921779425}. Best is trial 415 with value: 0.559480308107108.
Best trial: 415. Best value: 0.55948:  94%|█████████▍| 469/500 [12:23<00:49,  1.59s/it]Best trial: 415. Best value: 0.55948:  94%|█████████▍| 469/500 [12:23<00:49,  1.59s/it]Best trial: 415. Best value: 0.55948:  94%|█████████▍| 470/500 [12:23<00:47,  1.59s/it]                                                                                       [I 2026-05-21 18:33:57,177] Trial 470 finished with value: 0.5556617063974326 and parameters: {'fire_exp': 0.6719662828817198, 'D_low': 122.39864027721502, 'D_high': 4436.051432957988, 'pre_dampen_half': 1.4075851091659508, 'P_half': 20.239030778484608, 'gpp_d': 29.942674788355486, 'ign_c': 19.575802228600818, 'P_humid': 2036.885271220964, 'P_humid_q': 4.55201402004679}. Best is trial 415 with value: 0.559480308107108.
Best trial: 415. Best value: 0.55948:  94%|█████████▍| 470/500 [12:25<00:47,  1.59s/it]Best trial: 415. Best value: 0.55948:  94%|█████████▍| 470/500 [12:25<00:47,  1.59s/it]Best trial: 415. Best value: 0.55948:  94%|█████████▍| 471/500 [12:25<00:46,  1.59s/it]                                                                                       [I 2026-05-21 18:33:58,773] Trial 471 finished with value: 0.5452415073515484 and parameters: {'fire_exp': 0.6877557721090718, 'D_low': 110.10709059396179, 'D_high': 4975.997237043974, 'pre_dampen_half': 1.2109919700176728, 'P_half': 22.070958247426816, 'gpp_d': 45.02363406728622, 'ign_c': 18.998682898163388, 'P_humid': 2469.9823445181605, 'P_humid_q': 1.4483636966530584}. Best is trial 415 with value: 0.559480308107108.
Best trial: 415. Best value: 0.55948:  94%|█████████▍| 471/500 [12:27<00:46,  1.59s/it]Best trial: 415. Best value: 0.55948:  94%|█████████▍| 471/500 [12:27<00:46,  1.59s/it]Best trial: 415. Best value: 0.55948:  94%|█████████▍| 472/500 [12:27<00:44,  1.59s/it]                                                                                       [I 2026-05-21 18:34:00,366] Trial 472 finished with value: 0.5542558656631205 and parameters: {'fire_exp': 0.6633218546216025, 'D_low': 113.14846275539259, 'D_high': 5375.368622112144, 'pre_dampen_half': 1.1237448835800394, 'P_half': 18.15811281218145, 'gpp_d': 38.97359870852976, 'ign_c': 20.046589217401284, 'P_humid': 2215.7827275733875, 'P_humid_q': 4.2278964449790095}. Best is trial 415 with value: 0.559480308107108.
Best trial: 415. Best value: 0.55948:  94%|█████████▍| 472/500 [12:28<00:44,  1.59s/it]Best trial: 415. Best value: 0.55948:  94%|█████████▍| 472/500 [12:28<00:44,  1.59s/it]Best trial: 415. Best value: 0.55948:  95%|█████████▍| 473/500 [12:28<00:42,  1.59s/it]                                                                                       [I 2026-05-21 18:34:01,970] Trial 473 finished with value: 0.5530302446805762 and parameters: {'fire_exp': 0.6759208980143634, 'D_low': 105.4360927829903, 'D_high': 4658.920903228948, 'pre_dampen_half': 1.2931576236375946, 'P_half': 19.454965200428553, 'gpp_d': 33.407703442294164, 'ign_c': 19.415558980270287, 'P_humid': 1948.2507589355978, 'P_humid_q': 4.7420851524624625}. Best is trial 415 with value: 0.559480308107108.
Best trial: 415. Best value: 0.55948:  95%|█████████▍| 473/500 [12:30<00:42,  1.59s/it]Best trial: 415. Best value: 0.55948:  95%|█████████▍| 473/500 [12:30<00:42,  1.59s/it]Best trial: 415. Best value: 0.55948:  95%|█████████▍| 474/500 [12:30<00:41,  1.60s/it]                                                                                       [I 2026-05-21 18:34:03,575] Trial 474 finished with value: 0.5455385818297134 and parameters: {'fire_exp': 0.6978984686317812, 'D_low': 97.68934672346451, 'D_high': 3883.950669886357, 'pre_dampen_half': 1.0632644852158497, 'P_half': 24.668069573858258, 'gpp_d': 30.320117102928535, 'ign_c': 18.70475918050762, 'P_humid': 2363.323908685787, 'P_humid_q': 4.612910967439968}. Best is trial 415 with value: 0.559480308107108.
Best trial: 415. Best value: 0.55948:  95%|█████████▍| 474/500 [12:31<00:41,  1.60s/it]Best trial: 415. Best value: 0.55948:  95%|█████████▍| 474/500 [12:31<00:41,  1.60s/it]Best trial: 415. Best value: 0.55948:  95%|█████████▌| 475/500 [12:31<00:39,  1.60s/it]                                                                                       [I 2026-05-21 18:34:05,164] Trial 475 finished with value: 0.5139221771130231 and parameters: {'fire_exp': 0.6320549760589994, 'D_low': 103.47492559388262, 'D_high': 5484.595897939773, 'pre_dampen_half': 1.1919713141263708, 'P_half': 16.68390151650012, 'gpp_d': 21.843657613642176, 'ign_c': 17.630141933821392, 'P_humid': 2186.8275712192662, 'P_humid_q': 4.791038837231362}. Best is trial 415 with value: 0.559480308107108.
Best trial: 415. Best value: 0.55948:  95%|█████████▌| 475/500 [12:33<00:39,  1.60s/it]Best trial: 415. Best value: 0.55948:  95%|█████████▌| 475/500 [12:33<00:39,  1.60s/it]Best trial: 415. Best value: 0.55948:  95%|█████████▌| 476/500 [12:33<00:38,  1.60s/it]                                                                                       [I 2026-05-21 18:34:06,753] Trial 476 finished with value: 0.5227382716810165 and parameters: {'fire_exp': 0.6504051216375164, 'D_low': 88.37579746121641, 'D_high': 5061.711776235667, 'pre_dampen_half': 1.5200256397474472, 'P_half': 21.64062763738581, 'gpp_d': 31.720105757812004, 'ign_c': 18.2842819710939, 'P_humid': 2079.956915840631, 'P_humid_q': 1.9340613346458313}. Best is trial 415 with value: 0.559480308107108.
