[I 2026-05-22 18:08:13,407] Trial 242 finished with value: 0.5916119249479365 and parameters: {'P_amp': 0.05658812848906827, 'P_wet': 5776.871203197378, 'P_pow': 4.768829877600788, 'WG_amp': 0.8458916991969181, 'WG_Phalf': 318.5222137373187, 'WG_k': 40.42098193760866, 'WG_c': 2.0398684301469983, 'rain_shift': 0.6175209331011777, 'ign_k': 0.2703958038662304, 'rate_power': 0.993231504119259}. Best is trial 209 with value: 0.6108097453057891.
[I 2026-05-22 18:08:13,871] Trial 243 finished with value: 0.6016685217074631 and parameters: {'P_amp': 0.3059469762379078, 'P_wet': 4578.594718242954, 'P_pow': 3.2772372729134522, 'WG_amp': 0.5912772410854091, 'WG_Phalf': 489.2533980136795, 'WG_k': 16.64442123386424, 'WG_c': 0.4891793402499867, 'rain_shift': 0.05426646398141166, 'ign_k': 0.44015246244897344, 'rate_power': 1.1182025500730237}. Best is trial 209 with value: 0.6108097453057891.
[I 2026-05-22 18:08:14,336] Trial 244 finished with value: 0.5971874234210013 and parameters: {'P_amp': 0.022855366095664627, 'P_wet': 3748.7505551016416, 'P_pow': 1.8863146694296915, 'WG_amp': 0.04117042801804747, 'WG_Phalf': 142.75769185252105, 'WG_k': 17.76706935223555, 'WG_c': 1.297542315186297, 'rain_shift': 1.869006741771281, 'ign_k': 0.3327575520169415, 'rate_power': 1.068024895992678}. Best is trial 209 with value: 0.6108097453057891.
[I 2026-05-22 18:08:14,802] Trial 245 finished with value: 0.6041668875969449 and parameters: {'P_amp': 0.06841180624744189, 'P_wet': 5495.045734198892, 'P_pow': 0.24929115439000865, 'WG_amp': 0.3360342042371914, 'WG_Phalf': 613.3864063208343, 'WG_k': 0.43184613836671903, 'WG_c': 3.9638277432924456, 'rain_shift': 0.08775163688642673, 'ign_k': 0.8663265324145649, 'rate_power': 0.9799103600466419}. Best is trial 209 with value: 0.6108097453057891.
[I 2026-05-22 18:08:15,278] Trial 246 finished with value: 0.6054329739675305 and parameters: {'P_amp': 0.40039430344564575, 'P_wet': 5288.890644948732, 'P_pow': 3.656090845521875, 'WG_amp': 0.4235526397556135, 'WG_Phalf': 579.7288645789109, 'WG_k': 2.490953321384, 'WG_c': 3.8436222849255843, 'rain_shift': 0.18597072827118705, 'ign_k': 1.7524825855379833, 'rate_power': 1.2464653610083438}. Best is trial 209 with value: 0.6108097453057891.
[I 2026-05-22 18:08:15,744] Trial 247 finished with value: 0.6052369042499318 and parameters: {'P_amp': 0.10840824658982, 'P_wet': 2363.9886623741168, 'P_pow': 0.2485455287905626, 'WG_amp': 0.2751346883655625, 'WG_Phalf': 1035.5639645264355, 'WG_k': 72.69413566706982, 'WG_c': 6.298270738494958, 'rain_shift': 0.6396946000294901, 'ign_k': 0.949080553903779, 'rate_power': 0.8624925596922549}. Best is trial 209 with value: 0.6108097453057891.
[I 2026-05-22 18:08:16,218] Trial 248 finished with value: 0.5823844373725413 and parameters: {'P_amp': 0.5244616121508865, 'P_wet': 5713.528727784377, 'P_pow': 3.692469775490039, 'WG_amp': 0.21414234688803577, 'WG_Phalf': 137.13121382746866, 'WG_k': 1.4462665129946535, 'WG_c': 3.5662962086742755, 'rain_shift': 2.4918675826657193, 'ign_k': 0.5942258873207179, 'rate_power': 1.1062432756194476}. Best is trial 209 with value: 0.6108097453057891.
[I 2026-05-22 18:08:16,686] Trial 249 finished with value: 0.6089801347427996 and parameters: {'P_amp': 0.08093112977898789, 'P_wet': 5162.919263305394, 'P_pow': 2.514427857463628, 'WG_amp': 0.046327970472764476, 'WG_Phalf': 256.88454468261324, 'WG_k': 3.190073321237975, 'WG_c': 0.10868795234593552, 'rain_shift': 0.9650913240165834, 'ign_k': 0.6197383723222877, 'rate_power': 1.0159387102937967}. Best is trial 209 with value: 0.6108097453057891.
[I 2026-05-22 18:08:17,147] Trial 250 finished with value: 0.5903360148347951 and parameters: {'P_amp': 0.03780235716849592, 'P_wet': 3430.3234511318174, 'P_pow': 1.3107843427225288, 'WG_amp': 0.08110856721693449, 'WG_Phalf': 565.6374335792626, 'WG_k': 60.87224674644591, 'WG_c': 4.265863787869732, 'rain_shift': 0.43554589857416004, 'ign_k': 0.34905206894720875, 'rate_power': 0.887080354090647}. Best is trial 209 with value: 0.6108097453057891.
[I 2026-05-22 18:08:17,606] Trial 251 finished with value: 0.606726389347271 and parameters: {'P_amp': 0.16824725876224958, 'P_wet': 2735.0845086700238, 'P_pow': 3.286248260799778, 'WG_amp': 0.15945977950688908, 'WG_Phalf': 450.0809005126368, 'WG_k': 8.532853413695815, 'WG_c': 0.44426423428013945, 'rain_shift': 1.0062057373222562, 'ign_k': 0.6359750612279891, 'rate_power': 1.0982815942091195}. Best is trial 209 with value: 0.6108097453057891.
[I 2026-05-22 18:08:18,076] Trial 252 finished with value: 0.6051021648122294 and parameters: {'P_amp': 0.1852610478750496, 'P_wet': 5414.081210358753, 'P_pow': 3.1239049297186394, 'WG_amp': 0.2482496980521129, 'WG_Phalf': 290.1008010072582, 'WG_k': 6.395491477019407, 'WG_c': 0.005633586343049238, 'rain_shift': 0.9802491187382322, 'ign_k': 0.5389033889383074, 'rate_power': 0.9928756907493738}. Best is trial 209 with value: 0.6108097453057891.
[I 2026-05-22 18:08:18,560] Trial 253 finished with value: 0.6056616908414497 and parameters: {'P_amp': 0.5161663139322694, 'P_wet': 3690.093604496306, 'P_pow': 3.742904448492217, 'WG_amp': 0.30002729929873906, 'WG_Phalf': 146.70645339623653, 'WG_k': 70.02320267463087, 'WG_c': 1.1562292130297276, 'rain_shift': 0.27892810366491405, 'ign_k': 2.956102370036057, 'rate_power': 1.1634517026776685}. Best is trial 209 with value: 0.6108097453057891.
[I 2026-05-22 18:08:19,029] Trial 254 finished with value: 0.5930572850459057 and parameters: {'P_amp': 0.061978800139563674, 'P_wet': 5706.779956809291, 'P_pow': 2.584096337137685, 'WG_amp': 0.02902898722085137, 'WG_Phalf': 401.87547188781326, 'WG_k': 1.6635473772107334, 'WG_c': 0.08288044964078736, 'rain_shift': 2.109520813864563, 'ign_k': 0.41539712844358023, 'rate_power': 1.0859825811431125}. Best is trial 209 with value: 0.6108097453057891.
[I 2026-05-22 18:08:19,498] Trial 255 finished with value: 0.6026840630844594 and parameters: {'P_amp': 0.02044109422421992, 'P_wet': 5284.79305115278, 'P_pow': 3.7252194892478276, 'WG_amp': 0.04516955501251507, 'WG_Phalf': 270.8046253569329, 'WG_k': 52.47864131282366, 'WG_c': 0.07906488093124736, 'rain_shift': 1.0543899757830162, 'ign_k': 0.38164161650242057, 'rate_power': 1.119146759960175}. Best is trial 209 with value: 0.6108097453057891.
[I 2026-05-22 18:08:19,962] Trial 256 finished with value: 0.6040843193407219 and parameters: {'P_amp': 0.04147294495393604, 'P_wet': 2770.632897039808, 'P_pow': 0.7003496887644848, 'WG_amp': 0.18529395351697303, 'WG_Phalf': 324.4384357103233, 'WG_k': 12.768419382094605, 'WG_c': 8.671075777656604, 'rain_shift': 0.6156884326380889, 'ign_k': 0.8302737034454881, 'rate_power': 0.8351157575345136}. Best is trial 209 with value: 0.6108097453057891.
[I 2026-05-22 18:08:20,428] Trial 257 finished with value: 0.5424010675279524 and parameters: {'P_amp': 0.08597950869698184, 'P_wet': 382.92351344136273, 'P_pow': 5.234232305226749, 'WG_amp': 0.027494079267295746, 'WG_Phalf': 384.5423839657177, 'WG_k': 24.921210288941705, 'WG_c': 0.0003063857760023025, 'rain_shift': 5.3942006871296275, 'ign_k': 0.33002165238149406, 'rate_power': 1.1754499436458998}. Best is trial 209 with value: 0.6108097453057891.
[I 2026-05-22 18:08:20,893] Trial 258 finished with value: 0.5914242315840654 and parameters: {'P_amp': 0.05485453633595926, 'P_wet': 5677.694499432646, 'P_pow': 0.455372201665302, 'WG_amp': 0.2538136980882707, 'WG_Phalf': 637.4474274768139, 'WG_k': 98.5892454953195, 'WG_c': 3.6709641506685187, 'rain_shift': 0.0859275531938628, 'ign_k': 0.6406376174331985, 'rate_power': 0.8299548074325077}. Best is trial 209 with value: 0.6108097453057891.
[I 2026-05-22 18:08:21,358] Trial 259 finished with value: 0.5984052724742671 and parameters: {'P_amp': 0.0785306477940601, 'P_wet': 5945.291536699111, 'P_pow': 0.6083786145316213, 'WG_amp': 0.058106561043809506, 'WG_Phalf': 1134.3178935659173, 'WG_k': 35.63759070511157, 'WG_c': 1.5689578947765965, 'rain_shift': 2.373946280983671, 'ign_k': 0.3301768054903774, 'rate_power': 0.8743859714827488}. Best is trial 209 with value: 0.6108097453057891.
[I 2026-05-22 18:08:21,823] Trial 260 finished with value: 0.6061950240187283 and parameters: {'P_amp': 0.2788918751037194, 'P_wet': 2545.0703810756713, 'P_pow': 5.685273033163729, 'WG_amp': 0.43588791894267404, 'WG_Phalf': 714.3932912791676, 'WG_k': 76.1227888711785, 'WG_c': 1.0005841140066298, 'rain_shift': 0.7152561870567814, 'ign_k': 1.703508691261172, 'rate_power': 0.9405953760463254}. Best is trial 209 with value: 0.6108097453057891.
[I 2026-05-22 18:08:22,290] Trial 261 finished with value: 0.602400867024187 and parameters: {'P_amp': 0.09255047698017564, 'P_wet': 5717.66381438986, 'P_pow': 0.9099046487757037, 'WG_amp': 0.20743283084997444, 'WG_Phalf': 1188.3779361664788, 'WG_k': 16.019070798572805, 'WG_c': 0.9105461732787519, 'rain_shift': 0.26780252764055634, 'ign_k': 0.42450745301556947, 'rate_power': 1.1010477043467872}. Best is trial 209 with value: 0.6108097453057891.
[I 2026-05-22 18:08:22,755] Trial 262 finished with value: 0.5860760569185265 and parameters: {'P_amp': 0.02877566612477367, 'P_wet': 4970.247747824855, 'P_pow': 3.0068416658217774, 'WG_amp': 0.6445323371422303, 'WG_Phalf': 905.7746918884775, 'WG_k': 9.695367837324415, 'WG_c': 0.06509442772444322, 'rain_shift': 1.3262161839321291, 'ign_k': 1.0286216564016644, 'rate_power': 1.0662314697764754}. Best is trial 209 with value: 0.6108097453057891.
[I 2026-05-22 18:08:23,224] Trial 263 finished with value: 0.5997216722527388 and parameters: {'P_amp': 0.0020828011945161554, 'P_wet': 2240.121458795898, 'P_pow': 0.37598247757719355, 'WG_amp': 0.3166004103899336, 'WG_Phalf': 4427.565888358979, 'WG_k': 46.23987233736536, 'WG_c': 1.348893353487982, 'rain_shift': 1.8516403738889506, 'ign_k': 1.4832185471579313, 'rate_power': 0.7797575650914931}. Best is trial 209 with value: 0.6108097453057891.
[I 2026-05-22 18:08:23,683] Trial 264 finished with value: 0.5281778553744403 and parameters: {'P_amp': 0.49122513198570245, 'P_wet': 668.1900184817384, 'P_pow': 5.861562192077341, 'WG_amp': 0.35271657819005514, 'WG_Phalf': 354.2158637842932, 'WG_k': 0.46267599466961, 'WG_c': 0.41355933658175775, 'rain_shift': 4.7089096595076185, 'ign_k': 0.30006912667414487, 'rate_power': 0.995332024374129}. Best is trial 209 with value: 0.6108097453057891.
[I 2026-05-22 18:08:24,148] Trial 265 finished with value: 0.6028348943004562 and parameters: {'P_amp': 0.16460971031891766, 'P_wet': 818.0861120645986, 'P_pow': 1.7545775372120265, 'WG_amp': 0.43714397585080067, 'WG_Phalf': 2571.650555897109, 'WG_k': 64.2552817804849, 'WG_c': 0.1077042841865251, 'rain_shift': 0.2404210910556652, 'ign_k': 1.2079671048076277, 'rate_power': 1.0985949538851592}. Best is trial 209 with value: 0.6108097453057891.
[I 2026-05-22 18:08:24,617] Trial 266 finished with value: 0.5042540746537579 and parameters: {'P_amp': 0.7573905969168842, 'P_wet': 1710.307160051729, 'P_pow': 0.6838777412622989, 'WG_amp': 0.5360110718141864, 'WG_Phalf': 1393.2750468655713, 'WG_k': 44.25287874822095, 'WG_c': 0.02759924639528227, 'rain_shift': 6.4744277421579834, 'ign_k': 0.7860705178614911, 'rate_power': 1.274149747886127}. Best is trial 209 with value: 0.6108097453057891.
[I 2026-05-22 18:08:25,091] Trial 267 finished with value: 0.5581975169627537 and parameters: {'P_amp': 0.39783849754137646, 'P_wet': 5794.8758064603035, 'P_pow': 4.280876484288179, 'WG_amp': 0.8255208283808212, 'WG_Phalf': 678.0094150653691, 'WG_k': 60.45951662382298, 'WG_c': 3.4459673316108295, 'rain_shift': 4.606501392229331, 'ign_k': 0.61245087424073, 'rate_power': 1.0185992574820282}. Best is trial 209 with value: 0.6108097453057891.
[I 2026-05-22 18:08:25,552] Trial 268 finished with value: 0.5940267208598792 and parameters: {'P_amp': 0.12570208584101683, 'P_wet': 1816.134637095654, 'P_pow': 0.542934924631923, 'WG_amp': 0.11564732458829446, 'WG_Phalf': 1047.6894324226982, 'WG_k': 9.912826963038793, 'WG_c': 5.483297654272644, 'rain_shift': 0.10349434285916081, 'ign_k': 0.5505528944263187, 'rate_power': 0.8830200522864167}. Best is trial 209 with value: 0.6108097453057891.
[I 2026-05-22 18:08:26,016] Trial 269 finished with value: 0.6047630391074672 and parameters: {'P_amp': 0.24316795718166465, 'P_wet': 4163.4198798695925, 'P_pow': 2.8341644566554813, 'WG_amp': 0.027522020118031353, 'WG_Phalf': 214.5906244173744, 'WG_k': 3.3176387679031434, 'WG_c': 0.012972705792051488, 'rain_shift': 0.65049985576769, 'ign_k': 1.9520381873829664, 'rate_power': 1.0134609981036566}. Best is trial 209 with value: 0.6108097453057891.
[I 2026-05-22 18:08:26,492] Trial 270 finished with value: 0.584979214510649 and parameters: {'P_amp': 0.11929940080437129, 'P_wet': 1503.9972185584409, 'P_pow': 1.2147446834866689, 'WG_amp': 0.2309730301539086, 'WG_Phalf': 202.69933928833248, 'WG_k': 7.996392859476677, 'WG_c': 0.26489466368067105, 'rain_shift': 1.770760298611013, 'ign_k': 0.8053455210406999, 'rate_power': 1.1021805639834963}. Best is trial 209 with value: 0.6108097453057891.
[I 2026-05-22 18:08:26,968] Trial 271 finished with value: 0.6077135901828004 and parameters: {'P_amp': 0.028553907724424767, 'P_wet': 4320.113135330263, 'P_pow': 0.37631019163976964, 'WG_amp': 0.07932493447493662, 'WG_Phalf': 713.1874690217355, 'WG_k': 37.8729665859836, 'WG_c': 3.9252128165684588, 'rain_shift': 1.1025858678620906, 'ign_k': 0.4644044932582045, 'rate_power': 1.0240491115846921}. Best is trial 209 with value: 0.6108097453057891.
[I 2026-05-22 18:08:27,438] Trial 272 finished with value: 0.6037881124255574 and parameters: {'P_amp': 0.29266144392505233, 'P_wet': 2975.3315763335777, 'P_pow': 0.8398321864364829, 'WG_amp': 0.1292228226361575, 'WG_Phalf': 1004.360618723658, 'WG_k': 28.180108346176898, 'WG_c': 0.28859781426133063, 'rain_shift': 0.8482724548930528, 'ign_k': 1.2317672456775914, 'rate_power': 0.9827702674844587}. Best is trial 209 with value: 0.6108097453057891.
[I 2026-05-22 18:08:27,906] Trial 273 finished with value: 0.602802249873666 and parameters: {'P_amp': 0.02502299844728335, 'P_wet': 2546.1765767837696, 'P_pow': 1.869396600713912, 'WG_amp': 0.050078905462537654, 'WG_Phalf': 390.92246691005823, 'WG_k': 18.498959762619446, 'WG_c': 2.9207946322081746, 'rain_shift': 1.2947454651334418, 'ign_k': 0.7826781451070403, 'rate_power': 1.0709977415918996}. Best is trial 209 with value: 0.6108097453057891.
[I 2026-05-22 18:08:28,371] Trial 274 finished with value: 0.5834846761581544 and parameters: {'P_amp': 0.1834212601826501, 'P_wet': 1451.1614925770602, 'P_pow': 1.9007341895715477, 'WG_amp': 0.5211614688382826, 'WG_Phalf': 238.38890204665478, 'WG_k': 2.1093108628416832, 'WG_c': 0.9116537442675872, 'rain_shift': 0.04307906420771057, 'ign_k': 0.21546355677899534, 'rate_power': 1.0626984814227478}. Best is trial 209 with value: 0.6108097453057891.
[I 2026-05-22 18:08:28,836] Trial 275 finished with value: 0.6022124020380475 and parameters: {'P_amp': 0.2965197977468786, 'P_wet': 2653.6637570270677, 'P_pow': 4.03120873464515, 'WG_amp': 0.5139547630716935, 'WG_Phalf': 179.53656521549385, 'WG_k': 49.04027422382548, 'WG_c': 0.47099539944597774, 'rain_shift': 0.22230648757963434, 'ign_k': 0.530906587800478, 'rate_power': 0.8970795910243042}. Best is trial 209 with value: 0.6108097453057891.
[I 2026-05-22 18:08:29,301] Trial 276 finished with value: 0.5964007552878439 and parameters: {'P_amp': 0.07030899331935803, 'P_wet': 5343.630364083878, 'P_pow': 0.49648781877236814, 'WG_amp': 0.15458120082332338, 'WG_Phalf': 411.73725469623963, 'WG_k': 22.83005547374647, 'WG_c': 6.313359568185955, 'rain_shift': 0.8500203152996044, 'ign_k': 0.3016898616668673, 'rate_power': 1.0030712814463227}. Best is trial 209 with value: 0.6108097453057891.
[I 2026-05-22 18:08:29,764] Trial 277 finished with value: 0.5445064559176216 and parameters: {'P_amp': 0.5731344449331831, 'P_wet': 4496.320886385196, 'P_pow': 4.049969556101532, 'WG_amp': 0.0596813772461402, 'WG_Phalf': 133.53825913915225, 'WG_k': 46.57902304555493, 'WG_c': 0.0001054956871531632, 'rain_shift': 7.981642773643083, 'ign_k': 1.421526438508778, 'rate_power': 0.7845496584259887}. Best is trial 209 with value: 0.6108097453057891.
[I 2026-05-22 18:08:30,227] Trial 278 finished with value: 0.5621073234797174 and parameters: {'P_amp': 0.11301222527588703, 'P_wet': 2981.2494467621677, 'P_pow': 0.5318430602408949, 'WG_amp': 0.18521839814990837, 'WG_Phalf': 889.1381996965043, 'WG_k': 20.79499635020858, 'WG_c': 9.490515329427268, 'rain_shift': 3.592821321686653, 'ign_k': 0.927585184532529, 'rate_power': 1.01362547913066}. Best is trial 209 with value: 0.6108097453057891.
[I 2026-05-22 18:08:30,696] Trial 279 finished with value: 0.6075577702677235 and parameters: {'P_amp': 0.1602010673060098, 'P_wet': 3071.8889038513466, 'P_pow': 4.196215833787531, 'WG_amp': 0.7784576450201217, 'WG_Phalf': 129.45798572913765, 'WG_k': 26.920724986247677, 'WG_c': 2.3814684213216237, 'rain_shift': 0.10433678497435717, 'ign_k': 0.9262426880581148, 'rate_power': 1.1510921059961012}. Best is trial 209 with value: 0.6108097453057891.
[I 2026-05-22 18:08:31,161] Trial 280 finished with value: 0.5964283795723418 and parameters: {'P_amp': 0.419583405650935, 'P_wet': 5799.723007171043, 'P_pow': 2.134380526463703, 'WG_amp': 0.4055427546488538, 'WG_Phalf': 203.15573670356227, 'WG_k': 0.6270259125469518, 'WG_c': 1.4511207847497714, 'rain_shift': 0.558660640607672, 'ign_k': 0.9874323552251912, 'rate_power': 1.27908613722587}. Best is trial 209 with value: 0.6108097453057891.
[I 2026-05-22 18:08:31,625] Trial 281 finished with value: 0.5462313488813382 and parameters: {'P_amp': 0.5544762780736934, 'P_wet': 522.1651046615281, 'P_pow': 2.759856834362886, 'WG_amp': 0.24180752812572234, 'WG_Phalf': 398.7973887229233, 'WG_k': 8.418794587430398, 'WG_c': 0.006730892689153767, 'rain_shift': 0.029480413561140395, 'ign_k': 0.07355718102964584, 'rate_power': 0.8505200794152721}. Best is trial 209 with value: 0.6108097453057891.
[I 2026-05-22 18:08:32,089] Trial 282 finished with value: 0.5520155470640559 and parameters: {'P_amp': 0.006099542622810193, 'P_wet': 575.8074819536986, 'P_pow': 1.6390064507452744, 'WG_amp': 0.17450675260951934, 'WG_Phalf': 1382.5845808338008, 'WG_k': 54.293422144480154, 'WG_c': 0.10377196973836274, 'rain_shift': 4.320990482578888, 'ign_k': 1.3462826280735571, 'rate_power': 1.027342459122162}. Best is trial 209 with value: 0.6108097453057891.
[I 2026-05-22 18:08:32,553] Trial 283 finished with value: 0.5547427726329512 and parameters: {'P_amp': 0.7135917134041634, 'P_wet': 4924.399709172948, 'P_pow': 2.478888026022689, 'WG_amp': 0.17126107702806714, 'WG_Phalf': 115.6616806266416, 'WG_k': 0.08853625154031855, 'WG_c': 0.0002384122267093239, 'rain_shift': 5.218229835571495, 'ign_k': 2.9780979823834497, 'rate_power': 0.7500677402869906}. Best is trial 209 with value: 0.6108097453057891.
[I 2026-05-22 18:08:33,017] Trial 284 finished with value: 0.599011293975245 and parameters: {'P_amp': 0.22250784677146257, 'P_wet': 4710.059729794755, 'P_pow': 3.8528627329977656, 'WG_amp': 0.5623226276013672, 'WG_Phalf': 894.7983698561377, 'WG_k': 17.239426401698843, 'WG_c': 8.27747826671551, 'rain_shift': 1.2152764330454848, 'ign_k': 1.1345176859208996, 'rate_power': 1.1296847898463154}. Best is trial 209 with value: 0.6108097453057891.
[I 2026-05-22 18:08:33,482] Trial 285 finished with value: 0.5052741249491357 and parameters: {'P_amp': 0.31766281258850604, 'P_wet': 4237.262745784058, 'P_pow': 4.9036679472967215, 'WG_amp': 0.8817794343358452, 'WG_Phalf': 538.0767213803829, 'WG_k': 22.859655481481763, 'WG_c': 0.0003637079934501163, 'rain_shift': 7.081549949077598, 'ign_k': 0.48767685647285197, 'rate_power': 1.1919585996636082}. Best is trial 209 with value: 0.6108097453057891.
[I 2026-05-22 18:08:33,956] Trial 286 finished with value: 0.5251068748636639 and parameters: {'P_amp': 0.03193236353272416, 'P_wet': 1502.693590409988, 'P_pow': 1.2323301855012858, 'WG_amp': 0.7497645801003525, 'WG_Phalf': 1766.928564357805, 'WG_k': 0.532833484415148, 'WG_c': 0.015815675109331958, 'rain_shift': 9.010213085290278, 'ign_k': 0.47240699830439553, 'rate_power': 1.1140124035502126}. Best is trial 209 with value: 0.6108097453057891.
[I 2026-05-22 18:08:34,420] Trial 287 finished with value: 0.5737028833552795 and parameters: {'P_amp': 0.6850602117040034, 'P_wet': 2571.5627360127237, 'P_pow': 3.9415419431307037, 'WG_amp': 0.3216502866449896, 'WG_Phalf': 4472.639940263884, 'WG_k': 3.096645831672042, 'WG_c': 1.0674783697098267, 'rain_shift': 2.7758232780698515, 'ign_k': 0.8333439681691945, 'rate_power': 1.0357087880681197}. Best is trial 209 with value: 0.6108097453057891.
[I 2026-05-22 18:08:34,884] Trial 288 finished with value: 0.5829701242689839 and parameters: {'P_amp': 0.021036318030010433, 'P_wet': 2754.6984562808375, 'P_pow': 0.6611039124406476, 'WG_amp': 0.1269666860001973, 'WG_Phalf': 115.30438765882869, 'WG_k': 6.246712020672909, 'WG_c': 0.740460388650105, 'rain_shift': 0.10370187774117284, 'ign_k': 0.27584699884782854, 'rate_power': 0.8921953426627447}. Best is trial 209 with value: 0.6108097453057891.
[I 2026-05-22 18:08:35,348] Trial 289 finished with value: 0.5219504565125319 and parameters: {'P_amp': 0.16926428651502, 'P_wet': 970.5968706096271, 'P_pow': 2.505993453618561, 'WG_amp': 0.5943884635298232, 'WG_Phalf': 599.2514374357913, 'WG_k': 43.193100216428256, 'WG_c': 0.2363840193160535, 'rain_shift': 8.186763138519327, 'ign_k': 1.5101214116988273, 'rate_power': 1.210987087413851}. Best is trial 209 with value: 0.6108097453057891.
[I 2026-05-22 18:08:35,812] Trial 290 finished with value: 0.6058897153691034 and parameters: {'P_amp': 0.03563413359398288, 'P_wet': 3994.33506566373, 'P_pow': 1.2962506581965447, 'WG_amp': 0.12419723712952999, 'WG_Phalf': 257.9330188412158, 'WG_k': 8.21433516218434, 'WG_c': 4.902517997293044, 'rain_shift': 0.20126146507499254, 'ign_k': 1.0570143253539361, 'rate_power': 0.9961772010453799}. Best is trial 209 with value: 0.6108097453057891.
