[I 2026-05-22 18:10:53,392] Trial 585 finished with value: 0.5843340194687198 and parameters: {'P_amp': 0.7260198861114887, 'P_wet': 3974.520394426091, 'P_pow': 5.5272744182995375, 'WG_amp': 0.0699123266037085, 'WG_Phalf': 2444.073939905503, 'WG_k': 34.52428551913661, 'WG_c': 0.010525864036067287, 'rain_shift': 2.1874535017647414, 'ign_k': 0.3681989315392044, 'rate_power': 1.2021565568955705}. Best is trial 209 with value: 0.6108097453057891.
[I 2026-05-22 18:10:53,851] Trial 586 finished with value: 0.5337314545084912 and parameters: {'P_amp': 0.2765565247616231, 'P_wet': 5883.591714856655, 'P_pow': 2.9922357148545546, 'WG_amp': 0.8679269820100441, 'WG_Phalf': 1221.6906402830605, 'WG_k': 79.5193169446672, 'WG_c': 0.0013837496613314725, 'rain_shift': 3.7572301026729473, 'ign_k': 2.1430381186149967, 'rate_power': 1.0338467832180922}. Best is trial 209 with value: 0.6108097453057891.
[I 2026-05-22 18:10:54,310] Trial 587 finished with value: 0.583642372217124 and parameters: {'P_amp': 0.16823416754110435, 'P_wet': 5408.474859254538, 'P_pow': 2.407381668440434, 'WG_amp': 0.042545507767566756, 'WG_Phalf': 197.04448387009202, 'WG_k': 0.3925228742771613, 'WG_c': 0.1264611074477858, 'rain_shift': 1.500958594411068, 'ign_k': 2.134859243809503, 'rate_power': 1.2874092038676312}. Best is trial 209 with value: 0.6108097453057891.
[I 2026-05-22 18:10:54,768] Trial 588 finished with value: 0.5171798227826191 and parameters: {'P_amp': 0.020853375876192404, 'P_wet': 1080.2211040971179, 'P_pow': 3.489376600012961, 'WG_amp': 0.3918734647788559, 'WG_Phalf': 437.5959069531745, 'WG_k': 0.013489054806662688, 'WG_c': 0.0009852722412026919, 'rain_shift': 9.577000401384687, 'ign_k': 0.9776466095126697, 'rate_power': 1.2523577864322704}. Best is trial 209 with value: 0.6108097453057891.
[I 2026-05-22 18:10:55,234] Trial 589 finished with value: 0.5546395105169278 and parameters: {'P_amp': 0.2567218112926245, 'P_wet': 632.5237995919667, 'P_pow': 0.7518844979461736, 'WG_amp': 0.0038692892659913936, 'WG_Phalf': 522.3050297755369, 'WG_k': 42.55806083543133, 'WG_c': 0.00044516690865558257, 'rain_shift': 8.537942570747326, 'ign_k': 0.4039663689578546, 'rate_power': 0.7145441213236109}. Best is trial 209 with value: 0.6108097453057891.
[I 2026-05-22 18:10:55,696] Trial 590 finished with value: 0.5310225927646126 and parameters: {'P_amp': 0.6109075361671373, 'P_wet': 935.9602891526403, 'P_pow': 0.5028637455049916, 'WG_amp': 0.4737861016198006, 'WG_Phalf': 1397.0516372488075, 'WG_k': 5.038325920902639, 'WG_c': 0.027935107825168597, 'rain_shift': 2.7091537765744946, 'ign_k': 0.06145974576649763, 'rate_power': 1.2128539803329281}. Best is trial 209 with value: 0.6108097453057891.
[I 2026-05-22 18:10:56,159] Trial 591 finished with value: 0.5961526178088916 and parameters: {'P_amp': 0.011565862209265684, 'P_wet': 4968.154418107057, 'P_pow': 2.1066418936402127, 'WG_amp': 0.34451333428053743, 'WG_Phalf': 205.19036620192765, 'WG_k': 1.6225572743674948, 'WG_c': 1.8790505138518934, 'rain_shift': 2.856792331871403, 'ign_k': 0.34003795108164137, 'rate_power': 0.8392480277220018}. Best is trial 209 with value: 0.6108097453057891.
[I 2026-05-22 18:10:56,624] Trial 592 finished with value: 0.5925981324649305 and parameters: {'P_amp': 0.07544911140697973, 'P_wet': 5202.881913717808, 'P_pow': 0.2678255607961409, 'WG_amp': 0.05018003083757244, 'WG_Phalf': 645.8092028159817, 'WG_k': 3.7384623925716154, 'WG_c': 2.6010305835310867, 'rain_shift': 0.038680537178182206, 'ign_k': 0.49056545401466084, 'rate_power': 0.9271747211322078}. Best is trial 209 with value: 0.6108097453057891.
[I 2026-05-22 18:10:57,097] Trial 593 finished with value: 0.6076579440194766 and parameters: {'P_amp': 0.12019272712706622, 'P_wet': 5416.6352900182155, 'P_pow': 3.0873904186160583, 'WG_amp': 0.7798614670439226, 'WG_Phalf': 166.49666839626795, 'WG_k': 45.16090837084823, 'WG_c': 1.8121853918841038, 'rain_shift': 0.5602598315700582, 'ign_k': 0.5047093267984947, 'rate_power': 1.0382749419100286}. Best is trial 209 with value: 0.6108097453057891.
[I 2026-05-22 18:10:57,564] Trial 594 finished with value: 0.5751822372443227 and parameters: {'P_amp': 0.07811410527311072, 'P_wet': 4931.300342136922, 'P_pow': 0.581633951760748, 'WG_amp': 0.46480417182101014, 'WG_Phalf': 671.2122870512139, 'WG_k': 10.51471000067269, 'WG_c': 5.238870177293327, 'rain_shift': 2.9975488373151107, 'ign_k': 0.10557523833914247, 'rate_power': 0.9864475768551954}. Best is trial 209 with value: 0.6108097453057891.
[I 2026-05-22 18:10:58,030] Trial 595 finished with value: 0.6041058402262887 and parameters: {'P_amp': 0.2425152119674746, 'P_wet': 3474.8697948134454, 'P_pow': 3.8538500721829503, 'WG_amp': 0.5210809412901308, 'WG_Phalf': 940.4507109775224, 'WG_k': 0.7333039395071412, 'WG_c': 0.35080943257382413, 'rain_shift': 0.3522118146164126, 'ign_k': 1.9127812296656952, 'rate_power': 1.0304872611008231}. Best is trial 209 with value: 0.6108097453057891.
[I 2026-05-22 18:10:58,498] Trial 596 finished with value: 0.5623708050618247 and parameters: {'P_amp': 0.34810996959321705, 'P_wet': 4918.052872904313, 'P_pow': 5.203399489264337, 'WG_amp': 0.5531646049925913, 'WG_Phalf': 313.9866226581257, 'WG_k': 11.021190940518553, 'WG_c': 0.029440121774083557, 'rain_shift': 2.772341087139812, 'ign_k': 0.8277556587908661, 'rate_power': 0.9059524718945255}. Best is trial 209 with value: 0.6108097453057891.
[I 2026-05-22 18:10:58,964] Trial 597 finished with value: 0.5652303199522853 and parameters: {'P_amp': 0.004559791791874435, 'P_wet': 1694.9053753288438, 'P_pow': 4.570830482997646, 'WG_amp': 0.08617778493142614, 'WG_Phalf': 1632.8391732229895, 'WG_k': 45.23011574503359, 'WG_c': 0.21889557159824008, 'rain_shift': 6.657593530863806, 'ign_k': 0.3754443229356049, 'rate_power': 0.7734916984940878}. Best is trial 209 with value: 0.6108097453057891.
[I 2026-05-22 18:10:59,431] Trial 598 finished with value: 0.6071051988130638 and parameters: {'P_amp': 0.05421822484201377, 'P_wet': 1468.589462290004, 'P_pow': 0.9518645239568048, 'WG_amp': 0.05722298211400456, 'WG_Phalf': 113.11294058405919, 'WG_k': 3.519672278561585, 'WG_c': 3.3885885690718345, 'rain_shift': 0.3624052358865317, 'ign_k': 0.5701092256233985, 'rate_power': 1.1912334113611536}. Best is trial 209 with value: 0.6108097453057891.
[I 2026-05-22 18:10:59,900] Trial 599 finished with value: 0.5872521482531843 and parameters: {'P_amp': 0.26395051359638527, 'P_wet': 3362.949980041736, 'P_pow': 3.736443086588249, 'WG_amp': 0.03112113627713676, 'WG_Phalf': 140.0835217349613, 'WG_k': 11.511585803953638, 'WG_c': 0.6936849621555621, 'rain_shift': 0.034716268014919005, 'ign_k': 0.2313484038958364, 'rate_power': 1.1224308193986612}. Best is trial 209 with value: 0.6108097453057891.
[I 2026-05-22 18:11:00,367] Trial 600 finished with value: 0.5969004986158118 and parameters: {'P_amp': 0.16060919988112454, 'P_wet': 1847.4443346470332, 'P_pow': 5.1149234524005385, 'WG_amp': 0.4008462951893491, 'WG_Phalf': 523.1849185506405, 'WG_k': 8.545406264085806, 'WG_c': 4.302363766631299, 'rain_shift': 0.03099445847926674, 'ign_k': 0.9385281664213551, 'rate_power': 0.8583636022208448}. Best is trial 209 with value: 0.6108097453057891.
[I 2026-05-22 18:11:00,833] Trial 601 finished with value: 0.5981643523341433 and parameters: {'P_amp': 0.21585628822683306, 'P_wet': 4340.99090322648, 'P_pow': 1.6529029349993678, 'WG_amp': 0.03514874994083716, 'WG_Phalf': 101.41290183040128, 'WG_k': 10.243679695520402, 'WG_c': 0.1011815372911128, 'rain_shift': 0.2109863542025058, 'ign_k': 0.37999387940506674, 'rate_power': 1.2066643185089596}. Best is trial 209 with value: 0.6108097453057891.
[I 2026-05-22 18:11:01,300] Trial 602 finished with value: 0.5575019933221759 and parameters: {'P_amp': 0.3029514860989022, 'P_wet': 1017.765827886936, 'P_pow': 4.159478157948639, 'WG_amp': 0.8003574484060276, 'WG_Phalf': 2075.8999428753546, 'WG_k': 0.08842757476716047, 'WG_c': 9.472331199303262, 'rain_shift': 3.216224163888793, 'ign_k': 0.23703909447147273, 'rate_power': 1.1560893761464341}. Best is trial 209 with value: 0.6108097453057891.
[I 2026-05-22 18:11:01,767] Trial 603 finished with value: 0.6072554015686902 and parameters: {'P_amp': 0.022644913596193462, 'P_wet': 2541.0889105353804, 'P_pow': 0.3516786769957238, 'WG_amp': 0.04257928257724944, 'WG_Phalf': 870.0564552189454, 'WG_k': 40.164531157469185, 'WG_c': 0.2376090961283605, 'rain_shift': 1.0409573960398992, 'ign_k': 0.44201147954475634, 'rate_power': 0.9662779158526349}. Best is trial 209 with value: 0.6108097453057891.
[I 2026-05-22 18:11:02,234] Trial 604 finished with value: 0.6048238938380479 and parameters: {'P_amp': 0.48704465591586754, 'P_wet': 2660.9115962311134, 'P_pow': 2.184199806536112, 'WG_amp': 0.14729221016554675, 'WG_Phalf': 502.5628330014054, 'WG_k': 0.37447886016501164, 'WG_c': 0.4903871102213085, 'rain_shift': 0.09210911505815156, 'ign_k': 1.1957765732745567, 'rate_power': 1.1412819479927643}. Best is trial 209 with value: 0.6108097453057891.
[I 2026-05-22 18:11:02,700] Trial 605 finished with value: 0.6040831236275085 and parameters: {'P_amp': 0.1902679628025759, 'P_wet': 1836.4214774870038, 'P_pow': 1.0163795649215357, 'WG_amp': 0.3735004126885826, 'WG_Phalf': 365.69012214146215, 'WG_k': 5.088078513919786, 'WG_c': 0.9965508231013702, 'rain_shift': 0.6909604385767001, 'ign_k': 0.9064566032435868, 'rate_power': 1.1244900240820777}. Best is trial 209 with value: 0.6108097453057891.
[I 2026-05-22 18:11:03,172] Trial 606 finished with value: 0.6026681555874637 and parameters: {'P_amp': 0.23875645813070526, 'P_wet': 3363.5992906726487, 'P_pow': 2.778612735032869, 'WG_amp': 0.5672766228666287, 'WG_Phalf': 661.2809278320028, 'WG_k': 34.35905355265312, 'WG_c': 0.41610870072173695, 'rain_shift': 0.41445059246699567, 'ign_k': 2.413040578304148, 'rate_power': 1.1604922248201417}. Best is trial 209 with value: 0.6108097453057891.
[I 2026-05-22 18:11:03,642] Trial 607 finished with value: 0.5779422852361547 and parameters: {'P_amp': 0.003009139547190065, 'P_wet': 655.4702191700324, 'P_pow': 0.760641674630797, 'WG_amp': 0.04928233212818775, 'WG_Phalf': 522.9322410462789, 'WG_k': 76.69095237976471, 'WG_c': 0.10277872234649754, 'rain_shift': 3.44616733688118, 'ign_k': 0.9626169177398464, 'rate_power': 0.7831172738626633}. Best is trial 209 with value: 0.6108097453057891.
[I 2026-05-22 18:11:04,102] Trial 608 finished with value: 0.5860598347201279 and parameters: {'P_amp': 0.03206946730388414, 'P_wet': 1921.3574858059926, 'P_pow': 0.2630769274127886, 'WG_amp': 0.0393628571175092, 'WG_Phalf': 480.7964647299346, 'WG_k': 32.71301806077948, 'WG_c': 4.446223087924138, 'rain_shift': 3.34585973824173, 'ign_k': 0.24906272521737874, 'rate_power': 0.9299283658764544}. Best is trial 209 with value: 0.6108097453057891.
[I 2026-05-22 18:11:04,569] Trial 609 finished with value: 0.5243804337602119 and parameters: {'P_amp': 0.6371769954559695, 'P_wet': 1950.9486163699482, 'P_pow': 0.9511658284519875, 'WG_amp': 0.8908484355878961, 'WG_Phalf': 818.9242105280208, 'WG_k': 0.48311282961732294, 'WG_c': 0.3959882702492246, 'rain_shift': 9.091271978864553, 'ign_k': 0.15476744172067686, 'rate_power': 0.9148575689936483}. Best is trial 209 with value: 0.6108097453057891.
[I 2026-05-22 18:11:05,039] Trial 610 finished with value: 0.5990533707199758 and parameters: {'P_amp': 0.3350944766017163, 'P_wet': 3294.8160472265486, 'P_pow': 4.901737294158944, 'WG_amp': 0.48661345522990346, 'WG_Phalf': 348.31452588228876, 'WG_k': 38.13394471848856, 'WG_c': 1.2858878273307754, 'rain_shift': 2.2588655356149894, 'ign_k': 0.28237051858289275, 'rate_power': 0.8118305257615211}. Best is trial 209 with value: 0.6108097453057891.
[I 2026-05-22 18:11:05,507] Trial 611 finished with value: 0.5608213732441848 and parameters: {'P_amp': 0.5560139300089312, 'P_wet': 1255.1154393599745, 'P_pow': 0.33534287961295517, 'WG_amp': 0.006379003376083547, 'WG_Phalf': 511.66622036778955, 'WG_k': 63.93023810693085, 'WG_c': 0.006431434332973116, 'rain_shift': 1.9180939941435966, 'ign_k': 0.06890308746793594, 'rate_power': 0.9432600716297062}. Best is trial 209 with value: 0.6108097453057891.
[I 2026-05-22 18:11:05,971] Trial 612 finished with value: 0.5651490237992262 and parameters: {'P_amp': 0.7836261076951421, 'P_wet': 5178.734880478696, 'P_pow': 1.7297213176381778, 'WG_amp': 0.5042784395365788, 'WG_Phalf': 4641.317501751061, 'WG_k': 0.019407908874571774, 'WG_c': 0.0010609730297777102, 'rain_shift': 6.208507048999025, 'ign_k': 0.48668094291933267, 'rate_power': 0.7308556255739443}. Best is trial 209 with value: 0.6108097453057891.
[I 2026-05-22 18:11:06,430] Trial 613 finished with value: 0.61024277898137 and parameters: {'P_amp': 0.138859881643489, 'P_wet': 5577.60846867548, 'P_pow': 3.2597035697246244, 'WG_amp': 0.8627076284989859, 'WG_Phalf': 470.4721760164792, 'WG_k': 6.588661685953325, 'WG_c': 1.0211243519837834, 'rain_shift': 0.21098955360667604, 'ign_k': 0.621790572492483, 'rate_power': 1.1164533147857947}. Best is trial 209 with value: 0.6108097453057891.
[I 2026-05-22 18:11:06,892] Trial 614 finished with value: 0.5445753339285102 and parameters: {'P_amp': 0.6035093030080746, 'P_wet': 3079.874600164757, 'P_pow': 2.6046169262659045, 'WG_amp': 0.575196156849441, 'WG_Phalf': 379.00108494096054, 'WG_k': 98.92227898498447, 'WG_c': 0.005811815315930523, 'rain_shift': 1.0203823773670506, 'ign_k': 0.07104107380669833, 'rate_power': 1.1450622998120643}. Best is trial 209 with value: 0.6108097453057891.
[I 2026-05-22 18:11:07,354] Trial 615 finished with value: 0.5581272417559813 and parameters: {'P_amp': 0.3165861792271674, 'P_wet': 3289.2215277108394, 'P_pow': 1.8909846176375316, 'WG_amp': 0.4743921872951844, 'WG_Phalf': 3160.4002466324696, 'WG_k': 0.014065299760757016, 'WG_c': 0.0002038301382912432, 'rain_shift': 4.11864990518412, 'ign_k': 1.7681508557253423, 'rate_power': 0.85371448120829}. Best is trial 209 with value: 0.6108097453057891.
[I 2026-05-22 18:11:07,811] Trial 616 finished with value: 0.5729881933144652 and parameters: {'P_amp': 0.5245530023388307, 'P_wet': 2787.8246740906147, 'P_pow': 1.9628706587719769, 'WG_amp': 0.5280764806009264, 'WG_Phalf': 112.57278359821602, 'WG_k': 4.851049409883339, 'WG_c': 0.7918610081154388, 'rain_shift': 2.226791248241825, 'ign_k': 1.1867291687004313, 'rate_power': 1.1067767751169784}. Best is trial 209 with value: 0.6108097453057891.
[I 2026-05-22 18:11:08,271] Trial 617 finished with value: 0.585355759672824 and parameters: {'P_amp': 0.16301101887730055, 'P_wet': 855.6489151056236, 'P_pow': 1.3800175837884157, 'WG_amp': 0.0031685197653364694, 'WG_Phalf': 576.115184376882, 'WG_k': 86.90597651839636, 'WG_c': 2.324614750200571, 'rain_shift': 1.880729959836979, 'ign_k': 1.7784654136678204, 'rate_power': 0.9558330502028951}. Best is trial 209 with value: 0.6108097453057891.
[I 2026-05-22 18:11:08,730] Trial 618 finished with value: 0.5474489064459078 and parameters: {'P_amp': 0.21172349737027119, 'P_wet': 3517.4685266477263, 'P_pow': 2.780011321846897, 'WG_amp': 0.8319633032492713, 'WG_Phalf': 561.4454106993043, 'WG_k': 2.318903197285987, 'WG_c': 0.3459107296551355, 'rain_shift': 3.0939611704979546, 'ign_k': 1.1670530591171717, 'rate_power': 1.1572046186224805}. Best is trial 209 with value: 0.6108097453057891.
[I 2026-05-22 18:11:09,188] Trial 619 finished with value: 0.545084441422122 and parameters: {'P_amp': 0.1756985329882712, 'P_wet': 1813.8852875922742, 'P_pow': 1.3575594603713954, 'WG_amp': 0.35217576780896775, 'WG_Phalf': 125.74303687216542, 'WG_k': 2.102137826077647, 'WG_c': 0.1495171094881643, 'rain_shift': 3.3436230879623596, 'ign_k': 2.3200917601351847, 'rate_power': 1.1697692395591837}. Best is trial 209 with value: 0.6108097453057891.
[I 2026-05-22 18:11:09,647] Trial 620 finished with value: 0.59987520288338 and parameters: {'P_amp': 0.019092257025834683, 'P_wet': 5203.121136577559, 'P_pow': 1.6346324574419127, 'WG_amp': 0.8068209799747706, 'WG_Phalf': 513.5332055965729, 'WG_k': 0.44646489063382955, 'WG_c': 2.846306444472491, 'rain_shift': 0.7507020442156068, 'ign_k': 0.6224210445615794, 'rate_power': 1.197502420659776}. Best is trial 209 with value: 0.6108097453057891.
[I 2026-05-22 18:11:10,104] Trial 621 finished with value: 0.6079575204963374 and parameters: {'P_amp': 0.04528535603254408, 'P_wet': 5132.320152898123, 'P_pow': 4.885444371987672, 'WG_amp': 0.6120862948062228, 'WG_Phalf': 522.295571200385, 'WG_k': 12.899797686374306, 'WG_c': 0.9751518192436135, 'rain_shift': 0.9296429771351326, 'ign_k': 0.4524711017310821, 'rate_power': 1.1106631627762313}. Best is trial 209 with value: 0.6108097453057891.
[I 2026-05-22 18:11:10,570] Trial 622 finished with value: 0.5882364762878767 and parameters: {'P_amp': 0.826679180951956, 'P_wet': 4407.722220020861, 'P_pow': 2.207632482510146, 'WG_amp': 0.4038905114273862, 'WG_Phalf': 246.70458498676646, 'WG_k': 11.567713820163615, 'WG_c': 0.08955043939372453, 'rain_shift': 0.32193082124942296, 'ign_k': 2.4129608485632548, 'rate_power': 1.265058442767687}. Best is trial 209 with value: 0.6108097453057891.
[I 2026-05-22 18:11:11,036] Trial 623 finished with value: 0.5339275088285987 and parameters: {'P_amp': 0.8358512846154835, 'P_wet': 2950.30646631945, 'P_pow': 5.305210757508831, 'WG_amp': 0.65652518112465, 'WG_Phalf': 2315.854091428793, 'WG_k': 8.276860802789194, 'WG_c': 0.0003242561377315329, 'rain_shift': 5.752941406919721, 'ign_k': 0.5366912845554421, 'rate_power': 1.2072345006815133}. Best is trial 209 with value: 0.6108097453057891.
[I 2026-05-22 18:11:11,497] Trial 624 finished with value: 0.5838894907053889 and parameters: {'P_amp': 0.12478257265515476, 'P_wet': 4678.200757640127, 'P_pow': 1.7161584822419307, 'WG_amp': 0.8197790255527213, 'WG_Phalf': 430.3246038833969, 'WG_k': 7.413499131371581, 'WG_c': 0.07172160103851663, 'rain_shift': 0.5669744515717093, 'ign_k': 0.6781118665555445, 'rate_power': 1.0886230851021745}. Best is trial 209 with value: 0.6108097453057891.
[I 2026-05-22 18:11:11,953] Trial 625 finished with value: 0.4904967862708148 and parameters: {'P_amp': 0.6935333018839741, 'P_wet': 432.7909819717976, 'P_pow': 1.6091431688294562, 'WG_amp': 0.37577684582054505, 'WG_Phalf': 308.883885641208, 'WG_k': 0.11307625297995666, 'WG_c': 0.017600116935519418, 'rain_shift': 6.198521362006256, 'ign_k': 0.2870065311453501, 'rate_power': 1.229456928356921}. Best is trial 209 with value: 0.6108097453057891.
[I 2026-05-22 18:11:12,419] Trial 626 finished with value: 0.5123319503310996 and parameters: {'P_amp': 0.8571926580946816, 'P_wet': 393.29801140660044, 'P_pow': 0.2689490500412002, 'WG_amp': 0.4725860135096407, 'WG_Phalf': 1025.5799685607733, 'WG_k': 1.011340593605125, 'WG_c': 0.0006062356660863699, 'rain_shift': 7.1148888320902195, 'ign_k': 0.5582265480868546, 'rate_power': 0.8658977338937481}. Best is trial 209 with value: 0.6108097453057891.
[I 2026-05-22 18:11:12,883] Trial 627 finished with value: 0.5686612422677836 and parameters: {'P_amp': 0.6792043131039921, 'P_wet': 2889.466312594507, 'P_pow': 4.535678093984142, 'WG_amp': 0.3355990971686121, 'WG_Phalf': 110.97252022056497, 'WG_k': 5.226611407791694, 'WG_c': 0.040590265811856444, 'rain_shift': 2.852781867760678, 'ign_k': 0.7167997046340375, 'rate_power': 0.9355267865705716}. Best is trial 209 with value: 0.6108097453057891.
[I 2026-05-22 18:11:13,349] Trial 628 finished with value: 0.5663978346633353 and parameters: {'P_amp': 0.7704921535256447, 'P_wet': 3540.2360711925053, 'P_pow': 1.7892965139877295, 'WG_amp': 0.29645508767241974, 'WG_Phalf': 3664.95356424577, 'WG_k': 0.8437761755726401, 'WG_c': 0.03250078673069201, 'rain_shift': 1.4101296504092637, 'ign_k': 0.0782776352026968, 'rate_power': 1.0816046329037798}. Best is trial 209 with value: 0.6108097453057891.
[I 2026-05-22 18:11:13,817] Trial 629 finished with value: 0.5751906031717375 and parameters: {'P_amp': 0.266161698560729, 'P_wet': 3064.7165612576664, 'P_pow': 1.560365419568075, 'WG_amp': 0.24214494188021518, 'WG_Phalf': 418.83782885583446, 'WG_k': 4.041335366010626, 'WG_c': 8.810102509963489, 'rain_shift': 3.5973860495681382, 'ign_k': 0.33344797558561373, 'rate_power': 0.9858086856838326}. Best is trial 209 with value: 0.6108097453057891.
[I 2026-05-22 18:11:14,284] Trial 630 finished with value: 0.5938238378901326 and parameters: {'P_amp': 0.0626600100237325, 'P_wet': 4343.87263487985, 'P_pow': 3.723036776693952, 'WG_amp': 0.7071198786011649, 'WG_Phalf': 371.5142245075911, 'WG_k': 4.75152069979907, 'WG_c': 0.756123201593061, 'rain_shift': 1.760366663992881, 'ign_k': 0.6770850497778612, 'rate_power': 1.0718857975597031}. Best is trial 209 with value: 0.6108097453057891.
[I 2026-05-22 18:11:14,751] Trial 631 finished with value: 0.6030297256767616 and parameters: {'P_amp': 0.07085520630543846, 'P_wet': 5623.022642710185, 'P_pow': 1.7568416032060283, 'WG_amp': 0.43073539631382823, 'WG_Phalf': 480.22830599273425, 'WG_k': 3.0556177109110827, 'WG_c': 0.21644539741157254, 'rain_shift': 0.6149909371651233, 'ign_k': 1.9429218242956319, 'rate_power': 0.8100477700722318}. Best is trial 209 with value: 0.6108097453057891.
[I 2026-05-22 18:11:15,217] Trial 632 finished with value: 0.5905175959487478 and parameters: {'P_amp': 0.172747831218436, 'P_wet': 2996.700887706102, 'P_pow': 3.2658086224907468, 'WG_amp': 0.8308730268480312, 'WG_Phalf': 576.1945418531335, 'WG_k': 3.4517354314052877, 'WG_c': 8.191757206077959, 'rain_shift': 0.3331626737573658, 'ign_k': 0.2521008265771517, 'rate_power': 1.1438294407037508}. Best is trial 209 with value: 0.6108097453057891.
[I 2026-05-22 18:11:15,685] Trial 633 finished with value: 0.609194606830998 and parameters: {'P_amp': 0.22944411439285475, 'P_wet': 4767.8072244505, 'P_pow': 1.5060073459022827, 'WG_amp': 0.2887501168564634, 'WG_Phalf': 725.9592810588497, 'WG_k': 9.987121451793625, 'WG_c': 7.2208470274898655, 'rain_shift': 1.1619699604860605, 'ign_k': 0.6336342900838208, 'rate_power': 0.8184428625402739}. Best is trial 209 with value: 0.6108097453057891.
