[I 2026-05-22 17:47:04,417] Trial 213 finished with value: 0.5535458110843708 and parameters: {'k1': 0.0970608254142778, 'D_low': 321.48858107108174, 'k2': 0.00043141103840727945, 'D_high': 66772.41331991497, 'fire_exp': 0.5613014219573897, 'P_half': 138.01645795881973, 'pre_dampen_half': 0.1809426571920075, 'gpp_af': 2.0473023774742933, 'gpp_b': 7.82488829855548e-06, 'gpp_d': 37.461055630175785, 'ign_k': 1.1494795217229903, 'ign_c': 3.8062156994374137}. Best is trial 0 with value: 0.6103502735484728.
[I 2026-05-22 17:47:04,868] Trial 214 finished with value: 0.4478693894263247 and parameters: {'k1': 9.384158973714825e-05, 'D_low': 1.0158362816338702, 'k2': 0.007369199533336822, 'D_high': 2695.197070021717, 'fire_exp': 0.7202462893748348, 'P_half': 0.21232439348216603, 'pre_dampen_half': 0.16330041218688743, 'gpp_af': 3.409452696706596, 'gpp_b': 6.570393830629971e-05, 'gpp_d': 71.98494568835282, 'ign_k': 0.7706286623637988, 'ign_c': 41.89996463123419}. Best is trial 0 with value: 0.6103502735484728.
[I 2026-05-22 17:47:05,298] Trial 215 finished with value: 0.4798556456798952 and parameters: {'k1': 0.03906805815116205, 'D_low': 83.19406433654802, 'k2': 0.00025902423770119955, 'D_high': 1213.3444092813688, 'fire_exp': 0.35277400042066404, 'P_half': 20.422664102503262, 'pre_dampen_half': 1.1358087464401425, 'gpp_af': 1.462422988746126, 'gpp_b': 0.017448348313532976, 'gpp_d': 312.98149503145805, 'ign_k': 3.4038814280604766, 'ign_c': 29.257209115834016}. Best is trial 0 with value: 0.6103502735484728.
[I 2026-05-22 17:47:05,729] Trial 216 finished with value: 0.4457327068884094 and parameters: {'k1': 0.0544556216834894, 'D_low': 47.59170394378872, 'k2': 0.0016619598766834836, 'D_high': 5838.12891962046, 'fire_exp': 0.37429201570923937, 'P_half': 77.27617408236561, 'pre_dampen_half': 0.08554738836340048, 'gpp_af': 4.169325177432253, 'gpp_b': 1.765710432827823e-05, 'gpp_d': 106.62032158901731, 'ign_k': 1.2707792889658986, 'ign_c': 39.440618758580875}. Best is trial 0 with value: 0.6103502735484728.
[I 2026-05-22 17:47:06,163] Trial 217 finished with value: 0.5803326895305186 and parameters: {'k1': 1.1551085046454102e-05, 'D_low': 9.800516798540839, 'k2': 0.08254231517420069, 'D_high': 1231.2531204157308, 'fire_exp': 0.4241514812190021, 'P_half': 0.6524354180106685, 'pre_dampen_half': 1.2221760257134406, 'gpp_af': 4.388794621280028, 'gpp_b': 6.172552035558101e-05, 'gpp_d': 13.761945318983223, 'ign_k': 0.3540303038429638, 'ign_c': 15.507257939254469}. Best is trial 0 with value: 0.6103502735484728.
[I 2026-05-22 17:47:06,593] Trial 218 finished with value: 0.3995377502361646 and parameters: {'k1': 0.025817726874777874, 'D_low': 1609.2726083910272, 'k2': 0.010596141840271741, 'D_high': 1856.2534688119356, 'fire_exp': 0.45418270290539076, 'P_half': 15.938281874593592, 'pre_dampen_half': 2.1737512671255876, 'gpp_af': 0.006456785091501583, 'gpp_b': 0.01767756201514432, 'gpp_d': 139.95143491181807, 'ign_k': 0.8784394649669269, 'ign_c': 55.76190605288764}. Best is trial 0 with value: 0.6103502735484728.
[I 2026-05-22 17:47:07,029] Trial 219 finished with value: 0.42641051902196864 and parameters: {'k1': 0.024834952355508474, 'D_low': 167.99940955046526, 'k2': 0.0007554239021442584, 'D_high': 14712.649881803709, 'fire_exp': 0.611740925060426, 'P_half': 1075.3449236826148, 'pre_dampen_half': 175.94942109942036, 'gpp_af': 2.035233453136385, 'gpp_b': 1.1098016217023193e-06, 'gpp_d': 127.08338944984543, 'ign_k': 0.9850175980582649, 'ign_c': 51.343037500519145}. Best is trial 0 with value: 0.6103502735484728.
[I 2026-05-22 17:47:07,468] Trial 220 finished with value: 0.5791484961958102 and parameters: {'k1': 0.00018731978106064254, 'D_low': 12.048974863013079, 'k2': 0.021665750576982938, 'D_high': 3139.09225722251, 'fire_exp': 0.49433510654675, 'P_half': 0.20587227226166332, 'pre_dampen_half': 2.56571586598851, 'gpp_af': 0.7641422888855721, 'gpp_b': 0.00016335039431381092, 'gpp_d': 1.8298035949887284, 'ign_k': 0.24458075204840846, 'ign_c': 24.292580661510797}. Best is trial 0 with value: 0.6103502735484728.
[I 2026-05-22 17:47:07,903] Trial 221 finished with value: 0.48094988763101243 and parameters: {'k1': 5.247592106808543e-05, 'D_low': 51.880971947180626, 'k2': 0.04257255625915342, 'D_high': 1419.169963490377, 'fire_exp': 0.9693068968020591, 'P_half': 0.3244411115253441, 'pre_dampen_half': 0.21172567869949788, 'gpp_af': 1.4953086253715901, 'gpp_b': 0.0008426259536533654, 'gpp_d': 0.837382860427172, 'ign_k': 0.20765609214978475, 'ign_c': 1.8346233918780632}. Best is trial 0 with value: 0.6103502735484728.
[I 2026-05-22 17:47:08,335] Trial 222 finished with value: 0.5412253819148389 and parameters: {'k1': 0.03230362069301098, 'D_low': 195.4365238033991, 'k2': 0.0009281287869984143, 'D_high': 7956.40501747518, 'fire_exp': 0.46785589526931326, 'P_half': 4.744949019060493, 'pre_dampen_half': 0.290544520017041, 'gpp_af': 5.137044465589996, 'gpp_b': 4.8092516949323795e-05, 'gpp_d': 167.12396151187298, 'ign_k': 0.05447514244796136, 'ign_c': 49.77719234309264}. Best is trial 0 with value: 0.6103502735484728.
[I 2026-05-22 17:47:08,773] Trial 223 finished with value: 0.4458140649397431 and parameters: {'k1': 0.005865196532975289, 'D_low': 3701.038022131356, 'k2': 0.02403355758221386, 'D_high': 6172.249350354702, 'fire_exp': 0.39759799882722274, 'P_half': 0.1788050158359316, 'pre_dampen_half': 7.6632287506764385, 'gpp_af': 0.13077605831932754, 'gpp_b': 5.4326194128590164e-05, 'gpp_d': 473.66489924095174, 'ign_k': 0.15802714378102015, 'ign_c': 109.01247320176148}. Best is trial 0 with value: 0.6103502735484728.
[I 2026-05-22 17:47:09,211] Trial 224 finished with value: 0.5050573545836485 and parameters: {'k1': 0.08354090541300592, 'D_low': 4.625156134859357, 'k2': 0.0009526185797236355, 'D_high': 95694.69452755529, 'fire_exp': 1.4513804768600576, 'P_half': 747.0598243940428, 'pre_dampen_half': 1.9798516498588854, 'gpp_af': 3.4627499103920694, 'gpp_b': 2.2285881029474406e-06, 'gpp_d': 4.67945320922396, 'ign_k': 2.0286607790803646, 'ign_c': 16.14970253869928}. Best is trial 0 with value: 0.6103502735484728.
[I 2026-05-22 17:47:09,647] Trial 225 finished with value: 0.4628871723822081 and parameters: {'k1': 0.040016630357750764, 'D_low': 44.86377884415592, 'k2': 0.0023459245515627613, 'D_high': 72506.95518431734, 'fire_exp': 1.5960907543511957, 'P_half': 1339.077272834967, 'pre_dampen_half': 0.01031211753314199, 'gpp_af': 3.7459642290857094, 'gpp_b': 0.00018807929525519463, 'gpp_d': 14.996557577738484, 'ign_k': 0.09698223355386888, 'ign_c': 29.06934207369122}. Best is trial 0 with value: 0.6103502735484728.
[I 2026-05-22 17:47:10,085] Trial 226 finished with value: 0.49545705081849145 and parameters: {'k1': 0.003784447702317829, 'D_low': 40.631107048696094, 'k2': 0.0004182056190300174, 'D_high': 570.6045332656012, 'fire_exp': 0.9122657578254184, 'P_half': 151.66259445008964, 'pre_dampen_half': 4.069660167137698, 'gpp_af': 37.07953818598025, 'gpp_b': 1.743895936167863e-05, 'gpp_d': 8.344991893694177, 'ign_k': 2.3024950122900383, 'ign_c': 17.54840351938221}. Best is trial 0 with value: 0.6103502735484728.
[I 2026-05-22 17:47:10,524] Trial 227 finished with value: 0.5903970797805497 and parameters: {'k1': 0.06392496795006221, 'D_low': 11.686692790260336, 'k2': 0.00034281958105022406, 'D_high': 65843.3896633075, 'fire_exp': 0.4512633155324266, 'P_half': 292.0064304252528, 'pre_dampen_half': 0.22210513464088094, 'gpp_af': 0.2767705046103468, 'gpp_b': 0.00011767788946584876, 'gpp_d': 72.77320735468578, 'ign_k': 1.7552644364265757, 'ign_c': 18.121298022967085}. Best is trial 0 with value: 0.6103502735484728.
[I 2026-05-22 17:47:10,963] Trial 228 finished with value: 0.5805397988141119 and parameters: {'k1': 0.001477469901212991, 'D_low': 509.85772543786555, 'k2': 0.02957902719242303, 'D_high': 1103.9668114465007, 'fire_exp': 0.3705155730715004, 'P_half': 0.2697653458637528, 'pre_dampen_half': 5.05316808068772, 'gpp_af': 0.7069680001076506, 'gpp_b': 2.3143481920421424e-06, 'gpp_d': 14.374892777869531, 'ign_k': 6.313422208890162, 'ign_c': 13.253665074494469}. Best is trial 0 with value: 0.6103502735484728.
[I 2026-05-22 17:47:11,400] Trial 229 finished with value: 0.5612384079159926 and parameters: {'k1': 0.07576380362080971, 'D_low': 16.991748679091636, 'k2': 0.0008468760535116965, 'D_high': 28397.955794932324, 'fire_exp': 0.5422186370007055, 'P_half': 59.69370766455406, 'pre_dampen_half': 0.06902476277433531, 'gpp_af': 0.4264480688173202, 'gpp_b': 0.00034649596383134925, 'gpp_d': 4.751109446865524, 'ign_k': 4.991380986227136, 'ign_c': 9.992983774486277}. Best is trial 0 with value: 0.6103502735484728.
[I 2026-05-22 17:47:11,834] Trial 230 finished with value: 0.5575499694252943 and parameters: {'k1': 9.838618759608186e-05, 'D_low': 10.129994187988768, 'k2': 0.04101235256063345, 'D_high': 2395.7938870435287, 'fire_exp': 0.40932276358537795, 'P_half': 0.2584195643342082, 'pre_dampen_half': 3.7717907263018664, 'gpp_af': 0.10961367585764041, 'gpp_b': 0.002308035929563643, 'gpp_d': 0.3079007473527032, 'ign_k': 0.07121350882213798, 'ign_c': 3.2820687628348177}. Best is trial 0 with value: 0.6103502735484728.
[I 2026-05-22 17:47:12,269] Trial 231 finished with value: 0.44672426974334606 and parameters: {'k1': 6.945000807726674e-05, 'D_low': 14.358231670453465, 'k2': 0.003442645500987228, 'D_high': 28331.320401795536, 'fire_exp': 1.0270166001726766, 'P_half': 1.6940795458607696, 'pre_dampen_half': 2.4677789119150892, 'gpp_af': 3.298629367717211, 'gpp_b': 0.000824734003832323, 'gpp_d': 0.22904794548785382, 'ign_k': 0.10089540574098939, 'ign_c': 88.26826722276074}. Best is trial 0 with value: 0.6103502735484728.
[I 2026-05-22 17:47:12,698] Trial 232 finished with value: 0.43777800013241247 and parameters: {'k1': 0.04702092551935196, 'D_low': 22.67333765772432, 'k2': 0.00023461694363842233, 'D_high': 32018.845542632313, 'fire_exp': 0.5205093949186922, 'P_half': 265.95760519879707, 'pre_dampen_half': 4.709377415984615, 'gpp_af': 8.667976222564889, 'gpp_b': 6.258119976831229e-06, 'gpp_d': 8.14401581762767, 'ign_k': 1.4207216769726587, 'ign_c': 38.3381680238062}. Best is trial 0 with value: 0.6103502735484728.
[I 2026-05-22 17:47:13,137] Trial 233 finished with value: 0.5407011532828222 and parameters: {'k1': 1.2359206818969124e-05, 'D_low': 4.102781084006967, 'k2': 0.02491126191624106, 'D_high': 448.90362024243933, 'fire_exp': 0.5233913598164434, 'P_half': 2.58829299151858, 'pre_dampen_half': 19.15761950017642, 'gpp_af': 0.5611215778246303, 'gpp_b': 5.26372663245887e-05, 'gpp_d': 2.167115956740203, 'ign_k': 0.09207290990202846, 'ign_c': 4.787520937464894}. Best is trial 0 with value: 0.6103502735484728.
[I 2026-05-22 17:47:13,566] Trial 234 finished with value: 0.5711324846315674 and parameters: {'k1': 0.023297613540725303, 'D_low': 2.9272277856337423, 'k2': 0.0007373862272340063, 'D_high': 3006.676630023904, 'fire_exp': 0.36649087092498844, 'P_half': 121.63943651490388, 'pre_dampen_half': 0.3005775683795972, 'gpp_af': 0.019051567810072095, 'gpp_b': 0.0023217066394080133, 'gpp_d': 239.20679274296668, 'ign_k': 6.320309614432366, 'ign_c': 9.68264990242188}. Best is trial 0 with value: 0.6103502735484728.
[I 2026-05-22 17:47:13,996] Trial 235 finished with value: 0.5322434238373024 and parameters: {'k1': 0.02953600505767373, 'D_low': 117.52458896772117, 'k2': 0.0001278874278500115, 'D_high': 12566.08340689921, 'fire_exp': 0.49725764593225547, 'P_half': 353.9111826729264, 'pre_dampen_half': 1.8065785633949594, 'gpp_af': 0.08335079487958844, 'gpp_b': 0.09821809708309238, 'gpp_d': 23.59000690817587, 'ign_k': 2.1101493053960776, 'ign_c': 2.1347192448638146}. Best is trial 0 with value: 0.6103502735484728.
[I 2026-05-22 17:47:14,432] Trial 236 finished with value: 0.3994490055432051 and parameters: {'k1': 0.03347968521296662, 'D_low': 6212.299827769915, 'k2': 0.02981169909662033, 'D_high': 352.81191929289713, 'fire_exp': 0.38544230078784186, 'P_half': 0.16438191673441707, 'pre_dampen_half': 12.788081813060277, 'gpp_af': 1.9827309901515262, 'gpp_b': 6.9174594070605e-06, 'gpp_d': 136.3276186060849, 'ign_k': 1.3690891130080094, 'ign_c': 6.2237139266290615}. Best is trial 0 with value: 0.6103502735484728.
[I 2026-05-22 17:47:14,871] Trial 237 finished with value: 0.5326304000131061 and parameters: {'k1': 0.03855841935172403, 'D_low': 122.09665118957318, 'k2': 0.0010268067784987155, 'D_high': 11637.620466817638, 'fire_exp': 0.39469633484052047, 'P_half': 156.5786733466465, 'pre_dampen_half': 19.7176026785051, 'gpp_af': 4.121101846623463, 'gpp_b': 1.1992254735059678e-06, 'gpp_d': 6.034025577898914, 'ign_k': 9.764318358879073, 'ign_c': 9.213760506803359}. Best is trial 0 with value: 0.6103502735484728.
[I 2026-05-22 17:47:15,306] Trial 238 finished with value: 0.47833658467740464 and parameters: {'k1': 0.01000800486720894, 'D_low': 574.7933301602633, 'k2': 0.0009538921722481197, 'D_high': 97212.11483548897, 'fire_exp': 0.5094339071863321, 'P_half': 7704.395289221813, 'pre_dampen_half': 0.05509009444314256, 'gpp_af': 0.22678455235870673, 'gpp_b': 4.596755711267823e-06, 'gpp_d': 6.236176814777259, 'ign_k': 0.06865600013724114, 'ign_c': 12.523532991382098}. Best is trial 0 with value: 0.6103502735484728.
[I 2026-05-22 17:47:15,740] Trial 239 finished with value: 0.4677386552256237 and parameters: {'k1': 0.053278250972463956, 'D_low': 42.98198092131452, 'k2': 0.0016849641349925045, 'D_high': 306.899005060968, 'fire_exp': 0.45123106133419166, 'P_half': 1.9080068102110794, 'pre_dampen_half': 4.929305500026182, 'gpp_af': 1.0554444298622119, 'gpp_b': 1.655441627407509e-05, 'gpp_d': 287.7920422220939, 'ign_k': 0.1653656977893891, 'ign_c': 84.35815755975926}. Best is trial 0 with value: 0.6103502735484728.
[I 2026-05-22 17:47:16,173] Trial 240 finished with value: 0.5287064380994364 and parameters: {'k1': 1.6284360921461936e-05, 'D_low': 7.579018762493071, 'k2': 0.012807712291266638, 'D_high': 9330.557626293341, 'fire_exp': 0.4502281622743269, 'P_half': 0.21750301033179806, 'pre_dampen_half': 0.37463122586724856, 'gpp_af': 4.033704356233437, 'gpp_b': 8.153345430794362e-05, 'gpp_d': 12.643635335051963, 'ign_k': 0.0032570071737803193, 'ign_c': 132.9976794301069}. Best is trial 0 with value: 0.6103502735484728.
[I 2026-05-22 17:47:16,615] Trial 241 finished with value: 0.5438671284275531 and parameters: {'k1': 0.00208815418454058, 'D_low': 183.93145694112062, 'k2': 0.013799586889227111, 'D_high': 299.55845110172066, 'fire_exp': 0.4530082409653855, 'P_half': 0.4875863141586029, 'pre_dampen_half': 2.005240624473364, 'gpp_af': 0.22880238503835695, 'gpp_b': 2.004436219113741e-05, 'gpp_d': 12.00477927193719, 'ign_k': 3.046659386596381, 'ign_c': 10.039673012851116}. Best is trial 0 with value: 0.6103502735484728.
[I 2026-05-22 17:47:17,056] Trial 242 finished with value: 0.3994490055432051 and parameters: {'k1': 0.00044422474035115094, 'D_low': 5.5155754568044495, 'k2': 0.07702286047351206, 'D_high': 4089.377180261686, 'fire_exp': 0.3732340007712665, 'P_half': 0.547628417657905, 'pre_dampen_half': 0.14089699425931113, 'gpp_af': 0.2677846063349071, 'gpp_b': 0.0001746407113615328, 'gpp_d': 0.6950612588721122, 'ign_k': 0.682206685576371, 'ign_c': 295.3005268089911}. Best is trial 0 with value: 0.6103502735484728.
[I 2026-05-22 17:47:17,495] Trial 243 finished with value: 0.3994490055432051 and parameters: {'k1': 0.024178695882519426, 'D_low': 1.5955755915523844, 'k2': 0.000768889636143905, 'D_high': 42014.87975065749, 'fire_exp': 0.5250865908427721, 'P_half': 3451.5882423241483, 'pre_dampen_half': 0.07560604180156989, 'gpp_af': 0.04632706587077306, 'gpp_b': 1.652403885252046e-05, 'gpp_d': 133.4238961888996, 'ign_k': 1.6404835170923002, 'ign_c': 195.7633146570674}. Best is trial 0 with value: 0.6103502735484728.
[I 2026-05-22 17:47:17,933] Trial 244 finished with value: 0.5288977711239065 and parameters: {'k1': 0.03202313976814423, 'D_low': 1.3328228439331145, 'k2': 8.98232589681512e-05, 'D_high': 3176.2054768631374, 'fire_exp': 0.5263914669485861, 'P_half': 49.27733847275837, 'pre_dampen_half': 4.001382293317296, 'gpp_af': 0.024300525995615108, 'gpp_b': 0.00022997118048139799, 'gpp_d': 3.7369513501210045, 'ign_k': 0.16869990387102582, 'ign_c': 37.1411861350444}. Best is trial 0 with value: 0.6103502735484728.
[I 2026-05-22 17:47:18,393] Trial 245 finished with value: 0.5897650293776161 and parameters: {'k1': 0.060267450134341975, 'D_low': 10.639743073335358, 'k2': 0.00020513986337896534, 'D_high': 16570.059005082046, 'fire_exp': 0.40834410685615047, 'P_half': 48.50265811810649, 'pre_dampen_half': 1.1582451187278024, 'gpp_af': 0.46048140607239085, 'gpp_b': 0.005762097251770815, 'gpp_d': 1.5275938505827096, 'ign_k': 0.46007276294310484, 'ign_c': 15.519749963707751}. Best is trial 0 with value: 0.6103502735484728.
[I 2026-05-22 17:47:18,846] Trial 246 finished with value: 0.5253908042557524 and parameters: {'k1': 6.421964383645448e-05, 'D_low': 137.98504601676188, 'k2': 0.07977001849362778, 'D_high': 418.4307980236644, 'fire_exp': 0.6430983016767915, 'P_half': 0.18179551299698632, 'pre_dampen_half': 4.083924778804404, 'gpp_af': 8.694173995388507, 'gpp_b': 7.502211398959255e-05, 'gpp_d': 183.38961543361694, 'ign_k': 0.11318101942052021, 'ign_c': 10.014148227238627}. Best is trial 0 with value: 0.6103502735484728.
[I 2026-05-22 17:47:19,274] Trial 247 finished with value: 0.48296575901176786 and parameters: {'k1': 0.0016936884965067305, 'D_low': 47.19128719916791, 'k2': 0.0076850625310464545, 'D_high': 110.75152454950097, 'fire_exp': 0.49163421591796636, 'P_half': 0.24339302530565546, 'pre_dampen_half': 52.097369978145984, 'gpp_af': 0.0025892729994613354, 'gpp_b': 0.0018964641333959176, 'gpp_d': 792.2928844101456, 'ign_k': 0.05387880796666714, 'ign_c': 53.01396790336856}. Best is trial 0 with value: 0.6103502735484728.
[I 2026-05-22 17:47:19,701] Trial 248 finished with value: 0.548668938217242 and parameters: {'k1': 0.08276501863597878, 'D_low': 136.80266777050286, 'k2': 0.00040619834364755554, 'D_high': 29723.363330703352, 'fire_exp': 0.6804982724522403, 'P_half': 7.139448309408053, 'pre_dampen_half': 1.0488153049931406, 'gpp_af': 1.1777419116547885, 'gpp_b': 0.04629573345706975, 'gpp_d': 16.21658506626302, 'ign_k': 0.01329038276264304, 'ign_c': 6.6158796638621595}. Best is trial 0 with value: 0.6103502735484728.
[I 2026-05-22 17:47:20,137] Trial 249 finished with value: 0.3994490055432051 and parameters: {'k1': 0.0005894091684904161, 'D_low': 355.80683159326077, 'k2': 0.018812805500599602, 'D_high': 257.09399582882185, 'fire_exp': 0.7238961909067584, 'P_half': 0.3402703298378972, 'pre_dampen_half': 566.6291073141829, 'gpp_af': 0.13995592224801245, 'gpp_b': 1.015384290730177e-06, 'gpp_d': 10.177126832580385, 'ign_k': 5.040241615834807, 'ign_c': 39.31164271470572}. Best is trial 0 with value: 0.6103502735484728.
[I 2026-05-22 17:47:20,574] Trial 250 finished with value: 0.5431892403820401 and parameters: {'k1': 0.022536214610905377, 'D_low': 1.9650236548006206, 'k2': 0.0007635016655600598, 'D_high': 12357.652175951214, 'fire_exp': 0.3780501170929673, 'P_half': 5723.853589815508, 'pre_dampen_half': 41.52618516854491, 'gpp_af': 0.047910642429608026, 'gpp_b': 2.1689796102138676e-06, 'gpp_d': 21.581268463980898, 'ign_k': 1.2383534074354257, 'ign_c': 28.614008621593477}. Best is trial 0 with value: 0.6103502735484728.
[I 2026-05-22 17:47:21,011] Trial 251 finished with value: 0.5430356430347251 and parameters: {'k1': 1.5874401725996457e-05, 'D_low': 121.19517034378197, 'k2': 0.048147186111566834, 'D_high': 1235.1821837289215, 'fire_exp': 0.4673574700305115, 'P_half': 0.5052256760108867, 'pre_dampen_half': 13.458708119715975, 'gpp_af': 4.491288218511012, 'gpp_b': 0.0027163846902972084, 'gpp_d': 1.0450543123539415, 'ign_k': 9.858517337722484, 'ign_c': 2.7506523859007723}. Best is trial 0 with value: 0.6103502735484728.
[I 2026-05-22 17:47:21,448] Trial 252 finished with value: 0.5241982964301556 and parameters: {'k1': 2.011143761398665e-05, 'D_low': 127.36019262331936, 'k2': 0.02873035658199416, 'D_high': 1343.5903916011835, 'fire_exp': 0.38773414308673926, 'P_half': 7.192808212529991, 'pre_dampen_half': 0.5200160023332918, 'gpp_af': 32.34489447450215, 'gpp_b': 4.6214787687207684e-05, 'gpp_d': 5.290112057473669, 'ign_k': 0.1916801721919669, 'ign_c': 16.705128970975423}. Best is trial 0 with value: 0.6103502735484728.
[I 2026-05-22 17:47:21,881] Trial 253 finished with value: 0.3994490055432051 and parameters: {'k1': 0.000575255898900446, 'D_low': 824.3223179219747, 'k2': 0.010896290027127728, 'D_high': 969.5105006949816, 'fire_exp': 0.761161586225501, 'P_half': 0.2747441139529239, 'pre_dampen_half': 1.714865145414037, 'gpp_af': 0.16382277462237915, 'gpp_b': 1.0296909142455412e-06, 'gpp_d': 5.858926724956516, 'ign_k': 3.7841091154975977, 'ign_c': 53.64473657996339}. Best is trial 0 with value: 0.6103502735484728.
[I 2026-05-22 17:47:22,311] Trial 254 finished with value: 0.5116014373639215 and parameters: {'k1': 1.7517771721577072e-05, 'D_low': 1.654646817006068, 'k2': 0.07668471114780462, 'D_high': 76643.2358602863, 'fire_exp': 0.7177103140628456, 'P_half': 11.000286685647888, 'pre_dampen_half': 6.624556999138944, 'gpp_af': 11.927684715507374, 'gpp_b': 6.035229096721391e-06, 'gpp_d': 254.19521229579112, 'ign_k': 0.15644097482884342, 'ign_c': 38.0311714811863}. Best is trial 0 with value: 0.6103502735484728.
[I 2026-05-22 17:47:22,741] Trial 255 finished with value: 0.5611016813777255 and parameters: {'k1': 0.020515357969211098, 'D_low': 4.767683149579299, 'k2': 0.0007815631110660175, 'D_high': 12789.133612515576, 'fire_exp': 0.44660446878055454, 'P_half': 4.621547632694672, 'pre_dampen_half': 1.6445375325559768, 'gpp_af': 0.3712714584659177, 'gpp_b': 0.00112793741999503, 'gpp_d': 0.09108700926754389, 'ign_k': 0.18642264561143934, 'ign_c': 12.443949719076024}. Best is trial 0 with value: 0.6103502735484728.
