[I 2026-05-22 17:51:06,879] Trial 162 finished with value: 0.5831954731406093 and parameters: {'P_amp': 0.019770066523936702, 'P_wet': 793.9056062603521, 'P_pow': 2.814819994693213, 'rate_power': 0.7414292570937342}. Best is trial 107 with value: 0.6083231421626458.
[I 2026-05-22 17:51:07,175] Trial 163 finished with value: 0.6065384906316236 and parameters: {'P_amp': 0.8924662496771236, 'P_wet': 2003.2991516848192, 'P_pow': 4.790366381841779, 'rate_power': 1.2127314525511563}. Best is trial 107 with value: 0.6083231421626458.
[I 2026-05-22 17:51:07,464] Trial 164 finished with value: 0.6078385507929049 and parameters: {'P_amp': 0.8946395463341882, 'P_wet': 2905.8543722282934, 'P_pow': 4.689742248745518, 'rate_power': 1.213139868708522}. Best is trial 107 with value: 0.6083231421626458.
[I 2026-05-22 17:51:07,752] Trial 165 finished with value: 0.6033286318572937 and parameters: {'P_amp': 0.8582037071830844, 'P_wet': 1661.4477980644372, 'P_pow': 5.726905300848075, 'rate_power': 1.2965723458821483}. Best is trial 107 with value: 0.6083231421626458.
[I 2026-05-22 17:51:08,041] Trial 166 finished with value: 0.5198677137033703 and parameters: {'P_amp': 0.7244808335625939, 'P_wet': 393.76067396180673, 'P_pow': 3.511502821924603, 'rate_power': 1.287191742038627}. Best is trial 107 with value: 0.6083231421626458.
[I 2026-05-22 17:51:08,329] Trial 167 finished with value: 0.608165397776986 and parameters: {'P_amp': 0.8445676123245927, 'P_wet': 2763.1643656281867, 'P_pow': 5.995817616266717, 'rate_power': 1.2551446314856105}. Best is trial 107 with value: 0.6083231421626458.
[I 2026-05-22 17:51:08,617] Trial 168 finished with value: 0.6077707445708207 and parameters: {'P_amp': 0.8986023304136007, 'P_wet': 3353.506206606701, 'P_pow': 5.399378030921587, 'rate_power': 1.215371411054107}. Best is trial 107 with value: 0.6083231421626458.
[I 2026-05-22 17:51:08,904] Trial 169 finished with value: 0.6079050447060655 and parameters: {'P_amp': 0.8397176846326738, 'P_wet': 3160.3378424934203, 'P_pow': 5.903770355321284, 'rate_power': 1.2777417481771576}. Best is trial 107 with value: 0.6083231421626458.
[I 2026-05-22 17:51:09,196] Trial 170 finished with value: 0.5902287095904789 and parameters: {'P_amp': 0.68634745318023, 'P_wet': 5537.0563787914925, 'P_pow': 3.3739562141305206, 'rate_power': 0.8110210083019957}. Best is trial 107 with value: 0.6083231421626458.
[I 2026-05-22 17:51:09,484] Trial 171 finished with value: 0.6079427670235699 and parameters: {'P_amp': 0.7141934450292924, 'P_wet': 2075.3456548268337, 'P_pow': 5.96450292432918, 'rate_power': 1.2018914485293415}. Best is trial 107 with value: 0.6083231421626458.
[I 2026-05-22 17:51:09,773] Trial 172 finished with value: 0.6060378826046265 and parameters: {'P_amp': 0.7150016210622311, 'P_wet': 4545.308445558606, 'P_pow': 5.992011717397666, 'rate_power': 1.1125069986083047}. Best is trial 107 with value: 0.6083231421626458.
[I 2026-05-22 17:51:10,062] Trial 173 finished with value: 0.6071277990529241 and parameters: {'P_amp': 0.8200538184716216, 'P_wet': 1888.942077566513, 'P_pow': 5.839693666433099, 'rate_power': 1.224565345599777}. Best is trial 107 with value: 0.6083231421626458.
[I 2026-05-22 17:51:10,350] Trial 174 finished with value: 0.60773946569966 and parameters: {'P_amp': 0.8732232570253919, 'P_wet': 2115.543630183754, 'P_pow': 5.976005525744147, 'rate_power': 1.2863621003030654}. Best is trial 107 with value: 0.6083231421626458.
[I 2026-05-22 17:51:10,643] Trial 175 finished with value: 0.5988202978800123 and parameters: {'P_amp': 0.8986511548201921, 'P_wet': 3748.5009956817653, 'P_pow': 1.363588055570448, 'rate_power': 0.8993759452385723}. Best is trial 107 with value: 0.6083231421626458.
[I 2026-05-22 17:51:10,929] Trial 176 finished with value: 0.608058408600117 and parameters: {'P_amp': 0.8659058624248874, 'P_wet': 2964.926498059495, 'P_pow': 5.9416404640527585, 'rate_power': 1.255825092690898}. Best is trial 107 with value: 0.6083231421626458.
[I 2026-05-22 17:51:11,218] Trial 177 finished with value: 0.607930344313104 and parameters: {'P_amp': 0.7711960929247976, 'P_wet': 2097.8196016692045, 'P_pow': 5.903922067311474, 'rate_power': 1.192258483119922}. Best is trial 107 with value: 0.6083231421626458.
[I 2026-05-22 17:51:11,506] Trial 178 finished with value: 0.6068010726539185 and parameters: {'P_amp': 0.8862440408977419, 'P_wet': 3810.1808309485004, 'P_pow': 5.2914379822872135, 'rate_power': 1.1439725516679289}. Best is trial 107 with value: 0.6083231421626458.
[I 2026-05-22 17:51:11,795] Trial 179 finished with value: 0.6081776641316927 and parameters: {'P_amp': 0.776228358086223, 'P_wet': 2509.0667337610694, 'P_pow': 5.956171920176133, 'rate_power': 1.2629945344762425}. Best is trial 107 with value: 0.6083231421626458.
[I 2026-05-22 17:51:12,087] Trial 180 finished with value: 0.5922573246906604 and parameters: {'P_amp': 0.44455672037077093, 'P_wet': 329.8291343323938, 'P_pow': 2.0433231552017768, 'rate_power': 0.9594605901846148}. Best is trial 107 with value: 0.6083231421626458.
[I 2026-05-22 17:51:12,383] Trial 181 finished with value: 0.6012146984877591 and parameters: {'P_amp': 0.6550666112752721, 'P_wet': 1956.524336975673, 'P_pow': 2.2266716529959103, 'rate_power': 1.2359300710463559}. Best is trial 107 with value: 0.6083231421626458.
[I 2026-05-22 17:51:12,679] Trial 182 finished with value: 0.6034580051051378 and parameters: {'P_amp': 0.6922512183578471, 'P_wet': 1602.3462801064086, 'P_pow': 5.697615061748818, 'rate_power': 1.294585335986523}. Best is trial 107 with value: 0.6083231421626458.
[I 2026-05-22 17:51:12,968] Trial 183 finished with value: 0.6075412464709297 and parameters: {'P_amp': 0.7655925928356346, 'P_wet': 2298.7066653124193, 'P_pow': 5.020259318045236, 'rate_power': 1.1740134358026308}. Best is trial 107 with value: 0.6083231421626458.
[I 2026-05-22 17:51:13,257] Trial 184 finished with value: 0.6077073009172476 and parameters: {'P_amp': 0.7410640264360178, 'P_wet': 3146.8709303357928, 'P_pow': 5.97443189221524, 'rate_power': 1.206620242022321}. Best is trial 107 with value: 0.6083231421626458.
[I 2026-05-22 17:51:13,546] Trial 185 finished with value: 0.6079202756625206 and parameters: {'P_amp': 0.861627637092863, 'P_wet': 3079.3159958733163, 'P_pow': 5.981691246443763, 'rate_power': 1.2162473272139183}. Best is trial 107 with value: 0.6083231421626458.
[I 2026-05-22 17:51:13,836] Trial 186 finished with value: 0.5830662779045794 and parameters: {'P_amp': 0.8938959868849327, 'P_wet': 1204.1294588397222, 'P_pow': 4.876634583951545, 'rate_power': 1.2938122708786388}. Best is trial 107 with value: 0.6083231421626458.
[I 2026-05-22 17:51:14,128] Trial 187 finished with value: 0.6008431116050633 and parameters: {'P_amp': 0.7457724544181272, 'P_wet': 5696.983619966571, 'P_pow': 0.7316583513131589, 'rate_power': 1.189120492184243}. Best is trial 107 with value: 0.6083231421626458.
[I 2026-05-22 17:51:14,417] Trial 188 finished with value: 0.6081053141214563 and parameters: {'P_amp': 0.879137938785614, 'P_wet': 2689.177837169783, 'P_pow': 5.912212577236404, 'rate_power': 1.2895206809928759}. Best is trial 107 with value: 0.6083231421626458.
[I 2026-05-22 17:51:14,707] Trial 189 finished with value: 0.6082190780551534 and parameters: {'P_amp': 0.883117437401159, 'P_wet': 2674.5567229082594, 'P_pow': 5.871635844456411, 'rate_power': 1.2545141216197293}. Best is trial 107 with value: 0.6083231421626458.
[I 2026-05-22 17:51:14,996] Trial 190 finished with value: 0.6075919693032169 and parameters: {'P_amp': 0.7439187288445008, 'P_wet': 3833.8702407278756, 'P_pow': 5.450590073543483, 'rate_power': 1.2899080479456213}. Best is trial 107 with value: 0.6083231421626458.
[I 2026-05-22 17:51:15,284] Trial 191 finished with value: 0.6075643888187131 and parameters: {'P_amp': 0.8998812137143442, 'P_wet': 4142.8778168405, 'P_pow': 5.839766022000003, 'rate_power': 1.298395540839639}. Best is trial 107 with value: 0.6083231421626458.
[I 2026-05-22 17:51:15,573] Trial 192 finished with value: 0.603929570625666 and parameters: {'P_amp': 0.3661373517322146, 'P_wet': 1484.8561270184564, 'P_pow': 3.969572745580494, 'rate_power': 1.1019252975347789}. Best is trial 107 with value: 0.6083231421626458.
[I 2026-05-22 17:51:15,863] Trial 193 finished with value: 0.6081442522276383 and parameters: {'P_amp': 0.8852504726770491, 'P_wet': 2817.9998735133818, 'P_pow': 5.895153026115545, 'rate_power': 1.2629885149374798}. Best is trial 107 with value: 0.6083231421626458.
[I 2026-05-22 17:51:16,160] Trial 194 finished with value: 0.6072547000640152 and parameters: {'P_amp': 0.7464507466910878, 'P_wet': 2488.773508816844, 'P_pow': 4.466594201692268, 'rate_power': 1.2911202996450863}. Best is trial 107 with value: 0.6083231421626458.
[I 2026-05-22 17:51:16,448] Trial 195 finished with value: 0.6081159550100907 and parameters: {'P_amp': 0.8881386038404353, 'P_wet': 2354.989958231035, 'P_pow': 5.77615421835347, 'rate_power': 1.1861294076747535}. Best is trial 107 with value: 0.6083231421626458.
[I 2026-05-22 17:51:16,736] Trial 196 finished with value: 0.6077842175374268 and parameters: {'P_amp': 0.8966111296525002, 'P_wet': 2138.6923907009027, 'P_pow': 5.9814134111946835, 'rate_power': 1.2919963699099808}. Best is trial 107 with value: 0.6083231421626458.
[I 2026-05-22 17:51:17,025] Trial 197 finished with value: 0.5740269614571114 and parameters: {'P_amp': 0.5394406698788504, 'P_wet': 327.281814777189, 'P_pow': 1.3976173684812447, 'rate_power': 1.169232793291299}. Best is trial 107 with value: 0.6083231421626458.
[I 2026-05-22 17:51:17,314] Trial 198 finished with value: 0.6067878488728407 and parameters: {'P_amp': 0.8952707473332515, 'P_wet': 2314.3537367864515, 'P_pow': 4.634158655322383, 'rate_power': 1.106909882832226}. Best is trial 107 with value: 0.6083231421626458.
[I 2026-05-22 17:51:17,603] Trial 199 finished with value: 0.6074659898006313 and parameters: {'P_amp': 0.8922759256644774, 'P_wet': 2872.6845756047665, 'P_pow': 5.542833977325481, 'rate_power': 1.1550819011693698}. Best is trial 107 with value: 0.6083231421626458.
[I 2026-05-22 17:51:17,890] Trial 200 finished with value: 0.6079052513473014 and parameters: {'P_amp': 0.8868511563440448, 'P_wet': 3135.666163526805, 'P_pow': 5.9750069347179, 'rate_power': 1.2892917107886523}. Best is trial 107 with value: 0.6083231421626458.
[I 2026-05-22 17:51:18,184] Trial 201 finished with value: 0.6077681832232491 and parameters: {'P_amp': 0.8803106409520909, 'P_wet': 3247.692072067946, 'P_pow': 5.91152429928339, 'rate_power': 1.210987039791561}. Best is trial 107 with value: 0.6083231421626458.
[I 2026-05-22 17:51:18,477] Trial 202 finished with value: 0.6055154340197468 and parameters: {'P_amp': 0.05743070563618352, 'P_wet': 596.1925821439328, 'P_pow': 4.7089083955310125, 'rate_power': 1.2511774296664684}. Best is trial 107 with value: 0.6083231421626458.
[I 2026-05-22 17:51:18,767] Trial 203 finished with value: 0.6077496095090513 and parameters: {'P_amp': 0.8912262159086942, 'P_wet': 2627.478581499943, 'P_pow': 4.731864012613941, 'rate_power': 1.263664084995482}. Best is trial 107 with value: 0.6083231421626458.
[I 2026-05-22 17:51:19,056] Trial 204 finished with value: 0.6080240745592667 and parameters: {'P_amp': 0.8828089748622436, 'P_wet': 2881.1986644330077, 'P_pow': 5.975089259079466, 'rate_power': 1.286171267813854}. Best is trial 107 with value: 0.6083231421626458.
[I 2026-05-22 17:51:19,344] Trial 205 finished with value: 0.6077525138608106 and parameters: {'P_amp': 0.8736413607346544, 'P_wet': 2027.5189632509287, 'P_pow': 5.876766475766358, 'rate_power': 1.1799961512701058}. Best is trial 107 with value: 0.6083231421626458.
[I 2026-05-22 17:51:19,633] Trial 206 finished with value: 0.6081501561194106 and parameters: {'P_amp': 0.8277294423066338, 'P_wet': 2218.3565348227976, 'P_pow': 5.994196296028649, 'rate_power': 1.1912570130199347}. Best is trial 107 with value: 0.6083231421626458.
[I 2026-05-22 17:51:19,922] Trial 207 finished with value: 0.6067637166092695 and parameters: {'P_amp': 0.8894194070247964, 'P_wet': 5286.074311388901, 'P_pow': 5.903146441249086, 'rate_power': 1.1632530310320068}. Best is trial 107 with value: 0.6083231421626458.
[I 2026-05-22 17:51:20,209] Trial 208 finished with value: 0.6076969329123573 and parameters: {'P_amp': 0.8843443864328084, 'P_wet': 2154.1142729308895, 'P_pow': 5.648189658041625, 'rate_power': 1.146329217896523}. Best is trial 107 with value: 0.6083231421626458.
[I 2026-05-22 17:51:20,498] Trial 209 finished with value: 0.5939016873291159 and parameters: {'P_amp': 0.131286180536489, 'P_wet': 4396.058268322912, 'P_pow': 1.6202709916424685, 'rate_power': 0.8520362071334108}. Best is trial 107 with value: 0.6083231421626458.
[I 2026-05-22 17:51:20,805] Trial 210 finished with value: 0.6076439221605302 and parameters: {'P_amp': 0.7799322286771337, 'P_wet': 2344.6625558962187, 'P_pow': 5.106233895999737, 'rate_power': 1.1777931852500778}. Best is trial 107 with value: 0.6083231421626458.
[I 2026-05-22 17:51:21,101] Trial 211 finished with value: 0.6079808909915331 and parameters: {'P_amp': 0.7209537905303649, 'P_wet': 2205.989551124043, 'P_pow': 5.70921417248883, 'rate_power': 1.2333625466038802}. Best is trial 107 with value: 0.6083231421626458.
[I 2026-05-22 17:51:21,398] Trial 212 finished with value: 0.6077307479059609 and parameters: {'P_amp': 0.7523774412748993, 'P_wet': 2380.6703745752466, 'P_pow': 5.281923516020453, 'rate_power': 1.288726568942523}. Best is trial 107 with value: 0.6083231421626458.
[I 2026-05-22 17:51:21,695] Trial 213 finished with value: 0.607469054029371 and parameters: {'P_amp': 0.8721451207899655, 'P_wet': 1936.346149839283, 'P_pow': 5.963400252086406, 'rate_power': 1.1648161963348094}. Best is trial 107 with value: 0.6083231421626458.
[I 2026-05-22 17:51:21,992] Trial 214 finished with value: 0.6079145420172808 and parameters: {'P_amp': 0.8998542543863806, 'P_wet': 2771.013102596969, 'P_pow': 4.8299343291664405, 'rate_power': 1.2179643955484176}. Best is trial 107 with value: 0.6083231421626458.
[I 2026-05-22 17:51:22,288] Trial 215 finished with value: 0.6079391030299237 and parameters: {'P_amp': 0.7831333076851131, 'P_wet': 2066.3200694151274, 'P_pow': 5.937960788043355, 'rate_power': 1.2296349528452095}. Best is trial 107 with value: 0.6083231421626458.
[I 2026-05-22 17:51:22,582] Trial 216 finished with value: 0.6025194615547882 and parameters: {'P_amp': 0.20229752693469638, 'P_wet': 1214.9554253825552, 'P_pow': 5.468987645023594, 'rate_power': 1.018245562264557}. Best is trial 107 with value: 0.6083231421626458.
[I 2026-05-22 17:51:22,879] Trial 217 finished with value: 0.598936770438964 and parameters: {'P_amp': 0.7878239464385264, 'P_wet': 1967.0512536575284, 'P_pow': 5.916852226417241, 'rate_power': 0.8777249964095235}. Best is trial 107 with value: 0.6083231421626458.
[I 2026-05-22 17:51:23,166] Trial 218 finished with value: 0.607009989378089 and parameters: {'P_amp': 0.8956886078026405, 'P_wet': 1986.9984833513279, 'P_pow': 5.452115842302059, 'rate_power': 1.2520134131708618}. Best is trial 107 with value: 0.6083231421626458.
[I 2026-05-22 17:51:23,455] Trial 219 finished with value: 0.6076935468611816 and parameters: {'P_amp': 0.8853998559668621, 'P_wet': 3026.0424556650983, 'P_pow': 5.802181487657438, 'rate_power': 1.1841973536984267}. Best is trial 107 with value: 0.6083231421626458.
[I 2026-05-22 17:51:23,748] Trial 220 finished with value: 0.6074930743373806 and parameters: {'P_amp': 0.8927413704443972, 'P_wet': 1958.8513921249307, 'P_pow': 5.753729781274343, 'rate_power': 1.1993531782547102}. Best is trial 107 with value: 0.6083231421626458.
[I 2026-05-22 17:51:24,044] Trial 221 finished with value: 0.6077234808581842 and parameters: {'P_amp': 0.7676146061222856, 'P_wet': 3135.9765076688304, 'P_pow': 5.157497028462309, 'rate_power': 1.2957258913467493}. Best is trial 107 with value: 0.6083231421626458.
[I 2026-05-22 17:51:24,340] Trial 222 finished with value: 0.6077808400539366 and parameters: {'P_amp': 0.826825840254377, 'P_wet': 2656.3783797656074, 'P_pow': 5.919266105457677, 'rate_power': 1.1678495172453331}. Best is trial 107 with value: 0.6083231421626458.
[I 2026-05-22 17:51:24,637] Trial 223 finished with value: 0.6081425386815773 and parameters: {'P_amp': 0.7781252890981447, 'P_wet': 2316.544603885482, 'P_pow': 5.9332170378919065, 'rate_power': 1.2697705030491306}. Best is trial 107 with value: 0.6083231421626458.
[I 2026-05-22 17:51:24,933] Trial 224 finished with value: 0.6055750007489542 and parameters: {'P_amp': 0.787378244455635, 'P_wet': 1887.0196342563372, 'P_pow': 5.111759945345609, 'rate_power': 1.298048905532604}. Best is trial 107 with value: 0.6083231421626458.
[I 2026-05-22 17:51:25,229] Trial 225 finished with value: 0.6077872514091258 and parameters: {'P_amp': 0.7491772828376886, 'P_wet': 3151.2240213475234, 'P_pow': 5.791170084001456, 'rate_power': 1.2848036129053084}. Best is trial 107 with value: 0.6083231421626458.
[I 2026-05-22 17:51:25,525] Trial 226 finished with value: 0.6080242886711407 and parameters: {'P_amp': 0.7381652083371846, 'P_wet': 2644.5741754417354, 'P_pow': 5.7746309484325575, 'rate_power': 1.2789888944660535}. Best is trial 107 with value: 0.6083231421626458.
[I 2026-05-22 17:51:25,822] Trial 227 finished with value: 0.6079162418095367 and parameters: {'P_amp': 0.8784655459772758, 'P_wet': 3232.217031289683, 'P_pow': 5.781647225548237, 'rate_power': 1.2525851995927166}. Best is trial 107 with value: 0.6083231421626458.
[I 2026-05-22 17:51:26,119] Trial 228 finished with value: 0.6061815837966169 and parameters: {'P_amp': 0.690450098325595, 'P_wet': 1798.136444425282, 'P_pow': 5.833963104007223, 'rate_power': 1.280140987543123}. Best is trial 107 with value: 0.6083231421626458.
[I 2026-05-22 17:51:26,414] Trial 229 finished with value: 0.6079516823412154 and parameters: {'P_amp': 0.8814097888186991, 'P_wet': 2206.784396364769, 'P_pow': 5.664729517107789, 'rate_power': 1.255429648754075}. Best is trial 107 with value: 0.6083231421626458.
[I 2026-05-22 17:51:26,710] Trial 230 finished with value: 0.6063180264620487 and parameters: {'P_amp': 0.8594193231983916, 'P_wet': 1848.9016108604058, 'P_pow': 5.831475244729191, 'rate_power': 1.2698386128036052}. Best is trial 107 with value: 0.6083231421626458.
[I 2026-05-22 17:51:27,007] Trial 231 finished with value: 0.6077551899499669 and parameters: {'P_amp': 0.8356792253236692, 'P_wet': 2064.7248638936608, 'P_pow': 5.912060277094801, 'rate_power': 1.2547325441591834}. Best is trial 107 with value: 0.6083231421626458.
[I 2026-05-22 17:51:27,303] Trial 232 finished with value: 0.6047317842288878 and parameters: {'P_amp': 0.0063171064627634554, 'P_wet': 5820.305482016169, 'P_pow': 2.0325544007497416, 'rate_power': 1.0613916592982997}. Best is trial 107 with value: 0.6083231421626458.
[I 2026-05-22 17:51:27,600] Trial 233 finished with value: 0.6039654681648428 and parameters: {'P_amp': 0.8920065598835506, 'P_wet': 1732.885363570139, 'P_pow': 5.360845160816072, 'rate_power': 1.280707624787052}. Best is trial 107 with value: 0.6083231421626458.
[I 2026-05-22 17:51:27,897] Trial 234 finished with value: 0.6081285529682559 and parameters: {'P_amp': 0.8909292859254536, 'P_wet': 2788.7968201172002, 'P_pow': 5.887871313746451, 'rate_power': 1.2783416724754222}. Best is trial 107 with value: 0.6083231421626458.
[I 2026-05-22 17:51:28,193] Trial 235 finished with value: 0.6080228022645833 and parameters: {'P_amp': 0.8807621781119537, 'P_wet': 2488.9970013858037, 'P_pow': 5.854027644018822, 'rate_power': 1.1771676837882477}. Best is trial 107 with value: 0.6083231421626458.
[I 2026-05-22 17:51:28,489] Trial 236 finished with value: 0.6078713992464819 and parameters: {'P_amp': 0.8863143616648882, 'P_wet': 3105.1814670053373, 'P_pow': 5.126113191433692, 'rate_power': 1.2777121445427262}. Best is trial 107 with value: 0.6083231421626458.
[I 2026-05-22 17:51:28,786] Trial 237 finished with value: 0.6080698175990732 and parameters: {'P_amp': 0.8751945107971708, 'P_wet': 2709.644540930006, 'P_pow': 5.92973208526679, 'rate_power': 1.2948038616212036}. Best is trial 107 with value: 0.6083231421626458.
[I 2026-05-22 17:51:29,084] Trial 238 finished with value: 0.607286883721143 and parameters: {'P_amp': 0.7781028239563695, 'P_wet': 4016.996604329432, 'P_pow': 4.912550871253926, 'rate_power': 1.192736974780353}. Best is trial 107 with value: 0.6083231421626458.
[I 2026-05-22 17:51:29,379] Trial 239 finished with value: 0.6074265509604617 and parameters: {'P_amp': 0.7278473414395255, 'P_wet': 4871.377505128963, 'P_pow': 5.683559929280876, 'rate_power': 1.2186483967853505}. Best is trial 107 with value: 0.6083231421626458.
[I 2026-05-22 17:51:29,668] Trial 240 finished with value: 0.6079387194984154 and parameters: {'P_amp': 0.7486549277980736, 'P_wet': 2164.2787197320695, 'P_pow': 5.962465746584648, 'rate_power': 1.2788017512500702}. Best is trial 107 with value: 0.6083231421626458.
[I 2026-05-22 17:51:29,957] Trial 241 finished with value: 0.6076482161485489 and parameters: {'P_amp': 0.7206013298331972, 'P_wet': 3614.511327994991, 'P_pow': 5.984612703059055, 'rate_power': 1.2977064035338624}. Best is trial 107 with value: 0.6083231421626458.
[I 2026-05-22 17:51:30,254] Trial 242 finished with value: 0.6068475691980916 and parameters: {'P_amp': 0.8825336255534739, 'P_wet': 1923.3363715473993, 'P_pow': 5.632263672561615, 'rate_power': 1.2492991917182619}. Best is trial 107 with value: 0.6083231421626458.
[I 2026-05-22 17:51:30,551] Trial 243 finished with value: 0.6079334688816989 and parameters: {'P_amp': 0.8850239032565632, 'P_wet': 2929.5647761367622, 'P_pow': 5.77704934170333, 'rate_power': 1.2038393628714303}. Best is trial 107 with value: 0.6083231421626458.
