[I 2026-05-22 17:39:43,889] Trial 323 finished with value: 0.5901849537459475 and parameters: {'k1': 0.06922926147407188, 'D_low': 42.064946624620646, 'k2': 0.008852663241210881, 'D_high': 3039.8453046459817, 'fire_exp': 0.5345672221513462, 'P_half': 1.1238324344965578, 'pre_dampen_half': 48.35359711995369, 'gpp_af': 0.0037049535307338718, 'gpp_b': 0.00025240794033290254, 'gpp_d': 22.34818645895104, 'ign_k': 0.6529477217965409, 'ign_c': 3.8157661551687347, 'ign_k2': 1.5781497331746468, 'ign_c2': 0.3987591829989746, 'rain_shift': 7.966344346561997}. Best is trial 311 with value: 0.5960775436770843.
[I 2026-05-22 17:39:44,431] Trial 324 finished with value: 0.5339519983703892 and parameters: {'k1': 0.07624804895398667, 'D_low': 19.854712544498675, 'k2': 0.018607674249330294, 'D_high': 1949.9365435916743, 'fire_exp': 0.5567515441175078, 'P_half': 1.7614597349047842, 'pre_dampen_half': 10.92029260722436, 'gpp_af': 0.011734337108947402, 'gpp_b': 0.04346289748303582, 'gpp_d': 2.042103289179108, 'ign_k': 0.06437230074339773, 'ign_c': 0.4003234906615927, 'ign_k2': 0.9071889400001071, 'ign_c2': 1.1278325875711939, 'rain_shift': 5.299638976952018}. Best is trial 311 with value: 0.5960775436770843.
[I 2026-05-22 17:39:44,978] Trial 325 finished with value: 0.5946242876289694 and parameters: {'k1': 0.03269849326580099, 'D_low': 53.52471257478993, 'k2': 0.0038316491354402986, 'D_high': 1624.8019369402566, 'fire_exp': 1.429550950483386, 'P_half': 1.5822893128504731, 'pre_dampen_half': 48.60246108268876, 'gpp_af': 3.6195703482023154, 'gpp_b': 0.006772932955767856, 'gpp_d': 78.53499053315724, 'ign_k': 0.5401964355034142, 'ign_c': 0.6621587116283874, 'ign_k2': 5.960228230484464, 'ign_c2': 0.24626609838898905, 'rain_shift': 6.175338238839318}. Best is trial 311 with value: 0.5960775436770843.
[I 2026-05-22 17:39:45,525] Trial 326 finished with value: 0.5809954253741311 and parameters: {'k1': 0.09062392407634773, 'D_low': 83.27288844525509, 'k2': 0.007157845066628658, 'D_high': 3533.923614920561, 'fire_exp': 0.3825280938534111, 'P_half': 1.7007208299894998, 'pre_dampen_half': 37.66929287343034, 'gpp_af': 0.00806108028052783, 'gpp_b': 0.0003734676333848957, 'gpp_d': 29.31024566899659, 'ign_k': 0.5570520255944804, 'ign_c': 6.1522538463988745, 'ign_k2': 4.427413008022033, 'ign_c2': 6.460312048344835, 'rain_shift': 11.417410316353138}. Best is trial 311 with value: 0.5960775436770843.
[I 2026-05-22 17:39:46,074] Trial 327 finished with value: 0.5759289263406169 and parameters: {'k1': 0.018191576752739653, 'D_low': 67.93923091332309, 'k2': 0.05640785108984363, 'D_high': 72837.66342160114, 'fire_exp': 0.5110791899950207, 'P_half': 1.0092339840276894, 'pre_dampen_half': 33.48577736867927, 'gpp_af': 0.0010219722119186399, 'gpp_b': 1.5556183077140676e-06, 'gpp_d': 17.08041037839751, 'ign_k': 0.07166228740132266, 'ign_c': 3.3822272929291723, 'ign_k2': 3.9674313823520855, 'ign_c2': 0.31882203030039086, 'rain_shift': 14.808161460629773}. Best is trial 311 with value: 0.5960775436770843.
[I 2026-05-22 17:39:46,618] Trial 328 finished with value: 0.5434060532395828 and parameters: {'k1': 0.00916750638003069, 'D_low': 36.293704171161764, 'k2': 0.000853447285214801, 'D_high': 27663.643331269563, 'fire_exp': 0.5080975157231336, 'P_half': 1.0960184593474323, 'pre_dampen_half': 5.158735696734961, 'gpp_af': 0.027915089074399907, 'gpp_b': 0.016957152674020416, 'gpp_d': 212.6585269227083, 'ign_k': 0.07067174021577573, 'ign_c': 0.16432774385643023, 'ign_k2': 3.6568514135343286, 'ign_c2': 1.8392277182956853, 'rain_shift': 15.695609592650218}. Best is trial 311 with value: 0.5960775436770843.
[I 2026-05-22 17:39:47,159] Trial 329 finished with value: 0.407027661089863 and parameters: {'k1': 0.070610969219422, 'D_low': 1493.8024277698219, 'k2': 0.0011426206115640132, 'D_high': 67.42461583135827, 'fire_exp': 1.8852444319272796, 'P_half': 3.7623734713949637, 'pre_dampen_half': 28.98587022252099, 'gpp_af': 79.16887517979804, 'gpp_b': 0.09327338525336842, 'gpp_d': 384.5369362133461, 'ign_k': 0.0941018400379742, 'ign_c': 2.170167685913398, 'ign_k2': 0.44786708952254656, 'ign_c2': 0.24963771489677716, 'rain_shift': 7.003595711733513}. Best is trial 311 with value: 0.5960775436770843.
[I 2026-05-22 17:39:47,708] Trial 330 finished with value: 0.4988719330457497 and parameters: {'k1': 0.04780704030530567, 'D_low': 2.5076225900008273, 'k2': 0.031204516811431507, 'D_high': 130.43234821938674, 'fire_exp': 0.4217609188720402, 'P_half': 1.3200768859971022, 'pre_dampen_half': 0.24083434955882357, 'gpp_af': 0.07413772724457707, 'gpp_b': 1.0480656746230503e-05, 'gpp_d': 9.504140335873306, 'ign_k': 5.568291766702702, 'ign_c': 0.40847749675325296, 'ign_k2': 0.5161767814933718, 'ign_c2': 0.1151504674989699, 'rain_shift': 7.44511574053227}. Best is trial 311 with value: 0.5960775436770843.
[I 2026-05-22 17:39:48,254] Trial 331 finished with value: 0.5808656860650981 and parameters: {'k1': 0.01747876252971745, 'D_low': 15.573402596997672, 'k2': 0.0024432958384641326, 'D_high': 5326.7041493728275, 'fire_exp': 1.6304589376664136, 'P_half': 1.2629914108877118, 'pre_dampen_half': 876.1103374976226, 'gpp_af': 0.26172998651755736, 'gpp_b': 0.008566255529591633, 'gpp_d': 344.5660962188758, 'ign_k': 0.21695112450350915, 'ign_c': 0.1858222683842678, 'ign_k2': 1.8047907858502137, 'ign_c2': 1.3206393980946312, 'rain_shift': 10.623178203956696}. Best is trial 311 with value: 0.5960775436770843.
[I 2026-05-22 17:39:48,804] Trial 332 finished with value: 0.547546843476398 and parameters: {'k1': 0.08435117734924699, 'D_low': 48.636590196006104, 'k2': 0.020320532740900385, 'D_high': 5650.67324095763, 'fire_exp': 1.4563377347760722, 'P_half': 0.5217621726841487, 'pre_dampen_half': 167.2854943869067, 'gpp_af': 6.647770624907215, 'gpp_b': 0.00027004988258816614, 'gpp_d': 835.8505452308985, 'ign_k': 0.5421967640616632, 'ign_c': 2.711966998878663, 'ign_k2': 0.611938487859988, 'ign_c2': 0.29482210836439654, 'rain_shift': 7.791830643277139}. Best is trial 311 with value: 0.5960775436770843.
[I 2026-05-22 17:39:49,355] Trial 333 finished with value: 0.5270993751983121 and parameters: {'k1': 0.004671147044057373, 'D_low': 4.366573404933036, 'k2': 0.043333944584655636, 'D_high': 1240.5071947474294, 'fire_exp': 1.1976187748121836, 'P_half': 2.2143334641488135, 'pre_dampen_half': 43.18665399155375, 'gpp_af': 0.00148977015351908, 'gpp_b': 0.0006529343428568216, 'gpp_d': 545.4602686887807, 'ign_k': 1.094229274765007, 'ign_c': 0.692719827503701, 'ign_k2': 1.2058951324721545, 'ign_c2': 14.404220072754041, 'rain_shift': 4.313554387959904}. Best is trial 311 with value: 0.5960775436770843.
[I 2026-05-22 17:39:49,905] Trial 334 finished with value: 0.5901576251884431 and parameters: {'k1': 0.030141339480047158, 'D_low': 8.352822535776221, 'k2': 0.0019280529819777257, 'D_high': 473.0443890723119, 'fire_exp': 0.44241848471388445, 'P_half': 20.843998093918593, 'pre_dampen_half': 19.588456915496185, 'gpp_af': 0.001087566858937722, 'gpp_b': 2.657999978514591e-06, 'gpp_d': 88.60567363557568, 'ign_k': 1.9037226875156117, 'ign_c': 0.6151553620335825, 'ign_k2': 9.214733806951884, 'ign_c2': 0.24659373550000394, 'rain_shift': 8.871260003281256}. Best is trial 311 with value: 0.5960775436770843.
[I 2026-05-22 17:39:50,447] Trial 335 finished with value: 0.5463752058748949 and parameters: {'k1': 0.03940160075202696, 'D_low': 82.78664487359407, 'k2': 0.0029815213010233664, 'D_high': 898.2191352033595, 'fire_exp': 1.8103840166340273, 'P_half': 5.067349724550005, 'pre_dampen_half': 40.0304717884196, 'gpp_af': 2.578751246646945, 'gpp_b': 0.05026495662180511, 'gpp_d': 206.86057676356117, 'ign_k': 0.21126297814697836, 'ign_c': 0.5114833013361234, 'ign_k2': 3.722645498900941, 'ign_c2': 0.24291007310083312, 'rain_shift': 1.4064970591836827}. Best is trial 311 with value: 0.5960775436770843.
[I 2026-05-22 17:39:50,989] Trial 336 finished with value: 0.574904431752303 and parameters: {'k1': 0.07610609960499504, 'D_low': 14.79795096525664, 'k2': 0.00035973072852451475, 'D_high': 7932.267215090277, 'fire_exp': 1.6710668964989912, 'P_half': 66.49157956892289, 'pre_dampen_half': 23.13875959015395, 'gpp_af': 0.0020626084475244156, 'gpp_b': 4.392657298916524e-06, 'gpp_d': 788.1301300437317, 'ign_k': 4.168192986086143, 'ign_c': 0.7092150105001839, 'ign_k2': 2.8032510846024996, 'ign_c2': 0.14839739577027455, 'rain_shift': 5.341027611010228}. Best is trial 311 with value: 0.5960775436770843.
[I 2026-05-22 17:39:51,538] Trial 337 finished with value: 0.5061528995357132 and parameters: {'k1': 0.03480742856389621, 'D_low': 86.5581170555458, 'k2': 0.009892262755262367, 'D_high': 20162.2092175315, 'fire_exp': 4.330888698319617, 'P_half': 0.3657255586145225, 'pre_dampen_half': 0.39453242160365937, 'gpp_af': 0.1969211370904005, 'gpp_b': 0.0016104260415441612, 'gpp_d': 113.6606907529655, 'ign_k': 0.24074694443343073, 'ign_c': 3.4181504731938546, 'ign_k2': 1.3790142408891521, 'ign_c2': 1.437121291572659, 'rain_shift': 2.8125483361250625}. Best is trial 311 with value: 0.5960775436770843.
[I 2026-05-22 17:39:52,254] Trial 338 finished with value: 0.5198527552541624 and parameters: {'k1': 0.07860121470766035, 'D_low': 1.2593043184937207, 'k2': 0.033326198978098465, 'D_high': 166.19483929894653, 'fire_exp': 0.3936200204278398, 'P_half': 118.44157916622459, 'pre_dampen_half': 1.7037642005156413, 'gpp_af': 0.1670780021614962, 'gpp_b': 0.0003216051356676407, 'gpp_d': 40.109178954647724, 'ign_k': 0.2246888253524337, 'ign_c': 0.47119289281929017, 'ign_k2': 1.1056038194763227, 'ign_c2': 2.215749487768175, 'rain_shift': 7.3808245332657165}. Best is trial 311 with value: 0.5960775436770843.
[I 2026-05-22 17:39:52,804] Trial 339 finished with value: 0.5830954149384899 and parameters: {'k1': 0.08527948615256346, 'D_low': 9.378616603502518, 'k2': 0.0007519372620481846, 'D_high': 118.0317993759354, 'fire_exp': 0.40029932224580905, 'P_half': 93.18795969575051, 'pre_dampen_half': 145.40795877122648, 'gpp_af': 0.08299911973362015, 'gpp_b': 2.295030841992467e-06, 'gpp_d': 9.380164844108279, 'ign_k': 1.5610284523111329, 'ign_c': 1.058501414987302, 'ign_k2': 4.693368609146185, 'ign_c2': 0.14107164999888372, 'rain_shift': 11.142397419194218}. Best is trial 311 with value: 0.5960775436770843.
[I 2026-05-22 17:39:53,349] Trial 340 finished with value: 0.5422275140035083 and parameters: {'k1': 0.09931411682192548, 'D_low': 11.408174642826836, 'k2': 0.022270976053446953, 'D_high': 60449.0380060055, 'fire_exp': 0.4670676198673587, 'P_half': 4941.162462349267, 'pre_dampen_half': 250.58726890670212, 'gpp_af': 0.7744897277225791, 'gpp_b': 0.023502213967174897, 'gpp_d': 196.2556099666163, 'ign_k': 0.004945623394752019, 'ign_c': 3.5966467626721608, 'ign_k2': 3.7072529707499604, 'ign_c2': 0.23113897906549222, 'rain_shift': 10.22969207207747}. Best is trial 311 with value: 0.5960775436770843.
[I 2026-05-22 17:39:53,897] Trial 341 finished with value: 0.585133248842671 and parameters: {'k1': 0.0901123497449984, 'D_low': 4.643593104887612, 'k2': 0.00028677882448723896, 'D_high': 753.0309118306658, 'fire_exp': 0.6614700344690959, 'P_half': 175.38183468411964, 'pre_dampen_half': 273.53991871657075, 'gpp_af': 0.19225063635549175, 'gpp_b': 0.0005609122960377013, 'gpp_d': 14.51709538836922, 'ign_k': 0.9570784724583983, 'ign_c': 0.2749337408649188, 'ign_k2': 7.146872450459895, 'ign_c2': 0.12397069369451834, 'rain_shift': 7.375246542289146}. Best is trial 311 with value: 0.5960775436770843.
[I 2026-05-22 17:39:54,446] Trial 342 finished with value: 0.48869654288067943 and parameters: {'k1': 0.0841358477562593, 'D_low': 535.4593785115535, 'k2': 0.0015990980722869787, 'D_high': 14.691677884360782, 'fire_exp': 0.36656174951520865, 'P_half': 449.0257492247844, 'pre_dampen_half': 247.05257599034087, 'gpp_af': 0.06456323053613484, 'gpp_b': 9.344566528910602e-05, 'gpp_d': 0.15120447093189152, 'ign_k': 0.9688928369526869, 'ign_c': 1.7396617182789424, 'ign_k2': 4.490077024350883, 'ign_c2': 0.16888140067091512, 'rain_shift': 10.985106642326395}. Best is trial 311 with value: 0.5960775436770843.
[I 2026-05-22 17:39:54,996] Trial 343 finished with value: 0.5771996287390373 and parameters: {'k1': 0.03463062416086226, 'D_low': 18.795939511105, 'k2': 0.0003929379994751751, 'D_high': 21.597413916708202, 'fire_exp': 0.522163884888716, 'P_half': 74.83434702970341, 'pre_dampen_half': 133.16258865540232, 'gpp_af': 0.035170569435115526, 'gpp_b': 4.2354792509512505e-06, 'gpp_d': 25.808610959461635, 'ign_k': 0.6801824873823209, 'ign_c': 1.5000798303582334, 'ign_k2': 7.460929990970803, 'ign_c2': 0.42702899307757153, 'rain_shift': 12.484290832271842}. Best is trial 311 with value: 0.5960775436770843.
[I 2026-05-22 17:39:55,541] Trial 344 finished with value: 0.5311229464744119 and parameters: {'k1': 0.008478640605463791, 'D_low': 1.2189900771892226, 'k2': 0.0001357124409501354, 'D_high': 1033.4138821726972, 'fire_exp': 1.2464033318186443, 'P_half': 835.350165166649, 'pre_dampen_half': 203.6519142114769, 'gpp_af': 0.09803851937121695, 'gpp_b': 0.0004852509172329342, 'gpp_d': 52.006420312522174, 'ign_k': 1.6494362976535184, 'ign_c': 0.5287986145948851, 'ign_k2': 0.8522347712805345, 'ign_c2': 0.16453716137332958, 'rain_shift': 7.033783385159594}. Best is trial 311 with value: 0.5960775436770843.
[I 2026-05-22 17:39:56,087] Trial 345 finished with value: 0.581424075441966 and parameters: {'k1': 0.03126428626615685, 'D_low': 1.0819084736516813, 'k2': 0.0003841661681575165, 'D_high': 513.0503549332019, 'fire_exp': 0.4699858350897023, 'P_half': 2.85965335049609, 'pre_dampen_half': 48.63508328016259, 'gpp_af': 0.002675114994571078, 'gpp_b': 3.132095775061108e-06, 'gpp_d': 220.87190147577508, 'ign_k': 9.71106388246441, 'ign_c': 0.9472735271437541, 'ign_k2': 1.548631690956661, 'ign_c2': 0.6421249565180743, 'rain_shift': 10.805363599356953}. Best is trial 311 with value: 0.5960775436770843.
[I 2026-05-22 17:39:56,631] Trial 346 finished with value: 0.5375687605235725 and parameters: {'k1': 0.039943970606005894, 'D_low': 1.3871605294866256, 'k2': 0.0032567291402173433, 'D_high': 3967.015857160135, 'fire_exp': 1.1910308067399464, 'P_half': 120.08668228407291, 'pre_dampen_half': 27.5968560601683, 'gpp_af': 0.008071644509831947, 'gpp_b': 2.351724664479024e-05, 'gpp_d': 6.526131768245471, 'ign_k': 0.12823108910799114, 'ign_c': 0.40081227069439956, 'ign_k2': 0.3326327838374582, 'ign_c2': 10.103287356016477, 'rain_shift': 6.431827102797703}. Best is trial 311 with value: 0.5960775436770843.
[I 2026-05-22 17:39:57,179] Trial 347 finished with value: 0.4091248869434922 and parameters: {'k1': 0.09567513446396825, 'D_low': 2.814993366386973, 'k2': 0.00410315863352564, 'D_high': 658.2748657071534, 'fire_exp': 0.3724775609357831, 'P_half': 12.027686866665537, 'pre_dampen_half': 4.043040916864597, 'gpp_af': 0.003035047064309445, 'gpp_b': 9.422939045578781e-06, 'gpp_d': 28.73827232429015, 'ign_k': 1.1036489066926394, 'ign_c': 81.58948485513243, 'ign_k2': 8.98407915955801, 'ign_c2': 0.10607220301988103, 'rain_shift': 15.074093722073144}. Best is trial 311 with value: 0.5960775436770843.
[I 2026-05-22 17:39:57,728] Trial 348 finished with value: 0.5746829254297114 and parameters: {'k1': 0.09883747206695322, 'D_low': 4.023807128780117, 'k2': 0.003420630217152016, 'D_high': 384.34909067234025, 'fire_exp': 0.8311770050336648, 'P_half': 197.54096498102706, 'pre_dampen_half': 479.8803873547327, 'gpp_af': 0.08503431177827421, 'gpp_b': 9.245381951050352e-05, 'gpp_d': 0.8700223330207288, 'ign_k': 5.641171529192552, 'ign_c': 2.0748146078283503, 'ign_k2': 6.843168105482877, 'ign_c2': 0.22121706324446588, 'rain_shift': 6.323814800301003}. Best is trial 311 with value: 0.5960775436770843.
[I 2026-05-22 17:39:58,276] Trial 349 finished with value: 0.5671160355721135 and parameters: {'k1': 0.025993118859863752, 'D_low': 29.729904205053398, 'k2': 0.0002510454208776558, 'D_high': 85.45539185463448, 'fire_exp': 0.49260747929999116, 'P_half': 182.03105318416618, 'pre_dampen_half': 103.43906902299145, 'gpp_af': 1.6446620991009537, 'gpp_b': 0.02696366104370122, 'gpp_d': 4.783045555653221, 'ign_k': 0.34776873331762853, 'ign_c': 0.2618898353792741, 'ign_k2': 0.8907821983647813, 'ign_c2': 0.19317621308785254, 'rain_shift': 12.1313986888531}. Best is trial 311 with value: 0.5960775436770843.
[I 2026-05-22 17:39:58,823] Trial 350 finished with value: 0.5682154413712368 and parameters: {'k1': 0.09519434748646094, 'D_low': 141.6344488290321, 'k2': 0.05413139725630956, 'D_high': 1422.202352158877, 'fire_exp': 1.0369983014507358, 'P_half': 1.2789467659571065, 'pre_dampen_half': 5.007566234669771, 'gpp_af': 0.005551452606770615, 'gpp_b': 3.631313064915442e-05, 'gpp_d': 69.98969167124588, 'ign_k': 0.14170912627817422, 'ign_c': 1.8102862481794517, 'ign_k2': 0.47696024870838005, 'ign_c2': 0.7237593911677707, 'rain_shift': 7.3825005886585116}. Best is trial 311 with value: 0.5960775436770843.
[I 2026-05-22 17:39:59,369] Trial 351 finished with value: 0.48832293586852465 and parameters: {'k1': 0.08015435378701197, 'D_low': 6.830572668189276, 'k2': 0.0003345920629535424, 'D_high': 111.51907380842582, 'fire_exp': 0.5620477511933644, 'P_half': 1381.7782986338295, 'pre_dampen_half': 107.9707042692532, 'gpp_af': 4.507415456132279, 'gpp_b': 1.8652593064604588e-05, 'gpp_d': 27.971646153810415, 'ign_k': 0.40174204136169206, 'ign_c': 1.3633654039625855, 'ign_k2': 3.719855006299957, 'ign_c2': 0.1037804555113096, 'rain_shift': 1.5126587681110628}. Best is trial 311 with value: 0.5960775436770843.
[I 2026-05-22 17:39:59,916] Trial 352 finished with value: 0.5920669965834591 and parameters: {'k1': 0.056261777886138675, 'D_low': 19.76214465500427, 'k2': 0.00141046107657221, 'D_high': 1811.3119961976922, 'fire_exp': 0.5205568595610655, 'P_half': 39.588280062034215, 'pre_dampen_half': 13.172938687357277, 'gpp_af': 0.10219694205422962, 'gpp_b': 5.782451579674776e-06, 'gpp_d': 73.38638064972037, 'ign_k': 1.9216059244610872, 'ign_c': 1.7829333121071933, 'ign_k2': 2.549075133136808, 'ign_c2': 0.8811831041966433, 'rain_shift': 8.142794922164338}. Best is trial 311 with value: 0.5960775436770843.
[I 2026-05-22 17:40:00,461] Trial 353 finished with value: 0.44550423445413223 and parameters: {'k1': 0.027297787591408107, 'D_low': 11.263704479144426, 'k2': 0.0004687773308997777, 'D_high': 565.4787226780995, 'fire_exp': 0.5125033029790476, 'P_half': 30.118495744482107, 'pre_dampen_half': 191.78146603850467, 'gpp_af': 0.0023912860698696086, 'gpp_b': 3.0893119833456993e-06, 'gpp_d': 13.065616380515424, 'ign_k': 6.5580322731582354, 'ign_c': 0.43618480978477686, 'ign_k2': 0.12780210039323833, 'ign_c2': 0.15393110884102829, 'rain_shift': 1.4749980168466044}. Best is trial 311 with value: 0.5960775436770843.
[I 2026-05-22 17:40:01,012] Trial 354 finished with value: 0.471576853663618 and parameters: {'k1': 0.07943649540362606, 'D_low': 30.698463046973682, 'k2': 0.022914441616789988, 'D_high': 18456.46292637174, 'fire_exp': 2.2779566883172384, 'P_half': 2195.8394161344127, 'pre_dampen_half': 89.07451993632978, 'gpp_af': 4.431864207177164, 'gpp_b': 0.00011545717562476364, 'gpp_d': 58.05828814810398, 'ign_k': 0.11218883647900454, 'ign_c': 0.10319029010285334, 'ign_k2': 0.22834314822692434, 'ign_c2': 0.6173492012456836, 'rain_shift': 9.41629991380323}. Best is trial 311 with value: 0.5960775436770843.
[I 2026-05-22 17:40:01,562] Trial 355 finished with value: 0.5811202911662582 and parameters: {'k1': 0.013147358449601522, 'D_low': 8.708010815291416, 'k2': 0.005544422540951595, 'D_high': 572.5460027553838, 'fire_exp': 1.037287284533721, 'P_half': 1.3032510194795661, 'pre_dampen_half': 49.80980720056042, 'gpp_af': 0.0012348906092453018, 'gpp_b': 1.8440356793270034e-06, 'gpp_d': 219.8335026199832, 'ign_k': 1.3590124814820332, 'ign_c': 0.5411998902318031, 'ign_k2': 2.4549823428441586, 'ign_c2': 0.19107435457043032, 'rain_shift': 7.9968630689460385}. Best is trial 311 with value: 0.5960775436770843.
[I 2026-05-22 17:40:02,112] Trial 356 finished with value: 0.5338279045406605 and parameters: {'k1': 0.03537693952193463, 'D_low': 5.807794257348673, 'k2': 0.003844841312972985, 'D_high': 251.82546463104237, 'fire_exp': 0.4663943555503283, 'P_half': 36.61917266256707, 'pre_dampen_half': 136.82228070963947, 'gpp_af': 0.03494808993566324, 'gpp_b': 1.9960640463356657e-06, 'gpp_d': 42.24430274340331, 'ign_k': 1.8372957226392501, 'ign_c': 0.39144619104345374, 'ign_k2': 4.868957016417478, 'ign_c2': 0.11473588664168324, 'rain_shift': 4.694583115034547}. Best is trial 311 with value: 0.5960775436770843.
[I 2026-05-22 17:40:02,660] Trial 357 finished with value: 0.5592348259070825 and parameters: {'k1': 0.057620880517958314, 'D_low': 32.663932461098504, 'k2': 0.0002877782092419821, 'D_high': 93.98687341819658, 'fire_exp': 0.8050063352204226, 'P_half': 1.7949209635512984, 'pre_dampen_half': 1.3216800896660068, 'gpp_af': 0.0015122425340262158, 'gpp_b': 1.5367567315732498e-06, 'gpp_d': 30.457672707552753, 'ign_k': 3.8011723046500157, 'ign_c': 0.23480327363342773, 'ign_k2': 7.9166025077783395, 'ign_c2': 0.14426945679695605, 'rain_shift': 7.5997165637109605}. Best is trial 311 with value: 0.5960775436770843.
[I 2026-05-22 17:40:03,211] Trial 358 finished with value: 0.576734614635637 and parameters: {'k1': 0.0005467178568202348, 'D_low': 41.24456144648505, 'k2': 0.08991325959665646, 'D_high': 1122.1857685085247, 'fire_exp': 0.440898930476228, 'P_half': 112.07818842012229, 'pre_dampen_half': 102.18678615062886, 'gpp_af': 0.029700030942313063, 'gpp_b': 0.00010009948290749035, 'gpp_d': 622.7424964601155, 'ign_k': 6.181757064491998, 'ign_c': 5.586116741500686, 'ign_k2': 0.6608731701561648, 'ign_c2': 0.16925947416113757, 'rain_shift': 11.277296089082999}. Best is trial 311 with value: 0.5960775436770843.
