[I 2026-05-22 18:12:01,732] Trial 732 finished with value: 0.6034732088780974 and parameters: {'P_amp': 0.05770514942305818, 'P_wet': 4033.2993735124323, 'P_pow': 1.3480531839125611, 'WG_amp': 0.5561557730818915, 'WG_Phalf': 760.639348863064, 'WG_k': 9.40787315327608, 'WG_c': 2.170949851711288, 'rain_shift': 0.44576622610488825, 'ign_k': 1.984652646999434, 'rate_power': 0.9366696737365745}. Best is trial 209 with value: 0.6108097453057891.
[I 2026-05-22 18:12:02,196] Trial 733 finished with value: 0.5973211100230289 and parameters: {'P_amp': 0.000510333052214415, 'P_wet': 3244.2486541536036, 'P_pow': 3.3614783177125633, 'WG_amp': 0.5737329964291495, 'WG_Phalf': 705.5763665231984, 'WG_k': 1.8227695901438936, 'WG_c': 0.1785308810540092, 'rain_shift': 1.3549313209572498, 'ign_k': 0.3450576614130356, 'rate_power': 0.9251441811683437}. Best is trial 209 with value: 0.6108097453057891.
[I 2026-05-22 18:12:02,654] Trial 734 finished with value: 0.5324267639322295 and parameters: {'P_amp': 0.5951649872463178, 'P_wet': 1648.4352703657796, 'P_pow': 5.066502624547309, 'WG_amp': 0.02701905656155179, 'WG_Phalf': 130.14785273338424, 'WG_k': 83.47620447770475, 'WG_c': 0.08113080350095242, 'rain_shift': 5.888904012852823, 'ign_k': 2.0955511464635963, 'rate_power': 1.2931202994189306}. Best is trial 209 with value: 0.6108097453057891.
[I 2026-05-22 18:12:03,121] Trial 735 finished with value: 0.601733674957285 and parameters: {'P_amp': 0.23997209279468615, 'P_wet': 5052.259562069474, 'P_pow': 0.686814653220761, 'WG_amp': 0.31809763403584074, 'WG_Phalf': 326.97172745214726, 'WG_k': 3.2092297098017526, 'WG_c': 1.9987785564338445, 'rain_shift': 1.5113672991084497, 'ign_k': 0.36402980076600716, 'rate_power': 0.963726346386768}. Best is trial 209 with value: 0.6108097453057891.
[I 2026-05-22 18:12:03,583] Trial 736 finished with value: 0.5623268833684673 and parameters: {'P_amp': 0.11604775114623742, 'P_wet': 2572.4629206530376, 'P_pow': 2.691986395353941, 'WG_amp': 0.453776387397912, 'WG_Phalf': 655.6832904890379, 'WG_k': 0.5045100523413384, 'WG_c': 0.4653927802754807, 'rain_shift': 4.276557944081689, 'ign_k': 0.3440118340194592, 'rate_power': 0.9576229724196199}. Best is trial 209 with value: 0.6108097453057891.
[I 2026-05-22 18:12:04,047] Trial 737 finished with value: 0.6000754926855558 and parameters: {'P_amp': 0.032138744130159234, 'P_wet': 4687.832700448945, 'P_pow': 1.052585515699004, 'WG_amp': 0.7111101389321014, 'WG_Phalf': 3008.243624020522, 'WG_k': 2.925852876569436, 'WG_c': 0.3399603606730578, 'rain_shift': 1.4012802035785161, 'ign_k': 1.1910439272838584, 'rate_power': 0.9297974205222956}. Best is trial 209 with value: 0.6108097453057891.
[I 2026-05-22 18:12:04,516] Trial 738 finished with value: 0.60181141029191 and parameters: {'P_amp': 0.06770940051036564, 'P_wet': 1575.2057694679568, 'P_pow': 2.6018351183072315, 'WG_amp': 0.7193012620368195, 'WG_Phalf': 1235.4477186603801, 'WG_k': 34.77270858314327, 'WG_c': 0.2700542710119541, 'rain_shift': 2.0826567271291925, 'ign_k': 0.4087290200979089, 'rate_power': 0.8280589912868964}. Best is trial 209 with value: 0.6108097453057891.
[I 2026-05-22 18:12:04,984] Trial 739 finished with value: 0.6052608889968394 and parameters: {'P_amp': 0.1788015461142029, 'P_wet': 3746.372991253537, 'P_pow': 0.7217284092168899, 'WG_amp': 0.3798062821702767, 'WG_Phalf': 4300.484899623231, 'WG_k': 1.9982681217837057, 'WG_c': 0.0880553954216651, 'rain_shift': 0.13503591025505635, 'ign_k': 0.6351222552290533, 'rate_power': 1.124967655155614}. Best is trial 209 with value: 0.6108097453057891.
[I 2026-05-22 18:12:05,449] Trial 740 finished with value: 0.6011523193685022 and parameters: {'P_amp': 0.16003903274336786, 'P_wet': 1880.4823249242236, 'P_pow': 2.186360680187619, 'WG_amp': 0.6929579132056616, 'WG_Phalf': 4703.8911221388635, 'WG_k': 0.6579437412873255, 'WG_c': 0.030721284696658812, 'rain_shift': 1.5729659548417083, 'ign_k': 0.38900007306290946, 'rate_power': 0.9543196152383313}. Best is trial 209 with value: 0.6108097453057891.
[I 2026-05-22 18:12:05,910] Trial 741 finished with value: 0.5863817886317567 and parameters: {'P_amp': 0.28116690830094015, 'P_wet': 1341.5380776859183, 'P_pow': 2.2460987204766925, 'WG_amp': 0.3408300938792167, 'WG_Phalf': 2286.005700009734, 'WG_k': 1.388452689226506, 'WG_c': 0.13157141126288008, 'rain_shift': 1.3480673441765876, 'ign_k': 0.23211431304836835, 'rate_power': 0.86717484173475}. Best is trial 209 with value: 0.6108097453057891.
[I 2026-05-22 18:12:06,387] Trial 742 finished with value: 0.5811079913085687 and parameters: {'P_amp': 0.07487530066354378, 'P_wet': 2573.9920074093557, 'P_pow': 1.4808465598176095, 'WG_amp': 0.5514151013718873, 'WG_Phalf': 1104.8486291064678, 'WG_k': 2.2537408507319663, 'WG_c': 3.63278102641669, 'rain_shift': 0.09875857978662161, 'ign_k': 0.3758482170667837, 'rate_power': 0.8307076993834173}. Best is trial 209 with value: 0.6108097453057891.
[I 2026-05-22 18:12:06,925] Trial 743 finished with value: 0.5622817085045613 and parameters: {'P_amp': 0.08931514577427724, 'P_wet': 3217.522527332468, 'P_pow': 5.949299750054742, 'WG_amp': 0.5336181328839599, 'WG_Phalf': 804.6802287086197, 'WG_k': 0.3344559151337711, 'WG_c': 0.005120789156383299, 'rain_shift': 9.89913892817384, 'ign_k': 0.07345196733570972, 'rate_power': 0.7933943408531718}. Best is trial 209 with value: 0.6108097453057891.
[I 2026-05-22 18:12:07,409] Trial 744 finished with value: 0.5950070886800403 and parameters: {'P_amp': 0.05051664316788936, 'P_wet': 3451.026156844093, 'P_pow': 0.44776499587316143, 'WG_amp': 0.3371232664072571, 'WG_Phalf': 1625.2229202152948, 'WG_k': 0.9624573098854492, 'WG_c': 0.12167013277444313, 'rain_shift': 1.8088393522800919, 'ign_k': 0.794651391074841, 'rate_power': 0.9508164118410672}. Best is trial 209 with value: 0.6108097453057891.
[I 2026-05-22 18:12:07,879] Trial 745 finished with value: 0.5238368921787515 and parameters: {'P_amp': 0.7097228779482131, 'P_wet': 2050.89437479764, 'P_pow': 0.5073031169782922, 'WG_amp': 0.39253443026147833, 'WG_Phalf': 105.07602979629834, 'WG_k': 0.16096304172946713, 'WG_c': 0.0008502889328414856, 'rain_shift': 8.1364541293965, 'ign_k': 0.06176552022196883, 'rate_power': 1.0901387465875298}. Best is trial 209 with value: 0.6108097453057891.
[I 2026-05-22 18:12:08,348] Trial 746 finished with value: 0.5441890983563916 and parameters: {'P_amp': 0.6239340155360276, 'P_wet': 900.8493291849363, 'P_pow': 1.3022438544977142, 'WG_amp': 0.33006391623393133, 'WG_Phalf': 140.48405526098304, 'WG_k': 0.05080761123213231, 'WG_c': 0.9855306067971344, 'rain_shift': 9.189164417130533, 'ign_k': 0.1384110632447191, 'rate_power': 0.7305789863461528}. Best is trial 209 with value: 0.6108097453057891.
[I 2026-05-22 18:12:08,816] Trial 747 finished with value: 0.5917135441271312 and parameters: {'P_amp': 0.04285801137435878, 'P_wet': 5046.652056252223, 'P_pow': 3.92256136201674, 'WG_amp': 0.8854059126651942, 'WG_Phalf': 695.0896121486569, 'WG_k': 0.2325288936203008, 'WG_c': 2.407962225957126, 'rain_shift': 1.1098819899691845, 'ign_k': 0.9980253541994315, 'rate_power': 1.0748763647513495}. Best is trial 209 with value: 0.6108097453057891.
[I 2026-05-22 18:12:09,285] Trial 748 finished with value: 0.5991963100862157 and parameters: {'P_amp': 0.12405845976927371, 'P_wet': 4174.039015658804, 'P_pow': 3.6482268731856866, 'WG_amp': 0.7151198163154802, 'WG_Phalf': 335.6350228716625, 'WG_k': 0.3481225751912191, 'WG_c': 0.00037084579526261863, 'rain_shift': 1.021582812221196, 'ign_k': 1.9661366206748514, 'rate_power': 0.7934346197043234}. Best is trial 209 with value: 0.6108097453057891.
[I 2026-05-22 18:12:09,751] Trial 749 finished with value: 0.5758966345671557 and parameters: {'P_amp': 0.08973592232943906, 'P_wet': 910.2554761548952, 'P_pow': 0.901381256138249, 'WG_amp': 0.37692248627599145, 'WG_Phalf': 1527.9533898051952, 'WG_k': 75.23842053807692, 'WG_c': 3.7806369810134575, 'rain_shift': 0.7932811319432321, 'ign_k': 0.1669630907130645, 'rate_power': 0.815925021872737}. Best is trial 209 with value: 0.6108097453057891.
[I 2026-05-22 18:12:10,221] Trial 750 finished with value: 0.5597720263445339 and parameters: {'P_amp': 0.03104183051472187, 'P_wet': 468.71768890488266, 'P_pow': 1.6224519113835687, 'WG_amp': 0.7817437230453839, 'WG_Phalf': 4787.941565639189, 'WG_k': 98.61867058883259, 'WG_c': 0.04048863541792815, 'rain_shift': 5.493822710022928, 'ign_k': 0.059315381779558404, 'rate_power': 1.0641520741051254}. Best is trial 209 with value: 0.6108097453057891.
[I 2026-05-22 18:12:10,687] Trial 751 finished with value: 0.5740605611168575 and parameters: {'P_amp': 0.14637065646863184, 'P_wet': 4824.335453668134, 'P_pow': 2.725346261858071, 'WG_amp': 0.0309405845716616, 'WG_Phalf': 245.35939100112824, 'WG_k': 2.9104405881132416, 'WG_c': 0.1345287273802194, 'rain_shift': 3.073711721317511, 'ign_k': 0.5585897912305494, 'rate_power': 1.0730587963604659}. Best is trial 209 with value: 0.6108097453057891.
[I 2026-05-22 18:12:11,153] Trial 752 finished with value: 0.5967313974915098 and parameters: {'P_amp': 0.148127853152139, 'P_wet': 5501.3109007635085, 'P_pow': 2.135086482111513, 'WG_amp': 0.5347467564976369, 'WG_Phalf': 1252.4697376765098, 'WG_k': 2.8257339308171985, 'WG_c': 3.2813572353844056, 'rain_shift': 2.086925471451271, 'ign_k': 0.7772203798703622, 'rate_power': 0.8956065212609621}. Best is trial 209 with value: 0.6108097453057891.
[I 2026-05-22 18:12:11,618] Trial 753 finished with value: 0.5543523136739168 and parameters: {'P_amp': 0.684187526194843, 'P_wet': 3802.25161706636, 'P_pow': 3.1509348062622404, 'WG_amp': 0.10142514690493988, 'WG_Phalf': 409.2258117058911, 'WG_k': 2.132936982277602, 'WG_c': 0.028966900292849172, 'rain_shift': 3.385714671757741, 'ign_k': 1.4947694705071801, 'rate_power': 1.2128699207626412}. Best is trial 209 with value: 0.6108097453057891.
[I 2026-05-22 18:12:12,083] Trial 754 finished with value: 0.5029286240000768 and parameters: {'P_amp': 0.744866213793564, 'P_wet': 521.0831699064132, 'P_pow': 0.2928184860065972, 'WG_amp': 0.6985358513905985, 'WG_Phalf': 1320.5638378638344, 'WG_k': 99.83958246031871, 'WG_c': 0.10926094021473026, 'rain_shift': 8.472401384842556, 'ign_k': 0.05080663397295023, 'rate_power': 1.259269116227173}. Best is trial 209 with value: 0.6108097453057891.
[I 2026-05-22 18:12:12,549] Trial 755 finished with value: 0.5800121697939451 and parameters: {'P_amp': 0.3810217869135991, 'P_wet': 5434.237199212748, 'P_pow': 2.3506267266475485, 'WG_amp': 0.4832786800161655, 'WG_Phalf': 246.9999770489876, 'WG_k': 2.279042968756371, 'WG_c': 0.012880211100108918, 'rain_shift': 1.0042703924501022, 'ign_k': 2.492387763876681, 'rate_power': 1.221466067751478}. Best is trial 209 with value: 0.6108097453057891.
[I 2026-05-22 18:12:13,015] Trial 756 finished with value: 0.5811109150878728 and parameters: {'P_amp': 0.09310370837660142, 'P_wet': 3152.6620942810805, 'P_pow': 1.1045246917027236, 'WG_amp': 0.4037409786474829, 'WG_Phalf': 1038.4533669365346, 'WG_k': 26.254028429324133, 'WG_c': 7.030371206601571, 'rain_shift': 0.16994889317223172, 'ign_k': 0.2688835833899222, 'rate_power': 0.8800170544999171}. Best is trial 209 with value: 0.6108097453057891.
[I 2026-05-22 18:12:13,481] Trial 757 finished with value: 0.5978532111194459 and parameters: {'P_amp': 0.04074364917802527, 'P_wet': 3187.0270567511616, 'P_pow': 1.3112574140884616, 'WG_amp': 0.20253145511065035, 'WG_Phalf': 343.73798862820706, 'WG_k': 0.24991061412253823, 'WG_c': 4.615841897217685, 'rain_shift': 0.9688433259213538, 'ign_k': 0.3136729073083865, 'rate_power': 1.0326012946661796}. Best is trial 209 with value: 0.6108097453057891.
[I 2026-05-22 18:12:13,945] Trial 758 finished with value: 0.6077055018638473 and parameters: {'P_amp': 0.2303053163609876, 'P_wet': 4479.5789164470125, 'P_pow': 2.00230417437324, 'WG_amp': 0.7303208248222485, 'WG_Phalf': 665.9609829674833, 'WG_k': 2.8993372635769163, 'WG_c': 3.584429641365284, 'rain_shift': 0.293715920743145, 'ign_k': 0.9530989327835895, 'rate_power': 1.0573499668444561}. Best is trial 209 with value: 0.6108097453057891.
[I 2026-05-22 18:12:14,410] Trial 759 finished with value: 0.5619046099848826 and parameters: {'P_amp': 0.3240534311555462, 'P_wet': 4039.255971795965, 'P_pow': 1.1431032970047266, 'WG_amp': 0.10047197129295918, 'WG_Phalf': 2675.1334722593697, 'WG_k': 18.586576589305352, 'WG_c': 3.580033893711186, 'rain_shift': 5.4570484133129895, 'ign_k': 0.7458304072053162, 'rate_power': 0.7630468235733816}. Best is trial 209 with value: 0.6108097453057891.
[I 2026-05-22 18:12:14,876] Trial 760 finished with value: 0.6030809018148123 and parameters: {'P_amp': 0.10858440889992461, 'P_wet': 3697.5858997501673, 'P_pow': 0.3636448745187395, 'WG_amp': 0.3640332704859621, 'WG_Phalf': 3888.703346752216, 'WG_k': 0.36153161311019516, 'WG_c': 3.2395109841291245, 'rain_shift': 0.009442931829360846, 'ign_k': 0.9570280376204183, 'rate_power': 0.969813655923496}. Best is trial 209 with value: 0.6108097453057891.
[I 2026-05-22 18:12:15,360] Trial 761 finished with value: 0.5355112971051756 and parameters: {'P_amp': 0.42132333558540425, 'P_wet': 734.3394111435698, 'P_pow': 3.796123181464398, 'WG_amp': 0.515930904435273, 'WG_Phalf': 465.268324203007, 'WG_k': 0.1026352751702347, 'WG_c': 2.8708985276774746, 'rain_shift': 2.491890793604906, 'ign_k': 0.061054384933026874, 'rate_power': 1.1663122366665784}. Best is trial 209 with value: 0.6108097453057891.
[I 2026-05-22 18:12:15,848] Trial 762 finished with value: 0.6079958094350943 and parameters: {'P_amp': 0.17641833832138626, 'P_wet': 4867.406860001034, 'P_pow': 3.329679014861281, 'WG_amp': 0.7730303011594573, 'WG_Phalf': 592.9597722988646, 'WG_k': 11.581862042636219, 'WG_c': 1.1540036801701605, 'rain_shift': 0.1649973060140255, 'ign_k': 0.526714310593564, 'rate_power': 1.2511720154450907}. Best is trial 209 with value: 0.6108097453057891.
[I 2026-05-22 18:12:16,319] Trial 763 finished with value: 0.606739145255764 and parameters: {'P_amp': 0.030202869853267082, 'P_wet': 5181.401588228471, 'P_pow': 1.997249349209246, 'WG_amp': 0.6780788415181623, 'WG_Phalf': 1077.7735450319517, 'WG_k': 0.3532625042366626, 'WG_c': 7.9585941534860405, 'rain_shift': 1.3045229253020854, 'ign_k': 0.4252386231581803, 'rate_power': 0.9380289345338315}. Best is trial 209 with value: 0.6108097453057891.
[I 2026-05-22 18:12:16,790] Trial 764 finished with value: 0.5893284774995432 and parameters: {'P_amp': 0.028312727249587256, 'P_wet': 880.3249476398189, 'P_pow': 1.5309335738242118, 'WG_amp': 0.19302402992262102, 'WG_Phalf': 152.05550821918175, 'WG_k': 3.468882424938887, 'WG_c': 0.07081664358361689, 'rain_shift': 1.4904418473181078, 'ign_k': 0.5110282942498003, 'rate_power': 1.1938482987035397}. Best is trial 209 with value: 0.6108097453057891.
[I 2026-05-22 18:12:17,252] Trial 765 finished with value: 0.6016016999088808 and parameters: {'P_amp': 0.23676876096333066, 'P_wet': 1557.0217864538927, 'P_pow': 3.1633340147920714, 'WG_amp': 0.6011619433837384, 'WG_Phalf': 586.846987084866, 'WG_k': 2.408840496347699, 'WG_c': 4.7641950206779615, 'rain_shift': 2.2015939185005537, 'ign_k': 0.363253720582426, 'rate_power': 0.8081892448143325}. Best is trial 209 with value: 0.6108097453057891.
[I 2026-05-22 18:12:17,725] Trial 766 finished with value: 0.5474009832954457 and parameters: {'P_amp': 0.3742426042220568, 'P_wet': 4712.898214163438, 'P_pow': 0.34451795737141433, 'WG_amp': 0.3470354364386287, 'WG_Phalf': 220.66263998471044, 'WG_k': 0.13569103544612668, 'WG_c': 1.8331088971784768, 'rain_shift': 3.8492426114832474, 'ign_k': 0.08054654887063022, 'rate_power': 1.1691204830459283}. Best is trial 209 with value: 0.6108097453057891.
[I 2026-05-22 18:12:18,256] Trial 767 finished with value: 0.609145348853493 and parameters: {'P_amp': 0.16598149595407458, 'P_wet': 5181.736894483855, 'P_pow': 3.408469647511417, 'WG_amp': 0.004458110466815476, 'WG_Phalf': 329.10029704556575, 'WG_k': 7.657709452085917, 'WG_c': 2.53995154274369, 'rain_shift': 0.49082779751659933, 'ign_k': 0.65947023895904, 'rate_power': 1.1091861722028522}. Best is trial 209 with value: 0.6108097453057891.
[I 2026-05-22 18:12:18,774] Trial 768 finished with value: 0.6029681631787367 and parameters: {'P_amp': 0.0884138387066028, 'P_wet': 5960.922604886361, 'P_pow': 3.1850326356340934, 'WG_amp': 0.8521706097184775, 'WG_Phalf': 558.0144872866213, 'WG_k': 11.311217414268992, 'WG_c': 1.9060701969872822, 'rain_shift': 1.2153647212138585, 'ign_k': 1.1609586789380004, 'rate_power': 1.0021199114395674}. Best is trial 209 with value: 0.6108097453057891.
[I 2026-05-22 18:12:19,243] Trial 769 finished with value: 0.497528442293326 and parameters: {'P_amp': 0.5802080476444333, 'P_wet': 413.25380731171794, 'P_pow': 5.476582647457677, 'WG_amp': 0.6677117402895186, 'WG_Phalf': 1677.1608057778285, 'WG_k': 0.14844895467731276, 'WG_c': 0.0003762561848382436, 'rain_shift': 9.725716004308513, 'ign_k': 0.16379909797447778, 'rate_power': 0.9914302065150581}. Best is trial 209 with value: 0.6108097453057891.
[I 2026-05-22 18:12:19,720] Trial 770 finished with value: 0.599179933685288 and parameters: {'P_amp': 0.1541051449325726, 'P_wet': 2643.8561570488614, 'P_pow': 1.0838381134936288, 'WG_amp': 0.4528017062372861, 'WG_Phalf': 2539.6197140687163, 'WG_k': 23.951113505996286, 'WG_c': 2.791034043422352, 'rain_shift': 0.7841620416728504, 'ign_k': 0.3452260783598569, 'rate_power': 0.9975997563302889}. Best is trial 209 with value: 0.6108097453057891.
[I 2026-05-22 18:12:20,192] Trial 771 finished with value: 0.5906077163193286 and parameters: {'P_amp': 0.03431875757094801, 'P_wet': 1575.195459223301, 'P_pow': 0.2106548901021813, 'WG_amp': 0.14462309586543473, 'WG_Phalf': 1527.601000228949, 'WG_k': 44.00955447865952, 'WG_c': 6.8829321993692805, 'rain_shift': 2.8247496038137525, 'ign_k': 0.7863017322628406, 'rate_power': 0.7623997088850081}. Best is trial 209 with value: 0.6108097453057891.
[I 2026-05-22 18:12:20,664] Trial 772 finished with value: 0.6022706158897825 and parameters: {'P_amp': 0.0480075287592686, 'P_wet': 3745.3489116885976, 'P_pow': 3.2034151862236806, 'WG_amp': 0.14827453621667364, 'WG_Phalf': 399.5053448999806, 'WG_k': 3.2912603976575765, 'WG_c': 0.18632948959108184, 'rain_shift': 1.4745524123680023, 'ign_k': 0.7519972878439647, 'rate_power': 0.9724574473817831}. Best is trial 209 with value: 0.6108097453057891.
[I 2026-05-22 18:12:21,147] Trial 773 finished with value: 0.6070784181487502 and parameters: {'P_amp': 0.6574947008572383, 'P_wet': 2848.294018250533, 'P_pow': 2.9437439470070283, 'WG_amp': 0.12696814499133557, 'WG_Phalf': 338.5550955660848, 'WG_k': 1.849975968039409, 'WG_c': 0.23214243922060218, 'rain_shift': 0.30385376012430204, 'ign_k': 0.9599746755118531, 'rate_power': 1.1026099768235325}. Best is trial 209 with value: 0.6108097453057891.
[I 2026-05-22 18:12:21,612] Trial 774 finished with value: 0.5840619839313018 and parameters: {'P_amp': 0.18437903953161588, 'P_wet': 5241.912738232653, 'P_pow': 3.8999403813598392, 'WG_amp': 0.055127727924813005, 'WG_Phalf': 428.3374181430772, 'WG_k': 6.954992278378799, 'WG_c': 7.860274704839319, 'rain_shift': 1.660523172281872, 'ign_k': 1.3792430112532879, 'rate_power': 1.2462425547130764}. Best is trial 209 with value: 0.6108097453057891.
[I 2026-05-22 18:12:22,078] Trial 775 finished with value: 0.5702838178178152 and parameters: {'P_amp': 0.20598302729943263, 'P_wet': 3192.9063143231774, 'P_pow': 1.1552067986122663, 'WG_amp': 0.5250397339597138, 'WG_Phalf': 1447.79874501199, 'WG_k': 2.9332887154510545, 'WG_c': 0.04409673035354232, 'rain_shift': 3.7928341426745167, 'ign_k': 0.2639657436761403, 'rate_power': 0.9276906253152214}. Best is trial 209 with value: 0.6108097453057891.
[I 2026-05-22 18:12:22,550] Trial 776 finished with value: 0.5738891209775485 and parameters: {'P_amp': 0.2017436677345888, 'P_wet': 5557.284406724491, 'P_pow': 3.7857611948666983, 'WG_amp': 0.017998047978370527, 'WG_Phalf': 522.8088715586648, 'WG_k': 4.13882125023233, 'WG_c': 2.5558591032725375, 'rain_shift': 3.181628223207455, 'ign_k': 0.3649765778813116, 'rate_power': 1.1433408201730384}. Best is trial 209 with value: 0.6108097453057891.
[I 2026-05-22 18:12:23,022] Trial 777 finished with value: 0.5577791428737009 and parameters: {'P_amp': 0.6078357094939358, 'P_wet': 5338.54209246547, 'P_pow': 3.764188003743257, 'WG_amp': 0.5501242971828901, 'WG_Phalf': 175.3302429725243, 'WG_k': 6.839404668719877, 'WG_c': 0.1257452937284243, 'rain_shift': 2.018520413614983, 'ign_k': 1.4120448931715892, 'rate_power': 1.1913967148961413}. Best is trial 209 with value: 0.6108097453057891.
[I 2026-05-22 18:12:23,490] Trial 778 finished with value: 0.5007722418016567 and parameters: {'P_amp': 0.5009982787052144, 'P_wet': 362.4414894377104, 'P_pow': 3.7080222542240553, 'WG_amp': 0.6846252740216489, 'WG_Phalf': 137.94310474806105, 'WG_k': 6.58916018372937, 'WG_c': 0.00304986528960951, 'rain_shift': 1.9953661335802049, 'ign_k': 0.6155522531653159, 'rate_power': 1.2077975827108784}. Best is trial 209 with value: 0.6108097453057891.
[I 2026-05-22 18:12:23,959] Trial 779 finished with value: 0.5368373370102224 and parameters: {'P_amp': 0.7935473588082598, 'P_wet': 679.8337072983685, 'P_pow': 0.7926571443562676, 'WG_amp': 0.6229958491320597, 'WG_Phalf': 538.6737109761726, 'WG_k': 2.4519983134568126, 'WG_c': 0.9900342662039805, 'rain_shift': 4.37488132554056, 'ign_k': 0.19649298430056106, 'rate_power': 0.9432038757736331}. Best is trial 209 with value: 0.6108097453057891.
[I 2026-05-22 18:12:24,426] Trial 780 finished with value: 0.49285295308333466 and parameters: {'P_amp': 0.7625110284573556, 'P_wet': 329.26735095501084, 'P_pow': 3.575634646750352, 'WG_amp': 0.3632338543714715, 'WG_Phalf': 152.06315360307485, 'WG_k': 0.12311277860182084, 'WG_c': 0.000920011698616598, 'rain_shift': 8.829593856227863, 'ign_k': 0.22049012108326466, 'rate_power': 0.8467472029270771}. Best is trial 209 with value: 0.6108097453057891.
