[I 2026-05-22 18:07:04,258] Trial 95 finished with value: 0.6015198310536903 and parameters: {'P_amp': 0.015617093258311843, 'P_wet': 1868.4455682909108, 'P_pow': 1.9220944224066376, 'WG_amp': 0.25301362383787407, 'WG_Phalf': 209.525708841627, 'WG_k': 2.925043565971902, 'WG_c': 4.241197459815739, 'rain_shift': 0.9942526918613279, 'ign_k': 1.3626081864310982, 'rate_power': 1.1252821359631624}. Best is trial 28 with value: 0.609728290596246.
[I 2026-05-22 18:07:04,743] Trial 96 finished with value: 0.5912429837855697 and parameters: {'P_amp': 0.09231764977049575, 'P_wet': 4355.1636578467505, 'P_pow': 0.45598916443762944, 'WG_amp': 0.06834418695472821, 'WG_Phalf': 936.1284705390844, 'WG_k': 2.285241862445462, 'WG_c': 5.457185810293147, 'rain_shift': 0.016416157680601784, 'ign_k': 0.3959439949087571, 'rate_power': 0.9809217909095307}. Best is trial 28 with value: 0.609728290596246.
[I 2026-05-22 18:07:05,215] Trial 97 finished with value: 0.5813243068218596 and parameters: {'P_amp': 0.06585271468845343, 'P_wet': 5728.466484170518, 'P_pow': 0.32164436150309855, 'WG_amp': 0.23817323874221977, 'WG_Phalf': 553.0311489509817, 'WG_k': 63.43216255319554, 'WG_c': 0.13118503480028212, 'rain_shift': 0.5512248402268389, 'ign_k': 0.20821404049035525, 'rate_power': 0.8639170821848312}. Best is trial 28 with value: 0.609728290596246.
[I 2026-05-22 18:07:05,678] Trial 98 finished with value: 0.5584173784922345 and parameters: {'P_amp': 0.1931314701385815, 'P_wet': 953.4429482966038, 'P_pow': 1.1680835775873974, 'WG_amp': 0.1585117027140452, 'WG_Phalf': 220.96516745817658, 'WG_k': 87.32325800760192, 'WG_c': 0.5383351236213864, 'rain_shift': 4.005013594132223, 'ign_k': 1.0794583866601473, 'rate_power': 0.9050687915265581}. Best is trial 28 with value: 0.609728290596246.
[I 2026-05-22 18:07:06,141] Trial 99 finished with value: 0.580217194330839 and parameters: {'P_amp': 0.15394329922367112, 'P_wet': 1240.9642654809486, 'P_pow': 1.308945919017312, 'WG_amp': 0.16909226674698546, 'WG_Phalf': 196.47304923007513, 'WG_k': 0.994035351944862, 'WG_c': 0.7806479778681422, 'rain_shift': 1.7251624614576038, 'ign_k': 0.5111334904253639, 'rate_power': 1.2651943327126005}. Best is trial 28 with value: 0.609728290596246.
[I 2026-05-22 18:07:06,606] Trial 100 finished with value: 0.5172786062493224 and parameters: {'P_amp': 0.8355508638868079, 'P_wet': 2044.59715677547, 'P_pow': 0.20761063232172905, 'WG_amp': 0.8673611382168694, 'WG_Phalf': 1021.2013369846688, 'WG_k': 1.98428037010022, 'WG_c': 0.00022507270776991713, 'rain_shift': 0.9516081179103697, 'ign_k': 0.052236852870120996, 'rate_power': 1.2084931531836698}. Best is trial 28 with value: 0.609728290596246.
[I 2026-05-22 18:07:07,069] Trial 101 finished with value: 0.6087055222167155 and parameters: {'P_amp': 0.004466997983496618, 'P_wet': 620.0034516616926, 'P_pow': 1.5229864169733498, 'WG_amp': 0.3472256751718315, 'WG_Phalf': 1710.4954056601314, 'WG_k': 36.61790366379899, 'WG_c': 0.6230972847895805, 'rain_shift': 0.24306051400663609, 'ign_k': 0.8685748883844454, 'rate_power': 1.1209335887398457}. Best is trial 28 with value: 0.609728290596246.
[I 2026-05-22 18:07:07,536] Trial 102 finished with value: 0.6057630382485977 and parameters: {'P_amp': 0.008799540220654323, 'P_wet': 385.58399948532036, 'P_pow': 1.34988984323069, 'WG_amp': 0.3557368950109648, 'WG_Phalf': 3129.9403822885747, 'WG_k': 8.433765574380763, 'WG_c': 0.4082554845461991, 'rain_shift': 0.09592097910286201, 'ign_k': 0.9740244253898699, 'rate_power': 0.9997386078781602}. Best is trial 28 with value: 0.609728290596246.
[I 2026-05-22 18:07:08,003] Trial 103 finished with value: 0.6061920285058247 and parameters: {'P_amp': 0.004199529540120077, 'P_wet': 1389.4054202130405, 'P_pow': 1.7960758096701979, 'WG_amp': 0.2214481328551016, 'WG_Phalf': 2342.3435793437084, 'WG_k': 18.272343780540698, 'WG_c': 0.10112091600475033, 'rain_shift': 0.7957376324493646, 'ign_k': 0.4781590682652512, 'rate_power': 1.1120508307814716}. Best is trial 28 with value: 0.609728290596246.
[I 2026-05-22 18:07:08,463] Trial 104 finished with value: 0.5673814290625564 and parameters: {'P_amp': 0.2103621573024394, 'P_wet': 848.3041506037567, 'P_pow': 1.7459712730964694, 'WG_amp': 0.24543683402651675, 'WG_Phalf': 2457.796783590218, 'WG_k': 2.111400814314405, 'WG_c': 4.928963542775212, 'rain_shift': 2.203185725845784, 'ign_k': 1.5135430995022259, 'rate_power': 1.1667995966069145}. Best is trial 28 with value: 0.609728290596246.
[I 2026-05-22 18:07:08,929] Trial 105 finished with value: 0.5613337829918875 and parameters: {'P_amp': 0.24602375963761217, 'P_wet': 401.72324759761767, 'P_pow': 1.2787330402871357, 'WG_amp': 0.7826599891609952, 'WG_Phalf': 351.71129242393454, 'WG_k': 31.2622729516369, 'WG_c': 0.08401986529136343, 'rain_shift': 0.7475899865122067, 'ign_k': 1.5852877224550403, 'rate_power': 1.1334048912631745}. Best is trial 28 with value: 0.609728290596246.
[I 2026-05-22 18:07:09,397] Trial 106 finished with value: 0.590721213538059 and parameters: {'P_amp': 0.05830872790223117, 'P_wet': 1240.7129383421463, 'P_pow': 2.5477909599279505, 'WG_amp': 0.3647628331957327, 'WG_Phalf': 256.6287597060888, 'WG_k': 6.934547246192808, 'WG_c': 6.635278493956121, 'rain_shift': 1.2574251964423535, 'ign_k': 0.23163559902870953, 'rate_power': 1.107941814229482}. Best is trial 28 with value: 0.609728290596246.
[I 2026-05-22 18:07:09,861] Trial 107 finished with value: 0.5307291126580763 and parameters: {'P_amp': 0.4901106368766216, 'P_wet': 3982.7789401365294, 'P_pow': 5.480731414175376, 'WG_amp': 0.8445458093982124, 'WG_Phalf': 166.80135475190025, 'WG_k': 0.016519858152012058, 'WG_c': 0.0004384429649283418, 'rain_shift': 4.9583242964833065, 'ign_k': 0.21482798572248546, 'rate_power': 1.07068932978606}. Best is trial 28 with value: 0.609728290596246.
[I 2026-05-22 18:07:10,327] Trial 108 finished with value: 0.5833058787756069 and parameters: {'P_amp': 0.11806037097070589, 'P_wet': 625.6786089268131, 'P_pow': 0.26734458298152575, 'WG_amp': 0.1786104307264823, 'WG_Phalf': 4418.735575423443, 'WG_k': 87.33758090834743, 'WG_c': 0.4960699322005386, 'rain_shift': 1.5903113091357026, 'ign_k': 1.8671894306414083, 'rate_power': 1.168828672930822}. Best is trial 28 with value: 0.609728290596246.
[I 2026-05-22 18:07:10,790] Trial 109 finished with value: 0.5489218881554099 and parameters: {'P_amp': 0.22955540722265882, 'P_wet': 1368.1224574680439, 'P_pow': 0.6552327826071672, 'WG_amp': 0.6656228342187187, 'WG_Phalf': 212.3315737874812, 'WG_k': 2.4117182451565458, 'WG_c': 0.13531372223497085, 'rain_shift': 2.6674529263093154, 'ign_k': 0.5662104833787109, 'rate_power': 1.0825564796642977}. Best is trial 28 with value: 0.609728290596246.
[I 2026-05-22 18:07:11,252] Trial 110 finished with value: 0.6029649483092915 and parameters: {'P_amp': 0.47827521146795426, 'P_wet': 2333.8772622863507, 'P_pow': 3.824047003246413, 'WG_amp': 0.10510394811037849, 'WG_Phalf': 228.73553086958438, 'WG_k': 4.734243912485245, 'WG_c': 0.00025500592714135364, 'rain_shift': 1.6516346161491562, 'ign_k': 0.4085703390112119, 'rate_power': 0.9349826773312258}. Best is trial 28 with value: 0.609728290596246.
[I 2026-05-22 18:07:11,714] Trial 111 finished with value: 0.6028108024990175 and parameters: {'P_amp': 0.1179366325132811, 'P_wet': 870.3654484796308, 'P_pow': 1.3774984126241638, 'WG_amp': 0.3379870927799504, 'WG_Phalf': 639.0287878800009, 'WG_k': 7.198323561374794, 'WG_c': 0.2410541827795255, 'rain_shift': 0.3333737293206984, 'ign_k': 2.148887149905658, 'rate_power': 1.073341499558557}. Best is trial 28 with value: 0.609728290596246.
[I 2026-05-22 18:07:12,177] Trial 112 finished with value: 0.6055800767031466 and parameters: {'P_amp': 0.07591959438067243, 'P_wet': 3322.289981327666, 'P_pow': 1.0087729494774051, 'WG_amp': 0.30121424999917434, 'WG_Phalf': 829.399392560749, 'WG_k': 59.44575331190828, 'WG_c': 0.5842644179662595, 'rain_shift': 0.2106162389932968, 'ign_k': 1.1588493888460945, 'rate_power': 1.2805300927912873}. Best is trial 28 with value: 0.609728290596246.
[I 2026-05-22 18:07:12,639] Trial 113 finished with value: 0.5824697639058063 and parameters: {'P_amp': 0.06844313009191516, 'P_wet': 1537.7460302740758, 'P_pow': 0.46731724536579944, 'WG_amp': 0.3136498012866524, 'WG_Phalf': 1160.3459362535455, 'WG_k': 66.78693879531956, 'WG_c': 3.022165267991951, 'rain_shift': 2.0524679938052444, 'ign_k': 1.194427102007175, 'rate_power': 1.0639520297797496}. Best is trial 28 with value: 0.609728290596246.
[I 2026-05-22 18:07:13,104] Trial 114 finished with value: 0.5630023234985216 and parameters: {'P_amp': 0.7441240312228007, 'P_wet': 391.077405222763, 'P_pow': 4.190140558841949, 'WG_amp': 0.17400996926007284, 'WG_Phalf': 157.32741219770753, 'WG_k': 69.06831783153496, 'WG_c': 1.5330747783475014, 'rain_shift': 1.2017272435881576, 'ign_k': 1.7282305560284088, 'rate_power': 0.7082253681714592}. Best is trial 28 with value: 0.609728290596246.
[I 2026-05-22 18:07:13,562] Trial 115 finished with value: 0.6018125629519382 and parameters: {'P_amp': 0.08915787750094421, 'P_wet': 4285.273712658157, 'P_pow': 0.24042621950339804, 'WG_amp': 0.19501922748530218, 'WG_Phalf': 1900.0930738831444, 'WG_k': 6.412271870165596, 'WG_c': 0.11353406371553382, 'rain_shift': 2.0286878350674398, 'ign_k': 0.7683999102410342, 'rate_power': 0.7736237427246155}. Best is trial 28 with value: 0.609728290596246.
[I 2026-05-22 18:07:14,021] Trial 116 finished with value: 0.5982817712110367 and parameters: {'P_amp': 0.031717461786985195, 'P_wet': 3046.5451968030566, 'P_pow': 0.2770663352044268, 'WG_amp': 0.1007267358245554, 'WG_Phalf': 1721.9292024023994, 'WG_k': 58.48212980430103, 'WG_c': 0.8699114533123056, 'rain_shift': 0.8517563616351017, 'ign_k': 0.3762039580791998, 'rate_power': 0.848730903886412}. Best is trial 28 with value: 0.609728290596246.
[I 2026-05-22 18:07:14,478] Trial 117 finished with value: 0.5938859443919129 and parameters: {'P_amp': 0.2880955702506175, 'P_wet': 775.981624868222, 'P_pow': 0.7361975654432288, 'WG_amp': 0.2683103135934766, 'WG_Phalf': 766.9496410965445, 'WG_k': 50.63825759317665, 'WG_c': 0.10978527821643404, 'rain_shift': 1.3827672771735395, 'ign_k': 0.6507255045198621, 'rate_power': 0.993986959179376}. Best is trial 28 with value: 0.609728290596246.
[I 2026-05-22 18:07:14,938] Trial 118 finished with value: 0.6068702610612706 and parameters: {'P_amp': 0.13041316255892849, 'P_wet': 1281.0038960382903, 'P_pow': 0.4500314065962389, 'WG_amp': 0.28260063880390207, 'WG_Phalf': 1689.9522483418784, 'WG_k': 19.773756574230696, 'WG_c': 0.39289304485023335, 'rain_shift': 0.23374718838349917, 'ign_k': 0.6864245412880962, 'rate_power': 1.0120955813859704}. Best is trial 28 with value: 0.609728290596246.
[I 2026-05-22 18:07:15,395] Trial 119 finished with value: 0.6017513367803742 and parameters: {'P_amp': 0.14742540517147618, 'P_wet': 2040.3627077434412, 'P_pow': 1.1670805887408515, 'WG_amp': 0.33345794507530846, 'WG_Phalf': 550.9210714600973, 'WG_k': 85.86743447440043, 'WG_c': 5.808943702159582, 'rain_shift': 0.4017675955032758, 'ign_k': 0.4569936268263633, 'rate_power': 0.9657817061420071}. Best is trial 28 with value: 0.609728290596246.
[I 2026-05-22 18:07:15,910] Trial 120 finished with value: 0.5843138513732442 and parameters: {'P_amp': 0.04914940453435808, 'P_wet': 430.9271798682736, 'P_pow': 3.480440323313071, 'WG_amp': 0.4395700466963963, 'WG_Phalf': 1933.3806546191909, 'WG_k': 4.749892086195424, 'WG_c': 0.1165596182507476, 'rain_shift': 1.7352709628042358, 'ign_k': 0.28539140506817917, 'rate_power': 1.1486510791275628}. Best is trial 28 with value: 0.609728290596246.
[I 2026-05-22 18:07:16,410] Trial 121 finished with value: 0.5980644566031915 and parameters: {'P_amp': 0.05022361612809986, 'P_wet': 5964.676789474381, 'P_pow': 0.2512491904218147, 'WG_amp': 0.003338983397276743, 'WG_Phalf': 980.257820220742, 'WG_k': 3.620300664737906, 'WG_c': 8.106873110527447, 'rain_shift': 0.29127395274481704, 'ign_k': 1.8281247875762905, 'rate_power': 0.8059869782201432}. Best is trial 28 with value: 0.609728290596246.
[I 2026-05-22 18:07:16,905] Trial 122 finished with value: 0.6034955297623478 and parameters: {'P_amp': 0.43498250078562395, 'P_wet': 4454.9500679725215, 'P_pow': 0.6186023528289908, 'WG_amp': 0.08195509794404404, 'WG_Phalf': 2814.5288143280936, 'WG_k': 3.746981259267571, 'WG_c': 1.4791832732724006, 'rain_shift': 0.401603052381203, 'ign_k': 0.5688574998547473, 'rate_power': 0.9274500850256465}. Best is trial 28 with value: 0.609728290596246.
[I 2026-05-22 18:07:17,371] Trial 123 finished with value: 0.6002164262886104 and parameters: {'P_amp': 0.005079455018296602, 'P_wet': 472.7924777309186, 'P_pow': 0.8297116768007511, 'WG_amp': 0.3892474212644821, 'WG_Phalf': 2937.596035155593, 'WG_k': 13.951029679755232, 'WG_c': 0.4215262864704219, 'rain_shift': 0.8778481335309705, 'ign_k': 0.8605732042209916, 'rate_power': 1.253554049273539}. Best is trial 28 with value: 0.609728290596246.
[I 2026-05-22 18:07:17,839] Trial 124 finished with value: 0.5581398221109595 and parameters: {'P_amp': 0.6266368030462253, 'P_wet': 2416.6621056905165, 'P_pow': 4.303969057279217, 'WG_amp': 0.8005621001468144, 'WG_Phalf': 4210.925069556928, 'WG_k': 0.03631598572125446, 'WG_c': 0.0010177250888996309, 'rain_shift': 7.813448476818498, 'ign_k': 0.052725536900129474, 'rate_power': 1.0426845394156359}. Best is trial 28 with value: 0.609728290596246.
[I 2026-05-22 18:07:18,304] Trial 125 finished with value: 0.608715723230864 and parameters: {'P_amp': 0.02180963774660975, 'P_wet': 4522.2600998696, 'P_pow': 0.49098273721784624, 'WG_amp': 0.15327154662793, 'WG_Phalf': 342.81900694626756, 'WG_k': 3.9346640881854955, 'WG_c': 1.3048519256931872, 'rain_shift': 0.5305947331111636, 'ign_k': 0.6263261808246369, 'rate_power': 1.0088695732000628}. Best is trial 28 with value: 0.609728290596246.
[I 2026-05-22 18:07:18,767] Trial 126 finished with value: 0.5876333724531234 and parameters: {'P_amp': 0.07971461992833476, 'P_wet': 1258.7353590497094, 'P_pow': 1.3907047082058726, 'WG_amp': 0.264668864254577, 'WG_Phalf': 236.60415573280363, 'WG_k': 53.90398860109834, 'WG_c': 0.09876777664197854, 'rain_shift': 1.4609489960176023, 'ign_k': 0.5577256629119012, 'rate_power': 1.184837539308036}. Best is trial 28 with value: 0.609728290596246.
[I 2026-05-22 18:07:19,227] Trial 127 finished with value: 0.597149021007702 and parameters: {'P_amp': 0.08137713168831981, 'P_wet': 1915.8713038470546, 'P_pow': 0.3283573046607531, 'WG_amp': 0.12618129840251946, 'WG_Phalf': 441.0805787953466, 'WG_k': 89.87228620878622, 'WG_c': 1.5339966079648186, 'rain_shift': 1.6332962349277078, 'ign_k': 0.671266074198334, 'rate_power': 1.068364632076974}. Best is trial 28 with value: 0.609728290596246.
[I 2026-05-22 18:07:19,705] Trial 128 finished with value: 0.6059247344767625 and parameters: {'P_amp': 0.0702810276298529, 'P_wet': 973.4380693450103, 'P_pow': 2.9828189364513333, 'WG_amp': 0.0924935902053527, 'WG_Phalf': 1508.9188261257739, 'WG_k': 36.977539494758794, 'WG_c': 3.550831617254494, 'rain_shift': 0.27042369732280214, 'ign_k': 1.4574197018446102, 'rate_power': 1.1718226338921005}. Best is trial 28 with value: 0.609728290596246.
[I 2026-05-22 18:07:20,174] Trial 129 finished with value: 0.6019676699081633 and parameters: {'P_amp': 0.10443289712049932, 'P_wet': 497.63170678477326, 'P_pow': 0.6546449519858569, 'WG_amp': 0.24210145420264823, 'WG_Phalf': 392.8150588446392, 'WG_k': 45.719750033321255, 'WG_c': 2.42196835465774, 'rain_shift': 0.9631509991331392, 'ign_k': 1.3858623631096727, 'rate_power': 1.0336533271207415}. Best is trial 28 with value: 0.609728290596246.
[I 2026-05-22 18:07:20,633] Trial 130 finished with value: 0.6075983415621837 and parameters: {'P_amp': 0.10918447574904037, 'P_wet': 3895.954781790805, 'P_pow': 0.47045160493214244, 'WG_amp': 0.2043169307665002, 'WG_Phalf': 410.8514500812835, 'WG_k': 9.679133988454975, 'WG_c': 1.6833379081822728, 'rain_shift': 0.4481714037673271, 'ign_k': 0.6504664726509425, 'rate_power': 0.9834566589722065}. Best is trial 28 with value: 0.609728290596246.
[I 2026-05-22 18:07:21,096] Trial 131 finished with value: 0.5933110034599349 and parameters: {'P_amp': 0.05195994540648247, 'P_wet': 482.5788216423153, 'P_pow': 1.8908515507803094, 'WG_amp': 0.403042960624278, 'WG_Phalf': 955.7477062587723, 'WG_k': 96.05358439201866, 'WG_c': 0.13143236882325887, 'rain_shift': 0.8877848097739272, 'ign_k': 1.5206323529243213, 'rate_power': 1.1843254148647109}. Best is trial 28 with value: 0.609728290596246.
[I 2026-05-22 18:07:21,566] Trial 132 finished with value: 0.6076854711497813 and parameters: {'P_amp': 0.0678527027459654, 'P_wet': 5140.976686042578, 'P_pow': 2.328834679490243, 'WG_amp': 0.05660268728018354, 'WG_Phalf': 282.90737757835836, 'WG_k': 1.3900626959173648, 'WG_c': 0.5350980085323147, 'rain_shift': 0.23509249896761408, 'ign_k': 1.0831125847651137, 'rate_power': 1.0811000998053923}. Best is trial 28 with value: 0.609728290596246.
[I 2026-05-22 18:07:22,025] Trial 133 finished with value: 0.6063148699484866 and parameters: {'P_amp': 0.18147488930051642, 'P_wet': 5507.697856203098, 'P_pow': 1.4021580976425092, 'WG_amp': 0.1532872110046964, 'WG_Phalf': 266.48791433071955, 'WG_k': 33.39173490171859, 'WG_c': 0.16845486873071866, 'rain_shift': 0.149488226556935, 'ign_k': 0.6828074877157023, 'rate_power': 1.0717459930313389}. Best is trial 28 with value: 0.609728290596246.
[I 2026-05-22 18:07:22,492] Trial 134 finished with value: 0.600915821114303 and parameters: {'P_amp': 0.3087739469375922, 'P_wet': 3633.35300940001, 'P_pow': 1.7688933565531935, 'WG_amp': 0.020320776761621064, 'WG_Phalf': 211.20044383724303, 'WG_k': 0.07491898961623716, 'WG_c': 2.4387819551960566, 'rain_shift': 0.8451483785371376, 'ign_k': 1.2180483181582962, 'rate_power': 1.1825259582088157}. Best is trial 28 with value: 0.609728290596246.
[I 2026-05-22 18:07:22,961] Trial 135 finished with value: 0.5789495611055286 and parameters: {'P_amp': 0.1920548214722434, 'P_wet': 4465.352618652392, 'P_pow': 0.7853007044786968, 'WG_amp': 0.10722229622709091, 'WG_Phalf': 232.88100390704352, 'WG_k': 2.792505259512202, 'WG_c': 0.04453980220016833, 'rain_shift': 2.1451701338655758, 'ign_k': 0.9762101474638915, 'rate_power': 1.0428535581292666}. Best is trial 28 with value: 0.609728290596246.
[I 2026-05-22 18:07:23,463] Trial 136 finished with value: 0.6076979645820414 and parameters: {'P_amp': 0.03614878108559182, 'P_wet': 4969.529492585742, 'P_pow': 2.872635688259697, 'WG_amp': 0.01877608570053868, 'WG_Phalf': 147.05515197382698, 'WG_k': 4.8980959581778905, 'WG_c': 0.27562817822926017, 'rain_shift': 0.8759127142396546, 'ign_k': 0.8117221743043052, 'rate_power': 1.056718435076247}. Best is trial 28 with value: 0.609728290596246.
[I 2026-05-22 18:07:23,941] Trial 137 finished with value: 0.5618520451458485 and parameters: {'P_amp': 0.027886561132381867, 'P_wet': 4098.041996125019, 'P_pow': 2.716561332767744, 'WG_amp': 0.13490292045232638, 'WG_Phalf': 119.41406716209613, 'WG_k': 0.7038176922583759, 'WG_c': 0.24839404256880626, 'rain_shift': 3.2271751193347296, 'ign_k': 0.8010095498700046, 'rate_power': 1.1146111172585325}. Best is trial 28 with value: 0.609728290596246.
[I 2026-05-22 18:07:24,406] Trial 138 finished with value: 0.605365895699169 and parameters: {'P_amp': 0.09893441141472481, 'P_wet': 5090.3629410436415, 'P_pow': 0.4526814118081246, 'WG_amp': 0.07262948482440654, 'WG_Phalf': 772.3168041243035, 'WG_k': 13.57244546469695, 'WG_c': 8.04156647537383, 'rain_shift': 1.1051769245830898, 'ign_k': 0.8274607268093345, 'rate_power': 0.9988903491867087}. Best is trial 28 with value: 0.609728290596246.
[I 2026-05-22 18:07:24,867] Trial 139 finished with value: 0.5994556901010983 and parameters: {'P_amp': 0.042665537194616576, 'P_wet': 4935.014872447065, 'P_pow': 1.5517066581950099, 'WG_amp': 0.18214186074324, 'WG_Phalf': 263.18819803480125, 'WG_k': 2.268391079763647, 'WG_c': 0.11883993613547772, 'rain_shift': 1.0448754632551904, 'ign_k': 1.023379665365505, 'rate_power': 1.0874403557141643}. Best is trial 28 with value: 0.609728290596246.
[I 2026-05-22 18:07:25,330] Trial 140 finished with value: 0.574233683008186 and parameters: {'P_amp': 0.04281507848208393, 'P_wet': 5799.151595868151, 'P_pow': 2.4222669434784083, 'WG_amp': 0.14076104614785162, 'WG_Phalf': 824.5321728435274, 'WG_k': 51.17129334015931, 'WG_c': 9.910295341041861, 'rain_shift': 3.5559752507069056, 'ign_k': 0.26084833123481177, 'rate_power': 1.082002093177192}. Best is trial 28 with value: 0.609728290596246.
[I 2026-05-22 18:07:25,792] Trial 141 finished with value: 0.5859495027176506 and parameters: {'P_amp': 0.01546495684507044, 'P_wet': 4496.352082744321, 'P_pow': 3.813852810109088, 'WG_amp': 0.12702335814545263, 'WG_Phalf': 202.06442014621797, 'WG_k': 1.5542516033257765, 'WG_c': 2.5908159695141344, 'rain_shift': 2.2626660188402035, 'ign_k': 0.21087770728199956, 'rate_power': 1.1014870067091191}. Best is trial 28 with value: 0.609728290596246.
[I 2026-05-22 18:07:26,257] Trial 142 finished with value: 0.6024756061013765 and parameters: {'P_amp': 0.08271647058290321, 'P_wet': 4388.326871927926, 'P_pow': 2.560179743773132, 'WG_amp': 0.1533278604410922, 'WG_Phalf': 942.6073824441554, 'WG_k': 3.098671293944866, 'WG_c': 0.9315722388759847, 'rain_shift': 0.528302909545425, 'ign_k': 2.830097361341442, 'rate_power': 1.235304051972307}. Best is trial 28 with value: 0.609728290596246.
[I 2026-05-22 18:07:26,715] Trial 143 finished with value: 0.6054957876108971 and parameters: {'P_amp': 0.11721019044309358, 'P_wet': 5247.966560387765, 'P_pow': 0.5286449138374902, 'WG_amp': 0.1438769518751304, 'WG_Phalf': 357.45325067570934, 'WG_k': 5.332934138068255, 'WG_c': 1.1227315485818241, 'rain_shift': 1.058550117554798, 'ign_k': 0.43191201220793146, 'rate_power': 1.0729540250297664}. Best is trial 28 with value: 0.609728290596246.
