[I 2026-05-22 18:03:31,511] Trial 536 finished with value: 0.6088894191284154 and parameters: {'rain_shift': 1.2137061010582664, 'ign_k': 0.6657305842979491, 'rate_power': 0.7891403513777934}. Best is trial 410 with value: 0.6109037913262729.
[I 2026-05-22 18:03:31,859] Trial 537 finished with value: 0.5993423886032833 and parameters: {'rain_shift': 2.573354040612982, 'ign_k': 0.5766173195029383, 'rate_power': 0.7876114356202906}. Best is trial 410 with value: 0.6109037913262729.
[I 2026-05-22 18:03:32,205] Trial 538 finished with value: 0.5876075939250791 and parameters: {'rain_shift': 3.2843195389250885, 'ign_k': 0.8473783132278713, 'rate_power': 0.7113141008610605}. Best is trial 410 with value: 0.6109037913262729.
[I 2026-05-22 18:03:32,550] Trial 539 finished with value: 0.6006488545010148 and parameters: {'rain_shift': 1.1088269825639474, 'ign_k': 0.3905978881385643, 'rate_power': 0.7844598204891766}. Best is trial 410 with value: 0.6109037913262729.
[I 2026-05-22 18:03:32,899] Trial 540 finished with value: 0.5879975058508048 and parameters: {'rain_shift': 3.4292198650121266, 'ign_k': 0.7453994889935143, 'rate_power': 0.7053021812526193}. Best is trial 410 with value: 0.6109037913262729.
[I 2026-05-22 18:03:33,247] Trial 541 finished with value: 0.5801188632663952 and parameters: {'rain_shift': 2.802539436952337, 'ign_k': 0.9763829055093842, 'rate_power': 0.9016164250912624}. Best is trial 410 with value: 0.6109037913262729.
[I 2026-05-22 18:03:33,591] Trial 542 finished with value: 0.5940445604747112 and parameters: {'rain_shift': 1.2858884041127914, 'ign_k': 0.26587252771465164, 'rate_power': 0.8912653620687707}. Best is trial 410 with value: 0.6109037913262729.
[I 2026-05-22 18:03:33,938] Trial 543 finished with value: 0.6098261342992214 and parameters: {'rain_shift': 1.7338567921780317, 'ign_k': 0.5722840737266733, 'rate_power': 0.8179138417419756}. Best is trial 410 with value: 0.6109037913262729.
[I 2026-05-22 18:03:34,286] Trial 544 finished with value: 0.6075982794069588 and parameters: {'rain_shift': 1.891183685603148, 'ign_k': 0.4319868149676209, 'rate_power': 0.7062834349960957}. Best is trial 410 with value: 0.6109037913262729.
[I 2026-05-22 18:03:34,633] Trial 545 finished with value: 0.6022350523322267 and parameters: {'rain_shift': 1.2397355848513079, 'ign_k': 1.9792784676042254, 'rate_power': 0.8179683636475945}. Best is trial 410 with value: 0.6109037913262729.
[I 2026-05-22 18:03:34,987] Trial 546 finished with value: 0.6105188082462716 and parameters: {'rain_shift': 2.034571329819052, 'ign_k': 0.5399501851314238, 'rate_power': 0.7009558369841178}. Best is trial 410 with value: 0.6109037913262729.
[I 2026-05-22 18:03:35,334] Trial 547 finished with value: 0.5986931460733927 and parameters: {'rain_shift': 0.957073914546865, 'ign_k': 0.48795427420828574, 'rate_power': 0.7214388081442175}. Best is trial 410 with value: 0.6109037913262729.
[I 2026-05-22 18:03:35,678] Trial 548 finished with value: 0.5728882878214947 and parameters: {'rain_shift': 1.0597042920933157, 'ign_k': 0.10654527840132057, 'rate_power': 1.2834249572416814}. Best is trial 410 with value: 0.6109037913262729.
[I 2026-05-22 18:03:36,030] Trial 549 finished with value: 0.5819418963444244 and parameters: {'rain_shift': 1.488266474716343, 'ign_k': 0.23517928721563625, 'rate_power': 0.7058563839623516}. Best is trial 410 with value: 0.6109037913262729.
[I 2026-05-22 18:03:36,380] Trial 550 finished with value: 0.603330481784996 and parameters: {'rain_shift': 2.415113741111337, 'ign_k': 0.7376820182962901, 'rate_power': 0.7053392973107704}. Best is trial 410 with value: 0.6109037913262729.
[I 2026-05-22 18:03:36,725] Trial 551 finished with value: 0.575861706011036 and parameters: {'rain_shift': 0.3913646022370685, 'ign_k': 0.3871125302593013, 'rate_power': 0.709406046887095}. Best is trial 410 with value: 0.6109037913262729.
[I 2026-05-22 18:03:37,073] Trial 552 finished with value: 0.6053463153719393 and parameters: {'rain_shift': 2.599469463792425, 'ign_k': 0.5296154059103914, 'rate_power': 0.7065485813647747}. Best is trial 410 with value: 0.6109037913262729.
[I 2026-05-22 18:03:37,418] Trial 553 finished with value: 0.5829374874016101 and parameters: {'rain_shift': 3.8016149592939597, 'ign_k': 0.4581449825427646, 'rate_power': 0.820688624990356}. Best is trial 410 with value: 0.6109037913262729.
[I 2026-05-22 18:03:37,816] Trial 554 finished with value: 0.6040703544335111 and parameters: {'rain_shift': 1.2911014961231406, 'ign_k': 1.0703802426208089, 'rate_power': 0.7009845177442844}. Best is trial 410 with value: 0.6109037913262729.
[I 2026-05-22 18:03:38,207] Trial 555 finished with value: 0.606674038288442 and parameters: {'rain_shift': 2.135436246898983, 'ign_k': 0.7756114328809681, 'rate_power': 0.7012053353599748}. Best is trial 410 with value: 0.6109037913262729.
[I 2026-05-22 18:03:38,559] Trial 556 finished with value: 0.6045085155189438 and parameters: {'rain_shift': 1.8838477979249613, 'ign_k': 0.36727342861605866, 'rate_power': 0.7653010863054905}. Best is trial 410 with value: 0.6109037913262729.
[I 2026-05-22 18:03:38,910] Trial 557 finished with value: 0.5727094703352127 and parameters: {'rain_shift': 0.13582673728570693, 'ign_k': 0.47717261678933, 'rate_power': 0.701215590725957}. Best is trial 410 with value: 0.6109037913262729.
[I 2026-05-22 18:03:39,263] Trial 558 finished with value: 0.6098383313752272 and parameters: {'rain_shift': 1.6986704185146178, 'ign_k': 0.5293425071503084, 'rate_power': 0.7030448665183662}. Best is trial 410 with value: 0.6109037913262729.
[I 2026-05-22 18:03:39,612] Trial 559 finished with value: 0.600346573888165 and parameters: {'rain_shift': 2.504097490151625, 'ign_k': 0.3207556104457213, 'rate_power': 0.7780094081682941}. Best is trial 410 with value: 0.6109037913262729.
[I 2026-05-22 18:03:39,964] Trial 560 finished with value: 0.5996201506460581 and parameters: {'rain_shift': 3.1156632508028386, 'ign_k': 0.44841774811530916, 'rate_power': 0.7134126474755922}. Best is trial 410 with value: 0.6109037913262729.
[I 2026-05-22 18:03:40,317] Trial 561 finished with value: 0.6006027681766314 and parameters: {'rain_shift': 1.2370757937331316, 'ign_k': 0.44345076390869986, 'rate_power': 0.7032008449584713}. Best is trial 410 with value: 0.6109037913262729.
[I 2026-05-22 18:03:40,671] Trial 562 finished with value: 0.597061395689975 and parameters: {'rain_shift': 2.6669506799574605, 'ign_k': 0.38357130168114917, 'rate_power': 0.8817890345722263}. Best is trial 410 with value: 0.6109037913262729.
[I 2026-05-22 18:03:41,025] Trial 563 finished with value: 0.5790926261952549 and parameters: {'rain_shift': 3.8330991416037534, 'ign_k': 0.6788425864283535, 'rate_power': 0.7759430263486489}. Best is trial 410 with value: 0.6109037913262729.
[I 2026-05-22 18:03:41,379] Trial 564 finished with value: 0.6095885753943513 and parameters: {'rain_shift': 2.113765586701788, 'ign_k': 0.658741914889351, 'rate_power': 0.701110453757841}. Best is trial 410 with value: 0.6109037913262729.
[I 2026-05-22 18:03:41,728] Trial 565 finished with value: 0.5973267441870957 and parameters: {'rain_shift': 2.7628614235148863, 'ign_k': 0.5497685423404943, 'rate_power': 0.7814146968801066}. Best is trial 410 with value: 0.6109037913262729.
[I 2026-05-22 18:03:42,081] Trial 566 finished with value: 0.5923932665279026 and parameters: {'rain_shift': 2.4438680217527775, 'ign_k': 0.8860726881587851, 'rate_power': 0.8206251749946838}. Best is trial 410 with value: 0.6109037913262729.
[I 2026-05-22 18:03:42,434] Trial 567 finished with value: 0.6058748242358052 and parameters: {'rain_shift': 1.5091085758456406, 'ign_k': 1.0592315398019896, 'rate_power': 0.7930354329385341}. Best is trial 410 with value: 0.6109037913262729.
[I 2026-05-22 18:03:42,786] Trial 568 finished with value: 0.5679223008751072 and parameters: {'rain_shift': 7.422109170584253, 'ign_k': 0.052822894736559656, 'rate_power': 0.9099182639917679}. Best is trial 410 with value: 0.6109037913262729.
[I 2026-05-22 18:03:43,137] Trial 569 finished with value: 0.6090190374917305 and parameters: {'rain_shift': 1.4603470938338603, 'ign_k': 0.708941753930424, 'rate_power': 0.7089462091410246}. Best is trial 410 with value: 0.6109037913262729.
[I 2026-05-22 18:03:43,489] Trial 570 finished with value: 0.6012780570588729 and parameters: {'rain_shift': 0.8418398103766476, 'ign_k': 0.43551344727940366, 'rate_power': 0.8278570542318134}. Best is trial 410 with value: 0.6109037913262729.
[I 2026-05-22 18:03:43,843] Trial 571 finished with value: 0.5808446498750176 and parameters: {'rain_shift': 3.7716573007828327, 'ign_k': 0.9759680697078941, 'rate_power': 0.7045473591608667}. Best is trial 410 with value: 0.6109037913262729.
[I 2026-05-22 18:03:44,198] Trial 572 finished with value: 0.6089050175717012 and parameters: {'rain_shift': 1.7694931945549937, 'ign_k': 0.4518505415925615, 'rate_power': 0.7829901389028864}. Best is trial 410 with value: 0.6109037913262729.
[I 2026-05-22 18:03:44,551] Trial 573 finished with value: 0.5931090823423101 and parameters: {'rain_shift': 2.5549887148073065, 'ign_k': 0.8208888883752733, 'rate_power': 0.7948758904737443}. Best is trial 410 with value: 0.6109037913262729.
[I 2026-05-22 18:03:44,907] Trial 574 finished with value: 0.5959278036418988 and parameters: {'rain_shift': 2.9523312330066758, 'ign_k': 0.2606229023330822, 'rate_power': 0.7018680168206952}. Best is trial 410 with value: 0.6109037913262729.
[I 2026-05-22 18:03:45,257] Trial 575 finished with value: 0.6063429247694829 and parameters: {'rain_shift': 2.138075256517426, 'ign_k': 0.5633800241549084, 'rate_power': 0.7876625149096539}. Best is trial 410 with value: 0.6109037913262729.
[I 2026-05-22 18:03:45,610] Trial 576 finished with value: 0.5989152660591366 and parameters: {'rain_shift': 2.065437128053765, 'ign_k': 0.7091158862678005, 'rate_power': 0.8959236345118391}. Best is trial 410 with value: 0.6109037913262729.
[I 2026-05-22 18:03:45,964] Trial 577 finished with value: 0.5906219159214156 and parameters: {'rain_shift': 0.2535241280037823, 'ign_k': 1.1298923929978357, 'rate_power': 0.7195506065435295}. Best is trial 410 with value: 0.6109037913262729.
[I 2026-05-22 18:03:46,313] Trial 578 finished with value: 0.593705381154829 and parameters: {'rain_shift': 3.1249928914675698, 'ign_k': 0.4648193127490049, 'rate_power': 0.7876200400019799}. Best is trial 410 with value: 0.6109037913262729.
[I 2026-05-22 18:03:46,662] Trial 579 finished with value: 0.606542831065656 and parameters: {'rain_shift': 1.2856524241035618, 'ign_k': 0.5729966829576276, 'rate_power': 0.7065131440291694}. Best is trial 410 with value: 0.6109037913262729.
[I 2026-05-22 18:03:47,010] Trial 580 finished with value: 0.5927506094269499 and parameters: {'rain_shift': 0.05167720971214185, 'ign_k': 0.839470004828308, 'rate_power': 0.8242958816715016}. Best is trial 410 with value: 0.6109037913262729.
[I 2026-05-22 18:03:47,355] Trial 581 finished with value: 0.6109542079341689 and parameters: {'rain_shift': 1.879371584652988, 'ign_k': 0.664302160155506, 'rate_power': 0.7046771353846467}. Best is trial 581 with value: 0.6109542079341689.
[I 2026-05-22 18:03:47,704] Trial 582 finished with value: 0.587270718114509 and parameters: {'rain_shift': 4.0305378630376065, 'ign_k': 0.5143482665895563, 'rate_power': 0.7066654922016796}. Best is trial 581 with value: 0.6109542079341689.
[I 2026-05-22 18:03:48,053] Trial 583 finished with value: 0.6040638752859199 and parameters: {'rain_shift': 1.0956735794914523, 'ign_k': 0.6522274995354412, 'rate_power': 0.701001867591505}. Best is trial 581 with value: 0.6109542079341689.
[I 2026-05-22 18:03:48,407] Trial 584 finished with value: 0.6028296493801129 and parameters: {'rain_shift': 2.4054391253078937, 'ign_k': 0.7830788330214185, 'rate_power': 0.7015418656113052}. Best is trial 581 with value: 0.6109542079341689.
[I 2026-05-22 18:03:48,757] Trial 585 finished with value: 0.6081708438021424 and parameters: {'rain_shift': 1.7398855090496872, 'ign_k': 0.7601484626184641, 'rate_power': 0.7804791686289724}. Best is trial 581 with value: 0.6109542079341689.
[I 2026-05-22 18:03:49,114] Trial 586 finished with value: 0.5979882109620726 and parameters: {'rain_shift': 1.8098609682138858, 'ign_k': 0.320971403261568, 'rate_power': 0.7112477159025575}. Best is trial 581 with value: 0.6109542079341689.
[I 2026-05-22 18:03:49,477] Trial 587 finished with value: 0.6035369696330498 and parameters: {'rain_shift': 2.8543960422512322, 'ign_k': 0.4019258790688587, 'rate_power': 0.7073695173360602}. Best is trial 581 with value: 0.6109542079341689.
[I 2026-05-22 18:03:49,833] Trial 588 finished with value: 0.6103260179176188 and parameters: {'rain_shift': 1.6498050430532931, 'ign_k': 0.7330825137370661, 'rate_power': 0.700074098220943}. Best is trial 581 with value: 0.6109542079341689.
[I 2026-05-22 18:03:50,185] Trial 589 finished with value: 0.5943962788962003 and parameters: {'rain_shift': 0.5781724732998026, 'ign_k': 1.1221167062647797, 'rate_power': 0.7064462990644642}. Best is trial 581 with value: 0.6109542079341689.
[I 2026-05-22 18:03:50,538] Trial 590 finished with value: 0.5934397105072982 and parameters: {'rain_shift': 2.293828089642743, 'ign_k': 1.4688903993939852, 'rate_power': 0.7533501687984623}. Best is trial 581 with value: 0.6109542079341689.
[I 2026-05-22 18:03:50,887] Trial 591 finished with value: 0.5850002363702267 and parameters: {'rain_shift': 2.8583856002579675, 'ign_k': 1.1464577308869772, 'rate_power': 0.780513371476267}. Best is trial 581 with value: 0.6109542079341689.
[I 2026-05-22 18:03:51,239] Trial 592 finished with value: 0.6003326998335039 and parameters: {'rain_shift': 2.4681353710670333, 'ign_k': 0.8252541504293597, 'rate_power': 0.7090546123803352}. Best is trial 581 with value: 0.6109542079341689.
[I 2026-05-22 18:03:51,585] Trial 593 finished with value: 0.5865316773684541 and parameters: {'rain_shift': 0.30811631523845007, 'ign_k': 0.7204475640762262, 'rate_power': 0.7032943794145871}. Best is trial 581 with value: 0.6109542079341689.
[I 2026-05-22 18:03:51,931] Trial 594 finished with value: 0.6088560046817881 and parameters: {'rain_shift': 1.2133246973232246, 'ign_k': 0.6393512957100033, 'rate_power': 0.7871826948911723}. Best is trial 581 with value: 0.6109542079341689.
[I 2026-05-22 18:03:52,278] Trial 595 finished with value: 0.6019897867862146 and parameters: {'rain_shift': 2.2779075047222226, 'ign_k': 0.6703937752600987, 'rate_power': 0.7917838744456811}. Best is trial 581 with value: 0.6109542079341689.
[I 2026-05-22 18:03:52,624] Trial 596 finished with value: 0.6054600543488197 and parameters: {'rain_shift': 1.013886799387738, 'ign_k': 0.7720316886941966, 'rate_power': 0.7663757016631221}. Best is trial 581 with value: 0.6109542079341689.
[I 2026-05-22 18:03:52,971] Trial 597 finished with value: 0.6030783456778951 and parameters: {'rain_shift': 1.9016691157626773, 'ign_k': 1.4126629878733583, 'rate_power': 0.70274764824617}. Best is trial 581 with value: 0.6109542079341689.
[I 2026-05-22 18:03:53,317] Trial 598 finished with value: 0.5852984766535483 and parameters: {'rain_shift': 3.3378403656591917, 'ign_k': 1.004291084842611, 'rate_power': 0.709766478927414}. Best is trial 581 with value: 0.6109542079341689.
[I 2026-05-22 18:03:53,667] Trial 599 finished with value: 0.6108798925970045 and parameters: {'rain_shift': 1.8080306804739452, 'ign_k': 0.6798910391443511, 'rate_power': 0.7123844574766398}. Best is trial 581 with value: 0.6109542079341689.
[I 2026-05-22 18:03:54,022] Trial 600 finished with value: 0.5256039820596932 and parameters: {'rain_shift': 9.81860873979305, 'ign_k': 1.5059111076475684, 'rate_power': 1.2183453824226302}. Best is trial 581 with value: 0.6109542079341689.
[I 2026-05-22 18:03:54,373] Trial 601 finished with value: 0.6104719221599604 and parameters: {'rain_shift': 1.8134480780248068, 'ign_k': 0.6159172556600467, 'rate_power': 0.760254854988105}. Best is trial 581 with value: 0.6109542079341689.
[I 2026-05-22 18:03:54,727] Trial 602 finished with value: 0.6073852716801992 and parameters: {'rain_shift': 2.091685811884342, 'ign_k': 0.7494362818044349, 'rate_power': 0.7073633447107507}. Best is trial 581 with value: 0.6109542079341689.
[I 2026-05-22 18:03:55,080] Trial 603 finished with value: 0.6005486819726018 and parameters: {'rain_shift': 2.105526122220341, 'ign_k': 0.9757515564215001, 'rate_power': 0.7618110897914633}. Best is trial 581 with value: 0.6109542079341689.
[I 2026-05-22 18:03:55,437] Trial 604 finished with value: 0.6029566459556703 and parameters: {'rain_shift': 1.025137630344858, 'ign_k': 0.6753370525280559, 'rate_power': 0.7005646662114158}. Best is trial 581 with value: 0.6109542079341689.
[I 2026-05-22 18:03:55,784] Trial 605 finished with value: 0.6027948798291634 and parameters: {'rain_shift': 2.1854019726751934, 'ign_k': 0.345420898901513, 'rate_power': 0.783348753890565}. Best is trial 581 with value: 0.6109542079341689.
[I 2026-05-22 18:03:56,140] Trial 606 finished with value: 0.6082861366685558 and parameters: {'rain_shift': 1.9179370694518756, 'ign_k': 0.8227186361025743, 'rate_power': 0.7026939845671442}. Best is trial 581 with value: 0.6109542079341689.
[I 2026-05-22 18:03:56,486] Trial 607 finished with value: 0.5876060232841555 and parameters: {'rain_shift': 3.1292785978144027, 'ign_k': 0.735194646628957, 'rate_power': 0.763714018349409}. Best is trial 581 with value: 0.6109542079341689.
[I 2026-05-22 18:03:56,835] Trial 608 finished with value: 0.6058813297198931 and parameters: {'rain_shift': 2.0586600900488183, 'ign_k': 0.6642472065280695, 'rate_power': 0.7858246419600394}. Best is trial 581 with value: 0.6109542079341689.
[I 2026-05-22 18:03:57,184] Trial 609 finished with value: 0.60341370530133 and parameters: {'rain_shift': 1.0478666531509715, 'ign_k': 0.6744340956878562, 'rate_power': 0.7013504915613273}. Best is trial 581 with value: 0.6109542079341689.
[I 2026-05-22 18:03:57,531] Trial 610 finished with value: 0.5537271163000043 and parameters: {'rain_shift': 5.122126046482017, 'ign_k': 2.2805873290233296, 'rate_power': 0.8618844892475879}. Best is trial 581 with value: 0.6109542079341689.
[I 2026-05-22 18:03:57,880] Trial 611 finished with value: 0.6010153925114629 and parameters: {'rain_shift': 2.850956296669678, 'ign_k': 0.5590066989159876, 'rate_power': 0.704702402440116}. Best is trial 581 with value: 0.6109542079341689.
[I 2026-05-22 18:03:58,228] Trial 612 finished with value: 0.6069944500933696 and parameters: {'rain_shift': 2.4410531907454085, 'ign_k': 0.5798884105161234, 'rate_power': 0.7011263125190261}. Best is trial 581 with value: 0.6109542079341689.
[I 2026-05-22 18:03:58,578] Trial 613 finished with value: 0.582965654914867 and parameters: {'rain_shift': 0.9750987604711966, 'ign_k': 0.2658670767612495, 'rate_power': 0.7626717633924902}. Best is trial 581 with value: 0.6109542079341689.
[I 2026-05-22 18:03:58,928] Trial 614 finished with value: 0.6104674499832617 and parameters: {'rain_shift': 1.6569986696699268, 'ign_k': 0.6159748705009801, 'rate_power': 0.8015416646343568}. Best is trial 581 with value: 0.6109542079341689.
[I 2026-05-22 18:03:59,275] Trial 615 finished with value: 0.60232793550945 and parameters: {'rain_shift': 0.9285232137896517, 'ign_k': 0.481934863288406, 'rate_power': 0.7820278693245233}. Best is trial 581 with value: 0.6109542079341689.
[I 2026-05-22 18:03:59,622] Trial 616 finished with value: 0.5642459949306331 and parameters: {'rain_shift': 0.6043087465124488, 'ign_k': 0.0618294058824682, 'rate_power': 0.765579595789469}. Best is trial 581 with value: 0.6109542079341689.
[I 2026-05-22 18:03:59,976] Trial 617 finished with value: 0.610559397600223 and parameters: {'rain_shift': 1.747000159029445, 'ign_k': 0.5745567839183159, 'rate_power': 0.7620217561509887}. Best is trial 581 with value: 0.6109542079341689.
[I 2026-05-22 18:04:00,328] Trial 618 finished with value: 0.5451781122650076 and parameters: {'rain_shift': 9.986463097485265, 'ign_k': 0.2377175814814225, 'rate_power': 0.9329400605376621}. Best is trial 581 with value: 0.6109542079341689.
[I 2026-05-22 18:04:00,677] Trial 619 finished with value: 0.6063586730300835 and parameters: {'rain_shift': 1.7354660077360546, 'ign_k': 0.9261573941157004, 'rate_power': 0.7626332177316305}. Best is trial 581 with value: 0.6109542079341689.
[I 2026-05-22 18:04:01,023] Trial 620 finished with value: 0.6011839088640762 and parameters: {'rain_shift': 2.5071473041816943, 'ign_k': 0.5137796505878633, 'rate_power': 0.7952658713505476}. Best is trial 581 with value: 0.6109542079341689.
[I 2026-05-22 18:04:01,369] Trial 621 finished with value: 0.6016876037859015 and parameters: {'rain_shift': 2.509400400102323, 'ign_k': 0.5015221892867543, 'rate_power': 0.7904506433878395}. Best is trial 581 with value: 0.6109542079341689.
[I 2026-05-22 18:04:01,718] Trial 622 finished with value: 0.609489820326689 and parameters: {'rain_shift': 1.3535441774689567, 'ign_k': 0.6086737188277261, 'rate_power': 0.7565214445023317}. Best is trial 581 with value: 0.6109542079341689.
[I 2026-05-22 18:04:02,067] Trial 623 finished with value: 0.6065183682767517 and parameters: {'rain_shift': 1.3663524516262813, 'ign_k': 0.9829251955910373, 'rate_power': 0.7724068682962922}. Best is trial 581 with value: 0.6109542079341689.
[I 2026-05-22 18:04:02,416] Trial 624 finished with value: 0.6093740648050916 and parameters: {'rain_shift': 1.71538117138391, 'ign_k': 0.4753621483969007, 'rate_power': 0.7812332514859626}. Best is trial 581 with value: 0.6109542079341689.
[I 2026-05-22 18:04:02,765] Trial 625 finished with value: 0.5960508330888987 and parameters: {'rain_shift': 3.013034065596915, 'ign_k': 0.6595154210963742, 'rate_power': 0.7042075803606781}. Best is trial 581 with value: 0.6109542079341689.
