[I 2026-05-22 18:02:59,772] Trial 446 finished with value: 0.6063335593257868 and parameters: {'rain_shift': 2.2302926111466475, 'ign_k': 0.5771971651551383, 'rate_power': 0.7602622633896221}. Best is trial 410 with value: 0.6109037913262729.
[I 2026-05-22 18:03:00,128] Trial 447 finished with value: 0.5924957060491853 and parameters: {'rain_shift': 2.6964460166638937, 'ign_k': 1.1837220538061097, 'rate_power': 0.7073997172501756}. Best is trial 410 with value: 0.6109037913262729.
[I 2026-05-22 18:03:00,480] Trial 448 finished with value: 0.6046851364718575 and parameters: {'rain_shift': 1.339179431338572, 'ign_k': 0.47728904024670815, 'rate_power': 0.7096358207215498}. Best is trial 410 with value: 0.6109037913262729.
[I 2026-05-22 18:03:00,829] Trial 449 finished with value: 0.595820801103049 and parameters: {'rain_shift': 1.5982522787217281, 'ign_k': 0.3306686454266366, 'rate_power': 0.7035368075338077}. Best is trial 410 with value: 0.6109037913262729.
[I 2026-05-22 18:03:01,188] Trial 450 finished with value: 0.602538317056977 and parameters: {'rain_shift': 1.2405135623065955, 'ign_k': 1.3765460831674332, 'rate_power': 0.7130612957884637}. Best is trial 410 with value: 0.6109037913262729.
[I 2026-05-22 18:03:01,534] Trial 451 finished with value: 0.6009056340148006 and parameters: {'rain_shift': 1.0647408376333034, 'ign_k': 0.5139580210586021, 'rate_power': 0.7052110964550553}. Best is trial 410 with value: 0.6109037913262729.
[I 2026-05-22 18:03:01,889] Trial 452 finished with value: 0.591321899430909 and parameters: {'rain_shift': 3.6111896726306374, 'ign_k': 0.5202136187519271, 'rate_power': 0.7140707226792822}. Best is trial 410 with value: 0.6109037913262729.
[I 2026-05-22 18:03:02,243] Trial 453 finished with value: 0.6069325902241758 and parameters: {'rain_shift': 2.172984230103979, 'ign_k': 0.5303261616211382, 'rate_power': 0.7838186685942231}. Best is trial 410 with value: 0.6109037913262729.
[I 2026-05-22 18:03:02,602] Trial 454 finished with value: 0.5863575725796552 and parameters: {'rain_shift': 0.9137410811031579, 'ign_k': 0.28279586814758767, 'rate_power': 0.7951370729685513}. Best is trial 410 with value: 0.6109037913262729.
[I 2026-05-22 18:03:02,962] Trial 455 finished with value: 0.5995431156136545 and parameters: {'rain_shift': 2.4566759381705903, 'ign_k': 0.7367743929039858, 'rate_power': 0.7534082457151567}. Best is trial 410 with value: 0.6109037913262729.
[I 2026-05-22 18:03:03,314] Trial 456 finished with value: 0.5978002336309183 and parameters: {'rain_shift': 2.650611149197535, 'ign_k': 0.28768528860826426, 'rate_power': 0.8126388480871376}. Best is trial 410 with value: 0.6109037913262729.
[I 2026-05-22 18:03:03,667] Trial 457 finished with value: 0.603461160473027 and parameters: {'rain_shift': 1.132022357139956, 'ign_k': 0.8428225839815885, 'rate_power': 0.7007656449283387}. Best is trial 410 with value: 0.6109037913262729.
[I 2026-05-22 18:03:04,026] Trial 458 finished with value: 0.607843508535819 and parameters: {'rain_shift': 1.3359730884630832, 'ign_k': 0.6772881025438687, 'rate_power': 0.7040697299663392}. Best is trial 410 with value: 0.6109037913262729.
[I 2026-05-22 18:03:04,376] Trial 459 finished with value: 0.601011379197177 and parameters: {'rain_shift': 2.6085500952533445, 'ign_k': 0.5579490964402111, 'rate_power': 0.7592807874253112}. Best is trial 410 with value: 0.6109037913262729.
[I 2026-05-22 18:03:04,783] Trial 460 finished with value: 0.5988764804982588 and parameters: {'rain_shift': 2.0532897930442866, 'ign_k': 1.1438470357618034, 'rate_power': 0.7843068099127487}. Best is trial 410 with value: 0.6109037913262729.
[I 2026-05-22 18:03:05,146] Trial 461 finished with value: 0.5540127121220553 and parameters: {'rain_shift': 9.740879774059469, 'ign_k': 0.06059074025294599, 'rate_power': 1.1370906015033233}. Best is trial 410 with value: 0.6109037913262729.
[I 2026-05-22 18:03:05,499] Trial 462 finished with value: 0.6091404957579208 and parameters: {'rain_shift': 1.2221286518533383, 'ign_k': 0.6557502430936891, 'rate_power': 0.7938124496908575}. Best is trial 410 with value: 0.6109037913262729.
[I 2026-05-22 18:03:05,847] Trial 463 finished with value: 0.5451747454844007 and parameters: {'rain_shift': 8.066290796229518, 'ign_k': 0.6420768813764856, 'rate_power': 0.8818401717325584}. Best is trial 410 with value: 0.6109037913262729.
[I 2026-05-22 18:03:06,200] Trial 464 finished with value: 0.6103233408718632 and parameters: {'rain_shift': 2.1138295427084817, 'ign_k': 0.6086813026788961, 'rate_power': 0.7031588120754024}. Best is trial 410 with value: 0.6109037913262729.
[I 2026-05-22 18:03:06,549] Trial 465 finished with value: 0.5906302074008642 and parameters: {'rain_shift': 3.129797034791418, 'ign_k': 0.7534190553706013, 'rate_power': 0.721145994204634}. Best is trial 410 with value: 0.6109037913262729.
[I 2026-05-22 18:03:06,898] Trial 466 finished with value: 0.6087045297569955 and parameters: {'rain_shift': 2.2754576642573703, 'ign_k': 0.46638618766099943, 'rate_power': 0.7104009611727995}. Best is trial 410 with value: 0.6109037913262729.
[I 2026-05-22 18:03:07,244] Trial 467 finished with value: 0.6041168680973514 and parameters: {'rain_shift': 1.6680136411275752, 'ign_k': 0.3960275904867325, 'rate_power': 0.7066085063581649}. Best is trial 410 with value: 0.6109037913262729.
[I 2026-05-22 18:03:07,594] Trial 468 finished with value: 0.5945632724906666 and parameters: {'rain_shift': 2.739160410197943, 'ign_k': 0.7011392664441836, 'rate_power': 0.7684381094302504}. Best is trial 410 with value: 0.6109037913262729.
[I 2026-05-22 18:03:07,948] Trial 469 finished with value: 0.6038127502480114 and parameters: {'rain_shift': 1.722784353269261, 'ign_k': 0.36167517655172415, 'rate_power': 0.7836684370841265}. Best is trial 410 with value: 0.6109037913262729.
[I 2026-05-22 18:03:08,302] Trial 470 finished with value: 0.6063938796388388 and parameters: {'rain_shift': 2.434033639189682, 'ign_k': 0.5950095013670578, 'rate_power': 0.7062305469863478}. Best is trial 410 with value: 0.6109037913262729.
[I 2026-05-22 18:03:08,652] Trial 471 finished with value: 0.6017072886381207 and parameters: {'rain_shift': 2.74631376305428, 'ign_k': 0.5863558672990241, 'rate_power': 0.7084354770588813}. Best is trial 410 with value: 0.6109037913262729.
[I 2026-05-22 18:03:08,999] Trial 472 finished with value: 0.6051338823938851 and parameters: {'rain_shift': 1.2339876093074347, 'ign_k': 0.8530154048279747, 'rate_power': 0.7019071526768432}. Best is trial 410 with value: 0.6109037913262729.
[I 2026-05-22 18:03:09,346] Trial 473 finished with value: 0.6051015591105906 and parameters: {'rain_shift': 1.1947592628586998, 'ign_k': 0.43307860069338333, 'rate_power': 0.7994348666254444}. Best is trial 410 with value: 0.6109037913262729.
[I 2026-05-22 18:03:09,701] Trial 474 finished with value: 0.6098387228938665 and parameters: {'rain_shift': 2.204878110630552, 'ign_k': 0.5431682627009703, 'rate_power': 0.7008463428807452}. Best is trial 410 with value: 0.6109037913262729.
[I 2026-05-22 18:03:10,055] Trial 475 finished with value: 0.6018682526629153 and parameters: {'rain_shift': 0.6718717061873909, 'ign_k': 0.9129766007231301, 'rate_power': 0.785433444784259}. Best is trial 410 with value: 0.6109037913262729.
[I 2026-05-22 18:03:10,409] Trial 476 finished with value: 0.5918431177897417 and parameters: {'rain_shift': 2.994271002754371, 'ign_k': 0.5867443989852198, 'rate_power': 0.8009503143267191}. Best is trial 410 with value: 0.6109037913262729.
[I 2026-05-22 18:03:10,758] Trial 477 finished with value: 0.6091761637250441 and parameters: {'rain_shift': 2.1033432171937374, 'ign_k': 0.46207780646588453, 'rate_power': 0.7051971395790179}. Best is trial 410 with value: 0.6109037913262729.
[I 2026-05-22 18:03:11,111] Trial 478 finished with value: 0.6095709465360541 and parameters: {'rain_shift': 1.354233135023521, 'ign_k': 0.6950623121847213, 'rate_power': 0.7928567305504892}. Best is trial 410 with value: 0.6109037913262729.
[I 2026-05-22 18:03:11,458] Trial 479 finished with value: 0.6009026325138427 and parameters: {'rain_shift': 2.347449932471818, 'ign_k': 0.9371073066085653, 'rate_power': 0.7023413155359559}. Best is trial 410 with value: 0.6109037913262729.
[I 2026-05-22 18:03:11,803] Trial 480 finished with value: 0.6012649709643129 and parameters: {'rain_shift': 1.956918700527953, 'ign_k': 1.0363875321829867, 'rate_power': 0.7940510679894498}. Best is trial 410 with value: 0.6109037913262729.
[I 2026-05-22 18:03:12,151] Trial 481 finished with value: 0.591945995449625 and parameters: {'rain_shift': 0.6139768043883473, 'ign_k': 0.5801357393070136, 'rate_power': 0.7075198150019906}. Best is trial 410 with value: 0.6109037913262729.
[I 2026-05-22 18:03:12,501] Trial 482 finished with value: 0.5350365203728706 and parameters: {'rain_shift': 6.335215099037592, 'ign_k': 1.7844883736660146, 'rate_power': 1.290685947186131}. Best is trial 410 with value: 0.6109037913262729.
[I 2026-05-22 18:03:12,852] Trial 483 finished with value: 0.5988961956369331 and parameters: {'rain_shift': 2.7072188997926037, 'ign_k': 0.33602829875901485, 'rate_power': 0.8152801874848505}. Best is trial 410 with value: 0.6109037913262729.
[I 2026-05-22 18:03:13,206] Trial 484 finished with value: 0.597558939853927 and parameters: {'rain_shift': 3.4242375122792343, 'ign_k': 0.37731485846938917, 'rate_power': 0.718921809135457}. Best is trial 410 with value: 0.6109037913262729.
[I 2026-05-22 18:03:13,556] Trial 485 finished with value: 0.6107944009437757 and parameters: {'rain_shift': 1.7461014284077379, 'ign_k': 0.5855608858896645, 'rate_power': 0.7077491116952026}. Best is trial 410 with value: 0.6109037913262729.
[I 2026-05-22 18:03:13,905] Trial 486 finished with value: 0.5820659229838303 and parameters: {'rain_shift': 3.4061807730124327, 'ign_k': 1.1040790429635001, 'rate_power': 0.7304281134873905}. Best is trial 410 with value: 0.6109037913262729.
[I 2026-05-22 18:03:14,250] Trial 487 finished with value: 0.5813995704289118 and parameters: {'rain_shift': 1.7052179138467247, 'ign_k': 0.2144039436761283, 'rate_power': 0.702934968576428}. Best is trial 410 with value: 0.6109037913262729.
[I 2026-05-22 18:03:14,598] Trial 488 finished with value: 0.6089157077120843 and parameters: {'rain_shift': 1.7412170209470408, 'ign_k': 0.455886313850934, 'rate_power': 0.7757680734799954}. Best is trial 410 with value: 0.6109037913262729.
[I 2026-05-22 18:03:14,948] Trial 489 finished with value: 0.6099812431451547 and parameters: {'rain_shift': 1.753408156303345, 'ign_k': 0.5154187510684046, 'rate_power': 0.7083435836250618}. Best is trial 410 with value: 0.6109037913262729.
[I 2026-05-22 18:03:15,297] Trial 490 finished with value: 0.6017120151370473 and parameters: {'rain_shift': 2.8406069727121555, 'ign_k': 0.5510891384934151, 'rate_power': 0.7002259297944853}. Best is trial 410 with value: 0.6109037913262729.
[I 2026-05-22 18:03:15,644] Trial 491 finished with value: 0.5753629541301328 and parameters: {'rain_shift': 0.27708809292271663, 'ign_k': 0.3092240059064705, 'rate_power': 0.7708928809359882}. Best is trial 410 with value: 0.6109037913262729.
[I 2026-05-22 18:03:15,987] Trial 492 finished with value: 0.6095407544780258 and parameters: {'rain_shift': 1.6109373065017683, 'ign_k': 0.5384010905404508, 'rate_power': 0.7064561733421221}. Best is trial 410 with value: 0.6109037913262729.
[I 2026-05-22 18:03:16,333] Trial 493 finished with value: 0.6040694590971141 and parameters: {'rain_shift': 1.847303494189803, 'ign_k': 1.3788126880399085, 'rate_power': 0.7007210219490599}. Best is trial 410 with value: 0.6109037913262729.
[I 2026-05-22 18:03:16,680] Trial 494 finished with value: 0.6053969468436924 and parameters: {'rain_shift': 1.6772925734596058, 'ign_k': 1.034063358971461, 'rate_power': 0.7802288045719267}. Best is trial 410 with value: 0.6109037913262729.
[I 2026-05-22 18:03:17,037] Trial 495 finished with value: 0.6094267764912891 and parameters: {'rain_shift': 1.2807874867155506, 'ign_k': 0.6650439818625681, 'rate_power': 0.7926102203232395}. Best is trial 410 with value: 0.6109037913262729.
[I 2026-05-22 18:03:17,385] Trial 496 finished with value: 0.6080433792687304 and parameters: {'rain_shift': 1.9518651025934224, 'ign_k': 0.5999972866123577, 'rate_power': 0.7949100007752847}. Best is trial 410 with value: 0.6109037913262729.
[I 2026-05-22 18:03:17,732] Trial 497 finished with value: 0.6046120748215648 and parameters: {'rain_shift': 1.4223271274130729, 'ign_k': 0.40934550599710523, 'rate_power': 0.7567928302834135}. Best is trial 410 with value: 0.6109037913262729.
[I 2026-05-22 18:03:18,080] Trial 498 finished with value: 0.5990552522009427 and parameters: {'rain_shift': 1.602108075009953, 'ign_k': 0.35677303485446105, 'rate_power': 0.702279648988687}. Best is trial 410 with value: 0.6109037913262729.
[I 2026-05-22 18:03:18,431] Trial 499 finished with value: 0.6061191773709258 and parameters: {'rain_shift': 2.492487971346894, 'ign_k': 0.5785095846618356, 'rate_power': 0.7017688839597348}. Best is trial 410 with value: 0.6109037913262729.
[I 2026-05-22 18:03:18,783] Trial 500 finished with value: 0.5556483460997872 and parameters: {'rain_shift': 5.911915497941864, 'ign_k': 0.17816080468037684, 'rate_power': 1.1059090681367656}. Best is trial 410 with value: 0.6109037913262729.
[I 2026-05-22 18:03:19,136] Trial 501 finished with value: 0.5981052974021135 and parameters: {'rain_shift': 0.9129014777307115, 'ign_k': 0.540331348130796, 'rate_power': 0.7030240476695173}. Best is trial 410 with value: 0.6109037913262729.
[I 2026-05-22 18:03:19,483] Trial 502 finished with value: 0.5942328936443964 and parameters: {'rain_shift': 2.9813579439161564, 'ign_k': 0.24950528685268827, 'rate_power': 0.7896793617210529}. Best is trial 410 with value: 0.6109037913262729.
[I 2026-05-22 18:03:19,830] Trial 503 finished with value: 0.5750926157658168 and parameters: {'rain_shift': 4.455162536857449, 'ign_k': 0.8716611149246416, 'rate_power': 0.7061318630466298}. Best is trial 410 with value: 0.6109037913262729.
[I 2026-05-22 18:03:20,178] Trial 504 finished with value: 0.600990175012649 and parameters: {'rain_shift': 0.5647202779215414, 'ign_k': 0.70691226547937, 'rate_power': 0.7926030269067759}. Best is trial 410 with value: 0.6109037913262729.
[I 2026-05-22 18:03:20,523] Trial 505 finished with value: 0.5941661311245551 and parameters: {'rain_shift': 3.199924914122425, 'ign_k': 0.35868877341192545, 'rate_power': 0.8073044849756393}. Best is trial 410 with value: 0.6109037913262729.
[I 2026-05-22 18:03:20,876] Trial 506 finished with value: 0.5929296375563022 and parameters: {'rain_shift': 2.675749661468311, 'ign_k': 0.6745078459979178, 'rate_power': 0.8223600193070612}. Best is trial 410 with value: 0.6109037913262729.
[I 2026-05-22 18:03:21,236] Trial 507 finished with value: 0.6011686689527266 and parameters: {'rain_shift': 0.9889430189543114, 'ign_k': 0.842803593600186, 'rate_power': 0.701673005976264}. Best is trial 410 with value: 0.6109037913262729.
[I 2026-05-22 18:03:21,591] Trial 508 finished with value: 0.5968551306110175 and parameters: {'rain_shift': 3.522511319084404, 'ign_k': 0.3448882265203014, 'rate_power': 0.7043856429988726}. Best is trial 410 with value: 0.6109037913262729.
[I 2026-05-22 18:03:21,941] Trial 509 finished with value: 0.6076928155778528 and parameters: {'rain_shift': 2.057309347190707, 'ign_k': 0.5709286364215752, 'rate_power': 0.7855699273466138}. Best is trial 410 with value: 0.6109037913262729.
[I 2026-05-22 18:03:22,295] Trial 510 finished with value: 0.6015073330500134 and parameters: {'rain_shift': 1.6908452835426049, 'ign_k': 0.36983804406720866, 'rate_power': 0.7006025271496086}. Best is trial 410 with value: 0.6109037913262729.
[I 2026-05-22 18:03:22,652] Trial 511 finished with value: 0.5808130968235421 and parameters: {'rain_shift': 3.3845402132400277, 'ign_k': 0.7583988722274138, 'rate_power': 0.8039503794128123}. Best is trial 410 with value: 0.6109037913262729.
[I 2026-05-22 18:03:22,999] Trial 512 finished with value: 0.5911236707952519 and parameters: {'rain_shift': 2.513053460519718, 'ign_k': 1.1044416066557106, 'rate_power': 0.7781546214183458}. Best is trial 410 with value: 0.6109037913262729.
[I 2026-05-22 18:03:23,349] Trial 513 finished with value: 0.6072845142656474 and parameters: {'rain_shift': 1.3222652742846956, 'ign_k': 0.5869552726735733, 'rate_power': 0.7049407012207712}. Best is trial 410 with value: 0.6109037913262729.
[I 2026-05-22 18:03:23,698] Trial 514 finished with value: 0.6035325301575319 and parameters: {'rain_shift': 2.7395721633283667, 'ign_k': 0.5329725344073699, 'rate_power': 0.7016258205936113}. Best is trial 410 with value: 0.6109037913262729.
[I 2026-05-22 18:03:24,096] Trial 515 finished with value: 0.6060888388980062 and parameters: {'rain_shift': 2.1363835007753975, 'ign_k': 0.8154086638214434, 'rate_power': 0.7000798234910941}. Best is trial 410 with value: 0.6109037913262729.
[I 2026-05-22 18:03:24,483] Trial 516 finished with value: 0.6076896490779694 and parameters: {'rain_shift': 1.4087309563650425, 'ign_k': 0.9288357965538317, 'rate_power': 0.7954150581993985}. Best is trial 410 with value: 0.6109037913262729.
[I 2026-05-22 18:03:24,838] Trial 517 finished with value: 0.6083218812076524 and parameters: {'rain_shift': 1.8532356633356544, 'ign_k': 0.4460793816331545, 'rate_power': 0.8081553720286031}. Best is trial 410 with value: 0.6109037913262729.
[I 2026-05-22 18:03:25,188] Trial 518 finished with value: 0.5961136802791773 and parameters: {'rain_shift': 0.22648406344876615, 'ign_k': 0.9624304588174875, 'rate_power': 0.7917625095705139}. Best is trial 410 with value: 0.6109037913262729.
[I 2026-05-22 18:03:25,543] Trial 519 finished with value: 0.5973330408780179 and parameters: {'rain_shift': 2.7240555162175486, 'ign_k': 0.5517882272216565, 'rate_power': 0.790563552287414}. Best is trial 410 with value: 0.6109037913262729.
[I 2026-05-22 18:03:25,895] Trial 520 finished with value: 0.6080280331167409 and parameters: {'rain_shift': 1.672368040221175, 'ign_k': 0.4713171956909933, 'rate_power': 0.7007156063995901}. Best is trial 410 with value: 0.6109037913262729.
[I 2026-05-22 18:03:26,244] Trial 521 finished with value: 0.6078178295268934 and parameters: {'rain_shift': 1.4868522559643438, 'ign_k': 0.4489080697744211, 'rate_power': 0.784157644826954}. Best is trial 410 with value: 0.6109037913262729.
[I 2026-05-22 18:03:26,592] Trial 522 finished with value: 0.5985337643145671 and parameters: {'rain_shift': 1.6725603104356763, 'ign_k': 0.3084488224439327, 'rate_power': 0.7805676565936576}. Best is trial 410 with value: 0.6109037913262729.
[I 2026-05-22 18:03:26,943] Trial 523 finished with value: 0.5676821814265363 and parameters: {'rain_shift': 5.598510595879508, 'ign_k': 0.4170320711871991, 'rate_power': 0.8225702664018835}. Best is trial 410 with value: 0.6109037913262729.
[I 2026-05-22 18:03:27,291] Trial 524 finished with value: 0.5785444795065209 and parameters: {'rain_shift': 3.221803755674329, 'ign_k': 2.854455841522495, 'rate_power': 0.7245470928741465}. Best is trial 410 with value: 0.6109037913262729.
[I 2026-05-22 18:03:27,641] Trial 525 finished with value: 0.5952242637201741 and parameters: {'rain_shift': 0.6704338007919457, 'ign_k': 0.44165565319870237, 'rate_power': 0.7879840769797211}. Best is trial 410 with value: 0.6109037913262729.
[I 2026-05-22 18:03:27,996] Trial 526 finished with value: 0.6009373466555776 and parameters: {'rain_shift': 2.1639784508817295, 'ign_k': 0.8312260865419521, 'rate_power': 0.777977948741841}. Best is trial 410 with value: 0.6109037913262729.
[I 2026-05-22 18:03:28,352] Trial 527 finished with value: 0.6005477129788976 and parameters: {'rain_shift': 2.9631617978302387, 'ign_k': 0.34010286369743065, 'rate_power': 0.7021022625503432}. Best is trial 410 with value: 0.6109037913262729.
[I 2026-05-22 18:03:28,708] Trial 528 finished with value: 0.6012256826823356 and parameters: {'rain_shift': 2.2161379311551612, 'ign_k': 0.7863747212260404, 'rate_power': 0.7755470040325109}. Best is trial 410 with value: 0.6109037913262729.
[I 2026-05-22 18:03:29,065] Trial 529 finished with value: 0.6014410877045389 and parameters: {'rain_shift': 1.483040021956414, 'ign_k': 1.3085101347172283, 'rate_power': 0.9068443033056123}. Best is trial 410 with value: 0.6109037913262729.
[I 2026-05-22 18:03:29,425] Trial 530 finished with value: 0.6074262604627861 and parameters: {'rain_shift': 1.4438534403766492, 'ign_k': 0.9468168783764435, 'rate_power': 0.7070759384231523}. Best is trial 410 with value: 0.6109037913262729.
[I 2026-05-22 18:03:29,772] Trial 531 finished with value: 0.5978290405388752 and parameters: {'rain_shift': 2.4133697972158306, 'ign_k': 0.5495268150450381, 'rate_power': 0.8653576625488737}. Best is trial 410 with value: 0.6109037913262729.
[I 2026-05-22 18:03:30,119] Trial 532 finished with value: 0.5890365441703052 and parameters: {'rain_shift': 0.1517969458755979, 'ign_k': 0.7053847501911708, 'rate_power': 0.7738809274936382}. Best is trial 410 with value: 0.6109037913262729.
[I 2026-05-22 18:03:30,466] Trial 533 finished with value: 0.5499325338567919 and parameters: {'rain_shift': 5.475836177496876, 'ign_k': 1.153624906221273, 'rate_power': 0.9571148340148207}. Best is trial 410 with value: 0.6109037913262729.
[I 2026-05-22 18:03:30,816] Trial 534 finished with value: 0.6071322245763444 and parameters: {'rain_shift': 1.8592035393041662, 'ign_k': 0.983802617124694, 'rate_power': 0.7014547020777078}. Best is trial 410 with value: 0.6109037913262729.
[I 2026-05-22 18:03:31,165] Trial 535 finished with value: 0.6060602365769577 and parameters: {'rain_shift': 2.6276089538087604, 'ign_k': 0.4558339864766771, 'rate_power': 0.7037123978272464}. Best is trial 410 with value: 0.6109037913262729.
