[I 2026-05-22 17:51:30,846] Trial 244 finished with value: 0.6042126045220462 and parameters: {'P_amp': 0.7768723503308729, 'P_wet': 1580.684806439414, 'P_pow': 5.985723204680944, 'rate_power': 1.1890035249500857}. Best is trial 107 with value: 0.6083231421626458.
[I 2026-05-22 17:51:31,142] Trial 245 finished with value: 0.6072914624212131 and parameters: {'P_amp': 0.72657297166812, 'P_wet': 1951.020854766645, 'P_pow': 5.986516307665345, 'rate_power': 1.277489272338517}. Best is trial 107 with value: 0.6083231421626458.
[I 2026-05-22 17:51:31,439] Trial 246 finished with value: 0.6082696972668613 and parameters: {'P_amp': 0.8618547657590869, 'P_wet': 2498.198958237398, 'P_pow': 5.969451830508782, 'rate_power': 1.2582405635166791}. Best is trial 107 with value: 0.6083231421626458.
[I 2026-05-22 17:51:31,735] Trial 247 finished with value: 0.5788928601683867 and parameters: {'P_amp': 0.7489243122088689, 'P_wet': 426.6975492486887, 'P_pow': 2.2885764708378695, 'rate_power': 0.7105111873530221}. Best is trial 107 with value: 0.6083231421626458.
[I 2026-05-22 17:51:32,031] Trial 248 finished with value: 0.6078496275435692 and parameters: {'P_amp': 0.832059181335636, 'P_wet': 3170.9453675635064, 'P_pow': 5.9904018695677665, 'rate_power': 1.2916238047521111}. Best is trial 107 with value: 0.6083231421626458.
[I 2026-05-22 17:51:32,326] Trial 249 finished with value: 0.6055097992687992 and parameters: {'P_amp': 0.3138170307120566, 'P_wet': 2822.600092414766, 'P_pow': 2.367347207245478, 'rate_power': 1.1053770927447932}. Best is trial 107 with value: 0.6083231421626458.
[I 2026-05-22 17:51:32,622] Trial 250 finished with value: 0.6077753975035698 and parameters: {'P_amp': 0.8666746909730295, 'P_wet': 3478.1192041771, 'P_pow': 5.907297411602444, 'rate_power': 1.2683985919826906}. Best is trial 107 with value: 0.6083231421626458.
[I 2026-05-22 17:51:32,918] Trial 251 finished with value: 0.6075513347445493 and parameters: {'P_amp': 0.7677122110421878, 'P_wet': 2780.032550547155, 'P_pow': 5.079043694111071, 'rate_power': 1.1717536945569684}. Best is trial 107 with value: 0.6083231421626458.
[I 2026-05-22 17:51:33,214] Trial 252 finished with value: 0.6079874390096245 and parameters: {'P_amp': 0.7945491441695801, 'P_wet': 2522.558459899138, 'P_pow': 5.853142392471155, 'rate_power': 1.186535286642204}. Best is trial 107 with value: 0.6083231421626458.
[I 2026-05-22 17:51:33,511] Trial 253 finished with value: 0.60812499101584 and parameters: {'P_amp': 0.8849277125398474, 'P_wet': 2461.4125289498584, 'P_pow': 5.893849121013055, 'rate_power': 1.289837512686741}. Best is trial 107 with value: 0.6083231421626458.
[I 2026-05-22 17:51:33,808] Trial 254 finished with value: 0.607569048767048 and parameters: {'P_amp': 0.8347641473291972, 'P_wet': 3178.317334437039, 'P_pow': 4.545998259325262, 'rate_power': 1.2985697230483775}. Best is trial 107 with value: 0.6083231421626458.
[I 2026-05-22 17:51:34,104] Trial 255 finished with value: 0.607989190796521 and parameters: {'P_amp': 0.8839124517855889, 'P_wet': 2855.984197678709, 'P_pow': 5.87281816544873, 'rate_power': 1.2975554167289716}. Best is trial 107 with value: 0.6083231421626458.
[I 2026-05-22 17:51:34,401] Trial 256 finished with value: 0.6067338894960482 and parameters: {'P_amp': 0.8996184299306572, 'P_wet': 2119.093526065237, 'P_pow': 4.877211241482548, 'rate_power': 1.278049719992367}. Best is trial 107 with value: 0.6083231421626458.
[I 2026-05-22 17:51:34,697] Trial 257 finished with value: 0.6081307672757132 and parameters: {'P_amp': 0.8054974832698627, 'P_wet': 2353.27647600882, 'P_pow': 5.97147470615098, 'rate_power': 1.196276057679801}. Best is trial 107 with value: 0.6083231421626458.
[I 2026-05-22 17:51:34,994] Trial 258 finished with value: 0.6072603015778157 and parameters: {'P_amp': 0.8836905903980631, 'P_wet': 3071.364700357943, 'P_pow': 5.936660594015256, 'rate_power': 1.1494990425718499}. Best is trial 107 with value: 0.6083231421626458.
[I 2026-05-22 17:51:35,290] Trial 259 finished with value: 0.6078085450819172 and parameters: {'P_amp': 0.7449996939511607, 'P_wet': 2581.8154256304683, 'P_pow': 5.035530762538974, 'rate_power': 1.2053323942023528}. Best is trial 107 with value: 0.6083231421626458.
[I 2026-05-22 17:51:35,588] Trial 260 finished with value: 0.6076006584832385 and parameters: {'P_amp': 0.8626801468364538, 'P_wet': 3697.129254872544, 'P_pow': 5.974929013838104, 'rate_power': 1.2158268861273542}. Best is trial 107 with value: 0.6083231421626458.
[I 2026-05-22 17:51:35,880] Trial 261 finished with value: 0.6033832494187988 and parameters: {'P_amp': 0.7732904805263647, 'P_wet': 1529.8471808294196, 'P_pow': 5.859210289682236, 'rate_power': 1.0828472716274407}. Best is trial 107 with value: 0.6083231421626458.
[I 2026-05-22 17:51:36,169] Trial 262 finished with value: 0.6060539699282449 and parameters: {'P_amp': 0.8799138269301839, 'P_wet': 1768.3344262403273, 'P_pow': 5.980887848376731, 'rate_power': 1.226772373549995}. Best is trial 107 with value: 0.6083231421626458.
[I 2026-05-22 17:51:36,458] Trial 263 finished with value: 0.6049328206455559 and parameters: {'P_amp': 0.7342897217013914, 'P_wet': 1692.099882071717, 'P_pow': 5.050463068409023, 'rate_power': 1.1588338630076618}. Best is trial 107 with value: 0.6083231421626458.
[I 2026-05-22 17:51:36,746] Trial 264 finished with value: 0.6078337689204856 and parameters: {'P_amp': 0.7146105977442401, 'P_wet': 2268.669044838201, 'P_pow': 5.701106149811121, 'rate_power': 1.1798263315374786}. Best is trial 107 with value: 0.6083231421626458.
[I 2026-05-22 17:51:37,036] Trial 265 finished with value: 0.608305930473629 and parameters: {'P_amp': 0.8555036921191741, 'P_wet': 2481.109329610361, 'P_pow': 5.993674166261722, 'rate_power': 1.2170583224549074}. Best is trial 107 with value: 0.6083231421626458.
[I 2026-05-22 17:51:37,324] Trial 266 finished with value: 0.6072947890980313 and parameters: {'P_amp': 0.8595423512757047, 'P_wet': 3200.3189600868486, 'P_pow': 5.974371872990069, 'rate_power': 1.1629203520029336}. Best is trial 107 with value: 0.6083231421626458.
[I 2026-05-22 17:51:37,623] Trial 267 finished with value: 0.6076727508628644 and parameters: {'P_amp': 0.8819830130517704, 'P_wet': 2491.5619818361793, 'P_pow': 5.958033565532022, 'rate_power': 1.1413579457886724}. Best is trial 107 with value: 0.6083231421626458.
[I 2026-05-22 17:51:37,917] Trial 268 finished with value: 0.6065951321391506 and parameters: {'P_amp': 0.854753375147398, 'P_wet': 1795.6170518209533, 'P_pow': 5.9649543102686735, 'rate_power': 1.1790551293644604}. Best is trial 107 with value: 0.6083231421626458.
[I 2026-05-22 17:51:38,209] Trial 269 finished with value: 0.6081374635876058 and parameters: {'P_amp': 0.8976663529823794, 'P_wet': 2219.166147267171, 'P_pow': 5.7360688781044376, 'rate_power': 1.2280655824989715}. Best is trial 107 with value: 0.6083231421626458.
[I 2026-05-22 17:51:38,506] Trial 270 finished with value: 0.6078090037046042 and parameters: {'P_amp': 0.7754235131993605, 'P_wet': 2591.345442678149, 'P_pow': 5.2263559151218475, 'rate_power': 1.1932322532460942}. Best is trial 107 with value: 0.6083231421626458.
[I 2026-05-22 17:51:38,799] Trial 271 finished with value: 0.6056037898892516 and parameters: {'P_amp': 0.0635627849641876, 'P_wet': 627.9205424978177, 'P_pow': 2.662103266136322, 'rate_power': 1.1604738068113987}. Best is trial 107 with value: 0.6083231421626458.
[I 2026-05-22 17:51:39,096] Trial 272 finished with value: 0.6055762967967114 and parameters: {'P_amp': 0.8732567671206198, 'P_wet': 1862.3357503207885, 'P_pow': 5.008846273818645, 'rate_power': 1.2457858481407487}. Best is trial 107 with value: 0.6083231421626458.
[I 2026-05-22 17:51:39,393] Trial 273 finished with value: 0.6077466631641506 and parameters: {'P_amp': 0.8690616696187458, 'P_wet': 2714.1952089806473, 'P_pow': 5.033286642786432, 'rate_power': 1.1843095095564125}. Best is trial 107 with value: 0.6083231421626458.
[I 2026-05-22 17:51:39,689] Trial 274 finished with value: 0.6077037516003847 and parameters: {'P_amp': 0.6714036277198441, 'P_wet': 2136.4636886406724, 'P_pow': 5.859424613787588, 'rate_power': 1.165790144870548}. Best is trial 107 with value: 0.6083231421626458.
[I 2026-05-22 17:51:39,986] Trial 275 finished with value: 0.607935375467941 and parameters: {'P_amp': 0.88735148720021, 'P_wet': 2431.730000742939, 'P_pow': 5.291697239708622, 'rate_power': 1.1937325259534073}. Best is trial 107 with value: 0.6083231421626458.
[I 2026-05-22 17:51:40,282] Trial 276 finished with value: 0.6080246556397676 and parameters: {'P_amp': 0.8845101357543259, 'P_wet': 2062.1753745074125, 'P_pow': 5.985836122272568, 'rate_power': 1.2077036333209283}. Best is trial 107 with value: 0.6083231421626458.
[I 2026-05-22 17:51:40,578] Trial 277 finished with value: 0.6077801327234693 and parameters: {'P_amp': 0.850618128235552, 'P_wet': 2863.2747005561214, 'P_pow': 5.982293445117968, 'rate_power': 1.1831247866495727}. Best is trial 107 with value: 0.6083231421626458.
[I 2026-05-22 17:51:40,875] Trial 278 finished with value: 0.5578950522470459 and parameters: {'P_amp': 0.7978606409362108, 'P_wet': 813.0189730207852, 'P_pow': 5.538344587335417, 'rate_power': 1.1914669062722647}. Best is trial 107 with value: 0.6083231421626458.
[I 2026-05-22 17:51:41,171] Trial 279 finished with value: 0.594432498734228 and parameters: {'P_amp': 0.883938628756817, 'P_wet': 1288.3538756901366, 'P_pow': 5.977678078192765, 'rate_power': 1.126133830566714}. Best is trial 107 with value: 0.6083231421626458.
[I 2026-05-22 17:51:41,468] Trial 280 finished with value: 0.5963150713709214 and parameters: {'P_amp': 0.886924150217935, 'P_wet': 1362.4512539973646, 'P_pow': 4.721453453746347, 'rate_power': 1.1232591381724317}. Best is trial 107 with value: 0.6083231421626458.
[I 2026-05-22 17:51:41,764] Trial 281 finished with value: 0.6078889245861837 and parameters: {'P_amp': 0.7294222655320869, 'P_wet': 2991.3298297963843, 'P_pow': 5.887233549524038, 'rate_power': 1.2216001472306712}. Best is trial 107 with value: 0.6083231421626458.
[I 2026-05-22 17:51:42,060] Trial 282 finished with value: 0.6071643479854357 and parameters: {'P_amp': 0.8993384197347798, 'P_wet': 4096.7898046972805, 'P_pow': 5.975545144178266, 'rate_power': 1.1815833931132396}. Best is trial 107 with value: 0.6083231421626458.
[I 2026-05-22 17:51:42,356] Trial 283 finished with value: 0.6069687840824125 and parameters: {'P_amp': 0.7375693121406878, 'P_wet': 2073.243941310283, 'P_pow': 4.843055764577676, 'rate_power': 1.2465322067082143}. Best is trial 107 with value: 0.6083231421626458.
[I 2026-05-22 17:51:42,652] Trial 284 finished with value: 0.6076705204487786 and parameters: {'P_amp': 0.7181955332615118, 'P_wet': 2752.7976859147907, 'P_pow': 5.896590135772894, 'rate_power': 1.1766909178992906}. Best is trial 107 with value: 0.6083231421626458.
[I 2026-05-22 17:51:42,948] Trial 285 finished with value: 0.5990630657061918 and parameters: {'P_amp': 0.8805791383966092, 'P_wet': 1483.0048988800618, 'P_pow': 5.825223107629132, 'rate_power': 1.2813797222897834}. Best is trial 107 with value: 0.6083231421626458.
[I 2026-05-22 17:51:43,243] Trial 286 finished with value: 0.6078156436065765 and parameters: {'P_amp': 0.8779941322293094, 'P_wet': 2933.3261143868895, 'P_pow': 4.739693590788984, 'rate_power': 1.270459434492118}. Best is trial 107 with value: 0.6083231421626458.
[I 2026-05-22 17:51:43,538] Trial 287 finished with value: 0.6081361179888094 and parameters: {'P_amp': 0.8881851469383413, 'P_wet': 2306.569665769558, 'P_pow': 5.602954656132606, 'rate_power': 1.2339888975394449}. Best is trial 107 with value: 0.6083231421626458.
[I 2026-05-22 17:51:43,835] Trial 288 finished with value: 0.5878537204430178 and parameters: {'P_amp': 0.3367094184678403, 'P_wet': 2816.983565915621, 'P_pow': 4.325319863567133, 'rate_power': 0.7810721330003014}. Best is trial 107 with value: 0.6083231421626458.
[I 2026-05-22 17:51:44,130] Trial 289 finished with value: 0.6081199894399933 and parameters: {'P_amp': 0.705679624796798, 'P_wet': 2239.094540640975, 'P_pow': 5.972838408925662, 'rate_power': 1.2342918973941372}. Best is trial 107 with value: 0.6083231421626458.
[I 2026-05-22 17:51:44,426] Trial 290 finished with value: 0.6076663741768442 and parameters: {'P_amp': 0.8907920767927348, 'P_wet': 3349.5888754676407, 'P_pow': 5.0393165995437705, 'rate_power': 1.20485134385043}. Best is trial 107 with value: 0.6083231421626458.
[I 2026-05-22 17:51:44,723] Trial 291 finished with value: 0.5890002032885568 and parameters: {'P_amp': 0.7453327648664668, 'P_wet': 1645.6382425077989, 'P_pow': 0.5814109013153739, 'rate_power': 1.1825829249674369}. Best is trial 107 with value: 0.6083231421626458.
[I 2026-05-22 17:51:45,018] Trial 292 finished with value: 0.6071489858409207 and parameters: {'P_amp': 0.8755728916884697, 'P_wet': 2037.644864002213, 'P_pow': 5.666429089066653, 'rate_power': 1.2940955006353305}. Best is trial 107 with value: 0.6083231421626458.
[I 2026-05-22 17:51:45,315] Trial 293 finished with value: 0.6047538525267119 and parameters: {'P_amp': 0.7163104379905659, 'P_wet': 1668.862397497156, 'P_pow': 5.969121175604557, 'rate_power': 1.2860363487190487}. Best is trial 107 with value: 0.6083231421626458.
[I 2026-05-22 17:51:45,610] Trial 294 finished with value: 0.6083033305552192 and parameters: {'P_amp': 0.8948486140959582, 'P_wet': 2506.8173196714715, 'P_pow': 5.948005719799738, 'rate_power': 1.2232231528646489}. Best is trial 107 with value: 0.6083231421626458.
[I 2026-05-22 17:51:45,914] Trial 295 finished with value: 0.5572221225759649 and parameters: {'P_amp': 0.6367190699367986, 'P_wet': 362.6195722845475, 'P_pow': 3.3721151705493257, 'rate_power': 1.0625253466377829}. Best is trial 107 with value: 0.6083231421626458.
[I 2026-05-22 17:51:46,211] Trial 296 finished with value: 0.6068468224375501 and parameters: {'P_amp': 0.8834335116240458, 'P_wet': 1997.6804251319838, 'P_pow': 5.105534366661021, 'rate_power': 1.1517620021020898}. Best is trial 107 with value: 0.6083231421626458.
[I 2026-05-22 17:51:46,507] Trial 297 finished with value: 0.6080056407893074 and parameters: {'P_amp': 0.7729495548751034, 'P_wet': 2822.9486451446614, 'P_pow': 5.7781475005151846, 'rate_power': 1.2204465242338285}. Best is trial 107 with value: 0.6083231421626458.
[I 2026-05-22 17:51:46,804] Trial 298 finished with value: 0.605352525095141 and parameters: {'P_amp': 0.8904230954271698, 'P_wet': 1731.334453049454, 'P_pow': 5.982256945521756, 'rate_power': 1.246117791873684}. Best is trial 107 with value: 0.6083231421626458.
[I 2026-05-22 17:51:47,100] Trial 299 finished with value: 0.6053463058959494 and parameters: {'P_amp': 0.7981381099678861, 'P_wet': 2418.384001824985, 'P_pow': 5.810149158184327, 'rate_power': 1.029393598168335}. Best is trial 107 with value: 0.6083231421626458.
[I 2026-05-22 17:51:47,397] Trial 300 finished with value: 0.6081056107317604 and parameters: {'P_amp': 0.8108305473057761, 'P_wet': 2327.2401062904623, 'P_pow': 5.881720642728172, 'rate_power': 1.194161632648652}. Best is trial 107 with value: 0.6083231421626458.
[I 2026-05-22 17:51:47,695] Trial 301 finished with value: 0.6076514976231865 and parameters: {'P_amp': 0.8803907756927104, 'P_wet': 3832.402486481171, 'P_pow': 5.072324435043094, 'rate_power': 1.229014517224939}. Best is trial 107 with value: 0.6083231421626458.
[I 2026-05-22 17:51:47,991] Trial 302 finished with value: 0.6079393254387512 and parameters: {'P_amp': 0.8948014080599865, 'P_wet': 3203.3884739630284, 'P_pow': 5.945731114406372, 'rate_power': 1.2274464910037917}. Best is trial 107 with value: 0.6083231421626458.
[I 2026-05-22 17:51:48,288] Trial 303 finished with value: 0.6078901843751764 and parameters: {'P_amp': 0.7693764683425869, 'P_wet': 2118.1421595538905, 'P_pow': 5.789294838822578, 'rate_power': 1.19006861257833}. Best is trial 107 with value: 0.6083231421626458.
[I 2026-05-22 17:51:48,585] Trial 304 finished with value: 0.6078026302166558 and parameters: {'P_amp': 0.8901761336984044, 'P_wet': 3353.1059438443726, 'P_pow': 4.853920356197181, 'rate_power': 1.2554897091215096}. Best is trial 107 with value: 0.6083231421626458.
[I 2026-05-22 17:51:48,878] Trial 305 finished with value: 0.6049655878924752 and parameters: {'P_amp': 0.8956464817015903, 'P_wet': 1742.4611846131938, 'P_pow': 5.958662832495721, 'rate_power': 1.2811003218975292}. Best is trial 107 with value: 0.6083231421626458.
[I 2026-05-22 17:51:49,172] Trial 306 finished with value: 0.6081809918696738 and parameters: {'P_amp': 0.7715781794855383, 'P_wet': 2533.111982575559, 'P_pow': 5.934033465826193, 'rate_power': 1.2247335828336159}. Best is trial 107 with value: 0.6083231421626458.
[I 2026-05-22 17:51:49,470] Trial 307 finished with value: 0.6073646279184378 and parameters: {'P_amp': 0.7711405764356989, 'P_wet': 3524.6350060100817, 'P_pow': 5.947910532024516, 'rate_power': 1.1867590758372926}. Best is trial 107 with value: 0.6083231421626458.
[I 2026-05-22 17:51:49,767] Trial 308 finished with value: 0.6080164944569117 and parameters: {'P_amp': 0.7608293490273254, 'P_wet': 2384.580840240184, 'P_pow': 5.965577797717313, 'rate_power': 1.1860991243123626}. Best is trial 107 with value: 0.6083231421626458.
[I 2026-05-22 17:51:50,065] Trial 309 finished with value: 0.5899838144837075 and parameters: {'P_amp': 0.6388153508827961, 'P_wet': 1126.1332646825424, 'P_pow': 4.512453422533071, 'rate_power': 1.2415118620450507}. Best is trial 107 with value: 0.6083231421626458.
[I 2026-05-22 17:51:50,362] Trial 310 finished with value: 0.5994299401860618 and parameters: {'P_amp': 0.188436291581682, 'P_wet': 5151.8340303879595, 'P_pow': 5.297930294088732, 'rate_power': 0.9403896247914285}. Best is trial 107 with value: 0.6083231421626458.
[I 2026-05-22 17:51:50,656] Trial 311 finished with value: 0.6067004685407762 and parameters: {'P_amp': 0.7319347132256739, 'P_wet': 2103.1217827489113, 'P_pow': 4.778806101602258, 'rate_power': 1.2835550255300363}. Best is trial 107 with value: 0.6083231421626458.
[I 2026-05-22 17:51:50,955] Trial 312 finished with value: 0.6059775927708925 and parameters: {'P_amp': 0.8115479608018666, 'P_wet': 1851.1871763318227, 'P_pow': 4.9542883314313455, 'rate_power': 1.161564800824334}. Best is trial 107 with value: 0.6083231421626458.
[I 2026-05-22 17:51:51,251] Trial 313 finished with value: 0.6081120724353188 and parameters: {'P_amp': 0.7094318847594319, 'P_wet': 2638.9074903008477, 'P_pow': 5.998767503877698, 'rate_power': 1.2478235037684555}. Best is trial 107 with value: 0.6083231421626458.
[I 2026-05-22 17:51:51,548] Trial 314 finished with value: 0.6072631427216334 and parameters: {'P_amp': 0.6952981026719339, 'P_wet': 3511.9158853368713, 'P_pow': 5.150740556091694, 'rate_power': 1.1793272543247646}. Best is trial 107 with value: 0.6083231421626458.
[I 2026-05-22 17:51:51,846] Trial 315 finished with value: 0.6078494394809323 and parameters: {'P_amp': 0.8984308682009139, 'P_wet': 2749.519004135819, 'P_pow': 5.768373875870754, 'rate_power': 1.1759819210553162}. Best is trial 107 with value: 0.6083231421626458.
[I 2026-05-22 17:51:52,143] Trial 316 finished with value: 0.6019656975953309 and parameters: {'P_amp': 0.15144484275251913, 'P_wet': 1968.3789381620095, 'P_pow': 1.144570561152969, 'rate_power': 0.9798145076728363}. Best is trial 107 with value: 0.6083231421626458.
[I 2026-05-22 17:51:52,440] Trial 317 finished with value: 0.6000130398534038 and parameters: {'P_amp': 0.8818433622880605, 'P_wet': 1499.2401348640815, 'P_pow': 5.128502896207483, 'rate_power': 1.2068517790691358}. Best is trial 107 with value: 0.6083231421626458.
[I 2026-05-22 17:51:52,735] Trial 318 finished with value: 0.607795451514479 and parameters: {'P_amp': 0.6917723994387084, 'P_wet': 2945.90764746357, 'P_pow': 5.749348973459811, 'rate_power': 1.2966714632945675}. Best is trial 107 with value: 0.6083231421626458.
[I 2026-05-22 17:51:53,024] Trial 319 finished with value: 0.6062708205465603 and parameters: {'P_amp': 0.8078726695509354, 'P_wet': 1754.7943088007219, 'P_pow': 5.947134715491483, 'rate_power': 1.1813496544686684}. Best is trial 107 with value: 0.6083231421626458.
[I 2026-05-22 17:51:53,313] Trial 320 finished with value: 0.608133198525565 and parameters: {'P_amp': 0.7680606186083523, 'P_wet': 2436.128080383988, 'P_pow': 5.959400156492921, 'rate_power': 1.2777772315533211}. Best is trial 107 with value: 0.6083231421626458.
[I 2026-05-22 17:51:53,601] Trial 321 finished with value: 0.6074620885147333 and parameters: {'P_amp': 0.7882653502461109, 'P_wet': 5976.859995011796, 'P_pow': 5.643728896580786, 'rate_power': 1.291145673042181}. Best is trial 107 with value: 0.6083231421626458.
[I 2026-05-22 17:51:53,890] Trial 322 finished with value: 0.6081005202527404 and parameters: {'P_amp': 0.7296451878055215, 'P_wet': 2391.782019253765, 'P_pow': 5.778818659096035, 'rate_power': 1.2544752643251411}. Best is trial 107 with value: 0.6083231421626458.
[I 2026-05-22 17:51:54,186] Trial 323 finished with value: 0.5888175746839273 and parameters: {'P_amp': 0.8946690759922793, 'P_wet': 619.1653099641233, 'P_pow': 0.8266602786032382, 'rate_power': 0.7090321219912288}. Best is trial 107 with value: 0.6083231421626458.
[I 2026-05-22 17:51:54,475] Trial 324 finished with value: 0.6078642034805956 and parameters: {'P_amp': 0.7461257408865933, 'P_wet': 2653.853813765266, 'P_pow': 5.452331411754667, 'rate_power': 1.2947789108800984}. Best is trial 107 with value: 0.6083231421626458.
[I 2026-05-22 17:51:54,768] Trial 325 finished with value: 0.5845367157237007 and parameters: {'P_amp': 0.86316765239953, 'P_wet': 3331.3960232906556, 'P_pow': 4.045296421652254, 'rate_power': 0.7433279776684426}. Best is trial 107 with value: 0.6083231421626458.
[I 2026-05-22 17:51:55,058] Trial 326 finished with value: 0.6079234884495578 and parameters: {'P_amp': 0.7315314653054281, 'P_wet': 2284.068331426756, 'P_pow': 5.912624892301085, 'rate_power': 1.2951585512083115}. Best is trial 107 with value: 0.6083231421626458.
