[I 2026-05-22 17:58:58,352] Trial 736 finished with value: 0.6016543157231049 and parameters: {'WG_amp': 0.6032266563221851, 'WG_Phalf': 576.8682703840395, 'WG_k': 0.06169763375334989, 'WG_c': 5.46872747962599, 'rate_power': 1.1729359746597998}. Best is trial 579 with value: 0.6102826150053956.
[I 2026-05-22 17:58:58,643] Trial 737 finished with value: 0.6068475722279912 and parameters: {'WG_amp': 0.7831036193105456, 'WG_Phalf': 166.24148541644558, 'WG_k': 92.61206838874025, 'WG_c': 7.238330733360873, 'rate_power': 1.171470531419612}. Best is trial 579 with value: 0.6102826150053956.
[I 2026-05-22 17:58:58,934] Trial 738 finished with value: 0.6098426311509288 and parameters: {'WG_amp': 0.7781240543120965, 'WG_Phalf': 119.32587584589305, 'WG_k': 95.4950605953952, 'WG_c': 0.853849417309618, 'rate_power': 1.2168020133079596}. Best is trial 579 with value: 0.6102826150053956.
[I 2026-05-22 17:58:59,222] Trial 739 finished with value: 0.607521609295458 and parameters: {'WG_amp': 0.7961602853105577, 'WG_Phalf': 106.73439714481832, 'WG_k': 20.14159231969781, 'WG_c': 1.8845596389045367, 'rate_power': 1.2202345786962046}. Best is trial 579 with value: 0.6102826150053956.
[I 2026-05-22 17:58:59,510] Trial 740 finished with value: 0.6057660589128672 and parameters: {'WG_amp': 0.441618341959759, 'WG_Phalf': 153.12018843223387, 'WG_k': 70.84195980982794, 'WG_c': 4.873845600372105, 'rate_power': 1.104225450504532}. Best is trial 579 with value: 0.6102826150053956.
[I 2026-05-22 17:58:59,798] Trial 741 finished with value: 0.6074230756013598 and parameters: {'WG_amp': 0.6873431212151124, 'WG_Phalf': 178.12491577969703, 'WG_k': 87.42492342232589, 'WG_c': 2.338483869772887, 'rate_power': 1.2295663394134744}. Best is trial 579 with value: 0.6102826150053956.
[I 2026-05-22 17:59:00,086] Trial 742 finished with value: 0.6074683025104534 and parameters: {'WG_amp': 0.8739840217607555, 'WG_Phalf': 133.36747531081747, 'WG_k': 50.70617549749138, 'WG_c': 7.599459211335506, 'rate_power': 1.2432341275169252}. Best is trial 579 with value: 0.6102826150053956.
[I 2026-05-22 17:59:00,376] Trial 743 finished with value: 0.5976726015825807 and parameters: {'WG_amp': 0.28250062363165773, 'WG_Phalf': 585.5983766765171, 'WG_k': 0.8513512695691932, 'WG_c': 0.6950340073530761, 'rate_power': 0.8732098015980525}. Best is trial 579 with value: 0.6102826150053956.
[I 2026-05-22 17:59:00,674] Trial 744 finished with value: 0.6071536365607059 and parameters: {'WG_amp': 0.7550943963527957, 'WG_Phalf': 101.87339047765103, 'WG_k': 59.43430123299915, 'WG_c': 1.9958411017457685, 'rate_power': 1.1925235356909454}. Best is trial 579 with value: 0.6102826150053956.
[I 2026-05-22 17:59:00,965] Trial 745 finished with value: 0.6058125108256323 and parameters: {'WG_amp': 0.8826658763172044, 'WG_Phalf': 110.16783928118755, 'WG_k': 89.59247636031333, 'WG_c': 0.5470033739992003, 'rate_power': 1.1326819222894395}. Best is trial 579 with value: 0.6102826150053956.
[I 2026-05-22 17:59:01,251] Trial 746 finished with value: 0.6053374671389681 and parameters: {'WG_amp': 0.02839603253198525, 'WG_Phalf': 3290.981482789714, 'WG_k': 33.19320919987918, 'WG_c': 0.000941242619045827, 'rate_power': 1.0833129965549415}. Best is trial 579 with value: 0.6102826150053956.
[I 2026-05-22 17:59:01,535] Trial 747 finished with value: 0.6067137778244003 and parameters: {'WG_amp': 0.7081415529207282, 'WG_Phalf': 118.46125209808315, 'WG_k': 32.41476719554243, 'WG_c': 0.587240967091542, 'rate_power': 1.2479013522009936}. Best is trial 579 with value: 0.6102826150053956.
[I 2026-05-22 17:59:01,821] Trial 748 finished with value: 0.6007183879910978 and parameters: {'WG_amp': 0.23300656877952164, 'WG_Phalf': 1170.3931516722594, 'WG_k': 0.020710620817899237, 'WG_c': 0.10494458073698608, 'rate_power': 0.9494948110394267}. Best is trial 579 with value: 0.6102826150053956.
[I 2026-05-22 17:59:02,109] Trial 749 finished with value: 0.6057729628632132 and parameters: {'WG_amp': 0.23322861699096195, 'WG_Phalf': 2739.20738609113, 'WG_k': 0.2988038914041461, 'WG_c': 0.2433953029027456, 'rate_power': 1.1273913241674647}. Best is trial 579 with value: 0.6102826150053956.
[I 2026-05-22 17:59:02,399] Trial 750 finished with value: 0.6063865003436193 and parameters: {'WG_amp': 0.883155823836209, 'WG_Phalf': 499.82420004999614, 'WG_k': 15.223135181987242, 'WG_c': 9.619165259460663, 'rate_power': 1.138743581677568}. Best is trial 579 with value: 0.6102826150053956.
[I 2026-05-22 17:59:02,690] Trial 751 finished with value: 0.5880209533928645 and parameters: {'WG_amp': 0.7010868252068948, 'WG_Phalf': 107.05610983818369, 'WG_k': 4.367930180858617, 'WG_c': 0.1413956719560284, 'rate_power': 1.1675540478663022}. Best is trial 579 with value: 0.6102826150053956.
[I 2026-05-22 17:59:02,980] Trial 752 finished with value: 0.6085001977710012 and parameters: {'WG_amp': 0.8950516437281336, 'WG_Phalf': 292.14050544747573, 'WG_k': 23.564685634080963, 'WG_c': 1.2762941037936821, 'rate_power': 1.138883462332399}. Best is trial 579 with value: 0.6102826150053956.
[I 2026-05-22 17:59:03,270] Trial 753 finished with value: 0.6088247672524909 and parameters: {'WG_amp': 0.609497860591423, 'WG_Phalf': 109.2621657353941, 'WG_k': 87.4166954602859, 'WG_c': 0.7082001442493735, 'rate_power': 1.2132027411724802}. Best is trial 579 with value: 0.6102826150053956.
[I 2026-05-22 17:59:03,559] Trial 754 finished with value: 0.5851954511887357 and parameters: {'WG_amp': 0.725549086735018, 'WG_Phalf': 100.73493398869002, 'WG_k': 14.62829250599122, 'WG_c': 0.1335142994885265, 'rate_power': 1.1704736676809082}. Best is trial 579 with value: 0.6102826150053956.
[I 2026-05-22 17:59:03,850] Trial 755 finished with value: 0.589150134777834 and parameters: {'WG_amp': 0.8501053121814776, 'WG_Phalf': 364.9348308070776, 'WG_k': 0.6047816486971304, 'WG_c': 0.6775713424857888, 'rate_power': 1.2947479438438507}. Best is trial 579 with value: 0.6102826150053956.
[I 2026-05-22 17:59:04,140] Trial 756 finished with value: 0.572609917004713 and parameters: {'WG_amp': 0.7533230360511329, 'WG_Phalf': 144.86162774248638, 'WG_k': 73.11209228111409, 'WG_c': 0.058027324571473776, 'rate_power': 1.2302443860162957}. Best is trial 579 with value: 0.6102826150053956.
[I 2026-05-22 17:59:04,430] Trial 757 finished with value: 0.6014322262167705 and parameters: {'WG_amp': 0.7743980214855323, 'WG_Phalf': 183.35658435542385, 'WG_k': 30.192402885944464, 'WG_c': 0.35847267443173947, 'rate_power': 1.188447973450725}. Best is trial 579 with value: 0.6102826150053956.
[I 2026-05-22 17:59:04,722] Trial 758 finished with value: 0.6081408451234336 and parameters: {'WG_amp': 0.7308012307255607, 'WG_Phalf': 197.87151246152757, 'WG_k': 34.05708738336063, 'WG_c': 1.4422923151472447, 'rate_power': 1.2935859491239314}. Best is trial 579 with value: 0.6102826150053956.
[I 2026-05-22 17:59:05,013] Trial 759 finished with value: 0.6085533475582439 and parameters: {'WG_amp': 0.7525708681307715, 'WG_Phalf': 171.9777643853237, 'WG_k': 3.099132562599055, 'WG_c': 1.2148093894393353, 'rate_power': 1.2144695493317095}. Best is trial 579 with value: 0.6102826150053956.
[I 2026-05-22 17:59:05,304] Trial 760 finished with value: 0.6101537684374603 and parameters: {'WG_amp': 0.8799255095052811, 'WG_Phalf': 164.20405136954577, 'WG_k': 19.197226570924244, 'WG_c': 0.9251906446302909, 'rate_power': 1.2366531516305448}. Best is trial 579 with value: 0.6102826150053956.
[I 2026-05-22 17:59:05,590] Trial 761 finished with value: 0.6046913273290074 and parameters: {'WG_amp': 0.7623421688523004, 'WG_Phalf': 104.83315065171632, 'WG_k': 97.58076478700164, 'WG_c': 0.46233677080196683, 'rate_power': 1.1393235344589148}. Best is trial 579 with value: 0.6102826150053956.
[I 2026-05-22 17:59:05,875] Trial 762 finished with value: 0.6083948725610084 and parameters: {'WG_amp': 0.8698719845099199, 'WG_Phalf': 171.75881988775075, 'WG_k': 13.08078990416362, 'WG_c': 1.3826632697911434, 'rate_power': 1.177899528347972}. Best is trial 579 with value: 0.6102826150053956.
[I 2026-05-22 17:59:06,160] Trial 763 finished with value: 0.5791121424068941 and parameters: {'WG_amp': 0.8958381691079692, 'WG_Phalf': 188.71132972048616, 'WG_k': 15.087475026245317, 'WG_c': 0.14129648145452783, 'rate_power': 1.189562249675201}. Best is trial 579 with value: 0.6102826150053956.
[I 2026-05-22 17:59:06,445] Trial 764 finished with value: 0.6012968290388072 and parameters: {'WG_amp': 0.8732406364396317, 'WG_Phalf': 117.9038841998056, 'WG_k': 6.0168484740377295, 'WG_c': 0.5186953731480798, 'rate_power': 1.2588228187146322}. Best is trial 579 with value: 0.6102826150053956.
[I 2026-05-22 17:59:06,730] Trial 765 finished with value: 0.6074270708191923 and parameters: {'WG_amp': 0.8286207654062925, 'WG_Phalf': 147.3609360555294, 'WG_k': 9.796585379744267, 'WG_c': 2.2673464687225486, 'rate_power': 1.2977617828558652}. Best is trial 579 with value: 0.6102826150053956.
[I 2026-05-22 17:59:07,020] Trial 766 finished with value: 0.6071865625886608 and parameters: {'WG_amp': 0.6456214867550653, 'WG_Phalf': 118.51088809558024, 'WG_k': 2.9271097044523997, 'WG_c': 6.6375312503168, 'rate_power': 1.204308446197926}. Best is trial 579 with value: 0.6102826150053956.
[I 2026-05-22 17:59:07,304] Trial 767 finished with value: 0.6074543625247569 and parameters: {'WG_amp': 0.806605412039394, 'WG_Phalf': 128.2467119226128, 'WG_k': 88.31825464682476, 'WG_c': 1.6648824379745712, 'rate_power': 1.2009665155222378}. Best is trial 579 with value: 0.6102826150053956.
[I 2026-05-22 17:59:07,588] Trial 768 finished with value: 0.6063686389753126 and parameters: {'WG_amp': 0.8998011652535074, 'WG_Phalf': 172.43482771706397, 'WG_k': 6.166768856556269, 'WG_c': 2.381454290929689, 'rate_power': 1.1356400801911535}. Best is trial 579 with value: 0.6102826150053956.
[I 2026-05-22 17:59:07,872] Trial 769 finished with value: 0.5789460483517325 and parameters: {'WG_amp': 0.7412950731970123, 'WG_Phalf': 103.77166139881479, 'WG_k': 28.42109563713717, 'WG_c': 0.12198942601493622, 'rate_power': 1.279551676653696}. Best is trial 579 with value: 0.6102826150053956.
[I 2026-05-22 17:59:08,157] Trial 770 finished with value: 0.6066187850375143 and parameters: {'WG_amp': 0.8746699706596196, 'WG_Phalf': 109.75809857788624, 'WG_k': 6.476421336802811, 'WG_c': 0.6236195330844498, 'rate_power': 1.188958816003344}. Best is trial 579 with value: 0.6102826150053956.
[I 2026-05-22 17:59:08,441] Trial 771 finished with value: 0.6033672162839316 and parameters: {'WG_amp': 0.5747805661136827, 'WG_Phalf': 117.45051181729593, 'WG_k': 7.11373145620264, 'WG_c': 0.38429505610014403, 'rate_power': 1.2065278445396725}. Best is trial 579 with value: 0.6102826150053956.
[I 2026-05-22 17:59:08,727] Trial 772 finished with value: 0.6050379958963124 and parameters: {'WG_amp': 0.7346946453743108, 'WG_Phalf': 131.88866658303698, 'WG_k': 16.90089364038369, 'WG_c': 0.41905589740448584, 'rate_power': 1.120727561596332}. Best is trial 579 with value: 0.6102826150053956.
[I 2026-05-22 17:59:09,018] Trial 773 finished with value: 0.6060596342195727 and parameters: {'WG_amp': 0.6689955934370723, 'WG_Phalf': 101.21862875674003, 'WG_k': 31.643490479449813, 'WG_c': 0.48228536200700023, 'rate_power': 1.1593169418438154}. Best is trial 579 with value: 0.6102826150053956.
[I 2026-05-22 17:59:09,304] Trial 774 finished with value: 0.6075476846779458 and parameters: {'WG_amp': 0.8829758091554301, 'WG_Phalf': 122.96502258414745, 'WG_k': 34.41073215782922, 'WG_c': 1.9517688411286098, 'rate_power': 1.2415067745850903}. Best is trial 579 with value: 0.6102826150053956.
[I 2026-05-22 17:59:09,589] Trial 775 finished with value: 0.6070110138348661 and parameters: {'WG_amp': 0.8494024812979136, 'WG_Phalf': 225.58488042686326, 'WG_k': 23.10412737349696, 'WG_c': 0.5770096755723876, 'rate_power': 1.185473308208653}. Best is trial 579 with value: 0.6102826150053956.
[I 2026-05-22 17:59:09,883] Trial 776 finished with value: 0.5991997994663595 and parameters: {'WG_amp': 0.5958024913150681, 'WG_Phalf': 106.0338018128245, 'WG_k': 44.90532650262265, 'WG_c': 1.4978554235726038, 'rate_power': 0.9188553522395215}. Best is trial 579 with value: 0.6102826150053956.
[I 2026-05-22 17:59:10,192] Trial 777 finished with value: 0.59301828053736 and parameters: {'WG_amp': 0.7140055792681694, 'WG_Phalf': 231.7863200395513, 'WG_k': 86.46857506116146, 'WG_c': 0.17217281748659832, 'rate_power': 1.1947618198597536}. Best is trial 579 with value: 0.6102826150053956.
[I 2026-05-22 17:59:10,482] Trial 778 finished with value: 0.6095947816687439 and parameters: {'WG_amp': 0.7827940050991788, 'WG_Phalf': 210.816140620544, 'WG_k': 88.1031586686906, 'WG_c': 1.041325568916477, 'rate_power': 1.2609458215056697}. Best is trial 579 with value: 0.6102826150053956.
[I 2026-05-22 17:59:10,771] Trial 779 finished with value: 0.6073933223416084 and parameters: {'WG_amp': 0.8955024174527157, 'WG_Phalf': 214.67375540364128, 'WG_k': 26.875131851180765, 'WG_c': 7.993074411453175, 'rate_power': 1.299545275134454}. Best is trial 579 with value: 0.6102826150053956.
[I 2026-05-22 17:59:11,058] Trial 780 finished with value: 0.5772891389124937 and parameters: {'WG_amp': 0.8803000238152833, 'WG_Phalf': 278.2262408194421, 'WG_k': 6.364677354197306, 'WG_c': 0.15944807489206672, 'rate_power': 1.2901167424935072}. Best is trial 579 with value: 0.6102826150053956.
[I 2026-05-22 17:59:11,348] Trial 781 finished with value: 0.6074315460967349 and parameters: {'WG_amp': 0.8033804892808101, 'WG_Phalf': 104.19677721427571, 'WG_k': 85.5132602943071, 'WG_c': 2.21223561758983, 'rate_power': 1.2927931374145285}. Best is trial 579 with value: 0.6102826150053956.
[I 2026-05-22 17:59:11,638] Trial 782 finished with value: 0.6009150433281353 and parameters: {'WG_amp': 0.5812852291582226, 'WG_Phalf': 756.3274746636583, 'WG_k': 0.01641943004853517, 'WG_c': 0.002882185433998307, 'rate_power': 0.9432487899188229}. Best is trial 579 with value: 0.6102826150053956.
[I 2026-05-22 17:59:11,927] Trial 783 finished with value: 0.6100163549541273 and parameters: {'WG_amp': 0.8347104984761468, 'WG_Phalf': 220.67730251326134, 'WG_k': 76.20721096435044, 'WG_c': 0.8504949785280023, 'rate_power': 1.1379447718117344}. Best is trial 579 with value: 0.6102826150053956.
[I 2026-05-22 17:59:12,216] Trial 784 finished with value: 0.6063546442458796 and parameters: {'WG_amp': 0.8576431902740094, 'WG_Phalf': 253.56576885120737, 'WG_k': 55.78859343590681, 'WG_c': 2.4885416954549964, 'rate_power': 1.1365949618668112}. Best is trial 579 with value: 0.6102826150053956.
[I 2026-05-22 17:59:12,506] Trial 785 finished with value: 0.5885626079091181 and parameters: {'WG_amp': 0.7851932431910388, 'WG_Phalf': 218.76812659749137, 'WG_k': 71.74201083759942, 'WG_c': 0.15098853458542782, 'rate_power': 1.1914802617482176}. Best is trial 579 with value: 0.6102826150053956.
[I 2026-05-22 17:59:12,796] Trial 786 finished with value: 0.5828129057342244 and parameters: {'WG_amp': 0.8706602929346046, 'WG_Phalf': 353.41670221365894, 'WG_k': 54.21878224069053, 'WG_c': 0.08753948760154333, 'rate_power': 1.1533924311907773}. Best is trial 579 with value: 0.6102826150053956.
[I 2026-05-22 17:59:13,086] Trial 787 finished with value: 0.6062212537177759 and parameters: {'WG_amp': 0.8686836728946895, 'WG_Phalf': 195.25906189018514, 'WG_k': 88.8502422820355, 'WG_c': 2.5152209159781544, 'rate_power': 1.1287311911084545}. Best is trial 579 with value: 0.6102826150053956.
[I 2026-05-22 17:59:13,369] Trial 788 finished with value: 0.6071634854046344 and parameters: {'WG_amp': 0.5455393897242411, 'WG_Phalf': 224.8149303321974, 'WG_k': 12.422906929357506, 'WG_c': 2.8143313751307626, 'rate_power': 1.200627807057693}. Best is trial 579 with value: 0.6102826150053956.
[I 2026-05-22 17:59:13,665] Trial 789 finished with value: 0.6075058446058186 and parameters: {'WG_amp': 0.8960539852103883, 'WG_Phalf': 421.98721857660996, 'WG_k': 86.65955337585508, 'WG_c': 0.849405137514853, 'rate_power': 0.9845031426140718}. Best is trial 579 with value: 0.6102826150053956.
[I 2026-05-22 17:59:13,955] Trial 790 finished with value: 0.601477839633886 and parameters: {'WG_amp': 0.3700955321453635, 'WG_Phalf': 378.91679591519073, 'WG_k': 7.333308341292751, 'WG_c': 0.0027908905779368445, 'rate_power': 1.100546127051472}. Best is trial 579 with value: 0.6102826150053956.
[I 2026-05-22 17:59:14,245] Trial 791 finished with value: 0.5845817101243527 and parameters: {'WG_amp': 0.009629994241910633, 'WG_Phalf': 161.02774705154604, 'WG_k': 24.33756212237193, 'WG_c': 0.130090936510261, 'rate_power': 0.7543232080955731}. Best is trial 579 with value: 0.6102826150053956.
[I 2026-05-22 17:59:14,534] Trial 792 finished with value: 0.609882293829747 and parameters: {'WG_amp': 0.7396391317710632, 'WG_Phalf': 197.20577925860474, 'WG_k': 20.473047728078225, 'WG_c': 0.9882169298725959, 'rate_power': 1.1701194548343854}. Best is trial 579 with value: 0.6102826150053956.
[I 2026-05-22 17:59:14,828] Trial 793 finished with value: 0.6066071417366242 and parameters: {'WG_amp': 0.6917254477254084, 'WG_Phalf': 273.6252747960171, 'WG_k': 70.88075434705276, 'WG_c': 5.662100560486392, 'rate_power': 1.1557486708375906}. Best is trial 579 with value: 0.6102826150053956.
[I 2026-05-22 17:59:15,118] Trial 794 finished with value: 0.5872939755694848 and parameters: {'WG_amp': 0.8904184121625914, 'WG_Phalf': 204.61757945233796, 'WG_k': 53.9758071908808, 'WG_c': 0.12924133504659027, 'rate_power': 1.0493284082126633}. Best is trial 579 with value: 0.6102826150053956.
[I 2026-05-22 17:59:15,408] Trial 795 finished with value: 0.6067035769570585 and parameters: {'WG_amp': 0.6929106059562483, 'WG_Phalf': 169.05556066850014, 'WG_k': 45.682430441299026, 'WG_c': 1.6130340614965983, 'rate_power': 1.1343194986600675}. Best is trial 579 with value: 0.6102826150053956.
[I 2026-05-22 17:59:15,695] Trial 796 finished with value: 0.6012323651240389 and parameters: {'WG_amp': 0.7286955192338825, 'WG_Phalf': 241.95667330364464, 'WG_k': 98.19356712848833, 'WG_c': 0.3392969454695183, 'rate_power': 1.213636897347986}. Best is trial 579 with value: 0.6102826150053956.
[I 2026-05-22 17:59:15,980] Trial 797 finished with value: 0.6059543142483789 and parameters: {'WG_amp': 0.8930017403462865, 'WG_Phalf': 208.15813216605318, 'WG_k': 42.40905692210383, 'WG_c': 0.5233464748658181, 'rate_power': 1.128093681824081}. Best is trial 579 with value: 0.6102826150053956.
[I 2026-05-22 17:59:16,265] Trial 798 finished with value: 0.6077299379561911 and parameters: {'WG_amp': 0.7321135727301641, 'WG_Phalf': 161.64353813056655, 'WG_k': 10.356323510480053, 'WG_c': 1.4587845992352377, 'rate_power': 1.1564916258877396}. Best is trial 579 with value: 0.6102826150053956.
[I 2026-05-22 17:59:16,552] Trial 799 finished with value: 0.6081096091201854 and parameters: {'WG_amp': 0.7934121811734118, 'WG_Phalf': 108.2070065348195, 'WG_k': 16.38137830555771, 'WG_c': 1.4500124018470968, 'rate_power': 1.1911842423015215}. Best is trial 579 with value: 0.6102826150053956.
[I 2026-05-22 17:59:16,842] Trial 800 finished with value: 0.5970695788695926 and parameters: {'WG_amp': 0.8918866995651269, 'WG_Phalf': 231.77325935521105, 'WG_k': 54.05412750655315, 'WG_c': 0.3319290555489594, 'rate_power': 1.2313724536281065}. Best is trial 579 with value: 0.6102826150053956.
[I 2026-05-22 17:59:17,128] Trial 801 finished with value: 0.6092600192361447 and parameters: {'WG_amp': 0.8952519236462415, 'WG_Phalf': 210.48514745203167, 'WG_k': 14.28953250970959, 'WG_c': 1.2543203169190469, 'rate_power': 1.2158165994077275}. Best is trial 579 with value: 0.6102826150053956.
[I 2026-05-22 17:59:17,417] Trial 802 finished with value: 0.5992797405595851 and parameters: {'WG_amp': 0.6450136318553725, 'WG_Phalf': 196.7539276234734, 'WG_k': 7.340076001788418, 'WG_c': 0.27593919891688856, 'rate_power': 1.1922665466108031}. Best is trial 579 with value: 0.6102826150053956.
[I 2026-05-22 17:59:17,707] Trial 803 finished with value: 0.6023840038818201 and parameters: {'WG_amp': 0.7545115750047917, 'WG_Phalf': 195.61449007733742, 'WG_k': 71.64697896668036, 'WG_c': 1.6656942566867206, 'rate_power': 0.9897671519765471}. Best is trial 579 with value: 0.6102826150053956.
[I 2026-05-22 17:59:17,998] Trial 804 finished with value: 0.6034893606039566 and parameters: {'WG_amp': 0.7601252013893323, 'WG_Phalf': 111.65079597999319, 'WG_k': 11.086774881606713, 'WG_c': 0.46967545213402906, 'rate_power': 1.2357071374227777}. Best is trial 579 with value: 0.6102826150053956.
[I 2026-05-22 17:59:18,289] Trial 805 finished with value: 0.6062297328078914 and parameters: {'WG_amp': 0.7040803111614052, 'WG_Phalf': 303.15548897774903, 'WG_k': 4.495940296626904, 'WG_c': 8.378358424452626, 'rate_power': 1.1292625265670022}. Best is trial 579 with value: 0.6102826150053956.
[I 2026-05-22 17:59:18,575] Trial 806 finished with value: 0.6060421837590739 and parameters: {'WG_amp': 0.5869363105633367, 'WG_Phalf': 108.8939379748918, 'WG_k': 3.9630105963804505, 'WG_c': 2.1328777989936807, 'rate_power': 1.1066074116323998}. Best is trial 579 with value: 0.6102826150053956.
[I 2026-05-22 17:59:18,860] Trial 807 finished with value: 0.6076629051547549 and parameters: {'WG_amp': 0.7533583595189717, 'WG_Phalf': 165.84125455938064, 'WG_k': 8.803665723847836, 'WG_c': 0.6237591114848329, 'rate_power': 1.2123244459781117}. Best is trial 579 with value: 0.6102826150053956.
[I 2026-05-22 17:59:19,146] Trial 808 finished with value: 0.5826050304731369 and parameters: {'WG_amp': 0.3880275260833807, 'WG_Phalf': 2662.4153450887557, 'WG_k': 35.33656447680146, 'WG_c': 0.00010076572631192631, 'rate_power': 0.7049368198895218}. Best is trial 579 with value: 0.6102826150053956.
[I 2026-05-22 17:59:19,436] Trial 809 finished with value: 0.5995601327603098 and parameters: {'WG_amp': 0.6609709980442051, 'WG_Phalf': 205.27639114414583, 'WG_k': 72.53629489015181, 'WG_c': 0.20495331741451636, 'rate_power': 1.0785741823006265}. Best is trial 579 with value: 0.6102826150053956.
