[I 2026-05-22 18:10:07,488] Trial 487 finished with value: 0.5933534849187415 and parameters: {'P_amp': 0.10816953900074172, 'P_wet': 3954.8271945808483, 'P_pow': 0.30390135401777885, 'WG_amp': 0.1487671114722007, 'WG_Phalf': 2414.3174955587556, 'WG_k': 4.181938930385635, 'WG_c': 2.209633188027692, 'rain_shift': 0.9465958529899496, 'ign_k': 0.2923810871215915, 'rate_power': 0.886914930345322}. Best is trial 209 with value: 0.6108097453057891.
[I 2026-05-22 18:10:07,945] Trial 488 finished with value: 0.6010751634199107 and parameters: {'P_amp': 0.03844668352757256, 'P_wet': 4918.315715804859, 'P_pow': 2.3982505359421116, 'WG_amp': 0.16213059547370087, 'WG_Phalf': 503.40250197556094, 'WG_k': 21.20078377594645, 'WG_c': 1.318997897583155, 'rain_shift': 0.1072291469582074, 'ign_k': 0.5129405829401348, 'rate_power': 1.0328197487407924}. Best is trial 209 with value: 0.6108097453057891.
[I 2026-05-22 18:10:08,403] Trial 489 finished with value: 0.5793670876643189 and parameters: {'P_amp': 0.45450392932891476, 'P_wet': 5498.220110539104, 'P_pow': 3.965853499973173, 'WG_amp': 0.04701052153239632, 'WG_Phalf': 2797.571226942456, 'WG_k': 19.69787863794308, 'WG_c': 0.04317534455035372, 'rain_shift': 2.7482464637640245, 'ign_k': 0.6393008342349676, 'rate_power': 1.0392912940135715}. Best is trial 209 with value: 0.6108097453057891.
[I 2026-05-22 18:10:08,862] Trial 490 finished with value: 0.5770214041474474 and parameters: {'P_amp': 0.6232548348820012, 'P_wet': 5921.604313256914, 'P_pow': 4.717709616173867, 'WG_amp': 0.1254424501956403, 'WG_Phalf': 2278.8520565140475, 'WG_k': 1.9637289835106977, 'WG_c': 1.1738550708491866, 'rain_shift': 2.4188809659661095, 'ign_k': 0.5831156818961343, 'rate_power': 1.2425236927938381}. Best is trial 209 with value: 0.6108097453057891.
[I 2026-05-22 18:10:09,322] Trial 491 finished with value: 0.6051132341979816 and parameters: {'P_amp': 0.5562669323449723, 'P_wet': 3481.9970817876583, 'P_pow': 2.4934256331985964, 'WG_amp': 0.004286961920461574, 'WG_Phalf': 1717.118854159747, 'WG_k': 31.206293933388295, 'WG_c': 0.06965931358100919, 'rain_shift': 0.7417025810908479, 'ign_k': 0.41977176767608376, 'rate_power': 1.0818747899167376}. Best is trial 209 with value: 0.6108097453057891.
[I 2026-05-22 18:10:09,784] Trial 492 finished with value: 0.5372400158218692 and parameters: {'P_amp': 0.7554779153377431, 'P_wet': 349.8240199040635, 'P_pow': 1.6595030588867967, 'WG_amp': 0.054590891006334685, 'WG_Phalf': 239.8173361180017, 'WG_k': 87.94614660288208, 'WG_c': 0.5243466895368698, 'rain_shift': 3.6914547594447322, 'ign_k': 0.2771356466031096, 'rate_power': 0.7969506519420987}. Best is trial 209 with value: 0.6108097453057891.
[I 2026-05-22 18:10:10,247] Trial 493 finished with value: 0.5599936573893054 and parameters: {'P_amp': 0.1078870288662152, 'P_wet': 5598.374512722367, 'P_pow': 4.094500770589378, 'WG_amp': 0.7092259918354522, 'WG_Phalf': 364.2463200799319, 'WG_k': 0.01374000328257981, 'WG_c': 0.08584867685361007, 'rain_shift': 7.826852426856918, 'ign_k': 0.10816288100095685, 'rate_power': 0.7613166917467503}. Best is trial 209 with value: 0.6108097453057891.
[I 2026-05-22 18:10:10,705] Trial 494 finished with value: 0.5814733549201214 and parameters: {'P_amp': 0.4943288701670857, 'P_wet': 5494.980012823035, 'P_pow': 3.385498999322659, 'WG_amp': 0.1335289096400014, 'WG_Phalf': 1249.905219516761, 'WG_k': 1.6229364400301747, 'WG_c': 0.8254013665241166, 'rain_shift': 1.2916474655981598, 'ign_k': 0.18266404243258114, 'rate_power': 1.267103414135192}. Best is trial 209 with value: 0.6108097453057891.
[I 2026-05-22 18:10:11,166] Trial 495 finished with value: 0.6069062482877615 and parameters: {'P_amp': 0.5896343826306982, 'P_wet': 5895.06023621714, 'P_pow': 3.5480994731925923, 'WG_amp': 0.05257755080734478, 'WG_Phalf': 681.5752989978907, 'WG_k': 7.995657300194925, 'WG_c': 0.4850851738132468, 'rain_shift': 1.5831536051343118, 'ign_k': 0.5375293194429528, 'rate_power': 0.9616317235147677}. Best is trial 209 with value: 0.6108097453057891.
[I 2026-05-22 18:10:11,628] Trial 496 finished with value: 0.5972919071107275 and parameters: {'P_amp': 0.008552699050876923, 'P_wet': 3482.7075657218775, 'P_pow': 1.319262385620812, 'WG_amp': 0.2663972277052442, 'WG_Phalf': 812.8334384677288, 'WG_k': 99.84827376410306, 'WG_c': 4.178088392987272, 'rain_shift': 2.429420523179873, 'ign_k': 0.43005779368127717, 'rate_power': 0.9251800049478882}. Best is trial 209 with value: 0.6108097453057891.
[I 2026-05-22 18:10:12,086] Trial 497 finished with value: 0.5419200275376561 and parameters: {'P_amp': 0.6640604309496778, 'P_wet': 1795.6488110910122, 'P_pow': 5.561497166650035, 'WG_amp': 0.6050571913206728, 'WG_Phalf': 3468.8165299747634, 'WG_k': 1.9621903968801253, 'WG_c': 2.8533321239037823, 'rain_shift': 8.73599782311012, 'ign_k': 0.09259658803619354, 'rate_power': 1.2260427355313455}. Best is trial 209 with value: 0.6108097453057891.
[I 2026-05-22 18:10:12,546] Trial 498 finished with value: 0.5485444793285247 and parameters: {'P_amp': 0.31651707097022236, 'P_wet': 4708.333545967378, 'P_pow': 0.23645873035247966, 'WG_amp': 0.6274594250028314, 'WG_Phalf': 1982.8175382456652, 'WG_k': 11.15057408239197, 'WG_c': 0.0005992500595691366, 'rain_shift': 3.2914462741092785, 'ign_k': 0.05437048149661652, 'rate_power': 1.1344128193766683}. Best is trial 209 with value: 0.6108097453057891.
[I 2026-05-22 18:10:13,011] Trial 499 finished with value: 0.5995988207907793 and parameters: {'P_amp': 0.22944383081431732, 'P_wet': 1454.5779711742641, 'P_pow': 0.5813317756005227, 'WG_amp': 0.3043854442007665, 'WG_Phalf': 230.10957194470578, 'WG_k': 1.9840540227018935, 'WG_c': 0.050311800792225476, 'rain_shift': 0.2487866130273697, 'ign_k': 0.5090627910317255, 'rate_power': 0.9983470370858607}. Best is trial 209 with value: 0.6108097453057891.
[I 2026-05-22 18:10:13,478] Trial 500 finished with value: 0.6046323011952659 and parameters: {'P_amp': 0.027884075840905707, 'P_wet': 1240.9969606072336, 'P_pow': 1.6239978992185855, 'WG_amp': 0.40492828200179776, 'WG_Phalf': 759.1042113436438, 'WG_k': 22.416065042144353, 'WG_c': 0.410076965721001, 'rain_shift': 0.19657315225268746, 'ign_k': 1.0675334552739317, 'rate_power': 0.8689172088186472}. Best is trial 209 with value: 0.6108097453057891.
[I 2026-05-22 18:10:13,939] Trial 501 finished with value: 0.6079252219355799 and parameters: {'P_amp': 0.6889285920946069, 'P_wet': 5609.967252473842, 'P_pow': 5.071358700074594, 'WG_amp': 0.041478853189932115, 'WG_Phalf': 3246.1446352809717, 'WG_k': 3.6268803182506364, 'WG_c': 0.023609841231803604, 'rain_shift': 0.47391058210642173, 'ign_k': 0.6590263204956031, 'rate_power': 0.9905734073434178}. Best is trial 209 with value: 0.6108097453057891.
[I 2026-05-22 18:10:14,406] Trial 502 finished with value: 0.6058459819698832 and parameters: {'P_amp': 0.041517264284648046, 'P_wet': 5043.854170825656, 'P_pow': 0.889545036962655, 'WG_amp': 0.018181009269863782, 'WG_Phalf': 347.3860005768245, 'WG_k': 4.704985925036448, 'WG_c': 2.1494949239765444, 'rain_shift': 0.7837761652524617, 'ign_k': 0.489568940603088, 'rate_power': 0.8862100753848302}. Best is trial 209 with value: 0.6108097453057891.
[I 2026-05-22 18:10:14,884] Trial 503 finished with value: 0.6052512065361307 and parameters: {'P_amp': 0.21614863743014656, 'P_wet': 5916.379998764219, 'P_pow': 2.2109766080937767, 'WG_amp': 0.4804319169789368, 'WG_Phalf': 882.8504407882036, 'WG_k': 32.54791867410805, 'WG_c': 0.7876245795168053, 'rain_shift': 2.134151465030432, 'ign_k': 0.4614388144993814, 'rate_power': 0.8594023642364099}. Best is trial 209 with value: 0.6108097453057891.
[I 2026-05-22 18:10:15,477] Trial 504 finished with value: 0.5564376171710412 and parameters: {'P_amp': 0.6546387601589704, 'P_wet': 1573.5416921756025, 'P_pow': 5.970067966336401, 'WG_amp': 0.4102324436876617, 'WG_Phalf': 670.5677084243945, 'WG_k': 2.6811161982128056, 'WG_c': 0.36969143747899164, 'rain_shift': 1.477453026517419, 'ign_k': 0.07643446984405117, 'rate_power': 1.2901686585106225}. Best is trial 209 with value: 0.6108097453057891.
[I 2026-05-22 18:10:15,948] Trial 505 finished with value: 0.548024104232798 and parameters: {'P_amp': 0.7391106146706379, 'P_wet': 5524.111475321037, 'P_pow': 3.181464126621686, 'WG_amp': 0.6716289351721945, 'WG_Phalf': 336.47169093654674, 'WG_k': 0.11064169268208057, 'WG_c': 3.1019225204256853, 'rain_shift': 5.0410742401157425, 'ign_k': 1.1554950570623765, 'rate_power': 0.825515517692978}. Best is trial 209 with value: 0.6108097453057891.
[I 2026-05-22 18:10:16,425] Trial 506 finished with value: 0.5943962434237615 and parameters: {'P_amp': 0.3572727200922773, 'P_wet': 4329.238012943912, 'P_pow': 2.59059699151433, 'WG_amp': 0.42908792304862875, 'WG_Phalf': 1063.3694498893042, 'WG_k': 3.073759508105035, 'WG_c': 4.272880382208657, 'rain_shift': 2.5318067346951167, 'ign_k': 1.0735899117442365, 'rate_power': 0.725515467424138}. Best is trial 209 with value: 0.6108097453057891.
[I 2026-05-22 18:10:16,900] Trial 507 finished with value: 0.6008002337876349 and parameters: {'P_amp': 0.303208561239304, 'P_wet': 4661.765273718243, 'P_pow': 3.7010067126409907, 'WG_amp': 0.5192538291636917, 'WG_Phalf': 374.3302797949325, 'WG_k': 9.072932499897222, 'WG_c': 1.3817351761947647, 'rain_shift': 1.1517337010650983, 'ign_k': 1.0029556672756055, 'rate_power': 1.1453228661266528}. Best is trial 209 with value: 0.6108097453057891.
[I 2026-05-22 18:10:17,375] Trial 508 finished with value: 0.5278881444447953 and parameters: {'P_amp': 0.05415934279867746, 'P_wet': 1234.4725179018485, 'P_pow': 1.1176801909123197, 'WG_amp': 0.14633421095485716, 'WG_Phalf': 1964.0100877446803, 'WG_k': 0.958251742881457, 'WG_c': 0.1838238338090961, 'rain_shift': 9.731420338598511, 'ign_k': 0.5335306185214707, 'rate_power': 1.1271457379749439}. Best is trial 209 with value: 0.6108097453057891.
[I 2026-05-22 18:10:17,849] Trial 509 finished with value: 0.5842832319881333 and parameters: {'P_amp': 0.7055530806966432, 'P_wet': 5518.481178899001, 'P_pow': 3.1763491175167937, 'WG_amp': 0.11766351499399504, 'WG_Phalf': 1009.7809866702539, 'WG_k': 13.25259775346057, 'WG_c': 0.01284470926239967, 'rain_shift': 1.995034951906356, 'ign_k': 0.4213400583883046, 'rate_power': 1.2237705769700757}. Best is trial 209 with value: 0.6108097453057891.
[I 2026-05-22 18:10:18,327] Trial 510 finished with value: 0.5365718956893785 and parameters: {'P_amp': 0.6057662640128278, 'P_wet': 5116.2061125243445, 'P_pow': 3.8010887656428682, 'WG_amp': 0.4697417185974564, 'WG_Phalf': 127.67261608466197, 'WG_k': 9.628362720343917, 'WG_c': 0.09224357313894756, 'rain_shift': 7.234939206563516, 'ign_k': 1.227781946251664, 'rate_power': 0.8187433272272416}. Best is trial 209 with value: 0.6108097453057891.
[I 2026-05-22 18:10:18,801] Trial 511 finished with value: 0.5295556879126742 and parameters: {'P_amp': 0.5704345612671924, 'P_wet': 1456.707638962552, 'P_pow': 5.787710567165035, 'WG_amp': 0.6375122016025669, 'WG_Phalf': 336.19929226122275, 'WG_k': 39.579605307797635, 'WG_c': 0.00044208319845460113, 'rain_shift': 8.368140560471407, 'ign_k': 0.6535172104620773, 'rate_power': 0.7322657578609162}. Best is trial 209 with value: 0.6108097453057891.
[I 2026-05-22 18:10:19,283] Trial 512 finished with value: 0.5278865365390198 and parameters: {'P_amp': 0.840751510391588, 'P_wet': 415.86590152480676, 'P_pow': 1.0611579378252856, 'WG_amp': 0.8106253024621696, 'WG_Phalf': 604.398556041107, 'WG_k': 0.03697826018991452, 'WG_c': 0.0023484957200250864, 'rain_shift': 3.732493620439886, 'ign_k': 0.08885689011188111, 'rate_power': 0.8315880003507266}. Best is trial 209 with value: 0.6108097453057891.
[I 2026-05-22 18:10:19,756] Trial 513 finished with value: 0.5979591212903735 and parameters: {'P_amp': 0.17912946548983844, 'P_wet': 2613.480681459585, 'P_pow': 0.6647543386526245, 'WG_amp': 0.43071527343657007, 'WG_Phalf': 696.9018576926894, 'WG_k': 5.460307526330248, 'WG_c': 2.774105433775836, 'rain_shift': 0.4243978972812513, 'ign_k': 0.3712835105655295, 'rate_power': 1.1894372715262562}. Best is trial 209 with value: 0.6108097453057891.
[I 2026-05-22 18:10:20,230] Trial 514 finished with value: 0.5920935245335558 and parameters: {'P_amp': 0.15178365325444165, 'P_wet': 485.4779974485791, 'P_pow': 5.802079758385455, 'WG_amp': 0.03672936903125834, 'WG_Phalf': 1734.8370422628464, 'WG_k': 0.1705971999609644, 'WG_c': 4.516354977507784, 'rain_shift': 1.5941640788743712, 'ign_k': 0.2908782189294492, 'rate_power': 0.7535871719697725}. Best is trial 209 with value: 0.6108097453057891.
[I 2026-05-22 18:10:20,709] Trial 515 finished with value: 0.561297504129717 and parameters: {'P_amp': 0.289110695469171, 'P_wet': 1723.1547051993093, 'P_pow': 3.411983861586264, 'WG_amp': 0.45889153289843176, 'WG_Phalf': 434.52985142999154, 'WG_k': 0.02068973101749459, 'WG_c': 0.0001247939555450923, 'rain_shift': 2.6412555016735233, 'ign_k': 0.06752747000171218, 'rate_power': 0.9899357813721458}. Best is trial 209 with value: 0.6108097453057891.
[I 2026-05-22 18:10:21,188] Trial 516 finished with value: 0.48842407464195375 and parameters: {'P_amp': 0.7604134535368153, 'P_wet': 347.6718113683271, 'P_pow': 2.639902703238991, 'WG_amp': 0.5681469311103231, 'WG_Phalf': 3305.0052729548242, 'WG_k': 80.2184498364247, 'WG_c': 0.4486508905612075, 'rain_shift': 4.644325932580852, 'ign_k': 0.17684645278173097, 'rate_power': 1.2088299726834988}. Best is trial 209 with value: 0.6108097453057891.
[I 2026-05-22 18:10:21,664] Trial 517 finished with value: 0.5893864655961649 and parameters: {'P_amp': 0.7438769420497314, 'P_wet': 5353.039553044635, 'P_pow': 3.9629342020598575, 'WG_amp': 0.09261382129115625, 'WG_Phalf': 1301.1056604703572, 'WG_k': 37.93762166687565, 'WG_c': 0.7598207874700461, 'rain_shift': 1.9432982625973152, 'ign_k': 0.3641520242071404, 'rate_power': 1.210466498203908}. Best is trial 209 with value: 0.6108097453057891.
[I 2026-05-22 18:10:22,147] Trial 518 finished with value: 0.5244535180356734 and parameters: {'P_amp': 0.17800339225790823, 'P_wet': 2748.283843393818, 'P_pow': 2.5656819686557317, 'WG_amp': 0.7610492454240849, 'WG_Phalf': 148.9489334438595, 'WG_k': 88.62288867792756, 'WG_c': 0.0006917030686725423, 'rain_shift': 4.8140980646362905, 'ign_k': 2.2988088923776604, 'rate_power': 0.7360330707775038}. Best is trial 209 with value: 0.6108097453057891.
[I 2026-05-22 18:10:22,622] Trial 519 finished with value: 0.5915808664462197 and parameters: {'P_amp': 0.0216060941529142, 'P_wet': 611.3835992724385, 'P_pow': 1.914313087942609, 'WG_amp': 0.4740707825604813, 'WG_Phalf': 685.8650094326143, 'WG_k': 15.291017137198637, 'WG_c': 2.124736323377743, 'rain_shift': 1.6337092008708312, 'ign_k': 1.0350236998111901, 'rate_power': 1.1074389431904514}. Best is trial 209 with value: 0.6108097453057891.
[I 2026-05-22 18:10:23,103] Trial 520 finished with value: 0.4845069737689313 and parameters: {'P_amp': 0.8359349819504376, 'P_wet': 682.7555472009282, 'P_pow': 1.3324408448037133, 'WG_amp': 0.8642327092799567, 'WG_Phalf': 168.85473094120024, 'WG_k': 0.03315540203929018, 'WG_c': 0.04309307429109129, 'rain_shift': 9.649906378014471, 'ign_k': 1.1782598737831373, 'rate_power': 1.0880202806406}. Best is trial 209 with value: 0.6108097453057891.
[I 2026-05-22 18:10:23,579] Trial 521 finished with value: 0.6063946036657437 and parameters: {'P_amp': 0.1171194600393243, 'P_wet': 1518.1259843932758, 'P_pow': 2.169101338613706, 'WG_amp': 0.24079285124596284, 'WG_Phalf': 431.7827015863192, 'WG_k': 0.23766710749618405, 'WG_c': 4.994368239154181, 'rain_shift': 0.25542286171024364, 'ign_k': 0.7849702843963521, 'rate_power': 1.10114165767614}. Best is trial 209 with value: 0.6108097453057891.
[I 2026-05-22 18:10:24,053] Trial 522 finished with value: 0.5518683977577583 and parameters: {'P_amp': 0.14468155262286914, 'P_wet': 497.4745670120974, 'P_pow': 4.118566472254049, 'WG_amp': 0.3385758509716108, 'WG_Phalf': 3958.6361354753317, 'WG_k': 31.332825231500692, 'WG_c': 0.00044365452784018316, 'rain_shift': 7.850183539740348, 'ign_k': 0.05598658187027171, 'rate_power': 1.0413601203983858}. Best is trial 209 with value: 0.6108097453057891.
[I 2026-05-22 18:10:24,530] Trial 523 finished with value: 0.5866342083422555 and parameters: {'P_amp': 0.10636729904475431, 'P_wet': 4951.501583526668, 'P_pow': 2.9047250313937627, 'WG_amp': 0.21079683154655432, 'WG_Phalf': 125.33635244184342, 'WG_k': 50.680492458104474, 'WG_c': 3.9943573596840465, 'rain_shift': 1.8693088778362825, 'ign_k': 1.1562498111047192, 'rate_power': 1.1065805621480056}. Best is trial 209 with value: 0.6108097453057891.
[I 2026-05-22 18:10:25,006] Trial 524 finished with value: 0.5346618758823901 and parameters: {'P_amp': 0.3809125458413114, 'P_wet': 1354.8863104128318, 'P_pow': 0.7296857208585261, 'WG_amp': 0.7951217940579627, 'WG_Phalf': 2468.54133554771, 'WG_k': 11.17374496659807, 'WG_c': 0.00011008185862758439, 'rain_shift': 6.643843182304786, 'ign_k': 0.928212925377611, 'rate_power': 0.8251196070828849}. Best is trial 209 with value: 0.6108097453057891.
[I 2026-05-22 18:10:25,485] Trial 525 finished with value: 0.6016814759742891 and parameters: {'P_amp': 0.07581199167108923, 'P_wet': 1605.77421059269, 'P_pow': 0.5465496283413087, 'WG_amp': 0.18455319240270546, 'WG_Phalf': 1533.628006172207, 'WG_k': 37.66435409775999, 'WG_c': 3.471892140982331, 'rain_shift': 1.3469066496374638, 'ign_k': 0.35438843054428504, 'rate_power': 1.0205278199524916}. Best is trial 209 with value: 0.6108097453057891.
[I 2026-05-22 18:10:25,958] Trial 526 finished with value: 0.6061137725500927 and parameters: {'P_amp': 0.5725432436492214, 'P_wet': 4100.799808332304, 'P_pow': 2.9522765780190756, 'WG_amp': 0.16691006875451853, 'WG_Phalf': 3283.6761124497266, 'WG_k': 2.6370160226643415, 'WG_c': 0.006135685449096275, 'rain_shift': 0.12589985581437135, 'ign_k': 1.3513745623796956, 'rate_power': 1.2073514834005363}. Best is trial 209 with value: 0.6108097453057891.
[I 2026-05-22 18:10:26,434] Trial 527 finished with value: 0.5726533385442228 and parameters: {'P_amp': 0.15149981584331362, 'P_wet': 3981.453074247933, 'P_pow': 2.0392052316203286, 'WG_amp': 0.0022302711926213553, 'WG_Phalf': 186.4011966207928, 'WG_k': 11.921261012202518, 'WG_c': 9.169226917476614, 'rain_shift': 2.5892118896282352, 'ign_k': 0.822857188674475, 'rate_power': 1.1584119594030475}. Best is trial 209 with value: 0.6108097453057891.
[I 2026-05-22 18:10:26,907] Trial 528 finished with value: 0.5529782637704388 and parameters: {'P_amp': 0.6825980231280315, 'P_wet': 5353.5641741485115, 'P_pow': 2.9742078039719133, 'WG_amp': 0.7464637709180837, 'WG_Phalf': 132.77247986989923, 'WG_k': 0.07240205541649267, 'WG_c': 0.07526291964845973, 'rain_shift': 5.094275355283623, 'ign_k': 0.05621159532509561, 'rate_power': 0.9222977899661342}. Best is trial 209 with value: 0.6108097453057891.
[I 2026-05-22 18:10:27,371] Trial 529 finished with value: 0.602697007834751 and parameters: {'P_amp': 0.5251230994190784, 'P_wet': 5696.342094566303, 'P_pow': 3.33384925960842, 'WG_amp': 0.11008896145032011, 'WG_Phalf': 1922.0580295452114, 'WG_k': 1.7527986419202264, 'WG_c': 0.017615443563324545, 'rain_shift': 0.25672397146690606, 'ign_k': 0.4729840962244966, 'rate_power': 1.049060867269562}. Best is trial 209 with value: 0.6108097453057891.
[I 2026-05-22 18:10:27,832] Trial 530 finished with value: 0.5392961190052363 and parameters: {'P_amp': 0.2873420012711277, 'P_wet': 1830.4029546623385, 'P_pow': 1.080697549912638, 'WG_amp': 0.012310289948065323, 'WG_Phalf': 141.66491631111072, 'WG_k': 0.029446984871732196, 'WG_c': 1.702630930792994, 'rain_shift': 6.895762489971158, 'ign_k': 2.091440055454123, 'rate_power': 0.8706403979354066}. Best is trial 209 with value: 0.6108097453057891.
[I 2026-05-22 18:10:28,298] Trial 531 finished with value: 0.5984306499337866 and parameters: {'P_amp': 0.06058510786226149, 'P_wet': 5062.569145575734, 'P_pow': 0.46178074144925163, 'WG_amp': 0.16273587525656708, 'WG_Phalf': 1765.067464031329, 'WG_k': 14.572214492695085, 'WG_c': 0.208614451860323, 'rain_shift': 0.0003071100934728399, 'ign_k': 0.6534131954917807, 'rate_power': 0.9377295439932869}. Best is trial 209 with value: 0.6108097453057891.
[I 2026-05-22 18:10:28,764] Trial 532 finished with value: 0.604645437369764 and parameters: {'P_amp': 0.3713832520533454, 'P_wet': 1975.7339609131932, 'P_pow': 0.7837837702359333, 'WG_amp': 0.1880949994000376, 'WG_Phalf': 268.0453860496477, 'WG_k': 64.43986999584192, 'WG_c': 4.1846830909702435, 'rain_shift': 0.21833204387849947, 'ign_k': 0.9771942693986257, 'rate_power': 0.9191692176097618}. Best is trial 209 with value: 0.6108097453057891.
[I 2026-05-22 18:10:29,228] Trial 533 finished with value: 0.5898143269030612 and parameters: {'P_amp': 0.11112215642902865, 'P_wet': 4156.757488280778, 'P_pow': 2.371785039306877, 'WG_amp': 0.4751914692598536, 'WG_Phalf': 482.548786191232, 'WG_k': 3.7022603749014187, 'WG_c': 0.12442346513835312, 'rain_shift': 3.0388113496378315, 'ign_k': 0.4807058959925116, 'rate_power': 0.7353139872313593}. Best is trial 209 with value: 0.6108097453057891.
[I 2026-05-22 18:10:29,689] Trial 534 finished with value: 0.5357212816208492 and parameters: {'P_amp': 0.5681993523031814, 'P_wet': 4534.804290623837, 'P_pow': 1.645710037284726, 'WG_amp': 0.7610219451979023, 'WG_Phalf': 227.92196720487343, 'WG_k': 0.02128315276632872, 'WG_c': 0.02920993741470796, 'rain_shift': 9.68399694701634, 'ign_k': 0.3696778698111873, 'rate_power': 0.7569884689674933}. Best is trial 209 with value: 0.6108097453057891.
[I 2026-05-22 18:10:30,148] Trial 535 finished with value: 0.5272598524288866 and parameters: {'P_amp': 0.8480936842827524, 'P_wet': 1148.682565546019, 'P_pow': 3.5155297464604987, 'WG_amp': 0.18354666535384295, 'WG_Phalf': 405.1296996535614, 'WG_k': 0.01567495916501197, 'WG_c': 2.4831333506516144, 'rain_shift': 4.501101629395881, 'ign_k': 0.8956595590547463, 'rate_power': 1.0767417878884467}. Best is trial 209 with value: 0.6108097453057891.
