[I 2026-05-22 17:48:56,414] Trial 471 finished with value: 0.508104970116806 and parameters: {'k1': 0.013289379832630097, 'D_low': 145.58291239693816, 'k2': 0.0005789236113467708, 'D_high': 623.5857083295521, 'fire_exp': 0.8652831645982002, 'P_half': 77.28895607385336, 'pre_dampen_half': 1.153487127842321, 'gpp_af': 0.08042135312710635, 'gpp_b': 0.00837393705427814, 'gpp_d': 332.3657713786349, 'ign_k': 0.43905649171161004, 'ign_c': 10.33221638121283}. Best is trial 0 with value: 0.6103502735484728.
[I 2026-05-22 17:48:56,847] Trial 472 finished with value: 0.5314322396761747 and parameters: {'k1': 5.915135333047258e-05, 'D_low': 1453.6582020872252, 'k2': 0.0017136920721325833, 'D_high': 1458.1161996743426, 'fire_exp': 0.40296874865992616, 'P_half': 0.3716228637799723, 'pre_dampen_half': 1.178198637907122, 'gpp_af': 8.409028740150706, 'gpp_b': 0.00011659543650135405, 'gpp_d': 0.9308242836890354, 'ign_k': 8.66860157628168, 'ign_c': 2.859380580991725}. Best is trial 0 with value: 0.6103502735484728.
[I 2026-05-22 17:48:57,282] Trial 473 finished with value: 0.5458493510876095 and parameters: {'k1': 0.09578973795480096, 'D_low': 24.444062569573436, 'k2': 0.00011516399225733501, 'D_high': 15055.559271308739, 'fire_exp': 0.5273248650714101, 'P_half': 205.72705659172703, 'pre_dampen_half': 34.2095534445978, 'gpp_af': 0.4178300658701408, 'gpp_b': 0.0015895364795428797, 'gpp_d': 1.9109555406609262, 'ign_k': 6.374390042639568, 'ign_c': 7.9244456336256786}. Best is trial 0 with value: 0.6103502735484728.
[I 2026-05-22 17:48:57,716] Trial 474 finished with value: 0.4597710539030651 and parameters: {'k1': 0.07330345683707083, 'D_low': 15.889423263742428, 'k2': 0.00011645586967776666, 'D_high': 3832.0288648896253, 'fire_exp': 0.41134319448659035, 'P_half': 480.809994816366, 'pre_dampen_half': 1.351947701439356, 'gpp_af': 0.22292219984876818, 'gpp_b': 0.03272923715387772, 'gpp_d': 339.16418714872606, 'ign_k': 0.40718200914473535, 'ign_c': 49.446992692237195}. Best is trial 0 with value: 0.6103502735484728.
[I 2026-05-22 17:48:58,148] Trial 475 finished with value: 0.5578296067148395 and parameters: {'k1': 0.012440477609846776, 'D_low': 237.69996595189448, 'k2': 0.00015592042761904647, 'D_high': 4296.874977230024, 'fire_exp': 0.5607962351513441, 'P_half': 643.2709471280871, 'pre_dampen_half': 0.8380798962689991, 'gpp_af': 5.393596985007676, 'gpp_b': 6.914155353772168e-05, 'gpp_d': 102.50590512224075, 'ign_k': 0.577579273617704, 'ign_c': 9.275527366357917}. Best is trial 0 with value: 0.6103502735484728.
[I 2026-05-22 17:48:58,579] Trial 476 finished with value: 0.5290633928862245 and parameters: {'k1': 0.021181065852680925, 'D_low': 131.9942574738123, 'k2': 0.007658820037750785, 'D_high': 73494.0014149338, 'fire_exp': 0.6140274466606271, 'P_half': 14.954858612895002, 'pre_dampen_half': 0.6370007959492514, 'gpp_af': 1.263304907036073, 'gpp_b': 3.2856268472058434e-06, 'gpp_d': 35.40298130817558, 'ign_k': 0.36256952592890357, 'ign_c': 30.923096978316565}. Best is trial 0 with value: 0.6103502735484728.
[I 2026-05-22 17:48:59,012] Trial 477 finished with value: 0.5484095821289544 and parameters: {'k1': 0.0027992347900905237, 'D_low': 3.136666527712435, 'k2': 0.0003652222869540539, 'D_high': 23063.098375496476, 'fire_exp': 0.8055673245333154, 'P_half': 531.5924503158133, 'pre_dampen_half': 7.668869495484725, 'gpp_af': 10.894884152140314, 'gpp_b': 1.8063133868130602e-06, 'gpp_d': 4.614069102661575, 'ign_k': 4.2771475964088, 'ign_c': 0.9663320078527378}. Best is trial 0 with value: 0.6103502735484728.
[I 2026-05-22 17:48:59,443] Trial 478 finished with value: 0.551496914271856 and parameters: {'k1': 0.015047526606937884, 'D_low': 49.266385340680536, 'k2': 0.005247817786960497, 'D_high': 682.4698933456693, 'fire_exp': 0.46455234802843104, 'P_half': 10.18165638767297, 'pre_dampen_half': 0.14268185690069424, 'gpp_af': 0.10962208941452403, 'gpp_b': 0.0002947756336569172, 'gpp_d': 260.26903650721164, 'ign_k': 3.3041232132086034, 'ign_c': 14.927666264740004}. Best is trial 0 with value: 0.6103502735484728.
[I 2026-05-22 17:48:59,872] Trial 479 finished with value: 0.5647011876355587 and parameters: {'k1': 9.577577373303479e-05, 'D_low': 586.1372902903464, 'k2': 0.013072049352781414, 'D_high': 6586.820043537812, 'fire_exp': 0.5073611864515308, 'P_half': 1.0494191919791165, 'pre_dampen_half': 3.40593260430633, 'gpp_af': 0.0011021201296634473, 'gpp_b': 3.8503756067099695e-05, 'gpp_d': 253.20125189078493, 'ign_k': 1.602326129617353, 'ign_c': 5.964232627296151}. Best is trial 0 with value: 0.6103502735484728.
[I 2026-05-22 17:49:00,304] Trial 480 finished with value: 0.45055329105397773 and parameters: {'k1': 0.03131639072064929, 'D_low': 34.86835971804759, 'k2': 0.004448381687816398, 'D_high': 12098.02874610208, 'fire_exp': 0.8413415224833043, 'P_half': 317.67098028923203, 'pre_dampen_half': 0.8971498629576615, 'gpp_af': 0.39022588992953283, 'gpp_b': 7.504318417439455e-06, 'gpp_d': 6.048605612654039, 'ign_k': 0.3976256709021417, 'ign_c': 63.81544438475067}. Best is trial 0 with value: 0.6103502735484728.
[I 2026-05-22 17:49:00,734] Trial 481 finished with value: 0.3885030414654577 and parameters: {'k1': 0.04473203684658534, 'D_low': 42.833513315055036, 'k2': 0.005528129675715767, 'D_high': 19217.568313454805, 'fire_exp': 1.07448202052409, 'P_half': 19.915126214633194, 'pre_dampen_half': 1.5005331638285744, 'gpp_af': 0.009369654304653764, 'gpp_b': 0.0001699725716477734, 'gpp_d': 1.9159756668683516, 'ign_k': 4.461067180688121, 'ign_c': 34.09044150281216}. Best is trial 0 with value: 0.6103502735484728.
[I 2026-05-22 17:49:01,168] Trial 482 finished with value: 0.5612834032959476 and parameters: {'k1': 0.014476260009663353, 'D_low': 40.830113864116186, 'k2': 0.0003088880186068102, 'D_high': 3044.999943876833, 'fire_exp': 0.49208316930317103, 'P_half': 7.723109455506752, 'pre_dampen_half': 0.12649251047299956, 'gpp_af': 0.036095746781378966, 'gpp_b': 1.997570576953082e-06, 'gpp_d': 2.4151765113490007, 'ign_k': 2.4415715736497625, 'ign_c': 5.061251083199083}. Best is trial 0 with value: 0.6103502735484728.
[I 2026-05-22 17:49:01,603] Trial 483 finished with value: 0.5711128559792764 and parameters: {'k1': 0.03631274306231995, 'D_low': 156.13271027792885, 'k2': 0.0003696448384219523, 'D_high': 96061.61452631003, 'fire_exp': 0.36869252719411577, 'P_half': 112.59145643978128, 'pre_dampen_half': 0.5248697666150703, 'gpp_af': 0.08308791014853499, 'gpp_b': 3.799288159734369e-06, 'gpp_d': 8.11125751242836, 'ign_k': 0.34106818768296543, 'ign_c': 8.923766912939714}. Best is trial 0 with value: 0.6103502735484728.
[I 2026-05-22 17:49:02,037] Trial 484 finished with value: 0.578259495886678 and parameters: {'k1': 0.014222605618406518, 'D_low': 16.390727733139478, 'k2': 0.0005840384617079479, 'D_high': 549.0102252270145, 'fire_exp': 0.3829489050562574, 'P_half': 0.831250204185392, 'pre_dampen_half': 0.6252076604252991, 'gpp_af': 0.0030803359300156856, 'gpp_b': 3.153455955841752e-05, 'gpp_d': 25.608470354909304, 'ign_k': 0.35334349220813993, 'ign_c': 14.06118118613952}. Best is trial 0 with value: 0.6103502735484728.
[I 2026-05-22 17:49:02,473] Trial 485 finished with value: 0.4348416849491228 and parameters: {'k1': 0.0034611611830393982, 'D_low': 46.36264764442325, 'k2': 0.00280994733420055, 'D_high': 9057.426207284854, 'fire_exp': 0.3637791100215288, 'P_half': 0.9481975261347564, 'pre_dampen_half': 8.712486705150653, 'gpp_af': 0.030954240734569982, 'gpp_b': 1.4003002228323684e-06, 'gpp_d': 44.6103329863874, 'ign_k': 1.0826764012927639, 'ign_c': 63.37984477893824}. Best is trial 0 with value: 0.6103502735484728.
[I 2026-05-22 17:49:02,907] Trial 486 finished with value: 0.5576948072910444 and parameters: {'k1': 0.0026104802973869147, 'D_low': 152.58922023411284, 'k2': 0.004769858463471479, 'D_high': 665.6878516206543, 'fire_exp': 0.35783167371400515, 'P_half': 0.14771829542594647, 'pre_dampen_half': 3.9023032685672323, 'gpp_af': 0.007395229342424482, 'gpp_b': 7.263201060899703e-06, 'gpp_d': 48.510764055535795, 'ign_k': 0.12279143871355395, 'ign_c': 6.779251336601921}. Best is trial 0 with value: 0.6103502735484728.
[I 2026-05-22 17:49:03,341] Trial 487 finished with value: 0.5590414599715913 and parameters: {'k1': 0.0007943254029890616, 'D_low': 83.98446436700243, 'k2': 0.0005213246213619879, 'D_high': 198.46213400766874, 'fire_exp': 0.5453402230983604, 'P_half': 0.11944054311910397, 'pre_dampen_half': 11.040645952307292, 'gpp_af': 0.0017592961122496874, 'gpp_b': 4.331741346932983e-06, 'gpp_d': 686.8009998968262, 'ign_k': 1.5590020740662398, 'ign_c': 5.514651986121785}. Best is trial 0 with value: 0.6103502735484728.
[I 2026-05-22 17:49:03,777] Trial 488 finished with value: 0.5732313747932405 and parameters: {'k1': 0.001163042816153822, 'D_low': 187.6531298056085, 'k2': 0.000735046895502447, 'D_high': 6816.223251289036, 'fire_exp': 0.35299631619488686, 'P_half': 24.783800005388116, 'pre_dampen_half': 1.9064528640248155, 'gpp_af': 18.45702113447855, 'gpp_b': 5.071856389027093e-06, 'gpp_d': 424.6109887219522, 'ign_k': 0.21321257065956156, 'ign_c': 32.40197639424483}. Best is trial 0 with value: 0.6103502735484728.
[I 2026-05-22 17:49:04,210] Trial 489 finished with value: 0.3994490055432051 and parameters: {'k1': 0.004344123446630044, 'D_low': 8.494691021094237, 'k2': 0.0007923245851362925, 'D_high': 80289.71018104216, 'fire_exp': 1.0283029377144448, 'P_half': 273.53833233538245, 'pre_dampen_half': 29.089509401831393, 'gpp_af': 0.268471928338832, 'gpp_b': 3.155496108986295e-05, 'gpp_d': 15.868347074308437, 'ign_k': 5.370718618993874, 'ign_c': 63.810351496351544}. Best is trial 0 with value: 0.6103502735484728.
[I 2026-05-22 17:49:04,647] Trial 490 finished with value: 0.4412054076090418 and parameters: {'k1': 0.008624267370107732, 'D_low': 181.59393397174597, 'k2': 0.005154861712874691, 'D_high': 1797.2952332205944, 'fire_exp': 0.38868147484134863, 'P_half': 0.15543612208146734, 'pre_dampen_half': 0.7332702767200772, 'gpp_af': 0.0017671804602592833, 'gpp_b': 1.5420998525688118e-06, 'gpp_d': 64.89090632673766, 'ign_k': 2.4363625377816835, 'ign_c': 32.71906988628623}. Best is trial 0 with value: 0.6103502735484728.
[I 2026-05-22 17:49:05,084] Trial 491 finished with value: 0.5710220663907002 and parameters: {'k1': 0.014294838517560821, 'D_low': 13.578093346442762, 'k2': 0.0008574111917213491, 'D_high': 2641.9333130728205, 'fire_exp': 0.4301545601113134, 'P_half': 6.220513673255807, 'pre_dampen_half': 9.400064164658815, 'gpp_af': 2.053363003628533, 'gpp_b': 1.2019278996319299e-05, 'gpp_d': 2.261225546387528, 'ign_k': 2.4662970913260733, 'ign_c': 10.170349708882068}. Best is trial 0 with value: 0.6103502735484728.
[I 2026-05-22 17:49:05,514] Trial 492 finished with value: 0.4712495157630384 and parameters: {'k1': 0.04128885102096137, 'D_low': 56.84569792276647, 'k2': 0.005595274272524154, 'D_high': 90796.01461426158, 'fire_exp': 1.304478346586541, 'P_half': 3905.26236382581, 'pre_dampen_half': 1.6435713963114615, 'gpp_af': 0.0661978532675948, 'gpp_b': 0.00368948146017453, 'gpp_d': 1.980161266052151, 'ign_k': 0.5400946428726866, 'ign_c': 5.379074874930569}. Best is trial 0 with value: 0.6103502735484728.
[I 2026-05-22 17:49:05,949] Trial 493 finished with value: 0.5833028185233843 and parameters: {'k1': 0.030694148693784642, 'D_low': 1.06923527622708, 'k2': 0.0008583593120458144, 'D_high': 1898.9673268053762, 'fire_exp': 0.48775636202106376, 'P_half': 235.5145246358887, 'pre_dampen_half': 1.3611530371361498, 'gpp_af': 2.492157527428066, 'gpp_b': 6.089003276350343e-05, 'gpp_d': 4.9921704653236265, 'ign_k': 1.2461386751054777, 'ign_c': 6.4363342778986254}. Best is trial 0 with value: 0.6103502735484728.
[I 2026-05-22 17:49:06,381] Trial 494 finished with value: 0.467082001832719 and parameters: {'k1': 0.008507178996230264, 'D_low': 242.28090985669994, 'k2': 0.0004109216813177243, 'D_high': 1495.4218884860293, 'fire_exp': 0.42014949867405954, 'P_half': 142.50642358963313, 'pre_dampen_half': 21.65329355249675, 'gpp_af': 0.01689299455427374, 'gpp_b': 0.05006717985722458, 'gpp_d': 4.695349043153689, 'ign_k': 0.23934947494167166, 'ign_c': 46.772187530308116}. Best is trial 0 with value: 0.6103502735484728.
[I 2026-05-22 17:49:06,813] Trial 495 finished with value: 0.4711302394799814 and parameters: {'k1': 1.556659511727268e-05, 'D_low': 2.8491389852862627, 'k2': 1.9589564676464396e-05, 'D_high': 16052.396627824683, 'fire_exp': 0.42496305648596505, 'P_half': 337.8442643588584, 'pre_dampen_half': 0.2500175893902838, 'gpp_af': 0.15854166660287047, 'gpp_b': 0.5332986755432906, 'gpp_d': 0.03816453622531142, 'ign_k': 0.004146964389905715, 'ign_c': 12.278783186939963}. Best is trial 0 with value: 0.6103502735484728.
[I 2026-05-22 17:49:07,244] Trial 496 finished with value: 0.4256989645395755 and parameters: {'k1': 0.00388525583455745, 'D_low': 141.7474793312339, 'k2': 7.139219603735979e-05, 'D_high': 30.8836603506808, 'fire_exp': 7.298936621998184, 'P_half': 11.103708847488688, 'pre_dampen_half': 0.07720106909977155, 'gpp_af': 36.84743797444408, 'gpp_b': 0.0002058912767858118, 'gpp_d': 118.98256075134375, 'ign_k': 0.022422601741475257, 'ign_c': 0.2142069925842988}. Best is trial 0 with value: 0.6103502735484728.
[I 2026-05-22 17:49:07,681] Trial 497 finished with value: 0.44405006706482697 and parameters: {'k1': 0.0003046602904702454, 'D_low': 7446.02163926081, 'k2': 0.003576121490911506, 'D_high': 722.467712817309, 'fire_exp': 3.7666005746210316, 'P_half': 5.8316623440672055, 'pre_dampen_half': 0.37395361850395187, 'gpp_af': 0.47504771318171984, 'gpp_b': 7.861408408307238e-05, 'gpp_d': 262.78495909554573, 'ign_k': 0.2547770362966218, 'ign_c': 1.1110971115027075}. Best is trial 0 with value: 0.6103502735484728.
[I 2026-05-22 17:49:08,108] Trial 498 finished with value: 0.44208713255864596 and parameters: {'k1': 0.007354887023706394, 'D_low': 4.933008014682628, 'k2': 0.0002675570093052605, 'D_high': 117.67950608452448, 'fire_exp': 0.3620487313404188, 'P_half': 47.56467554436852, 'pre_dampen_half': 30.818323140139018, 'gpp_af': 0.0028012807722693927, 'gpp_b': 0.04392593304396211, 'gpp_d': 481.728383647931, 'ign_k': 0.3112523721106591, 'ign_c': 55.71137796105418}. Best is trial 0 with value: 0.6103502735484728.
[I 2026-05-22 17:49:08,539] Trial 499 finished with value: 0.5273629074336958 and parameters: {'k1': 7.991905406519829e-05, 'D_low': 19.27505003598946, 'k2': 2.5377862509819823e-05, 'D_high': 18.98726933953865, 'fire_exp': 0.38209473605452376, 'P_half': 169.4793477957611, 'pre_dampen_half': 104.87931164402802, 'gpp_af': 49.302667238405775, 'gpp_b': 0.7729531697698215, 'gpp_d': 373.12326203597416, 'ign_k': 2.123094483622339, 'ign_c': 0.13006625046639564}. Best is trial 0 with value: 0.6103502735484728.
[best] 0.6103502735484728 {'overall': 0.6295495002593263, 'bias': 0.7070857028352947, 'rmse': 0.3790544420749578, 'seas': 0.8506061694600666, 'spatial': 0.7544105422753865}
[regions] {'bona': {'overall': 0.6380885404837499, 'bias': 0.8266567561867596, 'rmse': 0.3211562360062949, 'seas': 0.7797091235325466, 'spatial': 0.7531961349838437}, 'tena': {'overall': 0.47889289658687106, 'bias': 0.6256589426778316, 'rmse': 0.2541252018733317, 'seas': 0.7283824372245481, 'spatial': 0.38540665319435186}, 'tropics': {'overall': 0.6277756025324356, 'bias': 0.7134731917453241, 'rmse': 0.395193788045546, 'seas': 0.875400942730105, 'spatial': 0.6739187128827683}, 'sh': {'overall': 0.498937513734702, 'bias': 0.6419405911472694, 'rmse': 0.28960875792486046, 'seas': 0.6009038105573065, 'spatial': 0.5296225737066459}}
[params] {'k1': 0.02128012643297453, 'D_low': 33.107928264466416, 'k2': 0.0032479995010666245, 'D_high': 3020.3711370643746, 'fire_exp': 0.5746291131439772, 'P_half': 3.1845074798114754, 'pre_dampen_half': 5.714386941567207, 'gpp_af': 0.4621796973523708, 'gpp_b': 5.190713720036356e-05, 'gpp_d': 128.62113841235993, 'ign_k': 0.8146117322506592, 'ign_c': 20.126441845162326}
[write] /Users/adithyasrinivasan/Projects/creativity-docs/exp-workspaces/exp_04/hermes/base/models/research/ED-C1-base_refit/params.json
[write] /Users/adithyasrinivasan/Projects/creativity-docs/exp-workspaces/exp_04/hermes/base/ilamb/MODELS/ED-C1-base_refit/burntArea.nc
