[I 2026-05-22 18:06:41,491] Trial 46 finished with value: 0.5783635434429482 and parameters: {'P_amp': 0.009059348856301604, 'P_wet': 1422.195566917112, 'P_pow': 0.5100795110852494, 'WG_amp': 0.5432340394924995, 'WG_Phalf': 534.9363256483989, 'WG_k': 14.501399335134499, 'WG_c': 4.446671655161592, 'rain_shift': 2.849288992580818, 'ign_k': 0.2837577575888664, 'rate_power': 1.1599671325354401}. Best is trial 28 with value: 0.609728290596246.
[I 2026-05-22 18:06:41,954] Trial 47 finished with value: 0.5759830851036999 and parameters: {'P_amp': 0.023779593866198837, 'P_wet': 4965.696642467575, 'P_pow': 1.0571279125893547, 'WG_amp': 0.12931483703770313, 'WG_Phalf': 576.994102291827, 'WG_k': 30.602561378551172, 'WG_c': 4.235864736427833, 'rain_shift': 2.6194850120778215, 'ign_k': 0.10738413035002793, 'rate_power': 0.8899069150039823}. Best is trial 28 with value: 0.609728290596246.
[I 2026-05-22 18:06:42,415] Trial 48 finished with value: 0.5814084405330295 and parameters: {'P_amp': 0.07002002102981965, 'P_wet': 1137.6343278061588, 'P_pow': 0.5771584461525865, 'WG_amp': 0.08497165240479877, 'WG_Phalf': 496.834509683402, 'WG_k': 3.002044334121992, 'WG_c': 3.7486193783782182, 'rain_shift': 2.9458715306931667, 'ign_k': 0.5866592009441252, 'rate_power': 0.9448118805882462}. Best is trial 28 with value: 0.609728290596246.
[I 2026-05-22 18:06:42,896] Trial 49 finished with value: 0.5930800727425837 and parameters: {'P_amp': 0.007125246407670292, 'P_wet': 1618.539824826541, 'P_pow': 1.1444208336026986, 'WG_amp': 0.14223523128847732, 'WG_Phalf': 537.6374979941884, 'WG_k': 3.6047074644684685, 'WG_c': 0.33965193720857423, 'rain_shift': 0.2644921789669752, 'ign_k': 0.34756203985050343, 'rate_power': 0.9815851009842596}. Best is trial 28 with value: 0.609728290596246.
[I 2026-05-22 18:06:43,358] Trial 50 finished with value: 0.5924728701431086 and parameters: {'P_amp': 0.06592173080266367, 'P_wet': 4435.977028411885, 'P_pow': 1.1935331304495793, 'WG_amp': 0.3067507626578453, 'WG_Phalf': 3102.646342696516, 'WG_k': 94.53540766059659, 'WG_c': 1.6713482444749264, 'rain_shift': 0.7666622330342716, 'ign_k': 0.25770287600015185, 'rate_power': 1.0452929209482684}. Best is trial 28 with value: 0.609728290596246.
[I 2026-05-22 18:06:43,830] Trial 51 finished with value: 0.5893684357544597 and parameters: {'P_amp': 0.19344867877705457, 'P_wet': 3295.4063413764725, 'P_pow': 0.9874322869150365, 'WG_amp': 0.34651006456233485, 'WG_Phalf': 337.8173379948077, 'WG_k': 9.948597278753555, 'WG_c': 6.628497734073658, 'rain_shift': 0.07743199425611658, 'ign_k': 0.33148146145023405, 'rate_power': 1.0093861608428105}. Best is trial 28 with value: 0.609728290596246.
[I 2026-05-22 18:06:44,289] Trial 52 finished with value: 0.5841432031739773 and parameters: {'P_amp': 0.008042914535980855, 'P_wet': 4253.111951332099, 'P_pow': 0.5402044699912031, 'WG_amp': 0.020852317834009898, 'WG_Phalf': 435.45640532594206, 'WG_k': 31.72675067131732, 'WG_c': 9.479762751534466, 'rain_shift': 2.332830763739542, 'ign_k': 0.5005540888878337, 'rate_power': 1.1554174734226044}. Best is trial 28 with value: 0.609728290596246.
[I 2026-05-22 18:06:44,753] Trial 53 finished with value: 0.6076758580044048 and parameters: {'P_amp': 0.03076124459086495, 'P_wet': 1610.4203284665996, 'P_pow': 0.7548663633233649, 'WG_amp': 0.2167094123453715, 'WG_Phalf': 496.0624753591335, 'WG_k': 71.85812255196659, 'WG_c': 1.9625809893015758, 'rain_shift': 0.44726921593997715, 'ign_k': 0.5561512373510781, 'rate_power': 1.066996950984436}. Best is trial 28 with value: 0.609728290596246.
[I 2026-05-22 18:06:45,213] Trial 54 finished with value: 0.6020624626239115 and parameters: {'P_amp': 0.0777991557815048, 'P_wet': 1543.9186888532793, 'P_pow': 1.8559197128090519, 'WG_amp': 0.27748988600978297, 'WG_Phalf': 177.94670445245882, 'WG_k': 7.060278737856778, 'WG_c': 3.2434908005133316, 'rain_shift': 0.43870428772541104, 'ign_k': 2.485362187931448, 'rate_power': 0.9089429834586481}. Best is trial 28 with value: 0.609728290596246.
[I 2026-05-22 18:06:45,676] Trial 55 finished with value: 0.5937759914672667 and parameters: {'P_amp': 0.06889744769456471, 'P_wet': 3857.505072331555, 'P_pow': 0.2195583163716748, 'WG_amp': 0.057625746463798595, 'WG_Phalf': 1237.8281213169932, 'WG_k': 11.539649039097414, 'WG_c': 5.497693294882049, 'rain_shift': 2.2539804845220885, 'ign_k': 0.28893751486868774, 'rate_power': 0.9898121598565565}. Best is trial 28 with value: 0.609728290596246.
[I 2026-05-22 18:06:46,143] Trial 56 finished with value: 0.6089627357707899 and parameters: {'P_amp': 0.011195199174176, 'P_wet': 3745.0972263979543, 'P_pow': 0.5248634995977135, 'WG_amp': 0.16562921262157465, 'WG_Phalf': 803.1446251709935, 'WG_k': 41.539895917143674, 'WG_c': 2.236241177339326, 'rain_shift': 1.3199605097471474, 'ign_k': 0.4874894562865761, 'rate_power': 0.8583921988562901}. Best is trial 28 with value: 0.609728290596246.
[I 2026-05-22 18:06:46,604] Trial 57 finished with value: 0.6051706434870572 and parameters: {'P_amp': 0.12609962195986457, 'P_wet': 3143.183170599837, 'P_pow': 0.29178639657523836, 'WG_amp': 0.09109452681698468, 'WG_Phalf': 244.27567411462766, 'WG_k': 87.22608621763199, 'WG_c': 2.9314233667917406, 'rain_shift': 0.7737656553628853, 'ign_k': 0.8993030936817825, 'rate_power': 0.8162388676628578}. Best is trial 28 with value: 0.609728290596246.
[I 2026-05-22 18:06:47,063] Trial 58 finished with value: 0.6071355972126747 and parameters: {'P_amp': 0.004416870109292357, 'P_wet': 4498.760280380723, 'P_pow': 1.0436921312384904, 'WG_amp': 0.05567348921355714, 'WG_Phalf': 3810.62208207567, 'WG_k': 11.740873974494868, 'WG_c': 7.405032153369619, 'rain_shift': 0.613061267518086, 'ign_k': 0.6550878124028868, 'rate_power': 0.9162236507099389}. Best is trial 28 with value: 0.609728290596246.
[I 2026-05-22 18:06:47,528] Trial 59 finished with value: 0.5972150779923607 and parameters: {'P_amp': 0.009415980627962901, 'P_wet': 4930.621212517971, 'P_pow': 1.3895839828218983, 'WG_amp': 0.06616170101663232, 'WG_Phalf': 496.4665021516918, 'WG_k': 40.819080075463766, 'WG_c': 4.2086074429696, 'rain_shift': 1.7167694140590988, 'ign_k': 0.31476005275876057, 'rate_power': 0.7344356725747065}. Best is trial 28 with value: 0.609728290596246.
[I 2026-05-22 18:06:47,991] Trial 60 finished with value: 0.5162107757965683 and parameters: {'P_amp': 0.7876774947039606, 'P_wet': 5800.6425594657985, 'P_pow': 3.0495435344265127, 'WG_amp': 0.8374807029028037, 'WG_Phalf': 268.4050729956975, 'WG_k': 0.05555787536747211, 'WG_c': 0.0006173105639341419, 'rain_shift': 5.885992613594025, 'ign_k': 2.232734203852432, 'rate_power': 1.1792358280254136}. Best is trial 28 with value: 0.609728290596246.
[I 2026-05-22 18:06:48,455] Trial 61 finished with value: 0.6053471619496301 and parameters: {'P_amp': 0.02521235569985323, 'P_wet': 5701.915854773503, 'P_pow': 1.4101225274226588, 'WG_amp': 0.2314043568670334, 'WG_Phalf': 604.7972153440326, 'WG_k': 33.232482674324636, 'WG_c': 8.809366394478557, 'rain_shift': 0.8499217076727643, 'ign_k': 1.3389295101860454, 'rate_power': 1.02052335001495}. Best is trial 28 with value: 0.609728290596246.
[I 2026-05-22 18:06:48,926] Trial 62 finished with value: 0.5890038811459385 and parameters: {'P_amp': 0.04989306065189648, 'P_wet': 1940.151325391998, 'P_pow': 0.9859222289679057, 'WG_amp': 0.3052954906068332, 'WG_Phalf': 976.671826962297, 'WG_k': 4.2348080931556815, 'WG_c': 8.785578866740341, 'rain_shift': 2.917794670341789, 'ign_k': 0.4097595160349638, 'rate_power': 0.9209542804153268}. Best is trial 28 with value: 0.609728290596246.
[I 2026-05-22 18:06:49,394] Trial 63 finished with value: 0.5514227150750619 and parameters: {'P_amp': 0.49388452191919197, 'P_wet': 1846.1819239140982, 'P_pow': 5.130450586810992, 'WG_amp': 0.12282344150499125, 'WG_Phalf': 4096.690305852127, 'WG_k': 0.03774020592005869, 'WG_c': 0.14944224870658906, 'rain_shift': 5.404342379214877, 'ign_k': 2.3118154320687507, 'rate_power': 0.8333157858901661}. Best is trial 28 with value: 0.609728290596246.
[I 2026-05-22 18:06:49,860] Trial 64 finished with value: 0.6034561575417088 and parameters: {'P_amp': 0.26561550309495563, 'P_wet': 2884.1266562953588, 'P_pow': 0.8542443749385353, 'WG_amp': 0.05771979646167947, 'WG_Phalf': 669.9314939853075, 'WG_k': 0.4950391387636361, 'WG_c': 6.3213798194785165, 'rain_shift': 0.9237413625700983, 'ign_k': 1.197385729983991, 'rate_power': 0.9975754707727745}. Best is trial 28 with value: 0.609728290596246.
[I 2026-05-22 18:06:50,328] Trial 65 finished with value: 0.6066773306378747 and parameters: {'P_amp': 0.2145602704711946, 'P_wet': 3299.447063807656, 'P_pow': 2.743837963699521, 'WG_amp': 0.011951128517307265, 'WG_Phalf': 798.9745765835154, 'WG_k': 18.586035688560788, 'WG_c': 7.016106507245813, 'rain_shift': 0.5780879180089107, 'ign_k': 0.46280402280685884, 'rate_power': 1.125615032045737}. Best is trial 28 with value: 0.609728290596246.
[I 2026-05-22 18:06:50,798] Trial 66 finished with value: 0.6063616419744293 and parameters: {'P_amp': 0.07541454396219847, 'P_wet': 3269.4710653741245, 'P_pow': 0.8757023891771917, 'WG_amp': 0.018789725023884048, 'WG_Phalf': 538.8311563716046, 'WG_k': 22.3767719076023, 'WG_c': 4.408975547733558, 'rain_shift': 0.49518750811526535, 'ign_k': 1.3832478641291217, 'rate_power': 0.9948234818357533}. Best is trial 28 with value: 0.609728290596246.
[I 2026-05-22 18:06:51,265] Trial 67 finished with value: 0.5999876519950229 and parameters: {'P_amp': 0.03882171397725582, 'P_wet': 4545.356068484053, 'P_pow': 1.0024822461324217, 'WG_amp': 0.15110196855190833, 'WG_Phalf': 629.8644145403779, 'WG_k': 75.28584007032244, 'WG_c': 3.5690255805957825, 'rain_shift': 2.025135029153017, 'ign_k': 0.5358239846833285, 'rate_power': 0.9473679289510978}. Best is trial 28 with value: 0.609728290596246.
[I 2026-05-22 18:06:51,728] Trial 68 finished with value: 0.5981649557819704 and parameters: {'P_amp': 0.16669812828161168, 'P_wet': 5389.069171418953, 'P_pow': 0.2733179459039113, 'WG_amp': 0.05920397968613973, 'WG_Phalf': 597.6769605862577, 'WG_k': 16.590361556602897, 'WG_c': 6.147003860721766, 'rain_shift': 2.2073415025026746, 'ign_k': 0.4748792488958202, 'rate_power': 0.8980850918344886}. Best is trial 28 with value: 0.609728290596246.
[I 2026-05-22 18:06:52,191] Trial 69 finished with value: 0.5337445630317957 and parameters: {'P_amp': 0.6417048612450448, 'P_wet': 1291.0507723634228, 'P_pow': 2.0520621807374884, 'WG_amp': 0.8170981589367654, 'WG_Phalf': 244.20462931171744, 'WG_k': 7.470545080240204, 'WG_c': 5.282800255886224, 'rain_shift': 8.289011836184756, 'ign_k': 0.5156374740066351, 'rate_power': 0.8871435732001455}. Best is trial 28 with value: 0.609728290596246.
[I 2026-05-22 18:06:52,654] Trial 70 finished with value: 0.5595013655729116 and parameters: {'P_amp': 0.6230038536196243, 'P_wet': 2641.19180935202, 'P_pow': 3.709217433007806, 'WG_amp': 0.1390659183737451, 'WG_Phalf': 153.57679483153652, 'WG_k': 0.012688706664353587, 'WG_c': 0.03467035255916324, 'rain_shift': 5.0555133525338745, 'ign_k': 0.14930394287495402, 'rate_power': 1.1017250784154444}. Best is trial 28 with value: 0.609728290596246.
[I 2026-05-22 18:06:53,118] Trial 71 finished with value: 0.5952874189020974 and parameters: {'P_amp': 0.41165337165643034, 'P_wet': 2052.321291686137, 'P_pow': 0.24864766082624637, 'WG_amp': 0.3592962910714056, 'WG_Phalf': 1692.460671955819, 'WG_k': 18.429152557717728, 'WG_c': 0.8221181615493888, 'rain_shift': 0.2976201382758874, 'ign_k': 0.4999666467514297, 'rate_power': 0.7904137432573606}. Best is trial 28 with value: 0.609728290596246.
[I 2026-05-22 18:06:53,581] Trial 72 finished with value: 0.5961796754355813 and parameters: {'P_amp': 0.27179994453942097, 'P_wet': 949.9468706535106, 'P_pow': 0.5612656482691214, 'WG_amp': 0.027021763865352336, 'WG_Phalf': 679.7266085474673, 'WG_k': 46.04409828464353, 'WG_c': 2.397862026033411, 'rain_shift': 0.19695420364022365, 'ign_k': 0.4131165618178928, 'rate_power': 1.0161765605548405}. Best is trial 28 with value: 0.609728290596246.
[I 2026-05-22 18:06:54,044] Trial 73 finished with value: 0.5992446330064123 and parameters: {'P_amp': 0.10627657163872653, 'P_wet': 1642.8659629274198, 'P_pow': 1.0615084143446123, 'WG_amp': 0.11596977663786089, 'WG_Phalf': 1785.131046912169, 'WG_k': 11.860120886696466, 'WG_c': 1.8601076291083318, 'rain_shift': 2.6064343594364994, 'ign_k': 0.5395423264865116, 'rate_power': 0.7689484369985489}. Best is trial 28 with value: 0.609728290596246.
[I 2026-05-22 18:06:54,509] Trial 74 finished with value: 0.6043221400449161 and parameters: {'P_amp': 0.08410937333970611, 'P_wet': 1522.3236429598364, 'P_pow': 2.5762861904849568, 'WG_amp': 0.3802866291327459, 'WG_Phalf': 585.452138470193, 'WG_k': 55.8977731969725, 'WG_c': 0.26289476828053715, 'rain_shift': 1.2864936483110683, 'ign_k': 0.6243117080890228, 'rate_power': 0.9917040189708146}. Best is trial 28 with value: 0.609728290596246.
[I 2026-05-22 18:06:54,971] Trial 75 finished with value: 0.5887081942952485 and parameters: {'P_amp': 0.04401730668539345, 'P_wet': 2440.8142924032627, 'P_pow': 0.6364077161862314, 'WG_amp': 0.20384932927836658, 'WG_Phalf': 615.6402164163275, 'WG_k': 28.36448641422075, 'WG_c': 0.12280012676656067, 'rain_shift': 1.865045507360314, 'ign_k': 0.933145236478221, 'rate_power': 1.0062317948688657}. Best is trial 28 with value: 0.609728290596246.
[I 2026-05-22 18:06:55,435] Trial 76 finished with value: 0.5714895290711368 and parameters: {'P_amp': 0.06558044463804684, 'P_wet': 696.5277517275442, 'P_pow': 2.1890023974305928, 'WG_amp': 0.2706744748926246, 'WG_Phalf': 625.0343185106298, 'WG_k': 37.97266144951579, 'WG_c': 0.322629644046717, 'rain_shift': 2.406668725514681, 'ign_k': 0.3908832921168064, 'rate_power': 1.2796036116596545}. Best is trial 28 with value: 0.609728290596246.
[I 2026-05-22 18:06:55,901] Trial 77 finished with value: 0.5598643510031017 and parameters: {'P_amp': 0.17751091299782873, 'P_wet': 2537.627947218689, 'P_pow': 5.0441397660122, 'WG_amp': 0.8398182221079762, 'WG_Phalf': 2292.502149730575, 'WG_k': 0.02415252455734711, 'WG_c': 0.0009760108447282155, 'rain_shift': 2.9802890986156125, 'ign_k': 1.3993781360458941, 'rate_power': 1.056008030030995}. Best is trial 28 with value: 0.609728290596246.
[I 2026-05-22 18:06:56,358] Trial 78 finished with value: 0.6074917477792987 and parameters: {'P_amp': 0.10216761775337518, 'P_wet': 1339.9184543445372, 'P_pow': 0.395265005293038, 'WG_amp': 0.2541650929335797, 'WG_Phalf': 724.7273799278053, 'WG_k': 61.45769635482582, 'WG_c': 0.6676865238506976, 'rain_shift': 0.17856333751325604, 'ign_k': 0.7788484705157349, 'rate_power': 1.0519562757232683}. Best is trial 28 with value: 0.609728290596246.
[I 2026-05-22 18:06:56,818] Trial 79 finished with value: 0.5599150997672159 and parameters: {'P_amp': 0.039197683833507746, 'P_wet': 3036.6386644214313, 'P_pow': 2.0851907685805138, 'WG_amp': 0.17115774986630644, 'WG_Phalf': 157.35952686919182, 'WG_k': 0.13545876905459617, 'WG_c': 0.0075696496153373465, 'rain_shift': 7.263436259838638, 'ign_k': 0.4930244423100558, 'rate_power': 0.7257880976266822}. Best is trial 28 with value: 0.609728290596246.
[I 2026-05-22 18:06:57,277] Trial 80 finished with value: 0.5653116123593792 and parameters: {'P_amp': 0.07657438074200462, 'P_wet': 2723.212140371846, 'P_pow': 0.27010473709405114, 'WG_amp': 0.26679126130269465, 'WG_Phalf': 1194.5503236957177, 'WG_k': 5.005464893811146, 'WG_c': 3.8870497354569964, 'rain_shift': 3.0941917105686154, 'ign_k': 1.878710398529474, 'rate_power': 1.0209442577839012}. Best is trial 28 with value: 0.609728290596246.
[I 2026-05-22 18:06:57,740] Trial 81 finished with value: 0.6083087146101478 and parameters: {'P_amp': 0.08262681112898423, 'P_wet': 1592.5244015001151, 'P_pow': 0.7168710473170123, 'WG_amp': 0.19841295099499018, 'WG_Phalf': 634.9066766610772, 'WG_k': 77.73416117979438, 'WG_c': 1.3523171034021506, 'rain_shift': 0.933770045941339, 'ign_k': 0.7492003900388741, 'rate_power': 0.9582489277522576}. Best is trial 28 with value: 0.609728290596246.
[I 2026-05-22 18:06:58,202] Trial 82 finished with value: 0.604817920241875 and parameters: {'P_amp': 0.18190520611172345, 'P_wet': 2118.34962128439, 'P_pow': 0.203743517832988, 'WG_amp': 0.3970528899144107, 'WG_Phalf': 1082.7749399139077, 'WG_k': 14.963679689693297, 'WG_c': 4.350971884458594, 'rain_shift': 0.7190738525290595, 'ign_k': 1.2462992326915467, 'rate_power': 0.8787986122294508}. Best is trial 28 with value: 0.609728290596246.
[I 2026-05-22 18:06:58,663] Trial 83 finished with value: 0.5921968226654626 and parameters: {'P_amp': 0.04420035026998236, 'P_wet': 1008.5192161233404, 'P_pow': 1.9315198179623696, 'WG_amp': 0.17580689123527452, 'WG_Phalf': 887.6265563343659, 'WG_k': 86.22170502216855, 'WG_c': 1.8784325302941867, 'rain_shift': 2.047181994534597, 'ign_k': 0.24169846315709634, 'rate_power': 0.9742352507208137}. Best is trial 28 with value: 0.609728290596246.
[I 2026-05-22 18:06:59,118] Trial 84 finished with value: 0.6010615245133601 and parameters: {'P_amp': 0.852336952372999, 'P_wet': 3284.8595265143317, 'P_pow': 2.583004012767101, 'WG_amp': 0.2647716099590607, 'WG_Phalf': 2284.7750587543305, 'WG_k': 0.16700039877612669, 'WG_c': 0.010697963043779351, 'rain_shift': 0.22247275130722421, 'ign_k': 2.754936512734232, 'rate_power': 1.2522289803272728}. Best is trial 28 with value: 0.609728290596246.
[I 2026-05-22 18:06:59,577] Trial 85 finished with value: 0.5452230327466423 and parameters: {'P_amp': 0.8460357895319854, 'P_wet': 2147.4254482627557, 'P_pow': 3.362053394367744, 'WG_amp': 0.17948121055426408, 'WG_Phalf': 2298.9760727084704, 'WG_k': 0.497094519389308, 'WG_c': 0.00019848981429181097, 'rain_shift': 5.811053986556943, 'ign_k': 1.092796399927492, 'rate_power': 0.912683985745139}. Best is trial 28 with value: 0.609728290596246.
[I 2026-05-22 18:07:00,037] Trial 86 finished with value: 0.5488721828366953 and parameters: {'P_amp': 0.12994758022765301, 'P_wet': 1262.4988163377661, 'P_pow': 4.9344883846350385, 'WG_amp': 0.47570405585865877, 'WG_Phalf': 4126.049294966808, 'WG_k': 12.42701883950558, 'WG_c': 3.9634932027442926, 'rain_shift': 8.832451981164732, 'ign_k': 0.1856598793960014, 'rate_power': 0.920182480771406}. Best is trial 28 with value: 0.609728290596246.
[I 2026-05-22 18:07:00,495] Trial 87 finished with value: 0.6006647585167318 and parameters: {'P_amp': 0.616375495451752, 'P_wet': 5812.4645441599905, 'P_pow': 4.659848349148077, 'WG_amp': 0.8128555938478653, 'WG_Phalf': 2116.2658689178074, 'WG_k': 0.03653344586257855, 'WG_c': 9.810563261749392, 'rain_shift': 0.1469744751445239, 'ign_k': 2.5554387054678243, 'rate_power': 0.8635736898457682}. Best is trial 28 with value: 0.609728290596246.
[I 2026-05-22 18:07:00,969] Trial 88 finished with value: 0.6029563329242533 and parameters: {'P_amp': 0.02856523953794611, 'P_wet': 1090.2589930369788, 'P_pow': 0.4065627129730567, 'WG_amp': 0.040431324819273765, 'WG_Phalf': 642.5765707163987, 'WG_k': 36.14285559124342, 'WG_c': 8.91466604950149, 'rain_shift': 0.5035941541305873, 'ign_k': 0.5420087812453073, 'rate_power': 0.8912979129400549}. Best is trial 28 with value: 0.609728290596246.
[I 2026-05-22 18:07:01,433] Trial 89 finished with value: 0.5436630196753459 and parameters: {'P_amp': 0.43408414973303616, 'P_wet': 476.26396620534445, 'P_pow': 3.5099200937260857, 'WG_amp': 0.2520436957182279, 'WG_Phalf': 3220.2853246434643, 'WG_k': 0.1758438240091433, 'WG_c': 0.016057697507031756, 'rain_shift': 8.996586535064164, 'ign_k': 0.05037391312741296, 'rate_power': 0.8845306934614356}. Best is trial 28 with value: 0.609728290596246.
[I 2026-05-22 18:07:01,895] Trial 90 finished with value: 0.607938171165849 and parameters: {'P_amp': 0.03841418272843204, 'P_wet': 1282.971206075321, 'P_pow': 1.4490540667341048, 'WG_amp': 0.32973476715131855, 'WG_Phalf': 176.79435848757396, 'WG_k': 4.257913557634535, 'WG_c': 1.916797286749978, 'rain_shift': 0.7688074953436861, 'ign_k': 0.5049319186782755, 'rate_power': 1.1017800522444468}. Best is trial 28 with value: 0.609728290596246.
[I 2026-05-22 18:07:02,356] Trial 91 finished with value: 0.5841411850456231 and parameters: {'P_amp': 0.06274462759603426, 'P_wet': 2079.1399620666266, 'P_pow': 1.0303016821326758, 'WG_amp': 0.4085404578998335, 'WG_Phalf': 206.81656875393338, 'WG_k': 0.05769044970812281, 'WG_c': 8.534998106904192, 'rain_shift': 1.183353953401758, 'ign_k': 0.24904819897494399, 'rate_power': 1.140474589298888}. Best is trial 28 with value: 0.609728290596246.
[I 2026-05-22 18:07:02,821] Trial 92 finished with value: 0.5924142507399099 and parameters: {'P_amp': 0.0745527354904156, 'P_wet': 1322.3608438664517, 'P_pow': 1.1029368811501725, 'WG_amp': 0.1987978463106092, 'WG_Phalf': 164.3178141666225, 'WG_k': 27.1645954347334, 'WG_c': 2.307435736126745, 'rain_shift': 0.41264927405835594, 'ign_k': 0.3193469618036066, 'rate_power': 0.9771496422514946}. Best is trial 28 with value: 0.609728290596246.
[I 2026-05-22 18:07:03,287] Trial 93 finished with value: 0.588336060945853 and parameters: {'P_amp': 0.17170103108528856, 'P_wet': 1082.6644349802577, 'P_pow': 2.892952574632714, 'WG_amp': 0.6879112012328785, 'WG_Phalf': 125.31685700738716, 'WG_k': 16.84979712981555, 'WG_c': 3.0386156945069405, 'rain_shift': 2.271891145527868, 'ign_k': 0.29447516733186674, 'rate_power': 1.0502029726070952}. Best is trial 28 with value: 0.609728290596246.
[I 2026-05-22 18:07:03,764] Trial 94 finished with value: 0.5733093613599617 and parameters: {'P_amp': 0.0105208865725845, 'P_wet': 788.032055476627, 'P_pow': 1.790485437843083, 'WG_amp': 0.32368110356323804, 'WG_Phalf': 329.620243224829, 'WG_k': 0.9553835856797105, 'WG_c': 0.02443773781381727, 'rain_shift': 2.453665368138409, 'ign_k': 0.4003861548402303, 'rate_power': 1.150316956759139}. Best is trial 28 with value: 0.609728290596246.
