[setup] family=rain_temp_shift model=ED-C1-rain_temp_shift trials=500 cap=5.0
[setup] land cells=13826
[baseline internal] 0.5948011850955166 {'overall': 0.6075196412699985, 'bias': 0.7078006321866015, 'rmse': 0.3805167144382682, 'seas': 0.8271674673467921, 'spatial': 0.6413156870234595}
/Users/adithyasrinivasan/Projects/creativity-docs/exp-workspaces/exp_04/hermes/base/scripts/research_model_variants.py:168: ExperimentalWarning: Argument ``multivariate`` is an experimental feature. The interface can change in the future.
  sampler=optuna.samplers.TPESampler(seed=SEED, multivariate=True)
[I 2026-05-22 17:36:47,008] A new study created in memory with name: no-name-76aabb87-cd68-4914-be40-29aa77b08a24
[I 2026-05-22 17:36:47,554] Trial 0 finished with value: 0.5948382818560959 and parameters: {'k1': 0.02128012643297453, 'D_low': 33.107928264466416, 'k2': 0.0032479995010666245, 'D_high': 3020.3711370643746, 'fire_exp': 0.5746291131439772, 'P_half': 3.1845074798114754, 'pre_dampen_half': 5.714386941567207, 'gpp_af': 0.4621796973523708, 'gpp_b': 5.190713720036356e-05, 'gpp_d': 128.62113841235993, 'ign_k': 0.8146117322506592, 'ign_c': 20.126441845162326, 'ign_k2': 0.1, 'ign_c2': 2.449489742783178, 'rain_shift': 10.0}. Best is trial 0 with value: 0.5948382818560959.
[I 2026-05-22 17:36:48,103] Trial 1 finished with value: 0.3994490055432051 and parameters: {'k1': 0.0024588177508408663, 'D_low': 505.76365554531026, 'k2': 0.00015744430785460893, 'D_high': 8374.542128252584, 'fire_exp': 2.4359771925544855, 'P_half': 1109.4004765669947, 'pre_dampen_half': 0.06858711268769915, 'gpp_af': 0.036368454253018066, 'gpp_b': 0.0003202734055529712, 'gpp_d': 2.875653106184188, 'ign_k': 0.09136775591903566, 'ign_c': 378.1286205477457, 'ign_k2': 0.005365894151678175, 'ign_c2': 1.0077734170417854, 'rain_shift': 16.21182920711131}. Best is trial 0 with value: 0.5948382818560959.
[I 2026-05-22 17:36:48,640] Trial 2 finished with value: 0.4706485282403647 and parameters: {'k1': 0.00021566879828807732, 'D_low': 119.06989891093691, 'k2': 0.00011129634327666192, 'D_high': 33.39737727315802, 'fire_exp': 0.5275931396993464, 'P_half': 57.31743157780474, 'pre_dampen_half': 0.014025505847489845, 'gpp_af': 1.0324656332578377, 'gpp_b': 0.18037499632148862, 'gpp_d': 0.17593554536757078, 'ign_k': 0.006176052321048421, 'ign_c': 19.76169716731973, 'ign_k2': 4.047563569393524, 'ign_c2': 2.717235880718685, 'rain_shift': 8.023972831190559}. Best is trial 0 with value: 0.5948382818560959.
[I 2026-05-22 17:36:49,198] Trial 3 finished with value: 0.3994490055432051 and parameters: {'k1': 0.001174786640706779, 'D_low': 5617.774375900676, 'k2': 0.02521348513293144, 'D_high': 50.35143273489598, 'fire_exp': 1.999352378478434, 'P_half': 33.792611837717395, 'pre_dampen_half': 0.5530976307353843, 'gpp_af': 0.0022605484362884657, 'gpp_b': 0.010761530804265926, 'gpp_d': 1.0199138926532552, 'ign_k': 4.422422633408544, 'ign_c': 172.00538631568804, 'ign_k2': 0.0033746407958910956, 'ign_c2': 9.682811469859859, 'rain_shift': 6.933258295402343}. Best is trial 0 with value: 0.5948382818560959.
[I 2026-05-22 17:36:49,745] Trial 4 finished with value: 0.3994490055432051 and parameters: {'k1': 0.0028684412719423894, 'D_low': 14.124026947018908, 'k2': 0.08755457444242029, 'D_high': 122.70230055608998, 'fire_exp': 5.45816097231891, 'P_half': 99.44414865795777, 'pre_dampen_half': 40.019702901081, 'gpp_af': 63.005114172676116, 'gpp_b': 4.466840112475053e-06, 'gpp_d': 1.894747627558692, 'ign_k': 3.389947386755038, 'ign_c': 61.7753764372251, 'ign_k2': 0.019274979925870555, 'ign_c2': 1.015082704037721, 'rain_shift': 14.672749130399582}. Best is trial 0 with value: 0.5948382818560959.
[I 2026-05-22 17:36:50,287] Trial 5 finished with value: 0.44466297443047115 and parameters: {'k1': 0.003091502396447573, 'D_low': 7.466686421197132, 'k2': 0.08527451688403793, 'D_high': 399.23085785084095, 'fire_exp': 3.8653168963886637, 'P_half': 3.357197075663301, 'pre_dampen_half': 17.616627704863603, 'gpp_af': 0.07413536435942016, 'gpp_b': 0.0003693856317097853, 'gpp_d': 0.01337437528150829, 'ign_k': 0.024675511729869506, 'ign_c': 8.927256852289704, 'ign_k2': 0.03613138192911355, 'ign_c2': 1.0273524102777776, 'rain_shift': 9.850932414029991}. Best is trial 0 with value: 0.5948382818560959.
[I 2026-05-22 17:36:50,829] Trial 6 finished with value: 0.3994490055432051 and parameters: {'k1': 1.3952131994901306e-05, 'D_low': 7.977727355665305, 'k2': 3.4490663159260284e-05, 'D_high': 15872.503692773369, 'fire_exp': 3.3753979463602697, 'P_half': 0.472368119572715, 'pre_dampen_half': 4.598366548884402, 'gpp_af': 6.994788783748176, 'gpp_b': 0.00012694583272870663, 'gpp_d': 1.1213616994060616, 'ign_k': 0.03414233119708819, 'ign_c': 804.0804735898463, 'ign_k2': 0.1419802120125038, 'ign_c2': 33.844724024203046, 'rain_shift': 3.623734774121785}. Best is trial 0 with value: 0.5948382818560959.
[I 2026-05-22 17:36:51,374] Trial 7 finished with value: 0.4119989705321834 and parameters: {'k1': 0.00013493796232347957, 'D_low': 2.119735203725026, 'k2': 2.7320425999288426e-05, 'D_high': 2537.468417776762, 'fire_exp': 3.7838579090774473, 'P_half': 3.9897266054983347, 'pre_dampen_half': 44.79119404710427, 'gpp_af': 12.850254565263292, 'gpp_b': 0.0009966445090955284, 'gpp_d': 0.0799605062995658, 'ign_k': 0.0024744886673258274, 'ign_c': 37.5691097925712, 'ign_k2': 0.5207465679084518, 'ign_c2': 3.2534951204822953, 'rain_shift': 7.290824831510845}. Best is trial 0 with value: 0.5948382818560959.
[I 2026-05-22 17:36:51,910] Trial 8 finished with value: 0.3994490055432051 and parameters: {'k1': 2.201811533302441e-05, 'D_low': 5.720483390846643, 'k2': 0.0825419430961766, 'D_high': 13.109692579218285, 'fire_exp': 1.7912568762014218, 'P_half': 0.18861052765196126, 'pre_dampen_half': 23.095807263121895, 'gpp_af': 0.012882580182404587, 'gpp_b': 7.0767286798774895, 'gpp_d': 0.8894426308825437, 'ign_k': 8.114017829670662, 'ign_c': 42.61705286761311, 'ign_k2': 0.7580093957367263, 'ign_c2': 6.3502771893067695, 'rain_shift': 0.5534499355802591}. Best is trial 0 with value: 0.5948382818560959.
[I 2026-05-22 17:36:52,454] Trial 9 finished with value: 0.4202225348440331 and parameters: {'k1': 0.011176115390741575, 'D_low': 699.2783162507343, 'k2': 0.0009147378028298725, 'D_high': 462.39526556666925, 'fire_exp': 2.369378247694198, 'P_half': 0.21866072590767652, 'pre_dampen_half': 142.47509459462972, 'gpp_af': 60.836549301906075, 'gpp_b': 1.2982565257471947e-05, 'gpp_d': 0.4590096558457933, 'ign_k': 2.84129241507715, 'ign_c': 0.16662502323403064, 'ign_k2': 0.17421374636444714, 'ign_c2': 0.6704971066722757, 'rain_shift': 7.5421560805669285}. Best is trial 0 with value: 0.5948382818560959.
[I 2026-05-22 17:36:52,993] Trial 10 finished with value: 0.46827688174810317 and parameters: {'k1': 0.010307697816975707, 'D_low': 108.9354827146535, 'k2': 0.01921698818914606, 'D_high': 748.18718105369, 'fire_exp': 0.3715812312890894, 'P_half': 3.536971788816709, 'pre_dampen_half': 3.4798793402940693, 'gpp_af': 0.6747357890326451, 'gpp_b': 1.61119855421772e-05, 'gpp_d': 142.7100526824121, 'ign_k': 0.3497177537922905, 'ign_c': 2.6832436730882523, 'ign_k2': 0.06651244735338445, 'ign_c2': 48.311215685022326, 'rain_shift': 10.977434183048164}. Best is trial 0 with value: 0.5948382818560959.
[I 2026-05-22 17:36:53,534] Trial 11 finished with value: 0.46289283870080017 and parameters: {'k1': 0.00038893961599066254, 'D_low': 438.5862319357634, 'k2': 0.00014191801236826848, 'D_high': 13.501558798584012, 'fire_exp': 1.228866763445904, 'P_half': 321.72976895994515, 'pre_dampen_half': 0.12678862503638252, 'gpp_af': 0.08755052646768349, 'gpp_b': 4.268588421523781e-05, 'gpp_d': 0.06295361697600001, 'ign_k': 0.004052303656462241, 'ign_c': 32.109012040552166, 'ign_k2': 5.668909877848248, 'ign_c2': 1.2921078361098621, 'rain_shift': 5.003990686143137}. Best is trial 0 with value: 0.5948382818560959.
[I 2026-05-22 17:36:54,074] Trial 12 finished with value: 0.4145170129370535 and parameters: {'k1': 6.594738782086766e-05, 'D_low': 193.74192411332055, 'k2': 8.946127059933365e-05, 'D_high': 81.59476858876977, 'fire_exp': 0.4589879235581011, 'P_half': 6.480127365641369, 'pre_dampen_half': 0.014282150927587075, 'gpp_af': 19.585902435512384, 'gpp_b': 1.0974863292201735, 'gpp_d': 0.010034161644925502, 'ign_k': 0.07987053645293699, 'ign_c': 38.67030684373991, 'ign_k2': 2.921325849037488, 'ign_c2': 5.097138726292562, 'rain_shift': 3.5015644046018206}. Best is trial 0 with value: 0.5948382818560959.
[I 2026-05-22 17:36:54,611] Trial 13 finished with value: 0.46558724066718343 and parameters: {'k1': 5.390783456617085e-05, 'D_low': 654.5924052815108, 'k2': 2.1289040808063264e-05, 'D_high': 169.27283536344078, 'fire_exp': 0.369551795141964, 'P_half': 85.21168133699034, 'pre_dampen_half': 5.067625511119881, 'gpp_af': 0.03243746679072073, 'gpp_b': 6.443157585448994, 'gpp_d': 3.9674036114054347, 'ign_k': 0.011013378833194004, 'ign_c': 75.03623609299878, 'ign_k2': 1.1006740093414775, 'ign_c2': 7.680902132170577, 'rain_shift': 12.134925048625975}. Best is trial 0 with value: 0.5948382818560959.
[I 2026-05-22 17:36:55,148] Trial 14 finished with value: 0.4750699869121483 and parameters: {'k1': 0.000853946419988896, 'D_low': 584.4715858332528, 'k2': 0.00021315478862730722, 'D_high': 13.630900724732097, 'fire_exp': 0.4086514636484264, 'P_half': 105.5209640263193, 'pre_dampen_half': 0.011430925612737926, 'gpp_af': 6.149081602598506, 'gpp_b': 0.3191142564562338, 'gpp_d': 0.5019896886439005, 'ign_k': 0.0019068794008355132, 'ign_c': 25.009626877367413, 'ign_k2': 6.729324930178633, 'ign_c2': 0.12171875018608332, 'rain_shift': 9.605156548970928}. Best is trial 0 with value: 0.5948382818560959.
[I 2026-05-22 17:36:55,682] Trial 15 finished with value: 0.4505123056482495 and parameters: {'k1': 0.014700877045257995, 'D_low': 222.62844467286774, 'k2': 0.001577647149684654, 'D_high': 13.12187176116251, 'fire_exp': 1.261790574367556, 'P_half': 6675.8624884197125, 'pre_dampen_half': 0.010867494654593423, 'gpp_af': 0.2002981451342687, 'gpp_b': 0.6097330002113712, 'gpp_d': 2.146937089762154, 'ign_k': 0.0012340479862228458, 'ign_c': 18.29433903100595, 'ign_k2': 0.9420674732690565, 'ign_c2': 0.4065344063386667, 'rain_shift': 6.514681013185516}. Best is trial 0 with value: 0.5948382818560959.
[I 2026-05-22 17:36:56,224] Trial 16 finished with value: 0.44654984230234074 and parameters: {'k1': 0.021623455132363547, 'D_low': 7.637008419680137, 'k2': 0.0014176608904503233, 'D_high': 106.33459317519835, 'fire_exp': 1.5619731886849313, 'P_half': 1.0848879394639914, 'pre_dampen_half': 1.2072429832370704, 'gpp_af': 1.1440011715552267, 'gpp_b': 4.43764782556114e-06, 'gpp_d': 76.01887722731776, 'ign_k': 0.220484917073656, 'ign_c': 59.624719589745254, 'ign_k2': 0.16625113461990057, 'ign_c2': 1.0073216463123102, 'rain_shift': 11.54092631180267}. Best is trial 0 with value: 0.5948382818560959.
[I 2026-05-22 17:36:56,760] Trial 17 finished with value: 0.4837819559875917 and parameters: {'k1': 0.0001764879041311794, 'D_low': 4184.562970040059, 'k2': 1.7118439347048652e-05, 'D_high': 1110.095980507357, 'fire_exp': 0.5015471464252189, 'P_half': 998.2343857677525, 'pre_dampen_half': 0.08924450711640271, 'gpp_af': 10.587277540287074, 'gpp_b': 0.741035186016262, 'gpp_d': 6.448396540555123, 'ign_k': 0.006142946455169082, 'ign_c': 27.98235461894278, 'ign_k2': 2.2881276630945835, 'ign_c2': 0.10493741621277938, 'rain_shift': 5.837850565696603}. Best is trial 0 with value: 0.5948382818560959.
[I 2026-05-22 17:36:57,303] Trial 18 finished with value: 0.4607818270455957 and parameters: {'k1': 0.003438052156906936, 'D_low': 3446.3358717700135, 'k2': 0.00014174356112570206, 'D_high': 222.2182766827808, 'fire_exp': 0.4330167763283607, 'P_half': 1323.092909581036, 'pre_dampen_half': 0.2355564693766965, 'gpp_af': 9.655169223482323, 'gpp_b': 0.012465912310165521, 'gpp_d': 338.5870465465301, 'ign_k': 0.08070619837466436, 'ign_c': 56.40191603021244, 'ign_k2': 0.020237915322750055, 'ign_c2': 0.16083011125250543, 'rain_shift': 3.2665716658278745}. Best is trial 0 with value: 0.5948382818560959.
[I 2026-05-22 17:36:57,839] Trial 19 finished with value: 0.46160060710777057 and parameters: {'k1': 1.0710464765027481e-05, 'D_low': 245.95682971001713, 'k2': 0.0008941410097944804, 'D_high': 1811.1727934889084, 'fire_exp': 1.2135519432531696, 'P_half': 1705.9763375858086, 'pre_dampen_half': 0.769912504126396, 'gpp_af': 7.021448065349067, 'gpp_b': 1.106947635898125, 'gpp_d': 27.62879780686095, 'ign_k': 0.00644897455194475, 'ign_c': 29.543549629804577, 'ign_k2': 0.7268319956306163, 'ign_c2': 0.13551294943277958, 'rain_shift': 9.319106539720341}. Best is trial 0 with value: 0.5948382818560959.
[I 2026-05-22 17:36:58,380] Trial 20 finished with value: 0.486802897465716 and parameters: {'k1': 0.00023119732984642075, 'D_low': 8618.704949952858, 'k2': 3.4773644783219114e-05, 'D_high': 15781.468522810925, 'fire_exp': 0.6325433021398688, 'P_half': 6.070931612780411, 'pre_dampen_half': 0.30304899924506673, 'gpp_af': 4.043610473528747, 'gpp_b': 0.051240226812298006, 'gpp_d': 26.58676387228003, 'ign_k': 0.053117098591122014, 'ign_c': 38.50813082841536, 'ign_k2': 1.23301584944613, 'ign_c2': 0.23365336871206666, 'rain_shift': 4.51936135549071}. Best is trial 0 with value: 0.5948382818560959.
[I 2026-05-22 17:36:58,920] Trial 21 finished with value: 0.3994490055432051 and parameters: {'k1': 0.0001497802911722848, 'D_low': 6319.864518809814, 'k2': 0.0005397269667654029, 'D_high': 6826.745376026238, 'fire_exp': 0.5874634518208267, 'P_half': 1.2702615770593788, 'pre_dampen_half': 0.3897313534469368, 'gpp_af': 7.114055616561286, 'gpp_b': 0.037324747088639754, 'gpp_d': 4.184145496540714, 'ign_k': 0.3378446730744733, 'ign_c': 188.8717479339017, 'ign_k2': 0.7026690891690822, 'ign_c2': 0.11631102161920236, 'rain_shift': 6.256828678021243}. Best is trial 0 with value: 0.5948382818560959.
[I 2026-05-22 17:36:59,463] Trial 22 finished with value: 0.5014138554910507 and parameters: {'k1': 0.0001285927708806426, 'D_low': 7947.479635792366, 'k2': 9.667514423321407e-05, 'D_high': 6625.649299101695, 'fire_exp': 0.3910678021523255, 'P_half': 2571.232442519016, 'pre_dampen_half': 0.09174617568046306, 'gpp_af': 6.5298519631883165, 'gpp_b': 0.04832576812636143, 'gpp_d': 5.260514253776362, 'ign_k': 0.0022483867507483903, 'ign_c': 103.60562250562917, 'ign_k2': 0.537554041231023, 'ign_c2': 0.1623411322805034, 'rain_shift': 5.853466296528881}. Best is trial 0 with value: 0.5948382818560959.
[I 2026-05-22 17:37:00,008] Trial 23 finished with value: 0.5348980402869562 and parameters: {'k1': 0.036227960145929605, 'D_low': 36.10865588886711, 'k2': 0.00861695555187289, 'D_high': 52117.542367955866, 'fire_exp': 0.3711100437112913, 'P_half': 18.732315789958122, 'pre_dampen_half': 10.761989172164707, 'gpp_af': 0.015155852783513323, 'gpp_b': 0.013157791560815382, 'gpp_d': 23.94450424830947, 'ign_k': 0.9743913641484161, 'ign_c': 16.623730794905182, 'ign_k2': 0.13221446387089347, 'ign_c2': 0.8031307330099076, 'rain_shift': 7.486884254500939}. Best is trial 0 with value: 0.5948382818560959.
[I 2026-05-22 17:37:00,551] Trial 24 finished with value: 0.5115614896012007 and parameters: {'k1': 0.009767349738999544, 'D_low': 40.40281837294109, 'k2': 0.024631547392477027, 'D_high': 57562.32419965583, 'fire_exp': 0.5178391670844708, 'P_half': 36.84462554633525, 'pre_dampen_half': 5.6964839312960756, 'gpp_af': 0.03174126121225332, 'gpp_b': 0.03382801816362584, 'gpp_d': 545.1064936973391, 'ign_k': 1.282808655591169, 'ign_c': 10.75643828466066, 'ign_k2': 0.510220122116072, 'ign_c2': 2.0983473023526638, 'rain_shift': 1.345182395244482}. Best is trial 0 with value: 0.5948382818560959.
[I 2026-05-22 17:37:01,095] Trial 25 finished with value: 0.47353353006296384 and parameters: {'k1': 0.09912072976892004, 'D_low': 7.219279902319209, 'k2': 0.024236922487902546, 'D_high': 48045.39530083727, 'fire_exp': 0.4928214151849175, 'P_half': 50.60644539431667, 'pre_dampen_half': 97.23972631751455, 'gpp_af': 0.021942454898430424, 'gpp_b': 0.14850289616489915, 'gpp_d': 126.33220830812023, 'ign_k': 0.1550936327034051, 'ign_c': 52.39728029489493, 'ign_k2': 1.1552248946568109, 'ign_c2': 0.2470058958048434, 'rain_shift': 3.0275655631915663}. Best is trial 0 with value: 0.5948382818560959.
[I 2026-05-22 17:37:01,639] Trial 26 finished with value: 0.5717331317669403 and parameters: {'k1': 0.00042138705636781423, 'D_low': 24.781711523839206, 'k2': 0.013903997324444623, 'D_high': 30212.59246118444, 'fire_exp': 0.440492073033876, 'P_half': 94.27140393494781, 'pre_dampen_half': 4.417179554116655, 'gpp_af': 0.031892783448445185, 'gpp_b': 0.002588225942826255, 'gpp_d': 834.5325409784878, 'ign_k': 2.6125111333366955, 'ign_c': 0.934846944834984, 'ign_k2': 7.806106147614184, 'ign_c2': 2.229071444021207, 'rain_shift': 5.059226319752268}. Best is trial 0 with value: 0.5948382818560959.
[I 2026-05-22 17:37:02,186] Trial 27 finished with value: 0.5724919317587683 and parameters: {'k1': 0.00020171175440785252, 'D_low': 94.26044670509039, 'k2': 0.03071310054786266, 'D_high': 17823.729185055065, 'fire_exp': 0.8627278922474093, 'P_half': 132.39916969963582, 'pre_dampen_half': 30.543019980561727, 'gpp_af': 0.23869488675719217, 'gpp_b': 0.00027850134824356106, 'gpp_d': 729.8417936399801, 'ign_k': 4.355744138690429, 'ign_c': 0.394276032654616, 'ign_k2': 2.3243037217834197, 'ign_c2': 0.7271648671047365, 'rain_shift': 8.101815773200128}. Best is trial 0 with value: 0.5948382818560959.
[I 2026-05-22 17:37:02,733] Trial 28 finished with value: 0.5519135076321978 and parameters: {'k1': 4.4096011858164854e-05, 'D_low': 1.33311331939823, 'k2': 0.08332580128289042, 'D_high': 13136.819681397481, 'fire_exp': 0.7471399328030573, 'P_half': 679.9708286200124, 'pre_dampen_half': 1.609117689357612, 'gpp_af': 0.5509917825466001, 'gpp_b': 0.0008244594264612272, 'gpp_d': 126.20014862618879, 'ign_k': 1.703279233561533, 'ign_c': 0.3093523406174013, 'ign_k2': 3.1275806787594256, 'ign_c2': 1.266849548058773, 'rain_shift': 4.7636058249379625}. Best is trial 0 with value: 0.5948382818560959.
[I 2026-05-22 17:37:03,279] Trial 29 finished with value: 0.5668786568995742 and parameters: {'k1': 0.0005280421794048836, 'D_low': 616.1512250713218, 'k2': 0.007573389847073761, 'D_high': 3113.4399914386995, 'fire_exp': 1.056343236994557, 'P_half': 97.2872949819267, 'pre_dampen_half': 139.60059160542474, 'gpp_af': 0.11228436773110746, 'gpp_b': 0.00020386390808321012, 'gpp_d': 251.89442184384237, 'ign_k': 3.928052475449169, 'ign_c': 1.2280230150144067, 'ign_k2': 0.8801647568030767, 'ign_c2': 0.2584906293687393, 'rain_shift': 7.2072850738326135}. Best is trial 0 with value: 0.5948382818560959.
[I 2026-05-22 17:37:03,838] Trial 30 finished with value: 0.5389023011023633 and parameters: {'k1': 0.0007509373380560503, 'D_low': 70.81714805689931, 'k2': 0.0004223388881256436, 'D_high': 429.3140706150169, 'fire_exp': 0.6109551719500221, 'P_half': 3.255919164089561, 'pre_dampen_half': 36.81688744401616, 'gpp_af': 0.9354625624468319, 'gpp_b': 0.0001542515248350285, 'gpp_d': 37.86803228122211, 'ign_k': 0.6868932859513688, 'ign_c': 17.733290706157824, 'ign_k2': 0.6741642114302355, 'ign_c2': 3.4424744311166466, 'rain_shift': 1.984519307659733}. Best is trial 0 with value: 0.5948382818560959.
[I 2026-05-22 17:37:04,390] Trial 31 finished with value: 0.48571106463092706 and parameters: {'k1': 0.00016963012221280892, 'D_low': 5828.982769927876, 'k2': 0.005106770173767326, 'D_high': 10177.843508343529, 'fire_exp': 1.4430077113352806, 'P_half': 810.55400171316, 'pre_dampen_half': 158.4417856648453, 'gpp_af': 0.0034661533277409243, 'gpp_b': 2.2306269526497715e-06, 'gpp_d': 613.9242676525299, 'ign_k': 3.5094595589404496, 'ign_c': 2.8007476622604166, 'ign_k2': 0.13719217700328612, 'ign_c2': 0.2155756217700796, 'rain_shift': 6.167240199772353}. Best is trial 0 with value: 0.5948382818560959.
[I 2026-05-22 17:37:05,104] Trial 32 finished with value: 0.557033313233456 and parameters: {'k1': 0.0007159694858022937, 'D_low': 593.7057529543989, 'k2': 0.005623916136711099, 'D_high': 1113.712674087752, 'fire_exp': 0.9742203850788149, 'P_half': 5.725741139034083, 'pre_dampen_half': 55.51021432883702, 'gpp_af': 0.513646303732231, 'gpp_b': 0.000931798444310493, 'gpp_d': 61.43998144981764, 'ign_k': 1.7175131191704152, 'ign_c': 1.3787133212702547, 'ign_k2': 0.8664590224227144, 'ign_c2': 0.32179086119030786, 'rain_shift': 9.878139337831161}. Best is trial 0 with value: 0.5948382818560959.
[I 2026-05-22 17:37:05,643] Trial 33 finished with value: 0.5464203594144186 and parameters: {'k1': 0.0005142068942642125, 'D_low': 195.3022806023066, 'k2': 0.0512241413675403, 'D_high': 8895.559471592045, 'fire_exp': 1.1160238516690968, 'P_half': 416.893209318275, 'pre_dampen_half': 17.500776648069508, 'gpp_af': 0.1797821531305265, 'gpp_b': 0.0001443216589593098, 'gpp_d': 120.92163001589947, 'ign_k': 3.6693186852776996, 'ign_c': 1.670444852313822, 'ign_k2': 0.5775725820951656, 'ign_c2': 3.497637559971663, 'rain_shift': 8.508128284220694}. Best is trial 0 with value: 0.5948382818560959.
[I 2026-05-22 17:37:06,187] Trial 34 finished with value: 0.4224728852565869 and parameters: {'k1': 0.006258263794386964, 'D_low': 113.61558462723627, 'k2': 0.0078704024386361, 'D_high': 1056.5944367225304, 'fire_exp': 0.4544143062537348, 'P_half': 114.12076804631904, 'pre_dampen_half': 100.8503291291301, 'gpp_af': 0.40978100926407046, 'gpp_b': 4.013475761873884e-05, 'gpp_d': 139.6804422971448, 'ign_k': 0.24316799620551988, 'ign_c': 179.9120253811147, 'ign_k2': 0.03369293817554363, 'ign_c2': 1.1679331702910234, 'rain_shift': 13.58578580041817}. Best is trial 0 with value: 0.5948382818560959.
