[I 2026-05-22 17:38:25,371] Trial 179 finished with value: 0.5745012223942623 and parameters: {'k1': 0.010155156066143374, 'D_low': 1.6902315546544882, 'k2': 0.004242891188725443, 'D_high': 6814.808922370097, 'fire_exp': 0.6518539212069115, 'P_half': 6.847354985930269, 'pre_dampen_half': 2.675392269668054, 'gpp_af': 3.580602673524908, 'gpp_b': 0.005926550062504884, 'gpp_d': 293.1342829200708, 'ign_k': 6.996109468941278, 'ign_c': 0.10368405751861322, 'ign_k2': 1.9030424430396984, 'ign_c2': 0.7148920399778239, 'rain_shift': 17.693476369718056}. Best is trial 0 with value: 0.5948382818560959.
[I 2026-05-22 17:38:25,912] Trial 180 finished with value: 0.5148240546188698 and parameters: {'k1': 1.125135390457245e-05, 'D_low': 1.2093342510756424, 'k2': 0.027669877995574226, 'D_high': 3586.247083513375, 'fire_exp': 0.41294327048075596, 'P_half': 0.19109833656817612, 'pre_dampen_half': 17.662364983316806, 'gpp_af': 0.3969399362787167, 'gpp_b': 0.0016232007988984185, 'gpp_d': 197.0136603214375, 'ign_k': 0.10723942980102626, 'ign_c': 2.373975985658077, 'ign_k2': 6.37242249237602, 'ign_c2': 0.12126422493771466, 'rain_shift': 3.9812648380191504}. Best is trial 0 with value: 0.5948382818560959.
[I 2026-05-22 17:38:26,452] Trial 181 finished with value: 0.5692217317851621 and parameters: {'k1': 0.002178006281471707, 'D_low': 1.635022390512082, 'k2': 0.0009540479399805881, 'D_high': 11545.961882513722, 'fire_exp': 0.7584334388326608, 'P_half': 1.075766215995556, 'pre_dampen_half': 8.210325601540593, 'gpp_af': 0.4976443778700854, 'gpp_b': 5.509946277209117e-05, 'gpp_d': 708.0924896423027, 'ign_k': 0.9232320271986155, 'ign_c': 0.8161049308499971, 'ign_k2': 2.4761884074654756, 'ign_c2': 0.13268596289252188, 'rain_shift': 13.073341990372523}. Best is trial 0 with value: 0.5948382818560959.
[I 2026-05-22 17:38:26,998] Trial 182 finished with value: 0.5694599793009142 and parameters: {'k1': 8.82034433827276e-05, 'D_low': 2.2358146783583845, 'k2': 0.0038281154563632198, 'D_high': 27597.676932080838, 'fire_exp': 0.7859698724693079, 'P_half': 1.5133448806264331, 'pre_dampen_half': 147.89636280410824, 'gpp_af': 0.0030256468075421828, 'gpp_b': 0.0003826036958161383, 'gpp_d': 324.6608210780473, 'ign_k': 0.25916660830104027, 'ign_c': 1.0216444730571075, 'ign_k2': 5.316832952602707, 'ign_c2': 0.12848902972704793, 'rain_shift': 7.989786822747431}. Best is trial 0 with value: 0.5948382818560959.
[I 2026-05-22 17:38:27,542] Trial 183 finished with value: 0.5706189356055192 and parameters: {'k1': 1.7501993711295223e-05, 'D_low': 77.06133958666665, 'k2': 0.00012637842746675951, 'D_high': 144.78660080258936, 'fire_exp': 0.4129294279584958, 'P_half': 0.14617176021670364, 'pre_dampen_half': 7.455261595384743, 'gpp_af': 4.8113702004615115, 'gpp_b': 0.0007842821369542836, 'gpp_d': 51.31049912296073, 'ign_k': 6.707129038992365, 'ign_c': 0.6488247428314907, 'ign_k2': 8.646440629477949, 'ign_c2': 0.29686800417807224, 'rain_shift': 7.353375463273592}. Best is trial 0 with value: 0.5948382818560959.
[I 2026-05-22 17:38:28,087] Trial 184 finished with value: 0.5546827637422593 and parameters: {'k1': 0.0008470618512005313, 'D_low': 8.029598603299773, 'k2': 0.001275429395956833, 'D_high': 1371.9085121321032, 'fire_exp': 0.8404523363614405, 'P_half': 2.5569650169062044, 'pre_dampen_half': 83.72173133924893, 'gpp_af': 6.518261150829869, 'gpp_b': 9.820664966257006e-06, 'gpp_d': 111.14191852573627, 'ign_k': 0.24189219233603423, 'ign_c': 11.288041190503911, 'ign_k2': 8.358877089068528, 'ign_c2': 0.25949258815037085, 'rain_shift': 15.192891407318827}. Best is trial 0 with value: 0.5948382818560959.
[I 2026-05-22 17:38:28,636] Trial 185 finished with value: 0.575080718571529 and parameters: {'k1': 0.02275679553278176, 'D_low': 17.16305095494255, 'k2': 1.0717495877358033e-05, 'D_high': 8402.01376234772, 'fire_exp': 0.5362192548502325, 'P_half': 6.526518054244107, 'pre_dampen_half': 49.1148884256741, 'gpp_af': 1.1027815648968924, 'gpp_b': 0.0008216972009970294, 'gpp_d': 50.27360078681903, 'ign_k': 8.687275763989902, 'ign_c': 0.665454159900092, 'ign_k2': 9.935961585854445, 'ign_c2': 1.24151379468543, 'rain_shift': 15.141968504812521}. Best is trial 0 with value: 0.5948382818560959.
[I 2026-05-22 17:38:29,180] Trial 186 finished with value: 0.5714145695852809 and parameters: {'k1': 0.03086484319438598, 'D_low': 3.2363158331820863, 'k2': 1.0101541848853846e-05, 'D_high': 38156.08233537827, 'fire_exp': 0.6588762765495881, 'P_half': 1.2253298104469479, 'pre_dampen_half': 9.575824077225812, 'gpp_af': 0.1900691911599119, 'gpp_b': 1.5172726441735465e-05, 'gpp_d': 349.96149184441856, 'ign_k': 6.666690641913419, 'ign_c': 2.867648334525455, 'ign_k2': 9.276587304992935, 'ign_c2': 3.2782831738493377, 'rain_shift': 14.83153484756097}. Best is trial 0 with value: 0.5948382818560959.
[I 2026-05-22 17:38:29,724] Trial 187 finished with value: 0.5058439209748753 and parameters: {'k1': 0.05492396444769082, 'D_low': 411.95264646217424, 'k2': 1.1989205450729976e-05, 'D_high': 17036.394556139025, 'fire_exp': 1.0388642469957385, 'P_half': 25.251461354095976, 'pre_dampen_half': 248.1826256565802, 'gpp_af': 0.28419881295064586, 'gpp_b': 0.000755786976375134, 'gpp_d': 12.366523783932664, 'ign_k': 7.339299947578707, 'ign_c': 0.6887844086782094, 'ign_k2': 4.6042181461777885, 'ign_c2': 1.0116664747679054, 'rain_shift': 17.552409485867837}. Best is trial 0 with value: 0.5948382818560959.
[I 2026-05-22 17:38:30,268] Trial 188 finished with value: 0.5723052948574402 and parameters: {'k1': 0.05581363382203616, 'D_low': 11.316719619457986, 'k2': 2.5316297584585845e-05, 'D_high': 2027.4424844868759, 'fire_exp': 0.47961166174806424, 'P_half': 0.3170333817470901, 'pre_dampen_half': 29.60431660790701, 'gpp_af': 0.6794124668898213, 'gpp_b': 0.0003981222225936494, 'gpp_d': 1.2982352380909543, 'ign_k': 4.14121836407269, 'ign_c': 2.3148064711945935, 'ign_k2': 5.288000470062933, 'ign_c2': 1.902038994804562, 'rain_shift': 13.136564189336859}. Best is trial 0 with value: 0.5948382818560959.
[I 2026-05-22 17:38:30,812] Trial 189 finished with value: 0.47020422203128565 and parameters: {'k1': 0.06115033985495616, 'D_low': 153.43053214441315, 'k2': 0.005922089082397365, 'D_high': 1841.2394391083594, 'fire_exp': 1.1687485049666373, 'P_half': 168.42127771391483, 'pre_dampen_half': 42.884413197711474, 'gpp_af': 11.539828563340329, 'gpp_b': 0.09202564222481209, 'gpp_d': 2.786971848210916, 'ign_k': 0.003065058646698491, 'ign_c': 0.7906528942616852, 'ign_k2': 3.0920442674734065, 'ign_c2': 0.10798455098198939, 'rain_shift': 14.214023375473655}. Best is trial 0 with value: 0.5948382818560959.
[I 2026-05-22 17:38:31,357] Trial 190 finished with value: 0.5723490969908879 and parameters: {'k1': 0.03291494499773617, 'D_low': 29.928651013906084, 'k2': 6.471023593916317e-05, 'D_high': 12810.035184042192, 'fire_exp': 0.43036496996349644, 'P_half': 0.5236177949477768, 'pre_dampen_half': 7.407695496755849, 'gpp_af': 7.054294575239136, 'gpp_b': 0.011376463106643541, 'gpp_d': 590.4436435035428, 'ign_k': 8.08057975843421, 'ign_c': 0.2055711643175107, 'ign_k2': 9.506707938202107, 'ign_c2': 0.6372820377257005, 'rain_shift': 7.807848612594016}. Best is trial 0 with value: 0.5948382818560959.
[I 2026-05-22 17:38:31,899] Trial 191 finished with value: 0.45313635009928704 and parameters: {'k1': 0.00013009313263253797, 'D_low': 2.7625191540538743, 'k2': 0.0004737737075747187, 'D_high': 2395.546343487707, 'fire_exp': 0.6619248523201157, 'P_half': 0.5360801501584566, 'pre_dampen_half': 785.3599087762872, 'gpp_af': 52.161505392743145, 'gpp_b': 0.00011199391613702748, 'gpp_d': 100.52566974368082, 'ign_k': 2.1209855294099484, 'ign_c': 0.8164313388016583, 'ign_k2': 0.04932894500766964, 'ign_c2': 0.19164438297453734, 'rain_shift': 8.878889226724915}. Best is trial 0 with value: 0.5948382818560959.
[I 2026-05-22 17:38:32,440] Trial 192 finished with value: 0.535537839641723 and parameters: {'k1': 0.000762264127053489, 'D_low': 1.3355975607023975, 'k2': 0.0025460845433666456, 'D_high': 2406.969753782447, 'fire_exp': 0.5909050821554643, 'P_half': 0.25575475172485407, 'pre_dampen_half': 0.7189290818916, 'gpp_af': 0.23208591145530624, 'gpp_b': 0.0036886631629894995, 'gpp_d': 827.6324983409629, 'ign_k': 3.669774553548413, 'ign_c': 0.19247778013758873, 'ign_k2': 0.8547423794771797, 'ign_c2': 0.19958901286181333, 'rain_shift': 4.027499056187249}. Best is trial 0 with value: 0.5948382818560959.
[I 2026-05-22 17:38:32,984] Trial 193 finished with value: 0.569480480533418 and parameters: {'k1': 0.0050156387612428745, 'D_low': 45.45816626962801, 'k2': 3.677669733281724e-05, 'D_high': 17843.046572340947, 'fire_exp': 0.3711242419846317, 'P_half': 14.428104197018122, 'pre_dampen_half': 17.171396188635637, 'gpp_af': 12.805272369028135, 'gpp_b': 0.0013626809813026687, 'gpp_d': 143.22269992696698, 'ign_k': 7.749214977165481, 'ign_c': 0.22442146221941792, 'ign_k2': 3.357049988468773, 'ign_c2': 0.8290413084103956, 'rain_shift': 17.811413366057536}. Best is trial 0 with value: 0.5948382818560959.
[I 2026-05-22 17:38:33,529] Trial 194 finished with value: 0.5653852389529447 and parameters: {'k1': 0.007313819894478299, 'D_low': 8.455812651665626, 'k2': 1.435556470189063e-05, 'D_high': 12683.453782691471, 'fire_exp': 0.7953207950901654, 'P_half': 4.637826016454633, 'pre_dampen_half': 66.57726835047896, 'gpp_af': 0.24859482196581842, 'gpp_b': 0.0007800170039573108, 'gpp_d': 30.60169856640297, 'ign_k': 8.943731088838872, 'ign_c': 0.16676706445267075, 'ign_k2': 4.052181808309579, 'ign_c2': 0.7037581669077183, 'rain_shift': 14.092913116433499}. Best is trial 0 with value: 0.5948382818560959.
[I 2026-05-22 17:38:34,074] Trial 195 finished with value: 0.5740792984498628 and parameters: {'k1': 0.00016037790046498395, 'D_low': 1.0816337615894276, 'k2': 0.001215900413707246, 'D_high': 4484.077942942451, 'fire_exp': 0.43307633195063067, 'P_half': 0.42650587774989357, 'pre_dampen_half': 795.5508904857867, 'gpp_af': 3.2264725825514753, 'gpp_b': 9.531716308224836e-05, 'gpp_d': 192.42650649996537, 'ign_k': 0.18330794816984075, 'ign_c': 1.475527881764703, 'ign_k2': 1.7769880850755482, 'ign_c2': 0.3151942438605219, 'rain_shift': 9.753236964631006}. Best is trial 0 with value: 0.5948382818560959.
[I 2026-05-22 17:38:34,618] Trial 196 finished with value: 0.4473298680279117 and parameters: {'k1': 0.0010530291596168638, 'D_low': 51.41301721035135, 'k2': 0.00020887263661406436, 'D_high': 1753.2560402041615, 'fire_exp': 0.5100643053005085, 'P_half': 0.34932937359964744, 'pre_dampen_half': 19.453650362479763, 'gpp_af': 10.428346826785129, 'gpp_b': 0.0002371076373079028, 'gpp_d': 450.786578567784, 'ign_k': 1.0494672047772127, 'ign_c': 44.4798467994545, 'ign_k2': 0.6044612411551196, 'ign_c2': 0.12322455164586127, 'rain_shift': 10.835299677629795}. Best is trial 0 with value: 0.5948382818560959.
[I 2026-05-22 17:38:35,162] Trial 197 finished with value: 0.5730987088620241 and parameters: {'k1': 0.030609837844090815, 'D_low': 1.2278542050967374, 'k2': 0.0011040474746016374, 'D_high': 1441.1753364935857, 'fire_exp': 0.5102277570800465, 'P_half': 0.15578213404934246, 'pre_dampen_half': 5.534529381516953, 'gpp_af': 9.081263653836563, 'gpp_b': 8.313690008438404e-05, 'gpp_d': 106.42647419710285, 'ign_k': 2.3721484971904947, 'ign_c': 1.9189688732532768, 'ign_k2': 5.116254877616217, 'ign_c2': 0.23914465610838498, 'rain_shift': 18.70176727671195}. Best is trial 0 with value: 0.5948382818560959.
[I 2026-05-22 17:38:35,710] Trial 198 finished with value: 0.567854427083796 and parameters: {'k1': 0.002880727117498067, 'D_low': 453.14396277935293, 'k2': 0.00850953639567967, 'D_high': 1224.5413229337785, 'fire_exp': 0.39372402846649457, 'P_half': 1654.4215650698818, 'pre_dampen_half': 1.460632558391225, 'gpp_af': 0.023679672254488658, 'gpp_b': 6.057877688830031e-05, 'gpp_d': 52.658331161313775, 'ign_k': 0.36627854531673, 'ign_c': 0.2988710319398568, 'ign_k2': 3.1306146065159726, 'ign_c2': 0.516432815996329, 'rain_shift': 5.77912394567745}. Best is trial 0 with value: 0.5948382818560959.
[I 2026-05-22 17:38:36,251] Trial 199 finished with value: 0.5002521342252578 and parameters: {'k1': 0.06605522114036269, 'D_low': 10.381691988936835, 'k2': 2.5145284591923284e-05, 'D_high': 2826.536890612676, 'fire_exp': 0.8106042299982738, 'P_half': 1.1482193887769594, 'pre_dampen_half': 20.320313555525207, 'gpp_af': 2.9513663692670726, 'gpp_b': 0.9715180490254438, 'gpp_d': 38.94998549952227, 'ign_k': 3.9331239284754185, 'ign_c': 3.582462487970788, 'ign_k2': 2.098057772992407, 'ign_c2': 12.757874174227243, 'rain_shift': 17.517551063510577}. Best is trial 0 with value: 0.5948382818560959.
[I 2026-05-22 17:38:36,795] Trial 200 finished with value: 0.4500954609558608 and parameters: {'k1': 0.0022579547701670317, 'D_low': 3.1426377870753655, 'k2': 0.0019235333771423237, 'D_high': 5068.239552015871, 'fire_exp': 0.350494981681731, 'P_half': 0.3829637319880732, 'pre_dampen_half': 51.617171667427485, 'gpp_af': 0.22481181091783592, 'gpp_b': 0.00011684131246975014, 'gpp_d': 2.8747077411037054, 'ign_k': 2.5490273791755715, 'ign_c': 0.32319429786984344, 'ign_k2': 0.18344530696187025, 'ign_c2': 0.1322294928329154, 'rain_shift': 9.540981504343707}. Best is trial 0 with value: 0.5948382818560959.
[I 2026-05-22 17:38:37,339] Trial 201 finished with value: 0.574345689862998 and parameters: {'k1': 0.020569986858355052, 'D_low': 1.555818865223885, 'k2': 0.0003348977124461433, 'D_high': 8955.208101352286, 'fire_exp': 0.8497695019508381, 'P_half': 2.559439099263474, 'pre_dampen_half': 5.74596690691385, 'gpp_af': 3.3032378586982296, 'gpp_b': 0.011336522968941758, 'gpp_d': 139.63405162169533, 'ign_k': 2.4782663525482715, 'ign_c': 0.10574450848017405, 'ign_k2': 6.24652334929512, 'ign_c2': 2.597225925619056, 'rain_shift': 16.926133347548788}. Best is trial 0 with value: 0.5948382818560959.
[I 2026-05-22 17:38:37,887] Trial 202 finished with value: 0.5650836294340905 and parameters: {'k1': 0.05321421412589348, 'D_low': 40.029345364999344, 'k2': 0.03820087055352282, 'D_high': 7240.248998188254, 'fire_exp': 0.4195190769478404, 'P_half': 23.574801595220624, 'pre_dampen_half': 4.604781453354538, 'gpp_af': 0.8187310037430124, 'gpp_b': 0.004545613850396595, 'gpp_d': 26.398944726237065, 'ign_k': 0.0053153068588355215, 'ign_c': 11.081746595557274, 'ign_k2': 2.544484133218231, 'ign_c2': 0.8075318177942324, 'rain_shift': 18.02642820951895}. Best is trial 0 with value: 0.5948382818560959.
[I 2026-05-22 17:38:38,435] Trial 203 finished with value: 0.5222884431410811 and parameters: {'k1': 0.004873633617081817, 'D_low': 1.1629993491840953, 'k2': 0.02274383360106573, 'D_high': 774.5271123355859, 'fire_exp': 0.5797306826407462, 'P_half': 1.4652359636275878, 'pre_dampen_half': 0.17004561402852217, 'gpp_af': 2.662180505305529, 'gpp_b': 0.07636468200813902, 'gpp_d': 553.2033731912475, 'ign_k': 1.7422626152900946, 'ign_c': 0.4478259552641061, 'ign_k2': 4.396166938457913, 'ign_c2': 3.6754561931865437, 'rain_shift': 15.31041272390438}. Best is trial 0 with value: 0.5948382818560959.
[I 2026-05-22 17:38:38,981] Trial 204 finished with value: 0.5880863079307139 and parameters: {'k1': 0.0379278513309023, 'D_low': 135.180443707559, 'k2': 0.014490302247515541, 'D_high': 2174.223108659544, 'fire_exp': 0.9625750249264586, 'P_half': 193.72853468543505, 'pre_dampen_half': 19.479338482741895, 'gpp_af': 0.08113964294312077, 'gpp_b': 1.1782829533516762e-05, 'gpp_d': 672.0825387644616, 'ign_k': 0.5848992083588025, 'ign_c': 0.10666371810830065, 'ign_k2': 0.7758157104543756, 'ign_c2': 0.14630139228850364, 'rain_shift': 8.775209159007543}. Best is trial 0 with value: 0.5948382818560959.
[I 2026-05-22 17:38:39,524] Trial 205 finished with value: 0.579590757929467 and parameters: {'k1': 0.0018274510637966038, 'D_low': 4.046672432052809, 'k2': 0.036896959423531, 'D_high': 2199.94290559059, 'fire_exp': 0.4375769000536364, 'P_half': 143.16810307272686, 'pre_dampen_half': 4.025547324732528, 'gpp_af': 0.001532918405667438, 'gpp_b': 4.0262546315602e-05, 'gpp_d': 653.8008581685526, 'ign_k': 5.033692203650007, 'ign_c': 0.21296547633850738, 'ign_k2': 3.8993809107466553, 'ign_c2': 0.1464898012709836, 'rain_shift': 10.32910130554339}. Best is trial 0 with value: 0.5948382818560959.
[I 2026-05-22 17:38:40,070] Trial 206 finished with value: 0.5366003463589355 and parameters: {'k1': 0.012731444585679545, 'D_low': 386.203028846521, 'k2': 0.014341411789029014, 'D_high': 4815.8762795494295, 'fire_exp': 0.729433710559604, 'P_half': 7.193552042274695, 'pre_dampen_half': 0.7620928801299034, 'gpp_af': 0.45273075306205723, 'gpp_b': 0.00038835228913902697, 'gpp_d': 478.2896062546038, 'ign_k': 0.22707417593677032, 'ign_c': 0.1256086202512997, 'ign_k2': 9.545979257661827, 'ign_c2': 0.2026451072893889, 'rain_shift': 17.98678976221833}. Best is trial 0 with value: 0.5948382818560959.
[I 2026-05-22 17:38:40,611] Trial 207 finished with value: 0.5689135060014232 and parameters: {'k1': 0.020363107650719595, 'D_low': 59.63433772889612, 'k2': 0.08877809809468414, 'D_high': 8086.160780784734, 'fire_exp': 0.4241403049440795, 'P_half': 428.32153066056145, 'pre_dampen_half': 5.431211234665908, 'gpp_af': 0.08527490971887892, 'gpp_b': 0.005718329550794557, 'gpp_d': 10.302723387275378, 'ign_k': 0.003152850972697265, 'ign_c': 0.16400138277995152, 'ign_k2': 3.28309570508078, 'ign_c2': 0.5796986134972687, 'rain_shift': 5.079350646673429}. Best is trial 0 with value: 0.5948382818560959.
[I 2026-05-22 17:38:41,158] Trial 208 finished with value: 0.577998533378476 and parameters: {'k1': 0.06897660584009213, 'D_low': 18.415725332228998, 'k2': 0.0010904554953141416, 'D_high': 32575.444399420703, 'fire_exp': 0.4060401411130484, 'P_half': 9.373169194252503, 'pre_dampen_half': 44.115060478956174, 'gpp_af': 4.67664536625942, 'gpp_b': 0.21738018771597914, 'gpp_d': 38.24931263348635, 'ign_k': 0.0012220382290468478, 'ign_c': 1.0152812635686508, 'ign_k2': 3.7559298457483568, 'ign_c2': 0.3373252555859689, 'rain_shift': 7.957912988604247}. Best is trial 0 with value: 0.5948382818560959.
[I 2026-05-22 17:38:41,700] Trial 209 finished with value: 0.4989851731607452 and parameters: {'k1': 0.0013709779009498046, 'D_low': 3.2150701023690904, 'k2': 0.0718833018232876, 'D_high': 5442.714896673375, 'fire_exp': 0.738372380543373, 'P_half': 250.14391951877124, 'pre_dampen_half': 1.7656785619667026, 'gpp_af': 0.0015495351584998505, 'gpp_b': 0.0022184640420879727, 'gpp_d': 725.048950155141, 'ign_k': 1.0962265573989771, 'ign_c': 0.1992734850300083, 'ign_k2': 8.171566901102715, 'ign_c2': 0.16144727598859607, 'rain_shift': 10.516455734604065}. Best is trial 0 with value: 0.5948382818560959.
[I 2026-05-22 17:38:42,244] Trial 210 finished with value: 0.3994490055432051 and parameters: {'k1': 0.0035118410077907614, 'D_low': 105.50400534249879, 'k2': 0.0020271014961926567, 'D_high': 3489.5012108334786, 'fire_exp': 0.8861449957157734, 'P_half': 2.162568972549059, 'pre_dampen_half': 7.932757553757919, 'gpp_af': 0.07686513418249635, 'gpp_b': 3.7529981005855494e-05, 'gpp_d': 4.2114861595884125, 'ign_k': 0.2265896830204378, 'ign_c': 181.3109384295488, 'ign_k2': 0.5995279238632117, 'ign_c2': 7.055769260713431, 'rain_shift': 9.988038376680638}. Best is trial 0 with value: 0.5948382818560959.
[I 2026-05-22 17:38:42,784] Trial 211 finished with value: 0.5489211704974155 and parameters: {'k1': 0.02165023296584326, 'D_low': 4.049965580786091, 'k2': 0.0004973263601015336, 'D_high': 15641.13738983657, 'fire_exp': 0.4731474308271706, 'P_half': 23.009883308160077, 'pre_dampen_half': 29.481417937915303, 'gpp_af': 1.2396523602313005, 'gpp_b': 2.102032635163383, 'gpp_d': 40.71578926114422, 'ign_k': 0.0019491491351467534, 'ign_c': 0.9008987288331561, 'ign_k2': 8.770142553636315, 'ign_c2': 0.12208976148201908, 'rain_shift': 7.993151698510317}. Best is trial 0 with value: 0.5948382818560959.
[I 2026-05-22 17:38:43,323] Trial 212 finished with value: 0.5393144311398882 and parameters: {'k1': 0.005068329361137051, 'D_low': 182.513450297145, 'k2': 0.008129849581349512, 'D_high': 2749.618089250998, 'fire_exp': 0.8970868152916226, 'P_half': 106.63543845388405, 'pre_dampen_half': 17.36271341163246, 'gpp_af': 0.6155863899765143, 'gpp_b': 1.1420929476764944e-05, 'gpp_d': 496.1648745674759, 'ign_k': 1.7877665585386515, 'ign_c': 0.12967964686558348, 'ign_k2': 0.635120429361048, 'ign_c2': 0.1458840271351891, 'rain_shift': 6.446192567842998}. Best is trial 0 with value: 0.5948382818560959.
[I 2026-05-22 17:38:43,866] Trial 213 finished with value: 0.5795262229358532 and parameters: {'k1': 0.003932186057610517, 'D_low': 4.272756893926847, 'k2': 0.018682766067031464, 'D_high': 2759.9809189602247, 'fire_exp': 0.3520115258227592, 'P_half': 371.44923808160263, 'pre_dampen_half': 4.9535789000001405, 'gpp_af': 0.003613842836080375, 'gpp_b': 1.025628851568894e-06, 'gpp_d': 638.3928261071316, 'ign_k': 2.4722023998868736, 'ign_c': 0.19362369130218782, 'ign_k2': 1.8002200603038467, 'ign_c2': 0.1145254302478168, 'rain_shift': 13.724925233563601}. Best is trial 0 with value: 0.5948382818560959.
[I 2026-05-22 17:38:44,403] Trial 214 finished with value: 0.5453813799094394 and parameters: {'k1': 0.007861530025178816, 'D_low': 34.78822287991481, 'k2': 0.017718497369138123, 'D_high': 2336.5875720442186, 'fire_exp': 0.4175085332852511, 'P_half': 4.5304717908299645, 'pre_dampen_half': 0.7914029164921241, 'gpp_af': 0.016980799700996505, 'gpp_b': 0.024995176707466146, 'gpp_d': 971.7251794811855, 'ign_k': 6.8398959264201995, 'ign_c': 5.902119268807735, 'ign_k2': 1.3250113593053838, 'ign_c2': 0.1498544767796684, 'rain_shift': 8.969086524410146}. Best is trial 0 with value: 0.5948382818560959.
