[I 2026-05-22 17:44:09,674] Trial 341 finished with value: 0.53118691229308 and parameters: {'k1': 0.011608582589522583, 'D_low': 7.463698483596436, 'k2': 0.0009347016190303684, 'D_high': 16.64785137938935, 'fire_exp': 0.37902645423045395, 'P_half': 0.5669603377292491, 'pre_dampen_half': 98.22461047671759, 'gpp_af': 0.0022714487224803686, 'gpp_b': 1.1744796644278807e-06, 'gpp_d': 20.005802041834666, 'ign_k': 2.1547038067493993, 'ign_c': 7.505261054643048, 'dryanom_half': 0.34487293637641014, 'dry_amp': 0.30174052887077324}. Best is trial 0 with value: 0.6103502735484728.
[I 2026-05-22 17:44:10,175] Trial 342 finished with value: 0.3994490055432051 and parameters: {'k1': 0.029028550195453227, 'D_low': 2.519893267423704, 'k2': 0.00021128989025267724, 'D_high': 149.7838991784899, 'fire_exp': 0.7189903249404264, 'P_half': 0.15302989568602282, 'pre_dampen_half': 2.0802237418628513, 'gpp_af': 0.021083548811371228, 'gpp_b': 1.953396042268868e-05, 'gpp_d': 62.67687630713637, 'ign_k': 6.554755589356371, 'ign_c': 80.79707027610516, 'dryanom_half': 1.3015752840549653, 'dry_amp': 0.16631365522165723}. Best is trial 0 with value: 0.6103502735484728.
[I 2026-05-22 17:44:10,657] Trial 343 finished with value: 0.5308418477229014 and parameters: {'k1': 0.07859497746264232, 'D_low': 50.524465677826775, 'k2': 0.05955195357048999, 'D_high': 8902.432306999282, 'fire_exp': 1.5201829327001999, 'P_half': 0.1662275685876971, 'pre_dampen_half': 100.36889197050883, 'gpp_af': 0.016503848619689725, 'gpp_b': 0.00011540208696334506, 'gpp_d': 13.612998402390925, 'ign_k': 0.7332404641902983, 'ign_c': 0.15424341461180863, 'dryanom_half': 0.903609697635524, 'dry_amp': 0.09337210741820985}. Best is trial 0 with value: 0.6103502735484728.
[I 2026-05-22 17:44:11,138] Trial 344 finished with value: 0.5539979944670725 and parameters: {'k1': 0.02162045423053771, 'D_low': 1.3830994930731988, 'k2': 3.153332839115175e-05, 'D_high': 1958.1105546043007, 'fire_exp': 0.38237283061564004, 'P_half': 0.17316396056030803, 'pre_dampen_half': 1.7220208622660422, 'gpp_af': 0.010186249298561633, 'gpp_b': 4.632014733513473e-06, 'gpp_d': 11.866349889393849, 'ign_k': 0.41796040652079725, 'ign_c': 0.8829353336632119, 'dryanom_half': 0.4624251465446205, 'dry_amp': 0.29119902581261203}. Best is trial 0 with value: 0.6103502735484728.
[I 2026-05-22 17:44:11,611] Trial 345 finished with value: 0.3994490055432051 and parameters: {'k1': 0.008738076643614494, 'D_low': 11.458922061491743, 'k2': 8.065721140561735e-05, 'D_high': 3289.2071601492203, 'fire_exp': 0.7885301738769314, 'P_half': 1.4334034824130508, 'pre_dampen_half': 0.3396820257408238, 'gpp_af': 5.77682376001771, 'gpp_b': 0.0005477965046194622, 'gpp_d': 38.50801677343246, 'ign_k': 0.4270936980246015, 'ign_c': 133.64404892867174, 'dryanom_half': 4.70098898167427, 'dry_amp': 0.049153840516643885}. Best is trial 0 with value: 0.6103502735484728.
[I 2026-05-22 17:44:12,088] Trial 346 finished with value: 0.5716971825358955 and parameters: {'k1': 0.03766486657024081, 'D_low': 3.107715170332449, 'k2': 0.06871181286168071, 'D_high': 2770.7045956828115, 'fire_exp': 1.334970145657235, 'P_half': 0.16238120115333415, 'pre_dampen_half': 50.26130895754537, 'gpp_af': 0.03400056334630467, 'gpp_b': 5.013040112189238e-06, 'gpp_d': 0.10831371744897562, 'ign_k': 0.17807177740918428, 'ign_c': 2.2468226035683045, 'dryanom_half': 0.6408137912435317, 'dry_amp': 0.24472398937601983}. Best is trial 0 with value: 0.6103502735484728.
[I 2026-05-22 17:44:12,562] Trial 347 finished with value: 0.5331239310147428 and parameters: {'k1': 0.05382652832990407, 'D_low': 3.654157037754612, 'k2': 0.07145617623382186, 'D_high': 17201.57765689226, 'fire_exp': 2.699056763270044, 'P_half': 0.1070558231972731, 'pre_dampen_half': 4.782610637174627, 'gpp_af': 0.0021904956529937153, 'gpp_b': 0.0001589666798937631, 'gpp_d': 0.8801212626388738, 'ign_k': 0.7941123635238134, 'ign_c': 0.7561032534136075, 'dryanom_half': 2.8574753580552894, 'dry_amp': 0.12077103410465284}. Best is trial 0 with value: 0.6103502735484728.
[I 2026-05-22 17:44:13,040] Trial 348 finished with value: 0.4935255657038681 and parameters: {'k1': 0.0079399719600194, 'D_low': 45.58763226331485, 'k2': 0.016409633282364736, 'D_high': 9023.73958091374, 'fire_exp': 0.8165929633951283, 'P_half': 7503.017045455243, 'pre_dampen_half': 4.320164569672229, 'gpp_af': 0.0010172285902892274, 'gpp_b': 1.460678157925735e-06, 'gpp_d': 0.039566391333097944, 'ign_k': 0.17632568446200494, 'ign_c': 0.40978463570818746, 'dryanom_half': 2.2096864800099754, 'dry_amp': 0.645468054487337}. Best is trial 0 with value: 0.6103502735484728.
[I 2026-05-22 17:44:13,516] Trial 349 finished with value: 0.5561314782184783 and parameters: {'k1': 0.0011720149802611137, 'D_low': 1.4904174845632698, 'k2': 0.0825005279829927, 'D_high': 8530.139924761677, 'fire_exp': 0.9089108046393886, 'P_half': 14.696617470422392, 'pre_dampen_half': 1.1334077512202185, 'gpp_af': 0.02600225112528205, 'gpp_b': 5.1418174550752885e-06, 'gpp_d': 3.5724685524199415, 'ign_k': 0.26953123733776846, 'ign_c': 0.15478269652653914, 'dryanom_half': 5.754096604740647, 'dry_amp': 0.1688584672867005}. Best is trial 0 with value: 0.6103502735484728.
[I 2026-05-22 17:44:13,993] Trial 350 finished with value: 0.5805736748024859 and parameters: {'k1': 0.025188796793719954, 'D_low': 1.7937626930141557, 'k2': 0.0006691681031604044, 'D_high': 499.79922285971344, 'fire_exp': 0.3685164706758434, 'P_half': 1.3503828076674274, 'pre_dampen_half': 0.9744137595852959, 'gpp_af': 0.121644140760598, 'gpp_b': 2.4350302953767056e-05, 'gpp_d': 610.6233079047839, 'ign_k': 1.2753601301732622, 'ign_c': 10.130519659342156, 'dryanom_half': 23.177378405311295, 'dry_amp': 0.12136860211859966}. Best is trial 0 with value: 0.6103502735484728.
[I 2026-05-22 17:44:14,473] Trial 351 finished with value: 0.3994490055432051 and parameters: {'k1': 0.03262923377365605, 'D_low': 61.385771804409735, 'k2': 0.004145313033067578, 'D_high': 14384.14771182189, 'fire_exp': 0.4574678888505294, 'P_half': 6.743151940004108, 'pre_dampen_half': 4.966443992745514, 'gpp_af': 0.1958482161335215, 'gpp_b': 0.03344559487726706, 'gpp_d': 9.134932095971173, 'ign_k': 0.22810809813191088, 'ign_c': 768.2715079483918, 'dryanom_half': 17.170902066336147, 'dry_amp': 0.053438632059318134}. Best is trial 0 with value: 0.6103502735484728.
[I 2026-05-22 17:44:14,965] Trial 352 finished with value: 0.3994490055432051 and parameters: {'k1': 0.0053544647974677895, 'D_low': 4.534270086192218, 'k2': 0.0016803608109233193, 'D_high': 1571.9231077820161, 'fire_exp': 0.393102448592449, 'P_half': 1.356582930257301, 'pre_dampen_half': 1.912864232509955, 'gpp_af': 0.001997873436356661, 'gpp_b': 1.9320516975433387e-06, 'gpp_d': 3.771828823253637, 'ign_k': 2.350597751421142, 'ign_c': 98.00421179165866, 'dryanom_half': 5.207707304341572, 'dry_amp': 0.33771869157185663}. Best is trial 0 with value: 0.6103502735484728.
[I 2026-05-22 17:44:15,447] Trial 353 finished with value: 0.5089904618722801 and parameters: {'k1': 0.008643331943124085, 'D_low': 6.302102472857774, 'k2': 0.001294386810375938, 'D_high': 21459.59527106618, 'fire_exp': 0.7659693447892435, 'P_half': 851.4473458513845, 'pre_dampen_half': 0.11698624337122719, 'gpp_af': 0.0026954786804070734, 'gpp_b': 1.9825389626776024e-06, 'gpp_d': 0.018296523876236676, 'ign_k': 2.091004346386451, 'ign_c': 0.40402441392458266, 'dryanom_half': 24.641603555569386, 'dry_amp': 0.5720723076154532}. Best is trial 0 with value: 0.6103502735484728.
[I 2026-05-22 17:44:15,931] Trial 354 finished with value: 0.5721823512128501 and parameters: {'k1': 0.008968592668373285, 'D_low': 11.648384116028296, 'k2': 0.010729176576306078, 'D_high': 38788.878333475805, 'fire_exp': 0.5906230560093584, 'P_half': 9.757407107354277, 'pre_dampen_half': 0.11411687866691016, 'gpp_af': 4.963514394445771, 'gpp_b': 0.0003161269536688066, 'gpp_d': 97.83134874863237, 'ign_k': 5.108117014350049, 'ign_c': 14.076421269228815, 'dryanom_half': 2.109708472227092, 'dry_amp': 0.2479117234441472}. Best is trial 0 with value: 0.6103502735484728.
[I 2026-05-22 17:44:16,410] Trial 355 finished with value: 0.39113742720656497 and parameters: {'k1': 0.010087194166620954, 'D_low': 1.0735658816752316, 'k2': 0.00020599183388540372, 'D_high': 50.63578317371272, 'fire_exp': 0.5285881369873688, 'P_half': 1.3215389032551395, 'pre_dampen_half': 1.2959010106294921, 'gpp_af': 1.4310152925934496, 'gpp_b': 9.386407831596066e-06, 'gpp_d': 77.44919476600813, 'ign_k': 1.0645829515419507, 'ign_c': 60.63297305255601, 'dryanom_half': 11.659676417999338, 'dry_amp': 0.42948979787363234}. Best is trial 0 with value: 0.6103502735484728.
[I 2026-05-22 17:44:16,896] Trial 356 finished with value: 0.5472833612587957 and parameters: {'k1': 0.007103550557809812, 'D_low': 11.02410567614252, 'k2': 7.474114550473487e-05, 'D_high': 634.7703920509415, 'fire_exp': 0.3591847178680222, 'P_half': 0.8296717304447663, 'pre_dampen_half': 8.342065488833107, 'gpp_af': 0.12426145785477012, 'gpp_b': 2.5158617632153933e-05, 'gpp_d': 196.20840038965088, 'ign_k': 0.798348692835293, 'ign_c': 10.833069190868413, 'dryanom_half': 27.226161928934395, 'dry_amp': 0.060350471315644645}. Best is trial 0 with value: 0.6103502735484728.
[I 2026-05-22 17:44:17,375] Trial 357 finished with value: 0.5465924830867283 and parameters: {'k1': 0.0571641961382884, 'D_low': 72.65075518892272, 'k2': 0.005893877924847927, 'D_high': 2907.1314659127224, 'fire_exp': 0.3535139420533902, 'P_half': 0.5325089871721607, 'pre_dampen_half': 10.228023907679862, 'gpp_af': 0.2087693487244103, 'gpp_b': 5.665278839630488e-05, 'gpp_d': 55.998580441395205, 'ign_k': 0.42522424999995917, 'ign_c': 34.91863039463311, 'dryanom_half': 17.045837574098634, 'dry_amp': 0.13336318571507721}. Best is trial 0 with value: 0.6103502735484728.
[I 2026-05-22 17:44:17,852] Trial 358 finished with value: 0.5351593809390742 and parameters: {'k1': 0.0025151670065205324, 'D_low': 31.114987191079802, 'k2': 0.0005861315243454381, 'D_high': 252.51879066832106, 'fire_exp': 0.39870336789483485, 'P_half': 2.459553843292099, 'pre_dampen_half': 0.4012707202432061, 'gpp_af': 0.032056507371872385, 'gpp_b': 1.6686855668883795e-06, 'gpp_d': 168.79207892177584, 'ign_k': 2.6877377136723704, 'ign_c': 24.743982790807554, 'dryanom_half': 7.728230942263079, 'dry_amp': 0.1864060603324988}. Best is trial 0 with value: 0.6103502735484728.
[I 2026-05-22 17:44:18,339] Trial 359 finished with value: 0.4888876999705684 and parameters: {'k1': 0.007645863244940328, 'D_low': 15.017027330665757, 'k2': 0.0012315261354559563, 'D_high': 1528.2743767518957, 'fire_exp': 3.2252776355939794, 'P_half': 0.41831457477711675, 'pre_dampen_half': 97.54934075836593, 'gpp_af': 0.0032790958472837554, 'gpp_b': 7.884641540832426e-05, 'gpp_d': 9.162639796489078, 'ign_k': 4.933007789275202, 'ign_c': 22.32077000102176, 'dryanom_half': 0.3308405159584913, 'dry_amp': 0.18617129106679325}. Best is trial 0 with value: 0.6103502735484728.
[I 2026-05-22 17:44:18,813] Trial 360 finished with value: 0.3994490055432051 and parameters: {'k1': 0.06897516025721305, 'D_low': 1.061543142062919, 'k2': 3.3912615718772676e-05, 'D_high': 711.3711263526355, 'fire_exp': 0.5775387149547468, 'P_half': 135.9629886051304, 'pre_dampen_half': 13.303837765586383, 'gpp_af': 1.612374053989365, 'gpp_b': 2.625136538544533e-06, 'gpp_d': 94.86533599084227, 'ign_k': 0.3439924173002192, 'ign_c': 617.024700326777, 'dryanom_half': 15.573998222709996, 'dry_amp': 0.7906099032426221}. Best is trial 0 with value: 0.6103502735484728.
[I 2026-05-22 17:44:19,293] Trial 361 finished with value: 0.5705205242828778 and parameters: {'k1': 0.039535463439320434, 'D_low': 8.848836552589903, 'k2': 9.222432525739131e-05, 'D_high': 79.4228124823718, 'fire_exp': 0.5393461370231019, 'P_half': 0.6734745376026435, 'pre_dampen_half': 45.93615746943765, 'gpp_af': 0.07666461097406158, 'gpp_b': 2.205852867863694e-06, 'gpp_d': 82.50823451326559, 'ign_k': 0.34430216889808896, 'ign_c': 17.736840329561296, 'dryanom_half': 3.0330699803585386, 'dry_amp': 0.3621369615098943}. Best is trial 0 with value: 0.6103502735484728.
[I 2026-05-22 17:44:19,798] Trial 362 finished with value: 0.5537138165358221 and parameters: {'k1': 0.005695926276663491, 'D_low': 3.342101145688067, 'k2': 0.006001397525524438, 'D_high': 48631.77154925409, 'fire_exp': 1.6772143922164957, 'P_half': 4.524650933081347, 'pre_dampen_half': 1.7070488159769133, 'gpp_af': 0.0031672163863756876, 'gpp_b': 2.8668196434722726e-06, 'gpp_d': 0.09139302565404442, 'ign_k': 0.3979818952790533, 'ign_c': 0.1207739344152047, 'dryanom_half': 7.828243455769646, 'dry_amp': 0.24540982367961497}. Best is trial 0 with value: 0.6103502735484728.
[I 2026-05-22 17:44:20,321] Trial 363 finished with value: 0.5894946912745622 and parameters: {'k1': 0.004287670042061319, 'D_low': 72.00222023701099, 'k2': 0.0019067740559465284, 'D_high': 1062.9633610144117, 'fire_exp': 0.602693116616174, 'P_half': 802.1487302712657, 'pre_dampen_half': 46.51784398190125, 'gpp_af': 0.02009759220955634, 'gpp_b': 2.271951809461686e-06, 'gpp_d': 0.387871326329084, 'ign_k': 3.2025977745684457, 'ign_c': 22.17894927924989, 'dryanom_half': 113.66764640858682, 'dry_amp': 0.18761828277537795}. Best is trial 0 with value: 0.6103502735484728.
[I 2026-05-22 17:44:20,812] Trial 364 finished with value: 0.5818904869205409 and parameters: {'k1': 0.0008006049133021211, 'D_low': 27.53789322102389, 'k2': 0.00990166891557051, 'D_high': 729.3785812465604, 'fire_exp': 0.5810994731088674, 'P_half': 668.4039362364819, 'pre_dampen_half': 147.9743021565095, 'gpp_af': 0.009470996790714675, 'gpp_b': 4.288968030855833e-06, 'gpp_d': 0.1122974030504998, 'ign_k': 1.5984135961472712, 'ign_c': 19.57893365898341, 'dryanom_half': 18.309779228514678, 'dry_amp': 0.3381201923938346}. Best is trial 0 with value: 0.6103502735484728.
[I 2026-05-22 17:44:21,297] Trial 365 finished with value: 0.5308092856635265 and parameters: {'k1': 6.397132241680742e-05, 'D_low': 181.5607785240248, 'k2': 0.004948301005151607, 'D_high': 131.46868381257866, 'fire_exp': 0.3967579655176825, 'P_half': 572.8541582921268, 'pre_dampen_half': 48.26236189745766, 'gpp_af': 0.062032739383953, 'gpp_b': 7.511395012753188e-05, 'gpp_d': 0.034017722517726376, 'ign_k': 0.42587987617062095, 'ign_c': 5.473267179130985, 'dryanom_half': 19.368788352153185, 'dry_amp': 0.21661042961128846}. Best is trial 0 with value: 0.6103502735484728.
[I 2026-05-22 17:44:21,775] Trial 366 finished with value: 0.4758975068378855 and parameters: {'k1': 0.0008913685425696691, 'D_low': 638.5238507309759, 'k2': 0.012359800710597958, 'D_high': 1035.7364108210566, 'fire_exp': 0.5423456036886167, 'P_half': 119.5252206385068, 'pre_dampen_half': 363.16277046911637, 'gpp_af': 0.006195679822513082, 'gpp_b': 4.187738852021938e-06, 'gpp_d': 0.05523334861070488, 'ign_k': 2.796605976970323, 'ign_c': 28.81567128443564, 'dryanom_half': 44.807270044359825, 'dry_amp': 0.4032549901207234}. Best is trial 0 with value: 0.6103502735484728.
[I 2026-05-22 17:44:22,250] Trial 367 finished with value: 0.5536566307567317 and parameters: {'k1': 0.0010564900345489394, 'D_low': 8.128330463266039, 'k2': 0.0005471248121287819, 'D_high': 23.966869350645517, 'fire_exp': 0.47508612300369407, 'P_half': 78.37432000224354, 'pre_dampen_half': 1.9296023786622554, 'gpp_af': 0.010233747338714821, 'gpp_b': 4.325344087990606e-06, 'gpp_d': 3.252770706565528, 'ign_k': 0.9971666369980351, 'ign_c': 1.6483745030824892, 'dryanom_half': 2.2701377737014536, 'dry_amp': 0.1291901302705899}. Best is trial 0 with value: 0.6103502735484728.
[I 2026-05-22 17:44:22,725] Trial 368 finished with value: 0.3994490055432051 and parameters: {'k1': 0.0008752281517599313, 'D_low': 18.13015243535836, 'k2': 0.0060487028249898754, 'D_high': 15.72890548459498, 'fire_exp': 0.640948866189988, 'P_half': 165.86261079462602, 'pre_dampen_half': 368.3535797418346, 'gpp_af': 0.025985934471597933, 'gpp_b': 6.442924100935695e-06, 'gpp_d': 0.18131289888731258, 'ign_k': 3.8594586109320472, 'ign_c': 63.76826889946769, 'dryanom_half': 5.702870144615372, 'dry_amp': 0.3422267129570083}. Best is trial 0 with value: 0.6103502735484728.
[I 2026-05-22 17:44:23,202] Trial 369 finished with value: 0.44088939032473323 and parameters: {'k1': 0.001304782635309701, 'D_low': 156.22502709015671, 'k2': 0.0022611757683546766, 'D_high': 825.4603528986008, 'fire_exp': 0.6727980626548439, 'P_half': 730.6606128219935, 'pre_dampen_half': 62.929759299119176, 'gpp_af': 0.029746655649270055, 'gpp_b': 5.969850849166117e-06, 'gpp_d': 0.20161376443528983, 'ign_k': 4.005053450034831, 'ign_c': 29.420630761618003, 'dryanom_half': 430.5436317449816, 'dry_amp': 0.17203992947485153}. Best is trial 0 with value: 0.6103502735484728.
[I 2026-05-22 17:44:23,676] Trial 370 finished with value: 0.43847592754139597 and parameters: {'k1': 0.08250361035175088, 'D_low': 2.7780457037860202, 'k2': 0.039187418119677644, 'D_high': 1547.0552197189759, 'fire_exp': 0.4056949410270772, 'P_half': 0.8121912241514023, 'pre_dampen_half': 0.03225167257346447, 'gpp_af': 0.24420573898996945, 'gpp_b': 0.023422756113630733, 'gpp_d': 829.50710614441, 'ign_k': 1.8666479128643416, 'ign_c': 39.3077010540121, 'dryanom_half': 96.53121535590886, 'dry_amp': 0.2230817091606201}. Best is trial 0 with value: 0.6103502735484728.
[I 2026-05-22 17:44:24,152] Trial 371 finished with value: 0.3994490055432051 and parameters: {'k1': 0.00793966143261063, 'D_low': 86.1930706763781, 'k2': 0.007227724566880098, 'D_high': 631.1276548583212, 'fire_exp': 0.5838156529339319, 'P_half': 1676.847866838043, 'pre_dampen_half': 6.9852546578654, 'gpp_af': 0.06398541044936021, 'gpp_b': 9.888822321205108e-05, 'gpp_d': 0.07396127359231539, 'ign_k': 8.943893385897606, 'ign_c': 71.51921690925161, 'dryanom_half': 9.733042177908693, 'dry_amp': 0.13619793197513208}. Best is trial 0 with value: 0.6103502735484728.
[I 2026-05-22 17:44:24,627] Trial 372 finished with value: 0.5318861744535716 and parameters: {'k1': 5.243454580821901e-05, 'D_low': 11.707300358923796, 'k2': 0.010576046031250882, 'D_high': 3440.838891142356, 'fire_exp': 0.8847788143131595, 'P_half': 268.3828374912911, 'pre_dampen_half': 684.8490528232794, 'gpp_af': 0.009014265603547579, 'gpp_b': 8.10181276286182e-06, 'gpp_d': 0.23576527858918978, 'ign_k': 4.152930885649604, 'ign_c': 0.6437063364822021, 'dryanom_half': 13.318167820724248, 'dry_amp': 0.054093104753455745}. Best is trial 0 with value: 0.6103502735484728.
[I 2026-05-22 17:44:25,106] Trial 373 finished with value: 0.48163274596990596 and parameters: {'k1': 0.021037505303067656, 'D_low': 2.2658977139136462, 'k2': 0.001966060158028729, 'D_high': 7298.409049012088, 'fire_exp': 1.9761683773963514, 'P_half': 612.3549194453688, 'pre_dampen_half': 0.6996109208434306, 'gpp_af': 0.0023417036847389835, 'gpp_b': 2.722178388235595e-06, 'gpp_d': 1.028662246476022, 'ign_k': 0.45711123758368855, 'ign_c': 0.15960012981649285, 'dryanom_half': 119.94795319461677, 'dry_amp': 0.2577317337882158}. Best is trial 0 with value: 0.6103502735484728.
[I 2026-05-22 17:44:25,586] Trial 374 finished with value: 0.3994490055432051 and parameters: {'k1': 0.0007719497659491544, 'D_low': 3.082738597414482, 'k2': 0.0009263597034459948, 'D_high': 1380.3510607944988, 'fire_exp': 1.329361271512045, 'P_half': 297.91309449504143, 'pre_dampen_half': 523.8392271398901, 'gpp_af': 0.0030795516818770676, 'gpp_b': 2.7762008602689244e-06, 'gpp_d': 0.04507384202338815, 'ign_k': 1.7155901730222256, 'ign_c': 83.75602635878752, 'dryanom_half': 27.350851318145022, 'dry_amp': 0.4257172610870557}. Best is trial 0 with value: 0.6103502735484728.
[I 2026-05-22 17:44:26,067] Trial 375 finished with value: 0.5057845562799556 and parameters: {'k1': 0.01888388744355278, 'D_low': 3.356836679564334, 'k2': 0.0021672314139449, 'D_high': 6508.371401429753, 'fire_exp': 1.3970177041623606, 'P_half': 21.529695815227413, 'pre_dampen_half': 0.0701878872058326, 'gpp_af': 0.012304798172771272, 'gpp_b': 1.2415860150347166e-06, 'gpp_d': 11.936306025433575, 'ign_k': 0.07577015405416086, 'ign_c': 0.5951808263951798, 'dryanom_half': 0.6058436719791999, 'dry_amp': 0.18772411298105393}. Best is trial 0 with value: 0.6103502735484728.
[I 2026-05-22 17:44:26,547] Trial 376 finished with value: 0.46237499689525696 and parameters: {'k1': 0.020691754379780384, 'D_low': 2.4620525372566298, 'k2': 0.06174029235717333, 'D_high': 20021.401306034488, 'fire_exp': 4.816289514928341, 'P_half': 0.21832931054807164, 'pre_dampen_half': 0.09534314211108393, 'gpp_af': 0.006890531728126845, 'gpp_b': 4.902620357617114e-06, 'gpp_d': 2.1855545920986423, 'ign_k': 0.06693449074222846, 'ign_c': 0.12487100033945361, 'dryanom_half': 0.36430361554836493, 'dry_amp': 0.1165532254509076}. Best is trial 0 with value: 0.6103502735484728.
[I 2026-05-22 17:44:27,027] Trial 377 finished with value: 0.5893558901830289 and parameters: {'k1': 0.00037727061354326223, 'D_low': 8.180176630754454, 'k2': 0.011019193245598295, 'D_high': 1640.6949574414477, 'fire_exp': 0.47279211041092895, 'P_half': 97.46524040014694, 'pre_dampen_half': 20.05041604876087, 'gpp_af': 0.040045317257182925, 'gpp_b': 1.0350319560984339e-05, 'gpp_d': 0.03008089640312771, 'ign_k': 4.103526073677003, 'ign_c': 13.893740976464711, 'dryanom_half': 4.35801696796601, 'dry_amp': 0.16827307425127783}. Best is trial 0 with value: 0.6103502735484728.
[I 2026-05-22 17:44:27,503] Trial 378 finished with value: 0.539678770815099 and parameters: {'k1': 0.00022674553799637256, 'D_low': 11.750658583765745, 'k2': 0.037204166904076554, 'D_high': 1254.7353045468676, 'fire_exp': 0.41184514991563964, 'P_half': 167.89525792027015, 'pre_dampen_half': 85.72351908450587, 'gpp_af': 0.015552854134385086, 'gpp_b': 0.016538353568729822, 'gpp_d': 0.12877008931725678, 'ign_k': 8.794370089319159, 'ign_c': 23.252137935952035, 'dryanom_half': 11.668831591165127, 'dry_amp': 0.09590874362314883}. Best is trial 0 with value: 0.6103502735484728.
