[I 2026-05-22 18:09:21,759] Trial 389 finished with value: 0.5907211366075741 and parameters: {'P_amp': 0.007620358863962676, 'P_wet': 5855.0834770301335, 'P_pow': 0.37361362747125315, 'WG_amp': 0.12725293010945904, 'WG_Phalf': 420.48712095615514, 'WG_k': 5.7127718340569364, 'WG_c': 0.29715544207773203, 'rain_shift': 2.190388229020397, 'ign_k': 0.9385371602326592, 'rate_power': 0.8836728378459284}. Best is trial 209 with value: 0.6108097453057891.
[I 2026-05-22 18:09:22,228] Trial 390 finished with value: 0.5336479435886196 and parameters: {'P_amp': 0.36206665684028166, 'P_wet': 1464.5485662651806, 'P_pow': 3.96902359243762, 'WG_amp': 0.17568740875651878, 'WG_Phalf': 446.49928855883576, 'WG_k': 0.19268809684126162, 'WG_c': 0.0001035501388355543, 'rain_shift': 9.800839248895102, 'ign_k': 0.1123623788255642, 'rate_power': 1.1324352920565632}. Best is trial 209 with value: 0.6108097453057891.
[I 2026-05-22 18:09:22,694] Trial 391 finished with value: 0.595739470605261 and parameters: {'P_amp': 0.11826843454970296, 'P_wet': 2304.9866422442283, 'P_pow': 0.4214509734439628, 'WG_amp': 0.22712664898066648, 'WG_Phalf': 341.5818693976662, 'WG_k': 37.32875280940025, 'WG_c': 0.6218501119610448, 'rain_shift': 2.257469660546927, 'ign_k': 0.4930056451711879, 'rate_power': 0.9175484548509839}. Best is trial 209 with value: 0.6108097453057891.
[I 2026-05-22 18:09:23,159] Trial 392 finished with value: 0.5920573123881904 and parameters: {'P_amp': 0.09445999346293146, 'P_wet': 921.6045824805079, 'P_pow': 1.8968061759764916, 'WG_amp': 0.37361502463785135, 'WG_Phalf': 227.7412835150434, 'WG_k': 1.8768571928213573, 'WG_c': 0.763259068729575, 'rain_shift': 1.0040373314305218, 'ign_k': 0.9119083240423733, 'rate_power': 1.2146486586919925}. Best is trial 209 with value: 0.6108097453057891.
[I 2026-05-22 18:09:23,624] Trial 393 finished with value: 0.6039934890435718 and parameters: {'P_amp': 0.49801626664092263, 'P_wet': 2126.8744714079753, 'P_pow': 3.809257742642455, 'WG_amp': 0.34928639026463476, 'WG_Phalf': 121.51723581360633, 'WG_k': 11.731734945040072, 'WG_c': 2.291520831274542, 'rain_shift': 1.979455608620896, 'ign_k': 0.46089086088362546, 'rate_power': 0.8974137771545075}. Best is trial 209 with value: 0.6108097453057891.
[I 2026-05-22 18:09:24,092] Trial 394 finished with value: 0.5998948952412864 and parameters: {'P_amp': 0.3289748616188194, 'P_wet': 2197.322956901226, 'P_pow': 5.365770281056427, 'WG_amp': 0.8100410295439968, 'WG_Phalf': 997.9225215109266, 'WG_k': 3.794443596002091, 'WG_c': 0.035368324765935405, 'rain_shift': 0.5135376760362196, 'ign_k': 0.5581637612577595, 'rate_power': 0.9949455544218831}. Best is trial 209 with value: 0.6108097453057891.
[I 2026-05-22 18:09:24,563] Trial 395 finished with value: 0.591429339607417 and parameters: {'P_amp': 0.635637199307784, 'P_wet': 3567.0815942375984, 'P_pow': 0.802693504301637, 'WG_amp': 0.37663754257789217, 'WG_Phalf': 107.33554251771662, 'WG_k': 6.278210416222136, 'WG_c': 0.5552897856589146, 'rain_shift': 0.7085918913665712, 'ign_k': 0.31292334293968077, 'rate_power': 1.0149229398701078}. Best is trial 209 with value: 0.6108097453057891.
[I 2026-05-22 18:09:25,037] Trial 396 finished with value: 0.5842520848238006 and parameters: {'P_amp': 0.2894032341464078, 'P_wet': 5403.225271699977, 'P_pow': 4.753658717357848, 'WG_amp': 0.783447815173263, 'WG_Phalf': 263.83201885147463, 'WG_k': 74.94310112042571, 'WG_c': 0.5617195672678686, 'rain_shift': 1.8705596856906586, 'ign_k': 0.7604253173741995, 'rate_power': 1.1699798340191592}. Best is trial 209 with value: 0.6108097453057891.
[I 2026-05-22 18:09:25,510] Trial 397 finished with value: 0.5884388272609867 and parameters: {'P_amp': 0.0011473707589669951, 'P_wet': 5377.7403882784065, 'P_pow': 0.6266179285894515, 'WG_amp': 0.024974150679916728, 'WG_Phalf': 3462.361523342601, 'WG_k': 79.46552879380162, 'WG_c': 9.19295418503529, 'rain_shift': 2.1083180660056318, 'ign_k': 0.7519439132817427, 'rate_power': 1.0546415163562464}. Best is trial 209 with value: 0.6108097453057891.
[I 2026-05-22 18:09:25,989] Trial 398 finished with value: 0.6017142049215222 and parameters: {'P_amp': 0.8177052264838257, 'P_wet': 3184.478478138679, 'P_pow': 2.855730920278229, 'WG_amp': 0.34694119934724066, 'WG_Phalf': 111.162745318434, 'WG_k': 42.91457037685551, 'WG_c': 0.6401665750291174, 'rain_shift': 1.489890869373844, 'ign_k': 0.6940304778173948, 'rate_power': 1.0135688078170506}. Best is trial 209 with value: 0.6108097453057891.
[I 2026-05-22 18:09:26,456] Trial 399 finished with value: 0.5590613152851389 and parameters: {'P_amp': 0.8920963698616309, 'P_wet': 1309.1336502563743, 'P_pow': 1.9430571652287645, 'WG_amp': 0.0994051374217873, 'WG_Phalf': 4167.404405939385, 'WG_k': 1.2072904836900218, 'WG_c': 9.229266890593554, 'rain_shift': 4.0153095650278, 'ign_k': 0.4593172174272883, 'rate_power': 0.8310229704516992}. Best is trial 209 with value: 0.6108097453057891.
[I 2026-05-22 18:09:26,915] Trial 400 finished with value: 0.5586921559962492 and parameters: {'P_amp': 0.15749813524210182, 'P_wet': 4710.32016577497, 'P_pow': 3.146640629793269, 'WG_amp': 0.4556469072458284, 'WG_Phalf': 2559.8985347821135, 'WG_k': 34.064074079158104, 'WG_c': 0.00033693705233442135, 'rain_shift': 6.826995627429788, 'ign_k': 0.0522127567730585, 'rate_power': 1.0483529820887802}. Best is trial 209 with value: 0.6108097453057891.
[I 2026-05-22 18:09:27,373] Trial 401 finished with value: 0.5845769741455931 and parameters: {'P_amp': 0.2819026258311235, 'P_wet': 1676.138404028187, 'P_pow': 1.493011211025916, 'WG_amp': 0.8322414637341364, 'WG_Phalf': 1629.2396543498287, 'WG_k': 0.039802490992840014, 'WG_c': 0.003773170878533247, 'rain_shift': 0.6891918145894778, 'ign_k': 1.178951994957779, 'rate_power': 1.2423365497578311}. Best is trial 209 with value: 0.6108097453057891.
[I 2026-05-22 18:09:27,830] Trial 402 finished with value: 0.6054179456807046 and parameters: {'P_amp': 0.03460702030740661, 'P_wet': 5560.898160222856, 'P_pow': 2.1554841334038346, 'WG_amp': 0.05315986307152407, 'WG_Phalf': 179.33217020358248, 'WG_k': 24.782965628890096, 'WG_c': 0.1339000817460471, 'rain_shift': 0.5013370762677267, 'ign_k': 1.8036419873480196, 'rate_power': 1.0885767430063626}. Best is trial 209 with value: 0.6108097453057891.
[I 2026-05-22 18:09:28,287] Trial 403 finished with value: 0.5266264061819587 and parameters: {'P_amp': 0.8177763750242135, 'P_wet': 4232.530463768012, 'P_pow': 2.2805831436844985, 'WG_amp': 0.4961920946805665, 'WG_Phalf': 334.6416983633873, 'WG_k': 9.588264602571174, 'WG_c': 0.3553887761100663, 'rain_shift': 9.911418320647687, 'ign_k': 0.2749810085265525, 'rate_power': 1.1416084268655018}. Best is trial 209 with value: 0.6108097453057891.
[I 2026-05-22 18:09:28,750] Trial 404 finished with value: 0.5859977443189024 and parameters: {'P_amp': 0.024372158548388357, 'P_wet': 2191.7537146204427, 'P_pow': 0.29827096455609386, 'WG_amp': 0.05776762207225124, 'WG_Phalf': 1740.9190376411495, 'WG_k': 12.063297866142108, 'WG_c': 0.11176077707745442, 'rain_shift': 3.3732166777015085, 'ign_k': 0.3472481430533798, 'rate_power': 0.8778999777692529}. Best is trial 209 with value: 0.6108097453057891.
[I 2026-05-22 18:09:29,212] Trial 405 finished with value: 0.5261200756584955 and parameters: {'P_amp': 0.09169082805313383, 'P_wet': 593.4595857268565, 'P_pow': 3.7223898631410046, 'WG_amp': 0.8072161245701116, 'WG_Phalf': 134.62456857356156, 'WG_k': 0.04947545233227679, 'WG_c': 0.00462453302226619, 'rain_shift': 3.8399440128628646, 'ign_k': 0.10661798500700129, 'rate_power': 1.198867954984055}. Best is trial 209 with value: 0.6108097453057891.
[I 2026-05-22 18:09:29,671] Trial 406 finished with value: 0.5321352491971338 and parameters: {'P_amp': 0.5734005097497676, 'P_wet': 5764.318997965535, 'P_pow': 5.1151133422120125, 'WG_amp': 0.2540288489652499, 'WG_Phalf': 2072.3393110788197, 'WG_k': 0.20469211677752583, 'WG_c': 1.5438053339637992, 'rain_shift': 7.666230498258515, 'ign_k': 0.7244757111922238, 'rate_power': 1.1813835320639474}. Best is trial 209 with value: 0.6108097453057891.
[I 2026-05-22 18:09:30,135] Trial 407 finished with value: 0.6081966967565607 and parameters: {'P_amp': 0.2736502491923444, 'P_wet': 5457.1553759050685, 'P_pow': 1.6663097483163376, 'WG_amp': 0.4548595018649332, 'WG_Phalf': 808.1538545785698, 'WG_k': 9.160371238718502, 'WG_c': 0.24746726347762385, 'rain_shift': 1.2581284853337213, 'ign_k': 0.5422120507252974, 'rate_power': 0.7973115593851575}. Best is trial 209 with value: 0.6108097453057891.
[I 2026-05-22 18:09:30,597] Trial 408 finished with value: 0.5972872757521405 and parameters: {'P_amp': 0.1947119836081075, 'P_wet': 4748.432536658458, 'P_pow': 1.2481672817904286, 'WG_amp': 0.3603149028272582, 'WG_Phalf': 805.3468239606209, 'WG_k': 28.144879275374446, 'WG_c': 0.07111509213493347, 'rain_shift': 2.2354229242415973, 'ign_k': 0.39527347959226866, 'rate_power': 0.8386741206557073}. Best is trial 209 with value: 0.6108097453057891.
[I 2026-05-22 18:09:31,055] Trial 409 finished with value: 0.5986934892127247 and parameters: {'P_amp': 0.10222841635492126, 'P_wet': 1006.8286062723839, 'P_pow': 2.3469083237159767, 'WG_amp': 0.5881609538800144, 'WG_Phalf': 1407.2182244741095, 'WG_k': 57.35259388952426, 'WG_c': 7.07915895141299, 'rain_shift': 0.9771006040692265, 'ign_k': 1.3034301881382675, 'rate_power': 1.1647838088028724}. Best is trial 209 with value: 0.6108097453057891.
[I 2026-05-22 18:09:31,521] Trial 410 finished with value: 0.5188697975698822 and parameters: {'P_amp': 0.8983040204833193, 'P_wet': 1223.9581289011246, 'P_pow': 5.249567845024927, 'WG_amp': 0.2318927472916414, 'WG_Phalf': 370.02706896677853, 'WG_k': 1.309191551385659, 'WG_c': 0.01131930352001324, 'rain_shift': 8.146258814413258, 'ign_k': 0.21225637812980597, 'rate_power': 1.11894450747486}. Best is trial 209 with value: 0.6108097453057891.
[I 2026-05-22 18:09:31,985] Trial 411 finished with value: 0.5985808106171633 and parameters: {'P_amp': 0.32462364217392814, 'P_wet': 4996.931900122849, 'P_pow': 1.0001197302016882, 'WG_amp': 0.4623741521449314, 'WG_Phalf': 752.4695676428197, 'WG_k': 11.248506389220292, 'WG_c': 0.0381394749905958, 'rain_shift': 1.0089824649799974, 'ign_k': 1.393497372040742, 'rate_power': 0.8682214847394446}. Best is trial 209 with value: 0.6108097453057891.
[I 2026-05-22 18:09:32,450] Trial 412 finished with value: 0.6031450443146855 and parameters: {'P_amp': 0.11079177185822539, 'P_wet': 4069.9268498832316, 'P_pow': 5.817593962289145, 'WG_amp': 0.556818860795441, 'WG_Phalf': 398.78027205976537, 'WG_k': 4.284906238866205, 'WG_c': 1.5953014184724037, 'rain_shift': 1.9952482616500133, 'ign_k': 0.35368025575689305, 'rate_power': 0.7200688790455403}. Best is trial 209 with value: 0.6108097453057891.
[I 2026-05-22 18:09:32,916] Trial 413 finished with value: 0.572328241832204 and parameters: {'P_amp': 0.31760436588151675, 'P_wet': 4714.421084916139, 'P_pow': 2.1385366758654314, 'WG_amp': 0.3493389583277637, 'WG_Phalf': 866.891680148992, 'WG_k': 69.12981725311404, 'WG_c': 0.2611274501468715, 'rain_shift': 0.48011309314673356, 'ign_k': 0.22812684910073247, 'rate_power': 0.7032811336591422}. Best is trial 209 with value: 0.6108097453057891.
[I 2026-05-22 18:09:33,388] Trial 414 finished with value: 0.5727194716775034 and parameters: {'P_amp': 0.6013088011440519, 'P_wet': 2870.747450445282, 'P_pow': 0.8751618543855435, 'WG_amp': 0.021146353828619804, 'WG_Phalf': 1048.0845695973392, 'WG_k': 2.847372812626111, 'WG_c': 2.1208472530775895, 'rain_shift': 1.7186863778167538, 'ign_k': 0.7226644291953008, 'rate_power': 1.2512339622681092}. Best is trial 209 with value: 0.6108097453057891.
[I 2026-05-22 18:09:33,846] Trial 415 finished with value: 0.597009166504739 and parameters: {'P_amp': 0.3818046678451611, 'P_wet': 5346.353579625586, 'P_pow': 2.519889613150103, 'WG_amp': 0.5387987925954326, 'WG_Phalf': 186.43095456833396, 'WG_k': 40.08390290443979, 'WG_c': 0.4128700659998305, 'rain_shift': 1.0242414773840118, 'ign_k': 1.8283034143657333, 'rate_power': 1.1063702641845328}. Best is trial 209 with value: 0.6108097453057891.
[I 2026-05-22 18:09:34,313] Trial 416 finished with value: 0.5762508474722873 and parameters: {'P_amp': 0.3487395589328716, 'P_wet': 2984.370439929273, 'P_pow': 1.1140624364634348, 'WG_amp': 0.6281959337868732, 'WG_Phalf': 791.3448392965748, 'WG_k': 4.124097828461509, 'WG_c': 0.24884354102152942, 'rain_shift': 2.7216480995615324, 'ign_k': 0.9010010417867534, 'rate_power': 0.8123195559229588}. Best is trial 209 with value: 0.6108097453057891.
[I 2026-05-22 18:09:34,778] Trial 417 finished with value: 0.5741636380754329 and parameters: {'P_amp': 0.12932521423250082, 'P_wet': 3205.0908800778034, 'P_pow': 3.397866132652727, 'WG_amp': 0.39326065392790766, 'WG_Phalf': 195.40770927812656, 'WG_k': 55.133167994952004, 'WG_c': 1.0148172565549498, 'rain_shift': 3.367225318928095, 'ign_k': 0.9118478081586109, 'rate_power': 0.8874827187147064}. Best is trial 209 with value: 0.6108097453057891.
[I 2026-05-22 18:09:35,242] Trial 418 finished with value: 0.5123256206214193 and parameters: {'P_amp': 0.6755229685405368, 'P_wet': 379.74803680579123, 'P_pow': 2.9369820213713007, 'WG_amp': 0.6623231357967727, 'WG_Phalf': 1758.046975460599, 'WG_k': 3.497499298433083, 'WG_c': 0.14752640434122843, 'rain_shift': 9.28193224998112, 'ign_k': 0.39134960032792565, 'rate_power': 0.7468999333327682}. Best is trial 209 with value: 0.6108097453057891.
[I 2026-05-22 18:09:35,700] Trial 419 finished with value: 0.6067213510355156 and parameters: {'P_amp': 0.06771240167514646, 'P_wet': 4709.601406738866, 'P_pow': 2.5037549724991597, 'WG_amp': 0.3372358827809276, 'WG_Phalf': 207.23657410597824, 'WG_k': 20.96559008313526, 'WG_c': 1.3734070192559986, 'rain_shift': 0.05503807420497042, 'ign_k': 0.5816675821819809, 'rate_power': 1.20550023786776}. Best is trial 209 with value: 0.6108097453057891.
[I 2026-05-22 18:09:36,163] Trial 420 finished with value: 0.5873137830162554 and parameters: {'P_amp': 0.24698955462812822, 'P_wet': 3875.373201764888, 'P_pow': 1.8760523450537832, 'WG_amp': 0.4940079894339756, 'WG_Phalf': 1444.7344284977078, 'WG_k': 6.6829507533675905, 'WG_c': 0.1067776289080466, 'rain_shift': 0.10585255445428987, 'ign_k': 0.6297587363045454, 'rate_power': 0.7316640444264243}. Best is trial 209 with value: 0.6108097453057891.
[I 2026-05-22 18:09:36,623] Trial 421 finished with value: 0.47653402673651274 and parameters: {'P_amp': 0.7834467894642748, 'P_wet': 450.95718796587533, 'P_pow': 2.9636355796936016, 'WG_amp': 0.5115291230257323, 'WG_Phalf': 136.0977964004974, 'WG_k': 11.532610217731714, 'WG_c': 0.00024611321179512913, 'rain_shift': 7.474616797610727, 'ign_k': 0.24545263471167145, 'rate_power': 1.1834473676868478}. Best is trial 209 with value: 0.6108097453057891.
[I 2026-05-22 18:09:37,091] Trial 422 finished with value: 0.6044758033173869 and parameters: {'P_amp': 0.12985798078964228, 'P_wet': 4069.5433357438087, 'P_pow': 0.7381517277389675, 'WG_amp': 0.45713937481660005, 'WG_Phalf': 338.667317409084, 'WG_k': 1.355566743188186, 'WG_c': 3.049889307063167, 'rain_shift': 0.9899515909299605, 'ign_k': 0.6480841342312396, 'rate_power': 0.7251436177923468}. Best is trial 209 with value: 0.6108097453057891.
[I 2026-05-22 18:09:37,551] Trial 423 finished with value: 0.5548164146973044 and parameters: {'P_amp': 0.7390310305519139, 'P_wet': 1378.7592609738401, 'P_pow': 5.68478242078511, 'WG_amp': 0.5411020989003681, 'WG_Phalf': 2441.258799530846, 'WG_k': 25.400500980535753, 'WG_c': 0.0004901474556622759, 'rain_shift': 2.2743825081376596, 'ign_k': 0.056256960351028625, 'rate_power': 1.0214803975337445}. Best is trial 209 with value: 0.6108097453057891.
[I 2026-05-22 18:09:38,036] Trial 424 finished with value: 0.5309616688045948 and parameters: {'P_amp': 0.33501158211236326, 'P_wet': 1934.444388283997, 'P_pow': 2.3200380304408696, 'WG_amp': 0.08607509712259659, 'WG_Phalf': 3988.419984807885, 'WG_k': 73.83123496880765, 'WG_c': 0.5681032041955536, 'rain_shift': 7.6748471311949675, 'ign_k': 0.7091765993260541, 'rate_power': 1.1720101176773716}. Best is trial 209 with value: 0.6108097453057891.
[I 2026-05-22 18:09:38,511] Trial 425 finished with value: 0.6034757688758848 and parameters: {'P_amp': 0.053858815032082556, 'P_wet': 3666.9151826654534, 'P_pow': 2.605376615698346, 'WG_amp': 0.16443447924817212, 'WG_Phalf': 108.11601284197896, 'WG_k': 5.393685939143518, 'WG_c': 0.7264108083927991, 'rain_shift': 0.5342446509998133, 'ign_k': 0.39232536614390107, 'rate_power': 1.1218748332930666}. Best is trial 209 with value: 0.6108097453057891.
[I 2026-05-22 18:09:38,984] Trial 426 finished with value: 0.5684232074463078 and parameters: {'P_amp': 0.2451892562302667, 'P_wet': 3033.522034928032, 'P_pow': 3.0139203417170792, 'WG_amp': 0.40537885613970215, 'WG_Phalf': 584.5555110009852, 'WG_k': 0.4683416712009782, 'WG_c': 0.3247451515775376, 'rain_shift': 0.9769781531699093, 'ign_k': 0.12096936066844538, 'rate_power': 0.7256154153418355}. Best is trial 209 with value: 0.6108097453057891.
[I 2026-05-22 18:09:39,452] Trial 427 finished with value: 0.6005202744971498 and parameters: {'P_amp': 0.0348184490954772, 'P_wet': 447.2800021196814, 'P_pow': 3.3879262362981377, 'WG_amp': 0.13456330345993733, 'WG_Phalf': 1225.4356402226324, 'WG_k': 19.075110267816704, 'WG_c': 0.08983647095316388, 'rain_shift': 1.051083052336606, 'ign_k': 1.107798266122678, 'rate_power': 1.053680374475084}. Best is trial 209 with value: 0.6108097453057891.
[I 2026-05-22 18:09:39,918] Trial 428 finished with value: 0.5709922346024024 and parameters: {'P_amp': 0.1277898330538258, 'P_wet': 4269.389043575611, 'P_pow': 0.4428033282658159, 'WG_amp': 0.15104519028352537, 'WG_Phalf': 520.8807269860686, 'WG_k': 4.1661676992642045, 'WG_c': 0.7450350196605043, 'rain_shift': 0.04297818056461855, 'ign_k': 0.24567984737920517, 'rate_power': 0.7468019015554924}. Best is trial 209 with value: 0.6108097453057891.
[I 2026-05-22 18:09:40,382] Trial 429 finished with value: 0.596727231855316 and parameters: {'P_amp': 0.4811036114199987, 'P_wet': 3600.7500695718304, 'P_pow': 3.4583378891632224, 'WG_amp': 0.4358694022357471, 'WG_Phalf': 177.39248795556088, 'WG_k': 24.88044604951812, 'WG_c': 0.1858379076204012, 'rain_shift': 1.4066898295520573, 'ign_k': 0.5991293513444738, 'rate_power': 1.0221702943132562}. Best is trial 209 with value: 0.6108097453057891.
[I 2026-05-22 18:09:40,854] Trial 430 finished with value: 0.6024633995644458 and parameters: {'P_amp': 0.013840202623234684, 'P_wet': 3773.3126021551184, 'P_pow': 1.7112888819579093, 'WG_amp': 0.42626667123381806, 'WG_Phalf': 2531.93603574136, 'WG_k': 17.119925800461964, 'WG_c': 7.729065550307676, 'rain_shift': 0.5128402315892501, 'ign_k': 1.1788185749990872, 'rate_power': 0.8357869142825783}. Best is trial 209 with value: 0.6108097453057891.
[I 2026-05-22 18:09:41,327] Trial 431 finished with value: 0.5970218257866138 and parameters: {'P_amp': 0.024841523995490694, 'P_wet': 3716.3547549496393, 'P_pow': 2.8008495574700585, 'WG_amp': 0.0004171527211247056, 'WG_Phalf': 409.10259373543306, 'WG_k': 3.7432921408925184, 'WG_c': 0.09151268005385345, 'rain_shift': 1.398545218080391, 'ign_k': 0.7595314331106993, 'rate_power': 1.1828073146584235}. Best is trial 209 with value: 0.6108097453057891.
[I 2026-05-22 18:09:41,798] Trial 432 finished with value: 0.6001823718883117 and parameters: {'P_amp': 0.4431704613651487, 'P_wet': 5163.923348927385, 'P_pow': 3.5434103331942612, 'WG_amp': 0.44565338936509563, 'WG_Phalf': 1471.2910993947557, 'WG_k': 1.7185542846237774, 'WG_c': 0.02049816334204067, 'rain_shift': 1.864515546870697, 'ign_k': 0.48043344613695776, 'rate_power': 0.9239701587739619}. Best is trial 209 with value: 0.6108097453057891.
[I 2026-05-22 18:09:42,266] Trial 433 finished with value: 0.5423551896704405 and parameters: {'P_amp': 0.616687875924772, 'P_wet': 1448.3444810154322, 'P_pow': 5.961441015603007, 'WG_amp': 0.10139177253912851, 'WG_Phalf': 926.5550972945259, 'WG_k': 6.914511996954278, 'WG_c': 2.8234368574039586, 'rain_shift': 9.544145385718945, 'ign_k': 0.7098639698194789, 'rate_power': 0.7837980136850908}. Best is trial 209 with value: 0.6108097453057891.
[I 2026-05-22 18:09:42,740] Trial 434 finished with value: 0.5911885966615322 and parameters: {'P_amp': 0.29202368300431225, 'P_wet': 337.97837227184175, 'P_pow': 1.2807732637108662, 'WG_amp': 0.29710222950388127, 'WG_Phalf': 1149.456160254982, 'WG_k': 9.264001086469618, 'WG_c': 0.924293307369506, 'rain_shift': 0.7234811341842806, 'ign_k': 0.9447304011993218, 'rate_power': 1.1392766142924076}. Best is trial 209 with value: 0.6108097453057891.
[I 2026-05-22 18:09:43,214] Trial 435 finished with value: 0.5254049304788054 and parameters: {'P_amp': 0.20621591918510782, 'P_wet': 330.35884340647476, 'P_pow': 2.321281631942726, 'WG_amp': 0.8951500670248149, 'WG_Phalf': 2360.558446153048, 'WG_k': 0.44143730500673284, 'WG_c': 0.00504232886328999, 'rain_shift': 7.163249865055057, 'ign_k': 0.16335027924205597, 'rate_power': 1.100546127051472}. Best is trial 209 with value: 0.6108097453057891.
[I 2026-05-22 18:09:43,686] Trial 436 finished with value: 0.6068468464979929 and parameters: {'P_amp': 0.24391568701713737, 'P_wet': 4485.111504038057, 'P_pow': 0.8476362172113606, 'WG_amp': 0.3622566492109815, 'WG_Phalf': 1444.4274864205604, 'WG_k': 13.172759896049273, 'WG_c': 5.7337316057886465, 'rain_shift': 1.8946751744199428, 'ign_k': 0.42934811274357193, 'rate_power': 0.7629531378065261}. Best is trial 209 with value: 0.6108097453057891.
[I 2026-05-22 18:09:44,160] Trial 437 finished with value: 0.5570581268743457 and parameters: {'P_amp': 0.024827240169920828, 'P_wet': 1284.8227931043457, 'P_pow': 2.649313788893439, 'WG_amp': 0.8061564592115289, 'WG_Phalf': 136.12370899787305, 'WG_k': 66.29818358114255, 'WG_c': 0.06741756681580413, 'rain_shift': 3.0601276696910342, 'ign_k': 0.0616242129081991, 'rate_power': 0.7835514602347994}. Best is trial 209 with value: 0.6108097453057891.
