[I 2026-05-22 18:08:59,105] Trial 340 finished with value: 0.5727087329351754 and parameters: {'P_amp': 0.023431286349226792, 'P_wet': 5156.2395130346795, 'P_pow': 2.0477013595864024, 'WG_amp': 0.1335028664759017, 'WG_Phalf': 1569.4267535201418, 'WG_k': 14.617626404733148, 'WG_c': 4.824045459961506, 'rain_shift': 2.709673466649079, 'ign_k': 1.0999746773063133, 'rate_power': 1.065317449212713}. Best is trial 209 with value: 0.6108097453057891.
[I 2026-05-22 18:08:59,571] Trial 341 finished with value: 0.6022597380835734 and parameters: {'P_amp': 0.0506143883353941, 'P_wet': 2263.1479382408775, 'P_pow': 0.356197565898148, 'WG_amp': 0.01973747173467199, 'WG_Phalf': 1614.4491661114919, 'WG_k': 6.6442463606323, 'WG_c': 0.13933798676611747, 'rain_shift': 0.04320707004201063, 'ign_k': 1.0256388029498607, 'rate_power': 0.9407696907755436}. Best is trial 209 with value: 0.6108097453057891.
[I 2026-05-22 18:09:00,028] Trial 342 finished with value: 0.608442223161692 and parameters: {'P_amp': 0.5833446652397005, 'P_wet': 5049.564610210906, 'P_pow': 3.101486141813903, 'WG_amp': 0.09779829001670812, 'WG_Phalf': 466.0053829413218, 'WG_k': 3.22769069465213, 'WG_c': 0.37715638724125, 'rain_shift': 0.40564468228733586, 'ign_k': 0.7216162035580777, 'rate_power': 1.1377321770589446}. Best is trial 209 with value: 0.6108097453057891.
[I 2026-05-22 18:09:00,485] Trial 343 finished with value: 0.5817494990123412 and parameters: {'P_amp': 0.5399336639543048, 'P_wet': 5589.676379311456, 'P_pow': 3.4227596303815906, 'WG_amp': 0.3087321646090978, 'WG_Phalf': 1147.3370337276658, 'WG_k': 0.8248216140501864, 'WG_c': 0.7357391223857777, 'rain_shift': 1.9911549266334518, 'ign_k': 0.733078328477882, 'rate_power': 1.1692857197118078}. Best is trial 209 with value: 0.6108097453057891.
[I 2026-05-22 18:09:00,945] Trial 344 finished with value: 0.5396033892850255 and parameters: {'P_amp': 0.1382758999481205, 'P_wet': 488.8213250829304, 'P_pow': 2.026331024003772, 'WG_amp': 0.30288116305968105, 'WG_Phalf': 474.04536256715073, 'WG_k': 0.09314851086520796, 'WG_c': 1.540789349417, 'rain_shift': 6.683626285608672, 'ign_k': 0.09925186571087258, 'rate_power': 1.1712733789342864}. Best is trial 209 with value: 0.6108097453057891.
[I 2026-05-22 18:09:01,403] Trial 345 finished with value: 0.6055261724905943 and parameters: {'P_amp': 0.6338920773537509, 'P_wet': 4619.613964031495, 'P_pow': 2.4908973474931164, 'WG_amp': 0.0834856253570233, 'WG_Phalf': 251.68358881551842, 'WG_k': 2.4001311571236785, 'WG_c': 0.3480331313043936, 'rain_shift': 0.4673082392833143, 'ign_k': 0.5739812641427194, 'rate_power': 1.2484424550590243}. Best is trial 209 with value: 0.6108097453057891.
[I 2026-05-22 18:09:01,863] Trial 346 finished with value: 0.5359525163010479 and parameters: {'P_amp': 0.8651295617110986, 'P_wet': 1921.5407027751712, 'P_pow': 1.7159976526681937, 'WG_amp': 0.6283133734945971, 'WG_Phalf': 166.4362864976848, 'WG_k': 5.830229255939361, 'WG_c': 0.0013563249141363939, 'rain_shift': 3.7097712960108, 'ign_k': 0.25392063634905443, 'rate_power': 0.97198934701702}. Best is trial 209 with value: 0.6108097453057891.
[I 2026-05-22 18:09:02,322] Trial 347 finished with value: 0.5067569786460238 and parameters: {'P_amp': 0.659026503810663, 'P_wet': 1911.0154387696502, 'P_pow': 0.8878554504066032, 'WG_amp': 0.41304383353403756, 'WG_Phalf': 160.15797120254643, 'WG_k': 0.011086518050119768, 'WG_c': 6.4011198285282624, 'rain_shift': 7.308460806345341, 'ign_k': 0.20694012483222182, 'rate_power': 1.2537480882350278}. Best is trial 209 with value: 0.6108097453057891.
[I 2026-05-22 18:09:02,779] Trial 348 finished with value: 0.5899701064459617 and parameters: {'P_amp': 0.050659593448914214, 'P_wet': 2182.820274672281, 'P_pow': 2.0623755244887456, 'WG_amp': 0.5513625945070746, 'WG_Phalf': 4363.4207123757415, 'WG_k': 2.7497904024089626, 'WG_c': 7.2057556565834515, 'rain_shift': 0.7695349005816075, 'ign_k': 0.28913392954905887, 'rate_power': 0.8738461773705216}. Best is trial 209 with value: 0.6108097453057891.
[I 2026-05-22 18:09:03,235] Trial 349 finished with value: 0.5994840640704251 and parameters: {'P_amp': 0.047913126082385744, 'P_wet': 736.5600376300564, 'P_pow': 1.5877360930555255, 'WG_amp': 0.1547065652097303, 'WG_Phalf': 1337.6349967586918, 'WG_k': 15.4336600650384, 'WG_c': 1.3037029003898963, 'rain_shift': 0.94385530394612, 'ign_k': 0.9146815940120627, 'rate_power': 1.2209932396698406}. Best is trial 209 with value: 0.6108097453057891.
[I 2026-05-22 18:09:03,693] Trial 350 finished with value: 0.5927397506133931 and parameters: {'P_amp': 0.7908585076558328, 'P_wet': 4326.015779745683, 'P_pow': 1.3383672796837565, 'WG_amp': 0.06139471933562313, 'WG_Phalf': 295.46798306639073, 'WG_k': 1.1411374476895093, 'WG_c': 0.31542794045803246, 'rain_shift': 1.4835326647324028, 'ign_k': 1.518729718503584, 'rate_power': 0.9716564316193499}. Best is trial 209 with value: 0.6108097453057891.
[I 2026-05-22 18:09:04,151] Trial 351 finished with value: 0.5276375762460104 and parameters: {'P_amp': 0.31620585107275545, 'P_wet': 761.949595499325, 'P_pow': 3.453761130047746, 'WG_amp': 0.10054907739548324, 'WG_Phalf': 1147.3511834720823, 'WG_k': 16.709933945486032, 'WG_c': 0.001865621280329178, 'rain_shift': 6.053914627510056, 'ign_k': 2.8958137988072843, 'rate_power': 1.0496890959352716}. Best is trial 209 with value: 0.6108097453057891.
[I 2026-05-22 18:09:04,622] Trial 352 finished with value: 0.530643496308291 and parameters: {'P_amp': 0.8990888454684127, 'P_wet': 980.6981147492216, 'P_pow': 1.8785534007170979, 'WG_amp': 0.8801956395144925, 'WG_Phalf': 1179.8581238654745, 'WG_k': 25.624906032109287, 'WG_c': 0.007461314858894189, 'rain_shift': 6.652881985140528, 'ign_k': 0.1659090076567678, 'rate_power': 0.7625573257261884}. Best is trial 209 with value: 0.6108097453057891.
[I 2026-05-22 18:09:05,099] Trial 353 finished with value: 0.5654642956027169 and parameters: {'P_amp': 0.7790857259579458, 'P_wet': 1554.6673833979492, 'P_pow': 3.7177021482077492, 'WG_amp': 0.8830296088287208, 'WG_Phalf': 961.4953008940035, 'WG_k': 2.0574243800126606, 'WG_c': 3.9505271098137, 'rain_shift': 5.343586748075862, 'ign_k': 0.08737287064737412, 'rate_power': 0.9050544007450909}. Best is trial 209 with value: 0.6108097453057891.
[I 2026-05-22 18:09:05,565] Trial 354 finished with value: 0.5394959168223729 and parameters: {'P_amp': 0.5706237880898498, 'P_wet': 1730.167848334805, 'P_pow': 2.838685194825608, 'WG_amp': 0.36830644764694254, 'WG_Phalf': 427.40450455259673, 'WG_k': 12.323604118058324, 'WG_c': 0.07549532053604809, 'rain_shift': 5.043365750689392, 'ign_k': 0.5397249117805969, 'rate_power': 1.0289988888428745}. Best is trial 209 with value: 0.6108097453057891.
[I 2026-05-22 18:09:06,031] Trial 355 finished with value: 0.5178506297684125 and parameters: {'P_amp': 0.8760806651596074, 'P_wet': 2388.178596816725, 'P_pow': 2.9538664322677213, 'WG_amp': 0.7343707248838093, 'WG_Phalf': 328.2234653199544, 'WG_k': 0.038292855815838536, 'WG_c': 0.040373279469393855, 'rain_shift': 7.242225542885902, 'ign_k': 0.09198057692248071, 'rate_power': 1.268104331883506}. Best is trial 209 with value: 0.6108097453057891.
[I 2026-05-22 18:09:06,497] Trial 356 finished with value: 0.6074954846894318 and parameters: {'P_amp': 0.6420429724330005, 'P_wet': 4844.51176580671, 'P_pow': 2.609460314098665, 'WG_amp': 0.21587849761480465, 'WG_Phalf': 552.4922662480269, 'WG_k': 2.9271735574445183, 'WG_c': 0.7538036564914181, 'rain_shift': 0.784074100683182, 'ign_k': 0.6258606321509881, 'rate_power': 1.1363637313589592}. Best is trial 209 with value: 0.6108097453057891.
[I 2026-05-22 18:09:06,959] Trial 357 finished with value: 0.5362351584085273 and parameters: {'P_amp': 0.3164274786620669, 'P_wet': 1278.332661544748, 'P_pow': 3.448110395606386, 'WG_amp': 0.4192814570391324, 'WG_Phalf': 218.99118371118334, 'WG_k': 0.09697704889083299, 'WG_c': 0.0001913800362970825, 'rain_shift': 3.743889628217125, 'ign_k': 0.5246861463198613, 'rate_power': 1.2610326879172051}. Best is trial 209 with value: 0.6108097453057891.
[I 2026-05-22 18:09:07,422] Trial 358 finished with value: 0.5461152159085378 and parameters: {'P_amp': 0.5931483405789563, 'P_wet': 880.9269374386766, 'P_pow': 3.9004742572648503, 'WG_amp': 0.02712880996746142, 'WG_Phalf': 167.884358738575, 'WG_k': 20.097384910204315, 'WG_c': 0.0005939517189662269, 'rain_shift': 7.06363029730867, 'ign_k': 0.0553410759351394, 'rate_power': 0.9351020047762194}. Best is trial 209 with value: 0.6108097453057891.
[I 2026-05-22 18:09:07,883] Trial 359 finished with value: 0.5255643067703483 and parameters: {'P_amp': 0.6116988354581239, 'P_wet': 913.5149657975115, 'P_pow': 2.683744646949303, 'WG_amp': 0.3369583415021883, 'WG_Phalf': 111.95813665133286, 'WG_k': 1.1485684544735162, 'WG_c': 0.002046452369195731, 'rain_shift': 7.4920420797833245, 'ign_k': 2.996349840633076, 'rate_power': 0.760862788266176}. Best is trial 209 with value: 0.6108097453057891.
[I 2026-05-22 18:09:08,341] Trial 360 finished with value: 0.5919657313146564 and parameters: {'P_amp': 0.10796418923658371, 'P_wet': 2044.1610574597166, 'P_pow': 4.606894357747713, 'WG_amp': 0.7180104447700907, 'WG_Phalf': 468.7534812675116, 'WG_k': 57.556430784838284, 'WG_c': 0.19286167832081377, 'rain_shift': 1.0998283251217293, 'ign_k': 1.796360232028684, 'rate_power': 1.0141703965255378}. Best is trial 209 with value: 0.6108097453057891.
[I 2026-05-22 18:09:08,800] Trial 361 finished with value: 0.5810807339553481 and parameters: {'P_amp': 0.019990364268831544, 'P_wet': 2816.9567921780863, 'P_pow': 3.263302364445999, 'WG_amp': 0.026558093880983895, 'WG_Phalf': 578.5035176542864, 'WG_k': 4.944063586714766, 'WG_c': 0.6536928838524692, 'rain_shift': 0.12497098765984382, 'ign_k': 0.1714196300887826, 'rate_power': 1.022116194550257}. Best is trial 209 with value: 0.6108097453057891.
[I 2026-05-22 18:09:09,268] Trial 362 finished with value: 0.568136063833338 and parameters: {'P_amp': 0.1344670812444581, 'P_wet': 2313.3602724711272, 'P_pow': 5.594544686995386, 'WG_amp': 0.21597638309278813, 'WG_Phalf': 335.72339454156355, 'WG_k': 0.13134232278202082, 'WG_c': 0.027860680842584907, 'rain_shift': 0.25533342259427094, 'ign_k': 0.11095414778903619, 'rate_power': 0.7762506186645409}. Best is trial 209 with value: 0.6108097453057891.
[I 2026-05-22 18:09:09,724] Trial 363 finished with value: 0.5995256301361266 and parameters: {'P_amp': 0.469888299180302, 'P_wet': 5814.594640137898, 'P_pow': 3.2022802612213144, 'WG_amp': 0.18173744576117876, 'WG_Phalf': 444.80436813101664, 'WG_k': 15.535592355282208, 'WG_c': 0.2629981993689944, 'rain_shift': 0.9106312958290699, 'ign_k': 0.9735543612749374, 'rate_power': 1.2087577435954253}. Best is trial 209 with value: 0.6108097453057891.
[I 2026-05-22 18:09:10,216] Trial 364 finished with value: 0.6081884907520552 and parameters: {'P_amp': 0.5200799851759245, 'P_wet': 3240.4653971853277, 'P_pow': 3.4770013145662793, 'WG_amp': 0.3359460595670374, 'WG_Phalf': 126.30331611772448, 'WG_k': 15.577614872302416, 'WG_c': 0.642385630314748, 'rain_shift': 1.3068486123473468, 'ign_k': 0.5164592658670711, 'rate_power': 0.9898846728856961}. Best is trial 209 with value: 0.6108097453057891.
[I 2026-05-22 18:09:10,681] Trial 365 finished with value: 0.5978599034338395 and parameters: {'P_amp': 0.6761232835622919, 'P_wet': 2030.78803054946, 'P_pow': 3.075016415620235, 'WG_amp': 0.33972190283260606, 'WG_Phalf': 250.8155722666626, 'WG_k': 47.30144846049922, 'WG_c': 0.3551313386644563, 'rain_shift': 2.0356696600133484, 'ign_k': 0.6668753226861439, 'rate_power': 0.8313922525971043}. Best is trial 209 with value: 0.6108097453057891.
[I 2026-05-22 18:09:11,142] Trial 366 finished with value: 0.5935829751583536 and parameters: {'P_amp': 0.07423164144944669, 'P_wet': 1668.9285499362666, 'P_pow': 1.5746228651092309, 'WG_amp': 0.2688499414164022, 'WG_Phalf': 770.5762765979416, 'WG_k': 83.93587923598147, 'WG_c': 0.5063365768782989, 'rain_shift': 2.643191869952249, 'ign_k': 0.26168265457543666, 'rate_power': 0.8796257018534703}. Best is trial 209 with value: 0.6108097453057891.
[I 2026-05-22 18:09:11,601] Trial 367 finished with value: 0.5722929472643488 and parameters: {'P_amp': 0.592012921959368, 'P_wet': 1638.298123461652, 'P_pow': 2.749639803004577, 'WG_amp': 0.2956465163943065, 'WG_Phalf': 128.10572037418135, 'WG_k': 10.15572226168476, 'WG_c': 0.9060023472923131, 'rain_shift': 3.3107552642950084, 'ign_k': 0.4748723999398395, 'rate_power': 0.9534427171116787}. Best is trial 209 with value: 0.6108097453057891.
[I 2026-05-22 18:09:12,056] Trial 368 finished with value: 0.6069814685717501 and parameters: {'P_amp': 0.12327540186645602, 'P_wet': 3806.7750954954663, 'P_pow': 2.006036858259248, 'WG_amp': 0.07747649955120706, 'WG_Phalf': 146.26135194260678, 'WG_k': 2.362199697541225, 'WG_c': 0.7888902386095897, 'rain_shift': 0.41331854386610234, 'ign_k': 0.5216091197578258, 'rate_power': 1.1817460650136367}. Best is trial 209 with value: 0.6108097453057891.
[I 2026-05-22 18:09:12,514] Trial 369 finished with value: 0.6071068749080802 and parameters: {'P_amp': 0.48593492061362786, 'P_wet': 2927.682821547961, 'P_pow': 3.8000198876023132, 'WG_amp': 0.08664273070968079, 'WG_Phalf': 575.1139329485499, 'WG_k': 1.3660978403982704, 'WG_c': 0.4775935394045174, 'rain_shift': 0.6347646468075416, 'ign_k': 0.6560959154734798, 'rate_power': 1.1937718169042673}. Best is trial 209 with value: 0.6108097453057891.
[I 2026-05-22 18:09:12,977] Trial 370 finished with value: 0.58491926014838 and parameters: {'P_amp': 0.6481032528765304, 'P_wet': 4854.144145204399, 'P_pow': 2.949522431172256, 'WG_amp': 0.4230986665453771, 'WG_Phalf': 123.53936815100025, 'WG_k': 34.20819621643768, 'WG_c': 0.07158502879352166, 'rain_shift': 2.044652760790195, 'ign_k': 0.24179087546268313, 'rate_power': 0.8898752970320719}. Best is trial 209 with value: 0.6108097453057891.
[I 2026-05-22 18:09:13,435] Trial 371 finished with value: 0.6003859944799218 and parameters: {'P_amp': 0.06934543302594867, 'P_wet': 2484.405981302886, 'P_pow': 1.1245069049839844, 'WG_amp': 0.3602954896653553, 'WG_Phalf': 262.3998501778752, 'WG_k': 13.811824982732698, 'WG_c': 2.436688544791601, 'rain_shift': 1.1836647322080118, 'ign_k': 0.8673938762447376, 'rate_power': 1.130340756603463}. Best is trial 209 with value: 0.6108097453057891.
[I 2026-05-22 18:09:13,892] Trial 372 finished with value: 0.5638997161684436 and parameters: {'P_amp': 0.5922267411236284, 'P_wet': 2359.308544584178, 'P_pow': 3.8824622513517153, 'WG_amp': 0.11054780392441832, 'WG_Phalf': 1386.2265919452545, 'WG_k': 1.030675953224801, 'WG_c': 0.020888521917840686, 'rain_shift': 6.378441931597489, 'ign_k': 0.07693676144489313, 'rate_power': 1.0200727312040525}. Best is trial 209 with value: 0.6108097453057891.
[I 2026-05-22 18:09:14,349] Trial 373 finished with value: 0.5898988929839184 and parameters: {'P_amp': 0.007445112561836712, 'P_wet': 326.90130816838814, 'P_pow': 2.307120617367119, 'WG_amp': 0.5531240476792707, 'WG_Phalf': 652.5046621783927, 'WG_k': 57.575101749173115, 'WG_c': 1.6990794032654661, 'rain_shift': 1.9211667706871065, 'ign_k': 1.8864185462132348, 'rate_power': 0.9208011062777895}. Best is trial 209 with value: 0.6108097453057891.
[I 2026-05-22 18:09:14,809] Trial 374 finished with value: 0.591708627904445 and parameters: {'P_amp': 0.5983022672551838, 'P_wet': 3734.466307357711, 'P_pow': 3.3368955238922826, 'WG_amp': 0.15231113563804655, 'WG_Phalf': 176.9708452487941, 'WG_k': 37.9283382751407, 'WG_c': 0.44998051190127086, 'rain_shift': 0.7952602137758408, 'ign_k': 0.24777031669534594, 'rate_power': 0.9883755975988352}. Best is trial 209 with value: 0.6108097453057891.
[I 2026-05-22 18:09:15,266] Trial 375 finished with value: 0.5986040189745198 and parameters: {'P_amp': 0.7132990849616903, 'P_wet': 4502.540443731114, 'P_pow': 2.6361365537633086, 'WG_amp': 0.12970836505086725, 'WG_Phalf': 624.0408344714723, 'WG_k': 5.005942941525935, 'WG_c': 0.06571396258368861, 'rain_shift': 1.157755560062506, 'ign_k': 1.7893084486901092, 'rate_power': 1.0297740601916308}. Best is trial 209 with value: 0.6108097453057891.
[I 2026-05-22 18:09:15,728] Trial 376 finished with value: 0.6000933328508418 and parameters: {'P_amp': 0.2649537104024088, 'P_wet': 5432.881032060627, 'P_pow': 2.321618202617323, 'WG_amp': 0.023729287500827423, 'WG_Phalf': 263.35941880552315, 'WG_k': 0.27045212704393196, 'WG_c': 0.08148455472388032, 'rain_shift': 2.1013429770073566, 'ign_k': 0.5519540702491154, 'rate_power': 0.9074433461526629}. Best is trial 209 with value: 0.6108097453057891.
[I 2026-05-22 18:09:16,188] Trial 377 finished with value: 0.5987730184530948 and parameters: {'P_amp': 0.04469275943052799, 'P_wet': 3184.120048785741, 'P_pow': 3.3072052936098535, 'WG_amp': 0.6847812255581194, 'WG_Phalf': 335.286341803803, 'WG_k': 16.989755603563413, 'WG_c': 6.801000390747461, 'rain_shift': 1.8476896805342398, 'ign_k': 0.7816341822539775, 'rate_power': 0.9485707743400309}. Best is trial 209 with value: 0.6108097453057891.
[I 2026-05-22 18:09:16,649] Trial 378 finished with value: 0.571935086161076 and parameters: {'P_amp': 0.636724903402813, 'P_wet': 4024.6838857053644, 'P_pow': 2.7482309023438343, 'WG_amp': 0.005502356399311903, 'WG_Phalf': 237.30747137644053, 'WG_k': 0.01777286645301665, 'WG_c': 0.3946707346119945, 'rain_shift': 2.00842647011332, 'ign_k': 0.11836977629837603, 'rate_power': 0.7401902337929935}. Best is trial 209 with value: 0.6108097453057891.
[I 2026-05-22 18:09:17,118] Trial 379 finished with value: 0.5985459655308893 and parameters: {'P_amp': 0.5962305594774663, 'P_wet': 2521.2690019696124, 'P_pow': 3.488599789918627, 'WG_amp': 0.14279403310381536, 'WG_Phalf': 355.5418474420753, 'WG_k': 16.656522598831344, 'WG_c': 0.029130878742809792, 'rain_shift': 0.0024345915575065824, 'ign_k': 0.4897043917884788, 'rate_power': 1.100156402208265}. Best is trial 209 with value: 0.6108097453057891.
[I 2026-05-22 18:09:17,583] Trial 380 finished with value: 0.572984236720785 and parameters: {'P_amp': 0.4699040753889506, 'P_wet': 3946.8582690990706, 'P_pow': 3.9135058520510078, 'WG_amp': 0.6800310214807819, 'WG_Phalf': 551.5459883941804, 'WG_k': 12.47449152471497, 'WG_c': 0.5983908842841315, 'rain_shift': 2.280047718445253, 'ign_k': 1.3329397512041854, 'rate_power': 1.1744014436037007}. Best is trial 209 with value: 0.6108097453057891.
[I 2026-05-22 18:09:18,051] Trial 381 finished with value: 0.5758949183171835 and parameters: {'P_amp': 0.40392896264622097, 'P_wet': 3001.027412413909, 'P_pow': 3.0005309205838167, 'WG_amp': 0.3881825768992242, 'WG_Phalf': 119.32384191774301, 'WG_k': 5.455423242422514, 'WG_c': 0.6356393652677833, 'rain_shift': 3.178929314126357, 'ign_k': 0.3495331962814399, 'rate_power': 1.043910086607153}. Best is trial 209 with value: 0.6108097453057891.
[I 2026-05-22 18:09:18,515] Trial 382 finished with value: 0.4993849752896155 and parameters: {'P_amp': 0.7922049833910226, 'P_wet': 426.6091303054144, 'P_pow': 3.6497447769648343, 'WG_amp': 0.5001636263949472, 'WG_Phalf': 2208.4212931963953, 'WG_k': 0.01059844582071105, 'WG_c': 0.002212076904681574, 'rain_shift': 4.630836334907473, 'ign_k': 0.542089816237097, 'rate_power': 0.9187312575563792}. Best is trial 209 with value: 0.6108097453057891.
[I 2026-05-22 18:09:18,972] Trial 383 finished with value: 0.5317022170298219 and parameters: {'P_amp': 0.22537537530326882, 'P_wet': 1492.0779552985846, 'P_pow': 4.915753973511988, 'WG_amp': 0.720593474261163, 'WG_Phalf': 110.58746623259415, 'WG_k': 1.2480431213522496, 'WG_c': 0.0004719626111848253, 'rain_shift': 8.035319034385997, 'ign_k': 0.08354032564443864, 'rate_power': 1.018296356152983}. Best is trial 209 with value: 0.6108097453057891.
[I 2026-05-22 18:09:19,431] Trial 384 finished with value: 0.590926174568264 and parameters: {'P_amp': 0.10339776180620336, 'P_wet': 1514.9500137009813, 'P_pow': 0.8297748595919259, 'WG_amp': 0.21877425361620478, 'WG_Phalf': 191.37627792021692, 'WG_k': 10.070898692546837, 'WG_c': 9.197197980766465, 'rain_shift': 1.1226576488165458, 'ign_k': 0.29117880993450473, 'rate_power': 1.2543119689336475}. Best is trial 209 with value: 0.6108097453057891.
[I 2026-05-22 18:09:19,893] Trial 385 finished with value: 0.591057437870176 and parameters: {'P_amp': 0.02171662434015302, 'P_wet': 3416.9754907514134, 'P_pow': 1.74623432052196, 'WG_amp': 0.16985466375791258, 'WG_Phalf': 2380.0460302340125, 'WG_k': 68.29159479045552, 'WG_c': 9.82749568015224, 'rain_shift': 0.8363052231173569, 'ign_k': 0.23649001996874144, 'rate_power': 1.0547396822534196}. Best is trial 209 with value: 0.6108097453057891.
[I 2026-05-22 18:09:20,362] Trial 386 finished with value: 0.5837887314005337 and parameters: {'P_amp': 0.2400850990210931, 'P_wet': 1073.2523360063592, 'P_pow': 5.9725451249600745, 'WG_amp': 0.30064541440541825, 'WG_Phalf': 506.7628168598574, 'WG_k': 81.47996463010877, 'WG_c': 0.07540769733581426, 'rain_shift': 2.048018698219611, 'ign_k': 0.3677930793154313, 'rate_power': 1.0316099076219511}. Best is trial 209 with value: 0.6108097453057891.
[I 2026-05-22 18:09:20,826] Trial 387 finished with value: 0.5098149360417212 and parameters: {'P_amp': 0.710564205893121, 'P_wet': 1013.5543932561134, 'P_pow': 2.5330197806830985, 'WG_amp': 0.39147831455843873, 'WG_Phalf': 802.6476756158984, 'WG_k': 3.856291066600522, 'WG_c': 6.475684064797024, 'rain_shift': 8.236612063460026, 'ign_k': 2.8194381058442657, 'rate_power': 1.2210774281425194}. Best is trial 209 with value: 0.6108097453057891.
[I 2026-05-22 18:09:21,293] Trial 388 finished with value: 0.5263467586279673 and parameters: {'P_amp': 0.4687612133219484, 'P_wet': 888.4744796463036, 'P_pow': 0.7457586639884877, 'WG_amp': 0.26589704492690275, 'WG_Phalf': 1045.673350747379, 'WG_k': 2.2907769358944217, 'WG_c': 0.540777920767938, 'rain_shift': 9.428410420098423, 'ign_k': 0.14877254370426402, 'rate_power': 1.0009762281600574}. Best is trial 209 with value: 0.6108097453057891.
