[I 2026-05-22 17:35:31,874] Trial 373 finished with value: 0.49544573181327584 and parameters: {'k1': 0.0407421889234215, 'D_low': 3.006192430459465, 'k2': 0.023577346642232176, 'D_high': 93926.7848102463, 'fire_exp': 0.541136230052988, 'P_half': 0.3928004197093369, 'pre_dampen_half': 0.028322000119259682, 'gpp_af': 0.22502515469035547, 'gpp_b': 2.833166629673336e-06, 'gpp_d': 151.7943723167986, 'ign_k': 1.3087090313684135, 'ign_c': 27.466587987902244, 'P_wet_supp': 2814.3524640739934, 'P_wet_pow': 1.3619258587507708, 'P_half2': 0.7601036862000272, 'P_floor_pow': 0.1679967483641871}. Best is trial 307 with value: 0.5940954180843564.
[I 2026-05-22 17:35:32,426] Trial 374 finished with value: 0.5407299917980167 and parameters: {'k1': 0.0053653659668909375, 'D_low': 1.4172662425054627, 'k2': 0.0037161217043502125, 'D_high': 20766.43925802472, 'fire_exp': 0.47847430160906745, 'P_half': 6.00919506538265, 'pre_dampen_half': 0.06408308512755655, 'gpp_af': 42.974481096816504, 'gpp_b': 0.00043532113524661557, 'gpp_d': 51.81958656278436, 'ign_k': 0.06030586256843418, 'ign_c': 20.907009534675563, 'P_wet_supp': 4977.836527139234, 'P_wet_pow': 4.29223474715601, 'P_half2': 16.04847672551308, 'P_floor_pow': 3.1576484427571927}. Best is trial 307 with value: 0.5940954180843564.
[I 2026-05-22 17:35:32,969] Trial 375 finished with value: 0.5558553492413931 and parameters: {'k1': 0.01114504827947497, 'D_low': 1.6614927551181966, 'k2': 0.018885490953583266, 'D_high': 496.23955511216525, 'fire_exp': 1.2655671525920198, 'P_half': 0.3155325485598283, 'pre_dampen_half': 55.30268832814206, 'gpp_af': 0.041436133150576364, 'gpp_b': 1.828342056899851e-05, 'gpp_d': 5.467230417850865, 'ign_k': 3.4079718398855516, 'ign_c': 1.8979975914063743, 'P_wet_supp': 3057.863381050015, 'P_wet_pow': 4.363565809268919, 'P_half2': 0.44267014650877407, 'P_floor_pow': 3.548523764689845}. Best is trial 307 with value: 0.5940954180843564.
[I 2026-05-22 17:35:33,522] Trial 376 finished with value: 0.39944900800901095 and parameters: {'k1': 0.007849326992245607, 'D_low': 15.74764210792024, 'k2': 0.04609376440304742, 'D_high': 64418.18492222134, 'fire_exp': 0.3541772257345842, 'P_half': 0.980937837008177, 'pre_dampen_half': 8.466409073310713, 'gpp_af': 91.99369252796106, 'gpp_b': 3.1199127849890286e-05, 'gpp_d': 440.4799121538961, 'ign_k': 5.663557865918003, 'ign_c': 185.43295465990707, 'P_wet_supp': 7610.8878073936785, 'P_wet_pow': 1.4859440044158818, 'P_half2': 39.40133433427935, 'P_floor_pow': 0.24166987175652255}. Best is trial 307 with value: 0.5940954180843564.
[I 2026-05-22 17:35:34,075] Trial 377 finished with value: 0.5885662395600003 and parameters: {'k1': 0.02351825251002274, 'D_low': 42.18772944027303, 'k2': 0.02549176780767225, 'D_high': 5543.5113420024845, 'fire_exp': 0.423401316069656, 'P_half': 1.7102942352559583, 'pre_dampen_half': 0.782601996110491, 'gpp_af': 20.402206409325665, 'gpp_b': 3.5314214212780964e-05, 'gpp_d': 907.5274430045409, 'ign_k': 1.1352702240542032, 'ign_c': 17.40460511444066, 'P_wet_supp': 1560.869108912389, 'P_wet_pow': 1.89052920030165, 'P_half2': 0.30651168788232336, 'P_floor_pow': 4.368953601582997}. Best is trial 307 with value: 0.5940954180843564.
[I 2026-05-22 17:35:34,630] Trial 378 finished with value: 0.5384403659664632 and parameters: {'k1': 0.050401407431759165, 'D_low': 19.16225349679479, 'k2': 0.020469331497462478, 'D_high': 13647.807731922278, 'fire_exp': 0.42608318817271823, 'P_half': 26.53111118962519, 'pre_dampen_half': 0.359078436455589, 'gpp_af': 1.1133810177545136, 'gpp_b': 1.3461585519215825e-05, 'gpp_d': 610.5787899587904, 'ign_k': 0.27306729213419934, 'ign_c': 2.176852332629489, 'P_wet_supp': 764.9720914949796, 'P_wet_pow': 1.902663039500641, 'P_half2': 0.19471792513433347, 'P_floor_pow': 1.1942452567780373}. Best is trial 307 with value: 0.5940954180843564.
[I 2026-05-22 17:35:35,185] Trial 379 finished with value: 0.5125818510372556 and parameters: {'k1': 0.020284008670254226, 'D_low': 393.5758577858406, 'k2': 0.05941207972549893, 'D_high': 13965.30677710807, 'fire_exp': 0.5109342657564939, 'P_half': 0.8726003572148056, 'pre_dampen_half': 0.014528664251643323, 'gpp_af': 1.4983783148732506, 'gpp_b': 1.9807683213782358e-05, 'gpp_d': 494.27510504439283, 'ign_k': 1.8749019534795683, 'ign_c': 18.38125509186632, 'P_wet_supp': 1455.220772503988, 'P_wet_pow': 1.4088752669726545, 'P_half2': 0.5045710439347016, 'P_floor_pow': 4.459423907409965}. Best is trial 307 with value: 0.5940954180843564.
[I 2026-05-22 17:35:35,734] Trial 380 finished with value: 0.5301758197105375 and parameters: {'k1': 0.0896494366865252, 'D_low': 17.302394223979995, 'k2': 0.020078220079709927, 'D_high': 1356.369880537417, 'fire_exp': 0.4809015232283781, 'P_half': 53.010614145837636, 'pre_dampen_half': 0.3947249920528846, 'gpp_af': 86.72882541263262, 'gpp_b': 1.6701170851534954e-05, 'gpp_d': 63.892378368378075, 'ign_k': 0.37810465338259086, 'ign_c': 7.901105091734334, 'P_wet_supp': 1652.1725058134323, 'P_wet_pow': 0.9025134042156349, 'P_half2': 0.36633097396360503, 'P_floor_pow': 4.43740906922405}. Best is trial 307 with value: 0.5940954180843564.
[I 2026-05-22 17:35:36,287] Trial 381 finished with value: 0.5578223045558639 and parameters: {'k1': 0.0017215240937381196, 'D_low': 213.02883119141697, 'k2': 0.00453498295907382, 'D_high': 11109.576845792675, 'fire_exp': 0.6990301473270137, 'P_half': 0.9519988390409573, 'pre_dampen_half': 1.7417208039317646, 'gpp_af': 6.453064605570436, 'gpp_b': 7.931496379354604e-05, 'gpp_d': 242.14535135112766, 'ign_k': 2.131182473037059, 'ign_c': 8.34355945791613, 'P_wet_supp': 1291.122544282749, 'P_wet_pow': 1.7206932051829904, 'P_half2': 0.29359162770285857, 'P_floor_pow': 4.889450984053159}. Best is trial 307 with value: 0.5940954180843564.
[I 2026-05-22 17:35:36,840] Trial 382 finished with value: 0.5095067633126876 and parameters: {'k1': 0.06455468321195759, 'D_low': 79.97464139196116, 'k2': 0.04505353592223892, 'D_high': 38103.8792929968, 'fire_exp': 0.3539549483488877, 'P_half': 21.27240904437217, 'pre_dampen_half': 0.014303805015201627, 'gpp_af': 30.068073834904673, 'gpp_b': 4.447182523212787e-06, 'gpp_d': 257.51011411124017, 'ign_k': 1.0732095162798403, 'ign_c': 23.184172885080162, 'P_wet_supp': 2117.8836505144213, 'P_wet_pow': 1.387275635317259, 'P_half2': 580.1800036417222, 'P_floor_pow': 0.8892994702270052}. Best is trial 307 with value: 0.5940954180843564.
[I 2026-05-22 17:35:37,385] Trial 383 finished with value: 0.599163981909633 and parameters: {'k1': 0.044715240622990045, 'D_low': 16.618094050498865, 'k2': 0.06571359713201141, 'D_high': 2302.807654658129, 'fire_exp': 0.4085942724156249, 'P_half': 1.8980077957184474, 'pre_dampen_half': 0.7200416120281875, 'gpp_af': 30.23517919670493, 'gpp_b': 2.4754214389047274e-06, 'gpp_d': 348.20830053896947, 'ign_k': 3.735173899174554, 'ign_c': 19.47769061665169, 'P_wet_supp': 2669.629346888199, 'P_wet_pow': 2.136493896307799, 'P_half2': 17.18006958432189, 'P_floor_pow': 4.366778476939661}. Best is trial 383 with value: 0.599163981909633.
[I 2026-05-22 17:35:37,935] Trial 384 finished with value: 0.4702547046331446 and parameters: {'k1': 0.06537999982372683, 'D_low': 208.29982018229344, 'k2': 0.014136865536079415, 'D_high': 4954.674855340646, 'fire_exp': 0.5137488261862738, 'P_half': 1.1967124580496815, 'pre_dampen_half': 0.800132600653421, 'gpp_af': 11.26508768619755, 'gpp_b': 0.04400422272005068, 'gpp_d': 88.9049022069165, 'ign_k': 0.9705312399572201, 'ign_c': 30.831970108168058, 'P_wet_supp': 2445.9174009711405, 'P_wet_pow': 2.805360712339173, 'P_half2': 0.7493361573015105, 'P_floor_pow': 4.592097990032035}. Best is trial 383 with value: 0.599163981909633.
[I 2026-05-22 17:35:38,477] Trial 385 finished with value: 0.5170165227202782 and parameters: {'k1': 0.08929448216352577, 'D_low': 9.273659515963427, 'k2': 0.008316644672693083, 'D_high': 595.9021355735426, 'fire_exp': 1.6152684478126984, 'P_half': 1.1430708995729373, 'pre_dampen_half': 12.157739035088719, 'gpp_af': 10.858559105888105, 'gpp_b': 6.291611567147467e-05, 'gpp_d': 993.4957684285547, 'ign_k': 0.4124097619651233, 'ign_c': 1.3001651162321075, 'P_wet_supp': 2222.3767099250476, 'P_wet_pow': 1.4651290380115576, 'P_half2': 85.13876169108875, 'P_floor_pow': 4.832067162101218}. Best is trial 383 with value: 0.599163981909633.
[I 2026-05-22 17:35:39,028] Trial 386 finished with value: 0.5720701418313607 and parameters: {'k1': 0.002672325261630965, 'D_low': 18.7380942433323, 'k2': 0.06376284739728688, 'D_high': 56283.41578155445, 'fire_exp': 0.3527947359549739, 'P_half': 0.44335619472949944, 'pre_dampen_half': 0.05812464372298103, 'gpp_af': 29.410569275548408, 'gpp_b': 1.510820216563084e-06, 'gpp_d': 169.24549983309868, 'ign_k': 1.9972568378218662, 'ign_c': 23.831658013424967, 'P_wet_supp': 5720.262975182111, 'P_wet_pow': 3.1703764004893373, 'P_half2': 0.8805551859806906, 'P_floor_pow': 0.10650538559664824}. Best is trial 383 with value: 0.599163981909633.
[I 2026-05-22 17:35:39,580] Trial 387 finished with value: 0.5332563870990813 and parameters: {'k1': 0.059657563596472875, 'D_low': 2.9788296867884223, 'k2': 0.01142143040466002, 'D_high': 47480.810216558944, 'fire_exp': 0.7138377905169883, 'P_half': 1.0007258707666578, 'pre_dampen_half': 9.06054601463017, 'gpp_af': 21.45141395429212, 'gpp_b': 2.897766880308727e-05, 'gpp_d': 152.0418411902217, 'ign_k': 7.859260459529151, 'ign_c': 0.4253433575243504, 'P_wet_supp': 681.7828410329104, 'P_wet_pow': 1.0478146773190558, 'P_half2': 0.20262434243436378, 'P_floor_pow': 0.24301852026847948}. Best is trial 383 with value: 0.599163981909633.
[I 2026-05-22 17:35:40,125] Trial 388 finished with value: 0.3994490055432051 and parameters: {'k1': 0.0512960430013951, 'D_low': 211.32607433469758, 'k2': 0.004154730568457306, 'D_high': 667.6663125982066, 'fire_exp': 0.48250646943833486, 'P_half': 174.38203195774207, 'pre_dampen_half': 0.9911641186327801, 'gpp_af': 8.204740620518733, 'gpp_b': 1.8711834433934914e-06, 'gpp_d': 68.93438165142248, 'ign_k': 9.441359774010268, 'ign_c': 903.0240377484608, 'P_wet_supp': 220.3863933290141, 'P_wet_pow': 2.1334487100157546, 'P_half2': 17.91271545456752, 'P_floor_pow': 4.668856025396808}. Best is trial 383 with value: 0.599163981909633.
[I 2026-05-22 17:35:40,674] Trial 389 finished with value: 0.5743555737210586 and parameters: {'k1': 0.00400886939732848, 'D_low': 70.09682798208505, 'k2': 0.060247161509611645, 'D_high': 55121.43827430729, 'fire_exp': 0.8058468773477385, 'P_half': 9.794731322823226, 'pre_dampen_half': 0.6887825371537252, 'gpp_af': 2.0758361811756547, 'gpp_b': 3.783967245053093e-06, 'gpp_d': 94.66195966687762, 'ign_k': 0.5579774887913089, 'ign_c': 6.0562979081830175, 'P_wet_supp': 9516.893137512585, 'P_wet_pow': 2.696219362199157, 'P_half2': 1.3349715840152343, 'P_floor_pow': 0.26584347850695034}. Best is trial 383 with value: 0.599163981909633.
[I 2026-05-22 17:35:41,220] Trial 390 finished with value: 0.5810224725841836 and parameters: {'k1': 0.0883595782959885, 'D_low': 46.8554324268098, 'k2': 0.037498627138145606, 'D_high': 668.0161989411755, 'fire_exp': 0.4065503714879762, 'P_half': 10.963626855559056, 'pre_dampen_half': 1.062418417637666, 'gpp_af': 53.23726733905737, 'gpp_b': 1.127769103971237e-06, 'gpp_d': 778.5518149544698, 'ign_k': 0.9695502407163333, 'ign_c': 11.929492341936262, 'P_wet_supp': 7993.821137010492, 'P_wet_pow': 2.5714492741059742, 'P_half2': 6.368659359760992, 'P_floor_pow': 3.0130607674488377}. Best is trial 383 with value: 0.599163981909633.
[I 2026-05-22 17:35:41,768] Trial 391 finished with value: 0.3994490055432051 and parameters: {'k1': 0.00048540071074599145, 'D_low': 486.61483964218377, 'k2': 0.028089169884815236, 'D_high': 76531.88007633573, 'fire_exp': 0.37449421611067474, 'P_half': 7.786110372175108, 'pre_dampen_half': 0.051837750425991716, 'gpp_af': 0.7202374153797987, 'gpp_b': 3.2405078300338766e-06, 'gpp_d': 865.5204431635289, 'ign_k': 5.513777227784615, 'ign_c': 57.301035582616, 'P_wet_supp': 8762.50594351626, 'P_wet_pow': 2.310966633596255, 'P_half2': 1.4147721603163574, 'P_floor_pow': 0.17455914529056293}. Best is trial 383 with value: 0.599163981909633.
[I 2026-05-22 17:35:42,307] Trial 392 finished with value: 0.394088458071923 and parameters: {'k1': 0.07546630250889731, 'D_low': 138.0119792871586, 'k2': 0.09685682171128758, 'D_high': 46817.38483719048, 'fire_exp': 1.146862338471376, 'P_half': 0.6883145771829332, 'pre_dampen_half': 1.8138969028313554, 'gpp_af': 32.63914014713486, 'gpp_b': 4.74004572255655e-05, 'gpp_d': 457.9706791155473, 'ign_k': 0.7961899376432311, 'ign_c': 46.95608299796209, 'P_wet_supp': 2574.1946606470347, 'P_wet_pow': 2.7046636403500535, 'P_half2': 8.891329103287687, 'P_floor_pow': 1.0386073897278756}. Best is trial 383 with value: 0.599163981909633.
[I 2026-05-22 17:35:42,854] Trial 393 finished with value: 0.3994490055432051 and parameters: {'k1': 0.010184319378845013, 'D_low': 20.262431606425018, 'k2': 0.015109270664223805, 'D_high': 1135.5649903554495, 'fire_exp': 0.493182655285096, 'P_half': 0.40294600535678204, 'pre_dampen_half': 16.370060661999734, 'gpp_af': 82.89245922113298, 'gpp_b': 1.2264474149126056e-06, 'gpp_d': 133.35107162418205, 'ign_k': 1.3692694894173103, 'ign_c': 64.77020923956553, 'P_wet_supp': 2369.6594834581856, 'P_wet_pow': 2.6352388501868993, 'P_half2': 2.558207536653586, 'P_floor_pow': 4.25925329355307}. Best is trial 383 with value: 0.599163981909633.
[I 2026-05-22 17:35:43,400] Trial 394 finished with value: 0.5241100781706672 and parameters: {'k1': 0.0037140953358946347, 'D_low': 82.93239637186015, 'k2': 0.07118786073789897, 'D_high': 10219.723416694487, 'fire_exp': 1.0535573490578425, 'P_half': 2.4022169310415005, 'pre_dampen_half': 0.09259833349618353, 'gpp_af': 17.372514174341323, 'gpp_b': 9.061923033148118e-06, 'gpp_d': 117.99710174756983, 'ign_k': 0.19316666996918058, 'ign_c': 1.5902387242262728, 'P_wet_supp': 4301.394479680458, 'P_wet_pow': 3.270762663416907, 'P_half2': 0.8092211673720144, 'P_floor_pow': 0.17974136491498843}. Best is trial 383 with value: 0.599163981909633.
[I 2026-05-22 17:35:43,946] Trial 395 finished with value: 0.49842533137645817 and parameters: {'k1': 0.04957029959598126, 'D_low': 17.96275611773463, 'k2': 0.021905592597543568, 'D_high': 2538.905775256925, 'fire_exp': 0.42376939228426885, 'P_half': 4.592253897824394, 'pre_dampen_half': 0.536644593667868, 'gpp_af': 28.619034147149275, 'gpp_b': 7.999820644085976e-06, 'gpp_d': 54.877988616914884, 'ign_k': 2.238560480930318, 'ign_c': 1.1923054473773842, 'P_wet_supp': 848.7808734886623, 'P_wet_pow': 2.6480874971031985, 'P_half2': 160.24274339264105, 'P_floor_pow': 4.446653088380338}. Best is trial 383 with value: 0.599163981909633.
[I 2026-05-22 17:35:44,495] Trial 396 finished with value: 0.3994490055432051 and parameters: {'k1': 0.00115442928594427, 'D_low': 5.0505397733252435, 'k2': 0.054913702616242045, 'D_high': 50698.38895235468, 'fire_exp': 0.3965886769760839, 'P_half': 7.220099586829288, 'pre_dampen_half': 0.13522904154428417, 'gpp_af': 77.41832035665774, 'gpp_b': 7.45100504923313e-06, 'gpp_d': 334.863813100269, 'ign_k': 6.7873341352925, 'ign_c': 459.40475513021, 'P_wet_supp': 4957.242388018219, 'P_wet_pow': 3.6433012153888056, 'P_half2': 0.23985102392844532, 'P_floor_pow': 0.0692251802796216}. Best is trial 383 with value: 0.599163981909633.
[I 2026-05-22 17:35:45,044] Trial 397 finished with value: 0.5698961332903117 and parameters: {'k1': 0.0014272835828575043, 'D_low': 25.380761367926056, 'k2': 0.07358539690177475, 'D_high': 68353.97874530456, 'fire_exp': 0.594137133407206, 'P_half': 31.65775120095256, 'pre_dampen_half': 0.636820707557078, 'gpp_af': 49.556792947547486, 'gpp_b': 3.0244917213224734e-06, 'gpp_d': 914.0925750060278, 'ign_k': 5.506017255857695, 'ign_c': 2.913058758737961, 'P_wet_supp': 3554.551491551742, 'P_wet_pow': 2.133445882931478, 'P_half2': 87.46394874112433, 'P_floor_pow': 0.44349197445385546}. Best is trial 383 with value: 0.599163981909633.
[I 2026-05-22 17:35:45,589] Trial 398 finished with value: 0.5817447029505864 and parameters: {'k1': 0.03976464950288506, 'D_low': 58.019262348656945, 'k2': 0.03330966724080389, 'D_high': 3867.3296295515465, 'fire_exp': 0.8802978607926243, 'P_half': 8.542082868380433, 'pre_dampen_half': 7.418088000044491, 'gpp_af': 33.296539108955336, 'gpp_b': 2.2567132046834992e-06, 'gpp_d': 93.33192955120192, 'ign_k': 0.8642850850079227, 'ign_c': 4.149369092425426, 'P_wet_supp': 9572.17473486833, 'P_wet_pow': 1.4284530797105197, 'P_half2': 6.293823495009234, 'P_floor_pow': 3.0996566226985243}. Best is trial 383 with value: 0.599163981909633.
[I 2026-05-22 17:35:46,136] Trial 399 finished with value: 0.3991612265049931 and parameters: {'k1': 0.03677165749465665, 'D_low': 155.21031678445826, 'k2': 0.03697805347870955, 'D_high': 8786.213574482796, 'fire_exp': 0.4331592834746003, 'P_half': 15.582165798330223, 'pre_dampen_half': 0.32957583745929786, 'gpp_af': 78.74073807461153, 'gpp_b': 1.1661512752615936e-05, 'gpp_d': 296.9208168740484, 'ign_k': 1.1026006808951114, 'ign_c': 71.30299422436087, 'P_wet_supp': 2856.7839962444623, 'P_wet_pow': 1.5278856303094899, 'P_half2': 32.53828150692206, 'P_floor_pow': 3.2531796465617333}. Best is trial 383 with value: 0.599163981909633.
[I 2026-05-22 17:35:46,683] Trial 400 finished with value: 0.5597063638734193 and parameters: {'k1': 0.010869427398070654, 'D_low': 185.84182080572603, 'k2': 0.0740174565030356, 'D_high': 42192.49927879415, 'fire_exp': 1.093993271963358, 'P_half': 6.56205461690322, 'pre_dampen_half': 6.95246047580854, 'gpp_af': 66.49426324508104, 'gpp_b': 0.0002986049158607814, 'gpp_d': 97.90600913608557, 'ign_k': 4.097997244396652, 'ign_c': 1.9109996670969958, 'P_wet_supp': 6161.180038609411, 'P_wet_pow': 1.9329734660650928, 'P_half2': 1.07921330295576, 'P_floor_pow': 3.6995876774280454}. Best is trial 383 with value: 0.599163981909633.
[I 2026-05-22 17:35:47,236] Trial 401 finished with value: 0.5020998426067452 and parameters: {'k1': 0.005472730171497685, 'D_low': 56.16565877081083, 'k2': 0.014705821598843814, 'D_high': 13764.32336581428, 'fire_exp': 0.4630108096757533, 'P_half': 0.1174547517978728, 'pre_dampen_half': 0.6912088637075777, 'gpp_af': 0.1927225948795746, 'gpp_b': 9.801607074532066e-05, 'gpp_d': 714.6736367864299, 'ign_k': 3.148315885436001, 'ign_c': 2.6062410216352334, 'P_wet_supp': 1495.9691400881281, 'P_wet_pow': 1.1690789069682408, 'P_half2': 1718.0441974190508, 'P_floor_pow': 1.0409101977471267}. Best is trial 383 with value: 0.599163981909633.
[I 2026-05-22 17:35:47,787] Trial 402 finished with value: 0.45820308731763826 and parameters: {'k1': 0.044700719330222474, 'D_low': 120.35737353985562, 'k2': 0.04392891671706409, 'D_high': 159.92979059026698, 'fire_exp': 0.4678895896187739, 'P_half': 6.514195418687985, 'pre_dampen_half': 0.19224279412851472, 'gpp_af': 0.44901079539022765, 'gpp_b': 1.1942725390844866e-06, 'gpp_d': 242.30930101486805, 'ign_k': 4.45614481300708, 'ign_c': 7.742669215342106, 'P_wet_supp': 2295.897493698445, 'P_wet_pow': 2.488092635236495, 'P_half2': 5.011827053791827, 'P_floor_pow': 4.733397724309599}. Best is trial 383 with value: 0.599163981909633.
[I 2026-05-22 17:35:48,336] Trial 403 finished with value: 0.5407727083629449 and parameters: {'k1': 0.024244492000943012, 'D_low': 1.6443555544888617, 'k2': 0.008211176925991617, 'D_high': 52928.086467493784, 'fire_exp': 0.7757268768984067, 'P_half': 0.985525935320971, 'pre_dampen_half': 0.14904026049784136, 'gpp_af': 4.101981001939582, 'gpp_b': 0.004916406532850543, 'gpp_d': 509.81339303295306, 'ign_k': 7.431939589748529, 'ign_c': 12.044442522699812, 'P_wet_supp': 1693.8850670941722, 'P_wet_pow': 1.287201903900764, 'P_half2': 0.13916680667508902, 'P_floor_pow': 4.786404244460356}. Best is trial 383 with value: 0.599163981909633.
[I 2026-05-22 17:35:48,884] Trial 404 finished with value: 0.5514393948707572 and parameters: {'k1': 0.00024447225594606585, 'D_low': 2.767910746271548, 'k2': 9.575766339924989e-05, 'D_high': 27858.41170583617, 'fire_exp': 0.6674763390034648, 'P_half': 0.5803555729778138, 'pre_dampen_half': 0.5124109060864098, 'gpp_af': 11.97487343112121, 'gpp_b': 0.00029433411212658817, 'gpp_d': 94.61745443174992, 'ign_k': 8.036144865849709, 'ign_c': 2.4206070495986376, 'P_wet_supp': 2847.749064788709, 'P_wet_pow': 1.8999082211119898, 'P_half2': 6527.39203844874, 'P_floor_pow': 0.0661847957205865}. Best is trial 383 with value: 0.599163981909633.
[I 2026-05-22 17:35:49,438] Trial 405 finished with value: 0.5584420645823754 and parameters: {'k1': 0.05748041424253843, 'D_low': 18.80671653490799, 'k2': 0.07539697698712138, 'D_high': 31428.44830189232, 'fire_exp': 0.6007673070182521, 'P_half': 46.18564204565789, 'pre_dampen_half': 0.07183403560849382, 'gpp_af': 77.91032646903393, 'gpp_b': 0.00010518485032300519, 'gpp_d': 889.931850147678, 'ign_k': 2.5249310471066835, 'ign_c': 2.7244722908332575, 'P_wet_supp': 6172.00763233689, 'P_wet_pow': 2.419186075465258, 'P_half2': 13.150741850165405, 'P_floor_pow': 0.5952630653750021}. Best is trial 383 with value: 0.599163981909633.
[I 2026-05-22 17:35:49,981] Trial 406 finished with value: 0.5423458832387036 and parameters: {'k1': 0.0002784819281669779, 'D_low': 1.360730584287728, 'k2': 0.02426940944918491, 'D_high': 646.426902809775, 'fire_exp': 0.7314605168483761, 'P_half': 0.37694478350197874, 'pre_dampen_half': 123.05666031191798, 'gpp_af': 0.01507112258891817, 'gpp_b': 0.00021756464326684897, 'gpp_d': 2.2726063483325842, 'ign_k': 0.13428851765960764, 'ign_c': 9.727663206627629, 'P_wet_supp': 7813.114523262399, 'P_wet_pow': 3.79924748778125, 'P_half2': 0.4111289564145073, 'P_floor_pow': 1.9209467239666658}. Best is trial 383 with value: 0.599163981909633.
