[I 2026-05-22 17:48:19,108] Trial 385 finished with value: 0.5708092471013897 and parameters: {'k1': 0.024607422601278548, 'D_low': 2.934349756217931, 'k2': 0.00012821593301782936, 'D_high': 8007.326652730618, 'fire_exp': 0.5430538638248542, 'P_half': 0.9467502429015661, 'pre_dampen_half': 1.6953229037634958, 'gpp_af': 11.722426884568463, 'gpp_b': 0.0023167537457616408, 'gpp_d': 225.48891320504936, 'ign_k': 5.322680173640338, 'ign_c': 3.1008048591399637}. Best is trial 0 with value: 0.6103502735484728.
[I 2026-05-22 17:48:19,538] Trial 386 finished with value: 0.5690736685577051 and parameters: {'k1': 0.05479763626786299, 'D_low': 226.85679375957704, 'k2': 0.0002765255564200403, 'D_high': 25685.102866558358, 'fire_exp': 0.3647369493366156, 'P_half': 14.700514627106282, 'pre_dampen_half': 0.12749765321347342, 'gpp_af': 0.49168784622466755, 'gpp_b': 0.014305801650771806, 'gpp_d': 702.7971761236628, 'ign_k': 3.3116213303582756, 'ign_c': 7.801954587236996}. Best is trial 0 with value: 0.6103502735484728.
[I 2026-05-22 17:48:19,981] Trial 387 finished with value: 0.3994490055432051 and parameters: {'k1': 0.00010143529859832859, 'D_low': 2.200799341519854, 'k2': 0.030778084607493816, 'D_high': 27455.221167604126, 'fire_exp': 0.6384074020965945, 'P_half': 19.570793780392126, 'pre_dampen_half': 2.4384315885104417, 'gpp_af': 3.439595958159342, 'gpp_b': 0.0025341912269258664, 'gpp_d': 569.2374868489951, 'ign_k': 0.6307829254730347, 'ign_c': 278.2612151149695}. Best is trial 0 with value: 0.6103502735484728.
[I 2026-05-22 17:48:20,417] Trial 388 finished with value: 0.5639637621651938 and parameters: {'k1': 1.3023749658255134e-05, 'D_low': 2.0826941715265668, 'k2': 0.03433214991231165, 'D_high': 1262.7731492023454, 'fire_exp': 0.37741384209812207, 'P_half': 0.2732350224962672, 'pre_dampen_half': 1.8983101149192267, 'gpp_af': 0.06604173650718435, 'gpp_b': 0.0010282633528662587, 'gpp_d': 19.164312996466062, 'ign_k': 8.216653597740292, 'ign_c': 0.4664755114475009}. Best is trial 0 with value: 0.6103502735484728.
[I 2026-05-22 17:48:20,844] Trial 389 finished with value: 0.39536769963591456 and parameters: {'k1': 0.03498911733296671, 'D_low': 34.498561764233656, 'k2': 0.000793034423080549, 'D_high': 39740.90712970949, 'fire_exp': 0.9594135841354022, 'P_half': 42.507708213443685, 'pre_dampen_half': 2.503393389702584, 'gpp_af': 0.600114160513594, 'gpp_b': 0.05227149520735837, 'gpp_d': 110.42219406323873, 'ign_k': 7.595857496899086, 'ign_c': 36.470251960519754}. Best is trial 0 with value: 0.6103502735484728.
[I 2026-05-22 17:48:21,278] Trial 390 finished with value: 0.48613154156810817 and parameters: {'k1': 0.02144239657937995, 'D_low': 1.402597148034254, 'k2': 3.917834947673461e-05, 'D_high': 9262.529438880427, 'fire_exp': 1.1897388768812225, 'P_half': 23.771073131041415, 'pre_dampen_half': 0.2612340845429762, 'gpp_af': 0.11192655989278881, 'gpp_b': 7.999954851832885e-06, 'gpp_d': 2.2342635006635407, 'ign_k': 4.425296753128684, 'ign_c': 22.923909087385333}. Best is trial 0 with value: 0.6103502735484728.
[I 2026-05-22 17:48:21,716] Trial 391 finished with value: 0.5792906982071222 and parameters: {'k1': 1.0816558492692632e-05, 'D_low': 1.8342314467937735, 'k2': 0.001050692761522141, 'D_high': 51054.736185469796, 'fire_exp': 0.5925458628725303, 'P_half': 1.2498386927407146, 'pre_dampen_half': 1.2030458469157204, 'gpp_af': 21.978671496688072, 'gpp_b': 0.0004791704813485986, 'gpp_d': 648.7285627455914, 'ign_k': 0.5180843775441668, 'ign_c': 12.046226749944063}. Best is trial 0 with value: 0.6103502735484728.
[I 2026-05-22 17:48:22,144] Trial 392 finished with value: 0.3938597317448089 and parameters: {'k1': 0.013847118254055189, 'D_low': 4.354419706846033, 'k2': 0.00014298148945819251, 'D_high': 767.3523673347853, 'fire_exp': 1.219140572642901, 'P_half': 71.6060633295067, 'pre_dampen_half': 14.116027572184334, 'gpp_af': 0.01924171907802241, 'gpp_b': 0.006546956758931122, 'gpp_d': 112.82747547486284, 'ign_k': 5.143865451943817, 'ign_c': 31.161294338516097}. Best is trial 0 with value: 0.6103502735484728.
[I 2026-05-22 17:48:22,583] Trial 393 finished with value: 0.5599051598942371 and parameters: {'k1': 0.05216257313230387, 'D_low': 6.504937791746302, 'k2': 3.386127107695979e-05, 'D_high': 52261.32359278753, 'fire_exp': 0.6057730457360513, 'P_half': 33.1004503559234, 'pre_dampen_half': 0.9304512811629938, 'gpp_af': 45.68027011831355, 'gpp_b': 0.005937984825927939, 'gpp_d': 13.723265200605477, 'ign_k': 0.9311244541935835, 'ign_c': 3.7962078260016523}. Best is trial 0 with value: 0.6103502735484728.
[I 2026-05-22 17:48:23,014] Trial 394 finished with value: 0.5435199659011537 and parameters: {'k1': 0.009956587559925843, 'D_low': 23.644017241756295, 'k2': 0.0004098207169185174, 'D_high': 8304.975763701763, 'fire_exp': 0.8620416601323347, 'P_half': 61.09692396785794, 'pre_dampen_half': 1.9258900227605502, 'gpp_af': 0.031460526602684655, 'gpp_b': 0.007354734711231252, 'gpp_d': 399.796928655754, 'ign_k': 0.5545077736285017, 'ign_c': 0.7212073228066075}. Best is trial 0 with value: 0.6103502735484728.
[I 2026-05-22 17:48:23,446] Trial 395 finished with value: 0.5845072193830941 and parameters: {'k1': 7.008766935110962e-05, 'D_low': 24.090028106107678, 'k2': 0.05772810938862253, 'D_high': 69313.4913644178, 'fire_exp': 0.5903649080383884, 'P_half': 0.6058918190507051, 'pre_dampen_half': 1.7425480709335193, 'gpp_af': 9.801481581947192, 'gpp_b': 0.00012900652509915278, 'gpp_d': 891.0665683238825, 'ign_k': 0.3849857578137096, 'ign_c': 21.61887810880645}. Best is trial 0 with value: 0.6103502735484728.
[I 2026-05-22 17:48:23,878] Trial 396 finished with value: 0.543488947377181 and parameters: {'k1': 0.06828586381506183, 'D_low': 53.56949681747022, 'k2': 2.6816049889448142e-05, 'D_high': 10114.835983053194, 'fire_exp': 0.8122638024640001, 'P_half': 15.517374153136585, 'pre_dampen_half': 0.5106921392273392, 'gpp_af': 0.2974646974724939, 'gpp_b': 0.0004033486494789842, 'gpp_d': 107.71754244214334, 'ign_k': 0.48065809498974993, 'ign_c': 14.870929145102368}. Best is trial 0 with value: 0.6103502735484728.
[I 2026-05-22 17:48:24,309] Trial 397 finished with value: 0.42132586714884934 and parameters: {'k1': 3.676354984627003e-05, 'D_low': 144.06317562919745, 'k2': 0.05804354785470556, 'D_high': 12964.04963522831, 'fire_exp': 0.5718186784850956, 'P_half': 0.40571293867927244, 'pre_dampen_half': 0.07744051467158654, 'gpp_af': 0.9578623619024936, 'gpp_b': 4.423328051980432e-06, 'gpp_d': 192.34073706951867, 'ign_k': 0.30046004168527696, 'ign_c': 120.59016312548547}. Best is trial 0 with value: 0.6103502735484728.
[I 2026-05-22 17:48:24,739] Trial 398 finished with value: 0.3994490055432051 and parameters: {'k1': 0.028735878453068863, 'D_low': 12.074395215548742, 'k2': 6.916463744184615e-05, 'D_high': 34106.39895399899, 'fire_exp': 0.758989235767434, 'P_half': 8.961136074092646, 'pre_dampen_half': 0.5055116135222483, 'gpp_af': 3.4435027999597856, 'gpp_b': 0.010196040181206754, 'gpp_d': 282.6009347812464, 'ign_k': 5.261616113387895, 'ign_c': 104.87983448396092}. Best is trial 0 with value: 0.6103502735484728.
[I 2026-05-22 17:48:25,167] Trial 399 finished with value: 0.5863166716946627 and parameters: {'k1': 0.012079621211081196, 'D_low': 36.600311676511126, 'k2': 0.0011358687346263638, 'D_high': 1800.4973782989694, 'fire_exp': 0.530164821993441, 'P_half': 288.9042875371441, 'pre_dampen_half': 1.2040992019836168, 'gpp_af': 0.39606270953470024, 'gpp_b': 0.00109924230863548, 'gpp_d': 95.77361696571172, 'ign_k': 1.882351866256999, 'ign_c': 12.7858180251289}. Best is trial 0 with value: 0.6103502735484728.
[I 2026-05-22 17:48:25,598] Trial 400 finished with value: 0.5298405431792962 and parameters: {'k1': 0.0006872103068192469, 'D_low': 18.19647765200809, 'k2': 0.025964683032127595, 'D_high': 13389.273960357168, 'fire_exp': 0.7845188850649535, 'P_half': 0.18815753641101923, 'pre_dampen_half': 27.827666263271087, 'gpp_af': 5.462930243208115, 'gpp_b': 0.0005564733316384687, 'gpp_d': 644.0096228778388, 'ign_k': 0.39416576165893796, 'ign_c': 2.803164410347221}. Best is trial 0 with value: 0.6103502735484728.
[I 2026-05-22 17:48:26,030] Trial 401 finished with value: 0.5503836915497795 and parameters: {'k1': 2.628590730026504e-05, 'D_low': 81.03279319673607, 'k2': 0.004472413254457842, 'D_high': 10747.846002201532, 'fire_exp': 1.2371670499616223, 'P_half': 19.550483879257307, 'pre_dampen_half': 16.548396625538448, 'gpp_af': 0.9234429235405446, 'gpp_b': 0.013194045914060783, 'gpp_d': 10.253224204988323, 'ign_k': 3.4244633688798674, 'ign_c': 10.274101812545121}. Best is trial 0 with value: 0.6103502735484728.
[I 2026-05-22 17:48:26,462] Trial 402 finished with value: 0.4798038959656118 and parameters: {'k1': 0.001980927252219472, 'D_low': 22.99659468266203, 'k2': 0.0018740089307723038, 'D_high': 4475.64082325007, 'fire_exp': 0.7769252518944753, 'P_half': 2177.1939884130447, 'pre_dampen_half': 0.08972556657736638, 'gpp_af': 0.1425576959017464, 'gpp_b': 0.002030259736529823, 'gpp_d': 2.703171578034769, 'ign_k': 1.4551149584635854, 'ign_c': 8.246133757539777}. Best is trial 0 with value: 0.6103502735484728.
[I 2026-05-22 17:48:26,896] Trial 403 finished with value: 0.49408822203123576 and parameters: {'k1': 0.09003930099399912, 'D_low': 7.121493826476069, 'k2': 0.0024300701916760833, 'D_high': 255.94975213760372, 'fire_exp': 0.9089356921172391, 'P_half': 0.5684253378486588, 'pre_dampen_half': 1.1509623945664176, 'gpp_af': 0.03553276868284594, 'gpp_b': 0.004202961435501536, 'gpp_d': 279.5674210869096, 'ign_k': 0.12166318802631902, 'ign_c': 7.569141872771574}. Best is trial 0 with value: 0.6103502735484728.
[I 2026-05-22 17:48:27,327] Trial 404 finished with value: 0.564946973983275 and parameters: {'k1': 0.004825788304188899, 'D_low': 5.499513977957887, 'k2': 0.012488188375651217, 'D_high': 2338.492405256916, 'fire_exp': 0.3691690284791717, 'P_half': 47.457836784806446, 'pre_dampen_half': 2.0697598627234304, 'gpp_af': 0.23757523731905936, 'gpp_b': 0.03506565492720423, 'gpp_d': 773.2555941779689, 'ign_k': 0.5902449240011721, 'ign_c': 8.266579363785478}. Best is trial 0 with value: 0.6103502735484728.
[I 2026-05-22 17:48:27,758] Trial 405 finished with value: 0.46615176314412343 and parameters: {'k1': 0.0009489385969972858, 'D_low': 362.8683205589955, 'k2': 0.0027363618080289876, 'D_high': 3312.939096602871, 'fire_exp': 0.39300538771995763, 'P_half': 0.10409764537330889, 'pre_dampen_half': 10.333627573890247, 'gpp_af': 0.009028604448087087, 'gpp_b': 8.842816833939012e-05, 'gpp_d': 173.73167023794005, 'ign_k': 0.17150147970372512, 'ign_c': 81.52784671604276}. Best is trial 0 with value: 0.6103502735484728.
[I 2026-05-22 17:48:28,200] Trial 406 finished with value: 0.3994490055432051 and parameters: {'k1': 0.09586759842751282, 'D_low': 46.576045986864635, 'k2': 9.21531675221867e-05, 'D_high': 1260.6893832011924, 'fire_exp': 0.5743128019008796, 'P_half': 444.62618939378774, 'pre_dampen_half': 10.005561672054217, 'gpp_af': 2.2880896103417903, 'gpp_b': 0.0004329803375829019, 'gpp_d': 28.413264675763156, 'ign_k': 0.4646940588945226, 'ign_c': 175.55537115025035}. Best is trial 0 with value: 0.6103502735484728.
[I 2026-05-22 17:48:28,639] Trial 407 finished with value: 0.3931758062438348 and parameters: {'k1': 0.0009749180017392067, 'D_low': 96.56610879122887, 'k2': 1.9774698915339077e-05, 'D_high': 74102.67969673354, 'fire_exp': 0.6738805059254934, 'P_half': 1.1546251662984932, 'pre_dampen_half': 12.136529137484654, 'gpp_af': 86.17341296480255, 'gpp_b': 0.010653700279999274, 'gpp_d': 4.513374045095994, 'ign_k': 4.9324543515871335, 'ign_c': 38.993006151393715}. Best is trial 0 with value: 0.6103502735484728.
[I 2026-05-22 17:48:29,075] Trial 408 finished with value: 0.5652455139841062 and parameters: {'k1': 0.00013027261951444093, 'D_low': 2.3686416404575823, 'k2': 0.02327967495532949, 'D_high': 5465.220576444208, 'fire_exp': 0.3837400456872517, 'P_half': 44.09144748434213, 'pre_dampen_half': 2.6320406352538432, 'gpp_af': 71.18677806072711, 'gpp_b': 2.698117078582133e-06, 'gpp_d': 120.30760406857459, 'ign_k': 6.22496984510667, 'ign_c': 3.5205310812251938}. Best is trial 0 with value: 0.6103502735484728.
[I 2026-05-22 17:48:29,507] Trial 409 finished with value: 0.5395371781351406 and parameters: {'k1': 0.039479230662295195, 'D_low': 2.0155151828862263, 'k2': 0.000339473043369019, 'D_high': 4412.2081654699905, 'fire_exp': 0.6526065950300142, 'P_half': 378.2793572923679, 'pre_dampen_half': 1.1887651263893735, 'gpp_af': 7.254681481916035, 'gpp_b': 3.4382577451652715e-06, 'gpp_d': 693.0175042887694, 'ign_k': 0.30013467495814405, 'ign_c': 25.49406024550834}. Best is trial 0 with value: 0.6103502735484728.
[I 2026-05-22 17:48:29,938] Trial 410 finished with value: 0.5749705436563323 and parameters: {'k1': 3.9540437195440973e-05, 'D_low': 37.478062818850624, 'k2': 0.03765126524020023, 'D_high': 20592.211841494558, 'fire_exp': 0.8095708867933805, 'P_half': 2.191761244397466, 'pre_dampen_half': 5.152959974975098, 'gpp_af': 6.129093279258593, 'gpp_b': 0.0009828128160303147, 'gpp_d': 554.227220762455, 'ign_k': 0.2257010290020326, 'ign_c': 12.638111138196281}. Best is trial 0 with value: 0.6103502735484728.
[I 2026-05-22 17:48:30,369] Trial 411 finished with value: 0.3994490055432051 and parameters: {'k1': 0.0789676817315959, 'D_low': 25.14803707000179, 'k2': 0.00024311948496787852, 'D_high': 925.9361553434154, 'fire_exp': 0.5810249556359888, 'P_half': 54.77067806545933, 'pre_dampen_half': 2.3329696580589006, 'gpp_af': 7.070264561093796, 'gpp_b': 0.03139162386399639, 'gpp_d': 0.11377771345971223, 'ign_k': 5.323807425371258, 'ign_c': 95.4181073336449}. Best is trial 0 with value: 0.6103502735484728.
[I 2026-05-22 17:48:30,803] Trial 412 finished with value: 0.4930765602192219 and parameters: {'k1': 8.25242316886315e-05, 'D_low': 226.7396893763163, 'k2': 0.02214653927668357, 'D_high': 62364.28167134576, 'fire_exp': 1.934692585897625, 'P_half': 1.8284127613772638, 'pre_dampen_half': 0.8592703880931438, 'gpp_af': 31.372654148427294, 'gpp_b': 1.7485356698376866e-05, 'gpp_d': 271.8196068689303, 'ign_k': 0.8738415668166584, 'ign_c': 21.716922439453825}. Best is trial 0 with value: 0.6103502735484728.
[I 2026-05-22 17:48:31,238] Trial 413 finished with value: 0.5527894290649645 and parameters: {'k1': 0.004185036369751952, 'D_low': 57.15506864175252, 'k2': 0.0006668378222313775, 'D_high': 226.96031279669137, 'fire_exp': 0.9825880507067083, 'P_half': 0.12658681888891316, 'pre_dampen_half': 227.27229190577842, 'gpp_af': 0.008043662931897287, 'gpp_b': 2.4354746288260165e-06, 'gpp_d': 36.28886107283181, 'ign_k': 0.4352859880979077, 'ign_c': 4.674790900425224}. Best is trial 0 with value: 0.6103502735484728.
[I 2026-05-22 17:48:31,672] Trial 414 finished with value: 0.539381151592202 and parameters: {'k1': 0.0015423476676339016, 'D_low': 7.645287679071331, 'k2': 0.06693124166709122, 'D_high': 84768.27016935678, 'fire_exp': 0.565572069641613, 'P_half': 25.784948858498154, 'pre_dampen_half': 4.829262365428504, 'gpp_af': 20.992750418325453, 'gpp_b': 3.117738268593816e-05, 'gpp_d': 230.72403979703668, 'ign_k': 0.04550725121969854, 'ign_c': 7.6591300139241145}. Best is trial 0 with value: 0.6103502735484728.
[I 2026-05-22 17:48:32,107] Trial 415 finished with value: 0.5261890575286915 and parameters: {'k1': 0.06841725115314178, 'D_low': 226.15443687251158, 'k2': 0.012881194724858222, 'D_high': 27723.76963685512, 'fire_exp': 1.2837075197537173, 'P_half': 10.411033742060933, 'pre_dampen_half': 0.10272320883083969, 'gpp_af': 0.07089404703695894, 'gpp_b': 6.129438788926571e-06, 'gpp_d': 3.9425162397017286, 'ign_k': 1.7600323713910713, 'ign_c': 3.69937360450382}. Best is trial 0 with value: 0.6103502735484728.
[I 2026-05-22 17:48:32,541] Trial 416 finished with value: 0.5570535594234396 and parameters: {'k1': 0.0013694935967871697, 'D_low': 34.27155118237174, 'k2': 0.0008360825644770692, 'D_high': 644.8307560739598, 'fire_exp': 0.43193671469391526, 'P_half': 3.277383279298866, 'pre_dampen_half': 1.8666241981252085, 'gpp_af': 0.018936917608213526, 'gpp_b': 2.3557669000194015e-06, 'gpp_d': 7.674715231775232, 'ign_k': 0.125210263956259, 'ign_c': 8.106481162047512}. Best is trial 0 with value: 0.6103502735484728.
[I 2026-05-22 17:48:32,974] Trial 417 finished with value: 0.5765664264907668 and parameters: {'k1': 0.0010434935789691722, 'D_low': 13.58125735014984, 'k2': 0.00032292860965299166, 'D_high': 2332.247618515575, 'fire_exp': 0.451849699740321, 'P_half': 368.92489640498883, 'pre_dampen_half': 2.7860990949404623, 'gpp_af': 0.017980746350477556, 'gpp_b': 0.0004251431270630519, 'gpp_d': 49.40969998035936, 'ign_k': 1.3916467037030684, 'ign_c': 12.819464553661616}. Best is trial 0 with value: 0.6103502735484728.
[I 2026-05-22 17:48:33,405] Trial 418 finished with value: 0.5761680763927518 and parameters: {'k1': 0.04196396872235947, 'D_low': 18.77447617592139, 'k2': 0.0005374939736698661, 'D_high': 5992.761691416048, 'fire_exp': 0.7236628629751393, 'P_half': 119.46459597686216, 'pre_dampen_half': 3.0337692332553043, 'gpp_af': 0.1235075289732335, 'gpp_b': 0.004503811356772576, 'gpp_d': 61.52267137156762, 'ign_k': 0.7735483921398671, 'ign_c': 7.757091876839202}. Best is trial 0 with value: 0.6103502735484728.
[I 2026-05-22 17:48:33,836] Trial 419 finished with value: 0.4412653954810339 and parameters: {'k1': 0.0029452926068829497, 'D_low': 7.255175556444679, 'k2': 0.0041687314349776496, 'D_high': 1287.9184756931204, 'fire_exp': 1.0752566348427155, 'P_half': 290.30324681871605, 'pre_dampen_half': 2.8856738028066418, 'gpp_af': 0.04273788349238021, 'gpp_b': 0.001212782016961695, 'gpp_d': 77.57996719860017, 'ign_k': 1.8897381507856352, 'ign_c': 29.310813088946293}. Best is trial 0 with value: 0.6103502735484728.
[I 2026-05-22 17:48:34,272] Trial 420 finished with value: 0.4518538106840655 and parameters: {'k1': 6.288252133685629e-05, 'D_low': 3.5501226233163594, 'k2': 0.004744602009459391, 'D_high': 84576.74537296694, 'fire_exp': 0.3718341585056885, 'P_half': 5.628184801605033, 'pre_dampen_half': 0.07946012153385472, 'gpp_af': 41.46525131479828, 'gpp_b': 7.790858913686101e-05, 'gpp_d': 169.20125216528407, 'ign_k': 0.511607276985993, 'ign_c': 100.20194726822275}. Best is trial 0 with value: 0.6103502735484728.
[I 2026-05-22 17:48:34,708] Trial 421 finished with value: 0.5467046089649987 and parameters: {'k1': 0.0024609811611530797, 'D_low': 2.2329237130548285, 'k2': 0.00021311418216992303, 'D_high': 7865.515912615481, 'fire_exp': 0.6907011968232627, 'P_half': 56.75779256122802, 'pre_dampen_half': 0.23606265577956842, 'gpp_af': 0.590967664121344, 'gpp_b': 0.0001246460395321193, 'gpp_d': 94.10959773759639, 'ign_k': 6.75515967506495, 'ign_c': 7.755377603588069}. Best is trial 0 with value: 0.6103502735484728.
[I 2026-05-22 17:48:35,144] Trial 422 finished with value: 0.5372519152138053 and parameters: {'k1': 0.07785907508895215, 'D_low': 28.383879798138178, 'k2': 0.03361101863461911, 'D_high': 2908.4270014645676, 'fire_exp': 0.9399698935189371, 'P_half': 442.23278843791513, 'pre_dampen_half': 0.7487533515421021, 'gpp_af': 1.0867770163365484, 'gpp_b': 0.00027562051142159205, 'gpp_d': 120.78198765126392, 'ign_k': 8.311762772354385, 'ign_c': 17.57107302067006}. Best is trial 0 with value: 0.6103502735484728.
[I 2026-05-22 17:48:35,578] Trial 423 finished with value: 0.3994490055432051 and parameters: {'k1': 0.019841107853175215, 'D_low': 4.147513913553784, 'k2': 0.00010406646495443215, 'D_high': 762.0611157154566, 'fire_exp': 0.39861553538531014, 'P_half': 57.41578039948179, 'pre_dampen_half': 0.45357556455702086, 'gpp_af': 2.823422685848108, 'gpp_b': 3.3535851288047795e-05, 'gpp_d': 9.57450840863555, 'ign_k': 7.213594509203671, 'ign_c': 86.76503586135225}. Best is trial 0 with value: 0.6103502735484728.
[I 2026-05-22 17:48:36,014] Trial 424 finished with value: 0.3994490055432051 and parameters: {'k1': 1.0798687481693661e-05, 'D_low': 4.0610797214573315, 'k2': 0.0002996253250233586, 'D_high': 25.707518973205215, 'fire_exp': 0.5446788484908013, 'P_half': 1.7331968107382631, 'pre_dampen_half': 22.613907656270086, 'gpp_af': 0.10173178012387847, 'gpp_b': 3.9066338849240707, 'gpp_d': 4.771273178538545, 'ign_k': 0.17802991499305026, 'ign_c': 652.8717233878007}. Best is trial 0 with value: 0.6103502735484728.
[I 2026-05-22 17:48:36,452] Trial 425 finished with value: 0.5693884835186298 and parameters: {'k1': 0.005610187296283544, 'D_low': 12.657062394860091, 'k2': 0.0001083288565878179, 'D_high': 51879.880387383906, 'fire_exp': 0.379436524232461, 'P_half': 69.4780022228792, 'pre_dampen_half': 0.19896957047194258, 'gpp_af': 5.920797277273642, 'gpp_b': 3.0131672934392078e-05, 'gpp_d': 491.665618704227, 'ign_k': 3.1617767438639968, 'ign_c': 3.2735690522713514}. Best is trial 0 with value: 0.6103502735484728.
[I 2026-05-22 17:48:36,882] Trial 426 finished with value: 0.4505015781704751 and parameters: {'k1': 0.015476006279368397, 'D_low': 72.90217314997977, 'k2': 0.0009019943667680344, 'D_high': 4357.466687707948, 'fire_exp': 0.4636190213133997, 'P_half': 0.5173093133178497, 'pre_dampen_half': 0.38046586023600815, 'gpp_af': 0.003279490582852105, 'gpp_b': 1.0554416143343964e-06, 'gpp_d': 451.23470529117526, 'ign_k': 0.7202847142516442, 'ign_c': 43.406816961495295}. Best is trial 0 with value: 0.6103502735484728.
[I 2026-05-22 17:48:37,322] Trial 427 finished with value: 0.5720246445546611 and parameters: {'k1': 0.050320610433163084, 'D_low': 46.56234468905582, 'k2': 8.153620208008438e-05, 'D_high': 2598.984841828118, 'fire_exp': 0.3788726976100206, 'P_half': 447.3110613670208, 'pre_dampen_half': 0.20876356863727602, 'gpp_af': 2.686095026714447, 'gpp_b': 0.0001687734039539796, 'gpp_d': 8.05409600289163, 'ign_k': 1.1334642818796623, 'ign_c': 9.968084772993059}. Best is trial 0 with value: 0.6103502735484728.
