[I 2026-05-22 18:08:36,275] Trial 291 finished with value: 0.5679421404676066 and parameters: {'P_amp': 0.3694440076055828, 'P_wet': 4324.329370906221, 'P_pow': 5.810378767008318, 'WG_amp': 0.6863964414324172, 'WG_Phalf': 2808.594253726393, 'WG_k': 44.070005082928816, 'WG_c': 0.00010141888305418152, 'rain_shift': 4.785237084975225, 'ign_k': 0.10360372327353846, 'rate_power': 0.8891286362835246}. Best is trial 209 with value: 0.6108097453057891.
[I 2026-05-22 18:08:36,738] Trial 292 finished with value: 0.5663040086440266 and parameters: {'P_amp': 0.3891142958829452, 'P_wet': 582.5893091999386, 'P_pow': 2.9869742155113643, 'WG_amp': 0.22912652347229873, 'WG_Phalf': 4180.265417271808, 'WG_k': 0.07506439041405318, 'WG_c': 1.04232478834677, 'rain_shift': 0.9445444310118614, 'ign_k': 0.22508622733293523, 'rate_power': 1.1378488693135824}. Best is trial 209 with value: 0.6108097453057891.
[I 2026-05-22 18:08:37,202] Trial 293 finished with value: 0.5380722045456895 and parameters: {'P_amp': 0.8476280037717515, 'P_wet': 890.510222411742, 'P_pow': 3.055344459323239, 'WG_amp': 0.5346807777129108, 'WG_Phalf': 1435.501915533175, 'WG_k': 0.27987769987088706, 'WG_c': 0.00019121685175204603, 'rain_shift': 7.191921951003147, 'ign_k': 0.10505535540364752, 'rate_power': 0.8169778337909706}. Best is trial 209 with value: 0.6108097453057891.
[I 2026-05-22 18:08:37,668] Trial 294 finished with value: 0.5123132016421917 and parameters: {'P_amp': 0.662263640820424, 'P_wet': 2823.3581308097932, 'P_pow': 3.838230766733109, 'WG_amp': 0.7781106014683862, 'WG_Phalf': 514.753824569104, 'WG_k': 4.14548619275831, 'WG_c': 0.07458190785551637, 'rain_shift': 7.5710297929056445, 'ign_k': 0.8370071497253619, 'rate_power': 1.2690263583966663}. Best is trial 209 with value: 0.6108097453057891.
[I 2026-05-22 18:08:38,135] Trial 295 finished with value: 0.5928650499365558 and parameters: {'P_amp': 0.3710661797724714, 'P_wet': 5515.07102142408, 'P_pow': 0.37628244778793996, 'WG_amp': 0.00029561743333571255, 'WG_Phalf': 971.4124770302278, 'WG_k': 60.877515769827106, 'WG_c': 7.990688099198464, 'rain_shift': 0.3278879509884496, 'ign_k': 0.35817330222629135, 'rate_power': 0.9443880077740842}. Best is trial 209 with value: 0.6108097453057891.
[I 2026-05-22 18:08:38,601] Trial 296 finished with value: 0.5137561369144977 and parameters: {'P_amp': 0.17780193367702168, 'P_wet': 2605.236081273408, 'P_pow': 4.5449875208325725, 'WG_amp': 0.5145519562197931, 'WG_Phalf': 188.71557637631093, 'WG_k': 0.6794195465498812, 'WG_c': 0.0002958466363169338, 'rain_shift': 8.538110243406354, 'ign_k': 2.7195356361273935, 'rate_power': 1.2657669659022557}. Best is trial 209 with value: 0.6108097453057891.
[I 2026-05-22 18:08:39,065] Trial 297 finished with value: 0.601288065941083 and parameters: {'P_amp': 0.13921847887875807, 'P_wet': 5323.024344136751, 'P_pow': 2.294365364019206, 'WG_amp': 0.049502952028923713, 'WG_Phalf': 100.21790778787532, 'WG_k': 12.986452375198661, 'WG_c': 1.065385342329818, 'rain_shift': 0.7965645838213918, 'ign_k': 0.8691678017810718, 'rate_power': 1.2750780299028373}. Best is trial 209 with value: 0.6108097453057891.
[I 2026-05-22 18:08:39,533] Trial 298 finished with value: 0.5906119634094195 and parameters: {'P_amp': 0.01780555720708195, 'P_wet': 2467.7659732328902, 'P_pow': 0.5295000325981342, 'WG_amp': 0.1379381518602524, 'WG_Phalf': 819.1393165463691, 'WG_k': 3.711990418898089, 'WG_c': 8.67135285002602, 'rain_shift': 2.4331916525437522, 'ign_k': 0.7215434251854725, 'rate_power': 0.9012488936143949}. Best is trial 209 with value: 0.6108097453057891.
[I 2026-05-22 18:08:39,999] Trial 299 finished with value: 0.605162956262136 and parameters: {'P_amp': 0.3157499527940266, 'P_wet': 4536.840805091349, 'P_pow': 4.839160666599026, 'WG_amp': 0.7793472268538463, 'WG_Phalf': 144.40755895867326, 'WG_k': 8.378772512702579, 'WG_c': 3.4666515704303342, 'rain_shift': 1.5588878291716233, 'ign_k': 0.8581836950599213, 'rate_power': 0.8867177856659029}. Best is trial 209 with value: 0.6108097453057891.
[I 2026-05-22 18:08:40,476] Trial 300 finished with value: 0.5674658518827915 and parameters: {'P_amp': 0.46746089434274657, 'P_wet': 5639.620966530777, 'P_pow': 2.9527688467620727, 'WG_amp': 0.26857042340791937, 'WG_Phalf': 101.17611587338472, 'WG_k': 7.585501706949078, 'WG_c': 0.10033589518917505, 'rain_shift': 1.9713089983459122, 'ign_k': 1.4561847719637349, 'rate_power': 1.2234693890768453}. Best is trial 209 with value: 0.6108097453057891.
[I 2026-05-22 18:08:40,940] Trial 301 finished with value: 0.5881547056566546 and parameters: {'P_amp': 0.039494479390653967, 'P_wet': 1812.147136823223, 'P_pow': 4.36712962769995, 'WG_amp': 0.5283500099998089, 'WG_Phalf': 205.03715902861325, 'WG_k': 66.59802825999793, 'WG_c': 7.90102593592959, 'rain_shift': 0.2976312118644303, 'ign_k': 0.30708318915018357, 'rate_power': 0.9456664475938473}. Best is trial 209 with value: 0.6108097453057891.
[I 2026-05-22 18:08:41,404] Trial 302 finished with value: 0.5823779250033597 and parameters: {'P_amp': 0.17969267688046825, 'P_wet': 1626.9901498898184, 'P_pow': 4.414052162640619, 'WG_amp': 0.5682442573234573, 'WG_Phalf': 370.9696098277287, 'WG_k': 38.45201934078683, 'WG_c': 0.2106936249296556, 'rain_shift': 2.5441964201159237, 'ign_k': 0.6167625947237374, 'rate_power': 0.8961463619216004}. Best is trial 209 with value: 0.6108097453057891.
[I 2026-05-22 18:08:41,865] Trial 303 finished with value: 0.6001702548998795 and parameters: {'P_amp': 0.04574949640193208, 'P_wet': 3683.664074679036, 'P_pow': 1.1618980043545037, 'WG_amp': 0.08004585651004074, 'WG_Phalf': 729.4586541808301, 'WG_k': 70.1661109497053, 'WG_c': 5.37898023117966, 'rain_shift': 0.7582936160680822, 'ign_k': 0.34348152422765565, 'rate_power': 1.1151340222989492}. Best is trial 209 with value: 0.6108097453057891.
[I 2026-05-22 18:08:42,326] Trial 304 finished with value: 0.6009919797254151 and parameters: {'P_amp': 0.06501619366131665, 'P_wet': 3454.579633533159, 'P_pow': 1.0236645853425783, 'WG_amp': 0.10098133056191498, 'WG_Phalf': 615.3628624691112, 'WG_k': 3.754443096905163, 'WG_c': 0.460548994852416, 'rain_shift': 0.3432549158736745, 'ign_k': 0.4972530126859072, 'rate_power': 0.9287134442182532}. Best is trial 209 with value: 0.6108097453057891.
[I 2026-05-22 18:08:42,791] Trial 305 finished with value: 0.5737496153455187 and parameters: {'P_amp': 0.20169893345225676, 'P_wet': 1952.9394924090057, 'P_pow': 0.8330472352434015, 'WG_amp': 0.46543595055824843, 'WG_Phalf': 172.9985293690678, 'WG_k': 25.026766881533405, 'WG_c': 0.6928553396781018, 'rain_shift': 2.8753343175463972, 'ign_k': 0.3395749699953617, 'rate_power': 1.1085471555031787}. Best is trial 209 with value: 0.6108097453057891.
[I 2026-05-22 18:08:43,255] Trial 306 finished with value: 0.6078268574877529 and parameters: {'P_amp': 0.09166547492691172, 'P_wet': 3894.083925578253, 'P_pow': 0.23061073721523068, 'WG_amp': 0.01232076075505606, 'WG_Phalf': 638.2802711900953, 'WG_k': 33.00427566724762, 'WG_c': 5.384165707203882, 'rain_shift': 0.5009391670821167, 'ign_k': 0.9638384110479418, 'rate_power': 1.0237701588082484}. Best is trial 209 with value: 0.6108097453057891.
[I 2026-05-22 18:08:43,720] Trial 307 finished with value: 0.6039879610760319 and parameters: {'P_amp': 0.02864059893341228, 'P_wet': 628.8341965844418, 'P_pow': 0.3074638308050075, 'WG_amp': 0.4737371933316863, 'WG_Phalf': 1299.6157941249883, 'WG_k': 64.41299330078644, 'WG_c': 0.0978807087140297, 'rain_shift': 0.38320506238871577, 'ign_k': 0.6917649518046668, 'rate_power': 1.13377901758878}. Best is trial 209 with value: 0.6108097453057891.
[I 2026-05-22 18:08:44,192] Trial 308 finished with value: 0.6042344340502929 and parameters: {'P_amp': 0.11554722012147084, 'P_wet': 2789.7798425913675, 'P_pow': 0.4036294694879242, 'WG_amp': 0.0009701265979180102, 'WG_Phalf': 1107.359574427065, 'WG_k': 30.803912972295073, 'WG_c': 4.159754558899689, 'rain_shift': 0.17652652343348363, 'ign_k': 2.595361651437468, 'rate_power': 1.0464534143115}. Best is trial 209 with value: 0.6108097453057891.
[I 2026-05-22 18:08:44,660] Trial 309 finished with value: 0.5913239024415624 and parameters: {'P_amp': 0.15469220747856585, 'P_wet': 2574.1763964187344, 'P_pow': 0.4195726645183022, 'WG_amp': 0.016127711515011675, 'WG_Phalf': 458.7917114572664, 'WG_k': 14.26893598344374, 'WG_c': 4.632296222932647, 'rain_shift': 1.6298697681879761, 'ign_k': 1.281459627235155, 'rate_power': 1.0285677833944824}. Best is trial 209 with value: 0.6108097453057891.
[I 2026-05-22 18:08:45,124] Trial 310 finished with value: 0.6079165638879734 and parameters: {'P_amp': 0.37502370466459445, 'P_wet': 5112.186266106831, 'P_pow': 4.423549175585019, 'WG_amp': 0.3279140267493969, 'WG_Phalf': 116.18127032106548, 'WG_k': 6.123644296729019, 'WG_c': 1.1138441132429524, 'rain_shift': 0.047593486310056, 'ign_k': 1.0106963593729332, 'rate_power': 1.0921829628904185}. Best is trial 209 with value: 0.6108097453057891.
[I 2026-05-22 18:08:45,610] Trial 311 finished with value: 0.6063997023908347 and parameters: {'P_amp': 0.04733704551031914, 'P_wet': 1012.6735378539043, 'P_pow': 0.8736767552430831, 'WG_amp': 0.3419224741214056, 'WG_Phalf': 1713.4102749225658, 'WG_k': 2.9819808876576266, 'WG_c': 2.136932909064428, 'rain_shift': 1.1038877731736831, 'ign_k': 0.7079179724918727, 'rate_power': 0.7318632396148416}. Best is trial 209 with value: 0.6108097453057891.
[I 2026-05-22 18:08:46,093] Trial 312 finished with value: 0.5218407572756338 and parameters: {'P_amp': 0.8961517400576278, 'P_wet': 343.7170117605862, 'P_pow': 1.3223345480532094, 'WG_amp': 0.17452884450705114, 'WG_Phalf': 716.854960059991, 'WG_k': 0.07119810525372594, 'WG_c': 0.006615586785255636, 'rain_shift': 6.861736674156527, 'ign_k': 0.05740050199124085, 'rate_power': 0.8052476177887458}. Best is trial 209 with value: 0.6108097453057891.
[I 2026-05-22 18:08:46,562] Trial 313 finished with value: 0.5253178802153421 and parameters: {'P_amp': 0.7481261028405903, 'P_wet': 3226.8602314161794, 'P_pow': 1.4647609340766305, 'WG_amp': 0.7443233888410854, 'WG_Phalf': 3657.944164890605, 'WG_k': 0.016396041302280406, 'WG_c': 1.7641567255662554, 'rain_shift': 5.971681566350142, 'ign_k': 1.9549661413287798, 'rate_power': 1.2644916019589363}. Best is trial 209 with value: 0.6108097453057891.
[I 2026-05-22 18:08:47,033] Trial 314 finished with value: 0.6055607309372512 and parameters: {'P_amp': 0.40062633665436076, 'P_wet': 5694.880921526523, 'P_pow': 4.655321622632073, 'WG_amp': 0.4594298034489429, 'WG_Phalf': 171.06312276096648, 'WG_k': 10.624866221328862, 'WG_c': 1.6178619142997448, 'rain_shift': 0.5915258161746316, 'ign_k': 0.4182939755911145, 'rate_power': 1.0938094809865482}. Best is trial 209 with value: 0.6108097453057891.
[I 2026-05-22 18:08:47,495] Trial 315 finished with value: 0.516088581243135 and parameters: {'P_amp': 0.8833799621669494, 'P_wet': 1075.982518214599, 'P_pow': 0.9549667256815555, 'WG_amp': 0.4852637289027936, 'WG_Phalf': 119.07952555851642, 'WG_k': 0.204468619278187, 'WG_c': 0.13856752603954423, 'rain_shift': 1.3966021663741568, 'ign_k': 0.06967498318280396, 'rate_power': 1.2163787427304946}. Best is trial 209 with value: 0.6108097453057891.
[I 2026-05-22 18:08:47,956] Trial 316 finished with value: 0.5491282816617065 and parameters: {'P_amp': 0.001252879304542459, 'P_wet': 1680.2997004430624, 'P_pow': 1.7612426438089732, 'WG_amp': 0.1503957484083695, 'WG_Phalf': 135.82324024822935, 'WG_k': 3.446771230328864, 'WG_c': 1.9756735262969178, 'rain_shift': 5.637750535733008, 'ign_k': 0.3604992135868832, 'rate_power': 1.1486150969610234}. Best is trial 209 with value: 0.6108097453057891.
[I 2026-05-22 18:08:48,424] Trial 317 finished with value: 0.5759129856375376 and parameters: {'P_amp': 0.020928560495563027, 'P_wet': 2883.8024936247884, 'P_pow': 0.2362882219913412, 'WG_amp': 0.3666233451976072, 'WG_Phalf': 172.56950156516737, 'WG_k': 2.7178057970382907, 'WG_c': 0.44713188044387125, 'rain_shift': 2.6244432408340286, 'ign_k': 1.2149311764886457, 'rate_power': 0.8884255549231712}. Best is trial 209 with value: 0.6108097453057891.
[I 2026-05-22 18:08:48,900] Trial 318 finished with value: 0.6076683272017681 and parameters: {'P_amp': 0.017549839036080192, 'P_wet': 1811.0624492467086, 'P_pow': 0.2763643402439301, 'WG_amp': 0.5309158817822764, 'WG_Phalf': 1414.9082750365953, 'WG_k': 63.91446030798451, 'WG_c': 6.401279220424359, 'rain_shift': 1.8902695718422848, 'ign_k': 0.5585141534476253, 'rate_power': 0.8337302066160032}. Best is trial 209 with value: 0.6108097453057891.
[I 2026-05-22 18:08:49,363] Trial 319 finished with value: 0.6071240029758896 and parameters: {'P_amp': 0.23997971612585023, 'P_wet': 4442.759567844056, 'P_pow': 5.156532723005128, 'WG_amp': 0.007469277129095564, 'WG_Phalf': 147.93843094036484, 'WG_k': 2.6375707048168073, 'WG_c': 2.588294055030506, 'rain_shift': 0.13547330814084135, 'ign_k': 1.3217861549030518, 'rate_power': 1.1603822730536801}. Best is trial 209 with value: 0.6108097453057891.
[I 2026-05-22 18:08:49,832] Trial 320 finished with value: 0.5598763652976388 and parameters: {'P_amp': 0.16761879708517435, 'P_wet': 652.5843700496154, 'P_pow': 3.4204056808536745, 'WG_amp': 0.19278143207259135, 'WG_Phalf': 200.41074749612818, 'WG_k': 1.6611236657387847, 'WG_c': 4.09489151059429, 'rain_shift': 6.9143850564865925, 'ign_k': 0.29201774455512763, 'rate_power': 0.7814441213003365}. Best is trial 209 with value: 0.6108097453057891.
[I 2026-05-22 18:08:50,305] Trial 321 finished with value: 0.5023364866063602 and parameters: {'P_amp': 0.2074191898789866, 'P_wet': 398.56301644804245, 'P_pow': 5.846039872495245, 'WG_amp': 0.6082941464697558, 'WG_Phalf': 312.60333689937494, 'WG_k': 0.010604022007539026, 'WG_c': 0.7612218088742323, 'rain_shift': 8.40454037652136, 'ign_k': 0.24145509634463322, 'rate_power': 1.256394778150129}. Best is trial 209 with value: 0.6108097453057891.
[I 2026-05-22 18:08:50,771] Trial 322 finished with value: 0.6033981000938073 and parameters: {'P_amp': 0.023313626850354922, 'P_wet': 3943.8065419339805, 'P_pow': 0.9523060357895977, 'WG_amp': 0.10037927827444548, 'WG_Phalf': 510.78090051999857, 'WG_k': 29.367024166473218, 'WG_c': 4.357334464956745, 'rain_shift': 1.8246343945110988, 'ign_k': 1.3789068478835413, 'rate_power': 0.7135880274025549}. Best is trial 209 with value: 0.6108097453057891.
[I 2026-05-22 18:08:51,236] Trial 323 finished with value: 0.5832594797140166 and parameters: {'P_amp': 0.33151469366575326, 'P_wet': 5600.664577341889, 'P_pow': 5.280618140390544, 'WG_amp': 0.2810152246735681, 'WG_Phalf': 114.54099850637662, 'WG_k': 2.8506166396955126, 'WG_c': 0.48227197592214266, 'rain_shift': 1.6709615145191516, 'ign_k': 1.8461387273592034, 'rate_power': 1.1191509572214324}. Best is trial 209 with value: 0.6108097453057891.
[I 2026-05-22 18:08:51,699] Trial 324 finished with value: 0.5446272368976103 and parameters: {'P_amp': 0.6647695180264365, 'P_wet': 525.662264197697, 'P_pow': 1.5690398915366224, 'WG_amp': 0.4796087072229619, 'WG_Phalf': 642.3427059873679, 'WG_k': 2.492264703740349, 'WG_c': 0.0529358569425293, 'rain_shift': 1.968134390451052, 'ign_k': 1.9363250755094843, 'rate_power': 0.8862205789702154}. Best is trial 209 with value: 0.6108097453057891.
[I 2026-05-22 18:08:52,162] Trial 325 finished with value: 0.6073113336633784 and parameters: {'P_amp': 0.11164133726824152, 'P_wet': 2488.1186216955944, 'P_pow': 1.3253882985925007, 'WG_amp': 0.5776889824579531, 'WG_Phalf': 299.16721045090674, 'WG_k': 1.1845041440888628, 'WG_c': 2.3388755101441925, 'rain_shift': 0.3004414386628105, 'ign_k': 0.8111221305459837, 'rate_power': 1.0226214569205467}. Best is trial 209 with value: 0.6108097453057891.
[I 2026-05-22 18:08:52,629] Trial 326 finished with value: 0.605015270626508 and parameters: {'P_amp': 0.7251661221400039, 'P_wet': 5824.425464301475, 'P_pow': 4.378523948447352, 'WG_amp': 0.048554337013775206, 'WG_Phalf': 120.16966185305563, 'WG_k': 0.04672901332080821, 'WG_c': 0.08081844652051808, 'rain_shift': 0.777609616697259, 'ign_k': 1.3320522122331497, 'rate_power': 1.0629487694286497}. Best is trial 209 with value: 0.6108097453057891.
[I 2026-05-22 18:08:53,092] Trial 327 finished with value: 0.601819695832979 and parameters: {'P_amp': 0.4234010622506914, 'P_wet': 4269.612649770751, 'P_pow': 3.413313927581677, 'WG_amp': 0.20864174434392618, 'WG_Phalf': 195.84948866867535, 'WG_k': 0.6835705810034926, 'WG_c': 3.007752824940345, 'rain_shift': 1.1108311611973254, 'ign_k': 1.6911399684490662, 'rate_power': 0.9868645339534762}. Best is trial 209 with value: 0.6108097453057891.
[I 2026-05-22 18:08:53,554] Trial 328 finished with value: 0.5568442333988408 and parameters: {'P_amp': 0.04762146152486722, 'P_wet': 648.8644489097904, 'P_pow': 2.057338026788776, 'WG_amp': 0.5719119377397601, 'WG_Phalf': 102.22331881377673, 'WG_k': 2.4346051203866863, 'WG_c': 0.3307121219059975, 'rain_shift': 2.673357453213801, 'ign_k': 0.29091848334239523, 'rate_power': 1.195396861116632}. Best is trial 209 with value: 0.6108097453057891.
[I 2026-05-22 18:08:54,016] Trial 329 finished with value: 0.5399855635093387 and parameters: {'P_amp': 0.24108191406897347, 'P_wet': 1037.168792358574, 'P_pow': 1.2546536419856988, 'WG_amp': 0.22727663355632488, 'WG_Phalf': 2400.953315460113, 'WG_k': 14.185896123440996, 'WG_c': 0.00018336498784252045, 'rain_shift': 7.511611240563475, 'ign_k': 0.2394936635286427, 'rate_power': 0.9885707480651036}. Best is trial 209 with value: 0.6108097453057891.
[I 2026-05-22 18:08:54,480] Trial 330 finished with value: 0.6024437612246855 and parameters: {'P_amp': 0.4310868158716209, 'P_wet': 3206.562631104389, 'P_pow': 4.186829948722144, 'WG_amp': 0.5393024233907441, 'WG_Phalf': 132.87496769638796, 'WG_k': 5.437863198023922, 'WG_c': 0.8073692532547372, 'rain_shift': 0.7837981774037095, 'ign_k': 1.0889301980393007, 'rate_power': 1.1874397122005067}. Best is trial 209 with value: 0.6108097453057891.
[I 2026-05-22 18:08:54,943] Trial 331 finished with value: 0.6012126680333715 and parameters: {'P_amp': 0.016522443006160577, 'P_wet': 711.8588550355245, 'P_pow': 0.7495545515077611, 'WG_amp': 0.430437293012198, 'WG_Phalf': 206.03783955653586, 'WG_k': 2.949864282250427, 'WG_c': 1.614780500817998, 'rain_shift': 1.648011291295072, 'ign_k': 0.5151756702107863, 'rate_power': 1.0523091185611437}. Best is trial 209 with value: 0.6108097453057891.
[I 2026-05-22 18:08:55,409] Trial 332 finished with value: 0.5961937238872496 and parameters: {'P_amp': 0.017503489869048282, 'P_wet': 3953.852092632848, 'P_pow': 0.584421252164888, 'WG_amp': 0.09185639327134573, 'WG_Phalf': 183.77036779284686, 'WG_k': 3.7856494209335767, 'WG_c': 7.1541500576721155, 'rain_shift': 2.1875673892189686, 'ign_k': 0.5846517120846526, 'rate_power': 0.9531213439904169}. Best is trial 209 with value: 0.6108097453057891.
[I 2026-05-22 18:08:55,873] Trial 333 finished with value: 0.5686805216284672 and parameters: {'P_amp': 0.4841360255509444, 'P_wet': 5679.265763523072, 'P_pow': 5.681725239928457, 'WG_amp': 0.3570449911318399, 'WG_Phalf': 1278.3387519343019, 'WG_k': 0.43110460338229933, 'WG_c': 0.0028121515721122024, 'rain_shift': 3.5345987167542448, 'ign_k': 0.1736686517067914, 'rate_power': 1.129623934357844}. Best is trial 209 with value: 0.6108097453057891.
[I 2026-05-22 18:08:56,337] Trial 334 finished with value: 0.5803486691102312 and parameters: {'P_amp': 0.08450278190205168, 'P_wet': 1510.2466762517172, 'P_pow': 1.8039468126947436, 'WG_amp': 0.4267035937460387, 'WG_Phalf': 134.09355110329, 'WG_k': 0.830801931635627, 'WG_c': 0.31014933761083907, 'rain_shift': 1.8363114105741745, 'ign_k': 0.38578410095566223, 'rate_power': 1.1138909500576633}. Best is trial 209 with value: 0.6108097453057891.
[I 2026-05-22 18:08:56,798] Trial 335 finished with value: 0.5763607607017237 and parameters: {'P_amp': 0.24990113641088438, 'P_wet': 1608.431639032999, 'P_pow': 1.113331045907303, 'WG_amp': 0.2629876048858449, 'WG_Phalf': 4841.685048424779, 'WG_k': 19.752142759222796, 'WG_c': 7.798920958248273, 'rain_shift': 2.1183556666248764, 'ign_k': 0.13265972109489593, 'rate_power': 0.9743400064936905}. Best is trial 209 with value: 0.6108097453057891.
[I 2026-05-22 18:08:57,264] Trial 336 finished with value: 0.597747127630192 and parameters: {'P_amp': 0.050307220808771314, 'P_wet': 5742.6147248031975, 'P_pow': 0.5829043045431017, 'WG_amp': 0.03867940236392958, 'WG_Phalf': 242.70587848386677, 'WG_k': 15.895211742082083, 'WG_c': 0.09081714001183598, 'rain_shift': 1.3923736589624225, 'ign_k': 0.4113801738763842, 'rate_power': 1.1941560629512131}. Best is trial 209 with value: 0.6108097453057891.
[I 2026-05-22 18:08:57,726] Trial 337 finished with value: 0.49877210328324023 and parameters: {'P_amp': 0.5157416151514397, 'P_wet': 729.5263476180706, 'P_pow': 5.986529178327897, 'WG_amp': 0.8828139352545148, 'WG_Phalf': 260.5828006776871, 'WG_k': 0.019722690008176665, 'WG_c': 0.00020876605167265326, 'rain_shift': 9.653880077529239, 'ign_k': 1.9321820821963616, 'rate_power': 0.9357490130730455}. Best is trial 209 with value: 0.6108097453057891.
[I 2026-05-22 18:08:58,188] Trial 338 finished with value: 0.605009507414886 and parameters: {'P_amp': 0.2360627971101414, 'P_wet': 4006.696109063224, 'P_pow': 5.610372742454841, 'WG_amp': 0.1824955755971625, 'WG_Phalf': 413.5083970406079, 'WG_k': 61.930758536228375, 'WG_c': 3.915322830352272, 'rain_shift': 1.5305872533685538, 'ign_k': 0.38128349382640614, 'rate_power': 0.9561119809264543}. Best is trial 209 with value: 0.6108097453057891.
[I 2026-05-22 18:08:58,649] Trial 339 finished with value: 0.5814788695981001 and parameters: {'P_amp': 0.26454541545724397, 'P_wet': 4057.198088851414, 'P_pow': 5.0183829707904986, 'WG_amp': 0.8008629989489655, 'WG_Phalf': 101.88747484452044, 'WG_k': 27.8584376140798, 'WG_c': 0.09443700572644975, 'rain_shift': 0.7758315779012517, 'ign_k': 0.429545723794927, 'rate_power': 0.985257159235477}. Best is trial 209 with value: 0.6108097453057891.
