[I 2026-05-22 18:07:49,975] Trial 193 finished with value: 0.5704844386724837 and parameters: {'P_amp': 0.2143235301099316, 'P_wet': 550.9823962880737, 'P_pow': 1.5083907434641584, 'WG_amp': 0.4230017369638802, 'WG_Phalf': 195.9941422326263, 'WG_k': 16.36463508572754, 'WG_c': 7.435175382447449, 'rain_shift': 2.5066623950334472, 'ign_k': 0.6315159074991217, 'rate_power': 1.0985580540469593}. Best is trial 28 with value: 0.609728290596246.
[I 2026-05-22 18:07:50,443] Trial 194 finished with value: 0.5558276153571307 and parameters: {'P_amp': 0.15810896177273126, 'P_wet': 3676.962400647994, 'P_pow': 3.710062899217273, 'WG_amp': 0.6057314568864907, 'WG_Phalf': 3348.5370947609113, 'WG_k': 0.048224626456092, 'WG_c': 0.019165336082488185, 'rain_shift': 7.348458896069428, 'ign_k': 0.31193635773059686, 'rate_power': 0.8341076189489558}. Best is trial 28 with value: 0.609728290596246.
[I 2026-05-22 18:07:50,914] Trial 195 finished with value: 0.6065652750790749 and parameters: {'P_amp': 0.022404604298688777, 'P_wet': 2037.635802514599, 'P_pow': 0.3615348165392943, 'WG_amp': 0.27610975977057695, 'WG_Phalf': 965.1978343209636, 'WG_k': 1.237152031163925, 'WG_c': 5.143704645289812, 'rain_shift': 1.1121983713919532, 'ign_k': 0.6763896921472893, 'rate_power': 1.0724129430141127}. Best is trial 28 with value: 0.609728290596246.
[I 2026-05-22 18:07:51,379] Trial 196 finished with value: 0.5999558084672908 and parameters: {'P_amp': 0.054312561158611584, 'P_wet': 2397.248801122184, 'P_pow': 1.0275431872793837, 'WG_amp': 0.09365394489688754, 'WG_Phalf': 739.791385527999, 'WG_k': 3.0262922851434935, 'WG_c': 0.48651892471515673, 'rain_shift': 2.345487705786354, 'ign_k': 0.5525036111444362, 'rate_power': 0.8233319872272364}. Best is trial 28 with value: 0.609728290596246.
[I 2026-05-22 18:07:51,843] Trial 197 finished with value: 0.5959685186539927 and parameters: {'P_amp': 0.05004512202496743, 'P_wet': 3628.8123350851665, 'P_pow': 2.9489849960569137, 'WG_amp': 0.053760570946630074, 'WG_Phalf': 116.67425642809975, 'WG_k': 1.2237755799763048, 'WG_c': 0.07044041656860549, 'rain_shift': 1.965972561086947, 'ign_k': 0.2938896150798993, 'rate_power': 1.000398105766293}. Best is trial 28 with value: 0.609728290596246.
[I 2026-05-22 18:07:52,306] Trial 198 finished with value: 0.5983494225551309 and parameters: {'P_amp': 0.1646355128384298, 'P_wet': 1718.8264873825797, 'P_pow': 2.0127249676574976, 'WG_amp': 0.46421653200973917, 'WG_Phalf': 257.7988993808125, 'WG_k': 5.785021724575654, 'WG_c': 1.9673920849479076, 'rain_shift': 1.0084786716568859, 'ign_k': 1.275956247977536, 'rate_power': 1.1768669812261834}. Best is trial 28 with value: 0.609728290596246.
[I 2026-05-22 18:07:52,768] Trial 199 finished with value: 0.6090499376641549 and parameters: {'P_amp': 0.29367947979119424, 'P_wet': 5705.695734045266, 'P_pow': 3.611980959158769, 'WG_amp': 0.5513184088258544, 'WG_Phalf': 586.7759968001071, 'WG_k': 17.961647572247507, 'WG_c': 1.09259371794232, 'rain_shift': 0.4731507201768155, 'ign_k': 1.0273286503089913, 'rate_power': 1.1564981488860686}. Best is trial 28 with value: 0.609728290596246.
[I 2026-05-22 18:07:53,232] Trial 200 finished with value: 0.5962017465007959 and parameters: {'P_amp': 0.03377302047835619, 'P_wet': 4450.497426980643, 'P_pow': 2.6511658940740475, 'WG_amp': 0.11413574421246243, 'WG_Phalf': 1656.79356745307, 'WG_k': 38.12007876438741, 'WG_c': 2.6097430533157433, 'rain_shift': 0.058723671909612696, 'ign_k': 0.6115412377046986, 'rate_power': 0.9155817562113109}. Best is trial 28 with value: 0.609728290596246.
[I 2026-05-22 18:07:53,694] Trial 201 finished with value: 0.5767316026111371 and parameters: {'P_amp': 0.21678409327716447, 'P_wet': 3515.6530051143345, 'P_pow': 4.2028361153491645, 'WG_amp': 0.6718120988015303, 'WG_Phalf': 860.5776162057977, 'WG_k': 23.802204184194768, 'WG_c': 4.984531795004155, 'rain_shift': 2.0313999479460043, 'ign_k': 0.9119311770457015, 'rate_power': 1.2948609932208432}. Best is trial 28 with value: 0.609728290596246.
[I 2026-05-22 18:07:54,169] Trial 202 finished with value: 0.6095009468614141 and parameters: {'P_amp': 0.26944954498579987, 'P_wet': 4690.790201608648, 'P_pow': 4.4525087570994675, 'WG_amp': 0.788625729418044, 'WG_Phalf': 284.69126765796807, 'WG_k': 38.493741169643165, 'WG_c': 1.5766930112974586, 'rain_shift': 0.7600855550524662, 'ign_k': 0.7760039642627152, 'rate_power': 1.0309619006585682}. Best is trial 28 with value: 0.609728290596246.
[I 2026-05-22 18:07:54,637] Trial 203 finished with value: 0.6052973193875887 and parameters: {'P_amp': 0.4780514371537975, 'P_wet': 2615.6752753023047, 'P_pow': 3.1726115809993085, 'WG_amp': 0.8675664181742995, 'WG_Phalf': 414.8734704471929, 'WG_k': 71.09493079067413, 'WG_c': 1.4957196296455246, 'rain_shift': 0.32987498716228875, 'ign_k': 0.8415870577627527, 'rate_power': 0.8948562514266779}. Best is trial 28 with value: 0.609728290596246.
[I 2026-05-22 18:07:55,102] Trial 204 finished with value: 0.5867456975856697 and parameters: {'P_amp': 0.016916973442510228, 'P_wet': 4556.616559893429, 'P_pow': 0.33952759240559893, 'WG_amp': 0.11175280130397622, 'WG_Phalf': 1672.5769776442112, 'WG_k': 8.947881954608786, 'WG_c': 0.3670298369429999, 'rain_shift': 2.0107112094054695, 'ign_k': 1.0872665608340852, 'rate_power': 1.0290413236570641}. Best is trial 28 with value: 0.609728290596246.
[I 2026-05-22 18:07:55,582] Trial 205 finished with value: 0.6061285724772282 and parameters: {'P_amp': 0.3239137415716904, 'P_wet': 4996.305376427761, 'P_pow': 4.3111927382315, 'WG_amp': 0.42835570749589486, 'WG_Phalf': 695.7268818808084, 'WG_k': 83.75054608361991, 'WG_c': 0.33708446026564415, 'rain_shift': 0.4050081256328273, 'ign_k': 1.1304142766889382, 'rate_power': 1.1363863600026396}. Best is trial 28 with value: 0.609728290596246.
[I 2026-05-22 18:07:56,063] Trial 206 finished with value: 0.5616116861281696 and parameters: {'P_amp': 0.07371120369240905, 'P_wet': 2655.706458222411, 'P_pow': 3.905323131295031, 'WG_amp': 0.830505906225881, 'WG_Phalf': 297.555222967647, 'WG_k': 4.958800866954159, 'WG_c': 1.0077040936405923, 'rain_shift': 4.2995980450832345, 'ign_k': 0.6283375585626091, 'rate_power': 0.9939875889386397}. Best is trial 28 with value: 0.609728290596246.
[I 2026-05-22 18:07:56,528] Trial 207 finished with value: 0.5883741866371127 and parameters: {'P_amp': 0.09799902217014086, 'P_wet': 1902.0819831889476, 'P_pow': 0.3352581858510731, 'WG_amp': 0.2679942857597956, 'WG_Phalf': 952.6182631977417, 'WG_k': 10.097653668967098, 'WG_c': 3.9289502018711393, 'rain_shift': 1.9317839937119907, 'ign_k': 0.2037265326004443, 'rate_power': 0.8533006462136064}. Best is trial 28 with value: 0.609728290596246.
[I 2026-05-22 18:07:57,134] Trial 208 finished with value: 0.6089960988272783 and parameters: {'P_amp': 0.04859065844289283, 'P_wet': 4003.9296658005946, 'P_pow': 2.615616927582675, 'WG_amp': 0.08688906298586993, 'WG_Phalf': 156.50108181651154, 'WG_k': 11.994283427271508, 'WG_c': 1.0814266458044164, 'rain_shift': 0.8339976881974246, 'ign_k': 0.589714204975098, 'rate_power': 1.093506039326547}. Best is trial 28 with value: 0.609728290596246.
[I 2026-05-22 18:07:57,635] Trial 209 finished with value: 0.6108097453057891 and parameters: {'P_amp': 0.13713749291045194, 'P_wet': 2901.695250877102, 'P_pow': 4.78158132079521, 'WG_amp': 0.4629573428052369, 'WG_Phalf': 336.1241935079335, 'WG_k': 38.82409034725704, 'WG_c': 0.6529229782160993, 'rain_shift': 1.0952399751380382, 'ign_k': 0.5986605211962788, 'rate_power': 0.9296598534448945}. Best is trial 209 with value: 0.6108097453057891.
[I 2026-05-22 18:07:58,104] Trial 210 finished with value: 0.5989416261925096 and parameters: {'P_amp': 0.12618402309506555, 'P_wet': 1686.2477593565147, 'P_pow': 5.317061078643002, 'WG_amp': 0.400939840916255, 'WG_Phalf': 204.92814190495017, 'WG_k': 49.7830299106404, 'WG_c': 0.707092704245516, 'rain_shift': 2.6269911674876676, 'ign_k': 0.32479916314845175, 'rate_power': 0.8165194657357908}. Best is trial 209 with value: 0.6108097453057891.
[I 2026-05-22 18:07:58,576] Trial 211 finished with value: 0.6051795552780455 and parameters: {'P_amp': 0.03123960664711435, 'P_wet': 3033.327848411411, 'P_pow': 5.587064682869961, 'WG_amp': 0.5001776210610416, 'WG_Phalf': 162.71118462179155, 'WG_k': 2.2723608419832284, 'WG_c': 0.07820594240185215, 'rain_shift': 0.34543040670940206, 'ign_k': 1.1393904397158194, 'rate_power': 0.8200342696977939}. Best is trial 209 with value: 0.6108097453057891.
[I 2026-05-22 18:07:59,035] Trial 212 finished with value: 0.6093711541060168 and parameters: {'P_amp': 0.011241681947619405, 'P_wet': 5682.316446683557, 'P_pow': 1.0555351664520187, 'WG_amp': 0.2256928873293839, 'WG_Phalf': 553.1987457364525, 'WG_k': 17.207481764336613, 'WG_c': 9.866847997124209, 'rain_shift': 1.2971564654860173, 'ign_k': 0.7134244319401808, 'rate_power': 0.7990569749134955}. Best is trial 209 with value: 0.6108097453057891.
[I 2026-05-22 18:07:59,521] Trial 213 finished with value: 0.5878487692317276 and parameters: {'P_amp': 0.5023684783993613, 'P_wet': 4518.223851732968, 'P_pow': 4.968010579732249, 'WG_amp': 0.6625200687861709, 'WG_Phalf': 142.75974517322362, 'WG_k': 8.385057353856979, 'WG_c': 2.7730369934518344, 'rain_shift': 2.2021627727915694, 'ign_k': 0.5305977552279381, 'rate_power': 1.1226486549026415}. Best is trial 209 with value: 0.6108097453057891.
[I 2026-05-22 18:08:00,009] Trial 214 finished with value: 0.5867078394722527 and parameters: {'P_amp': 0.016301226748751757, 'P_wet': 4249.66806439854, 'P_pow': 0.3844110578792803, 'WG_amp': 0.32551079946563005, 'WG_Phalf': 513.0798780947379, 'WG_k': 16.923493444746075, 'WG_c': 9.728029758867308, 'rain_shift': 3.0063871104257753, 'ign_k': 0.9515261593328377, 'rate_power': 0.7529762157011006}. Best is trial 209 with value: 0.6108097453057891.
[I 2026-05-22 18:08:00,478] Trial 215 finished with value: 0.608881738945922 and parameters: {'P_amp': 0.02028413966939709, 'P_wet': 3772.0922202751754, 'P_pow': 0.8269166998050879, 'WG_amp': 0.02136173090910834, 'WG_Phalf': 329.35141064910266, 'WG_k': 13.291397470696085, 'WG_c': 7.840447944824118, 'rain_shift': 1.057307481118003, 'ign_k': 0.7225218882098057, 'rate_power': 0.9852864749624565}. Best is trial 209 with value: 0.6108097453057891.
[I 2026-05-22 18:08:00,946] Trial 216 finished with value: 0.6050821316249422 and parameters: {'P_amp': 0.16034455668497055, 'P_wet': 2262.304546257358, 'P_pow': 5.988152215754773, 'WG_amp': 0.566164812339829, 'WG_Phalf': 228.2610335191763, 'WG_k': 5.412118512417453, 'WG_c': 4.033321357977103, 'rain_shift': 1.3471213136933813, 'ign_k': 0.7090942721727093, 'rate_power': 1.0268370985847786}. Best is trial 209 with value: 0.6108097453057891.
[I 2026-05-22 18:08:01,414] Trial 217 finished with value: 0.5844229360382232 and parameters: {'P_amp': 0.20429849439845482, 'P_wet': 3267.0996476634823, 'P_pow': 4.586516384765384, 'WG_amp': 0.5313070993306663, 'WG_Phalf': 199.76123964660127, 'WG_k': 74.04787142502082, 'WG_c': 0.2632593450796327, 'rain_shift': 2.4560477122515714, 'ign_k': 0.28556219656977183, 'rate_power': 1.018017018010142}. Best is trial 209 with value: 0.6108097453057891.
[I 2026-05-22 18:08:01,882] Trial 218 finished with value: 0.55301258179177 and parameters: {'P_amp': 0.3604831951758777, 'P_wet': 4760.96790030349, 'P_pow': 4.862443005372178, 'WG_amp': 0.8537477920467338, 'WG_Phalf': 254.70410163271418, 'WG_k': 21.254328876900797, 'WG_c': 0.04405516953037894, 'rain_shift': 1.0244944658452015, 'ign_k': 1.51151096538302, 'rate_power': 1.1461522611219894}. Best is trial 209 with value: 0.6108097453057891.
[I 2026-05-22 18:08:02,355] Trial 219 finished with value: 0.5728429948963824 and parameters: {'P_amp': 0.18142532627006014, 'P_wet': 1063.940586212595, 'P_pow': 4.481976638781641, 'WG_amp': 0.37352404655027616, 'WG_Phalf': 479.4530087813404, 'WG_k': 38.244256735485585, 'WG_c': 0.0176733923305504, 'rain_shift': 2.1553462371624517, 'ign_k': 1.9707731045014647, 'rate_power': 0.859320443827929}. Best is trial 209 with value: 0.6108097453057891.
[I 2026-05-22 18:08:02,824] Trial 220 finished with value: 0.6063676207438111 and parameters: {'P_amp': 0.3390010261913151, 'P_wet': 4345.243843733855, 'P_pow': 5.600311544447329, 'WG_amp': 0.8167098791880163, 'WG_Phalf': 571.5631097076665, 'WG_k': 33.80888890649944, 'WG_c': 3.5446081684250488, 'rain_shift': 0.5618662227448378, 'ign_k': 1.397732760239235, 'rate_power': 1.1291812857317418}. Best is trial 209 with value: 0.6108097453057891.
[I 2026-05-22 18:08:03,301] Trial 221 finished with value: 0.5732817978857715 and parameters: {'P_amp': 0.1682875771570697, 'P_wet': 5087.995850720015, 'P_pow': 4.459194428212766, 'WG_amp': 0.6015949728364519, 'WG_Phalf': 208.6617901239583, 'WG_k': 47.63544394953049, 'WG_c': 2.4631074769205252, 'rain_shift': 2.5989259117897325, 'ign_k': 1.0968902789407728, 'rate_power': 1.0984269601600438}. Best is trial 209 with value: 0.6108097453057891.
[I 2026-05-22 18:08:03,764] Trial 222 finished with value: 0.6049598047090575 and parameters: {'P_amp': 0.39830552931927, 'P_wet': 4953.877101844104, 'P_pow': 4.024054962795504, 'WG_amp': 0.7782479391550848, 'WG_Phalf': 387.2601246236084, 'WG_k': 7.420560933801635, 'WG_c': 1.2474208400792315, 'rain_shift': 1.1750187279461972, 'ign_k': 1.0019546925571174, 'rate_power': 1.0285805650787667}. Best is trial 209 with value: 0.6108097453057891.
[I 2026-05-22 18:08:04,228] Trial 223 finished with value: 0.5658739704070033 and parameters: {'P_amp': 0.03711841616091622, 'P_wet': 692.5369571920114, 'P_pow': 2.193009529707097, 'WG_amp': 0.34412451820499057, 'WG_Phalf': 2667.7033193588322, 'WG_k': 92.85640564352046, 'WG_c': 2.2930168235703503, 'rain_shift': 2.889418949304302, 'ign_k': 0.7731152768503881, 'rate_power': 1.190211346117692}. Best is trial 209 with value: 0.6108097453057891.
[I 2026-05-22 18:08:04,770] Trial 224 finished with value: 0.6063678848473129 and parameters: {'P_amp': 0.06260095561798593, 'P_wet': 1307.3258085755301, 'P_pow': 2.536557461548664, 'WG_amp': 0.6724045474247604, 'WG_Phalf': 1746.85265519541, 'WG_k': 26.940845078807282, 'WG_c': 0.2487934015292778, 'rain_shift': 0.5889053566515804, 'ign_k': 0.6560309687321797, 'rate_power': 1.0719399162990146}. Best is trial 209 with value: 0.6108097453057891.
[I 2026-05-22 18:08:05,249] Trial 225 finished with value: 0.5791106925443509 and parameters: {'P_amp': 0.09305465285555015, 'P_wet': 3203.9289674953907, 'P_pow': 3.6203530187945674, 'WG_amp': 0.6585107310141562, 'WG_Phalf': 714.3833475104198, 'WG_k': 1.3448602191823784, 'WG_c': 0.945855582579261, 'rain_shift': 0.18260325703062996, 'ign_k': 0.16647734080531185, 'rate_power': 1.1721009622014917}. Best is trial 209 with value: 0.6108097453057891.
[I 2026-05-22 18:08:05,711] Trial 226 finished with value: 0.6017014945718772 and parameters: {'P_amp': 0.06487160211510015, 'P_wet': 2625.924778359962, 'P_pow': 0.3978026016697811, 'WG_amp': 0.04430268566730968, 'WG_Phalf': 452.00342363459316, 'WG_k': 3.8280322738331978, 'WG_c': 2.4944992013130665, 'rain_shift': 1.437816905838348, 'ign_k': 0.3921863517499551, 'rate_power': 1.0886822516628116}. Best is trial 209 with value: 0.6108097453057891.
[I 2026-05-22 18:08:06,195] Trial 227 finished with value: 0.607386554216429 and parameters: {'P_amp': 0.18877744884158498, 'P_wet': 5216.0311934223455, 'P_pow': 3.6678658136749904, 'WG_amp': 0.4624747418913928, 'WG_Phalf': 220.900571178137, 'WG_k': 1.6874959346615273, 'WG_c': 1.1825181672063738, 'rain_shift': 0.4252576314500679, 'ign_k': 1.0822055361826644, 'rate_power': 1.102859371106836}. Best is trial 209 with value: 0.6108097453057891.
[I 2026-05-22 18:08:06,684] Trial 228 finished with value: 0.6056134795875584 and parameters: {'P_amp': 0.06355794667115176, 'P_wet': 5337.4199820302665, 'P_pow': 2.1204423240882475, 'WG_amp': 0.1830735085297463, 'WG_Phalf': 193.6062931406505, 'WG_k': 14.381121788925368, 'WG_c': 5.249307161212779, 'rain_shift': 1.4868773613427702, 'ign_k': 1.1430366316746943, 'rate_power': 0.7798880738943881}. Best is trial 209 with value: 0.6108097453057891.
[I 2026-05-22 18:08:07,169] Trial 229 finished with value: 0.6073006845694021 and parameters: {'P_amp': 0.07851031790902986, 'P_wet': 5377.593646721721, 'P_pow': 1.7373419664117469, 'WG_amp': 0.2081443140347675, 'WG_Phalf': 649.5886796440042, 'WG_k': 5.473881534001346, 'WG_c': 8.756119253773063, 'rain_shift': 1.7288188413498897, 'ign_k': 0.41781398385393625, 'rate_power': 0.7626140852552737}. Best is trial 209 with value: 0.6108097453057891.
[I 2026-05-22 18:08:07,675] Trial 230 finished with value: 0.5996085559967007 and parameters: {'P_amp': 0.053925784454519524, 'P_wet': 4295.855056641891, 'P_pow': 1.5194664298764635, 'WG_amp': 0.11739562473289955, 'WG_Phalf': 1031.737987391357, 'WG_k': 12.843223284624258, 'WG_c': 1.5695142937582605, 'rain_shift': 1.8476987913910752, 'ign_k': 0.9076405900373076, 'rate_power': 0.8914064158698294}. Best is trial 209 with value: 0.6108097453057891.
[I 2026-05-22 18:08:08,140] Trial 231 finished with value: 0.5870851029459287 and parameters: {'P_amp': 0.4281969247524031, 'P_wet': 4439.22172704425, 'P_pow': 2.685827467580163, 'WG_amp': 0.5428242683285339, 'WG_Phalf': 298.9599539089357, 'WG_k': 4.4599124901087, 'WG_c': 0.089158044511989, 'rain_shift': 0.9762870732693117, 'ign_k': 0.5178528312215454, 'rate_power': 1.1667909098844242}. Best is trial 209 with value: 0.6108097453057891.
[I 2026-05-22 18:08:08,613] Trial 232 finished with value: 0.5970448676045146 and parameters: {'P_amp': 0.03000156906248988, 'P_wet': 487.6293430017258, 'P_pow': 1.585245836991431, 'WG_amp': 0.33575558446603626, 'WG_Phalf': 1774.3597413469836, 'WG_k': 19.136247785088724, 'WG_c': 2.5014235480034688, 'rain_shift': 0.49565642000347804, 'ign_k': 0.33249422933036044, 'rate_power': 1.0875469861162423}. Best is trial 209 with value: 0.6108097453057891.
[I 2026-05-22 18:08:09,093] Trial 233 finished with value: 0.6020847464389344 and parameters: {'P_amp': 0.12031021010532403, 'P_wet': 4499.409013612022, 'P_pow': 5.429624063408174, 'WG_amp': 0.44211372495364043, 'WG_Phalf': 836.9620459744989, 'WG_k': 58.1245916785832, 'WG_c': 0.2888944797941671, 'rain_shift': 1.7269806736351347, 'ign_k': 0.4849814423776035, 'rate_power': 0.9645382271017434}. Best is trial 209 with value: 0.6108097453057891.
[I 2026-05-22 18:08:09,576] Trial 234 finished with value: 0.5833985247319172 and parameters: {'P_amp': 0.2734469381866655, 'P_wet': 4107.174400939955, 'P_pow': 2.6361575166843316, 'WG_amp': 0.06622256151412378, 'WG_Phalf': 189.32031639807485, 'WG_k': 31.133055564133386, 'WG_c': 1.4727453869492333, 'rain_shift': 2.183172563953268, 'ign_k': 0.9809769000435313, 'rate_power': 1.0481507464868607}. Best is trial 209 with value: 0.6108097453057891.
[I 2026-05-22 18:08:10,071] Trial 235 finished with value: 0.6018618560391737 and parameters: {'P_amp': 0.19047136560150058, 'P_wet': 3732.264269227896, 'P_pow': 2.602469855568282, 'WG_amp': 0.14733074864708137, 'WG_Phalf': 143.94119044414285, 'WG_k': 1.7101086162958514, 'WG_c': 2.2481519128040603, 'rain_shift': 0.7941456768372984, 'ign_k': 0.36029892130527663, 'rate_power': 1.066780855406334}. Best is trial 209 with value: 0.6108097453057891.
[I 2026-05-22 18:08:10,549] Trial 236 finished with value: 0.6072606359495898 and parameters: {'P_amp': 0.008501525928709699, 'P_wet': 1067.7180771259975, 'P_pow': 0.9026393337862085, 'WG_amp': 0.24787132832715902, 'WG_Phalf': 100.9585925722699, 'WG_k': 26.037918951599433, 'WG_c': 5.091930029876216, 'rain_shift': 0.08703860801233088, 'ign_k': 0.9505025722021182, 'rate_power': 1.145825608648197}. Best is trial 209 with value: 0.6108097453057891.
[I 2026-05-22 18:08:11,011] Trial 237 finished with value: 0.6022443648990609 and parameters: {'P_amp': 0.03783136320011496, 'P_wet': 5708.866169333247, 'P_pow': 3.197260030858839, 'WG_amp': 0.06007716730974422, 'WG_Phalf': 156.9640850439342, 'WG_k': 5.226764954816913, 'WG_c': 2.7065440522440984, 'rain_shift': 1.3105872073010483, 'ign_k': 0.6961519218994012, 'rate_power': 1.120193517276388}. Best is trial 209 with value: 0.6108097453057891.
[I 2026-05-22 18:08:11,474] Trial 238 finished with value: 0.589658451029903 and parameters: {'P_amp': 0.0430711735670495, 'P_wet': 4694.307145137509, 'P_pow': 1.4384045076350742, 'WG_amp': 0.03841973344428057, 'WG_Phalf': 584.978473444497, 'WG_k': 4.0548640556448134, 'WG_c': 6.293667483757136, 'rain_shift': 2.6435635364156846, 'ign_k': 0.5895518268061202, 'rate_power': 0.9210386141945559}. Best is trial 209 with value: 0.6108097453057891.
[I 2026-05-22 18:08:11,952] Trial 239 finished with value: 0.5964348751629887 and parameters: {'P_amp': 0.12350375672236577, 'P_wet': 1287.0943973997887, 'P_pow': 0.2041942087394909, 'WG_amp': 0.12617967856194684, 'WG_Phalf': 276.8562001917459, 'WG_k': 13.479395055648489, 'WG_c': 3.758858783194826, 'rain_shift': 1.451081076571274, 'ign_k': 1.7149072168818935, 'rate_power': 0.9545674398303735}. Best is trial 209 with value: 0.6108097453057891.
[I 2026-05-22 18:08:12,429] Trial 240 finished with value: 0.5946387823629623 and parameters: {'P_amp': 0.004995696573058261, 'P_wet': 2047.7326231878706, 'P_pow': 2.2721510808894463, 'WG_amp': 0.4989327372901937, 'WG_Phalf': 189.88069184196385, 'WG_k': 9.461643642483114, 'WG_c': 0.06417394015747385, 'rain_shift': 0.4819297425346345, 'ign_k': 0.8852707405816705, 'rate_power': 1.0805130457307155}. Best is trial 209 with value: 0.6108097453057891.
[I 2026-05-22 18:08:12,936] Trial 241 finished with value: 0.5702300369972216 and parameters: {'P_amp': 0.19346787191438403, 'P_wet': 4312.852859689902, 'P_pow': 1.971402488715717, 'WG_amp': 0.6572346145671483, 'WG_Phalf': 635.8315385415307, 'WG_k': 25.765627673070583, 'WG_c': 9.846705852753594, 'rain_shift': 2.4362514483758657, 'ign_k': 2.223431065799147, 'rate_power': 1.155632919200868}. Best is trial 209 with value: 0.6108097453057891.
