[I 2026-05-22 17:36:28,001] Trial 475 finished with value: 0.5103243626459429 and parameters: {'k1': 0.005560367398234843, 'D_low': 3.7048257076300573, 'k2': 0.027721225552152753, 'D_high': 8631.645230826483, 'fire_exp': 0.40970641563458665, 'P_half': 21.190740823960542, 'pre_dampen_half': 78.59500130280195, 'gpp_af': 0.2168576091900281, 'gpp_b': 2.3897707091446067e-06, 'gpp_d': 260.62629413382007, 'ign_k': 2.84737723057752, 'ign_c': 3.096779302782298, 'P_wet_supp': 215.79333239037865, 'P_wet_pow': 1.0697296775282505, 'P_half2': 41.901771235752896, 'P_floor_pow': 4.098140144915301}. Best is trial 383 with value: 0.599163981909633.
[I 2026-05-22 17:36:28,554] Trial 476 finished with value: 0.3994490055432051 and parameters: {'k1': 0.009326019814182986, 'D_low': 1.619682514493155, 'k2': 0.0012410075323742039, 'D_high': 4673.036253508942, 'fire_exp': 1.2062713173385597, 'P_half': 8.661010445637787, 'pre_dampen_half': 24.751036413324933, 'gpp_af': 4.342639665096475, 'gpp_b': 3.6113730652861475e-06, 'gpp_d': 128.5773669929405, 'ign_k': 6.800857127111517, 'ign_c': 56.93230493462033, 'P_wet_supp': 8707.351079151495, 'P_wet_pow': 1.428901445866546, 'P_half2': 41.81058780009741, 'P_floor_pow': 3.8300618985313712}. Best is trial 383 with value: 0.599163981909633.
[I 2026-05-22 17:36:29,107] Trial 477 finished with value: 0.3994490055432051 and parameters: {'k1': 0.008033919005243943, 'D_low': 16.824795736765342, 'k2': 0.0008009512011169785, 'D_high': 365.3105791753229, 'fire_exp': 0.3858795736219432, 'P_half': 4.642968556556891, 'pre_dampen_half': 0.404339569283453, 'gpp_af': 0.5204291826942429, 'gpp_b': 0.00010970754526915581, 'gpp_d': 621.2344558146299, 'ign_k': 0.31655886630234903, 'ign_c': 280.39272860914355, 'P_wet_supp': 7978.181307414873, 'P_wet_pow': 1.300203122681114, 'P_half2': 0.6027449925311573, 'P_floor_pow': 2.7527153212667557}. Best is trial 383 with value: 0.599163981909633.
[I 2026-05-22 17:36:29,660] Trial 478 finished with value: 0.45952423080855753 and parameters: {'k1': 0.011142231369859994, 'D_low': 4.513719784531974, 'k2': 0.00011703616074602446, 'D_high': 1769.728361188276, 'fire_exp': 1.492727539336255, 'P_half': 5.905738775305201, 'pre_dampen_half': 0.21543240367788014, 'gpp_af': 94.34748582449384, 'gpp_b': 2.027360206916371e-06, 'gpp_d': 5.981488253484382, 'ign_k': 1.2311455382317122, 'ign_c': 2.7272867511182457, 'P_wet_supp': 1342.5030302641915, 'P_wet_pow': 3.754199006113594, 'P_half2': 4.721145409955817, 'P_floor_pow': 1.461615066138962}. Best is trial 383 with value: 0.599163981909633.
[I 2026-05-22 17:36:30,215] Trial 479 finished with value: 0.5254994134532464 and parameters: {'k1': 0.00628407220441234, 'D_low': 1.153917184873799, 'k2': 0.009180807154376894, 'D_high': 5849.505482396109, 'fire_exp': 3.375679613609506, 'P_half': 2.089672697203112, 'pre_dampen_half': 3.678975196878676, 'gpp_af': 8.374539811564784, 'gpp_b': 1.0336742963279663e-05, 'gpp_d': 113.44263001910876, 'ign_k': 3.3684935656457946, 'ign_c': 0.5590677653392717, 'P_wet_supp': 6464.9383800483165, 'P_wet_pow': 3.6193736437742645, 'P_half2': 613.3577199416472, 'P_floor_pow': 0.33909903405474356}. Best is trial 383 with value: 0.599163981909633.
[I 2026-05-22 17:36:30,769] Trial 480 finished with value: 0.5218347238258474 and parameters: {'k1': 0.0018900577161197738, 'D_low': 1.5966752428682363, 'k2': 0.0008950513389256646, 'D_high': 6341.999017164672, 'fire_exp': 1.686075416687415, 'P_half': 44.96373134039422, 'pre_dampen_half': 5.848750617772419, 'gpp_af': 14.227854859436832, 'gpp_b': 1.1761207426678904e-05, 'gpp_d': 28.892104000022925, 'ign_k': 0.07597900704287745, 'ign_c': 0.8342429605996079, 'P_wet_supp': 5224.198739218144, 'P_wet_pow': 4.3499530741882655, 'P_half2': 6.155951660645031, 'P_floor_pow': 0.32393466750161176}. Best is trial 383 with value: 0.599163981909633.
[I 2026-05-22 17:36:31,323] Trial 481 finished with value: 0.5446270410901211 and parameters: {'k1': 0.0001187213095095133, 'D_low': 2.723653143911437, 'k2': 0.008322409174456358, 'D_high': 60731.06751800404, 'fire_exp': 0.7604357556138752, 'P_half': 0.22046695975134112, 'pre_dampen_half': 0.24177137367434515, 'gpp_af': 94.72783866821977, 'gpp_b': 3.7792124060537505e-05, 'gpp_d': 201.539985941148, 'ign_k': 0.6541032780524351, 'ign_c': 0.5094931638687273, 'P_wet_supp': 4651.011432531793, 'P_wet_pow': 3.710326041762583, 'P_half2': 7.394804562614221, 'P_floor_pow': 3.0474454894309972}. Best is trial 383 with value: 0.599163981909633.
[I 2026-05-22 17:36:31,876] Trial 482 finished with value: 0.4628729686548866 and parameters: {'k1': 0.005207306016887994, 'D_low': 493.1146949018915, 'k2': 0.0003664905548083162, 'D_high': 686.9573060201358, 'fire_exp': 1.5549312887973883, 'P_half': 68.6618467733415, 'pre_dampen_half': 10.49604191367476, 'gpp_af': 9.8492908011272, 'gpp_b': 0.00241880585514144, 'gpp_d': 865.478840806918, 'ign_k': 0.5821966146680141, 'ign_c': 4.103316725194201, 'P_wet_supp': 4339.14792342221, 'P_wet_pow': 1.4529247132479264, 'P_half2': 1221.5886621692007, 'P_floor_pow': 1.3258399494474147}. Best is trial 383 with value: 0.599163981909633.
[I 2026-05-22 17:36:32,425] Trial 483 finished with value: 0.5740993574681332 and parameters: {'k1': 0.08790111316968448, 'D_low': 2.1488719093270934, 'k2': 0.022079733940573214, 'D_high': 2037.246041596907, 'fire_exp': 0.36147452029511634, 'P_half': 156.73587770607335, 'pre_dampen_half': 14.530428705776432, 'gpp_af': 5.235328472371516, 'gpp_b': 4.319759112867352e-06, 'gpp_d': 15.952426468311208, 'ign_k': 1.6208080629527601, 'ign_c': 8.96015304166819, 'P_wet_supp': 6490.307855084719, 'P_wet_pow': 0.34129017784481225, 'P_half2': 59.57719129372285, 'P_floor_pow': 2.9329843933561004}. Best is trial 383 with value: 0.599163981909633.
[I 2026-05-22 17:36:32,978] Trial 484 finished with value: 0.5602368476452079 and parameters: {'k1': 0.011678155483046617, 'D_low': 61.57878863598656, 'k2': 0.0033176862396638996, 'D_high': 71921.4562203858, 'fire_exp': 0.9665728857259568, 'P_half': 7.946009121182533, 'pre_dampen_half': 7.130896710500992, 'gpp_af': 0.5344474988601482, 'gpp_b': 2.874307731006886e-06, 'gpp_d': 261.91527495063923, 'ign_k': 0.31150788195641693, 'ign_c': 2.5547800557782563, 'P_wet_supp': 9586.48514319502, 'P_wet_pow': 2.3669511651666086, 'P_half2': 5.356864336561949, 'P_floor_pow': 0.5594521817799232}. Best is trial 383 with value: 0.599163981909633.
[I 2026-05-22 17:36:33,533] Trial 485 finished with value: 0.5494606784752377 and parameters: {'k1': 0.04380260237687126, 'D_low': 3.1240291289671944, 'k2': 0.08521969128429693, 'D_high': 7108.423952797223, 'fire_exp': 0.5048520136562399, 'P_half': 52.852838950560155, 'pre_dampen_half': 431.5081301779634, 'gpp_af': 13.36270643469983, 'gpp_b': 5.356695266799141e-06, 'gpp_d': 18.91913748229655, 'ign_k': 1.8006956421717775, 'ign_c': 27.62504154661094, 'P_wet_supp': 7839.365723191824, 'P_wet_pow': 0.5344508656252026, 'P_half2': 78.24936502395245, 'P_floor_pow': 2.965829823355508}. Best is trial 383 with value: 0.599163981909633.
[I 2026-05-22 17:36:34,084] Trial 486 finished with value: 0.5878085071120212 and parameters: {'k1': 0.0003582020609756064, 'D_low': 6.834195165637618, 'k2': 0.0003390350857992436, 'D_high': 6048.55940752825, 'fire_exp': 0.4823535906980011, 'P_half': 0.20049595158547948, 'pre_dampen_half': 8.215738745199019, 'gpp_af': 16.564853260333443, 'gpp_b': 0.00048818646619787435, 'gpp_d': 396.88597507080635, 'ign_k': 1.599664551073206, 'ign_c': 16.707785913232378, 'P_wet_supp': 8292.834128191284, 'P_wet_pow': 3.9870537031407647, 'P_half2': 115.84012731732862, 'P_floor_pow': 0.6715832919594356}. Best is trial 383 with value: 0.599163981909633.
[I 2026-05-22 17:36:34,631] Trial 487 finished with value: 0.3994490055432051 and parameters: {'k1': 0.005655654027976581, 'D_low': 2.2869974059248106, 'k2': 0.016173541894930844, 'D_high': 281.1442756610503, 'fire_exp': 0.5149313539844198, 'P_half': 0.46775095451126325, 'pre_dampen_half': 0.849729234392101, 'gpp_af': 6.1670433714736195, 'gpp_b': 2.683029919781518e-05, 'gpp_d': 939.4973979809573, 'ign_k': 8.524032031919587, 'ign_c': 85.3572899426108, 'P_wet_supp': 407.9841171558566, 'P_wet_pow': 1.457257754180679, 'P_half2': 13.78859768113886, 'P_floor_pow': 4.30851267743311}. Best is trial 383 with value: 0.599163981909633.
[I 2026-05-22 17:36:35,172] Trial 488 finished with value: 0.5336689547477222 and parameters: {'k1': 2.013835036119716e-05, 'D_low': 2.6597790833609607, 'k2': 0.0010180103745169302, 'D_high': 43312.36067893191, 'fire_exp': 1.3524018927010955, 'P_half': 0.22033322597238816, 'pre_dampen_half': 21.316877624635595, 'gpp_af': 44.86866409262891, 'gpp_b': 0.010543064766545953, 'gpp_d': 167.25415691379814, 'ign_k': 1.744078854736279, 'ign_c': 17.21676405297957, 'P_wet_supp': 6226.970797710349, 'P_wet_pow': 3.3871442506547376, 'P_half2': 256.32135248068744, 'P_floor_pow': 1.3702760818838307}. Best is trial 383 with value: 0.599163981909633.
[I 2026-05-22 17:36:35,716] Trial 489 finished with value: 0.5133448169495054 and parameters: {'k1': 0.032819101390173286, 'D_low': 1.409831807188015, 'k2': 0.0002804958366493071, 'D_high': 614.9118525865789, 'fire_exp': 0.3987385889938598, 'P_half': 1638.1431879626546, 'pre_dampen_half': 1.598785845104892, 'gpp_af': 2.7117641953808764, 'gpp_b': 1.8693079640663245e-06, 'gpp_d': 197.8635302342992, 'ign_k': 1.1183568964098196, 'ign_c': 7.591965585937223, 'P_wet_supp': 2473.346731195266, 'P_wet_pow': 0.7512765297256266, 'P_half2': 187.13547099114854, 'P_floor_pow': 3.7401888079712653}. Best is trial 383 with value: 0.599163981909633.
[I 2026-05-22 17:36:36,268] Trial 490 finished with value: 0.5543039716921907 and parameters: {'k1': 0.008524796617447166, 'D_low': 2.095642430560288, 'k2': 0.007656392317765658, 'D_high': 5020.098638040826, 'fire_exp': 1.2577674635938187, 'P_half': 130.29825819631068, 'pre_dampen_half': 3.028816798897757, 'gpp_af': 0.08191902535579001, 'gpp_b': 2.6055526246853342e-05, 'gpp_d': 186.39117739237034, 'ign_k': 3.8071588392924665, 'ign_c': 16.404372776435892, 'P_wet_supp': 5064.7140313890495, 'P_wet_pow': 0.7231680291475118, 'P_half2': 2.4089770009121887, 'P_floor_pow': 4.95966778202629}. Best is trial 383 with value: 0.599163981909633.
[I 2026-05-22 17:36:36,822] Trial 491 finished with value: 0.48059743299081914 and parameters: {'k1': 0.00018561500767345029, 'D_low': 3.1170762016878824, 'k2': 0.0003104483765935507, 'D_high': 68867.12300054602, 'fire_exp': 0.426890217691593, 'P_half': 0.11221543747958727, 'pre_dampen_half': 327.72768340704823, 'gpp_af': 1.0148946588128052, 'gpp_b': 8.403668964956339e-05, 'gpp_d': 322.2856504671915, 'ign_k': 0.22498942193863528, 'ign_c': 4.706879975941409, 'P_wet_supp': 4027.7644768639143, 'P_wet_pow': 3.5947106949850394, 'P_half2': 24.94123909065507, 'P_floor_pow': 1.0257534152964685}. Best is trial 383 with value: 0.599163981909633.
[I 2026-05-22 17:36:37,372] Trial 492 finished with value: 0.4746919189949909 and parameters: {'k1': 0.017042176255694166, 'D_low': 145.25680298962328, 'k2': 5.388687566957082e-05, 'D_high': 6064.518482983575, 'fire_exp': 0.5942354263843289, 'P_half': 18.14618166223318, 'pre_dampen_half': 11.271228669640953, 'gpp_af': 6.872168785790563, 'gpp_b': 2.595773159319069e-06, 'gpp_d': 51.728514858958874, 'ign_k': 1.025243357129118, 'ign_c': 31.515311738886393, 'P_wet_supp': 5779.362978569324, 'P_wet_pow': 1.917278930665124, 'P_half2': 269.2321636644476, 'P_floor_pow': 0.2648027544229554}. Best is trial 383 with value: 0.599163981909633.
[I 2026-05-22 17:36:37,921] Trial 493 finished with value: 0.4294456471257616 and parameters: {'k1': 0.00010519592830690644, 'D_low': 70.11820206807373, 'k2': 0.017214596343320922, 'D_high': 2670.7938744929056, 'fire_exp': 0.35899469761031216, 'P_half': 0.12455859134050537, 'pre_dampen_half': 0.6454544525128759, 'gpp_af': 1.1943998773604356, 'gpp_b': 4.059361460650125e-05, 'gpp_d': 504.8393831721148, 'ign_k': 5.5699176287950785, 'ign_c': 29.758530021422846, 'P_wet_supp': 379.3178210890014, 'P_wet_pow': 3.007699092687332, 'P_half2': 5869.58516308873, 'P_floor_pow': 1.7658133059450072}. Best is trial 383 with value: 0.599163981909633.
[I 2026-05-22 17:36:38,476] Trial 494 finished with value: 0.5826891254070673 and parameters: {'k1': 0.00024481754003516994, 'D_low': 59.93997534285073, 'k2': 0.0005121782600608004, 'D_high': 5793.681504793616, 'fire_exp': 0.5700139704873429, 'P_half': 0.6452228084165409, 'pre_dampen_half': 1.2256857584066003, 'gpp_af': 33.59115341067338, 'gpp_b': 0.0011755031939040437, 'gpp_d': 770.0433910210895, 'ign_k': 1.3712826862427028, 'ign_c': 15.388458339654221, 'P_wet_supp': 2675.4114920319153, 'P_wet_pow': 4.7691559463344655, 'P_half2': 15.14936120824937, 'P_floor_pow': 0.704410805770724}. Best is trial 383 with value: 0.599163981909633.
[I 2026-05-22 17:36:39,039] Trial 495 finished with value: 0.5289462206926602 and parameters: {'k1': 0.0005159030766224326, 'D_low': 88.88852016054409, 'k2': 0.025514050597373293, 'D_high': 50664.25851596095, 'fire_exp': 0.9343169325173212, 'P_half': 9.780709107800764, 'pre_dampen_half': 0.2899502019540568, 'gpp_af': 0.5582012100122058, 'gpp_b': 2.215467849872246e-05, 'gpp_d': 3.3499438698668444, 'ign_k': 0.11924218446801403, 'ign_c': 16.474625868301125, 'P_wet_supp': 4816.7946963496815, 'P_wet_pow': 2.062153900018953, 'P_half2': 0.38627219856275513, 'P_floor_pow': 0.1555826479514974}. Best is trial 383 with value: 0.599163981909633.
[I 2026-05-22 17:36:39,596] Trial 496 finished with value: 0.437928300583201 and parameters: {'k1': 0.0015540059446958383, 'D_low': 18.325552753325752, 'k2': 0.0005879511389862088, 'D_high': 89129.27869804809, 'fire_exp': 1.0158782329137843, 'P_half': 0.40103654792850074, 'pre_dampen_half': 0.5562073583564309, 'gpp_af': 6.740339009574652, 'gpp_b': 0.001929892522064155, 'gpp_d': 739.4516850116638, 'ign_k': 5.257134038587643, 'ign_c': 28.766342038806513, 'P_wet_supp': 2453.4135776213466, 'P_wet_pow': 4.986043193331065, 'P_half2': 12.47613097353013, 'P_floor_pow': 0.9491608094578603}. Best is trial 383 with value: 0.599163981909633.
[I 2026-05-22 17:36:40,148] Trial 497 finished with value: 0.509806444683527 and parameters: {'k1': 0.024588535208333408, 'D_low': 179.85047370325483, 'k2': 0.011246050359808977, 'D_high': 715.4139873732407, 'fire_exp': 0.4259358155714852, 'P_half': 383.0318968809062, 'pre_dampen_half': 0.2834236417473359, 'gpp_af': 1.4058272277943775, 'gpp_b': 3.4118670785926983e-06, 'gpp_d': 69.04603389851904, 'ign_k': 0.014417090196253021, 'ign_c': 91.28394593396156, 'P_wet_supp': 4257.986153053675, 'P_wet_pow': 3.3312041672207617, 'P_half2': 47.910872559939, 'P_floor_pow': 3.1791467009741856}. Best is trial 383 with value: 0.599163981909633.
[I 2026-05-22 17:36:40,699] Trial 498 finished with value: 0.3994490055432051 and parameters: {'k1': 0.0010785797830067426, 'D_low': 17.753199850061122, 'k2': 1.91059563413283e-05, 'D_high': 5552.202139974453, 'fire_exp': 0.6865664720607292, 'P_half': 19.399252653115777, 'pre_dampen_half': 10.207206277570972, 'gpp_af': 44.02225939484842, 'gpp_b': 8.111209934771726e-05, 'gpp_d': 757.1618404031531, 'ign_k': 0.4930566634178826, 'ign_c': 111.49764481987853, 'P_wet_supp': 7186.434722565883, 'P_wet_pow': 3.3548351463699326, 'P_half2': 129.6033060331002, 'P_floor_pow': 2.3798368407812447}. Best is trial 383 with value: 0.599163981909633.
[I 2026-05-22 17:36:41,252] Trial 499 finished with value: 0.4418574149141945 and parameters: {'k1': 0.002995905197919811, 'D_low': 9.503613473538088, 'k2': 0.0043549005192340135, 'D_high': 1583.745099424187, 'fire_exp': 0.5724080303064725, 'P_half': 0.18135208288733037, 'pre_dampen_half': 19.725313858056083, 'gpp_af': 56.627602932306615, 'gpp_b': 0.011364412620149913, 'gpp_d': 988.0475748907348, 'ign_k': 0.4481972336853922, 'ign_c': 77.33904928790415, 'P_wet_supp': 4854.275410594431, 'P_wet_pow': 4.738515081181868, 'P_half2': 54.40563870530436, 'P_floor_pow': 1.1330771258562304}. Best is trial 383 with value: 0.599163981909633.
[best] 0.599163981909633 {'overall': 0.6090404212384987, 'bias': 0.7123543232704959, 'rmse': 0.3793224570186548, 'seas': 0.8407725725042812, 'spatial': 0.6301163943484095}
[regions] {'bona': {'overall': 0.587295377753155, 'bias': 0.8312025952530769, 'rmse': 0.3428145378417976, 'seas': 0.7814100529573926, 'spatial': 0.39432794737178756}, 'tena': {'overall': 0.5439082089197023, 'bias': 0.708782564753312, 'rmse': 0.2847007618671429, 'seas': 0.7117553153479732, 'spatial': 0.5647272849293308}, 'tropics': {'overall': 0.5982918732484467, 'bias': 0.7088123858881472, 'rmse': 0.3915457002018568, 'seas': 0.8661204967797855, 'spatial': 0.5229145705308864}, 'sh': {'overall': 0.5509055494344369, 'bias': 0.7318540213284782, 'rmse': 0.30924813407788365, 'seas': 0.58917603004136, 'spatial': 0.6340529557525376}}
[params] {'k1': 0.044715240622990045, 'D_low': 16.618094050498865, 'k2': 0.06571359713201141, 'D_high': 2302.807654658129, 'fire_exp': 0.4085942724156249, 'P_half': 1.8980077957184474, 'pre_dampen_half': 0.7200416120281875, 'gpp_af': 30.23517919670493, 'gpp_b': 2.4754214389047274e-06, 'gpp_d': 348.20830053896947, 'ign_k': 3.735173899174554, 'ign_c': 19.47769061665169, 'P_wet_supp': 2669.629346888199, 'P_wet_pow': 2.136493896307799, 'P_half2': 17.18006958432189, 'P_floor_pow': 4.366778476939661}
[write] /Users/adithyasrinivasan/Projects/creativity-docs/exp-workspaces/exp_04/hermes/base/models/research/ED-C1-annual_p_hump/params.json
[write] /Users/adithyasrinivasan/Projects/creativity-docs/exp-workspaces/exp_04/hermes/base/ilamb/MODELS/ED-C1-annual_p_hump/burntArea.nc
