[I 2026-05-22 17:41:02,898] Trial 467 finished with value: 0.3994490055432051 and parameters: {'k1': 0.005049181682756373, 'D_low': 2.6954784109131595, 'k2': 0.00021680883578217538, 'D_high': 57.88058779082514, 'fire_exp': 0.5018190721234256, 'P_half': 1.2678933466875693, 'pre_dampen_half': 408.295115375532, 'gpp_af': 27.235951136182422, 'gpp_b': 0.20330270750617746, 'gpp_d': 189.523448750828, 'ign_k': 9.00117579978593, 'ign_c': 799.2990316426506, 'ign_k2': 1.6108585647070524, 'ign_c2': 0.4724451069332902, 'rain_shift': 4.828359159493937}. Best is trial 427 with value: 0.6004794926702128.
[I 2026-05-22 17:41:03,448] Trial 468 finished with value: 0.5266169126328211 and parameters: {'k1': 0.014084915057708574, 'D_low': 33.75419332049829, 'k2': 0.002388155906391814, 'D_high': 10125.173868703796, 'fire_exp': 0.3686610689603527, 'P_half': 1.95243127979787, 'pre_dampen_half': 152.74712931454252, 'gpp_af': 0.003317296998032324, 'gpp_b': 1.4833584547025204e-06, 'gpp_d': 32.09301470018922, 'ign_k': 0.27579130881836483, 'ign_c': 39.69506880010852, 'ign_k2': 1.951101130607431, 'ign_c2': 0.1965241291511429, 'rain_shift': 10.009070775995534}. Best is trial 427 with value: 0.6004794926702128.
[I 2026-05-22 17:41:03,999] Trial 469 finished with value: 0.4598396090815545 and parameters: {'k1': 0.0041881564767155275, 'D_low': 74.41270064698031, 'k2': 0.005375852870109699, 'D_high': 31358.584336333523, 'fire_exp': 7.695530362676384, 'P_half': 1.863218128825125, 'pre_dampen_half': 851.1752426869521, 'gpp_af': 1.9894205572373187, 'gpp_b': 0.00019057437681475488, 'gpp_d': 75.82810356673214, 'ign_k': 2.3211171714822014, 'ign_c': 0.6349395480784448, 'ign_k2': 5.84245438779576, 'ign_c2': 0.1094246192836004, 'rain_shift': 3.0812038721857062}. Best is trial 427 with value: 0.6004794926702128.
[I 2026-05-22 17:41:04,552] Trial 470 finished with value: 0.5522793832124874 and parameters: {'k1': 0.005696434512234455, 'D_low': 1.332686187924967, 'k2': 0.005155187334608457, 'D_high': 4898.332187218128, 'fire_exp': 0.5691942880467808, 'P_half': 7.148150188778858, 'pre_dampen_half': 22.392236356512708, 'gpp_af': 0.007639315214434213, 'gpp_b': 4.162215296025386e-05, 'gpp_d': 105.69894603191291, 'ign_k': 5.3246151089444655, 'ign_c': 0.11624454767589158, 'ign_k2': 0.42358536342902214, 'ign_c2': 15.780140068749052, 'rain_shift': 18.486734093348005}. Best is trial 427 with value: 0.6004794926702128.
[I 2026-05-22 17:41:05,103] Trial 471 finished with value: 0.40605074162125354 and parameters: {'k1': 0.029049985957546844, 'D_low': 1.2753166707493808, 'k2': 0.005253366925586365, 'D_high': 1065.1706759132026, 'fire_exp': 0.6011825704860645, 'P_half': 1.9140521847977574, 'pre_dampen_half': 1.7902439648108803, 'gpp_af': 0.007072608037295208, 'gpp_b': 2.31800294735294e-06, 'gpp_d': 726.0111663110315, 'ign_k': 0.9360370122387784, 'ign_c': 56.466440993133226, 'ign_k2': 0.6998846609978931, 'ign_c2': 0.7555653573984911, 'rain_shift': 9.217045674064535}. Best is trial 427 with value: 0.6004794926702128.
[I 2026-05-22 17:41:05,652] Trial 472 finished with value: 0.5280086343038514 and parameters: {'k1': 0.02105770363083069, 'D_low': 3.415112473350138, 'k2': 0.005459779367893367, 'D_high': 879.3180611885006, 'fire_exp': 0.3979507839435738, 'P_half': 41.99003077784326, 'pre_dampen_half': 488.86935573064596, 'gpp_af': 0.03376576689136686, 'gpp_b': 8.414284818762946e-05, 'gpp_d': 885.4101704898479, 'ign_k': 2.9239522206546655, 'ign_c': 4.0353384636586185, 'ign_k2': 2.9780900096602756, 'ign_c2': 0.2058261653056761, 'rain_shift': 5.066080248558238}. Best is trial 427 with value: 0.6004794926702128.
[I 2026-05-22 17:41:06,200] Trial 473 finished with value: 0.3994490055432051 and parameters: {'k1': 0.04912931777080146, 'D_low': 3.1435868681623695, 'k2': 0.0004945856798457244, 'D_high': 235.7366154530109, 'fire_exp': 0.44570233249548113, 'P_half': 3.079654852169377, 'pre_dampen_half': 161.41635789785016, 'gpp_af': 0.007289399348978988, 'gpp_b': 1.431977917759115e-06, 'gpp_d': 210.99397253941586, 'ign_k': 0.6673695562633594, 'ign_c': 121.09917935750808, 'ign_k2': 0.9265164703007464, 'ign_c2': 0.14387306397742938, 'rain_shift': 10.137515516701104}. Best is trial 427 with value: 0.6004794926702128.
[I 2026-05-22 17:41:06,749] Trial 474 finished with value: 0.49794497781799124 and parameters: {'k1': 0.09319317329488194, 'D_low': 321.4297212141943, 'k2': 0.01398234253626179, 'D_high': 16264.078126650029, 'fire_exp': 0.820829245777522, 'P_half': 71.27785928111423, 'pre_dampen_half': 132.81986551292053, 'gpp_af': 0.03828976069819287, 'gpp_b': 1.667495484941024e-05, 'gpp_d': 166.39067431120205, 'ign_k': 0.14673686913059875, 'ign_c': 1.3933524753237376, 'ign_k2': 0.19466977109012923, 'ign_c2': 0.6486440283539716, 'rain_shift': 14.842985598805022}. Best is trial 427 with value: 0.6004794926702128.
[I 2026-05-22 17:41:07,299] Trial 475 finished with value: 0.3994490055432051 and parameters: {'k1': 0.08865711881238224, 'D_low': 177.16813515059582, 'k2': 0.0007405416819411256, 'D_high': 81.64088361591244, 'fire_exp': 0.5229892911919028, 'P_half': 5.8299549326958955, 'pre_dampen_half': 18.24939333790267, 'gpp_af': 0.0016229286343647919, 'gpp_b': 1.610101261564917e-06, 'gpp_d': 30.761560304178374, 'ign_k': 3.6656155636107064, 'ign_c': 216.29646953923515, 'ign_k2': 4.3427514350645176, 'ign_c2': 0.32195253043742805, 'rain_shift': 2.503620113686827}. Best is trial 427 with value: 0.6004794926702128.
[I 2026-05-22 17:41:07,845] Trial 476 finished with value: 0.453138917090679 and parameters: {'k1': 0.0030656772294985744, 'D_low': 3.1395413394111022, 'k2': 0.08897280658515948, 'D_high': 2014.991710718901, 'fire_exp': 0.4545403336687508, 'P_half': 63.37872693393223, 'pre_dampen_half': 140.58839271792345, 'gpp_af': 0.011550364939001759, 'gpp_b': 1.2367682895319117e-06, 'gpp_d': 10.531990493227825, 'ign_k': 0.886075166738804, 'ign_c': 3.097757698163585, 'ign_k2': 0.03985303521990056, 'ign_c2': 1.99617811615659, 'rain_shift': 11.251935839025144}. Best is trial 427 with value: 0.6004794926702128.
[I 2026-05-22 17:41:08,390] Trial 477 finished with value: 0.5358219407860536 and parameters: {'k1': 0.04507780316641649, 'D_low': 484.602376224771, 'k2': 0.026113291185088712, 'D_high': 8027.329107428996, 'fire_exp': 0.5029677726012394, 'P_half': 228.2749890008573, 'pre_dampen_half': 49.778156538166805, 'gpp_af': 0.0012328545503630388, 'gpp_b': 2.063178662217168e-06, 'gpp_d': 258.42135568683017, 'ign_k': 0.1372567522565508, 'ign_c': 0.5437233269123887, 'ign_k2': 1.6916745905011883, 'ign_c2': 0.1799054682525073, 'rain_shift': 6.407660306309212}. Best is trial 427 with value: 0.6004794926702128.
[I 2026-05-22 17:41:08,935] Trial 478 finished with value: 0.5844833682471385 and parameters: {'k1': 0.07429813861013423, 'D_low': 1.383970724276916, 'k2': 0.09174916447773163, 'D_high': 29104.77657561476, 'fire_exp': 0.3959487912937183, 'P_half': 1.8730391613938984, 'pre_dampen_half': 449.21858468861876, 'gpp_af': 0.02579328992819248, 'gpp_b': 0.0004036785646543604, 'gpp_d': 502.9710451766432, 'ign_k': 6.835834317640957, 'ign_c': 0.8257026707267069, 'ign_k2': 6.365157900465481, 'ign_c2': 0.36749126147360917, 'rain_shift': 12.419676700191154}. Best is trial 427 with value: 0.6004794926702128.
[I 2026-05-22 17:41:09,480] Trial 479 finished with value: 0.594977485639786 and parameters: {'k1': 0.06193048305435679, 'D_low': 5.62107176235383, 'k2': 0.03437959909371561, 'D_high': 1300.4314752726584, 'fire_exp': 0.3595520615916478, 'P_half': 9.099544883647226, 'pre_dampen_half': 275.2769648967486, 'gpp_af': 0.006336257970420769, 'gpp_b': 1.1702561243898574e-06, 'gpp_d': 26.06288198778036, 'ign_k': 3.8217481314521464, 'ign_c': 3.732549442452691, 'ign_k2': 2.7733705098544226, 'ign_c2': 0.7583697651428893, 'rain_shift': 9.982000635233172}. Best is trial 427 with value: 0.6004794926702128.
[I 2026-05-22 17:41:10,029] Trial 480 finished with value: 0.46077649601348736 and parameters: {'k1': 0.03152288366630999, 'D_low': 40.155220124340815, 'k2': 0.0032435606586741373, 'D_high': 341.4132392596072, 'fire_exp': 1.3217306712718866, 'P_half': 1.7537131744124255, 'pre_dampen_half': 0.6039595498911936, 'gpp_af': 0.4734144066388299, 'gpp_b': 0.00011375558845092832, 'gpp_d': 51.22580707246775, 'ign_k': 0.4143089366711264, 'ign_c': 36.21031453459935, 'ign_k2': 0.01031147906527665, 'ign_c2': 7.88398620577662, 'rain_shift': 8.860286961556962}. Best is trial 427 with value: 0.6004794926702128.
[I 2026-05-22 17:41:10,577] Trial 481 finished with value: 0.3970707199840384 and parameters: {'k1': 0.059087762892465576, 'D_low': 3.007906098124918, 'k2': 0.0013361594151538655, 'D_high': 3260.1833522845686, 'fire_exp': 0.5759851678329866, 'P_half': 3.5027524324732684, 'pre_dampen_half': 147.24480013969048, 'gpp_af': 0.0027195017110921518, 'gpp_b': 5.094059183881229e-06, 'gpp_d': 113.12291257683952, 'ign_k': 5.84177853544863, 'ign_c': 33.597236670788554, 'ign_k2': 5.401005375307816, 'ign_c2': 0.20837447182310853, 'rain_shift': 8.74829348913794}. Best is trial 427 with value: 0.6004794926702128.
[I 2026-05-22 17:41:11,125] Trial 482 finished with value: 0.546821605840726 and parameters: {'k1': 0.05469778017983139, 'D_low': 6.106599145273706, 'k2': 0.003818182886727228, 'D_high': 15775.377374410946, 'fire_exp': 0.5542103860385523, 'P_half': 5.886730258907829, 'pre_dampen_half': 166.17327860659043, 'gpp_af': 0.0027828001874653685, 'gpp_b': 1.2269700686794942e-06, 'gpp_d': 958.927682241037, 'ign_k': 0.6798939245521631, 'ign_c': 0.9355906327031895, 'ign_k2': 0.9782933628370487, 'ign_c2': 0.196328113435076, 'rain_shift': 7.828061133119466}. Best is trial 427 with value: 0.6004794926702128.
[I 2026-05-22 17:41:11,673] Trial 483 finished with value: 0.5849961751360024 and parameters: {'k1': 0.04156750466906759, 'D_low': 10.16582521885212, 'k2': 0.03387662348387444, 'D_high': 18788.30438600681, 'fire_exp': 0.4819957944125334, 'P_half': 18.091926926671427, 'pre_dampen_half': 127.89764259390624, 'gpp_af': 0.0010030301327156185, 'gpp_b': 2.230051279669722e-05, 'gpp_d': 42.07575654330993, 'ign_k': 2.8367490324668223, 'ign_c': 6.490355004116877, 'ign_k2': 2.2848636158064153, 'ign_c2': 0.4678290554670394, 'rain_shift': 9.919945218382868}. Best is trial 427 with value: 0.6004794926702128.
[I 2026-05-22 17:41:12,216] Trial 484 finished with value: 0.487803370897385 and parameters: {'k1': 0.08956012788435883, 'D_low': 13.713574895286085, 'k2': 0.07441866702496613, 'D_high': 10851.108717034298, 'fire_exp': 0.7577738559578675, 'P_half': 11.705710843895492, 'pre_dampen_half': 81.73762980780796, 'gpp_af': 0.010075194427225294, 'gpp_b': 0.0006903944422750026, 'gpp_d': 0.09062605851213397, 'ign_k': 2.542377210212886, 'ign_c': 26.13681194553799, 'ign_k2': 1.3195106635479017, 'ign_c2': 0.1288085219637924, 'rain_shift': 16.736360073540695}. Best is trial 427 with value: 0.6004794926702128.
[I 2026-05-22 17:41:12,763] Trial 485 finished with value: 0.5291086511629678 and parameters: {'k1': 0.0622763481126504, 'D_low': 8.071833269610496, 'k2': 0.01209555226501759, 'D_high': 170.97639525297677, 'fire_exp': 0.5112665153889233, 'P_half': 0.8441526142506043, 'pre_dampen_half': 742.828301860802, 'gpp_af': 0.0024495034572498842, 'gpp_b': 2.967479037467353e-06, 'gpp_d': 251.68134230639092, 'ign_k': 0.06351035388235338, 'ign_c': 5.5514528507985865, 'ign_k2': 1.3345625081080945, 'ign_c2': 0.10670913501323097, 'rain_shift': 12.810872554222055}. Best is trial 427 with value: 0.6004794926702128.
[I 2026-05-22 17:41:13,312] Trial 486 finished with value: 0.5733029404616263 and parameters: {'k1': 0.038379648719401575, 'D_low': 32.317372338186765, 'k2': 0.004873570273482033, 'D_high': 509.19162178592154, 'fire_exp': 0.7478804310667122, 'P_half': 4.7908726265537025, 'pre_dampen_half': 6.936744031494614, 'gpp_af': 9.31977566748303, 'gpp_b': 0.0005667895849171012, 'gpp_d': 857.2056177575786, 'ign_k': 0.053621491409962425, 'ign_c': 0.32381392414184695, 'ign_k2': 5.902165373477576, 'ign_c2': 0.39484299344933665, 'rain_shift': 6.826459222822672}. Best is trial 427 with value: 0.6004794926702128.
[I 2026-05-22 17:41:13,862] Trial 487 finished with value: 0.5802795833531977 and parameters: {'k1': 0.09390890813819591, 'D_low': 20.703172607531933, 'k2': 0.020973981184281305, 'D_high': 4178.815643494499, 'fire_exp': 0.5615959756459656, 'P_half': 0.16585424296698384, 'pre_dampen_half': 673.4480258135189, 'gpp_af': 0.0012593709165336596, 'gpp_b': 1.1654830635732988e-06, 'gpp_d': 27.73930203616409, 'ign_k': 4.43827892573311, 'ign_c': 24.687221486572422, 'ign_k2': 0.7162849406501878, 'ign_c2': 0.14525230283967308, 'rain_shift': 7.264739364269413}. Best is trial 427 with value: 0.6004794926702128.
[I 2026-05-22 17:41:14,411] Trial 488 finished with value: 0.5756946137188581 and parameters: {'k1': 0.013726897273205347, 'D_low': 179.02577389418818, 'k2': 0.000435316288197031, 'D_high': 2399.8706288242615, 'fire_exp': 0.7713567282393209, 'P_half': 30.09055719220373, 'pre_dampen_half': 17.517690347710563, 'gpp_af': 0.001045720966642167, 'gpp_b': 6.417563137376348e-06, 'gpp_d': 84.91278792432621, 'ign_k': 0.04380950139815586, 'ign_c': 3.556352292684572, 'ign_k2': 3.3046371008485687, 'ign_c2': 0.13260110841426678, 'rain_shift': 6.027604166786475}. Best is trial 427 with value: 0.6004794926702128.
[I 2026-05-22 17:41:14,960] Trial 489 finished with value: 0.5600863317403015 and parameters: {'k1': 0.01760166320690112, 'D_low': 3.276387937924218, 'k2': 0.017093741974852805, 'D_high': 1039.88270660153, 'fire_exp': 1.0292170829707379, 'P_half': 69.79387923891693, 'pre_dampen_half': 586.3360269054007, 'gpp_af': 0.008705285987562985, 'gpp_b': 2.444183091771966e-05, 'gpp_d': 9.292249603855776, 'ign_k': 0.6737409945891849, 'ign_c': 25.623728396857118, 'ign_k2': 0.768287143484903, 'ign_c2': 0.48087934001562765, 'rain_shift': 4.126596239928897}. Best is trial 427 with value: 0.6004794926702128.
[I 2026-05-22 17:41:15,506] Trial 490 finished with value: 0.3994490055432051 and parameters: {'k1': 0.04326145098606276, 'D_low': 120.9449502297231, 'k2': 0.006018883985497588, 'D_high': 2793.131589306538, 'fire_exp': 1.7734269504243292, 'P_half': 18.21736063024186, 'pre_dampen_half': 235.4543661326464, 'gpp_af': 0.18776536889193993, 'gpp_b': 1.2850146822161344e-05, 'gpp_d': 5.57979190349514, 'ign_k': 8.930851775695315, 'ign_c': 63.015599047042805, 'ign_k2': 5.167876648770022, 'ign_c2': 0.37847588747121896, 'rain_shift': 11.651342586802361}. Best is trial 427 with value: 0.6004794926702128.
[I 2026-05-22 17:41:16,054] Trial 491 finished with value: 0.46820874896848563 and parameters: {'k1': 0.06786085717031097, 'D_low': 9.368699510218315, 'k2': 0.027874418321550787, 'D_high': 53.90953697706759, 'fire_exp': 0.618313260195893, 'P_half': 0.3416894037037161, 'pre_dampen_half': 202.54046646839936, 'gpp_af': 0.0018030155205308294, 'gpp_b': 3.832100814482698e-06, 'gpp_d': 2.1816813366831265, 'ign_k': 1.1087191971893955, 'ign_c': 1.1782785144427557, 'ign_k2': 1.9910280995177216, 'ign_c2': 1.4078349399712344, 'rain_shift': 10.814467629131242}. Best is trial 427 with value: 0.6004794926702128.
[I 2026-05-22 17:41:16,605] Trial 492 finished with value: 0.5863960376234684 and parameters: {'k1': 0.09005360432869472, 'D_low': 3.081772270598898, 'k2': 0.01245219936070062, 'D_high': 2182.6556982204474, 'fire_exp': 0.42899173319873113, 'P_half': 5.759532992578027, 'pre_dampen_half': 116.02260159063354, 'gpp_af': 0.17951693418702505, 'gpp_b': 2.92605705088272e-06, 'gpp_d': 43.61833458821874, 'ign_k': 0.6197706192499678, 'ign_c': 24.037359743565307, 'ign_k2': 1.0190719745191748, 'ign_c2': 0.3591117685002352, 'rain_shift': 11.024328107306975}. Best is trial 427 with value: 0.6004794926702128.
[I 2026-05-22 17:41:17,164] Trial 493 finished with value: 0.48821101525358823 and parameters: {'k1': 0.008676225398680276, 'D_low': 10.127422765001478, 'k2': 0.0018926697752647843, 'D_high': 979.2334713354426, 'fire_exp': 2.8478994940587397, 'P_half': 0.16795855945974017, 'pre_dampen_half': 124.1249992182605, 'gpp_af': 11.843315167210765, 'gpp_b': 0.00019291721955990465, 'gpp_d': 9.828847223412161, 'ign_k': 0.4322986725221131, 'ign_c': 1.8416531097689528, 'ign_k2': 2.488145236679865, 'ign_c2': 0.23763238269218556, 'rain_shift': 10.423570580560828}. Best is trial 427 with value: 0.6004794926702128.
[I 2026-05-22 17:41:17,714] Trial 494 finished with value: 0.5620422644297602 and parameters: {'k1': 0.05036501442401612, 'D_low': 18.02015475844319, 'k2': 0.09958220113178443, 'D_high': 5690.4612005774, 'fire_exp': 0.4478036627132611, 'P_half': 9.344379401053185, 'pre_dampen_half': 362.70116719861744, 'gpp_af': 0.038483403941825006, 'gpp_b': 1.2149230157078597e-05, 'gpp_d': 2.9025237473260725, 'ign_k': 0.1199181755335106, 'ign_c': 8.706701133742484, 'ign_k2': 0.6554800613549957, 'ign_c2': 0.9951441795018822, 'rain_shift': 8.941214244313645}. Best is trial 427 with value: 0.6004794926702128.
[I 2026-05-22 17:41:18,267] Trial 495 finished with value: 0.5736880029961229 and parameters: {'k1': 0.09081691540192918, 'D_low': 161.88020308333074, 'k2': 0.01388072521939721, 'D_high': 3484.846423226499, 'fire_exp': 1.9992517578303954, 'P_half': 125.40135212116681, 'pre_dampen_half': 581.2558043764028, 'gpp_af': 0.3237275027222836, 'gpp_b': 1.3360627037124105e-05, 'gpp_d': 83.9068428016252, 'ign_k': 0.7568267741264205, 'ign_c': 0.5038015814085695, 'ign_k2': 3.1320234806165166, 'ign_c2': 0.12186095116070944, 'rain_shift': 13.224286442966317}. Best is trial 427 with value: 0.6004794926702128.
[I 2026-05-22 17:41:18,818] Trial 496 finished with value: 0.5856936652621307 and parameters: {'k1': 0.014233516418514041, 'D_low': 3.75889445025766, 'k2': 0.013548680893066326, 'D_high': 544.8326876775155, 'fire_exp': 0.3655090946677393, 'P_half': 7.344660766613384, 'pre_dampen_half': 10.014094110677839, 'gpp_af': 0.32393700582986373, 'gpp_b': 6.1230356570413646e-06, 'gpp_d': 206.03340187506444, 'ign_k': 0.544191307779542, 'ign_c': 15.84795769790031, 'ign_k2': 0.6219006440005478, 'ign_c2': 0.1103558083067901, 'rain_shift': 9.58147405805507}. Best is trial 427 with value: 0.6004794926702128.
[I 2026-05-22 17:41:19,364] Trial 497 finished with value: 0.5493820170069367 and parameters: {'k1': 0.007245916347946158, 'D_low': 10.585055908550572, 'k2': 0.002989649065888215, 'D_high': 3180.311793485401, 'fire_exp': 0.7814881259035565, 'P_half': 35.4431531070564, 'pre_dampen_half': 4.8982230963370474, 'gpp_af': 84.63811799728217, 'gpp_b': 0.0016636126540751652, 'gpp_d': 815.8452274641131, 'ign_k': 0.678754338424193, 'ign_c': 11.767271375712768, 'ign_k2': 1.7001190876150665, 'ign_c2': 0.3943692208126866, 'rain_shift': 3.4691522258717336}. Best is trial 427 with value: 0.6004794926702128.
[I 2026-05-22 17:41:19,917] Trial 498 finished with value: 0.47416974245535154 and parameters: {'k1': 0.011169059707812777, 'D_low': 17.07020895822959, 'k2': 0.0022512383351088947, 'D_high': 5044.413655701094, 'fire_exp': 0.4186138804309893, 'P_half': 5.301705918324781, 'pre_dampen_half': 105.50279813640022, 'gpp_af': 0.042722815984758876, 'gpp_b': 5.321648929675854e-05, 'gpp_d': 34.08857162096667, 'ign_k': 3.8797764827415273, 'ign_c': 0.5570486463197142, 'ign_k2': 1.037494319874897, 'ign_c2': 2.5822734878828135, 'rain_shift': 4.422451699389966}. Best is trial 427 with value: 0.6004794926702128.
[I 2026-05-22 17:41:20,475] Trial 499 finished with value: 0.5806449445091182 and parameters: {'k1': 0.02143131050117702, 'D_low': 23.911565307320764, 'k2': 0.021137425077367846, 'D_high': 4374.9306280988885, 'fire_exp': 0.48425336988339096, 'P_half': 0.24212388919219097, 'pre_dampen_half': 14.14980592576887, 'gpp_af': 0.2593605334760031, 'gpp_b': 0.001343749206281222, 'gpp_d': 8.661887050597356, 'ign_k': 0.7244892939628189, 'ign_c': 2.3979917641188204, 'ign_k2': 0.8163338312345066, 'ign_c2': 0.5486976246162408, 'rain_shift': 13.715004659893388}. Best is trial 427 with value: 0.6004794926702128.
[best] 0.6004794926702128 {'overall': 0.6173912984556943, 'bias': 0.7125153155383254, 'rmse': 0.37702174181168496, 'seas': 0.8289925076158479, 'spatial': 0.6962811684182968}
[regions] {'bona': {'overall': 0.5230298480243157, 'bias': 0.7913552123347299, 'rmse': 0.3597262214458602, 'seas': 0.770204398238902, 'spatial': 0.06581182234581176}, 'tena': {'overall': 0.5179825538461911, 'bias': 0.7135377932797606, 'rmse': 0.30755157709254294, 'seas': 0.7106175342134915, 'spatial': 0.35509904811904724}, 'tropics': {'overall': 0.6123132877791574, 'bias': 0.710665516668995, 'rmse': 0.3876537406318643, 'seas': 0.8485367830627417, 'spatial': 0.6287044290104835}, 'sh': {'overall': 0.5352661264082588, 'bias': 0.7091799912590115, 'rmse': 0.29943728161866334, 'seas': 0.6732613727818824, 'spatial': 0.5211008399123208}}
[params] {'k1': 0.051989527083445, 'D_low': 3.307946627051063, 'k2': 0.0029889653356445158, 'D_high': 6638.453250129056, 'fire_exp': 0.6493889938481203, 'P_half': 2.718594316147976, 'pre_dampen_half': 223.15499703199472, 'gpp_af': 0.0011260916055706243, 'gpp_b': 3.894703213423953e-06, 'gpp_d': 515.6069885481905, 'ign_k': 1.1733533730843548, 'ign_c': 20.77103305828145, 'ign_k2': 2.9661434882621838, 'ign_c2': 0.21250231636566516, 'rain_shift': 10.251421553985631}
[write] /Users/adithyasrinivasan/Projects/creativity-docs/exp-workspaces/exp_04/hermes/base/models/research/ED-C1-rain_temp_shift/params.json
[write] /Users/adithyasrinivasan/Projects/creativity-docs/exp-workspaces/exp_04/hermes/base/ilamb/MODELS/ED-C1-rain_temp_shift/burntArea.nc
