[I 2026-05-22 17:51:55,353] Trial 327 finished with value: 0.6010995566684761 and parameters: {'P_amp': 0.3546601105242858, 'P_wet': 679.2445081292685, 'P_pow': 0.9506959744245944, 'rate_power': 0.9831041596491458}. Best is trial 107 with value: 0.6083231421626458.
[I 2026-05-22 17:51:55,642] Trial 328 finished with value: 0.6077297249227173 and parameters: {'P_amp': 0.7659059777254891, 'P_wet': 2736.3805866004686, 'P_pow': 4.595683628674055, 'rate_power': 1.2196643164509566}. Best is trial 107 with value: 0.6083231421626458.
[I 2026-05-22 17:51:55,930] Trial 329 finished with value: 0.605918496954208 and parameters: {'P_amp': 0.7686400586083691, 'P_wet': 1897.061724426361, 'P_pow': 4.755764621500627, 'rate_power': 1.2325636229727535}. Best is trial 107 with value: 0.6083231421626458.
[I 2026-05-22 17:51:56,220] Trial 330 finished with value: 0.607566949618383 and parameters: {'P_amp': 0.8791091934904636, 'P_wet': 2514.749796923661, 'P_pow': 4.777628350736372, 'rate_power': 1.2820431832097592}. Best is trial 107 with value: 0.6083231421626458.
[I 2026-05-22 17:51:56,509] Trial 331 finished with value: 0.6048642496860086 and parameters: {'P_amp': 0.772327768027665, 'P_wet': 4902.800530151992, 'P_pow': 4.3871722293893844, 'rate_power': 1.0608365460776057}. Best is trial 107 with value: 0.6083231421626458.
[I 2026-05-22 17:51:56,797] Trial 332 finished with value: 0.6081928374870367 and parameters: {'P_amp': 0.8815410046811571, 'P_wet': 2237.02531042285, 'P_pow': 5.749077920957321, 'rate_power': 1.218138944019674}. Best is trial 107 with value: 0.6083231421626458.
[I 2026-05-22 17:51:57,085] Trial 333 finished with value: 0.6078561586594674 and parameters: {'P_amp': 0.8810671909435942, 'P_wet': 3366.398619541925, 'P_pow': 5.944280721668496, 'rate_power': 1.2339562525701655}. Best is trial 107 with value: 0.6083231421626458.
[I 2026-05-22 17:51:57,374] Trial 334 finished with value: 0.6079280743153117 and parameters: {'P_amp': 0.8736942755376081, 'P_wet': 2096.6474299180736, 'P_pow': 5.848436203215852, 'rate_power': 1.1908570884334317}. Best is trial 107 with value: 0.6083231421626458.
[I 2026-05-22 17:51:57,662] Trial 335 finished with value: 0.6082427358421891 and parameters: {'P_amp': 0.8957535302009275, 'P_wet': 2347.990760329682, 'P_pow': 5.9763585735712965, 'rate_power': 1.2003569165289094}. Best is trial 107 with value: 0.6083231421626458.
[I 2026-05-22 17:51:57,959] Trial 336 finished with value: 0.5776029057646692 and parameters: {'P_amp': 0.8767580823391191, 'P_wet': 1065.635299965601, 'P_pow': 5.845294251169991, 'rate_power': 1.1893210241228416}. Best is trial 107 with value: 0.6083231421626458.
[I 2026-05-22 17:51:58,258] Trial 337 finished with value: 0.598090459136706 and parameters: {'P_amp': 0.6656137966559421, 'P_wet': 4769.840853344725, 'P_pow': 0.3676858192909944, 'rate_power': 0.8374358730805703}. Best is trial 107 with value: 0.6083231421626458.
[I 2026-05-22 17:51:58,555] Trial 338 finished with value: 0.5729926998188707 and parameters: {'P_amp': 0.8599437393092737, 'P_wet': 858.8865941868094, 'P_pow': 2.626881943372171, 'rate_power': 1.0586018708384342}. Best is trial 107 with value: 0.6083231421626458.
[I 2026-05-22 17:51:58,849] Trial 339 finished with value: 0.6077690185068001 and parameters: {'P_amp': 0.8878208857342887, 'P_wet': 2631.9376942922886, 'P_pow': 5.1415380582259695, 'rate_power': 1.2983304150095782}. Best is trial 107 with value: 0.6083231421626458.
[I 2026-05-22 17:51:59,146] Trial 340 finished with value: 0.5820370451096653 and parameters: {'P_amp': 0.013595763954758255, 'P_wet': 302.953714169285, 'P_pow': 1.1888143651884977, 'rate_power': 0.7307432569495813}. Best is trial 107 with value: 0.6083231421626458.
[I 2026-05-22 17:51:59,441] Trial 341 finished with value: 0.6062275616712658 and parameters: {'P_amp': 0.8934001817825705, 'P_wet': 1866.9002688247895, 'P_pow': 5.2063892897243065, 'rate_power': 1.178524741669158}. Best is trial 107 with value: 0.6083231421626458.
[I 2026-05-22 17:51:59,737] Trial 342 finished with value: 0.6076366428394103 and parameters: {'P_amp': 0.8963036353158875, 'P_wet': 3193.913952379252, 'P_pow': 5.2499676127508, 'rate_power': 1.1920100461171725}. Best is trial 107 with value: 0.6083231421626458.
[I 2026-05-22 17:52:00,034] Trial 343 finished with value: 0.5911065793777326 and parameters: {'P_amp': 0.46626009923463363, 'P_wet': 418.47999274154864, 'P_pow': 4.933253594789026, 'rate_power': 0.7919763250353822}. Best is trial 107 with value: 0.6083231421626458.
[I 2026-05-22 17:52:00,330] Trial 344 finished with value: 0.6073927571074376 and parameters: {'P_amp': 0.8480432574963812, 'P_wet': 3721.155054714739, 'P_pow': 5.999282285486844, 'rate_power': 1.1972747730344024}. Best is trial 107 with value: 0.6083231421626458.
[I 2026-05-22 17:52:00,627] Trial 345 finished with value: 0.6053256522645997 and parameters: {'P_amp': 0.897440997473373, 'P_wet': 1756.1264233326071, 'P_pow': 5.300364450207274, 'rate_power': 1.180936741112047}. Best is trial 107 with value: 0.6083231421626458.
[I 2026-05-22 17:52:00,923] Trial 346 finished with value: 0.6082326405761334 and parameters: {'P_amp': 0.8838775665146803, 'P_wet': 2606.577141858064, 'P_pow': 5.79192802627214, 'rate_power': 1.2183323220727558}. Best is trial 107 with value: 0.6083231421626458.
[I 2026-05-22 17:52:01,219] Trial 347 finished with value: 0.605326938852444 and parameters: {'P_amp': 0.8826928544363182, 'P_wet': 1708.6555183523183, 'P_pow': 5.96132817982965, 'rate_power': 1.2199758897253066}. Best is trial 107 with value: 0.6083231421626458.
[I 2026-05-22 17:52:01,516] Trial 348 finished with value: 0.6077303378229999 and parameters: {'P_amp': 0.8800744572349054, 'P_wet': 2150.8879717677246, 'P_pow': 5.979906223258632, 'rate_power': 1.1329759777773167}. Best is trial 107 with value: 0.6083231421626458.
[I 2026-05-22 17:52:01,814] Trial 349 finished with value: 0.6082800886067197 and parameters: {'P_amp': 0.8884118176199927, 'P_wet': 2303.9547391751003, 'P_pow': 5.849580169616189, 'rate_power': 1.2205287721673017}. Best is trial 107 with value: 0.6083231421626458.
[I 2026-05-22 17:52:02,107] Trial 350 finished with value: 0.6080524600538716 and parameters: {'P_amp': 0.8934884125680522, 'P_wet': 2781.365361685874, 'P_pow': 5.692962704207558, 'rate_power': 1.2079948606401738}. Best is trial 107 with value: 0.6083231421626458.
[I 2026-05-22 17:52:02,396] Trial 351 finished with value: 0.6080941683393798 and parameters: {'P_amp': 0.8663719465257318, 'P_wet': 2922.4251526593325, 'P_pow': 5.953560595862694, 'rate_power': 1.2280327670713598}. Best is trial 107 with value: 0.6083231421626458.
[I 2026-05-22 17:52:02,684] Trial 352 finished with value: 0.6077813846460741 and parameters: {'P_amp': 0.8921524164658654, 'P_wet': 3449.3011620638426, 'P_pow': 4.995542042012193, 'rate_power': 1.2716765167222903}. Best is trial 107 with value: 0.6083231421626458.
[I 2026-05-22 17:52:02,973] Trial 353 finished with value: 0.6077076270484532 and parameters: {'P_amp': 0.7085145638253652, 'P_wet': 2684.4983981044797, 'P_pow': 5.0715492773681285, 'rate_power': 1.1987027604187641}. Best is trial 107 with value: 0.6083231421626458.
[I 2026-05-22 17:52:03,262] Trial 354 finished with value: 0.6064208534317658 and parameters: {'P_amp': 0.7245208255625383, 'P_wet': 2710.283909966429, 'P_pow': 5.62657138249109, 'rate_power': 1.090700514481776}. Best is trial 107 with value: 0.6083231421626458.
[I 2026-05-22 17:52:03,551] Trial 355 finished with value: 0.6079849162094749 and parameters: {'P_amp': 0.8902913256591556, 'P_wet': 2265.287375167146, 'P_pow': 5.987228356986769, 'rate_power': 1.2988299932019396}. Best is trial 107 with value: 0.6083231421626458.
[I 2026-05-22 17:52:03,840] Trial 356 finished with value: 0.6073765866782179 and parameters: {'P_amp': 0.864922765520228, 'P_wet': 2596.897203824079, 'P_pow': 4.838791679183785, 'rate_power': 1.151267081808565}. Best is trial 107 with value: 0.6083231421626458.
[I 2026-05-22 17:52:04,129] Trial 357 finished with value: 0.6071922210022564 and parameters: {'P_amp': 0.8486745087883583, 'P_wet': 3061.5740111790424, 'P_pow': 5.98226101105459, 'rate_power': 1.1461826782208755}. Best is trial 107 with value: 0.6083231421626458.
[I 2026-05-22 17:52:04,423] Trial 358 finished with value: 0.5883352697237136 and parameters: {'P_amp': 0.8672407112679787, 'P_wet': 916.2355976595314, 'P_pow': 0.7577211955301477, 'rate_power': 0.9522744274785164}. Best is trial 107 with value: 0.6083231421626458.
[I 2026-05-22 17:52:04,718] Trial 359 finished with value: 0.6057638516297519 and parameters: {'P_amp': 0.8961447475850994, 'P_wet': 1930.158210158808, 'P_pow': 4.939763702941593, 'rate_power': 1.2667811354664051}. Best is trial 107 with value: 0.6083231421626458.
[I 2026-05-22 17:52:05,016] Trial 360 finished with value: 0.6080612925893539 and parameters: {'P_amp': 0.7437408191814744, 'P_wet': 2283.77235057853, 'P_pow': 5.97071338120291, 'rate_power': 1.1966901863949042}. Best is trial 107 with value: 0.6083231421626458.
[I 2026-05-22 17:52:05,313] Trial 361 finished with value: 0.596031638150862 and parameters: {'P_amp': 0.336720993643894, 'P_wet': 666.688160981318, 'P_pow': 3.7870116599515375, 'rate_power': 1.0408288514484292}. Best is trial 107 with value: 0.6083231421626458.
[I 2026-05-22 17:52:05,608] Trial 362 finished with value: 0.6074865026214123 and parameters: {'P_amp': 0.803845103266666, 'P_wet': 4151.389167125885, 'P_pow': 5.9435534153479335, 'rate_power': 1.2201075931683567}. Best is trial 107 with value: 0.6083231421626458.
[I 2026-05-22 17:52:05,905] Trial 363 finished with value: 0.5992009831649738 and parameters: {'P_amp': 0.7204191344762801, 'P_wet': 1356.9454481915236, 'P_pow': 5.870537751265709, 'rate_power': 1.1869322121647903}. Best is trial 107 with value: 0.6083231421626458.
[I 2026-05-22 17:52:06,201] Trial 364 finished with value: 0.6070058708324249 and parameters: {'P_amp': 0.8988552181069791, 'P_wet': 5364.155384288406, 'P_pow': 4.965394389653085, 'rate_power': 1.1791781054103871}. Best is trial 107 with value: 0.6083231421626458.
[I 2026-05-22 17:52:06,498] Trial 365 finished with value: 0.6073711570889009 and parameters: {'P_amp': 0.8689643266318275, 'P_wet': 2122.010180896799, 'P_pow': 5.0742534685379965, 'rate_power': 1.2277087471096173}. Best is trial 107 with value: 0.6083231421626458.
[I 2026-05-22 17:52:06,793] Trial 366 finished with value: 0.6078056984828293 and parameters: {'P_amp': 0.853919948315194, 'P_wet': 2969.5680959869596, 'P_pow': 5.97612553431401, 'rate_power': 1.1966598473015444}. Best is trial 107 with value: 0.6083231421626458.
[I 2026-05-22 17:52:07,092] Trial 367 finished with value: 0.6078109816269022 and parameters: {'P_amp': 0.8963888922713417, 'P_wet': 3490.3325570649263, 'P_pow': 5.62918969447977, 'rate_power': 1.2475126696919272}. Best is trial 107 with value: 0.6083231421626458.
[I 2026-05-22 17:52:07,381] Trial 368 finished with value: 0.6069882796101579 and parameters: {'P_amp': 0.8789688498352997, 'P_wet': 2026.0743079992642, 'P_pow': 5.943281537044764, 'rate_power': 1.0819793812717482}. Best is trial 107 with value: 0.6083231421626458.
[I 2026-05-22 17:52:07,672] Trial 369 finished with value: 0.6079168004129369 and parameters: {'P_amp': 0.8990165487577663, 'P_wet': 2826.591697454953, 'P_pow': 5.073019819462653, 'rate_power': 1.2778890889613879}. Best is trial 107 with value: 0.6083231421626458.
[I 2026-05-22 17:52:07,960] Trial 370 finished with value: 0.6005504202693284 and parameters: {'P_amp': 0.7664826222713355, 'P_wet': 1448.4673757483172, 'P_pow': 5.949308464729549, 'rate_power': 1.2429909063761835}. Best is trial 107 with value: 0.6083231421626458.
[I 2026-05-22 17:52:08,249] Trial 371 finished with value: 0.6082030372862732 and parameters: {'P_amp': 0.8930681352527767, 'P_wet': 2806.8283774063675, 'P_pow': 5.9932903969629985, 'rate_power': 1.2442001207738078}. Best is trial 107 with value: 0.6083231421626458.
[I 2026-05-22 17:52:08,538] Trial 372 finished with value: 0.6075092651176496 and parameters: {'P_amp': 0.7210529781873469, 'P_wet': 2415.940712141969, 'P_pow': 5.95115339945187, 'rate_power': 1.1428065536564274}. Best is trial 107 with value: 0.6083231421626458.
[I 2026-05-22 17:52:08,831] Trial 373 finished with value: 0.5978254340236039 and parameters: {'P_amp': 0.39653773711359513, 'P_wet': 1677.5277925778946, 'P_pow': 5.486518065061899, 'rate_power': 0.8825423338619012}. Best is trial 107 with value: 0.6083231421626458.
[I 2026-05-22 17:52:09,121] Trial 374 finished with value: 0.6081324294538588 and parameters: {'P_amp': 0.8914856161383051, 'P_wet': 2368.844745071772, 'P_pow': 5.757159031886446, 'rate_power': 1.1931853619506547}. Best is trial 107 with value: 0.6083231421626458.
[I 2026-05-22 17:52:09,411] Trial 375 finished with value: 0.6081240058974263 and parameters: {'P_amp': 0.8969243153600003, 'P_wet': 2744.8573868212275, 'P_pow': 5.5457200066478505, 'rate_power': 1.2323727321947362}. Best is trial 107 with value: 0.6083231421626458.
[I 2026-05-22 17:52:09,699] Trial 376 finished with value: 0.6082229816620459 and parameters: {'P_amp': 0.895864437226214, 'P_wet': 2598.2687571062083, 'P_pow': 5.9967254351281385, 'rate_power': 1.2092579305849707}. Best is trial 107 with value: 0.6083231421626458.
[I 2026-05-22 17:52:09,991] Trial 377 finished with value: 0.6068460997619829 and parameters: {'P_amp': 0.7608171780475625, 'P_wet': 3336.9309126009784, 'P_pow': 4.870589001628547, 'rate_power': 1.138073580657791}. Best is trial 107 with value: 0.6083231421626458.
[I 2026-05-22 17:52:10,280] Trial 378 finished with value: 0.6077902558786312 and parameters: {'P_amp': 0.7637240108327856, 'P_wet': 2455.93627827946, 'P_pow': 5.167559646779781, 'rate_power': 1.2004584645185044}. Best is trial 107 with value: 0.6083231421626458.
[I 2026-05-22 17:52:10,569] Trial 379 finished with value: 0.6076242018218563 and parameters: {'P_amp': 0.857593997438161, 'P_wet': 4251.386681893337, 'P_pow': 5.965043585496906, 'rate_power': 1.2708127581395674}. Best is trial 107 with value: 0.6083231421626458.
[I 2026-05-22 17:52:10,862] Trial 380 finished with value: 0.6081671269665399 and parameters: {'P_amp': 0.8875611812672229, 'P_wet': 2590.0979796710353, 'P_pow': 5.792592874499966, 'rate_power': 1.205002614685914}. Best is trial 107 with value: 0.6083231421626458.
[I 2026-05-22 17:52:11,159] Trial 381 finished with value: 0.607103470485586 and parameters: {'P_amp': 0.8980589340455676, 'P_wet': 2382.8658421417767, 'P_pow': 5.272250771113544, 'rate_power': 1.1055355926821044}. Best is trial 107 with value: 0.6083231421626458.
[I 2026-05-22 17:52:11,456] Trial 382 finished with value: 0.6080787442518565 and parameters: {'P_amp': 0.8976692550880104, 'P_wet': 2341.254417244515, 'P_pow': 5.589838305575352, 'rate_power': 1.1953394241200472}. Best is trial 107 with value: 0.6083231421626458.
[I 2026-05-22 17:52:11,754] Trial 383 finished with value: 0.6068993602166348 and parameters: {'P_amp': 0.8884522356235137, 'P_wet': 3198.533715195543, 'P_pow': 5.0945615396904245, 'rate_power': 1.1306100440205218}. Best is trial 107 with value: 0.6083231421626458.
[I 2026-05-22 17:52:12,051] Trial 384 finished with value: 0.6066389864256574 and parameters: {'P_amp': 0.3129879092398645, 'P_wet': 3547.0370663364915, 'P_pow': 2.3337053489666872, 'rate_power': 1.299241023566041}. Best is trial 107 with value: 0.6083231421626458.
[I 2026-05-22 17:52:12,347] Trial 385 finished with value: 0.6079691548248425 and parameters: {'P_amp': 0.819738474438437, 'P_wet': 2139.954557072181, 'P_pow': 5.976943702991243, 'rate_power': 1.1676360428164259}. Best is trial 107 with value: 0.6083231421626458.
[I 2026-05-22 17:52:12,644] Trial 386 finished with value: 0.6064247334160408 and parameters: {'P_amp': 0.7428485865752714, 'P_wet': 3166.6249729381398, 'P_pow': 5.982631891017231, 'rate_power': 1.1080209772610972}. Best is trial 107 with value: 0.6083231421626458.
[I 2026-05-22 17:52:12,939] Trial 387 finished with value: 0.6071483963184856 and parameters: {'P_amp': 0.6625460633858136, 'P_wet': 4309.193621725597, 'P_pow': 5.9001484264776956, 'rate_power': 1.188286638346345}. Best is trial 107 with value: 0.6083231421626458.
[I 2026-05-22 17:52:13,236] Trial 388 finished with value: 0.6051965062800834 and parameters: {'P_amp': 0.8518063677537816, 'P_wet': 1676.6880923079316, 'P_pow': 5.837879192206, 'rate_power': 1.1752920640615447}. Best is trial 107 with value: 0.6083231421626458.
[I 2026-05-22 17:52:13,534] Trial 389 finished with value: 0.6074768937993767 and parameters: {'P_amp': 0.7337822277357797, 'P_wet': 3692.228735790412, 'P_pow': 5.137815581268075, 'rate_power': 1.2059481383624862}. Best is trial 107 with value: 0.6083231421626458.
[I 2026-05-22 17:52:13,828] Trial 390 finished with value: 0.6080265425993496 and parameters: {'P_amp': 0.7657979739421868, 'P_wet': 2755.0322325759644, 'P_pow': 5.887906703127496, 'rate_power': 1.2139184410872563}. Best is trial 107 with value: 0.6083231421626458.
[I 2026-05-22 17:52:14,117] Trial 391 finished with value: 0.6071615452985718 and parameters: {'P_amp': 0.8941595562922405, 'P_wet': 3227.085611563534, 'P_pow': 5.87112135844768, 'rate_power': 1.1503082134118934}. Best is trial 107 with value: 0.6083231421626458.
[I 2026-05-22 17:52:14,405] Trial 392 finished with value: 0.6057182578982393 and parameters: {'P_amp': 0.8810871295062525, 'P_wet': 1715.4943796947503, 'P_pow': 5.981148777460826, 'rate_power': 1.1467193875657}. Best is trial 107 with value: 0.6083231421626458.
[I 2026-05-22 17:52:14,694] Trial 393 finished with value: 0.6079513094079945 and parameters: {'P_amp': 0.8833169625003502, 'P_wet': 2691.325744782929, 'P_pow': 5.987414465647716, 'rate_power': 1.182444620146}. Best is trial 107 with value: 0.6083231421626458.
[I 2026-05-22 17:52:14,983] Trial 394 finished with value: 0.6056794219242222 and parameters: {'P_amp': 0.7499641963955046, 'P_wet': 1898.4940340910616, 'P_pow': 4.922849694931708, 'rate_power': 1.281685313859513}. Best is trial 107 with value: 0.6083231421626458.
[I 2026-05-22 17:52:15,272] Trial 395 finished with value: 0.6080603780738595 and parameters: {'P_amp': 0.7447623159239143, 'P_wet': 2764.164420149848, 'P_pow': 5.9203535358774415, 'rate_power': 1.2561839916373554}. Best is trial 107 with value: 0.6083231421626458.
[I 2026-05-22 17:52:15,562] Trial 396 finished with value: 0.6066025969810156 and parameters: {'P_amp': 0.8997018421056144, 'P_wet': 1824.1856683745566, 'P_pow': 5.839365065834594, 'rate_power': 1.1540378712634431}. Best is trial 107 with value: 0.6083231421626458.
[I 2026-05-22 17:52:15,850] Trial 397 finished with value: 0.6079172175757408 and parameters: {'P_amp': 0.8015411435704429, 'P_wet': 2168.3437048888336, 'P_pow': 5.984269217861414, 'rate_power': 1.2840972090326184}. Best is trial 107 with value: 0.6083231421626458.
[I 2026-05-22 17:52:16,140] Trial 398 finished with value: 0.6076090060245495 and parameters: {'P_amp': 0.7489638515020686, 'P_wet': 3587.478658103031, 'P_pow': 4.869237772776176, 'rate_power': 1.2189430049518752}. Best is trial 107 with value: 0.6083231421626458.
[I 2026-05-22 17:52:16,428] Trial 399 finished with value: 0.6008133193907974 and parameters: {'P_amp': 0.8107225278890552, 'P_wet': 1508.445660099882, 'P_pow': 5.052981036001002, 'rate_power': 1.2170607710814694}. Best is trial 107 with value: 0.6083231421626458.
[I 2026-05-22 17:52:16,717] Trial 400 finished with value: 0.60757091345755 and parameters: {'P_amp': 0.884828656455097, 'P_wet': 4598.400600530268, 'P_pow': 5.905746425834636, 'rate_power': 1.2542018933640404}. Best is trial 107 with value: 0.6083231421626458.
[I 2026-05-22 17:52:17,006] Trial 401 finished with value: 0.6081761013230141 and parameters: {'P_amp': 0.8815288563373156, 'P_wet': 2509.248518939425, 'P_pow': 5.913299696961478, 'rate_power': 1.2021385928430643}. Best is trial 107 with value: 0.6083231421626458.
[I 2026-05-22 17:52:17,299] Trial 402 finished with value: 0.5935498479256061 and parameters: {'P_amp': 0.20770108442533722, 'P_wet': 1110.0925287231041, 'P_pow': 1.808563596255937, 'rate_power': 0.8261737775445457}. Best is trial 107 with value: 0.6083231421626458.
[I 2026-05-22 17:52:17,596] Trial 403 finished with value: 0.6077163039297889 and parameters: {'P_amp': 0.7801118771286889, 'P_wet': 2992.060287744012, 'P_pow': 5.941635684110737, 'rate_power': 1.1945581597064376}. Best is trial 107 with value: 0.6083231421626458.
[I 2026-05-22 17:52:17,886] Trial 404 finished with value: 0.6077229657237203 and parameters: {'P_amp': 0.8695175342458639, 'P_wet': 2511.6639933916363, 'P_pow': 5.068346831045522, 'rate_power': 1.1738922856609213}. Best is trial 107 with value: 0.6083231421626458.
[I 2026-05-22 17:52:18,183] Trial 405 finished with value: 0.6002859962905642 and parameters: {'P_amp': 0.6043443277658578, 'P_wet': 1478.8468260572517, 'P_pow': 2.585254260026501, 'rate_power': 1.0961464302579293}. Best is trial 107 with value: 0.6083231421626458.
[I 2026-05-22 17:52:18,481] Trial 406 finished with value: 0.5850443232531822 and parameters: {'P_amp': 0.8453742349680254, 'P_wet': 1067.1725950096952, 'P_pow': 2.7807555903934285, 'rate_power': 0.7091271151939134}. Best is trial 107 with value: 0.6083231421626458.
[I 2026-05-22 17:52:18,777] Trial 407 finished with value: 0.608084551673797 and parameters: {'P_amp': 0.8017014268355681, 'P_wet': 2431.7728512037324, 'P_pow': 5.9513721963481085, 'rate_power': 1.2909297030115765}. Best is trial 107 with value: 0.6083231421626458.
[I 2026-05-22 17:52:19,075] Trial 408 finished with value: 0.6080954619900284 and parameters: {'P_amp': 0.8868190102583644, 'P_wet': 2837.9983369458855, 'P_pow': 5.9396010520111115, 'rate_power': 1.213258171969089}. Best is trial 107 with value: 0.6083231421626458.
