[I 2026-05-22 17:37:06,727] Trial 35 finished with value: 0.46545613901678456 and parameters: {'k1': 3.139707642391163e-05, 'D_low': 28.75405852400083, 'k2': 0.01028835621874733, 'D_high': 10362.207827718243, 'fire_exp': 0.36797510600039973, 'P_half': 13.27373780549989, 'pre_dampen_half': 2.6480875616060224, 'gpp_af': 5.142098896271499, 'gpp_b': 0.006515779274766893, 'gpp_d': 332.2717171602567, 'ign_k': 3.5128464111605906, 'ign_c': 11.848171441307429, 'ign_k2': 6.242292477826587, 'ign_c2': 35.57261564621096, 'rain_shift': 4.51249581108245}. Best is trial 0 with value: 0.5948382818560959.
[I 2026-05-22 17:37:07,273] Trial 36 finished with value: 0.5280356606783956 and parameters: {'k1': 8.421539133818951e-05, 'D_low': 15.933250191696475, 'k2': 0.020719197596903445, 'D_high': 13087.688559794, 'fire_exp': 1.4498799131358142, 'P_half': 259.8737237450419, 'pre_dampen_half': 504.540791451796, 'gpp_af': 0.01807813687650518, 'gpp_b': 1.0716064513171393e-06, 'gpp_d': 706.9367704400594, 'ign_k': 7.656200956005427, 'ign_c': 0.16922203172312, 'ign_k2': 6.562466001632295, 'ign_c2': 0.3863545151496289, 'rain_shift': 4.024183335980719}. Best is trial 0 with value: 0.5948382818560959.
[I 2026-05-22 17:37:07,817] Trial 37 finished with value: 0.4188058422228613 and parameters: {'k1': 0.023141773651416325, 'D_low': 40.5515967890285, 'k2': 0.0016567469877066014, 'D_high': 5307.492694342674, 'fire_exp': 0.3712420485310038, 'P_half': 23.8073741413294, 'pre_dampen_half': 0.15143777536009026, 'gpp_af': 0.08355472107998627, 'gpp_b': 0.001227462079156113, 'gpp_d': 313.4839054746058, 'ign_k': 4.210383016481228, 'ign_c': 35.87458026309104, 'ign_k2': 1.2059881364520517, 'ign_c2': 6.918587409403527, 'rain_shift': 17.055243732189624}. Best is trial 0 with value: 0.5948382818560959.
[I 2026-05-22 17:37:08,364] Trial 38 finished with value: 0.5566571949203496 and parameters: {'k1': 0.00027704513450710106, 'D_low': 169.44861327034104, 'k2': 0.004325531906475712, 'D_high': 50880.95321903031, 'fire_exp': 0.7279930426300915, 'P_half': 34.79313216100235, 'pre_dampen_half': 0.20676093332724083, 'gpp_af': 0.5487075121127114, 'gpp_b': 5.218510922114734e-05, 'gpp_d': 131.0174761395089, 'ign_k': 1.5451156271606197, 'ign_c': 2.0132194699345045, 'ign_k2': 4.489214477804138, 'ign_c2': 0.4493941251643765, 'rain_shift': 4.5750303758895665}. Best is trial 0 with value: 0.5948382818560959.
[I 2026-05-22 17:37:08,903] Trial 39 finished with value: 0.44468945745302657 and parameters: {'k1': 0.0002119784320165258, 'D_low': 67.39919090055302, 'k2': 0.022864539225843018, 'D_high': 18970.748881825744, 'fire_exp': 0.6282397269474694, 'P_half': 467.0556636743615, 'pre_dampen_half': 28.372991600775528, 'gpp_af': 0.0025200166029654258, 'gpp_b': 0.10643352184316077, 'gpp_d': 399.117739177968, 'ign_k': 2.8763680369349216, 'ign_c': 0.47558810459570905, 'ign_k2': 6.892277104375605, 'ign_c2': 27.92495473748705, 'rain_shift': 8.274262230303322}. Best is trial 0 with value: 0.5948382818560959.
[I 2026-05-22 17:37:09,445] Trial 40 finished with value: 0.5583603867911632 and parameters: {'k1': 1.8489540208963088e-05, 'D_low': 223.57869344525392, 'k2': 0.004432076884082083, 'D_high': 25567.544115933066, 'fire_exp': 1.104086431469888, 'P_half': 301.9326935138089, 'pre_dampen_half': 159.8455962487719, 'gpp_af': 22.665499398131313, 'gpp_b': 5.7216550756330674e-05, 'gpp_d': 379.18621730492237, 'ign_k': 0.9513112096468658, 'ign_c': 0.18130377158148564, 'ign_k2': 3.00630018773046, 'ign_c2': 0.9115627694689452, 'rain_shift': 8.625848246302889}. Best is trial 0 with value: 0.5948382818560959.
[I 2026-05-22 17:37:09,986] Trial 41 finished with value: 0.46566483991958674 and parameters: {'k1': 7.71485077007582e-05, 'D_low': 141.95905277186665, 'k2': 0.005254636484048116, 'D_high': 41072.91326160086, 'fire_exp': 4.729370035896502, 'P_half': 45.93978994592331, 'pre_dampen_half': 186.64690333810321, 'gpp_af': 10.667156200815217, 'gpp_b': 0.0036911090170460223, 'gpp_d': 224.39161089235537, 'ign_k': 5.920903318647831, 'ign_c': 0.2180037945502063, 'ign_k2': 3.4753657562731077, 'ign_c2': 1.4332341394661667, 'rain_shift': 11.062357234622684}. Best is trial 0 with value: 0.5948382818560959.
[I 2026-05-22 17:37:10,528] Trial 42 finished with value: 0.4955756701019541 and parameters: {'k1': 0.00036469200029855535, 'D_low': 49.76241505777003, 'k2': 0.01081113097890083, 'D_high': 24150.51963939263, 'fire_exp': 1.0606586267898517, 'P_half': 2199.2657791972774, 'pre_dampen_half': 73.47057357108183, 'gpp_af': 24.7020193763525, 'gpp_b': 1.4574990372792333e-06, 'gpp_d': 685.8706253228321, 'ign_k': 0.10506682830336707, 'ign_c': 0.11106570277299492, 'ign_k2': 3.938794513250619, 'ign_c2': 0.53582050992176, 'rain_shift': 11.70272962063174}. Best is trial 0 with value: 0.5948382818560959.
[I 2026-05-22 17:37:11,071] Trial 43 finished with value: 0.43027269244381294 and parameters: {'k1': 2.0530015815404116e-05, 'D_low': 598.7221967461736, 'k2': 0.007344941401990494, 'D_high': 25239.892060547576, 'fire_exp': 0.45741465486616095, 'P_half': 63.4132198950307, 'pre_dampen_half': 434.9475716891808, 'gpp_af': 7.223398997092458, 'gpp_b': 4.504483956769374e-05, 'gpp_d': 10.544262091831815, 'ign_k': 0.07214873386130292, 'ign_c': 0.14161223930136108, 'ign_k2': 1.323682627436116, 'ign_c2': 1.3652144451997454, 'rain_shift': 2.602755099652496}. Best is trial 0 with value: 0.5948382818560959.
[I 2026-05-22 17:37:11,614] Trial 44 finished with value: 0.5571113153488007 and parameters: {'k1': 1.0707972938887443e-05, 'D_low': 890.2208510820183, 'k2': 0.0010932093927111437, 'D_high': 16283.5911981395, 'fire_exp': 1.1795895276423278, 'P_half': 22.151931890225576, 'pre_dampen_half': 50.9105637680299, 'gpp_af': 97.10504737151456, 'gpp_b': 2.488295538720155e-06, 'gpp_d': 543.3130551501149, 'ign_k': 1.957788320114564, 'ign_c': 0.17753904912102367, 'ign_k2': 4.67969781213283, 'ign_c2': 0.2879014962520468, 'rain_shift': 12.2836120147884}. Best is trial 0 with value: 0.5948382818560959.
[I 2026-05-22 17:37:12,158] Trial 45 finished with value: 0.47471308087560227 and parameters: {'k1': 0.01688741973378118, 'D_low': 1968.9153344337349, 'k2': 0.00035880531612540143, 'D_high': 2898.664816446166, 'fire_exp': 0.393281501944145, 'P_half': 0.7506695361440859, 'pre_dampen_half': 0.14733720792974045, 'gpp_af': 4.950048448131917, 'gpp_b': 0.001338847498299828, 'gpp_d': 112.06461151597522, 'ign_k': 0.773698371379116, 'ign_c': 18.062911736182595, 'ign_k2': 0.011824229265905928, 'ign_c2': 1.8999337963149485, 'rain_shift': 8.933064078590448}. Best is trial 0 with value: 0.5948382818560959.
[I 2026-05-22 17:37:12,702] Trial 46 finished with value: 0.5839566953092344 and parameters: {'k1': 0.0039059371124451547, 'D_low': 274.94182779481207, 'k2': 0.05597696851453372, 'D_high': 2901.0923903530993, 'fire_exp': 0.7014964196478499, 'P_half': 98.0848877789328, 'pre_dampen_half': 20.740865352958206, 'gpp_af': 0.014929403118496255, 'gpp_b': 9.599916347570749e-05, 'gpp_d': 432.1839175986183, 'ign_k': 8.429164148675065, 'ign_c': 0.8306768867139539, 'ign_k2': 5.277920505783812, 'ign_c2': 0.1634044675823942, 'rain_shift': 7.829219754532673}. Best is trial 0 with value: 0.5948382818560959.
[I 2026-05-22 17:37:13,247] Trial 47 finished with value: 0.5806133050302857 and parameters: {'k1': 0.007000923025614476, 'D_low': 36.88706834981147, 'k2': 0.03394456644079165, 'D_high': 10015.236893265113, 'fire_exp': 0.41048524852038626, 'P_half': 191.112516939562, 'pre_dampen_half': 2.0153693336198293, 'gpp_af': 0.01666720611510283, 'gpp_b': 6.922633523900983e-05, 'gpp_d': 923.7694237813334, 'ign_k': 7.579642273449145, 'ign_c': 0.44989049738890213, 'ign_k2': 2.107644730466104, 'ign_c2': 0.10775690489487552, 'rain_shift': 9.433306595147407}. Best is trial 0 with value: 0.5948382818560959.
[I 2026-05-22 17:37:13,789] Trial 48 finished with value: 0.48071009771758283 and parameters: {'k1': 0.050928289805922206, 'D_low': 32.16518100336689, 'k2': 0.017893364871519976, 'D_high': 8409.851468784238, 'fire_exp': 0.5175826725461097, 'P_half': 4210.046641555364, 'pre_dampen_half': 0.73684840696936, 'gpp_af': 0.001539179336909113, 'gpp_b': 0.013535475846796983, 'gpp_d': 842.5593680644661, 'ign_k': 2.2271183469791804, 'ign_c': 0.12632876850157815, 'ign_k2': 3.246174737832234, 'ign_c2': 0.3350645439152059, 'rain_shift': 6.183698468309702}. Best is trial 0 with value: 0.5948382818560959.
[I 2026-05-22 17:37:14,344] Trial 49 finished with value: 0.5417118284366796 and parameters: {'k1': 0.001848545378815175, 'D_low': 3.126659967579737, 'k2': 0.008938490135813285, 'D_high': 97859.03219344314, 'fire_exp': 0.5267266490084771, 'P_half': 4836.740872510331, 'pre_dampen_half': 4.454327179311966, 'gpp_af': 0.0736042002202461, 'gpp_b': 2.7692986015133987e-05, 'gpp_d': 274.3028662801557, 'ign_k': 0.24197912410784514, 'ign_c': 2.1522910026639734, 'ign_k2': 3.917030806407778, 'ign_c2': 0.11392529409050904, 'rain_shift': 10.306753644671016}. Best is trial 0 with value: 0.5948382818560959.
[I 2026-05-22 17:37:14,896] Trial 50 finished with value: 0.520192497897504 and parameters: {'k1': 0.010519633861659895, 'D_low': 29.687283500495006, 'k2': 0.02495302938393494, 'D_high': 246.56039932615639, 'fire_exp': 0.4565696572893347, 'P_half': 100.69532052697711, 'pre_dampen_half': 3.34386925626784, 'gpp_af': 0.00434846674829292, 'gpp_b': 5.367100139372866e-06, 'gpp_d': 158.07057348799296, 'ign_k': 2.432830660705401, 'ign_c': 4.850358213268545, 'ign_k2': 0.48167536648124576, 'ign_c2': 0.1862400782690063, 'rain_shift': 5.476860275672529}. Best is trial 0 with value: 0.5948382818560959.
[I 2026-05-22 17:37:15,441] Trial 51 finished with value: 0.5005040011665304 and parameters: {'k1': 0.09865621095924276, 'D_low': 212.1349666564529, 'k2': 0.0024200077770231395, 'D_high': 3308.257159802805, 'fire_exp': 0.3960182887208139, 'P_half': 0.22946662584545802, 'pre_dampen_half': 4.6843152727809745, 'gpp_af': 0.04810210430031145, 'gpp_b': 4.211557423327734e-06, 'gpp_d': 549.7048142360192, 'ign_k': 0.3868404396453638, 'ign_c': 35.204989947852916, 'ign_k2': 0.1417730002341834, 'ign_c2': 0.30338282696475877, 'rain_shift': 12.344714291930947}. Best is trial 0 with value: 0.5948382818560959.
[I 2026-05-22 17:37:15,985] Trial 52 finished with value: 0.5654771724243149 and parameters: {'k1': 0.011682192419681122, 'D_low': 220.75563047692924, 'k2': 0.009551727466693548, 'D_high': 7475.359311860939, 'fire_exp': 1.6024637276084277, 'P_half': 98.03844570142695, 'pre_dampen_half': 50.862664209184935, 'gpp_af': 0.09145974796162494, 'gpp_b': 2.108612860789175e-05, 'gpp_d': 571.9990954770179, 'ign_k': 4.575602658569368, 'ign_c': 1.4641631557147332, 'ign_k2': 2.1021693071022676, 'ign_c2': 0.10418022942475846, 'rain_shift': 11.665441775033482}. Best is trial 0 with value: 0.5948382818560959.
[I 2026-05-22 17:37:16,534] Trial 53 finished with value: 0.5619601220016797 and parameters: {'k1': 0.003865731537972651, 'D_low': 106.21437080725768, 'k2': 0.08459617506182328, 'D_high': 10364.98736824341, 'fire_exp': 0.8226711290225955, 'P_half': 36.08951518604445, 'pre_dampen_half': 0.44745492300015755, 'gpp_af': 0.009952262545831026, 'gpp_b': 3.0320084183218147e-06, 'gpp_d': 208.79514462636874, 'ign_k': 5.318364541302188, 'ign_c': 0.5468587056115932, 'ign_k2': 7.40736714334677, 'ign_c2': 0.1287341094838446, 'rain_shift': 7.159578616502301}. Best is trial 0 with value: 0.5948382818560959.
[I 2026-05-22 17:37:17,076] Trial 54 finished with value: 0.4580653777271938 and parameters: {'k1': 7.419100211334378e-05, 'D_low': 26.432442952977333, 'k2': 0.006164031783437016, 'D_high': 72409.51415675496, 'fire_exp': 1.1970915606671355, 'P_half': 18.650189111467895, 'pre_dampen_half': 56.76210455443013, 'gpp_af': 0.026259735878381894, 'gpp_b': 0.12233373210040151, 'gpp_d': 620.1111887193235, 'ign_k': 0.023035951446161215, 'ign_c': 0.30981505257173403, 'ign_k2': 4.536683215422399, 'ign_c2': 0.6006155820721695, 'rain_shift': 11.791904814419421}. Best is trial 0 with value: 0.5948382818560959.
[I 2026-05-22 17:37:17,623] Trial 55 finished with value: 0.4497373519886545 and parameters: {'k1': 0.0986719723977228, 'D_low': 21.083609537245234, 'k2': 0.0006110572462235595, 'D_high': 984.2916872947253, 'fire_exp': 0.4390038013541412, 'P_half': 0.4969382524641008, 'pre_dampen_half': 2.1260145113128246, 'gpp_af': 0.05379176391767486, 'gpp_b': 0.00010618060573586106, 'gpp_d': 649.6696046175813, 'ign_k': 0.79331213201844, 'ign_c': 45.358960223090776, 'ign_k2': 0.022929842973227036, 'ign_c2': 17.314052371287186, 'rain_shift': 6.2047092359940645}. Best is trial 0 with value: 0.5948382818560959.
[I 2026-05-22 17:37:18,166] Trial 56 finished with value: 0.4788072583672607 and parameters: {'k1': 0.0030356153003940176, 'D_low': 2414.324946371792, 'k2': 0.002956210312653666, 'D_high': 7422.152052215157, 'fire_exp': 0.5861400483611321, 'P_half': 78.4937687068473, 'pre_dampen_half': 178.5944086938088, 'gpp_af': 0.0018705749969573182, 'gpp_b': 0.0010858970414960739, 'gpp_d': 473.9563755107587, 'ign_k': 5.734797451681937, 'ign_c': 0.19372499162983706, 'ign_k2': 5.471547645524574, 'ign_c2': 0.5955651468758658, 'rain_shift': 6.763466258310152}. Best is trial 0 with value: 0.5948382818560959.
[I 2026-05-22 17:37:18,707] Trial 57 finished with value: 0.5606903740638497 and parameters: {'k1': 0.00042321799857667804, 'D_low': 7.807654609300301, 'k2': 0.06370209461652146, 'D_high': 17999.785992564757, 'fire_exp': 0.44007288871002337, 'P_half': 2.0538368340665962, 'pre_dampen_half': 2.6092593362083605, 'gpp_af': 0.011178993512543796, 'gpp_b': 0.0056769816160745475, 'gpp_d': 57.78612702899834, 'ign_k': 5.942171327341746, 'ign_c': 0.575918372086924, 'ign_k2': 3.306338702788402, 'ign_c2': 2.340177974974826, 'rain_shift': 8.96208987378388}. Best is trial 0 with value: 0.5948382818560959.
[I 2026-05-22 17:37:19,255] Trial 58 finished with value: 0.5604343524022134 and parameters: {'k1': 0.00040844254408021726, 'D_low': 21.133542652355782, 'k2': 0.0002174574046443675, 'D_high': 36979.19840005184, 'fire_exp': 0.3561134369087298, 'P_half': 421.5794095611443, 'pre_dampen_half': 3.4310813108533567, 'gpp_af': 0.03988991990859676, 'gpp_b': 0.061889882620289605, 'gpp_d': 157.03680350937017, 'ign_k': 4.11911961139361, 'ign_c': 10.33151537718395, 'ign_k2': 2.890894441804852, 'ign_c2': 2.1540769894270344, 'rain_shift': 5.924990591599787}. Best is trial 0 with value: 0.5948382818560959.
[I 2026-05-22 17:37:19,801] Trial 59 finished with value: 0.4682908130110161 and parameters: {'k1': 0.005540582091200458, 'D_low': 54.65241001774276, 'k2': 0.04630368958977541, 'D_high': 185.85227179698924, 'fire_exp': 2.058228713753714, 'P_half': 877.6191281827028, 'pre_dampen_half': 635.3231369870048, 'gpp_af': 0.14739064246595196, 'gpp_b': 0.0008803084914094906, 'gpp_d': 19.21228461529045, 'ign_k': 1.0988490568049314, 'ign_c': 0.5452208121346567, 'ign_k2': 0.13000852192538892, 'ign_c2': 0.8730270399496116, 'rain_shift': 1.2059237626164592}. Best is trial 0 with value: 0.5948382818560959.
[I 2026-05-22 17:37:20,342] Trial 60 finished with value: 0.39013681168752595 and parameters: {'k1': 0.0034419402922943694, 'D_low': 121.5389225545906, 'k2': 0.05502652231214356, 'D_high': 7922.221698123288, 'fire_exp': 1.374771601951859, 'P_half': 4.003786321356276, 'pre_dampen_half': 0.6869463662903253, 'gpp_af': 0.08922750997466714, 'gpp_b': 1.6122298823571745e-05, 'gpp_d': 217.986952899992, 'ign_k': 3.7354855675656253, 'ign_c': 34.79263124045479, 'ign_k2': 0.02012413812486793, 'ign_c2': 1.0005662448395214, 'rain_shift': 9.894042996543758}. Best is trial 0 with value: 0.5948382818560959.
[I 2026-05-22 17:37:20,886] Trial 61 finished with value: 0.4587225894422885 and parameters: {'k1': 0.06991576192409259, 'D_low': 194.14937359594163, 'k2': 0.058659091420230784, 'D_high': 42271.60188817086, 'fire_exp': 5.959433583657587, 'P_half': 2764.5481266549755, 'pre_dampen_half': 207.62896479339648, 'gpp_af': 0.011069451606988941, 'gpp_b': 8.203747414833362e-06, 'gpp_d': 30.621519323127718, 'ign_k': 0.8333598867387646, 'ign_c': 4.1416929669959375, 'ign_k2': 1.4309781166392948, 'ign_c2': 0.18847280656716145, 'rain_shift': 7.5630556292863185}. Best is trial 0 with value: 0.5948382818560959.
[I 2026-05-22 17:37:21,430] Trial 62 finished with value: 0.4788782391572481 and parameters: {'k1': 0.002766126742012142, 'D_low': 217.68242845500896, 'k2': 0.013413560495732687, 'D_high': 771.9649908853573, 'fire_exp': 3.5209861064920016, 'P_half': 120.6488171011961, 'pre_dampen_half': 117.9971866060679, 'gpp_af': 0.021042505023414176, 'gpp_b': 1.1387602571382995e-05, 'gpp_d': 75.02875071130727, 'ign_k': 3.539673730802574, 'ign_c': 1.2095748132361606, 'ign_k2': 7.280276287170251, 'ign_c2': 0.1273497195871092, 'rain_shift': 8.098260467484335}. Best is trial 0 with value: 0.5948382818560959.
[I 2026-05-22 17:37:21,978] Trial 63 finished with value: 0.5092974202017075 and parameters: {'k1': 0.04457974493836662, 'D_low': 15.823271565896668, 'k2': 0.01866484604744243, 'D_high': 1627.5474052616746, 'fire_exp': 2.362206876110404, 'P_half': 349.4349609676218, 'pre_dampen_half': 1.4860002496539906, 'gpp_af': 0.061159923297796424, 'gpp_b': 1.8745230498763415e-05, 'gpp_d': 364.46456619337954, 'ign_k': 2.959187675870466, 'ign_c': 0.25683125790714123, 'ign_k2': 0.4164578775823465, 'ign_c2': 0.26137097605312426, 'rain_shift': 15.353427318009121}. Best is trial 0 with value: 0.5948382818560959.
[I 2026-05-22 17:37:22,690] Trial 64 finished with value: 0.4632591100414082 and parameters: {'k1': 0.0005194381879414901, 'D_low': 41.90293872130504, 'k2': 0.00706972704755347, 'D_high': 29923.52195471838, 'fire_exp': 0.642966283900145, 'P_half': 15.892598882412095, 'pre_dampen_half': 45.6084527294003, 'gpp_af': 0.0148974291306541, 'gpp_b': 0.0019603702656342866, 'gpp_d': 257.70576390425606, 'ign_k': 1.1171310371732668, 'ign_c': 0.9830076819072268, 'ign_k2': 2.528701285223147, 'ign_c2': 5.0382566639761635, 'rain_shift': 0.03849063336754188}. Best is trial 0 with value: 0.5948382818560959.
[I 2026-05-22 17:37:23,241] Trial 65 finished with value: 0.5375152807756077 and parameters: {'k1': 0.0003246309591743053, 'D_low': 343.47976544688333, 'k2': 0.09829893648987327, 'D_high': 5910.800099232459, 'fire_exp': 1.2775309100861298, 'P_half': 37.027953808535266, 'pre_dampen_half': 197.13203375619045, 'gpp_af': 0.01611961514178809, 'gpp_b': 0.005976830493809913, 'gpp_d': 571.6901143554658, 'ign_k': 3.6239855843125337, 'ign_c': 0.5482678080059781, 'ign_k2': 1.655523758358615, 'ign_c2': 0.18599146442175493, 'rain_shift': 5.71075940293183}. Best is trial 0 with value: 0.5948382818560959.
[I 2026-05-22 17:37:23,781] Trial 66 finished with value: 0.458475569661851 and parameters: {'k1': 0.004383167383293504, 'D_low': 1039.3304922035572, 'k2': 0.010324572560830471, 'D_high': 1370.6127585443553, 'fire_exp': 1.3391675777873298, 'P_half': 5.8205842484387675, 'pre_dampen_half': 578.8433799869845, 'gpp_af': 0.012590808584570927, 'gpp_b': 1.324385047330389e-05, 'gpp_d': 188.93897220521086, 'ign_k': 7.934055617194479, 'ign_c': 1.28291727910134, 'ign_k2': 1.893738167334599, 'ign_c2': 0.1644103210887628, 'rain_shift': 17.874853893490744}. Best is trial 0 with value: 0.5948382818560959.
[I 2026-05-22 17:37:24,322] Trial 67 finished with value: 0.42346452896715053 and parameters: {'k1': 0.021158687981320746, 'D_low': 1016.2273986166787, 'k2': 0.003505316887762588, 'D_high': 2688.971149755767, 'fire_exp': 1.85542270065202, 'P_half': 1098.1959313416626, 'pre_dampen_half': 19.994726822417295, 'gpp_af': 0.20418288834176243, 'gpp_b': 0.0013558878165780255, 'gpp_d': 413.6442468690109, 'ign_k': 1.065247606237095, 'ign_c': 3.779898236118273, 'ign_k2': 0.0884056630077794, 'ign_c2': 0.25787350048469015, 'rain_shift': 10.974603826337594}. Best is trial 0 with value: 0.5948382818560959.
[I 2026-05-22 17:37:24,865] Trial 68 finished with value: 0.5401232935413857 and parameters: {'k1': 0.0005569492439970016, 'D_low': 167.3189708154506, 'k2': 0.024358176257985236, 'D_high': 1091.761861674016, 'fire_exp': 0.4456624777765354, 'P_half': 141.62894977993574, 'pre_dampen_half': 13.672042352203333, 'gpp_af': 0.006491438231214716, 'gpp_b': 0.0012030092098926745, 'gpp_d': 98.88267625082771, 'ign_k': 3.410972843608324, 'ign_c': 1.500077433971814, 'ign_k2': 3.2710784252066647, 'ign_c2': 0.16010975818999781, 'rain_shift': 15.865372836777958}. Best is trial 0 with value: 0.5948382818560959.
[I 2026-05-22 17:37:25,412] Trial 69 finished with value: 0.5244617507419407 and parameters: {'k1': 0.028750484118148376, 'D_low': 131.54359666867614, 'k2': 0.0044881903293647555, 'D_high': 1694.985875122612, 'fire_exp': 0.9333288522131967, 'P_half': 1485.3753969596453, 'pre_dampen_half': 94.90577945122791, 'gpp_af': 1.6675107246929255, 'gpp_b': 0.0004355225996946927, 'gpp_d': 448.6236499855781, 'ign_k': 1.1195197285402672, 'ign_c': 21.17894221186911, 'ign_k2': 5.249734756411701, 'ign_c2': 0.13085492171470944, 'rain_shift': 10.393547100306552}. Best is trial 0 with value: 0.5948382818560959.
[I 2026-05-22 17:37:25,954] Trial 70 finished with value: 0.5522710176270395 and parameters: {'k1': 0.002715708931994742, 'D_low': 3.1339819940731495, 'k2': 0.008558536151093572, 'D_high': 49479.96303819036, 'fire_exp': 0.5400730576780327, 'P_half': 392.734677832773, 'pre_dampen_half': 0.5021801557458747, 'gpp_af': 0.0020343793497252373, 'gpp_b': 3.9734542103016715e-05, 'gpp_d': 572.3515285342796, 'ign_k': 5.427939700086842, 'ign_c': 1.2537538035338909, 'ign_k2': 0.286718114609448, 'ign_c2': 1.1384195812366837, 'rain_shift': 11.503787308319097}. Best is trial 0 with value: 0.5948382818560959.
