[I 2026-05-22 17:32:25,748] Trial 33 finished with value: 0.5374066837819016 and parameters: {'k1': 0.0735952555205531, 'D_low': 5.214126321071754, 'k2': 6.262252661141962e-05, 'D_high': 27699.43089673076, 'fire_exp': 1.0740403273975732, 'P_half': 3.30457490779929, 'pre_dampen_half': 8.347359368953837, 'gpp_af': 5.300216043458966, 'gpp_b': 0.0011126274833224206, 'gpp_d': 105.99331204077825, 'ign_k': 0.0029198848428735767, 'ign_c': 1.388229770103897, 'P_wet_supp': 7055.57297313156, 'P_wet_pow': 3.4311685193807824, 'P_half2': 3.744825542689654, 'P_floor_pow': 0.3976968178846296}. Best is trial 0 with value: 0.5562543919534721.
[I 2026-05-22 17:32:26,288] Trial 34 finished with value: 0.5230126006705493 and parameters: {'k1': 0.0054837496939815, 'D_low': 12.275962080105195, 'k2': 5.4381777541181844e-05, 'D_high': 52116.50271837027, 'fire_exp': 1.4082150784906884, 'P_half': 0.3954894135475868, 'pre_dampen_half': 24.11506005127048, 'gpp_af': 2.9581491408002636, 'gpp_b': 0.0012431764825174935, 'gpp_d': 5.682699237651718, 'ign_k': 0.0029868582940683784, 'ign_c': 0.49976806805797586, 'P_wet_supp': 7029.010979522667, 'P_wet_pow': 3.5554305836499434, 'P_half2': 0.2873561730296601, 'P_floor_pow': 0.5697048668127815}. Best is trial 0 with value: 0.5562543919534721.
[I 2026-05-22 17:32:26,825] Trial 35 finished with value: 0.4927908144700979 and parameters: {'k1': 0.04893491364614104, 'D_low': 11.980224181936793, 'k2': 0.00015827226985480394, 'D_high': 665.5412282951718, 'fire_exp': 1.6809523399086654, 'P_half': 1.4584066465684375, 'pre_dampen_half': 47.906826941748335, 'gpp_af': 0.005065067702162824, 'gpp_b': 3.0355014540820233e-06, 'gpp_d': 61.39570588944598, 'ign_k': 0.0032376454367789406, 'ign_c': 0.4041643785379466, 'P_wet_supp': 9058.56641442119, 'P_wet_pow': 2.7830679913982634, 'P_half2': 64.02375358306273, 'P_floor_pow': 0.4166917531634864}. Best is trial 0 with value: 0.5562543919534721.
[I 2026-05-22 17:32:27,365] Trial 36 finished with value: 0.4928147864497573 and parameters: {'k1': 0.055884921752297145, 'D_low': 69.9038207018344, 'k2': 2.6693512087211773e-05, 'D_high': 37837.43211130675, 'fire_exp': 0.8293245968763777, 'P_half': 0.2820994777627563, 'pre_dampen_half': 0.20034484678546874, 'gpp_af': 67.09520744007969, 'gpp_b': 0.2956940619993694, 'gpp_d': 400.9078256779687, 'ign_k': 0.0015891120600313557, 'ign_c': 0.4263589078611791, 'P_wet_supp': 2262.5654971241283, 'P_wet_pow': 3.0117742359698747, 'P_half2': 99.7231242193378, 'P_floor_pow': 0.8437914241082192}. Best is trial 0 with value: 0.5562543919534721.
[I 2026-05-22 17:32:27,908] Trial 37 finished with value: 0.5055532306824139 and parameters: {'k1': 0.08806778434987655, 'D_low': 12.25858303212943, 'k2': 8.166861736562292e-05, 'D_high': 1656.1388277835053, 'fire_exp': 0.8339602511153794, 'P_half': 15.951811742093668, 'pre_dampen_half': 0.6100311090315413, 'gpp_af': 2.2184893713478586, 'gpp_b': 8.597432892376577e-05, 'gpp_d': 74.41783466043668, 'ign_k': 0.0021975469057786477, 'ign_c': 79.13468324440709, 'P_wet_supp': 3891.582145384911, 'P_wet_pow': 2.983630994812647, 'P_half2': 4.108120350511369, 'P_floor_pow': 0.07788236862932058}. Best is trial 0 with value: 0.5562543919534721.
[I 2026-05-22 17:32:28,448] Trial 38 finished with value: 0.5246289533335856 and parameters: {'k1': 0.003664293921086059, 'D_low': 49.438698942091584, 'k2': 8.12352308706714e-05, 'D_high': 65105.18694121988, 'fire_exp': 0.5561679861944061, 'P_half': 2.4042492631862133, 'pre_dampen_half': 0.019334313047273656, 'gpp_af': 4.4190654833284615, 'gpp_b': 0.00012748261963730525, 'gpp_d': 807.2971304824613, 'ign_k': 0.561901860158244, 'ign_c': 3.9124034798631753, 'P_wet_supp': 698.6639852781378, 'P_wet_pow': 0.6885629306411374, 'P_half2': 0.5032698795248484, 'P_floor_pow': 0.45206825721835214}. Best is trial 0 with value: 0.5562543919534721.
[I 2026-05-22 17:32:28,990] Trial 39 finished with value: 0.5628825214644592 and parameters: {'k1': 0.03455660892283439, 'D_low': 12.524626845522464, 'k2': 5.774499922182496e-05, 'D_high': 7118.2578155823285, 'fire_exp': 0.6208900488715318, 'P_half': 62.43184550740289, 'pre_dampen_half': 5.084469309448595, 'gpp_af': 3.9735454427325316, 'gpp_b': 3.5518188338187014e-05, 'gpp_d': 61.7041103604566, 'ign_k': 0.2850033951849869, 'ign_c': 2.724553585962358, 'P_wet_supp': 9573.880119690606, 'P_wet_pow': 2.1387246906519386, 'P_half2': 6.952529650955247, 'P_floor_pow': 1.1311325718652607}. Best is trial 39 with value: 0.5628825214644592.
[I 2026-05-22 17:32:29,530] Trial 40 finished with value: 0.5480292729545108 and parameters: {'k1': 0.07995969433949959, 'D_low': 36.237035741989075, 'k2': 0.0002020676664216195, 'D_high': 17129.341563497183, 'fire_exp': 0.36612746864460505, 'P_half': 9.357000562662645, 'pre_dampen_half': 3.6746696632960236, 'gpp_af': 34.2145103593201, 'gpp_b': 1.5756140526551122e-06, 'gpp_d': 17.09666271104087, 'ign_k': 0.800650671210273, 'ign_c': 0.3914261951571922, 'P_wet_supp': 5814.78667398637, 'P_wet_pow': 2.053467801380935, 'P_half2': 79.35698183372132, 'P_floor_pow': 1.518311367424383}. Best is trial 39 with value: 0.5628825214644592.
[I 2026-05-22 17:32:30,070] Trial 41 finished with value: 0.5388561636743048 and parameters: {'k1': 0.06511634110133212, 'D_low': 135.03428997996127, 'k2': 1.2461178484260356e-05, 'D_high': 1470.6320859831203, 'fire_exp': 0.4746756786617972, 'P_half': 7.926588617604639, 'pre_dampen_half': 0.9266007558092489, 'gpp_af': 2.659959503404116, 'gpp_b': 5.155336080958773e-06, 'gpp_d': 75.46433549713521, 'ign_k': 3.089010639159331, 'ign_c': 0.15075658896780486, 'P_wet_supp': 3091.04222066252, 'P_wet_pow': 1.6979333604827769, 'P_half2': 193.83022077240872, 'P_floor_pow': 2.92976969503378}. Best is trial 39 with value: 0.5628825214644592.
[I 2026-05-22 17:32:30,610] Trial 42 finished with value: 0.5054399698655224 and parameters: {'k1': 0.026411821111740823, 'D_low': 85.88908238693087, 'k2': 0.00026739588879476676, 'D_high': 35674.59924484884, 'fire_exp': 0.401694079733444, 'P_half': 13.818658106606993, 'pre_dampen_half': 12.379151036052512, 'gpp_af': 8.20849644214228, 'gpp_b': 7.309979292081076e-06, 'gpp_d': 1.8214098117526525, 'ign_k': 5.6133871969354185, 'ign_c': 1.0078964117804596, 'P_wet_supp': 4185.721472541464, 'P_wet_pow': 2.3386674677200094, 'P_half2': 9.38115091743048, 'P_floor_pow': 1.3218561010003216}. Best is trial 39 with value: 0.5628825214644592.
[I 2026-05-22 17:32:31,147] Trial 43 finished with value: 0.46554970018630754 and parameters: {'k1': 0.03758517467064834, 'D_low': 1.1417092690379638, 'k2': 2.22412619216931e-05, 'D_high': 4824.782996203949, 'fire_exp': 1.1865422712097031, 'P_half': 7508.223108200887, 'pre_dampen_half': 0.7256280084459208, 'gpp_af': 1.8303693766968048, 'gpp_b': 0.00011528990116205352, 'gpp_d': 119.09852954848031, 'ign_k': 2.167180718153466, 'ign_c': 3.187840254240056, 'P_wet_supp': 4546.297288194549, 'P_wet_pow': 0.7182798137492914, 'P_half2': 1.3799657916194195, 'P_floor_pow': 1.0564484975570425}. Best is trial 39 with value: 0.5628825214644592.
[I 2026-05-22 17:32:31,692] Trial 44 finished with value: 0.552497134525591 and parameters: {'k1': 0.014480992152659404, 'D_low': 82.01622618073225, 'k2': 0.00018457152395936677, 'D_high': 30768.48085833659, 'fire_exp': 0.3700025699737724, 'P_half': 0.4300699305538862, 'pre_dampen_half': 0.11041493575685861, 'gpp_af': 12.03504529568055, 'gpp_b': 1.927224343514848e-06, 'gpp_d': 59.79209513093138, 'ign_k': 0.02835135627016194, 'ign_c': 12.325802926078204, 'P_wet_supp': 6820.773673457726, 'P_wet_pow': 1.86553018544873, 'P_half2': 8.56036332031223, 'P_floor_pow': 0.6167011197508614}. Best is trial 39 with value: 0.5628825214644592.
[I 2026-05-22 17:32:32,237] Trial 45 finished with value: 0.46148846023310275 and parameters: {'k1': 0.0022179819514028688, 'D_low': 15.129726466580234, 'k2': 0.00015897320174372987, 'D_high': 10107.546388458963, 'fire_exp': 0.6948905326989107, 'P_half': 0.4274760158054653, 'pre_dampen_half': 0.1055561897769308, 'gpp_af': 0.48292218370359147, 'gpp_b': 2.0876829473513404e-06, 'gpp_d': 18.519339764539026, 'ign_k': 0.036392302857220345, 'ign_c': 297.9840865924926, 'P_wet_supp': 6383.679744442746, 'P_wet_pow': 0.5946813281985246, 'P_half2': 4.546737588188821, 'P_floor_pow': 1.1957810160535471}. Best is trial 39 with value: 0.5628825214644592.
[I 2026-05-22 17:32:32,778] Trial 46 finished with value: 0.5009605410377067 and parameters: {'k1': 0.04141780634751792, 'D_low': 64.36164883352295, 'k2': 1.61626935249174e-05, 'D_high': 21682.912454698697, 'fire_exp': 0.4802237176107656, 'P_half': 4.432586787575678, 'pre_dampen_half': 0.050140917048603344, 'gpp_af': 15.40195430165495, 'gpp_b': 1.1969112064269113e-05, 'gpp_d': 94.80363970442016, 'ign_k': 0.12437525519445092, 'ign_c': 8.192053245304939, 'P_wet_supp': 2622.455603904285, 'P_wet_pow': 2.9620006629023647, 'P_half2': 742.6347599193286, 'P_floor_pow': 1.1275670138796368}. Best is trial 39 with value: 0.5628825214644592.
[I 2026-05-22 17:32:33,316] Trial 47 finished with value: 0.5268302485849935 and parameters: {'k1': 0.012880496770847356, 'D_low': 118.23472138408454, 'k2': 0.000349267274774054, 'D_high': 5011.462684650092, 'fire_exp': 0.4286231189892658, 'P_half': 4.114851394387809, 'pre_dampen_half': 0.09690912780047617, 'gpp_af': 59.49329519718079, 'gpp_b': 8.285139710036855e-06, 'gpp_d': 12.61015648838418, 'ign_k': 0.02386824235432779, 'ign_c': 9.898354978015869, 'P_wet_supp': 9955.6311157251, 'P_wet_pow': 2.8322511394783234, 'P_half2': 0.40740347129809246, 'P_floor_pow': 1.8182958851557434}. Best is trial 39 with value: 0.5628825214644592.
[I 2026-05-22 17:32:33,873] Trial 48 finished with value: 0.5152640674319848 and parameters: {'k1': 0.006811687654295286, 'D_low': 34.31920521533525, 'k2': 0.00016540186773513667, 'D_high': 19433.413173271598, 'fire_exp': 0.4473987969407008, 'P_half': 109.73241825488975, 'pre_dampen_half': 0.24883609827190706, 'gpp_af': 36.8059175813508, 'gpp_b': 7.583833879862116e-06, 'gpp_d': 8.158968307488541, 'ign_k': 0.19583686664187192, 'ign_c': 0.19014421118498295, 'P_wet_supp': 1329.9382790383897, 'P_wet_pow': 0.1186358918161301, 'P_half2': 31.194687472003995, 'P_floor_pow': 1.8669321218833212}. Best is trial 39 with value: 0.5628825214644592.
[I 2026-05-22 17:32:34,416] Trial 49 finished with value: 0.5604538248987905 and parameters: {'k1': 0.07623895752522582, 'D_low': 18.72526903536579, 'k2': 0.002121231885078499, 'D_high': 2685.5320085115795, 'fire_exp': 0.39337146886770996, 'P_half': 9.160582616033258, 'pre_dampen_half': 5.813587207294065, 'gpp_af': 6.108127749955094, 'gpp_b': 2.561048543177771e-06, 'gpp_d': 27.28260069307997, 'ign_k': 0.25594534570668903, 'ign_c': 2.6186675356071283, 'P_wet_supp': 2686.2936952802165, 'P_wet_pow': 1.4615023976964077, 'P_half2': 180.7147139286479, 'P_floor_pow': 0.9686442949085312}. Best is trial 39 with value: 0.5628825214644592.
[I 2026-05-22 17:32:34,956] Trial 50 finished with value: 0.4824334971494588 and parameters: {'k1': 0.0022701889129727515, 'D_low': 34.06931259142153, 'k2': 6.994461501290826e-05, 'D_high': 41289.57461591969, 'fire_exp': 1.0074735824117336, 'P_half': 1975.5563234907106, 'pre_dampen_half': 3.720450629693918, 'gpp_af': 4.409322679579058, 'gpp_b': 0.00029836756940371885, 'gpp_d': 10.219668606381147, 'ign_k': 0.1400872601242093, 'ign_c': 11.002109724473634, 'P_wet_supp': 7404.399719820767, 'P_wet_pow': 2.4124064140326658, 'P_half2': 187.6205301629827, 'P_floor_pow': 2.353806407981719}. Best is trial 39 with value: 0.5628825214644592.
[I 2026-05-22 17:32:35,503] Trial 51 finished with value: 0.5296604055343159 and parameters: {'k1': 0.048945250756909524, 'D_low': 2.672402460560424, 'k2': 0.0018525453747641777, 'D_high': 864.2482249251079, 'fire_exp': 0.4856916352991683, 'P_half': 5.613845183292996, 'pre_dampen_half': 106.55401088757397, 'gpp_af': 7.783952776042242, 'gpp_b': 5.5177814415992e-05, 'gpp_d': 209.08985839258955, 'ign_k': 0.3852116397161424, 'ign_c': 1.5902852331063857, 'P_wet_supp': 1280.5997489651181, 'P_wet_pow': 0.536100822224574, 'P_half2': 2.0102352280651177, 'P_floor_pow': 1.601080101014517}. Best is trial 39 with value: 0.5628825214644592.
[I 2026-05-22 17:32:36,050] Trial 52 finished with value: 0.5048680547646506 and parameters: {'k1': 0.08036748296432335, 'D_low': 16.58206062112538, 'k2': 0.015106056944219562, 'D_high': 14914.409593583341, 'fire_exp': 0.5204952975821903, 'P_half': 29.360467176449795, 'pre_dampen_half': 0.2868742317634331, 'gpp_af': 0.3989191452853207, 'gpp_b': 6.626556066363773e-06, 'gpp_d': 9.995666051683482, 'ign_k': 0.2760993973385868, 'ign_c': 0.6531454158535442, 'P_wet_supp': 3416.343340082456, 'P_wet_pow': 1.4077122959716086, 'P_half2': 855.291821990236, 'P_floor_pow': 1.6171370539938201}. Best is trial 39 with value: 0.5628825214644592.
[I 2026-05-22 17:32:36,599] Trial 53 finished with value: 0.5237113316771165 and parameters: {'k1': 0.011875536948746995, 'D_low': 357.9480534866111, 'k2': 6.147233709469903e-05, 'D_high': 53036.22407597312, 'fire_exp': 0.4375232006330656, 'P_half': 2.248514035636413, 'pre_dampen_half': 0.48181379965333415, 'gpp_af': 14.511488468328098, 'gpp_b': 2.5525236344197964e-06, 'gpp_d': 259.82465865806074, 'ign_k': 0.006680721167034901, 'ign_c': 44.724029670126605, 'P_wet_supp': 1011.5986412731372, 'P_wet_pow': 0.7333838088528215, 'P_half2': 52.29765050057944, 'P_floor_pow': 1.4034090705930324}. Best is trial 39 with value: 0.5628825214644592.
[I 2026-05-22 17:32:37,148] Trial 54 finished with value: 0.5138414134519571 and parameters: {'k1': 0.020785084430374284, 'D_low': 25.221152358784465, 'k2': 0.0003209336224224681, 'D_high': 29088.819911468785, 'fire_exp': 1.0079593684313028, 'P_half': 2.0331773817718806, 'pre_dampen_half': 10.185188300499956, 'gpp_af': 17.81620509864924, 'gpp_b': 1.2026165517838086e-06, 'gpp_d': 5.388459783482915, 'ign_k': 0.25128123553795106, 'ign_c': 0.13837918773482616, 'P_wet_supp': 4006.977774649313, 'P_wet_pow': 2.6379445287508894, 'P_half2': 289.27539746423264, 'P_floor_pow': 2.967350858772534}. Best is trial 39 with value: 0.5628825214644592.
[I 2026-05-22 17:32:37,700] Trial 55 finished with value: 0.5125920036319978 and parameters: {'k1': 0.034094419855007795, 'D_low': 6.065369640284722, 'k2': 0.002565035426589526, 'D_high': 13638.510862766754, 'fire_exp': 0.6676440622057356, 'P_half': 0.4077566095445348, 'pre_dampen_half': 0.0141647169164643, 'gpp_af': 1.090813544276523, 'gpp_b': 2.479294766566291e-06, 'gpp_d': 789.170346926916, 'ign_k': 0.011551439173478908, 'ign_c': 11.879905611755774, 'P_wet_supp': 3580.539947969754, 'P_wet_pow': 3.287573468748124, 'P_half2': 3.756959058252496, 'P_floor_pow': 0.2146365525720744}. Best is trial 39 with value: 0.5628825214644592.
[I 2026-05-22 17:32:38,248] Trial 56 finished with value: 0.4787925114122121 and parameters: {'k1': 0.027945608143816088, 'D_low': 844.0653940126866, 'k2': 1.735464103715914e-05, 'D_high': 66848.39639686057, 'fire_exp': 0.7730234971979841, 'P_half': 0.2935349591856152, 'pre_dampen_half': 0.09285298653240973, 'gpp_af': 0.14692953327682545, 'gpp_b': 1.1273257408411363e-06, 'gpp_d': 1.5090000917245192, 'ign_k': 0.01566802841803121, 'ign_c': 2.940362620226672, 'P_wet_supp': 931.9657257299037, 'P_wet_pow': 4.077893263964497, 'P_half2': 0.920769551460104, 'P_floor_pow': 0.124753596275439}. Best is trial 39 with value: 0.5628825214644592.
[I 2026-05-22 17:32:38,791] Trial 57 finished with value: 0.5851463522670068 and parameters: {'k1': 0.0351294342773013, 'D_low': 181.87639265548256, 'k2': 0.00026940278058576944, 'D_high': 3176.8727419607917, 'fire_exp': 0.6942860994063826, 'P_half': 25.987902784934334, 'pre_dampen_half': 14.199869045506977, 'gpp_af': 10.529158172272359, 'gpp_b': 6.264855382008181e-05, 'gpp_d': 40.97497676025944, 'ign_k': 0.6717174536250321, 'ign_c': 21.961911061947838, 'P_wet_supp': 5483.761618080289, 'P_wet_pow': 1.3960527553685855, 'P_half2': 210.12495557623893, 'P_floor_pow': 0.42569995238735214}. Best is trial 57 with value: 0.5851463522670068.
[I 2026-05-22 17:32:39,338] Trial 58 finished with value: 0.5589611872155774 and parameters: {'k1': 0.01581568087552475, 'D_low': 21.93919965402986, 'k2': 0.0026679853764883564, 'D_high': 9132.151509841704, 'fire_exp': 0.43979895823206633, 'P_half': 0.22482275811140415, 'pre_dampen_half': 5.393378910755061, 'gpp_af': 0.7098019658688252, 'gpp_b': 6.7984373657366755e-06, 'gpp_d': 46.90437190200913, 'ign_k': 0.8623348687291351, 'ign_c': 15.846252372528186, 'P_wet_supp': 816.9286155385284, 'P_wet_pow': 2.5127175465118796, 'P_half2': 229.15181936926214, 'P_floor_pow': 0.680511238096987}. Best is trial 57 with value: 0.5851463522670068.
[I 2026-05-22 17:32:39,876] Trial 59 finished with value: 0.3994490055432051 and parameters: {'k1': 0.013967656944495284, 'D_low': 86.2295326584751, 'k2': 0.00018292200393619338, 'D_high': 6978.818786185797, 'fire_exp': 1.2597093149227188, 'P_half': 79.67734060456597, 'pre_dampen_half': 0.6742196395292168, 'gpp_af': 1.8007311211359232, 'gpp_b': 0.0006693235467375346, 'gpp_d': 5.7559448058737575, 'ign_k': 0.7069181665725432, 'ign_c': 322.0214964830558, 'P_wet_supp': 3829.971358054717, 'P_wet_pow': 1.135995816735872, 'P_half2': 41.71001933338542, 'P_floor_pow': 0.3500425209016002}. Best is trial 57 with value: 0.5851463522670068.
[I 2026-05-22 17:32:40,415] Trial 60 finished with value: 0.5747280004726075 and parameters: {'k1': 0.0009951113801360107, 'D_low': 22.997042275933783, 'k2': 0.003376313130296008, 'D_high': 6795.272021004585, 'fire_exp': 0.46459198348843495, 'P_half': 0.19431462006740544, 'pre_dampen_half': 8.1514158319481, 'gpp_af': 0.7371376786628372, 'gpp_b': 0.00016195458906109899, 'gpp_d': 987.7368143699048, 'ign_k': 2.5149540602963314, 'ign_c': 14.32372965239982, 'P_wet_supp': 2204.284731943227, 'P_wet_pow': 1.8827338907710771, 'P_half2': 1229.3475547057735, 'P_floor_pow': 0.5830091239856336}. Best is trial 57 with value: 0.5851463522670068.
[I 2026-05-22 17:32:40,959] Trial 61 finished with value: 0.4933817939117888 and parameters: {'k1': 0.031957487959611834, 'D_low': 23.99335481003967, 'k2': 0.03391782746734126, 'D_high': 8862.381052779405, 'fire_exp': 0.3610049338678245, 'P_half': 0.20414891040556823, 'pre_dampen_half': 41.36488194895392, 'gpp_af': 0.20438084359239672, 'gpp_b': 3.766305632671428e-05, 'gpp_d': 6.372513906049061, 'ign_k': 1.1821736286632125, 'ign_c': 0.9182216620956629, 'P_wet_supp': 366.32004630750976, 'P_wet_pow': 3.554035284766388, 'P_half2': 525.6841603399423, 'P_floor_pow': 0.983725444227563}. Best is trial 57 with value: 0.5851463522670068.
[I 2026-05-22 17:32:41,502] Trial 62 finished with value: 0.5748827043780322 and parameters: {'k1': 0.0010450163630890165, 'D_low': 8.205569627813409, 'k2': 0.0003886379567960422, 'D_high': 18741.097680363953, 'fire_exp': 0.3787186525533959, 'P_half': 0.14486307027738246, 'pre_dampen_half': 0.5935572601107407, 'gpp_af': 4.7985050244575245, 'gpp_b': 4.642682486744705e-05, 'gpp_d': 312.14371869444017, 'ign_k': 3.295567423886102, 'ign_c': 9.394733812237886, 'P_wet_supp': 8546.345941034897, 'P_wet_pow': 3.3776340137203213, 'P_half2': 321.30798503007867, 'P_floor_pow': 0.4576738901208113}. Best is trial 57 with value: 0.5851463522670068.
[I 2026-05-22 17:32:42,058] Trial 63 finished with value: 0.5710984527081089 and parameters: {'k1': 0.0008543178991794378, 'D_low': 13.473855719566464, 'k2': 0.01899744619158908, 'D_high': 7390.841219727154, 'fire_exp': 0.3972045684794782, 'P_half': 0.896581934744948, 'pre_dampen_half': 23.07842906540499, 'gpp_af': 2.954011747620045, 'gpp_b': 0.0060745213458058556, 'gpp_d': 84.44491571706509, 'ign_k': 2.0502904219564706, 'ign_c': 14.104272450200511, 'P_wet_supp': 2310.608512807801, 'P_wet_pow': 2.17746074384324, 'P_half2': 1190.0493470386348, 'P_floor_pow': 1.1171894383601824}. Best is trial 57 with value: 0.5851463522670068.
[I 2026-05-22 17:32:42,613] Trial 64 finished with value: 0.3994490055432051 and parameters: {'k1': 0.0005154829731050578, 'D_low': 28.06391463258032, 'k2': 0.0026568471837219018, 'D_high': 6108.148839916287, 'fire_exp': 0.45951991684198273, 'P_half': 1.1147777526589242, 'pre_dampen_half': 58.51275359461297, 'gpp_af': 0.1834231180045294, 'gpp_b': 0.00016792300218169718, 'gpp_d': 226.74412097390527, 'ign_k': 4.247932747460222, 'ign_c': 387.42177801938686, 'P_wet_supp': 109.9355192476872, 'P_wet_pow': 1.7337123540868744, 'P_half2': 5649.115163304982, 'P_floor_pow': 0.44933083357828457}. Best is trial 57 with value: 0.5851463522670068.
[I 2026-05-22 17:32:43,157] Trial 65 finished with value: 0.5293517564722863 and parameters: {'k1': 0.0025108763146713827, 'D_low': 72.66860337959994, 'k2': 0.00064244156095468, 'D_high': 4475.285636949325, 'fire_exp': 0.5231435766627371, 'P_half': 0.21224422902622903, 'pre_dampen_half': 96.140685434323, 'gpp_af': 0.1184084041156244, 'gpp_b': 0.003522187780386848, 'gpp_d': 56.21865417023013, 'ign_k': 0.8692740316889882, 'ign_c': 2.1981750336337775, 'P_wet_supp': 4288.828728586934, 'P_wet_pow': 1.643937382438681, 'P_half2': 605.9727892889316, 'P_floor_pow': 0.371120062181162}. Best is trial 57 with value: 0.5851463522670068.
[I 2026-05-22 17:32:43,700] Trial 66 finished with value: 0.39945211607620285 and parameters: {'k1': 0.011772540839570819, 'D_low': 45.838275454832385, 'k2': 0.004360468360420077, 'D_high': 30993.13526778739, 'fire_exp': 1.1755053214274556, 'P_half': 0.12442665571093575, 'pre_dampen_half': 9.98697487015372, 'gpp_af': 0.18638209226901373, 'gpp_b': 6.411768966471945e-06, 'gpp_d': 162.79601413004053, 'ign_k': 0.9402664226917362, 'ign_c': 53.69408699443969, 'P_wet_supp': 6744.826737188246, 'P_wet_pow': 3.456645901049635, 'P_half2': 73.36197379658509, 'P_floor_pow': 0.7156544338441707}. Best is trial 57 with value: 0.5851463522670068.
