[I 2026-05-22 18:10:30,609] Trial 536 finished with value: 0.5614241874399057 and parameters: {'P_amp': 0.09955417433451265, 'P_wet': 3506.569261322752, 'P_pow': 1.2302592789463542, 'WG_amp': 0.017327610623578515, 'WG_Phalf': 801.0025505360938, 'WG_k': 25.1132970475223, 'WG_c': 6.669914163738777, 'rain_shift': 5.051531982947082, 'ign_k': 0.3024254874251315, 'rate_power': 0.9968890363669174}. Best is trial 209 with value: 0.6108097453057891.
[I 2026-05-22 18:10:31,072] Trial 537 finished with value: 0.5935912449001554 and parameters: {'P_amp': 0.032910907287870404, 'P_wet': 5117.753989015354, 'P_pow': 2.282324207346697, 'WG_amp': 0.09803814947523692, 'WG_Phalf': 124.54331413583166, 'WG_k': 3.3785577067398487, 'WG_c': 0.013778271566808468, 'rain_shift': 1.8499434356253444, 'ign_k': 0.9634411657083275, 'rate_power': 0.9483412318037865}. Best is trial 209 with value: 0.6108097453057891.
[I 2026-05-22 18:10:31,532] Trial 538 finished with value: 0.5727063527301268 and parameters: {'P_amp': 0.005755919752170269, 'P_wet': 2445.695250123173, 'P_pow': 2.364964547495677, 'WG_amp': 0.08086974210240062, 'WG_Phalf': 178.86132988459374, 'WG_k': 11.80927586865845, 'WG_c': 0.17278194374313066, 'rain_shift': 2.49158470031583, 'ign_k': 0.8615714467586122, 'rate_power': 1.1536586231679336}. Best is trial 209 with value: 0.6108097453057891.
[I 2026-05-22 18:10:31,991] Trial 539 finished with value: 0.4958002660508014 and parameters: {'P_amp': 0.6476819938814224, 'P_wet': 840.2403597325672, 'P_pow': 1.9946855148552534, 'WG_amp': 0.8108906728188224, 'WG_Phalf': 2017.0191866257273, 'WG_k': 74.93081514508864, 'WG_c': 0.00011434913188357764, 'rain_shift': 8.500496566366476, 'ign_k': 0.7879737704516856, 'rate_power': 1.2051748119433754}. Best is trial 209 with value: 0.6108097453057891.
[I 2026-05-22 18:10:32,457] Trial 540 finished with value: 0.6058792870819555 and parameters: {'P_amp': 0.3022770091972212, 'P_wet': 5523.230791477226, 'P_pow': 0.5752961748668262, 'WG_amp': 0.694636710809792, 'WG_Phalf': 582.5715953313648, 'WG_k': 21.036733462564715, 'WG_c': 0.5849751002690687, 'rain_shift': 2.0166342288099592, 'ign_k': 0.5517283815366315, 'rate_power': 0.7618798695040825}. Best is trial 209 with value: 0.6108097453057891.
[I 2026-05-22 18:10:32,917] Trial 541 finished with value: 0.577061306870804 and parameters: {'P_amp': 0.23202228791872326, 'P_wet': 2110.3695837185974, 'P_pow': 5.177033440283747, 'WG_amp': 0.5964354612262002, 'WG_Phalf': 355.3271807905988, 'WG_k': 18.945272830158835, 'WG_c': 0.0621056249922392, 'rain_shift': 0.22333919926469692, 'ign_k': 0.22017667394116305, 'rate_power': 0.8618707261435726}. Best is trial 209 with value: 0.6108097453057891.
[I 2026-05-22 18:10:33,379] Trial 542 finished with value: 0.5985159921555249 and parameters: {'P_amp': 0.03949429048578462, 'P_wet': 5221.193741187583, 'P_pow': 1.1844861126226705, 'WG_amp': 0.36623330000055543, 'WG_Phalf': 280.53573751872744, 'WG_k': 20.133427114089553, 'WG_c': 8.151214504557975, 'rain_shift': 0.8812286171328396, 'ign_k': 0.5198196141907545, 'rate_power': 0.7234890148764719}. Best is trial 209 with value: 0.6108097453057891.
[I 2026-05-22 18:10:33,836] Trial 543 finished with value: 0.606079594558996 and parameters: {'P_amp': 0.5157569157418607, 'P_wet': 5183.929594255505, 'P_pow': 3.707769100725941, 'WG_amp': 0.8380336714824359, 'WG_Phalf': 693.7036332513635, 'WG_k': 33.65886615464093, 'WG_c': 2.194395398938503, 'rain_shift': 0.06540929285857677, 'ign_k': 0.5739280208035531, 'rate_power': 1.2002546473303501}. Best is trial 209 with value: 0.6108097453057891.
[I 2026-05-22 18:10:34,312] Trial 544 finished with value: 0.5914482561937452 and parameters: {'P_amp': 0.19805640588041676, 'P_wet': 413.84558187781164, 'P_pow': 0.6325682452478171, 'WG_amp': 0.1827134529655999, 'WG_Phalf': 2102.113271677884, 'WG_k': 77.94630035125611, 'WG_c': 0.03883129191999944, 'rain_shift': 0.6757477939875691, 'ign_k': 0.3459146023530701, 'rate_power': 1.15187030484637}. Best is trial 209 with value: 0.6108097453057891.
[I 2026-05-22 18:10:34,783] Trial 545 finished with value: 0.6021187004657931 and parameters: {'P_amp': 0.015156328015783106, 'P_wet': 3388.7451004307122, 'P_pow': 0.8498917273913799, 'WG_amp': 0.29855195070537294, 'WG_Phalf': 371.82147002079125, 'WG_k': 2.040248511372267, 'WG_c': 0.2088893880032501, 'rain_shift': 0.5365590813216073, 'ign_k': 1.7260048496916718, 'rate_power': 1.127701945043823}. Best is trial 209 with value: 0.6108097453057891.
[I 2026-05-22 18:10:35,258] Trial 546 finished with value: 0.6061101247193916 and parameters: {'P_amp': 0.0847455939161769, 'P_wet': 1383.7822353570152, 'P_pow': 0.45308123940181405, 'WG_amp': 0.20347640453427393, 'WG_Phalf': 3639.539892578105, 'WG_k': 3.8131910220202347, 'WG_c': 6.522297664079596, 'rain_shift': 0.41845352836513394, 'ign_k': 1.5186933437441383, 'rate_power': 1.0234864651693123}. Best is trial 209 with value: 0.6108097453057891.
[I 2026-05-22 18:10:35,725] Trial 547 finished with value: 0.6008505213298291 and parameters: {'P_amp': 0.03505072049389155, 'P_wet': 4293.869557653168, 'P_pow': 1.3477239168796658, 'WG_amp': 0.06657365307358634, 'WG_Phalf': 420.578433139757, 'WG_k': 4.00306039151365, 'WG_c': 0.8522240709373282, 'rain_shift': 0.1194755393096214, 'ign_k': 0.47313126944609785, 'rate_power': 1.064645658331209}. Best is trial 209 with value: 0.6108097453057891.
[I 2026-05-22 18:10:36,196] Trial 548 finished with value: 0.6053759443842597 and parameters: {'P_amp': 0.12110993585149576, 'P_wet': 5013.45899643278, 'P_pow': 0.3930915258688438, 'WG_amp': 0.1665385424035544, 'WG_Phalf': 1432.3149321248895, 'WG_k': 26.588030872219733, 'WG_c': 3.8555532771039527, 'rain_shift': 0.7473342773931501, 'ign_k': 1.1591971272071933, 'rate_power': 0.8994460666979}. Best is trial 209 with value: 0.6108097453057891.
[I 2026-05-22 18:10:36,665] Trial 549 finished with value: 0.5676121820879796 and parameters: {'P_amp': 0.5878943050729515, 'P_wet': 2573.9610250147193, 'P_pow': 4.488793292272615, 'WG_amp': 0.4672520288563665, 'WG_Phalf': 101.15862604455515, 'WG_k': 3.015913381280744, 'WG_c': 0.08189406157898116, 'rain_shift': 2.4889215028089406, 'ign_k': 0.1245165359071549, 'rate_power': 0.9957252415585733}. Best is trial 209 with value: 0.6108097453057891.
[I 2026-05-22 18:10:37,129] Trial 550 finished with value: 0.5394354922799064 and parameters: {'P_amp': 0.14628042361381, 'P_wet': 3448.143448538413, 'P_pow': 5.804222535824438, 'WG_amp': 0.24054250966864515, 'WG_Phalf': 1808.9187972103127, 'WG_k': 3.1613106452042463, 'WG_c': 0.3540194721899621, 'rain_shift': 5.243085530854339, 'ign_k': 1.036244700099245, 'rate_power': 1.2926245240013445}. Best is trial 209 with value: 0.6108097453057891.
[I 2026-05-22 18:10:37,592] Trial 551 finished with value: 0.6037420851730317 and parameters: {'P_amp': 0.11753763144367917, 'P_wet': 2836.387213687522, 'P_pow': 1.4407683466434733, 'WG_amp': 0.19181126022385991, 'WG_Phalf': 1569.208770507378, 'WG_k': 4.877333226503273, 'WG_c': 1.8694630797736977, 'rain_shift': 1.1385031562408081, 'ign_k': 0.377437404283938, 'rate_power': 1.0363830849048015}. Best is trial 209 with value: 0.6108097453057891.
[I 2026-05-22 18:10:38,057] Trial 552 finished with value: 0.5836490732786173 and parameters: {'P_amp': 0.7337657244442781, 'P_wet': 4681.061374199477, 'P_pow': 3.2298290796680424, 'WG_amp': 0.630704886409569, 'WG_Phalf': 179.894411870362, 'WG_k': 0.021738444214359966, 'WG_c': 0.009465487540100192, 'rain_shift': 0.5116035970361636, 'ign_k': 0.7644928411611793, 'rate_power': 1.2498339209597784}. Best is trial 209 with value: 0.6108097453057891.
[I 2026-05-22 18:10:38,523] Trial 553 finished with value: 0.5650939006541964 and parameters: {'P_amp': 0.8804292517975947, 'P_wet': 2409.487404461796, 'P_pow': 3.8514333126328855, 'WG_amp': 0.756377068560383, 'WG_Phalf': 1147.6151301471104, 'WG_k': 80.32905350450015, 'WG_c': 0.0018094181831928464, 'rain_shift': 1.1334219294182741, 'ign_k': 1.0501445923676025, 'rate_power': 1.2145389341496364}. Best is trial 209 with value: 0.6108097453057891.
[I 2026-05-22 18:10:38,989] Trial 554 finished with value: 0.6047042891882602 and parameters: {'P_amp': 0.7647933331938179, 'P_wet': 5557.874564630149, 'P_pow': 2.4744993849022476, 'WG_amp': 0.050146754914112454, 'WG_Phalf': 2555.0110064924684, 'WG_k': 7.940740578440196, 'WG_c': 0.6791480503182042, 'rain_shift': 1.191158269777294, 'ign_k': 0.7316080366409179, 'rate_power': 1.0715089702093203}. Best is trial 209 with value: 0.6108097453057891.
[I 2026-05-22 18:10:39,454] Trial 555 finished with value: 0.5644470026021289 and parameters: {'P_amp': 0.4513450225391429, 'P_wet': 3104.152116295234, 'P_pow': 3.4184540593576482, 'WG_amp': 0.8031563353887011, 'WG_Phalf': 131.61559541967225, 'WG_k': 46.27787874585534, 'WG_c': 0.8540477610596906, 'rain_shift': 3.36079257183887, 'ign_k': 1.2267709699938538, 'rate_power': 1.0385488511470657}. Best is trial 209 with value: 0.6108097453057891.
[I 2026-05-22 18:10:39,920] Trial 556 finished with value: 0.49892727992184466 and parameters: {'P_amp': 0.8570234764900881, 'P_wet': 1196.817006171869, 'P_pow': 1.5081831447107144, 'WG_amp': 0.42076598744742916, 'WG_Phalf': 1408.7181516893907, 'WG_k': 0.3222316081046294, 'WG_c': 0.0008216026635331444, 'rain_shift': 9.563416248413905, 'ign_k': 0.7859062981002274, 'rate_power': 1.2683820410081659}. Best is trial 209 with value: 0.6108097453057891.
[I 2026-05-22 18:10:40,388] Trial 557 finished with value: 0.5098475859821066 and parameters: {'P_amp': 0.8208341880058937, 'P_wet': 430.27556862699043, 'P_pow': 5.393395640821996, 'WG_amp': 0.44194428319220286, 'WG_Phalf': 2802.8192736685555, 'WG_k': 0.21942766179594864, 'WG_c': 5.7671743363971935, 'rain_shift': 1.5918182785522363, 'ign_k': 0.7998575975115889, 'rate_power': 0.9747067472893903}. Best is trial 209 with value: 0.6108097453057891.
[I 2026-05-22 18:10:40,855] Trial 558 finished with value: 0.6029908991615667 and parameters: {'P_amp': 0.11987182560648185, 'P_wet': 2337.766277361462, 'P_pow': 0.2593339337641264, 'WG_amp': 0.022107747910141168, 'WG_Phalf': 264.0853973537411, 'WG_k': 1.1124444224935748, 'WG_c': 4.418386680848647, 'rain_shift': 0.00604015838383698, 'ign_k': 1.6138613726043476, 'rate_power': 0.9719032741382482}. Best is trial 209 with value: 0.6108097453057891.
[I 2026-05-22 18:10:41,321] Trial 559 finished with value: 0.5784348321060651 and parameters: {'P_amp': 0.02425899228727093, 'P_wet': 5853.962989367107, 'P_pow': 0.4133069303463235, 'WG_amp': 0.02501777585903009, 'WG_Phalf': 669.3201481479206, 'WG_k': 20.792057238650056, 'WG_c': 1.3748412667912866, 'rain_shift': 0.5726988449113903, 'ign_k': 0.18088567106540368, 'rate_power': 0.8681305775019819}. Best is trial 209 with value: 0.6108097453057891.
[I 2026-05-22 18:10:41,788] Trial 560 finished with value: 0.601834295680045 and parameters: {'P_amp': 0.1094121079706897, 'P_wet': 535.7516876907763, 'P_pow': 0.3382521015979536, 'WG_amp': 0.33801588366627067, 'WG_Phalf': 1182.8227279622051, 'WG_k': 99.11746892823898, 'WG_c': 1.1316416303279686, 'rain_shift': 0.7627725778211326, 'ign_k': 2.109259986778071, 'rate_power': 1.123294000176516}. Best is trial 209 with value: 0.6108097453057891.
[I 2026-05-22 18:10:42,254] Trial 561 finished with value: 0.5561359077686531 and parameters: {'P_amp': 0.704040355903607, 'P_wet': 1305.7190739922, 'P_pow': 4.395365220226853, 'WG_amp': 0.3360428113009181, 'WG_Phalf': 4218.4336973521595, 'WG_k': 25.455045939705226, 'WG_c': 0.030129855981779894, 'rain_shift': 6.884265379192007, 'ign_k': 0.2597950234936068, 'rate_power': 0.7752075378602081}. Best is trial 209 with value: 0.6108097453057891.
[I 2026-05-22 18:10:42,722] Trial 562 finished with value: 0.6085877715092957 and parameters: {'P_amp': 0.027213410710738788, 'P_wet': 4437.067193482777, 'P_pow': 0.6809346672598168, 'WG_amp': 0.3444206626277444, 'WG_Phalf': 436.9412632282949, 'WG_k': 3.9420334591587367, 'WG_c': 3.2548040129479174, 'rain_shift': 1.6030289061144964, 'ign_k': 0.47208735757685377, 'rate_power': 0.8724220852897422}. Best is trial 209 with value: 0.6108097453057891.
[I 2026-05-22 18:10:43,190] Trial 563 finished with value: 0.5824136692460556 and parameters: {'P_amp': 0.0002687015808150138, 'P_wet': 2225.5044373330998, 'P_pow': 0.556521769814643, 'WG_amp': 0.3721081725070817, 'WG_Phalf': 453.57103989503554, 'WG_k': 2.2869075299168196, 'WG_c': 1.2351557104247974, 'rain_shift': 3.747118765651615, 'ign_k': 0.46829481044126214, 'rate_power': 0.8172243999811789}. Best is trial 209 with value: 0.6108097453057891.
[I 2026-05-22 18:10:43,655] Trial 564 finished with value: 0.5689847545144264 and parameters: {'P_amp': 0.705186406283341, 'P_wet': 1547.1941766679256, 'P_pow': 5.837548714581609, 'WG_amp': 0.735833317895163, 'WG_Phalf': 2075.54845090443, 'WG_k': 0.07953517701900807, 'WG_c': 0.012080382894610699, 'rain_shift': 0.4043659907232131, 'ign_k': 0.11842182287206796, 'rate_power': 0.9679605247908466}. Best is trial 209 with value: 0.6108097453057891.
[I 2026-05-22 18:10:44,120] Trial 565 finished with value: 0.5807706755458714 and parameters: {'P_amp': 0.4647604561514118, 'P_wet': 3529.1875922336712, 'P_pow': 4.3241475528612465, 'WG_amp': 0.016994884932422315, 'WG_Phalf': 4193.267577471417, 'WG_k': 5.63686136103515, 'WG_c': 0.05290247198004456, 'rain_shift': 2.212095039281012, 'ign_k': 0.17338093833823376, 'rate_power': 1.1744919654984018}. Best is trial 209 with value: 0.6108097453057891.
[I 2026-05-22 18:10:44,586] Trial 566 finished with value: 0.6035397913275351 and parameters: {'P_amp': 0.04190710983828117, 'P_wet': 514.3510050955747, 'P_pow': 1.8686722882942752, 'WG_amp': 0.15732392243516466, 'WG_Phalf': 2475.0319876066706, 'WG_k': 15.269756217684604, 'WG_c': 0.30936751151152253, 'rain_shift': 0.8395089121848485, 'ign_k': 1.2532336052707411, 'rate_power': 1.083585995832595}. Best is trial 209 with value: 0.6108097453057891.
[I 2026-05-22 18:10:45,052] Trial 567 finished with value: 0.5216141343840864 and parameters: {'P_amp': 0.4308710781447517, 'P_wet': 1880.8150942093248, 'P_pow': 3.8891430991412785, 'WG_amp': 0.2993953659759978, 'WG_Phalf': 2861.6494374155536, 'WG_k': 1.992738627851784, 'WG_c': 0.02403234249093731, 'rain_shift': 9.968452832744248, 'ign_k': 1.0666955600226158, 'rate_power': 1.2124224632775729}. Best is trial 209 with value: 0.6108097453057891.
[I 2026-05-22 18:10:45,519] Trial 568 finished with value: 0.5376583536202278 and parameters: {'P_amp': 0.4015285791838473, 'P_wet': 705.9077426403104, 'P_pow': 3.086009708254025, 'WG_amp': 0.768365726043416, 'WG_Phalf': 335.39139054661797, 'WG_k': 3.3040268695270445, 'WG_c': 0.0035466756500160687, 'rain_shift': 3.6379600633636944, 'ign_k': 0.05143569298063614, 'rate_power': 0.9486131611479877}. Best is trial 209 with value: 0.6108097453057891.
[I 2026-05-22 18:10:45,986] Trial 569 finished with value: 0.5496667386219966 and parameters: {'P_amp': 0.6707318837742365, 'P_wet': 1495.1473438230466, 'P_pow': 3.0661845147856264, 'WG_amp': 0.5854256256159223, 'WG_Phalf': 105.29668456476227, 'WG_k': 0.014015095476615154, 'WG_c': 0.00018600494946485792, 'rain_shift': 3.6997605994730427, 'ign_k': 0.5571417568037009, 'rate_power': 0.8766970862847634}. Best is trial 209 with value: 0.6108097453057891.
[I 2026-05-22 18:10:46,452] Trial 570 finished with value: 0.6021262129097716 and parameters: {'P_amp': 0.0836507471637116, 'P_wet': 1478.8089886565706, 'P_pow': 0.6734139082685355, 'WG_amp': 0.23360975603431444, 'WG_Phalf': 512.1994832982675, 'WG_k': 35.94334544592685, 'WG_c': 1.1372603075180063, 'rain_shift': 0.030919118567054205, 'ign_k': 0.728039014451709, 'rate_power': 0.9587951520754981}. Best is trial 209 with value: 0.6108097453057891.
[I 2026-05-22 18:10:46,918] Trial 571 finished with value: 0.5273411968688886 and parameters: {'P_amp': 0.07056959867369411, 'P_wet': 1104.411200598663, 'P_pow': 5.97926569581713, 'WG_amp': 0.08951264653650964, 'WG_Phalf': 128.90185719819652, 'WG_k': 1.7541917595940988, 'WG_c': 9.051801339309202, 'rain_shift': 8.745482071789919, 'ign_k': 1.8801445928242566, 'rate_power': 1.1925234242109066}. Best is trial 209 with value: 0.6108097453057891.
[I 2026-05-22 18:10:47,385] Trial 572 finished with value: 0.602963549680037 and parameters: {'P_amp': 0.5331890960098551, 'P_wet': 2170.6532045417002, 'P_pow': 3.6406192009747094, 'WG_amp': 0.14343021897301117, 'WG_Phalf': 785.6699456562347, 'WG_k': 12.46295615352808, 'WG_c': 2.013237338747615, 'rain_shift': 0.12751433215227315, 'ign_k': 0.5379624408768462, 'rate_power': 1.0606433743256023}. Best is trial 209 with value: 0.6108097453057891.
[I 2026-05-22 18:10:47,851] Trial 573 finished with value: 0.604177364100456 and parameters: {'P_amp': 0.6808652978101253, 'P_wet': 4593.251664030816, 'P_pow': 4.010922200277802, 'WG_amp': 0.10744111904687906, 'WG_Phalf': 640.2943729088834, 'WG_k': 1.6438559002797068, 'WG_c': 0.2249107622236945, 'rain_shift': 0.18545669541128135, 'ign_k': 0.49861023093246626, 'rate_power': 1.1234654520612724}. Best is trial 209 with value: 0.6108097453057891.
[I 2026-05-22 18:10:48,317] Trial 574 finished with value: 0.5883687449273856 and parameters: {'P_amp': 0.0386816321165904, 'P_wet': 3179.367173299174, 'P_pow': 0.5319939612725679, 'WG_amp': 0.1785645116593848, 'WG_Phalf': 1315.1836011526946, 'WG_k': 54.77222973364027, 'WG_c': 0.46730374848544887, 'rain_shift': 2.2506608967136, 'ign_k': 0.8059384583136164, 'rate_power': 0.9586078844492649}. Best is trial 209 with value: 0.6108097453057891.
[I 2026-05-22 18:10:48,781] Trial 575 finished with value: 0.6041038131188594 and parameters: {'P_amp': 0.17841376394055736, 'P_wet': 2210.833326817538, 'P_pow': 5.47584439716497, 'WG_amp': 0.3934137972370406, 'WG_Phalf': 261.13893823706803, 'WG_k': 49.69839761303369, 'WG_c': 0.3077462711404718, 'rain_shift': 0.5088381275871593, 'ign_k': 0.43446128698271397, 'rate_power': 1.007623418661099}. Best is trial 209 with value: 0.6108097453057891.
[I 2026-05-22 18:10:49,239] Trial 576 finished with value: 0.529907580777053 and parameters: {'P_amp': 0.8091946368285159, 'P_wet': 3033.6687395510494, 'P_pow': 3.0922065349655883, 'WG_amp': 0.283518186688154, 'WG_Phalf': 189.79394268336685, 'WG_k': 0.5873935686585255, 'WG_c': 0.09462296855702873, 'rain_shift': 6.746774083479002, 'ign_k': 1.288422851065018, 'rate_power': 1.0843978294315715}. Best is trial 209 with value: 0.6108097453057891.
[I 2026-05-22 18:10:49,703] Trial 577 finished with value: 0.6061129504808634 and parameters: {'P_amp': 0.0822449375851189, 'P_wet': 1337.348266143184, 'P_pow': 0.38928690357312856, 'WG_amp': 0.23908724443914467, 'WG_Phalf': 154.10716791364544, 'WG_k': 3.7079937474479143, 'WG_c': 0.8112249421515626, 'rain_shift': 1.2655768057510186, 'ign_k': 0.5774753424075582, 'rate_power': 1.0156357303926826}. Best is trial 209 with value: 0.6108097453057891.
[I 2026-05-22 18:10:50,163] Trial 578 finished with value: 0.4938801221543475 and parameters: {'P_amp': 0.5501505076932058, 'P_wet': 332.9113306090047, 'P_pow': 1.9863278272076736, 'WG_amp': 0.8814907330531266, 'WG_Phalf': 351.75369262732977, 'WG_k': 31.247230981972727, 'WG_c': 0.0004979032784613783, 'rain_shift': 8.676082767764425, 'ign_k': 0.48595272786183347, 'rate_power': 0.8362502573370071}. Best is trial 209 with value: 0.6108097453057891.
[I 2026-05-22 18:10:50,621] Trial 579 finished with value: 0.6073996904192384 and parameters: {'P_amp': 0.009631313817365428, 'P_wet': 774.376458173571, 'P_pow': 2.205497974464571, 'WG_amp': 0.3897329074656688, 'WG_Phalf': 962.7811164387997, 'WG_k': 22.79373450687973, 'WG_c': 0.5417405969573474, 'rain_shift': 0.06701154193332601, 'ign_k': 1.3614325934418374, 'rate_power': 1.1555571129520361}. Best is trial 209 with value: 0.6108097453057891.
[I 2026-05-22 18:10:51,080] Trial 580 finished with value: 0.5887580303756991 and parameters: {'P_amp': 0.05647477670765666, 'P_wet': 3699.122275462148, 'P_pow': 3.5460293568698606, 'WG_amp': 0.3203241968224115, 'WG_Phalf': 335.2865964614902, 'WG_k': 0.5483290006648294, 'WG_c': 0.08803065102813953, 'rain_shift': 1.680723222080895, 'ign_k': 0.9196015734062324, 'rate_power': 1.0349901952803573}. Best is trial 209 with value: 0.6108097453057891.
[I 2026-05-22 18:10:51,543] Trial 581 finished with value: 0.5751626547088837 and parameters: {'P_amp': 0.12054224883868632, 'P_wet': 4494.422186772446, 'P_pow': 0.9143878539185384, 'WG_amp': 0.14646130957368486, 'WG_Phalf': 261.4298705062845, 'WG_k': 2.2152397145615597, 'WG_c': 0.15819715971552226, 'rain_shift': 3.1200973782103603, 'ign_k': 0.2896905892550323, 'rate_power': 1.0481424508032162}. Best is trial 209 with value: 0.6108097453057891.
[I 2026-05-22 18:10:52,005] Trial 582 finished with value: 0.5512122779104937 and parameters: {'P_amp': 0.5522667027928782, 'P_wet': 1800.209015887468, 'P_pow': 4.146426389623732, 'WG_amp': 0.8692250537363178, 'WG_Phalf': 1871.1049119839367, 'WG_k': 0.9749824359637282, 'WG_c': 0.010217957055461828, 'rain_shift': 4.9168050976353825, 'ign_k': 0.7281524150099538, 'rate_power': 0.8463710171723703}. Best is trial 209 with value: 0.6108097453057891.
[I 2026-05-22 18:10:52,467] Trial 583 finished with value: 0.6071779321205808 and parameters: {'P_amp': 0.14855650243088245, 'P_wet': 5385.282465116218, 'P_pow': 2.485887113705827, 'WG_amp': 0.03763547525384142, 'WG_Phalf': 126.3910786477534, 'WG_k': 31.493530357355315, 'WG_c': 0.37664941212136954, 'rain_shift': 1.213423133382809, 'ign_k': 0.4315299521982788, 'rate_power': 0.9640538886475312}. Best is trial 209 with value: 0.6108097453057891.
[I 2026-05-22 18:10:52,933] Trial 584 finished with value: 0.6023149527314696 and parameters: {'P_amp': 0.11055221851726049, 'P_wet': 4497.410484629686, 'P_pow': 0.6787860753349583, 'WG_amp': 0.6404362720254354, 'WG_Phalf': 412.3532899816032, 'WG_k': 3.6073099424591413, 'WG_c': 6.693682885542635, 'rain_shift': 1.2701545301927366, 'ign_k': 0.35032812366848026, 'rate_power': 0.9158100060028853}. Best is trial 209 with value: 0.6108097453057891.
