[I 2026-05-22 17:33:58,749] Trial 203 finished with value: 0.546029024888554 and parameters: {'k1': 0.07450847413156296, 'D_low': 4.257378066241326, 'k2': 0.0005856274351088078, 'D_high': 50834.042429191126, 'fire_exp': 0.7938292217095784, 'P_half': 5.900433530936459, 'pre_dampen_half': 1.3062295083320095, 'gpp_af': 0.0025626667367237674, 'gpp_b': 8.770096873259596e-06, 'gpp_d': 0.9982418523500901, 'ign_k': 0.11069738479690198, 'ign_c': 0.26408325809178745, 'P_wet_supp': 8629.514299559698, 'P_wet_pow': 2.412668101001267, 'P_half2': 245.4222070543521, 'P_floor_pow': 2.2483831591452947}. Best is trial 57 with value: 0.5851463522670068.
[I 2026-05-22 17:33:59,300] Trial 204 finished with value: 0.43437730457491047 and parameters: {'k1': 0.0002105368960233642, 'D_low': 4.88865852010026, 'k2': 0.016033942884217212, 'D_high': 61760.470041281354, 'fire_exp': 0.40951593771335654, 'P_half': 176.85948957043007, 'pre_dampen_half': 239.31201435922597, 'gpp_af': 6.034407804185569, 'gpp_b': 3.154665009796822e-05, 'gpp_d': 104.06663934688727, 'ign_k': 0.5569737635534447, 'ign_c': 52.88470415187528, 'P_wet_supp': 2622.914212642967, 'P_wet_pow': 3.2569647046069394, 'P_half2': 0.4259813634655451, 'P_floor_pow': 0.861807437716789}. Best is trial 57 with value: 0.5851463522670068.
[I 2026-05-22 17:33:59,851] Trial 205 finished with value: 0.49222546732744743 and parameters: {'k1': 1.934987733877334e-05, 'D_low': 2.5289956943965803, 'k2': 0.00011975459883742559, 'D_high': 10206.358215669527, 'fire_exp': 0.9657457060213828, 'P_half': 5.649197677715339, 'pre_dampen_half': 0.061921982490576295, 'gpp_af': 6.191239145194188, 'gpp_b': 3.080540216000955e-05, 'gpp_d': 18.472218125352995, 'ign_k': 0.8171609197309483, 'ign_c': 0.2528567009989999, 'P_wet_supp': 7963.897631329664, 'P_wet_pow': 2.6785028633866137, 'P_half2': 2.4051955389791067, 'P_floor_pow': 0.7997273848352575}. Best is trial 57 with value: 0.5851463522670068.
[I 2026-05-22 17:34:00,400] Trial 206 finished with value: 0.5240551463869798 and parameters: {'k1': 0.009620160070323161, 'D_low': 4.615110017641069, 'k2': 0.00018481002031272214, 'D_high': 15270.542540917211, 'fire_exp': 1.4950075281163264, 'P_half': 0.1490604283641028, 'pre_dampen_half': 6.753418844431892, 'gpp_af': 0.005894639656889938, 'gpp_b': 5.972280329551435e-05, 'gpp_d': 0.5215405240104938, 'ign_k': 0.02728739574899667, 'ign_c': 14.644613458472683, 'P_wet_supp': 7405.209150907608, 'P_wet_pow': 2.8660173095373214, 'P_half2': 9.863205887138223, 'P_floor_pow': 0.4278300349434022}. Best is trial 57 with value: 0.5851463522670068.
[I 2026-05-22 17:34:00,951] Trial 207 finished with value: 0.4623645308318074 and parameters: {'k1': 0.014279991917825172, 'D_low': 2.161690931622158, 'k2': 0.002267691802234666, 'D_high': 27177.457972455624, 'fire_exp': 0.7026144692190934, 'P_half': 927.2865763151606, 'pre_dampen_half': 2.1798491033228684, 'gpp_af': 0.023613070468548297, 'gpp_b': 6.28105385377306e-06, 'gpp_d': 0.343498034280885, 'ign_k': 0.14079269771522288, 'ign_c': 97.72623998685009, 'P_wet_supp': 3657.98643740985, 'P_wet_pow': 3.2414464364421143, 'P_half2': 1410.1939301606596, 'P_floor_pow': 1.7084042482556028}. Best is trial 57 with value: 0.5851463522670068.
[I 2026-05-22 17:34:01,499] Trial 208 finished with value: 0.5513748645528032 and parameters: {'k1': 0.051816598571369624, 'D_low': 31.11746135665789, 'k2': 0.00014580594532481538, 'D_high': 78103.97069255394, 'fire_exp': 0.5265889762002222, 'P_half': 0.5692466933491238, 'pre_dampen_half': 6.423772108310033, 'gpp_af': 0.00305961963465027, 'gpp_b': 0.00015489722880779823, 'gpp_d': 168.96515804138576, 'ign_k': 1.0590609699137898, 'ign_c': 0.5409647208005331, 'P_wet_supp': 9235.624466823267, 'P_wet_pow': 3.6573420787659123, 'P_half2': 5.018254611233966, 'P_floor_pow': 1.2552296401591894}. Best is trial 57 with value: 0.5851463522670068.
[I 2026-05-22 17:34:02,036] Trial 209 finished with value: 0.48341849037596185 and parameters: {'k1': 0.011350041598497458, 'D_low': 10.152542967490676, 'k2': 0.00044101184801390795, 'D_high': 5939.1568012492735, 'fire_exp': 0.5364252859681451, 'P_half': 7.610346398998287, 'pre_dampen_half': 3.8835550967519463, 'gpp_af': 0.0022316266345971617, 'gpp_b': 0.0010605623893308956, 'gpp_d': 0.5270085178048944, 'ign_k': 6.466561746323877, 'ign_c': 7.723949920345029, 'P_wet_supp': 227.22017743160683, 'P_wet_pow': 1.0800786307339747, 'P_half2': 79.61252434395594, 'P_floor_pow': 3.055688581278516}. Best is trial 57 with value: 0.5851463522670068.
[I 2026-05-22 17:34:02,580] Trial 210 finished with value: 0.5526685335519 and parameters: {'k1': 0.042914396679307285, 'D_low': 90.86537563258354, 'k2': 9.2898874572756e-05, 'D_high': 31624.330996503402, 'fire_exp': 0.6225046235443787, 'P_half': 331.2370408932422, 'pre_dampen_half': 22.391295280500163, 'gpp_af': 0.001753993219055994, 'gpp_b': 0.000144343067066755, 'gpp_d': 0.15357727910388302, 'ign_k': 0.806461104523081, 'ign_c': 3.7158489670657557, 'P_wet_supp': 1686.8641785467414, 'P_wet_pow': 1.622183454968646, 'P_half2': 1.4003563485153097, 'P_floor_pow': 2.745418119847938}. Best is trial 57 with value: 0.5851463522670068.
[I 2026-05-22 17:34:03,131] Trial 211 finished with value: 0.5449469762032879 and parameters: {'k1': 2.1952392567106215e-05, 'D_low': 10.852622371082315, 'k2': 0.001069436404159315, 'D_high': 14608.171977687536, 'fire_exp': 0.648479276827997, 'P_half': 18.115563124778177, 'pre_dampen_half': 0.24494994153197552, 'gpp_af': 28.508735231647993, 'gpp_b': 0.004112141799772276, 'gpp_d': 114.8825630126709, 'ign_k': 0.42483748835169055, 'ign_c': 17.06764475288919, 'P_wet_supp': 7995.390090501432, 'P_wet_pow': 4.595351919333753, 'P_half2': 6.804052771509936, 'P_floor_pow': 0.41500986278402774}. Best is trial 57 with value: 0.5851463522670068.
[I 2026-05-22 17:34:03,682] Trial 212 finished with value: 0.5557653429400351 and parameters: {'k1': 1.122113711628898e-05, 'D_low': 11.633589731737661, 'k2': 0.0017855853648780736, 'D_high': 21868.94975876503, 'fire_exp': 0.9397432610504893, 'P_half': 228.201518620394, 'pre_dampen_half': 45.130095836750236, 'gpp_af': 28.85703326017892, 'gpp_b': 7.693526078298617e-06, 'gpp_d': 25.73245541475316, 'ign_k': 3.5625372813601786, 'ign_c': 5.079393956611863, 'P_wet_supp': 4784.887912987139, 'P_wet_pow': 4.226966136113171, 'P_half2': 3.544022818766631, 'P_floor_pow': 0.12130744051752157}. Best is trial 57 with value: 0.5851463522670068.
[I 2026-05-22 17:34:04,232] Trial 213 finished with value: 0.5374405592796666 and parameters: {'k1': 0.0004651625151158542, 'D_low': 4.267177124843848, 'k2': 0.0001687808095945057, 'D_high': 10636.58772507478, 'fire_exp': 0.7015421077726811, 'P_half': 1.151045173199676, 'pre_dampen_half': 32.533214969528174, 'gpp_af': 0.013001377784835066, 'gpp_b': 4.237323157976769e-06, 'gpp_d': 0.1510880475026508, 'ign_k': 0.220232216192974, 'ign_c': 0.9134323077708953, 'P_wet_supp': 2189.881090230888, 'P_wet_pow': 0.8502357151470323, 'P_half2': 32.463855466358595, 'P_floor_pow': 0.6086068401388788}. Best is trial 57 with value: 0.5851463522670068.
[I 2026-05-22 17:34:04,782] Trial 214 finished with value: 0.5284435238388285 and parameters: {'k1': 0.0030862902701889647, 'D_low': 1.9919658264080975, 'k2': 5.042218003906757e-05, 'D_high': 55618.68205446995, 'fire_exp': 0.6083108509571055, 'P_half': 0.3669157244321023, 'pre_dampen_half': 41.368035287657655, 'gpp_af': 0.0011088976582007966, 'gpp_b': 3.4685123525943345e-06, 'gpp_d': 0.020980409866268892, 'ign_k': 0.010829966941820644, 'ign_c': 1.2088428681231007, 'P_wet_supp': 2865.855731166313, 'P_wet_pow': 2.657836693645481, 'P_half2': 20.276615772221938, 'P_floor_pow': 0.9238440176604863}. Best is trial 57 with value: 0.5851463522670068.
[I 2026-05-22 17:34:05,323] Trial 215 finished with value: 0.48296020028053266 and parameters: {'k1': 0.009575467424682195, 'D_low': 2.294252455123647, 'k2': 7.279709808254531e-05, 'D_high': 1971.4658162583573, 'fire_exp': 1.4677536687302297, 'P_half': 103.9802141943962, 'pre_dampen_half': 0.39206044150436486, 'gpp_af': 0.911123097665164, 'gpp_b': 0.0010264524091255168, 'gpp_d': 7.6319479611260785, 'ign_k': 1.5092158181954685, 'ign_c': 0.1379705917983739, 'P_wet_supp': 6980.020210984255, 'P_wet_pow': 3.165415933379246, 'P_half2': 0.9948957598986679, 'P_floor_pow': 1.9705957733341828}. Best is trial 57 with value: 0.5851463522670068.
[I 2026-05-22 17:34:05,867] Trial 216 finished with value: 0.5809660400130819 and parameters: {'k1': 0.007461687381163361, 'D_low': 9.327162908385537, 'k2': 0.0045635869933377555, 'D_high': 25004.361629737283, 'fire_exp': 0.3594596041777246, 'P_half': 0.12917218399723182, 'pre_dampen_half': 0.17723662121422393, 'gpp_af': 4.436158815170941, 'gpp_b': 4.372921850363164e-06, 'gpp_d': 993.3631246055268, 'ign_k': 1.7274802299563554, 'ign_c': 12.308252949588107, 'P_wet_supp': 4072.5273017298473, 'P_wet_pow': 3.4852131988208104, 'P_half2': 1.9872129735829598, 'P_floor_pow': 1.6879730414613965}. Best is trial 57 with value: 0.5851463522670068.
[I 2026-05-22 17:34:06,413] Trial 217 finished with value: 0.5531958910423596 and parameters: {'k1': 0.05188924816313605, 'D_low': 83.05638527202534, 'k2': 0.00014065538673480905, 'D_high': 78282.94213178844, 'fire_exp': 0.408669024380154, 'P_half': 0.967231314002137, 'pre_dampen_half': 0.03376055544972444, 'gpp_af': 0.0017413246785506684, 'gpp_b': 3.323731721601845e-05, 'gpp_d': 12.591684193407689, 'ign_k': 0.13484778088088148, 'ign_c': 5.339800633697213, 'P_wet_supp': 4520.397609120251, 'P_wet_pow': 2.0532884778798977, 'P_half2': 1.3050345650319695, 'P_floor_pow': 2.0210434990320008}. Best is trial 57 with value: 0.5851463522670068.
[I 2026-05-22 17:34:06,962] Trial 218 finished with value: 0.4439768135346084 and parameters: {'k1': 0.07823300459118554, 'D_low': 7.4388219653818695, 'k2': 0.00023050519556654125, 'D_high': 93892.36651305831, 'fire_exp': 0.42029332100739764, 'P_half': 130.90377636828615, 'pre_dampen_half': 27.27168911149266, 'gpp_af': 0.010009401785577065, 'gpp_b': 0.035601047008879956, 'gpp_d': 0.3167855207567222, 'ign_k': 0.15076448154313948, 'ign_c': 114.68525594607655, 'P_wet_supp': 1882.1822246370964, 'P_wet_pow': 3.128058020960961, 'P_half2': 18.057572876302633, 'P_floor_pow': 0.8266045594431692}. Best is trial 57 with value: 0.5851463522670068.
[I 2026-05-22 17:34:07,502] Trial 219 finished with value: 0.5479817393696544 and parameters: {'k1': 0.02952869098971811, 'D_low': 3.5659761425674183, 'k2': 0.0005837002163750528, 'D_high': 28234.90953962288, 'fire_exp': 0.36937904876564653, 'P_half': 262.98470497637953, 'pre_dampen_half': 5.860215968505665, 'gpp_af': 0.0014368497792309454, 'gpp_b': 0.0004978806991163675, 'gpp_d': 1.773877436493636, 'ign_k': 0.8145250742086293, 'ign_c': 4.464082121979341, 'P_wet_supp': 3084.7297109815895, 'P_wet_pow': 2.328734714549301, 'P_half2': 13.525143153176822, 'P_floor_pow': 2.5296925344416157}. Best is trial 57 with value: 0.5851463522670068.
[I 2026-05-22 17:34:08,046] Trial 220 finished with value: 0.4816739336987717 and parameters: {'k1': 0.0056742267738623614, 'D_low': 3.1234575519370216, 'k2': 0.031651579961152226, 'D_high': 30642.45692840035, 'fire_exp': 0.8476516698404636, 'P_half': 127.36443598792603, 'pre_dampen_half': 0.03342875788348835, 'gpp_af': 0.011301330020139971, 'gpp_b': 0.00028854318760279717, 'gpp_d': 0.011954520688675313, 'ign_k': 1.0802614702354838, 'ign_c': 6.190872651627533, 'P_wet_supp': 1781.865026133429, 'P_wet_pow': 3.9871362815848705, 'P_half2': 334.6402597241815, 'P_floor_pow': 0.886800508081858}. Best is trial 57 with value: 0.5851463522670068.
[I 2026-05-22 17:34:08,594] Trial 221 finished with value: 0.5640739244877713 and parameters: {'k1': 3.899654102713449e-05, 'D_low': 1.92819465381313, 'k2': 0.0003469088898716225, 'D_high': 6466.98030007716, 'fire_exp': 0.4120637842932556, 'P_half': 3.6626351855482238, 'pre_dampen_half': 0.28014224464608056, 'gpp_af': 1.7512776822495475, 'gpp_b': 2.296107612447306e-06, 'gpp_d': 153.44530215551868, 'ign_k': 5.226043688144281, 'ign_c': 2.340132078215194, 'P_wet_supp': 7929.180488055996, 'P_wet_pow': 4.15272051306415, 'P_half2': 0.1914907312741952, 'P_floor_pow': 0.5564141660078361}. Best is trial 57 with value: 0.5851463522670068.
[I 2026-05-22 17:34:09,135] Trial 222 finished with value: 0.5695498529514079 and parameters: {'k1': 0.005852936349943024, 'D_low': 3.657513682352701, 'k2': 0.020781289491843467, 'D_high': 4183.822197219199, 'fire_exp': 0.4751113542067574, 'P_half': 0.7625678469356962, 'pre_dampen_half': 0.0897935046836753, 'gpp_af': 11.658905106043301, 'gpp_b': 2.6790712144839876e-05, 'gpp_d': 406.59628172608467, 'ign_k': 5.724036760603399, 'ign_c': 12.305513216392688, 'P_wet_supp': 3372.641992104693, 'P_wet_pow': 4.005612536412739, 'P_half2': 0.4718305137365559, 'P_floor_pow': 2.3893491106896714}. Best is trial 57 with value: 0.5851463522670068.
[I 2026-05-22 17:34:09,681] Trial 223 finished with value: 0.5347823573491872 and parameters: {'k1': 2.132827533015945e-05, 'D_low': 2.41645052650774, 'k2': 0.0008602217961535667, 'D_high': 2074.117781506203, 'fire_exp': 0.44262843353834996, 'P_half': 10.343804190025008, 'pre_dampen_half': 0.838322171207311, 'gpp_af': 22.67409058780484, 'gpp_b': 1.341907312953885e-05, 'gpp_d': 151.011778240229, 'ign_k': 0.018972833066580253, 'ign_c': 1.8499020812171965, 'P_wet_supp': 5735.7302948609295, 'P_wet_pow': 3.056963589134071, 'P_half2': 1.588593148653728, 'P_floor_pow': 0.5729693828005687}. Best is trial 57 with value: 0.5851463522670068.
[I 2026-05-22 17:34:10,245] Trial 224 finished with value: 0.3994490055432051 and parameters: {'k1': 0.006528656808582689, 'D_low': 11.74286576870313, 'k2': 0.03612475057011121, 'D_high': 6330.245585299589, 'fire_exp': 0.5289084851710717, 'P_half': 0.2367863889459029, 'pre_dampen_half': 0.2891201274075034, 'gpp_af': 16.492245966332444, 'gpp_b': 0.0009001280325067044, 'gpp_d': 611.6059811473797, 'ign_k': 1.922102728405308, 'ign_c': 177.06680761351018, 'P_wet_supp': 1754.282433264049, 'P_wet_pow': 4.93547998677272, 'P_half2': 1.5822143675288984, 'P_floor_pow': 2.740629344788167}. Best is trial 57 with value: 0.5851463522670068.
[I 2026-05-22 17:34:10,795] Trial 225 finished with value: 0.5467475431851185 and parameters: {'k1': 1.9073850399194848e-05, 'D_low': 1.6920165739546527, 'k2': 0.0008302466117543024, 'D_high': 53860.437163418836, 'fire_exp': 0.391812903923267, 'P_half': 45.34520058191524, 'pre_dampen_half': 0.2770817101758015, 'gpp_af': 0.41781804093089336, 'gpp_b': 4.3166624266731414e-05, 'gpp_d': 22.416167166561383, 'ign_k': 4.179454612100042, 'ign_c': 0.6381791336761246, 'P_wet_supp': 1115.0782427505735, 'P_wet_pow': 4.346612211356713, 'P_half2': 0.9261085796148619, 'P_floor_pow': 1.0408884795556608}. Best is trial 57 with value: 0.5851463522670068.
[I 2026-05-22 17:34:11,347] Trial 226 finished with value: 0.5631551495242407 and parameters: {'k1': 0.0003961446439846963, 'D_low': 10.86973956685236, 'k2': 0.00027480156967334504, 'D_high': 3659.505291240995, 'fire_exp': 0.467207977202549, 'P_half': 1.283396219625356, 'pre_dampen_half': 0.52410986930516, 'gpp_af': 0.8204791596200578, 'gpp_b': 3.457896653622641e-05, 'gpp_d': 302.74798588794636, 'ign_k': 7.676912683913089, 'ign_c': 4.574271889681385, 'P_wet_supp': 8636.394105393058, 'P_wet_pow': 3.426758049967112, 'P_half2': 0.6553868798419394, 'P_floor_pow': 1.3015430604761407}. Best is trial 57 with value: 0.5851463522670068.
[I 2026-05-22 17:34:11,899] Trial 227 finished with value: 0.5379035858738257 and parameters: {'k1': 0.0007789705277808333, 'D_low': 2.0534661592149805, 'k2': 0.007698861138371968, 'D_high': 4999.48167926592, 'fire_exp': 0.6828642470897562, 'P_half': 0.8880719952456263, 'pre_dampen_half': 52.5890209079155, 'gpp_af': 28.560927846727434, 'gpp_b': 0.019888049461201335, 'gpp_d': 40.37336902491826, 'ign_k': 8.970054609106246, 'ign_c': 18.585265434669125, 'P_wet_supp': 2500.774767520678, 'P_wet_pow': 2.3087133536827933, 'P_half2': 5202.836263211144, 'P_floor_pow': 0.5112968423440881}. Best is trial 57 with value: 0.5851463522670068.
[I 2026-05-22 17:34:12,450] Trial 228 finished with value: 0.5106115739757968 and parameters: {'k1': 0.0020994455760734204, 'D_low': 2.0400469849201106, 'k2': 0.00022918120460225507, 'D_high': 1893.2218292688958, 'fire_exp': 0.6131361984397294, 'P_half': 121.57806157971265, 'pre_dampen_half': 0.04107517561442743, 'gpp_af': 21.32449726390422, 'gpp_b': 5.325705491060822e-06, 'gpp_d': 197.59052772266017, 'ign_k': 5.252945410737452, 'ign_c': 0.7562450749889263, 'P_wet_supp': 2038.3165508401105, 'P_wet_pow': 4.138697408007906, 'P_half2': 0.14873616387982708, 'P_floor_pow': 0.7966633741456065}. Best is trial 57 with value: 0.5851463522670068.
[I 2026-05-22 17:34:13,001] Trial 229 finished with value: 0.5702450216837224 and parameters: {'k1': 0.0002054525210141153, 'D_low': 2.0640987604404906, 'k2': 0.00011917568612780084, 'D_high': 47705.624764887405, 'fire_exp': 0.5716586587374077, 'P_half': 0.6190132827694976, 'pre_dampen_half': 1.073622038292044, 'gpp_af': 0.5728725375652026, 'gpp_b': 0.00017292038311892527, 'gpp_d': 96.2190709364369, 'ign_k': 4.959059693092334, 'ign_c': 5.186273588576698, 'P_wet_supp': 8994.37783687621, 'P_wet_pow': 2.5431494397195102, 'P_half2': 0.44143776347619235, 'P_floor_pow': 1.35697305152885}. Best is trial 57 with value: 0.5851463522670068.
[I 2026-05-22 17:34:13,552] Trial 230 finished with value: 0.543949407030011 and parameters: {'k1': 1.1171847797486355e-05, 'D_low': 2.3742478909895453, 'k2': 7.274321294515893e-05, 'D_high': 24887.194507883465, 'fire_exp': 0.4597695538861964, 'P_half': 1.3520999188890679, 'pre_dampen_half': 3.909127943705946, 'gpp_af': 1.5676523682799715, 'gpp_b': 0.00017013956101021753, 'gpp_d': 4.381738819808396, 'ign_k': 6.7551935476535325, 'ign_c': 3.0850749527859933, 'P_wet_supp': 1090.2331749649318, 'P_wet_pow': 2.4786354806653863, 'P_half2': 0.19077486129908847, 'P_floor_pow': 2.495366946802987}. Best is trial 57 with value: 0.5851463522670068.
[I 2026-05-22 17:34:14,101] Trial 231 finished with value: 0.5705911947327696 and parameters: {'k1': 0.03578662803269737, 'D_low': 1.6949827668355346, 'k2': 0.0008638759451310103, 'D_high': 52994.38224297356, 'fire_exp': 0.6103133736712857, 'P_half': 124.07289921990126, 'pre_dampen_half': 1.0795020511134115, 'gpp_af': 0.002909191385765931, 'gpp_b': 1.4635794584249464e-05, 'gpp_d': 0.016492343323748087, 'ign_k': 0.09781069605409995, 'ign_c': 3.8566360234559767, 'P_wet_supp': 8440.961334600559, 'P_wet_pow': 2.6260571400261288, 'P_half2': 3.7685165758926757, 'P_floor_pow': 2.141919892321634}. Best is trial 57 with value: 0.5851463522670068.
[I 2026-05-22 17:34:14,649] Trial 232 finished with value: 0.5359514844116245 and parameters: {'k1': 0.0002644235417469442, 'D_low': 1.9161515182207634, 'k2': 5.9340926012500544e-05, 'D_high': 670.5543203159671, 'fire_exp': 0.5078571778489825, 'P_half': 0.8785481010791923, 'pre_dampen_half': 0.34680084800021926, 'gpp_af': 0.041048336959049254, 'gpp_b': 0.0009319467028195107, 'gpp_d': 242.612386041254, 'ign_k': 6.435668180365061, 'ign_c': 2.734802634075175, 'P_wet_supp': 5015.465730641784, 'P_wet_pow': 1.8587173983789964, 'P_half2': 0.7790697643208796, 'P_floor_pow': 2.6661454862029936}. Best is trial 57 with value: 0.5851463522670068.
[I 2026-05-22 17:34:15,202] Trial 233 finished with value: 0.5228335248886823 and parameters: {'k1': 0.0005541357046084372, 'D_low': 2.133075646227153, 'k2': 8.721450589682534e-05, 'D_high': 8325.662925098102, 'fire_exp': 0.7087240370295491, 'P_half': 0.9742178987575912, 'pre_dampen_half': 0.06734753989990414, 'gpp_af': 0.8730680065956544, 'gpp_b': 2.440689675207928e-05, 'gpp_d': 948.7163726062777, 'ign_k': 2.198480157945528, 'ign_c': 7.647037798559288, 'P_wet_supp': 4764.133330572916, 'P_wet_pow': 2.7185393607299475, 'P_half2': 1.15179427577102, 'P_floor_pow': 0.8866750052424808}. Best is trial 57 with value: 0.5851463522670068.
[I 2026-05-22 17:34:15,754] Trial 234 finished with value: 0.4993624288191927 and parameters: {'k1': 0.0023140932095036216, 'D_low': 1.0408241157788067, 'k2': 0.034356068868719204, 'D_high': 2537.421017734448, 'fire_exp': 0.7259454269414354, 'P_half': 0.28052352476227466, 'pre_dampen_half': 0.012343307366453287, 'gpp_af': 4.414028779004141, 'gpp_b': 0.00014460645210158233, 'gpp_d': 67.35585990781954, 'ign_k': 5.854674351919803, 'ign_c': 0.931920764337764, 'P_wet_supp': 3472.1129544000087, 'P_wet_pow': 3.0768635255082155, 'P_half2': 11.07350605929813, 'P_floor_pow': 2.522722924832991}. Best is trial 57 with value: 0.5851463522670068.
[I 2026-05-22 17:34:16,306] Trial 235 finished with value: 0.5187099989349917 and parameters: {'k1': 0.005882559292414992, 'D_low': 235.4742210308418, 'k2': 0.013203910649398066, 'D_high': 34816.706421362156, 'fire_exp': 1.5399716332740787, 'P_half': 0.17850534053314276, 'pre_dampen_half': 0.08979089947709028, 'gpp_af': 24.544265859136985, 'gpp_b': 6.978719616671961e-06, 'gpp_d': 75.55050482510694, 'ign_k': 3.7966968712093463, 'ign_c': 7.575384762382011, 'P_wet_supp': 1242.3396743338615, 'P_wet_pow': 3.936126602295454, 'P_half2': 3.134995523638441, 'P_floor_pow': 0.8618698634992289}. Best is trial 57 with value: 0.5851463522670068.
[I 2026-05-22 17:34:16,858] Trial 236 finished with value: 0.4729503686798175 and parameters: {'k1': 0.09381120892844445, 'D_low': 11.59007519319344, 'k2': 5.561850680370836e-05, 'D_high': 122.50418656647308, 'fire_exp': 0.7153211187778243, 'P_half': 8994.431741358767, 'pre_dampen_half': 1.7502400029806988, 'gpp_af': 14.875947674283372, 'gpp_b': 7.5460429275094825e-06, 'gpp_d': 50.23976529609541, 'ign_k': 2.3476479910140293, 'ign_c': 2.4514642397425317, 'P_wet_supp': 3724.5508353105724, 'P_wet_pow': 4.397811299119454, 'P_half2': 469.11535047108515, 'P_floor_pow': 2.1446801417461607}. Best is trial 57 with value: 0.5851463522670068.
