[I 2026-05-22 17:53:32,059] Trial 655 finished with value: 0.6083457591837299 and parameters: {'P_amp': 0.8923486405041368, 'P_wet': 2370.832605378359, 'P_pow': 5.960964321611457, 'rate_power': 1.2145960781760081}. Best is trial 655 with value: 0.6083457591837299.
[I 2026-05-22 17:53:32,357] Trial 656 finished with value: 0.6060440013450118 and parameters: {'P_amp': 0.8890688805276828, 'P_wet': 2797.2293581975564, 'P_pow': 3.2323826579941626, 'rate_power': 1.286025590700801}. Best is trial 655 with value: 0.6083457591837299.
[I 2026-05-22 17:53:32,654] Trial 657 finished with value: 0.6060146943483375 and parameters: {'P_amp': 0.7776666773233745, 'P_wet': 1831.0066366677358, 'P_pow': 5.776810034209328, 'rate_power': 1.2945851697266886}. Best is trial 655 with value: 0.6083457591837299.
[I 2026-05-22 17:53:32,948] Trial 658 finished with value: 0.593269174176569 and parameters: {'P_amp': 0.5020438524962079, 'P_wet': 1454.3430641970401, 'P_pow': 2.6927874310029973, 'rate_power': 0.8158877016936591}. Best is trial 655 with value: 0.6083457591837299.
[I 2026-05-22 17:53:33,241] Trial 659 finished with value: 0.6082000117605963 and parameters: {'P_amp': 0.7398732390943266, 'P_wet': 2282.911498890178, 'P_pow': 5.996003747903425, 'rate_power': 1.2152875634331954}. Best is trial 655 with value: 0.6083457591837299.
[I 2026-05-22 17:53:33,534] Trial 660 finished with value: 0.6076104653443308 and parameters: {'P_amp': 0.7340361455899027, 'P_wet': 3503.9208208025043, 'P_pow': 5.932540080270589, 'rate_power': 1.214182407613569}. Best is trial 655 with value: 0.6083457591837299.
[I 2026-05-22 17:53:33,825] Trial 661 finished with value: 0.604775150456292 and parameters: {'P_amp': 0.7390493404886848, 'P_wet': 1607.900607196148, 'P_pow': 5.980751196472476, 'rate_power': 1.1993181150071437}. Best is trial 655 with value: 0.6083457591837299.
[I 2026-05-22 17:53:34,115] Trial 662 finished with value: 0.6006634591319905 and parameters: {'P_amp': 0.8987178802573601, 'P_wet': 1497.4030413609637, 'P_pow': 5.731106839497691, 'rate_power': 1.2095754417755091}. Best is trial 655 with value: 0.6083457591837299.
[I 2026-05-22 17:53:34,405] Trial 663 finished with value: 0.6072489362734801 and parameters: {'P_amp': 0.7208803870487581, 'P_wet': 2069.7351834300557, 'P_pow': 5.06346563348653, 'rate_power': 1.2244954919953601}. Best is trial 655 with value: 0.6083457591837299.
[I 2026-05-22 17:53:34,695] Trial 664 finished with value: 0.6030384532338644 and parameters: {'P_amp': 0.0984902484328471, 'P_wet': 483.1801518431188, 'P_pow': 1.4949227207252784, 'rate_power': 1.0007489302633548}. Best is trial 655 with value: 0.6083457591837299.
[I 2026-05-22 17:53:34,985] Trial 665 finished with value: 0.606277074320151 and parameters: {'P_amp': 0.8866592576875949, 'P_wet': 2405.3060870070753, 'P_pow': 5.260455892789061, 'rate_power': 1.0628000036092349}. Best is trial 655 with value: 0.6083457591837299.
[I 2026-05-22 17:53:35,275] Trial 666 finished with value: 0.6076956862126195 and parameters: {'P_amp': 0.8895998276195984, 'P_wet': 2415.6099438930346, 'P_pow': 5.97559194501423, 'rate_power': 1.135914776006828}. Best is trial 655 with value: 0.6083457591837299.
[I 2026-05-22 17:53:35,565] Trial 667 finished with value: 0.6071270772074485 and parameters: {'P_amp': 0.8828611974618156, 'P_wet': 3889.364816718472, 'P_pow': 5.0458672675654235, 'rate_power': 1.1685218679618676}. Best is trial 655 with value: 0.6083457591837299.
[I 2026-05-22 17:53:35,856] Trial 668 finished with value: 0.6024306663971868 and parameters: {'P_amp': 0.882616125050766, 'P_wet': 1580.519532694528, 'P_pow': 5.201150715124547, 'rate_power': 1.1874406865417162}. Best is trial 655 with value: 0.6083457591837299.
[I 2026-05-22 17:53:36,145] Trial 669 finished with value: 0.6032019486257426 and parameters: {'P_amp': 0.8590501696827351, 'P_wet': 3057.908503513859, 'P_pow': 1.7468714451309775, 'rate_power': 1.171237802834637}. Best is trial 655 with value: 0.6083457591837299.
[I 2026-05-22 17:53:36,435] Trial 670 finished with value: 0.6078085756862697 and parameters: {'P_amp': 0.899475127790747, 'P_wet': 2478.556367624196, 'P_pow': 4.945557122114268, 'rate_power': 1.2479948122477609}. Best is trial 655 with value: 0.6083457591837299.
[I 2026-05-22 17:53:36,724] Trial 671 finished with value: 0.607806520625474 and parameters: {'P_amp': 0.8779390520777004, 'P_wet': 2580.4662029688866, 'P_pow': 4.995911392062413, 'rate_power': 1.193691506571543}. Best is trial 655 with value: 0.6083457591837299.
[I 2026-05-22 17:53:37,012] Trial 672 finished with value: 0.6079397081148533 and parameters: {'P_amp': 0.8020637924235074, 'P_wet': 2248.374184923663, 'P_pow': 5.9808160282433125, 'rate_power': 1.2987465628911674}. Best is trial 655 with value: 0.6083457591837299.
[I 2026-05-22 17:53:37,302] Trial 673 finished with value: 0.6072191714375798 and parameters: {'P_amp': 0.7587169782237472, 'P_wet': 2020.849334500519, 'P_pow': 5.366598123759606, 'rate_power': 1.1564563012081566}. Best is trial 655 with value: 0.6083457591837299.
[I 2026-05-22 17:53:37,594] Trial 674 finished with value: 0.6076766345414647 and parameters: {'P_amp': 0.8937413409547301, 'P_wet': 2034.8870340746657, 'P_pow': 5.860615406093904, 'rate_power': 1.2455259926753752}. Best is trial 655 with value: 0.6083457591837299.
[I 2026-05-22 17:53:37,887] Trial 675 finished with value: 0.6072348385122149 and parameters: {'P_amp': 0.8977346977425604, 'P_wet': 3699.7791105201923, 'P_pow': 5.078553804718927, 'rate_power': 1.172944144799088}. Best is trial 655 with value: 0.6083457591837299.
[I 2026-05-22 17:53:38,180] Trial 676 finished with value: 0.6026101437221602 and parameters: {'P_amp': 0.8580425723809946, 'P_wet': 1594.1595085351807, 'P_pow': 5.987568984385536, 'rate_power': 1.2810167295054231}. Best is trial 655 with value: 0.6083457591837299.
[I 2026-05-22 17:53:38,471] Trial 677 finished with value: 0.5791327033422536 and parameters: {'P_amp': 0.7778961337174726, 'P_wet': 1010.6253913098002, 'P_pow': 5.969189854984569, 'rate_power': 1.1625979758654323}. Best is trial 655 with value: 0.6083457591837299.
[I 2026-05-22 17:53:38,761] Trial 678 finished with value: 0.6080469672842335 and parameters: {'P_amp': 0.8985474730013193, 'P_wet': 2342.6640365926805, 'P_pow': 5.673066190829085, 'rate_power': 1.1777338546400518}. Best is trial 655 with value: 0.6083457591837299.
[I 2026-05-22 17:53:39,054] Trial 679 finished with value: 0.5801487671713582 and parameters: {'P_amp': 0.027881053669532196, 'P_wet': 1909.4977458999008, 'P_pow': 3.3762783896364135, 'rate_power': 0.7168367408248968}. Best is trial 655 with value: 0.6083457591837299.
[I 2026-05-22 17:53:39,345] Trial 680 finished with value: 0.6016912177115579 and parameters: {'P_amp': 0.8796217671830302, 'P_wet': 1501.4117827726398, 'P_pow': 5.994446144601967, 'rate_power': 1.1897649125302556}. Best is trial 655 with value: 0.6083457591837299.
[I 2026-05-22 17:53:39,634] Trial 681 finished with value: 0.6075547580405751 and parameters: {'P_amp': 0.7501210796995968, 'P_wet': 3728.6999525387064, 'P_pow': 5.9727403412356175, 'rate_power': 1.217370428064564}. Best is trial 655 with value: 0.6083457591837299.
[I 2026-05-22 17:53:39,924] Trial 682 finished with value: 0.6079520251924446 and parameters: {'P_amp': 0.7769644596399113, 'P_wet': 3027.7429614547514, 'P_pow': 5.983257326374697, 'rate_power': 1.2565644894652046}. Best is trial 655 with value: 0.6083457591837299.
[I 2026-05-22 17:53:40,215] Trial 683 finished with value: 0.59455460201496 and parameters: {'P_amp': 0.15856992015739496, 'P_wet': 2575.478594019972, 'P_pow': 5.30542166430741, 'rate_power': 0.859919649215954}. Best is trial 655 with value: 0.6083457591837299.
[I 2026-05-22 17:53:40,505] Trial 684 finished with value: 0.6080836506916995 and parameters: {'P_amp': 0.8941763135155752, 'P_wet': 2933.3732064264464, 'P_pow': 5.926849410646843, 'rate_power': 1.2725102785651807}. Best is trial 655 with value: 0.6083457591837299.
[I 2026-05-22 17:53:40,804] Trial 685 finished with value: 0.6073121067575619 and parameters: {'P_amp': 0.8553001737638543, 'P_wet': 3091.398736375179, 'P_pow': 5.986303079671227, 'rate_power': 1.157486693629223}. Best is trial 655 with value: 0.6083457591837299.
[I 2026-05-22 17:53:41,097] Trial 686 finished with value: 0.6072330858025072 and parameters: {'P_amp': 0.7258867210093563, 'P_wet': 2035.2841537442093, 'P_pow': 5.098089260445788, 'rate_power': 1.2166436398736915}. Best is trial 655 with value: 0.6083457591837299.
[I 2026-05-22 17:53:41,388] Trial 687 finished with value: 0.6074704459067227 and parameters: {'P_amp': 0.7322418586859725, 'P_wet': 2100.892587526871, 'P_pow': 5.303838476382436, 'rate_power': 1.248614103286309}. Best is trial 655 with value: 0.6083457591837299.
[I 2026-05-22 17:53:41,678] Trial 688 finished with value: 0.6073417752950258 and parameters: {'P_amp': 0.7329042154977328, 'P_wet': 1889.3088969318221, 'P_pow': 5.994305930298815, 'rate_power': 1.19397910744606}. Best is trial 655 with value: 0.6083457591837299.
[I 2026-05-22 17:53:41,969] Trial 689 finished with value: 0.6078277334231772 and parameters: {'P_amp': 0.8873385275980703, 'P_wet': 2585.8686278126793, 'P_pow': 5.180385763299789, 'rate_power': 1.292560579147298}. Best is trial 655 with value: 0.6083457591837299.
[I 2026-05-22 17:53:42,260] Trial 690 finished with value: 0.6080016616997826 and parameters: {'P_amp': 0.7614867458497664, 'P_wet': 2775.978488546047, 'P_pow': 5.321080927988907, 'rate_power': 1.242251692256277}. Best is trial 655 with value: 0.6083457591837299.
[I 2026-05-22 17:53:42,550] Trial 691 finished with value: 0.6061486442542836 and parameters: {'P_amp': 0.7378224792223294, 'P_wet': 3781.7541658243426, 'P_pow': 5.918429011164046, 'rate_power': 1.109370871304316}. Best is trial 655 with value: 0.6083457591837299.
[I 2026-05-22 17:53:42,845] Trial 692 finished with value: 0.5843258628480256 and parameters: {'P_amp': 0.553902871380916, 'P_wet': 942.1014199083405, 'P_pow': 4.170084355187207, 'rate_power': 0.7105471260714719}. Best is trial 655 with value: 0.6083457591837299.
[I 2026-05-22 17:53:43,136] Trial 693 finished with value: 0.6077992279648191 and parameters: {'P_amp': 0.8993838782542815, 'P_wet': 2008.4557466388053, 'P_pow': 5.979320796167327, 'rate_power': 1.18774200216228}. Best is trial 655 with value: 0.6083457591837299.
[I 2026-05-22 17:53:43,427] Trial 694 finished with value: 0.6080899750929316 and parameters: {'P_amp': 0.8834656656369307, 'P_wet': 2175.895996249856, 'P_pow': 5.903449472832002, 'rate_power': 1.1813399986156436}. Best is trial 655 with value: 0.6083457591837299.
[I 2026-05-22 17:53:43,725] Trial 695 finished with value: 0.607633310583105 and parameters: {'P_amp': 0.7795835767557118, 'P_wet': 2860.409137057828, 'P_pow': 4.841372182141021, 'rate_power': 1.1919070795742979}. Best is trial 655 with value: 0.6083457591837299.
[I 2026-05-22 17:53:44,022] Trial 696 finished with value: 0.6078285834923034 and parameters: {'P_amp': 0.8399099043233204, 'P_wet': 2043.7460704841988, 'P_pow': 5.988511596225079, 'rate_power': 1.2426315199496998}. Best is trial 655 with value: 0.6083457591837299.
[I 2026-05-22 17:53:44,319] Trial 697 finished with value: 0.6040702163884184 and parameters: {'P_amp': 0.892881322151524, 'P_wet': 1715.0299531235144, 'P_pow': 5.247076707221203, 'rate_power': 1.2476266366035647}. Best is trial 655 with value: 0.6083457591837299.
[I 2026-05-22 17:53:44,613] Trial 698 finished with value: 0.6042398687775171 and parameters: {'P_amp': 0.7713982325877314, 'P_wet': 1637.1639297644047, 'P_pow': 5.151935977175654, 'rate_power': 1.1371357348135938}. Best is trial 655 with value: 0.6083457591837299.
[I 2026-05-22 17:53:44,904] Trial 699 finished with value: 0.6074520718460992 and parameters: {'P_amp': 0.8940808290372956, 'P_wet': 3758.4779216191873, 'P_pow': 5.77237062554688, 'rate_power': 1.204048879263113}. Best is trial 655 with value: 0.6083457591837299.
[I 2026-05-22 17:53:45,195] Trial 700 finished with value: 0.6075112056728382 and parameters: {'P_amp': 0.7841555025615402, 'P_wet': 2622.660534084242, 'P_pow': 5.406405324750175, 'rate_power': 1.156260586496999}. Best is trial 655 with value: 0.6083457591837299.
[I 2026-05-22 17:53:45,484] Trial 701 finished with value: 0.5797156051432489 and parameters: {'P_amp': 0.888651239236472, 'P_wet': 1104.4692005195018, 'P_pow': 5.088964741155435, 'rate_power': 1.206808227062089}. Best is trial 655 with value: 0.6083457591837299.
[I 2026-05-22 17:53:45,775] Trial 702 finished with value: 0.6080931673936115 and parameters: {'P_amp': 0.6737406035335906, 'P_wet': 2288.234827886603, 'P_pow': 5.992550930443377, 'rate_power': 1.2094281390277404}. Best is trial 655 with value: 0.6083457591837299.
[I 2026-05-22 17:53:46,065] Trial 703 finished with value: 0.6080449306213797 and parameters: {'P_amp': 0.8979516927190853, 'P_wet': 2811.4245690165417, 'P_pow': 5.315567086643727, 'rate_power': 1.2201749215197628}. Best is trial 655 with value: 0.6083457591837299.
[I 2026-05-22 17:53:46,355] Trial 704 finished with value: 0.6062106260086776 and parameters: {'P_amp': 0.7992716352146815, 'P_wet': 2611.7921714234235, 'P_pow': 5.899460278310013, 'rate_power': 1.070911482901042}. Best is trial 655 with value: 0.6083457591837299.
[I 2026-05-22 17:53:46,646] Trial 705 finished with value: 0.6077306412111888 and parameters: {'P_amp': 0.7955971460107647, 'P_wet': 3441.786572999664, 'P_pow': 5.989806906324033, 'rate_power': 1.2896198524060836}. Best is trial 655 with value: 0.6083457591837299.
[I 2026-05-22 17:53:46,936] Trial 706 finished with value: 0.6082207759217811 and parameters: {'P_amp': 0.8033157336646944, 'P_wet': 2508.5427815891308, 'P_pow': 5.999479980505351, 'rate_power': 1.2601886220257463}. Best is trial 655 with value: 0.6083457591837299.
[I 2026-05-22 17:53:47,227] Trial 707 finished with value: 0.6047905086733548 and parameters: {'P_amp': 0.4061228233900601, 'P_wet': 1588.2558197679261, 'P_pow': 5.539496128070972, 'rate_power': 1.0729222315539362}. Best is trial 655 with value: 0.6083457591837299.
[I 2026-05-22 17:53:47,517] Trial 708 finished with value: 0.5658320338001234 and parameters: {'P_amp': 0.5097346859281339, 'P_wet': 434.7116548116402, 'P_pow': 2.2113334746772693, 'rate_power': 1.2854087350713894}. Best is trial 655 with value: 0.6083457591837299.
[I 2026-05-22 17:53:47,807] Trial 709 finished with value: 0.6076910721433165 and parameters: {'P_amp': 0.7112595547372316, 'P_wet': 2132.211188817571, 'P_pow': 5.950370112190033, 'rate_power': 1.2980730644843281}. Best is trial 655 with value: 0.6083457591837299.
[I 2026-05-22 17:53:48,099] Trial 710 finished with value: 0.6076102248514338 and parameters: {'P_amp': 0.6540404912023988, 'P_wet': 3610.2975035025197, 'P_pow': 5.396841272544468, 'rate_power': 1.2895395322907421}. Best is trial 655 with value: 0.6083457591837299.
[I 2026-05-22 17:53:48,395] Trial 711 finished with value: 0.6032603943175725 and parameters: {'P_amp': 0.4118310575259092, 'P_wet': 2894.816260416304, 'P_pow': 4.62038769214589, 'rate_power': 1.0062120895271698}. Best is trial 655 with value: 0.6083457591837299.
[I 2026-05-22 17:53:48,684] Trial 712 finished with value: 0.6064019343863031 and parameters: {'P_amp': 0.8893499886644254, 'P_wet': 1803.6293507758087, 'P_pow': 5.963377822461885, 'rate_power': 1.2234999391664227}. Best is trial 655 with value: 0.6083457591837299.
[I 2026-05-22 17:53:48,984] Trial 713 finished with value: 0.6079575002261589 and parameters: {'P_amp': 0.7921237505017504, 'P_wet': 2664.0523718816116, 'P_pow': 5.951177961721686, 'rate_power': 1.1949828249578878}. Best is trial 655 with value: 0.6083457591837299.
[I 2026-05-22 17:53:49,283] Trial 714 finished with value: 0.6067424027068583 and parameters: {'P_amp': 0.889927220335262, 'P_wet': 2049.028273696848, 'P_pow': 5.024678601836585, 'rate_power': 1.1150858887151425}. Best is trial 655 with value: 0.6083457591837299.
[I 2026-05-22 17:53:49,580] Trial 715 finished with value: 0.6060472847634563 and parameters: {'P_amp': 0.7191343201643654, 'P_wet': 2330.078935952357, 'P_pow': 3.4034551948046765, 'rate_power': 1.203744670353262}. Best is trial 655 with value: 0.6083457591837299.
[I 2026-05-22 17:53:49,878] Trial 716 finished with value: 0.6029552985771273 and parameters: {'P_amp': 0.23027068221256722, 'P_wet': 764.590353530609, 'P_pow': 1.3744203129596573, 'rate_power': 1.1252225793908848}. Best is trial 655 with value: 0.6083457591837299.
[I 2026-05-22 17:53:50,186] Trial 717 finished with value: 0.6079519090817149 and parameters: {'P_amp': 0.7555838323539398, 'P_wet': 3052.9236816602092, 'P_pow': 5.918139992889364, 'rate_power': 1.2416336577820586}. Best is trial 655 with value: 0.6083457591837299.
[I 2026-05-22 17:53:50,481] Trial 718 finished with value: 0.6072166063342902 and parameters: {'P_amp': 0.8932208436302228, 'P_wet': 3294.5813916504126, 'P_pow': 5.891194274754147, 'rate_power': 1.1589360437361025}. Best is trial 655 with value: 0.6083457591837299.
[I 2026-05-22 17:53:50,777] Trial 719 finished with value: 0.6074735511757632 and parameters: {'P_amp': 0.7567183283575765, 'P_wet': 2245.4625510076858, 'P_pow': 4.773518443501342, 'rate_power': 1.199395355402825}. Best is trial 655 with value: 0.6083457591837299.
[I 2026-05-22 17:53:51,074] Trial 720 finished with value: 0.6014140791938974 and parameters: {'P_amp': 0.7038678720164477, 'P_wet': 2534.032061197842, 'P_pow': 2.1451682924436364, 'rate_power': 0.965006097591668}. Best is trial 655 with value: 0.6083457591837299.
[I 2026-05-22 17:53:51,371] Trial 721 finished with value: 0.6078025399117036 and parameters: {'P_amp': 0.7801858547285517, 'P_wet': 2229.041494066329, 'P_pow': 5.2256337447100325, 'rate_power': 1.2109994034204505}. Best is trial 655 with value: 0.6083457591837299.
[I 2026-05-22 17:53:51,662] Trial 722 finished with value: 0.5901119806673968 and parameters: {'P_amp': 0.723300397823684, 'P_wet': 1211.7512210332118, 'P_pow': 4.987788201883236, 'rate_power': 1.2809300439814304}. Best is trial 655 with value: 0.6083457591837299.
[I 2026-05-22 17:53:51,953] Trial 723 finished with value: 0.6018829299455174 and parameters: {'P_amp': 0.7176306038018269, 'P_wet': 1501.1400853555483, 'P_pow': 5.930946106061787, 'rate_power': 1.2736874215953418}. Best is trial 655 with value: 0.6083457591837299.
[I 2026-05-22 17:53:52,242] Trial 724 finished with value: 0.6077756517524417 and parameters: {'P_amp': 0.7596270222787033, 'P_wet': 2392.56594659601, 'P_pow': 5.208068255076353, 'rate_power': 1.198426295128185}. Best is trial 655 with value: 0.6083457591837299.
[I 2026-05-22 17:53:52,532] Trial 725 finished with value: 0.6054617863942738 and parameters: {'P_amp': 0.8776015574586283, 'P_wet': 1693.4894633935385, 'P_pow': 5.9913499001290225, 'rate_power': 1.1792822444965567}. Best is trial 655 with value: 0.6083457591837299.
[I 2026-05-22 17:53:52,823] Trial 726 finished with value: 0.6068170155901014 and parameters: {'P_amp': 0.8733327738820486, 'P_wet': 2509.387502450099, 'P_pow': 3.853421287661845, 'rate_power': 1.1686965985476394}. Best is trial 655 with value: 0.6083457591837299.
[I 2026-05-22 17:53:53,119] Trial 727 finished with value: 0.6012996006007749 and parameters: {'P_amp': 0.8736848195372807, 'P_wet': 1622.4473690510094, 'P_pow': 5.0503888689624805, 'rate_power': 1.2933318327187182}. Best is trial 655 with value: 0.6083457591837299.
[I 2026-05-22 17:53:53,417] Trial 728 finished with value: 0.6076037862211379 and parameters: {'P_amp': 0.7086034529892191, 'P_wet': 3759.9261185833802, 'P_pow': 5.518420627858332, 'rate_power': 1.2979596869635328}. Best is trial 655 with value: 0.6083457591837299.
[I 2026-05-22 17:53:53,715] Trial 729 finished with value: 0.5987830183129107 and parameters: {'P_amp': 0.07919391214354282, 'P_wet': 399.67916305871415, 'P_pow': 5.792105768507021, 'rate_power': 0.9047244101127079}. Best is trial 655 with value: 0.6083457591837299.
[I 2026-05-22 17:53:54,013] Trial 730 finished with value: 0.6078729523558792 and parameters: {'P_amp': 0.7236616166478076, 'P_wet': 2977.0023083270175, 'P_pow': 5.971295275443178, 'rate_power': 1.2872694820241086}. Best is trial 655 with value: 0.6083457591837299.
[I 2026-05-22 17:53:54,312] Trial 731 finished with value: 0.6082859451532812 and parameters: {'P_amp': 0.8871825151623601, 'P_wet': 2451.3910481370726, 'P_pow': 5.839822111155857, 'rate_power': 1.232045205542559}. Best is trial 655 with value: 0.6083457591837299.
[I 2026-05-22 17:53:54,609] Trial 732 finished with value: 0.6075362282780814 and parameters: {'P_amp': 0.8781034967772277, 'P_wet': 3416.8283768143315, 'P_pow': 5.212666526485734, 'rate_power': 1.1959597859278739}. Best is trial 655 with value: 0.6083457591837299.
[I 2026-05-22 17:53:54,908] Trial 733 finished with value: 0.6080122461425349 and parameters: {'P_amp': 0.8615443970265697, 'P_wet': 3043.736568337493, 'P_pow': 5.996352924830283, 'rate_power': 1.2277998533405983}. Best is trial 655 with value: 0.6083457591837299.
[I 2026-05-22 17:53:55,204] Trial 734 finished with value: 0.607783130611063 and parameters: {'P_amp': 0.8156249445173855, 'P_wet': 2860.6253891436845, 'P_pow': 5.097588987482691, 'rate_power': 1.2953981321721724}. Best is trial 655 with value: 0.6083457591837299.
[I 2026-05-22 17:53:55,505] Trial 735 finished with value: 0.6065058239333536 and parameters: {'P_amp': 0.8286163356355811, 'P_wet': 4850.289984692767, 'P_pow': 5.984825250294583, 'rate_power': 1.1412420398219687}. Best is trial 655 with value: 0.6083457591837299.
[I 2026-05-22 17:53:55,799] Trial 736 finished with value: 0.6077761571726581 and parameters: {'P_amp': 0.8859825356380816, 'P_wet': 2330.884675520934, 'P_pow': 5.909785874396331, 'rate_power': 1.1384968557869353}. Best is trial 655 with value: 0.6083457591837299.
