[I 2026-05-22 18:06:09,446] Trial 986 finished with value: 0.6085557737125711 and parameters: {'rain_shift': 2.1776986284901794, 'ign_k': 0.6158282729905088, 'rate_power': 0.7238160435115172}. Best is trial 714 with value: 0.6111263465847875.
[I 2026-05-22 18:06:09,800] Trial 987 finished with value: 0.6091982849656323 and parameters: {'rain_shift': 1.738602332434486, 'ign_k': 0.4878495021644903, 'rate_power': 0.7066965446660635}. Best is trial 714 with value: 0.6111263465847875.
[I 2026-05-22 18:06:10,154] Trial 988 finished with value: 0.5874163362817351 and parameters: {'rain_shift': 2.9115523816901376, 'ign_k': 0.9200496468035974, 'rate_power': 0.7677045938197943}. Best is trial 714 with value: 0.6111263465847875.
[I 2026-05-22 18:06:10,508] Trial 989 finished with value: 0.6083697840485778 and parameters: {'rain_shift': 1.415512330807324, 'ign_k': 0.7239995887066771, 'rate_power': 0.7009636754052608}. Best is trial 714 with value: 0.6111263465847875.
[I 2026-05-22 18:06:10,860] Trial 990 finished with value: 0.5881537247553799 and parameters: {'rain_shift': 3.1924088280221943, 'ign_k': 0.9690288482269553, 'rate_power': 0.7009269152684362}. Best is trial 714 with value: 0.6111263465847875.
[I 2026-05-22 18:06:11,214] Trial 991 finished with value: 0.609165516370304 and parameters: {'rain_shift': 1.8100111949092457, 'ign_k': 0.8299709107001935, 'rate_power': 0.7003273868894466}. Best is trial 714 with value: 0.6111263465847875.
[I 2026-05-22 18:06:11,567] Trial 992 finished with value: 0.5996270341024238 and parameters: {'rain_shift': 0.9813437878376261, 'ign_k': 1.1378888009375436, 'rate_power': 0.714995971058357}. Best is trial 714 with value: 0.6111263465847875.
[I 2026-05-22 18:06:11,920] Trial 993 finished with value: 0.5903422066834819 and parameters: {'rain_shift': 3.705827235526243, 'ign_k': 0.39768882479789336, 'rate_power': 0.7550034413895026}. Best is trial 714 with value: 0.6111263465847875.
[I 2026-05-22 18:06:12,275] Trial 994 finished with value: 0.596542799005835 and parameters: {'rain_shift': 0.6969084029068972, 'ign_k': 0.7706931275885569, 'rate_power': 0.7009299985239272}. Best is trial 714 with value: 0.6111263465847875.
[I 2026-05-22 18:06:12,628] Trial 995 finished with value: 0.6057556073226077 and parameters: {'rain_shift': 2.210848283466086, 'ign_k': 0.6134100034905119, 'rate_power': 0.7631961793346091}. Best is trial 714 with value: 0.6111263465847875.
[I 2026-05-22 18:06:12,982] Trial 996 finished with value: 0.6099298880556815 and parameters: {'rain_shift': 1.653216473500151, 'ign_k': 0.7642971399926768, 'rate_power': 0.7019180334764367}. Best is trial 714 with value: 0.6111263465847875.
[I 2026-05-22 18:06:13,333] Trial 997 finished with value: 0.609649117600943 and parameters: {'rain_shift': 1.9716826867538213, 'ign_k': 0.48167786843579014, 'rate_power': 0.7035862797395026}. Best is trial 714 with value: 0.6111263465847875.
[I 2026-05-22 18:06:13,684] Trial 998 finished with value: 0.5899374899169352 and parameters: {'rain_shift': 3.4222436577585666, 'ign_k': 0.661660349187689, 'rate_power': 0.7080122596339895}. Best is trial 714 with value: 0.6111263465847875.
[I 2026-05-22 18:06:14,033] Trial 999 finished with value: 0.5959355827831831 and parameters: {'rain_shift': 1.879584000242473, 'ign_k': 0.2829107000713604, 'rate_power': 0.7569751834761316}. Best is trial 714 with value: 0.6111263465847875.
[best] 0.6111263465847875 {'overall': 0.632528540227017, 'bias': 0.7123940159309805, 'rmse': 0.3867862560731846, 'seas': 0.8552099211136585, 'spatial': 0.7416007762401131} {'bona': {'overall': 0.562844249290141, 'bias': 0.8292256545091347, 'rmse': 0.3648930586001554, 'seas': 0.7826160501751915, 'spatial': 0.20621201934707445}, 'tena': {'overall': 0.5389167140023364, 'bias': 0.7078338411068482, 'rmse': 0.29574510989273795, 'seas': 0.7509810161516561, 'spatial': 0.47536136586318994}, 'tropics': {'overall': 0.6264249027319458, 'bias': 0.7097486984186684, 'rmse': 0.3985952453027686, 'seas': 0.8776680121553605, 'spatial': 0.6641935167934402}, 'sh': {'overall': 0.5489601577153719, 'bias': 0.7189751888293086, 'rmse': 0.3136616333936881, 'seas': 0.6332396440553361, 'spatial': 0.5952476577909012}} {'rain_shift': 1.8584561329682763, 'ign_k': 0.6241606715796371, 'rate_power': 0.700475533169256}
[write] /Users/adithyasrinivasan/Projects/creativity-docs/exp-workspaces/exp_04/hermes/base/models/research/ED-C2-rain_ignition_shift/params.json
[write] /Users/adithyasrinivasan/Projects/creativity-docs/exp-workspaces/exp_04/hermes/base/ilamb/MODELS/ED-C2-rain_ignition_shift/burntArea.nc
