[I 2026-05-22 17:58:15,464] Trial 588 finished with value: 0.5837388786244684 and parameters: {'WG_amp': 0.6581720415632144, 'WG_Phalf': 150.41812799484487, 'WG_k': 22.132293458962955, 'WG_c': 0.11175219813487328, 'rate_power': 1.2730118045923555}. Best is trial 579 with value: 0.6102826150053956.
[I 2026-05-22 17:58:15,747] Trial 589 finished with value: 0.6071224541427487 and parameters: {'WG_amp': 0.7641426790567805, 'WG_Phalf': 132.4799496542652, 'WG_k': 9.565101426658334, 'WG_c': 4.174116375320693, 'rate_power': 1.1952719670817393}. Best is trial 579 with value: 0.6102826150053956.
[I 2026-05-22 17:58:16,035] Trial 590 finished with value: 0.604684604874236 and parameters: {'WG_amp': 0.40473180889131705, 'WG_Phalf': 1263.9281433218814, 'WG_k': 1.8060563969158536, 'WG_c': 0.0002091508978508353, 'rate_power': 1.1272679865087665}. Best is trial 579 with value: 0.6102826150053956.
[I 2026-05-22 17:58:16,323] Trial 591 finished with value: 0.6050442381757644 and parameters: {'WG_amp': 0.891592906365772, 'WG_Phalf': 161.10976102025364, 'WG_k': 23.701566401027794, 'WG_c': 0.5019490275284507, 'rate_power': 1.1456187925234733}. Best is trial 579 with value: 0.6102826150053956.
[I 2026-05-22 17:58:16,612] Trial 592 finished with value: 0.6095879740887217 and parameters: {'WG_amp': 0.8881249083945526, 'WG_Phalf': 128.5143164524593, 'WG_k': 47.42775276607401, 'WG_c': 0.9495110544738388, 'rate_power': 1.289917376961696}. Best is trial 579 with value: 0.6102826150053956.
[I 2026-05-22 17:58:16,899] Trial 593 finished with value: 0.5835612355911348 and parameters: {'WG_amp': 0.8894773801129732, 'WG_Phalf': 192.4452924311182, 'WG_k': 5.353986976476836, 'WG_c': 0.20605192948687512, 'rate_power': 1.2095059569682307}. Best is trial 579 with value: 0.6102826150053956.
[I 2026-05-22 17:58:17,185] Trial 594 finished with value: 0.6071499294055743 and parameters: {'WG_amp': 0.026417032672862106, 'WG_Phalf': 375.048747344686, 'WG_k': 3.0196405781633398, 'WG_c': 0.0711583916029101, 'rate_power': 1.211931433634992}. Best is trial 579 with value: 0.6102826150053956.
[I 2026-05-22 17:58:17,473] Trial 595 finished with value: 0.5988918235924393 and parameters: {'WG_amp': 0.6054649903702387, 'WG_Phalf': 136.29806404336327, 'WG_k': 0.010612354851102127, 'WG_c': 0.015368554106965141, 'rate_power': 1.0596463197635717}. Best is trial 579 with value: 0.6102826150053956.
[I 2026-05-22 17:58:17,760] Trial 596 finished with value: 0.5934040230977289 and parameters: {'WG_amp': 0.7383888070478057, 'WG_Phalf': 102.83132087152651, 'WG_k': 14.827618235613429, 'WG_c': 0.21832214523534196, 'rate_power': 1.1662144800389707}. Best is trial 579 with value: 0.6102826150053956.
[I 2026-05-22 17:58:18,051] Trial 597 finished with value: 0.5939769459125307 and parameters: {'WG_amp': 0.8351388826095678, 'WG_Phalf': 114.35517475043476, 'WG_k': 9.949635161435673, 'WG_c': 0.3329257218250119, 'rate_power': 1.2700325401068377}. Best is trial 579 with value: 0.6102826150053956.
[I 2026-05-22 17:58:18,341] Trial 598 finished with value: 0.6089661855109908 and parameters: {'WG_amp': 0.8199490887120174, 'WG_Phalf': 181.45715395543277, 'WG_k': 9.60213698692613, 'WG_c': 1.2226631302941342, 'rate_power': 1.1345068901546889}. Best is trial 579 with value: 0.6102826150053956.
[I 2026-05-22 17:58:18,632] Trial 599 finished with value: 0.604531676987361 and parameters: {'WG_amp': 0.859827293839896, 'WG_Phalf': 283.98382307918405, 'WG_k': 32.11226062772213, 'WG_c': 0.49671515427998875, 'rate_power': 1.22726754441648}. Best is trial 579 with value: 0.6102826150053956.
[I 2026-05-22 17:58:18,920] Trial 600 finished with value: 0.6074658122606884 and parameters: {'WG_amp': 0.815550007856551, 'WG_Phalf': 123.95168678253134, 'WG_k': 25.748175857504073, 'WG_c': 1.773389785530762, 'rate_power': 1.2096208063937575}. Best is trial 579 with value: 0.6102826150053956.
[I 2026-05-22 17:58:19,214] Trial 601 finished with value: 0.6081794274544019 and parameters: {'WG_amp': 0.8889611186475076, 'WG_Phalf': 246.14690495463805, 'WG_k': 7.793540220978613, 'WG_c': 0.6716747759034892, 'rate_power': 1.196395769643367}. Best is trial 579 with value: 0.6102826150053956.
[I 2026-05-22 17:58:19,502] Trial 602 finished with value: 0.6065363362646639 and parameters: {'WG_amp': 0.6950704727131681, 'WG_Phalf': 103.44604247090552, 'WG_k': 26.136135955182212, 'WG_c': 2.2600769847791953, 'rate_power': 1.1495067514010044}. Best is trial 579 with value: 0.6102826150053956.
[I 2026-05-22 17:58:19,787] Trial 603 finished with value: 0.5971884780894264 and parameters: {'WG_amp': 0.8439891499148685, 'WG_Phalf': 353.8558140663335, 'WG_k': 0.9731987489468654, 'WG_c': 0.005688524807344384, 'rate_power': 0.9813689142302258}. Best is trial 579 with value: 0.6102826150053956.
[I 2026-05-22 17:58:20,081] Trial 604 finished with value: 0.6069143637634759 and parameters: {'WG_amp': 0.8673441551745582, 'WG_Phalf': 257.76764876529177, 'WG_k': 85.91095144869014, 'WG_c': 0.5482565182314255, 'rate_power': 1.1035634548381992}. Best is trial 579 with value: 0.6102826150053956.
[I 2026-05-22 17:58:20,366] Trial 605 finished with value: 0.593180201173063 and parameters: {'WG_amp': 0.792940989250374, 'WG_Phalf': 4695.276173059211, 'WG_k': 16.271136671058734, 'WG_c': 0.002237911669541289, 'rate_power': 0.8039854557577347}. Best is trial 579 with value: 0.6102826150053956.
[I 2026-05-22 17:58:20,655] Trial 606 finished with value: 0.6085403265913977 and parameters: {'WG_amp': 0.7105345858095381, 'WG_Phalf': 163.29620146304728, 'WG_k': 48.24184342037903, 'WG_c': 1.3565246505299549, 'rate_power': 1.243516891601119}. Best is trial 579 with value: 0.6102826150053956.
[I 2026-05-22 17:58:20,942] Trial 607 finished with value: 0.5982212581767031 and parameters: {'WG_amp': 0.7582716668605822, 'WG_Phalf': 281.50807795705674, 'WG_k': 31.24550419761186, 'WG_c': 0.25079307306503845, 'rate_power': 1.1693493623432876}. Best is trial 579 with value: 0.6102826150053956.
[I 2026-05-22 17:58:21,232] Trial 608 finished with value: 0.608610768771768 and parameters: {'WG_amp': 0.8971143153286438, 'WG_Phalf': 116.15002030519294, 'WG_k': 14.185702439887988, 'WG_c': 0.7133322393412488, 'rate_power': 1.2189550706284833}. Best is trial 579 with value: 0.6102826150053956.
[I 2026-05-22 17:58:21,522] Trial 609 finished with value: 0.6068567520937479 and parameters: {'WG_amp': 0.8757468352282557, 'WG_Phalf': 286.99240683062845, 'WG_k': 12.722751296732794, 'WG_c': 4.880792363869391, 'rate_power': 1.1724371320692617}. Best is trial 579 with value: 0.6102826150053956.
[I 2026-05-22 17:58:21,851] Trial 610 finished with value: 0.605176816838764 and parameters: {'WG_amp': 0.8949527855743336, 'WG_Phalf': 134.52746307396845, 'WG_k': 82.91374303737459, 'WG_c': 1.5854808173070307, 'rate_power': 1.055853252557204}. Best is trial 579 with value: 0.6102826150053956.
[I 2026-05-22 17:58:22,150] Trial 611 finished with value: 0.5878251649569585 and parameters: {'WG_amp': 0.05540481208669873, 'WG_Phalf': 465.104815750607, 'WG_k': 6.2809711735488305, 'WG_c': 0.028143862080337773, 'rate_power': 0.7745886390073248}. Best is trial 579 with value: 0.6102826150053956.
[I 2026-05-22 17:58:22,435] Trial 612 finished with value: 0.6069817779057565 and parameters: {'WG_amp': 0.8735497258369374, 'WG_Phalf': 104.3568183266859, 'WG_k': 5.049009914155645, 'WG_c': 3.5787379186699075, 'rate_power': 1.185493491194687}. Best is trial 579 with value: 0.6102826150053956.
[I 2026-05-22 17:58:22,732] Trial 613 finished with value: 0.5988061181894343 and parameters: {'WG_amp': 0.8426605400465992, 'WG_Phalf': 185.124955642938, 'WG_k': 9.626652256906954, 'WG_c': 0.25593797496202375, 'rate_power': 1.0183230566861523}. Best is trial 579 with value: 0.6102826150053956.
[I 2026-05-22 17:58:23,028] Trial 614 finished with value: 0.6015685989255313 and parameters: {'WG_amp': 0.6600908608542696, 'WG_Phalf': 109.10269037070658, 'WG_k': 74.55605914319484, 'WG_c': 0.29507363083640337, 'rate_power': 1.1337663180804722}. Best is trial 579 with value: 0.6102826150053956.
[I 2026-05-22 17:58:23,315] Trial 615 finished with value: 0.6080453452656559 and parameters: {'WG_amp': 0.6955778951744894, 'WG_Phalf': 121.10350251992698, 'WG_k': 29.305368410092917, 'WG_c': 1.4961628557521083, 'rate_power': 1.2542649680553728}. Best is trial 579 with value: 0.6102826150053956.
[I 2026-05-22 17:58:23,603] Trial 616 finished with value: 0.5866578705511967 and parameters: {'WG_amp': 0.8875023808329158, 'WG_Phalf': 306.26383211747435, 'WG_k': 3.1151309567740717, 'WG_c': 0.20755711142648908, 'rate_power': 1.21870228609884}. Best is trial 579 with value: 0.6102826150053956.
[I 2026-05-22 17:58:23,893] Trial 617 finished with value: 0.6072911815694333 and parameters: {'WG_amp': 0.8954431221582813, 'WG_Phalf': 346.22108259531086, 'WG_k': 39.893584635710084, 'WG_c': 0.5522187502488856, 'rate_power': 1.101442122201329}. Best is trial 579 with value: 0.6102826150053956.
[I 2026-05-22 17:58:24,178] Trial 618 finished with value: 0.5552481010611219 and parameters: {'WG_amp': 0.866330328825012, 'WG_Phalf': 227.44053632002465, 'WG_k': 49.14188848290627, 'WG_c': 0.02535915448835241, 'rate_power': 1.2031965998048229}. Best is trial 579 with value: 0.6102826150053956.
[I 2026-05-22 17:58:24,467] Trial 619 finished with value: 0.592039271610199 and parameters: {'WG_amp': 0.7003680914384334, 'WG_Phalf': 381.3382863143193, 'WG_k': 0.03528015727330552, 'WG_c': 0.00013930186743726418, 'rate_power': 1.2545291966008032}. Best is trial 579 with value: 0.6102826150053956.
[I 2026-05-22 17:58:24,753] Trial 620 finished with value: 0.599621927944885 and parameters: {'WG_amp': 0.755387692485033, 'WG_Phalf': 264.55800496358364, 'WG_k': 19.87964904595777, 'WG_c': 0.24217098893769193, 'rate_power': 1.0858263998665687}. Best is trial 579 with value: 0.6102826150053956.
[I 2026-05-22 17:58:25,046] Trial 621 finished with value: 0.6067057626930329 and parameters: {'WG_amp': 0.8915213780537559, 'WG_Phalf': 173.90371683090603, 'WG_k': 74.36725600404199, 'WG_c': 5.31945336649901, 'rate_power': 1.1636945318678829}. Best is trial 579 with value: 0.6102826150053956.
[I 2026-05-22 17:58:25,337] Trial 622 finished with value: 0.6042859965039398 and parameters: {'WG_amp': 0.7938895382283313, 'WG_Phalf': 207.29335254441284, 'WG_k': 3.717326384278112, 'WG_c': 0.5280344885512233, 'rate_power': 1.1336735150103352}. Best is trial 579 with value: 0.6102826150053956.
[I 2026-05-22 17:58:25,628] Trial 623 finished with value: 0.6089201513900891 and parameters: {'WG_amp': 0.7112374075904548, 'WG_Phalf': 318.8510138302976, 'WG_k': 15.265319978005381, 'WG_c': 0.763821384390858, 'rate_power': 1.2726646013756322}. Best is trial 579 with value: 0.6102826150053956.
[I 2026-05-22 17:58:25,920] Trial 624 finished with value: 0.5702423497437652 and parameters: {'WG_amp': 0.8601447770448267, 'WG_Phalf': 119.81339639363979, 'WG_k': 40.00667517474604, 'WG_c': 0.08005874007402813, 'rate_power': 1.185184887385169}. Best is trial 579 with value: 0.6102826150053956.
[I 2026-05-22 17:58:26,212] Trial 625 finished with value: 0.5959746328198452 and parameters: {'WG_amp': 0.6508762790439326, 'WG_Phalf': 451.99399015598516, 'WG_k': 20.858575610605264, 'WG_c': 0.09974818775882258, 'rate_power': 1.0973303861895303}. Best is trial 579 with value: 0.6102826150053956.
[I 2026-05-22 17:58:26,505] Trial 626 finished with value: 0.610175035198672 and parameters: {'WG_amp': 0.8887037962525478, 'WG_Phalf': 183.62424275401685, 'WG_k': 88.02408913849611, 'WG_c': 0.9287019673569686, 'rate_power': 1.210558160261488}. Best is trial 579 with value: 0.6102826150053956.
[I 2026-05-22 17:58:26,797] Trial 627 finished with value: 0.6074555147091414 and parameters: {'WG_amp': 0.8649755397517785, 'WG_Phalf': 305.26700749072575, 'WG_k': 68.50680393824118, 'WG_c': 7.880585472744592, 'rate_power': 1.2382751640117546}. Best is trial 579 with value: 0.6102826150053956.
[I 2026-05-22 17:58:27,085] Trial 628 finished with value: 0.5871670364630541 and parameters: {'WG_amp': 0.8684662674230336, 'WG_Phalf': 224.2409165752708, 'WG_k': 70.87324290553661, 'WG_c': 0.17189846958168442, 'rate_power': 1.1948933405802165}. Best is trial 579 with value: 0.6102826150053956.
[I 2026-05-22 17:58:27,377] Trial 629 finished with value: 0.6003237109722289 and parameters: {'WG_amp': 0.8102978424711583, 'WG_Phalf': 137.03666076362296, 'WG_k': 59.20141240637805, 'WG_c': 0.376005543439873, 'rate_power': 1.1914305568825945}. Best is trial 579 with value: 0.6102826150053956.
[I 2026-05-22 17:58:27,666] Trial 630 finished with value: 0.6072409712740705 and parameters: {'WG_amp': 0.7146344008195522, 'WG_Phalf': 204.23489606703203, 'WG_k': 14.303999266469432, 'WG_c': 5.619000472386305, 'rate_power': 1.2057595821762737}. Best is trial 579 with value: 0.6102826150053956.
[I 2026-05-22 17:58:27,958] Trial 631 finished with value: 0.6085740333144707 and parameters: {'WG_amp': 0.6304111648338415, 'WG_Phalf': 182.12261260319252, 'WG_k': 7.9784488484048905, 'WG_c': 0.7602407182590156, 'rate_power': 1.2638611684120489}. Best is trial 579 with value: 0.6102826150053956.
[I 2026-05-22 17:58:28,247] Trial 632 finished with value: 0.608831134327816 and parameters: {'WG_amp': 0.8592900829411104, 'WG_Phalf': 198.75919838221233, 'WG_k': 26.48603378068921, 'WG_c': 1.1908417926504387, 'rate_power': 1.125525836157705}. Best is trial 579 with value: 0.6102826150053956.
[I 2026-05-22 17:58:28,536] Trial 633 finished with value: 0.6056105397960446 and parameters: {'WG_amp': 0.7383973027651232, 'WG_Phalf': 344.3599578641353, 'WG_k': 60.55912581250114, 'WG_c': 0.5305394425235049, 'rate_power': 1.2769310248706154}. Best is trial 579 with value: 0.6102826150053956.
[I 2026-05-22 17:58:28,823] Trial 634 finished with value: 0.6064052059328053 and parameters: {'WG_amp': 0.848940366518929, 'WG_Phalf': 273.48428312930986, 'WG_k': 10.999000272859794, 'WG_c': 0.6125222652757634, 'rate_power': 1.2802486688651464}. Best is trial 579 with value: 0.6102826150053956.
[I 2026-05-22 17:58:29,112] Trial 635 finished with value: 0.6058658189247079 and parameters: {'WG_amp': 0.8144266051567924, 'WG_Phalf': 179.86663947400802, 'WG_k': 99.42163187167104, 'WG_c': 0.5269560587746561, 'rate_power': 1.1618845439928611}. Best is trial 579 with value: 0.6102826150053956.
[I 2026-05-22 17:58:29,402] Trial 636 finished with value: 0.6090501186241919 and parameters: {'WG_amp': 0.8799610462886431, 'WG_Phalf': 435.50521462555696, 'WG_k': 98.65275200696205, 'WG_c': 1.2049923326180862, 'rate_power': 1.1883987380569527}. Best is trial 579 with value: 0.6102826150053956.
[I 2026-05-22 17:58:29,693] Trial 637 finished with value: 0.6064622709209064 and parameters: {'WG_amp': 0.2604651828698945, 'WG_Phalf': 4980.236620741481, 'WG_k': 3.337961835363794, 'WG_c': 0.009483079003520046, 'rate_power': 1.2867970930096615}. Best is trial 579 with value: 0.6102826150053956.
[I 2026-05-22 17:58:29,983] Trial 638 finished with value: 0.6091529460006305 and parameters: {'WG_amp': 0.8294456523146465, 'WG_Phalf': 244.4232138209568, 'WG_k': 83.11074673709159, 'WG_c': 0.7462326599526348, 'rate_power': 1.2226370655152854}. Best is trial 579 with value: 0.6102826150053956.
[I 2026-05-22 17:58:30,270] Trial 639 finished with value: 0.5942166829182629 and parameters: {'WG_amp': 0.8965569158622019, 'WG_Phalf': 197.1305119031856, 'WG_k': 17.06855759355961, 'WG_c': 0.32814264613659716, 'rate_power': 1.2790805024686391}. Best is trial 579 with value: 0.6102826150053956.
[I 2026-05-22 17:58:30,558] Trial 640 finished with value: 0.6068682178955905 and parameters: {'WG_amp': 0.8974397849272393, 'WG_Phalf': 302.21825332110757, 'WG_k': 18.177611938217456, 'WG_c': 3.1691685204215734, 'rate_power': 1.1734146327467014}. Best is trial 579 with value: 0.6102826150053956.
[I 2026-05-22 17:58:30,847] Trial 641 finished with value: 0.6090422699233426 and parameters: {'WG_amp': 0.6427900607287463, 'WG_Phalf': 157.11568875267312, 'WG_k': 12.324070614632502, 'WG_c': 0.6822307095780384, 'rate_power': 1.0946872151592912}. Best is trial 579 with value: 0.6102826150053956.
[I 2026-05-22 17:58:31,134] Trial 642 finished with value: 0.6069604277864296 and parameters: {'WG_amp': 0.7098060918213246, 'WG_Phalf': 116.65100916898116, 'WG_k': 5.338344905143357, 'WG_c': 0.6008614679672242, 'rate_power': 1.1488313909115466}. Best is trial 579 with value: 0.6102826150053956.
[I 2026-05-22 17:58:31,424] Trial 643 finished with value: 0.6071056105248287 and parameters: {'WG_amp': 0.8802281297235465, 'WG_Phalf': 182.7085932363059, 'WG_k': 53.32998728460344, 'WG_c': 2.2371127140095695, 'rate_power': 1.1926883436788442}. Best is trial 579 with value: 0.6102826150053956.
[I 2026-05-22 17:58:31,714] Trial 644 finished with value: 0.6084764514385401 and parameters: {'WG_amp': 0.8910395253653455, 'WG_Phalf': 240.65659319616572, 'WG_k': 6.334027496721447, 'WG_c': 1.4611657794293325, 'rate_power': 1.2053630708201155}. Best is trial 579 with value: 0.6102826150053956.
[I 2026-05-22 17:58:32,005] Trial 645 finished with value: 0.5897696873761857 and parameters: {'WG_amp': 0.878058491008873, 'WG_Phalf': 354.1181795602278, 'WG_k': 16.50309628485537, 'WG_c': 0.18430615631157476, 'rate_power': 1.1995608083921099}. Best is trial 579 with value: 0.6102826150053956.
[I 2026-05-22 17:58:32,295] Trial 646 finished with value: 0.6026688614870882 and parameters: {'WG_amp': 0.6517268360293955, 'WG_Phalf': 2473.395080148332, 'WG_k': 0.10822090140915781, 'WG_c': 0.004813219068744652, 'rate_power': 0.991346811182634}. Best is trial 579 with value: 0.6102826150053956.
[I 2026-05-22 17:58:32,584] Trial 647 finished with value: 0.6094865421475938 and parameters: {'WG_amp': 0.7395617851896115, 'WG_Phalf': 111.98184240146371, 'WG_k': 20.463357565099994, 'WG_c': 1.0753933496396704, 'rate_power': 1.2781268043181546}. Best is trial 579 with value: 0.6102826150053956.
[I 2026-05-22 17:58:32,869] Trial 648 finished with value: 0.5995955237897629 and parameters: {'WG_amp': 0.7669039458143697, 'WG_Phalf': 101.03771257443074, 'WG_k': 25.088646867046865, 'WG_c': 0.2552149389965863, 'rate_power': 1.013356303668725}. Best is trial 579 with value: 0.6102826150053956.
[I 2026-05-22 17:58:33,153] Trial 649 finished with value: 0.6057119216097827 and parameters: {'WG_amp': 0.7568715274515355, 'WG_Phalf': 292.03338119095645, 'WG_k': 36.38561901559226, 'WG_c': 3.0037378096892717, 'rate_power': 1.1016965835876769}. Best is trial 579 with value: 0.6102826150053956.
[I 2026-05-22 17:58:33,437] Trial 650 finished with value: 0.5995849633811989 and parameters: {'WG_amp': 0.8720925940712163, 'WG_Phalf': 826.4343762776238, 'WG_k': 0.029212538153072166, 'WG_c': 0.00027323305554682317, 'rate_power': 1.0353025354678282}. Best is trial 579 with value: 0.6102826150053956.
[I 2026-05-22 17:58:33,723] Trial 651 finished with value: 0.5823633937153934 and parameters: {'WG_amp': 0.8955890362617401, 'WG_Phalf': 108.55171694795747, 'WG_k': 4.473982149611257, 'WG_c': 0.174597699601639, 'rate_power': 1.1196549101265156}. Best is trial 579 with value: 0.6102826150053956.
[I 2026-05-22 17:58:34,012] Trial 652 finished with value: 0.610008358068257 and parameters: {'WG_amp': 0.7397680713691721, 'WG_Phalf': 102.00553716214066, 'WG_k': 25.28541756925471, 'WG_c': 0.9810614619673282, 'rate_power': 1.2125028514183969}. Best is trial 579 with value: 0.6102826150053956.
[I 2026-05-22 17:58:34,297] Trial 653 finished with value: 0.6058239604256404 and parameters: {'WG_amp': 0.7074858920658138, 'WG_Phalf': 150.96695761153342, 'WG_k': 14.121392864820521, 'WG_c': 2.956215178235587, 'rate_power': 1.1071515379670944}. Best is trial 579 with value: 0.6102826150053956.
[I 2026-05-22 17:58:34,582] Trial 654 finished with value: 0.6096258944528028 and parameters: {'WG_amp': 0.6436159766436951, 'WG_Phalf': 153.45004618425395, 'WG_k': 40.66448075952585, 'WG_c': 0.8148307329709951, 'rate_power': 1.217957950017624}. Best is trial 579 with value: 0.6102826150053956.
[I 2026-05-22 17:58:34,868] Trial 655 finished with value: 0.5806947718301986 and parameters: {'WG_amp': 0.8988553704444501, 'WG_Phalf': 150.18852549004913, 'WG_k': 83.52113574270413, 'WG_c': 0.15353920186795889, 'rate_power': 1.2187365101686984}. Best is trial 579 with value: 0.6102826150053956.
[I 2026-05-22 17:58:35,152] Trial 656 finished with value: 0.6088847008382499 and parameters: {'WG_amp': 0.4219045699120745, 'WG_Phalf': 145.7264954739732, 'WG_k': 7.420238109723504, 'WG_c': 0.7514055632957524, 'rate_power': 1.1659590951720769}. Best is trial 579 with value: 0.6102826150053956.
[I 2026-05-22 17:58:35,437] Trial 657 finished with value: 0.6088581910202501 and parameters: {'WG_amp': 0.8994068618595694, 'WG_Phalf': 118.11544935343589, 'WG_k': 39.47281666622299, 'WG_c': 0.7199795627525633, 'rate_power': 1.1904876979377483}. Best is trial 579 with value: 0.6102826150053956.
[I 2026-05-22 17:58:35,727] Trial 658 finished with value: 0.6098287336545908 and parameters: {'WG_amp': 0.8828320410925368, 'WG_Phalf': 266.96321926894734, 'WG_k': 75.65414729974232, 'WG_c': 1.071101394167313, 'rate_power': 1.2221842391179987}. Best is trial 579 with value: 0.6102826150053956.
[I 2026-05-22 17:58:36,022] Trial 659 finished with value: 0.6076773258131394 and parameters: {'WG_amp': 0.8604638223227749, 'WG_Phalf': 274.3396076223642, 'WG_k': 42.465860112605945, 'WG_c': 1.6370216608397532, 'rate_power': 1.2189285719290033}. Best is trial 579 with value: 0.6102826150053956.
[I 2026-05-22 17:58:36,310] Trial 660 finished with value: 0.5957770803828621 and parameters: {'WG_amp': 0.6393147347090189, 'WG_Phalf': 123.0518539204823, 'WG_k': 31.486991752457932, 'WG_c': 0.22563659366197233, 'rate_power': 1.2388291971185939}. Best is trial 579 with value: 0.6102826150053956.
[I 2026-05-22 17:58:36,599] Trial 661 finished with value: 0.6064783925122225 and parameters: {'WG_amp': 0.660559030522923, 'WG_Phalf': 180.1253732106913, 'WG_k': 98.83002918141605, 'WG_c': 1.8718586598201679, 'rate_power': 1.137617340257383}. Best is trial 579 with value: 0.6102826150053956.
