[setup] targeted family=wet_gpp_amp model=ED-C2-wet_gpp_amp trials=1000
[baseline] 0.6103502735484728 {'overall': 0.6295495002593263, 'bias': 0.7070857028352947, 'rmse': 0.3790544420749578, 'seas': 0.8506061694600666, 'spatial': 0.7544105422753865} {'bona': {'overall': 0.6380885404837499, 'bias': 0.8266567561867596, 'rmse': 0.3211562360062949, 'seas': 0.7797091235325466, 'spatial': 0.7531961349838437}, 'tena': {'overall': 0.47889289658687106, 'bias': 0.6256589426778316, 'rmse': 0.2541252018733317, 'seas': 0.7283824372245481, 'spatial': 0.38540665319435186}, 'tropics': {'overall': 0.6277756025324356, 'bias': 0.7134731917453241, 'rmse': 0.395193788045546, 'seas': 0.875400942730105, 'spatial': 0.6739187128827683}, 'sh': {'overall': 0.498937513734702, 'bias': 0.6419405911472694, 'rmse': 0.28960875792486046, 'seas': 0.6009038105573065, 'spatial': 0.5296225737066459}}
/Users/adithyasrinivasan/Projects/creativity-docs/exp-workspaces/exp_04/hermes/base/scripts/search_targeted_mechanisms.py:82: ExperimentalWarning: Argument ``multivariate`` is an experimental feature. The interface can change in the future.
  sampler=optuna.samplers.TPESampler(seed=SEED,multivariate=True)
[I 2026-05-22 17:55:20,864] A new study created in memory with name: no-name-8f19d134-51cb-43f2-b737-ee4303cba9b6
[I 2026-05-22 17:55:21,160] Trial 0 finished with value: 0.6023992823420549 and parameters: {'WG_amp': 0.0, 'WG_Phalf': 1000.0, 'WG_k': 1.0, 'WG_c': 0.03, 'rate_power': 1.0}. Best is trial 0 with value: 0.6023992823420549.
[I 2026-05-22 17:55:21,464] Trial 1 finished with value: 0.607412760969493 and parameters: {'WG_amp': 0.201785561990664, 'WG_Phalf': 280.94438322685227, 'WG_k': 81.17917086051945, 'WG_c': 9.21906406894028, 'rate_power': 1.2969952611603066}. Best is trial 1 with value: 0.607412760969493.
[I 2026-05-22 17:55:21,838] Trial 2 finished with value: 0.5957144873594252 and parameters: {'WG_amp': 0.5143279841738428, 'WG_Phalf': 1044.0331919758335, 'WG_k': 0.028661592494309256, 'WG_c': 1.122325056793516, 'rate_power': 0.8391184630710214}. Best is trial 1 with value: 0.607412760969493.
[I 2026-05-22 17:55:22,127] Trial 3 finished with value: 0.6001238444578899 and parameters: {'WG_amp': 0.891939192436167, 'WG_Phalf': 868.7711698994777, 'WG_k': 0.5689487777218041, 'WG_c': 0.0002722487955099923, 'rate_power': 0.9630177070659328}. Best is trial 1 with value: 0.607412760969493.
[I 2026-05-22 17:55:22,420] Trial 4 finished with value: 0.5775926564669056 and parameters: {'WG_amp': 0.7855598205995413, 'WG_Phalf': 499.63701722728865, 'WG_k': 9.398552683413145, 'WG_c': 0.0012351692933922267, 'rate_power': 1.2226774379138143}. Best is trial 1 with value: 0.607412760969493.
[I 2026-05-22 17:55:22,712] Trial 5 finished with value: 0.6029383769124984 and parameters: {'WG_amp': 0.4973552446122327, 'WG_Phalf': 213.33475054622994, 'WG_k': 0.5335215247167248, 'WG_c': 0.5916166850412774, 'rate_power': 0.9787726058540165}. Best is trial 1 with value: 0.607412760969493.
[I 2026-05-22 17:55:23,001] Trial 6 finished with value: 0.6066427099506191 and parameters: {'WG_amp': 0.2548918497021911, 'WG_Phalf': 3153.8835146532156, 'WG_k': 0.23721781195616598, 'WG_c': 3.8651985251872194, 'rate_power': 1.1838487361776107}. Best is trial 1 with value: 0.607412760969493.
[I 2026-05-22 17:55:23,291] Trial 7 finished with value: 0.5869775774197248 and parameters: {'WG_amp': 0.3479825840590188, 'WG_Phalf': 193.6492407472282, 'WG_k': 0.05099479739284883, 'WG_c': 0.00013827736553068826, 'rate_power': 0.7226528365413667}. Best is trial 1 with value: 0.607412760969493.
[I 2026-05-22 17:55:23,580] Trial 8 finished with value: 0.5904218443627889 and parameters: {'WG_amp': 0.29119974691939826, 'WG_Phalf': 148.48088793698113, 'WG_k': 1.3132346424379795, 'WG_c': 0.011116144239481726, 'rate_power': 0.7446856631762538}. Best is trial 1 with value: 0.607412760969493.
[I 2026-05-22 17:55:23,873] Trial 9 finished with value: 0.6043697296371527 and parameters: {'WG_amp': 0.4464147131038176, 'WG_Phalf': 1296.5100908438585, 'WG_k': 0.2750254173940314, 'WG_c': 0.0010460439979728569, 'rate_power': 1.1753205186113689}. Best is trial 1 with value: 0.607412760969493.
[I 2026-05-22 17:55:24,170] Trial 10 finished with value: 0.6081387682367634 and parameters: {'WG_amp': 0.32388885419889274, 'WG_Phalf': 225.33540864800372, 'WG_k': 31.078634032462347, 'WG_c': 0.6439937171348151, 'rate_power': 1.2657679880489885}. Best is trial 10 with value: 0.6081387682367634.
[I 2026-05-22 17:55:24,467] Trial 11 finished with value: 0.6074247381141397 and parameters: {'WG_amp': 0.10392269011220043, 'WG_Phalf': 177.65075118796437, 'WG_k': 50.91788012289598, 'WG_c': 2.5330422290953947, 'rate_power': 1.293932613914674}. Best is trial 10 with value: 0.6081387682367634.
[I 2026-05-22 17:55:24,764] Trial 12 finished with value: 0.6036188590097895 and parameters: {'WG_amp': 0.22397429391389076, 'WG_Phalf': 140.3340092491338, 'WG_k': 78.696924628571, 'WG_c': 0.0664155177277495, 'rate_power': 1.1015106615824202}. Best is trial 10 with value: 0.6081387682367634.
[I 2026-05-22 17:55:25,059] Trial 13 finished with value: 0.6074807850042762 and parameters: {'WG_amp': 0.16889979399250898, 'WG_Phalf': 123.49282407163398, 'WG_k': 1.7888295252137403, 'WG_c': 1.8245097975382207, 'rate_power': 1.2500641715093745}. Best is trial 10 with value: 0.6081387682367634.
[I 2026-05-22 17:55:25,355] Trial 14 finished with value: 0.6063744751684821 and parameters: {'WG_amp': 0.031575838199673856, 'WG_Phalf': 110.05012354523657, 'WG_k': 0.09421788122664793, 'WG_c': 0.27486558104851977, 'rate_power': 1.146211658021583}. Best is trial 10 with value: 0.6081387682367634.
[I 2026-05-22 17:55:25,650] Trial 15 finished with value: 0.5955081751006074 and parameters: {'WG_amp': 0.38945200417628245, 'WG_Phalf': 105.11584471914644, 'WG_k': 2.995057126464034, 'WG_c': 0.021148078161284684, 'rate_power': 1.276996256427044}. Best is trial 10 with value: 0.6081387682367634.
[I 2026-05-22 17:55:25,940] Trial 16 finished with value: 0.6017297599450723 and parameters: {'WG_amp': 0.17347235666110647, 'WG_Phalf': 518.2737191598485, 'WG_k': 13.8215282142212, 'WG_c': 7.8950300412653736, 'rate_power': 0.9848503627474204}. Best is trial 10 with value: 0.6081387682367634.
[I 2026-05-22 17:55:26,229] Trial 17 finished with value: 0.6035769569965795 and parameters: {'WG_amp': 0.36563336723759965, 'WG_Phalf': 187.6529670210158, 'WG_k': 0.5033299195938619, 'WG_c': 1.5367998338898594, 'rate_power': 1.2644008170665209}. Best is trial 10 with value: 0.6081387682367634.
[I 2026-05-22 17:55:26,513] Trial 18 finished with value: 0.6064941243568807 and parameters: {'WG_amp': 0.7702617125556921, 'WG_Phalf': 673.0949868544151, 'WG_k': 1.4617185250579683, 'WG_c': 1.518016812404379, 'rate_power': 1.1067044277243898}. Best is trial 10 with value: 0.6081387682367634.
[I 2026-05-22 17:55:26,804] Trial 19 finished with value: 0.6074523052601672 and parameters: {'WG_amp': 0.08258856245971474, 'WG_Phalf': 161.61148359107722, 'WG_k': 1.043804666039061, 'WG_c': 5.660246194333768, 'rate_power': 1.238120965689193}. Best is trial 10 with value: 0.6081387682367634.
[I 2026-05-22 17:55:27,094] Trial 20 finished with value: 0.6018289091872829 and parameters: {'WG_amp': 0.38257685922785395, 'WG_Phalf': 783.4454347497419, 'WG_k': 95.68534553187509, 'WG_c': 0.09066663662803078, 'rate_power': 1.2551191021836474}. Best is trial 10 with value: 0.6081387682367634.
[I 2026-05-22 17:55:27,390] Trial 21 finished with value: 0.6043477110161816 and parameters: {'WG_amp': 0.10832100986211074, 'WG_Phalf': 119.88572775969159, 'WG_k': 3.0982782767993524, 'WG_c': 1.5760198399800638, 'rate_power': 1.0391242410942791}. Best is trial 10 with value: 0.6081387682367634.
[I 2026-05-22 17:55:27,688] Trial 22 finished with value: 0.6072890437992965 and parameters: {'WG_amp': 0.027550245526801243, 'WG_Phalf': 334.01410043087304, 'WG_k': 0.10233177181402234, 'WG_c': 8.246294901253549, 'rate_power': 1.2259862314097787}. Best is trial 10 with value: 0.6081387682367634.
[I 2026-05-22 17:55:27,980] Trial 23 finished with value: 0.606172754800894 and parameters: {'WG_amp': 0.1143369494244541, 'WG_Phalf': 124.76737753333711, 'WG_k': 2.1998957670805415, 'WG_c': 0.334338800160281, 'rate_power': 1.2889923368508347}. Best is trial 10 with value: 0.6081387682367634.
[I 2026-05-22 17:55:28,269] Trial 24 finished with value: 0.5960890191600692 and parameters: {'WG_amp': 0.757142534156499, 'WG_Phalf': 114.44832668304593, 'WG_k': 0.012133015486011374, 'WG_c': 0.0009476538855239039, 'rate_power': 1.0061969935829538}. Best is trial 10 with value: 0.6081387682367634.
[I 2026-05-22 17:55:28,559] Trial 25 finished with value: 0.6060346398343105 and parameters: {'WG_amp': 0.20159565884569405, 'WG_Phalf': 493.55323222075526, 'WG_k': 1.3909117423010435, 'WG_c': 0.3371204730735272, 'rate_power': 1.2265950881689767}. Best is trial 10 with value: 0.6081387682367634.
[I 2026-05-22 17:55:28,853] Trial 26 finished with value: 0.6031274740500945 and parameters: {'WG_amp': 0.7691953668671294, 'WG_Phalf': 3386.8247776893445, 'WG_k': 0.06903122625988838, 'WG_c': 0.009142916896868358, 'rate_power': 1.2902113926292595}. Best is trial 10 with value: 0.6081387682367634.
[I 2026-05-22 17:55:29,139] Trial 27 finished with value: 0.6082212799727306 and parameters: {'WG_amp': 0.535941794221026, 'WG_Phalf': 411.38903987682306, 'WG_k': 19.645121408355042, 'WG_c': 1.3103174622449971, 'rate_power': 1.297234594061407}. Best is trial 27 with value: 0.6082212799727306.
[I 2026-05-22 17:55:29,429] Trial 28 finished with value: 0.6078295013328101 and parameters: {'WG_amp': 0.5620763623794246, 'WG_Phalf': 549.6835628579233, 'WG_k': 9.794047616005258, 'WG_c': 0.6660799398224873, 'rate_power': 1.2935053080884478}. Best is trial 27 with value: 0.6082212799727306.
[I 2026-05-22 17:55:29,727] Trial 29 finished with value: 0.6080828018885311 and parameters: {'WG_amp': 0.6693132041751202, 'WG_Phalf': 348.99393489462886, 'WG_k': 20.999207458086513, 'WG_c': 1.4726780638948203, 'rate_power': 1.2386888458984122}. Best is trial 27 with value: 0.6082212799727306.
[I 2026-05-22 17:55:30,023] Trial 30 finished with value: 0.6077891311194838 and parameters: {'WG_amp': 0.8477301577128309, 'WG_Phalf': 455.76133839436125, 'WG_k': 89.39462085609968, 'WG_c': 1.610618272235687, 'rate_power': 1.2356717701732358}. Best is trial 27 with value: 0.6082212799727306.
[I 2026-05-22 17:55:30,318] Trial 31 finished with value: 0.6074565633943338 and parameters: {'WG_amp': 0.5493870125237951, 'WG_Phalf': 2029.6851101232908, 'WG_k': 14.824530622279658, 'WG_c': 7.769996176586011, 'rate_power': 1.2391356465763863}. Best is trial 27 with value: 0.6082212799727306.
[I 2026-05-22 17:55:30,611] Trial 32 finished with value: 0.6091129350493659 and parameters: {'WG_amp': 0.5530973155766513, 'WG_Phalf': 297.8951212858252, 'WG_k': 28.864242026345284, 'WG_c': 0.9862517772244864, 'rate_power': 1.174416519774675}. Best is trial 32 with value: 0.6091129350493659.
[I 2026-05-22 17:55:30,901] Trial 33 finished with value: 0.6052703331177167 and parameters: {'WG_amp': 0.5487681607983543, 'WG_Phalf': 391.4071859692231, 'WG_k': 52.19845583184755, 'WG_c': 5.037238225311031, 'rate_power': 1.081477830942006}. Best is trial 32 with value: 0.6091129350493659.
[I 2026-05-22 17:55:31,191] Trial 34 finished with value: 0.6016384594556757 and parameters: {'WG_amp': 0.5446000887187701, 'WG_Phalf': 194.97052041328516, 'WG_k': 40.01136794360915, 'WG_c': 0.2547077815183441, 'rate_power': 1.1990508638502877}. Best is trial 32 with value: 0.6091129350493659.
[I 2026-05-22 17:55:31,481] Trial 35 finished with value: 0.6074178191472334 and parameters: {'WG_amp': 0.48584592357863143, 'WG_Phalf': 400.97248874228785, 'WG_k': 24.466381742800507, 'WG_c': 7.7410310004422325, 'rate_power': 1.230300450748873}. Best is trial 32 with value: 0.6091129350493659.
[I 2026-05-22 17:55:31,772] Trial 36 finished with value: 0.6083178465076124 and parameters: {'WG_amp': 0.703600677595136, 'WG_Phalf': 188.8131175721206, 'WG_k': 6.671543680182232, 'WG_c': 0.7119983583196433, 'rate_power': 1.2225528477013423}. Best is trial 32 with value: 0.6091129350493659.
[I 2026-05-22 17:55:32,060] Trial 37 finished with value: 0.5952076548851717 and parameters: {'WG_amp': 0.828501512573849, 'WG_Phalf': 189.3135685997944, 'WG_k': 1.1288749940392637, 'WG_c': 0.7199678471712241, 'rate_power': 1.2216931768439054}. Best is trial 32 with value: 0.6091129350493659.
[I 2026-05-22 17:55:32,352] Trial 38 finished with value: 0.6065822429029183 and parameters: {'WG_amp': 0.1530604676823078, 'WG_Phalf': 4653.8121081136815, 'WG_k': 33.947494957026294, 'WG_c': 0.00013992385831528917, 'rate_power': 1.1943892556324267}. Best is trial 32 with value: 0.6091129350493659.
[I 2026-05-22 17:55:32,644] Trial 39 finished with value: 0.5892037133050464 and parameters: {'WG_amp': 0.7987176804015184, 'WG_Phalf': 122.4078534518606, 'WG_k': 15.13496532246003, 'WG_c': 0.22175507894815796, 'rate_power': 1.2319052383609432}. Best is trial 32 with value: 0.6091129350493659.
[I 2026-05-22 17:55:32,940] Trial 40 finished with value: 0.5905583119266431 and parameters: {'WG_amp': 0.8685376119057415, 'WG_Phalf': 820.2740697158387, 'WG_k': 0.04257959597611052, 'WG_c': 0.04843669257669315, 'rate_power': 0.7372099960492389}. Best is trial 32 with value: 0.6091129350493659.
[I 2026-05-22 17:55:33,233] Trial 41 finished with value: 0.5966635739194732 and parameters: {'WG_amp': 0.782458224422512, 'WG_Phalf': 2723.774385102828, 'WG_k': 88.00532020778891, 'WG_c': 0.0005598529036694706, 'rate_power': 0.8560399305934709}. Best is trial 32 with value: 0.6091129350493659.
[I 2026-05-22 17:55:33,525] Trial 42 finished with value: 0.6086981165193197 and parameters: {'WG_amp': 0.6175910660938386, 'WG_Phalf': 215.56710439131365, 'WG_k': 7.009173581085731, 'WG_c': 1.2727348261504023, 'rate_power': 1.2838265903471424}. Best is trial 32 with value: 0.6091129350493659.
[I 2026-05-22 17:55:33,817] Trial 43 finished with value: 0.6065478391386621 and parameters: {'WG_amp': 0.5161844463000567, 'WG_Phalf': 158.98554938874682, 'WG_k': 1.7434953736560042, 'WG_c': 4.766395943352033, 'rate_power': 1.1502049443945213}. Best is trial 32 with value: 0.6091129350493659.
[I 2026-05-22 17:55:34,114] Trial 44 finished with value: 0.6070251723078757 and parameters: {'WG_amp': 0.34270041768421744, 'WG_Phalf': 192.2454810913003, 'WG_k': 56.43230451665268, 'WG_c': 0.40819870797509944, 'rate_power': 1.2010713827903465}. Best is trial 32 with value: 0.6091129350493659.
[I 2026-05-22 17:55:34,408] Trial 45 finished with value: 0.5969796984532443 and parameters: {'WG_amp': 0.5932560044829718, 'WG_Phalf': 317.5247932518455, 'WG_k': 3.3122724081047745, 'WG_c': 0.20391638286429317, 'rate_power': 1.2333791509608065}. Best is trial 32 with value: 0.6091129350493659.
[I 2026-05-22 17:55:34,698] Trial 46 finished with value: 0.6074192361673901 and parameters: {'WG_amp': 0.49512784129716464, 'WG_Phalf': 172.0768468187461, 'WG_k': 7.802054038299524, 'WG_c': 3.0214663677498423, 'rate_power': 1.2850536518320832}. Best is trial 32 with value: 0.6091129350493659.
[I 2026-05-22 17:55:34,987] Trial 47 finished with value: 0.6048048957862819 and parameters: {'WG_amp': 0.18252259814663147, 'WG_Phalf': 345.53349738947526, 'WG_k': 0.034336717872395076, 'WG_c': 0.0008214665900387214, 'rate_power': 1.2777651294004926}. Best is trial 32 with value: 0.6091129350493659.
[I 2026-05-22 17:55:35,275] Trial 48 finished with value: 0.5990552892482376 and parameters: {'WG_amp': 0.4600659735185316, 'WG_Phalf': 1760.8976396328103, 'WG_k': 0.27722268382400667, 'WG_c': 0.0008206152785489183, 'rate_power': 0.9021864948428536}. Best is trial 32 with value: 0.6091129350493659.
[I 2026-05-22 17:55:35,564] Trial 49 finished with value: 0.5893632789524356 and parameters: {'WG_amp': 0.8894374185952838, 'WG_Phalf': 371.9750956412602, 'WG_k': 8.64161011755674, 'WG_c': 0.021785777851968637, 'rate_power': 0.8883663649293968}. Best is trial 32 with value: 0.6091129350493659.
[I 2026-05-22 17:55:35,852] Trial 50 finished with value: 0.5890744525746041 and parameters: {'WG_amp': 0.027797306618274786, 'WG_Phalf': 434.2868955233459, 'WG_k': 10.927295358183486, 'WG_c': 0.00017108134210910397, 'rate_power': 0.794518790190063}. Best is trial 32 with value: 0.6091129350493659.
[I 2026-05-22 17:55:36,141] Trial 51 finished with value: 0.6063845902017169 and parameters: {'WG_amp': 0.716857797394036, 'WG_Phalf': 191.0645205779159, 'WG_k': 13.805264499105338, 'WG_c': 4.602074153955499, 'rate_power': 1.1385570877953264}. Best is trial 32 with value: 0.6091129350493659.
[I 2026-05-22 17:55:36,429] Trial 52 finished with value: 0.5947442184144136 and parameters: {'WG_amp': 0.2890306196321501, 'WG_Phalf': 917.0336712581322, 'WG_k': 42.341459245202365, 'WG_c': 0.05050570090487104, 'rate_power': 0.8316503722606953}. Best is trial 32 with value: 0.6091129350493659.
[I 2026-05-22 17:55:36,718] Trial 53 finished with value: 0.6074291378707768 and parameters: {'WG_amp': 0.612461229208364, 'WG_Phalf': 150.44990417003004, 'WG_k': 83.84714255135458, 'WG_c': 5.186361643022063, 'rate_power': 1.2313252133345711}. Best is trial 32 with value: 0.6091129350493659.
[I 2026-05-22 17:55:37,008] Trial 54 finished with value: 0.6074711905223023 and parameters: {'WG_amp': 0.7098585772060035, 'WG_Phalf': 290.86766870524497, 'WG_k': 4.815304964978344, 'WG_c': 7.046026901259913, 'rate_power': 1.245268975253434}. Best is trial 32 with value: 0.6091129350493659.
[I 2026-05-22 17:55:37,299] Trial 55 finished with value: 0.6036726048754474 and parameters: {'WG_amp': 0.11533305892489132, 'WG_Phalf': 4614.563987161068, 'WG_k': 0.03550256074399305, 'WG_c': 0.011715580470229605, 'rate_power': 1.0260211286370349}. Best is trial 32 with value: 0.6091129350493659.
[I 2026-05-22 17:55:37,587] Trial 56 finished with value: 0.6077794318858416 and parameters: {'WG_amp': 0.399843771659983, 'WG_Phalf': 269.4210027387243, 'WG_k': 21.354976604831943, 'WG_c': 0.5935189453416518, 'rate_power': 1.2797057099776523}. Best is trial 32 with value: 0.6091129350493659.
[I 2026-05-22 17:55:37,874] Trial 57 finished with value: 0.5897664228811776 and parameters: {'WG_amp': 0.503955018807915, 'WG_Phalf': 433.27574114681147, 'WG_k': 10.886024865687787, 'WG_c': 0.01912894158347716, 'rate_power': 1.2920435131476253}. Best is trial 32 with value: 0.6091129350493659.
[I 2026-05-22 17:55:38,164] Trial 58 finished with value: 0.6033556541300735 and parameters: {'WG_amp': 0.6086951171373542, 'WG_Phalf': 285.84924457300707, 'WG_k': 25.42533032571253, 'WG_c': 0.35101301846917243, 'rate_power': 1.2449665131136602}. Best is trial 32 with value: 0.6091129350493659.
[I 2026-05-22 17:55:38,455] Trial 59 finished with value: 0.6076486673509911 and parameters: {'WG_amp': 0.6092434201179356, 'WG_Phalf': 312.04560532226435, 'WG_k': 4.122334740797005, 'WG_c': 1.823644783077731, 'rate_power': 1.297236048942656}. Best is trial 32 with value: 0.6091129350493659.
[I 2026-05-22 17:55:38,744] Trial 60 finished with value: 0.596135845490208 and parameters: {'WG_amp': 0.49476460450569265, 'WG_Phalf': 124.45314050067388, 'WG_k': 0.014196764304075552, 'WG_c': 0.08115610100329103, 'rate_power': 1.2419010680965328}. Best is trial 32 with value: 0.6091129350493659.
[I 2026-05-22 17:55:39,038] Trial 61 finished with value: 0.6055662124158295 and parameters: {'WG_amp': 0.5863739217603017, 'WG_Phalf': 934.6915821435983, 'WG_k': 38.99355693748261, 'WG_c': 0.3060211107026432, 'rate_power': 1.2002771286748393}. Best is trial 32 with value: 0.6091129350493659.
[I 2026-05-22 17:55:39,331] Trial 62 finished with value: 0.5799815756216884 and parameters: {'WG_amp': 0.01982961186025417, 'WG_Phalf': 4367.42525356496, 'WG_k': 1.9736370946026083, 'WG_c': 0.17140080104581834, 'rate_power': 0.7162146379403374}. Best is trial 32 with value: 0.6091129350493659.
[I 2026-05-22 17:55:39,621] Trial 63 finished with value: 0.6089097519332511 and parameters: {'WG_amp': 0.7295871176298055, 'WG_Phalf': 1125.602880686909, 'WG_k': 6.916474164636777, 'WG_c': 0.9418894898100058, 'rate_power': 1.2677646181836806}. Best is trial 32 with value: 0.6091129350493659.
[I 2026-05-22 17:55:39,918] Trial 64 finished with value: 0.6067252680993661 and parameters: {'WG_amp': 0.7418107783404994, 'WG_Phalf': 3301.196436513174, 'WG_k': 3.837811249932602, 'WG_c': 0.5821055769388541, 'rate_power': 1.283106665270323}. Best is trial 32 with value: 0.6091129350493659.
[I 2026-05-22 17:55:40,215] Trial 65 finished with value: 0.6083507648351103 and parameters: {'WG_amp': 0.7352212342702741, 'WG_Phalf': 1403.6502037541447, 'WG_k': 8.213813453746619, 'WG_c': 1.2992024184581417, 'rate_power': 1.258138573435644}. Best is trial 32 with value: 0.6091129350493659.
[I 2026-05-22 17:55:40,509] Trial 66 finished with value: 0.6072389955586729 and parameters: {'WG_amp': 0.6673064251208277, 'WG_Phalf': 1651.7954704574527, 'WG_k': 4.9914937175616965, 'WG_c': 0.5117716011374337, 'rate_power': 1.165187206048158}. Best is trial 32 with value: 0.6091129350493659.
[I 2026-05-22 17:55:40,800] Trial 67 finished with value: 0.6082343818533583 and parameters: {'WG_amp': 0.8364983420833831, 'WG_Phalf': 1875.0634087858152, 'WG_k': 32.142583970737924, 'WG_c': 1.2943222202695284, 'rate_power': 1.209119788609592}. Best is trial 32 with value: 0.6091129350493659.
[I 2026-05-22 17:55:41,096] Trial 68 finished with value: 0.6074863957242748 and parameters: {'WG_amp': 0.8666697422995253, 'WG_Phalf': 1390.1587827217274, 'WG_k': 18.462682328002884, 'WG_c': 6.997871410788125, 'rate_power': 1.2694321332751604}. Best is trial 32 with value: 0.6091129350493659.
[I 2026-05-22 17:55:41,388] Trial 69 finished with value: 0.5976952400408069 and parameters: {'WG_amp': 0.7732744025255635, 'WG_Phalf': 831.1776200926497, 'WG_k': 0.7078498008928136, 'WG_c': 0.2578064519022993, 'rate_power': 1.2182218489910457}. Best is trial 32 with value: 0.6091129350493659.
