[I 2026-05-22 17:35:13,261] Trial 339 finished with value: 0.5709336283826273 and parameters: {'k1': 0.021148181837699384, 'D_low': 7.117374354934079, 'k2': 0.00025216065882476164, 'D_high': 81030.49656442767, 'fire_exp': 0.36582679155267167, 'P_half': 123.06188110365335, 'pre_dampen_half': 4.336595515106576, 'gpp_af': 0.013585295845504159, 'gpp_b': 0.0004728173315735938, 'gpp_d': 0.01620989397107631, 'ign_k': 8.25827275904268, 'ign_c': 1.053780536013518, 'P_wet_supp': 8078.189903558865, 'P_wet_pow': 4.135007456782718, 'P_half2': 391.4723727465191, 'P_floor_pow': 1.646753789348313}. Best is trial 307 with value: 0.5940954180843564.
[I 2026-05-22 17:35:13,806] Trial 340 finished with value: 0.4815574608734908 and parameters: {'k1': 0.0006424452615596645, 'D_low': 2.395365933666963, 'k2': 0.036102200571997825, 'D_high': 4162.608119832174, 'fire_exp': 0.426659576537159, 'P_half': 0.23877182063466795, 'pre_dampen_half': 0.06070343243921442, 'gpp_af': 0.30253543350557544, 'gpp_b': 7.890162254364281e-06, 'gpp_d': 0.016123339772978088, 'ign_k': 0.048977561409193786, 'ign_c': 38.05272130051457, 'P_wet_supp': 1830.1559021935407, 'P_wet_pow': 2.0969619733696763, 'P_half2': 0.4063150852495868, 'P_floor_pow': 2.617694588330453}. Best is trial 307 with value: 0.5940954180843564.
[I 2026-05-22 17:35:14,353] Trial 341 finished with value: 0.47529726738407924 and parameters: {'k1': 0.09579559809774875, 'D_low': 1.9277603131004097, 'k2': 0.03337096200494296, 'D_high': 3261.1748882188035, 'fire_exp': 0.3860198405605276, 'P_half': 0.12374887400365372, 'pre_dampen_half': 0.04396254579373858, 'gpp_af': 36.30195368839023, 'gpp_b': 7.04530131079015e-06, 'gpp_d': 493.0595199096446, 'ign_k': 1.5626146845971305, 'ign_c': 27.558219078321912, 'P_wet_supp': 4437.365398939125, 'P_wet_pow': 0.0873967983558046, 'P_half2': 8.689664675483792, 'P_floor_pow': 1.2697254217746807}. Best is trial 307 with value: 0.5940954180843564.
[I 2026-05-22 17:35:14,896] Trial 342 finished with value: 0.46627368182528944 and parameters: {'k1': 0.012699150732257353, 'D_low': 1125.5912552915074, 'k2': 0.0001517518310336862, 'D_high': 2665.299244633042, 'fire_exp': 0.48820322119928466, 'P_half': 0.3206457734506909, 'pre_dampen_half': 0.1092856954493027, 'gpp_af': 15.930785422065753, 'gpp_b': 4.166864171680456e-05, 'gpp_d': 183.52178964899022, 'ign_k': 2.01963248562772, 'ign_c': 2.613203544198, 'P_wet_supp': 1499.7064846753537, 'P_wet_pow': 1.8346204134605602, 'P_half2': 350.7862791168447, 'P_floor_pow': 1.2394260787163676}. Best is trial 307 with value: 0.5940954180843564.
[I 2026-05-22 17:35:15,446] Trial 343 finished with value: 0.5142432245185934 and parameters: {'k1': 0.011483516781721452, 'D_low': 4.051089044200798, 'k2': 0.0006052657165259879, 'D_high': 52443.73378980419, 'fire_exp': 0.866296117759295, 'P_half': 0.2573367857615428, 'pre_dampen_half': 0.3140830693284788, 'gpp_af': 45.22906997461371, 'gpp_b': 2.2117478988589056e-06, 'gpp_d': 302.51011891483626, 'ign_k': 8.30980512667031, 'ign_c': 0.9696377603816471, 'P_wet_supp': 469.00046746294004, 'P_wet_pow': 4.3056573981566855, 'P_half2': 74.23092447534916, 'P_floor_pow': 0.43337081721692006}. Best is trial 307 with value: 0.5940954180843564.
[I 2026-05-22 17:35:15,993] Trial 344 finished with value: 0.5332031588694833 and parameters: {'k1': 0.00248782474843606, 'D_low': 270.27871995263297, 'k2': 0.06058569258523714, 'D_high': 38610.37525923852, 'fire_exp': 0.9070325581260339, 'P_half': 1.2572191182292174, 'pre_dampen_half': 0.30603464411880194, 'gpp_af': 26.218507294004585, 'gpp_b': 1.3204018921878995e-05, 'gpp_d': 23.988785047585456, 'ign_k': 1.4318075205662042, 'ign_c': 3.408685145333014, 'P_wet_supp': 6043.0741500407485, 'P_wet_pow': 0.8599383761491288, 'P_half2': 21.009678426082836, 'P_floor_pow': 1.3468082135472432}. Best is trial 307 with value: 0.5940954180843564.
[I 2026-05-22 17:35:16,537] Trial 345 finished with value: 0.5141307380739273 and parameters: {'k1': 0.0148756322901357, 'D_low': 101.02586259178851, 'k2': 0.0021469295530418867, 'D_high': 27181.985293112466, 'fire_exp': 0.5105700970848366, 'P_half': 82.46685996249708, 'pre_dampen_half': 154.44232594644035, 'gpp_af': 0.015526236769821978, 'gpp_b': 8.216425754110018e-05, 'gpp_d': 0.01846707214104505, 'ign_k': 6.877457310311367, 'ign_c': 1.031550509249691, 'P_wet_supp': 8527.471391959996, 'P_wet_pow': 4.468932590499601, 'P_half2': 12.838362407571294, 'P_floor_pow': 2.580712743146978}. Best is trial 307 with value: 0.5940954180843564.
[I 2026-05-22 17:35:17,079] Trial 346 finished with value: 0.46419999114108634 and parameters: {'k1': 0.003918986597404166, 'D_low': 14.412824846944584, 'k2': 1.1755928226722795e-05, 'D_high': 39261.03881301496, 'fire_exp': 0.5682016593364122, 'P_half': 1272.1950574993268, 'pre_dampen_half': 1.981745923637261, 'gpp_af': 0.044355938626644824, 'gpp_b': 0.00021771145022099817, 'gpp_d': 0.07808393372165241, 'ign_k': 2.505101575131087, 'ign_c': 2.334910862290006, 'P_wet_supp': 4681.096331780355, 'P_wet_pow': 3.556797731047401, 'P_half2': 5914.807743633246, 'P_floor_pow': 2.0182058082766585}. Best is trial 307 with value: 0.5940954180843564.
[I 2026-05-22 17:35:17,626] Trial 347 finished with value: 0.5272845453136039 and parameters: {'k1': 0.0003242138560598506, 'D_low': 31.638823724897982, 'k2': 0.07513775512917761, 'D_high': 16480.831166621258, 'fire_exp': 0.41363195201566727, 'P_half': 95.98476647923866, 'pre_dampen_half': 0.030485163118353958, 'gpp_af': 65.650810812965, 'gpp_b': 1.8376510233260083e-06, 'gpp_d': 42.18804896729612, 'ign_k': 0.0388985676255801, 'ign_c': 1.1539174279308952, 'P_wet_supp': 5802.729555773696, 'P_wet_pow': 1.9800388883625086, 'P_half2': 391.5329420660884, 'P_floor_pow': 0.15167027181314086}. Best is trial 307 with value: 0.5940954180843564.
[I 2026-05-22 17:35:18,172] Trial 348 finished with value: 0.5441835682013265 and parameters: {'k1': 0.048220351437474766, 'D_low': 1.8138909952556015, 'k2': 0.06773004226786089, 'D_high': 99797.35222522277, 'fire_exp': 0.5543789926148663, 'P_half': 0.11195436421232184, 'pre_dampen_half': 1.7607123006502676, 'gpp_af': 42.56615664096916, 'gpp_b': 3.225606561715919e-05, 'gpp_d': 12.38165865492481, 'ign_k': 2.379671789263341, 'ign_c': 2.9535725792489247, 'P_wet_supp': 1736.243233120764, 'P_wet_pow': 3.8580033749647824, 'P_half2': 1.1516624230653485, 'P_floor_pow': 2.4637723534827023}. Best is trial 307 with value: 0.5940954180843564.
[I 2026-05-22 17:35:18,716] Trial 349 finished with value: 0.4640132546685628 and parameters: {'k1': 0.001021519374574164, 'D_low': 12.277828146000024, 'k2': 0.0024565162742913385, 'D_high': 29455.542001061283, 'fire_exp': 0.6379163530993239, 'P_half': 0.3916389554273272, 'pre_dampen_half': 9.666298185009571, 'gpp_af': 4.487283338793227, 'gpp_b': 0.07024327409176656, 'gpp_d': 148.11601590505379, 'ign_k': 0.09403737878066405, 'ign_c': 13.350120931443795, 'P_wet_supp': 506.50812150153655, 'P_wet_pow': 2.1026838198999354, 'P_half2': 7234.067789327139, 'P_floor_pow': 2.042198722585219}. Best is trial 307 with value: 0.5940954180843564.
[I 2026-05-22 17:35:19,262] Trial 350 finished with value: 0.5279354731274886 and parameters: {'k1': 0.04128839783085716, 'D_low': 2.0366055758902504, 'k2': 0.0017276477952604737, 'D_high': 64205.04869764353, 'fire_exp': 0.5092439607630301, 'P_half': 1048.3338988196504, 'pre_dampen_half': 0.26170460005698626, 'gpp_af': 0.02433604472284212, 'gpp_b': 1.0495255989044234e-05, 'gpp_d': 0.037374794973607316, 'ign_k': 0.012916281424234531, 'ign_c': 9.30764189819178, 'P_wet_supp': 5193.308078753841, 'P_wet_pow': 2.1796928809105225, 'P_half2': 0.46090580501793754, 'P_floor_pow': 2.71801219212694}. Best is trial 307 with value: 0.5940954180843564.
[I 2026-05-22 17:35:19,806] Trial 351 finished with value: 0.553776775779461 and parameters: {'k1': 0.05982067139029203, 'D_low': 1.4132256969846402, 'k2': 0.024246116294257044, 'D_high': 18807.05417940006, 'fire_exp': 0.7214876605307632, 'P_half': 0.44841623316295726, 'pre_dampen_half': 0.17025104608322095, 'gpp_af': 60.11796169179506, 'gpp_b': 6.402876364542019e-05, 'gpp_d': 166.44954955897825, 'ign_k': 0.2949100504327548, 'ign_c': 13.84906991251006, 'P_wet_supp': 1353.625039919785, 'P_wet_pow': 3.296989402831817, 'P_half2': 0.22627722218328927, 'P_floor_pow': 0.5053739021076337}. Best is trial 307 with value: 0.5940954180843564.
[I 2026-05-22 17:35:20,346] Trial 352 finished with value: 0.5391488009825024 and parameters: {'k1': 0.002548748689743322, 'D_low': 2.0953716360778474, 'k2': 0.0006756547461022739, 'D_high': 78836.92373197598, 'fire_exp': 0.371920903925461, 'P_half': 37.65278032392891, 'pre_dampen_half': 4.2758831044783925, 'gpp_af': 0.0014149086512426961, 'gpp_b': 3.488495480240544e-05, 'gpp_d': 0.014842005718069687, 'ign_k': 6.447033621524908, 'ign_c': 5.002019786707192, 'P_wet_supp': 7932.895125679554, 'P_wet_pow': 4.994154381679269, 'P_half2': 1744.83087038294, 'P_floor_pow': 1.386363110557091}. Best is trial 307 with value: 0.5940954180843564.
[I 2026-05-22 17:35:20,888] Trial 353 finished with value: 0.4965977257804119 and parameters: {'k1': 9.645077899308386e-05, 'D_low': 4.832805284527654, 'k2': 5.864763018158993e-05, 'D_high': 24574.031281748794, 'fire_exp': 0.6832962840497279, 'P_half': 2.6006430447311772, 'pre_dampen_half': 0.6734159755269575, 'gpp_af': 0.2361774542275011, 'gpp_b': 0.0034734932523493058, 'gpp_d': 37.054669118271185, 'ign_k': 7.408197784175193, 'ign_c': 24.03922611782154, 'P_wet_supp': 7759.93150407789, 'P_wet_pow': 2.22241141357281, 'P_half2': 0.8372654085936381, 'P_floor_pow': 1.268843778043511}. Best is trial 307 with value: 0.5940954180843564.
[I 2026-05-22 17:35:21,441] Trial 354 finished with value: 0.5613780651186884 and parameters: {'k1': 0.0029887406576997607, 'D_low': 6.057856980229578, 'k2': 0.004453397212489517, 'D_high': 97738.32997970493, 'fire_exp': 0.46129566224267654, 'P_half': 9.210908350508713, 'pre_dampen_half': 0.3241109960411096, 'gpp_af': 73.05282589441104, 'gpp_b': 4.0261900762305266e-05, 'gpp_d': 726.3318498507651, 'ign_k': 0.1097547112822553, 'ign_c': 1.2439741051766278, 'P_wet_supp': 3822.8399482642385, 'P_wet_pow': 3.388504651293263, 'P_half2': 47.795166047162894, 'P_floor_pow': 0.13094226525449293}. Best is trial 307 with value: 0.5940954180843564.
[I 2026-05-22 17:35:21,988] Trial 355 finished with value: 0.5569366525038771 and parameters: {'k1': 0.002549476691629978, 'D_low': 2.4540836443976657, 'k2': 0.00019045088869379235, 'D_high': 71049.84265204337, 'fire_exp': 0.4128210503208941, 'P_half': 1049.0249423760697, 'pre_dampen_half': 0.5454071735025856, 'gpp_af': 0.1171645809273816, 'gpp_b': 2.5637718541147002e-06, 'gpp_d': 0.08001086597005042, 'ign_k': 0.48915856976264527, 'ign_c': 4.182994745659028, 'P_wet_supp': 1657.6996165212595, 'P_wet_pow': 3.1246109985651107, 'P_half2': 5.66473301610986, 'P_floor_pow': 2.0066325193907004}. Best is trial 307 with value: 0.5940954180843564.
[I 2026-05-22 17:35:22,533] Trial 356 finished with value: 0.5448396965211785 and parameters: {'k1': 0.0013494807088787844, 'D_low': 10.312864201091248, 'k2': 0.007229734150044252, 'D_high': 16008.282864870696, 'fire_exp': 1.3206249311328773, 'P_half': 3.9746008695284165, 'pre_dampen_half': 4.74012413593124, 'gpp_af': 58.1996241308191, 'gpp_b': 4.335591279528062e-06, 'gpp_d': 38.24582818462057, 'ign_k': 2.335251579328462, 'ign_c': 0.3193572795044082, 'P_wet_supp': 2139.1648644106444, 'P_wet_pow': 3.7264850852802587, 'P_half2': 2.7189885488597003, 'P_floor_pow': 0.4134155066760171}. Best is trial 307 with value: 0.5940954180843564.
[I 2026-05-22 17:35:23,080] Trial 357 finished with value: 0.552553348451875 and parameters: {'k1': 0.00339489636628219, 'D_low': 19.93468567249424, 'k2': 0.03264123219769427, 'D_high': 17917.381650072133, 'fire_exp': 0.3736671349000207, 'P_half': 1.2917358545113955, 'pre_dampen_half': 0.4593903181512726, 'gpp_af': 12.500350136856607, 'gpp_b': 1.2652293876557688e-06, 'gpp_d': 510.5564549729532, 'ign_k': 0.46122208889625677, 'ign_c': 0.43606098043679015, 'P_wet_supp': 5790.015065046605, 'P_wet_pow': 0.8071084988515596, 'P_half2': 57.79732596109891, 'P_floor_pow': 1.3206986206708229}. Best is trial 307 with value: 0.5940954180843564.
[I 2026-05-22 17:35:23,629] Trial 358 finished with value: 0.47799637831119546 and parameters: {'k1': 0.0010971025684736735, 'D_low': 2.8993476558937017, 'k2': 0.0057386176534944475, 'D_high': 2497.983011606926, 'fire_exp': 0.9143489537032855, 'P_half': 0.3677931798278994, 'pre_dampen_half': 3.375760010947873, 'gpp_af': 0.0632824372253789, 'gpp_b': 2.6274418658798434e-06, 'gpp_d': 0.4690782360109798, 'ign_k': 0.026188517616001203, 'ign_c': 81.36311240678809, 'P_wet_supp': 1212.7483234875344, 'P_wet_pow': 3.8760731652314813, 'P_half2': 0.494214073805696, 'P_floor_pow': 1.9445298210847946}. Best is trial 307 with value: 0.5940954180843564.
[I 2026-05-22 17:35:24,173] Trial 359 finished with value: 0.5574304480327038 and parameters: {'k1': 0.043227457767864914, 'D_low': 17.070104200054782, 'k2': 0.0009252709179442387, 'D_high': 57399.64954401993, 'fire_exp': 0.46998442169798726, 'P_half': 311.8868302163855, 'pre_dampen_half': 4.953311439521869, 'gpp_af': 0.04711392435238649, 'gpp_b': 2.9519051696703565e-05, 'gpp_d': 0.27422040199803777, 'ign_k': 2.7833773262413377, 'ign_c': 1.7932161836619278, 'P_wet_supp': 4146.2862811918085, 'P_wet_pow': 3.5189996865882365, 'P_half2': 589.6278902118194, 'P_floor_pow': 1.961771700753471}. Best is trial 307 with value: 0.5940954180843564.
[I 2026-05-22 17:35:24,719] Trial 360 finished with value: 0.5723385434868786 and parameters: {'k1': 0.06821253797813279, 'D_low': 8.774031157303067, 'k2': 0.03134715097411282, 'D_high': 98707.00698684908, 'fire_exp': 0.4612036482992058, 'P_half': 0.7455843185876246, 'pre_dampen_half': 0.31831460261306976, 'gpp_af': 0.7637506942638428, 'gpp_b': 2.5613598902041624e-05, 'gpp_d': 268.8201860968179, 'ign_k': 5.762446298276935, 'ign_c': 6.2058623940786335, 'P_wet_supp': 3281.851745295765, 'P_wet_pow': 1.9241648607051638, 'P_half2': 0.3195352470678466, 'P_floor_pow': 0.508749481942832}. Best is trial 307 with value: 0.5940954180843564.
[I 2026-05-22 17:35:25,260] Trial 361 finished with value: 0.4812397882567101 and parameters: {'k1': 0.07510362755185183, 'D_low': 13.464373221297917, 'k2': 0.00020392532563670451, 'D_high': 16857.201295502226, 'fire_exp': 0.3794059079119123, 'P_half': 157.7162674962014, 'pre_dampen_half': 0.5707873182635662, 'gpp_af': 0.01351601688413124, 'gpp_b': 0.0006176237929731661, 'gpp_d': 0.08075975270385492, 'ign_k': 8.725349536660401, 'ign_c': 1.6459300296324915, 'P_wet_supp': 7540.566109313099, 'P_wet_pow': 4.489956805377578, 'P_half2': 1142.9183013466743, 'P_floor_pow': 3.10304850411325}. Best is trial 307 with value: 0.5940954180843564.
[I 2026-05-22 17:35:25,804] Trial 362 finished with value: 0.5248176533684908 and parameters: {'k1': 0.0013205463143162674, 'D_low': 3.379793929755621, 'k2': 0.0072289185353998035, 'D_high': 10335.697996151534, 'fire_exp': 0.5912089871009896, 'P_half': 0.5795044711383258, 'pre_dampen_half': 18.0413348290649, 'gpp_af': 0.14441842683754438, 'gpp_b': 1.8702311021324961e-06, 'gpp_d': 82.61652060834675, 'ign_k': 0.06272299315519887, 'ign_c': 1.4901900960039431, 'P_wet_supp': 5075.395654616662, 'P_wet_pow': 4.906196976035787, 'P_half2': 0.10424369415349241, 'P_floor_pow': 2.811419936898331}. Best is trial 307 with value: 0.5940954180843564.
[I 2026-05-22 17:35:26,349] Trial 363 finished with value: 0.5694301953624821 and parameters: {'k1': 0.009482019008351847, 'D_low': 15.315435354076042, 'k2': 0.004813657015282946, 'D_high': 59898.0094075373, 'fire_exp': 0.39332134885838044, 'P_half': 0.958184873784591, 'pre_dampen_half': 0.045558689935351386, 'gpp_af': 0.040351007167816366, 'gpp_b': 4.7340914038014647e-05, 'gpp_d': 157.15109199739902, 'ign_k': 0.7610919200954336, 'ign_c': 4.989380872715453, 'P_wet_supp': 4815.853530567655, 'P_wet_pow': 4.411160858472324, 'P_half2': 1.0957388979030793, 'P_floor_pow': 1.9075895856193752}. Best is trial 307 with value: 0.5940954180843564.
[I 2026-05-22 17:35:26,891] Trial 364 finished with value: 0.3994490055432051 and parameters: {'k1': 0.00048211089585508467, 'D_low': 23.217925281182634, 'k2': 0.0012124421391057584, 'D_high': 3043.330002401245, 'fire_exp': 0.4227655981258321, 'P_half': 0.2839678724409235, 'pre_dampen_half': 8.491562783004909, 'gpp_af': 0.6022169244527085, 'gpp_b': 1.188379472468214e-06, 'gpp_d': 845.7869740462197, 'ign_k': 5.613470578803603, 'ign_c': 80.60922254623938, 'P_wet_supp': 9549.468319649342, 'P_wet_pow': 3.782338231415562, 'P_half2': 12.863378451845712, 'P_floor_pow': 0.11823025886624744}. Best is trial 307 with value: 0.5940954180843564.
[I 2026-05-22 17:35:27,441] Trial 365 finished with value: 0.5480785951751372 and parameters: {'k1': 0.011155408680353135, 'D_low': 4.044102504320214, 'k2': 5.045648768380306e-05, 'D_high': 84469.26511002981, 'fire_exp': 0.42694464023120493, 'P_half': 22.483844757811973, 'pre_dampen_half': 0.061968364717874015, 'gpp_af': 0.13678163866531315, 'gpp_b': 0.00033367715823335816, 'gpp_d': 0.037205456021929074, 'ign_k': 6.5943718735667805, 'ign_c': 2.2915303171119406, 'P_wet_supp': 5175.0016946580445, 'P_wet_pow': 3.92533403167531, 'P_half2': 11.637997304445399, 'P_floor_pow': 0.8320274553368929}. Best is trial 307 with value: 0.5940954180843564.
[I 2026-05-22 17:35:27,991] Trial 366 finished with value: 0.5614038714689431 and parameters: {'k1': 0.02666849031068682, 'D_low': 49.05986514706372, 'k2': 0.027974739155271655, 'D_high': 26169.980165461406, 'fire_exp': 0.8117044261609323, 'P_half': 0.15744231037971854, 'pre_dampen_half': 21.293332913488484, 'gpp_af': 20.249139821174257, 'gpp_b': 2.397290585337999, 'gpp_d': 142.98322144479638, 'ign_k': 3.3362544638024816, 'ign_c': 11.278338432741657, 'P_wet_supp': 9839.946789461568, 'P_wet_pow': 0.9745358343068442, 'P_half2': 606.9350575938786, 'P_floor_pow': 1.1768879137592987}. Best is trial 307 with value: 0.5940954180843564.
[I 2026-05-22 17:35:28,544] Trial 367 finished with value: 0.5605937695410868 and parameters: {'k1': 0.0018406696460146713, 'D_low': 526.4101533766067, 'k2': 0.014374813765310987, 'D_high': 11306.656795070341, 'fire_exp': 0.4121203442792333, 'P_half': 0.692950843995119, 'pre_dampen_half': 0.9466508546398845, 'gpp_af': 26.99348903079017, 'gpp_b': 1.1760988008714363e-06, 'gpp_d': 271.5869955847625, 'ign_k': 1.5621079264716151, 'ign_c': 1.2413014670987659, 'P_wet_supp': 8436.567724740135, 'P_wet_pow': 3.099724995697769, 'P_half2': 84.63041995951568, 'P_floor_pow': 1.5882389718016439}. Best is trial 307 with value: 0.5940954180843564.
[I 2026-05-22 17:35:29,096] Trial 368 finished with value: 0.53999235701679 and parameters: {'k1': 0.0003844827492383571, 'D_low': 1.2044449909897703, 'k2': 0.003051538621845835, 'D_high': 63240.94940966422, 'fire_exp': 1.9196741657169771, 'P_half': 0.10576007934481593, 'pre_dampen_half': 20.44503905203592, 'gpp_af': 15.591302139959746, 'gpp_b': 8.684864476872094e-05, 'gpp_d': 188.58714571976066, 'ign_k': 0.23688482060929258, 'ign_c': 0.23864989768916522, 'P_wet_supp': 2321.4481018376573, 'P_wet_pow': 4.283248142182418, 'P_half2': 732.0661369875379, 'P_floor_pow': 0.5290830174086146}. Best is trial 307 with value: 0.5940954180843564.
[I 2026-05-22 17:35:29,650] Trial 369 finished with value: 0.5655307555092838 and parameters: {'k1': 0.01370604495021764, 'D_low': 2.603498921932942, 'k2': 0.06216216546211515, 'D_high': 57216.72587449973, 'fire_exp': 0.4196307152862005, 'P_half': 0.23398629238646687, 'pre_dampen_half': 0.034366475093723474, 'gpp_af': 11.880904857368705, 'gpp_b': 2.2773499741039404e-05, 'gpp_d': 262.0532837680731, 'ign_k': 2.6867577964641485, 'ign_c': 3.485750216697549, 'P_wet_supp': 2178.444848620732, 'P_wet_pow': 1.5659713705391867, 'P_half2': 0.17353950180853586, 'P_floor_pow': 2.0115098257094766}. Best is trial 307 with value: 0.5940954180843564.
[I 2026-05-22 17:35:30,205] Trial 370 finished with value: 0.5826380056406122 and parameters: {'k1': 0.01532632681459074, 'D_low': 26.79368944245583, 'k2': 0.08490678537988242, 'D_high': 99426.73051178477, 'fire_exp': 0.47243513164051704, 'P_half': 5.833427929346477, 'pre_dampen_half': 0.23098528706370175, 'gpp_af': 75.2017093773179, 'gpp_b': 1.2276378660152232e-05, 'gpp_d': 898.5878349320146, 'ign_k': 1.0552213030346087, 'ign_c': 10.045412559773208, 'P_wet_supp': 7767.771591661056, 'P_wet_pow': 1.8617672435870878, 'P_half2': 4.941160301434524, 'P_floor_pow': 0.5936429402308938}. Best is trial 307 with value: 0.5940954180843564.
[I 2026-05-22 17:35:30,768] Trial 371 finished with value: 0.46954405995880494 and parameters: {'k1': 0.05490279814845025, 'D_low': 1.018764491031514, 'k2': 0.010705293531769453, 'D_high': 12474.161624622307, 'fire_exp': 5.691469987162811, 'P_half': 0.28316173058934146, 'pre_dampen_half': 22.328868557500495, 'gpp_af': 6.1465399933475116, 'gpp_b': 0.0004901855194763921, 'gpp_d': 22.882734409086034, 'ign_k': 0.0699576508414717, 'ign_c': 1.9843292878254013, 'P_wet_supp': 589.2719987247108, 'P_wet_pow': 3.5506172053733014, 'P_half2': 613.2989912564184, 'P_floor_pow': 0.42905437899076543}. Best is trial 307 with value: 0.5940954180843564.
[I 2026-05-22 17:35:31,321] Trial 372 finished with value: 0.505819021141277 and parameters: {'k1': 0.015306427820651768, 'D_low': 168.99553164352795, 'k2': 0.0006061178521178419, 'D_high': 96406.73523075206, 'fire_exp': 0.9880078877413704, 'P_half': 0.1938144787316964, 'pre_dampen_half': 1.570590450326197, 'gpp_af': 0.0016861686453631972, 'gpp_b': 6.6369444358009775e-06, 'gpp_d': 0.13512900183655413, 'ign_k': 0.03356129393719635, 'ign_c': 0.2027440472800503, 'P_wet_supp': 538.8296177744209, 'P_wet_pow': 2.03889388664758, 'P_half2': 1.3149925597339946, 'P_floor_pow': 1.7792005357439509}. Best is trial 307 with value: 0.5940954180843564.
