[I 2026-05-22 17:50:42,640] Trial 79 finished with value: 0.5924942313576013 and parameters: {'P_amp': 0.579658902407078, 'P_wet': 1165.8233637000667, 'P_pow': 5.7176822348746095, 'rate_power': 1.2937846653536165}. Best is trial 65 with value: 0.60807133577325.
[I 2026-05-22 17:50:42,929] Trial 80 finished with value: 0.6078171720124522 and parameters: {'P_amp': 0.5264752989043218, 'P_wet': 2515.2508123736707, 'P_pow': 5.784439435165899, 'rate_power': 1.289180122253745}. Best is trial 65 with value: 0.60807133577325.
[I 2026-05-22 17:50:43,224] Trial 81 finished with value: 0.5913432106748745 and parameters: {'P_amp': 0.37312688762391183, 'P_wet': 392.41295644974974, 'P_pow': 2.4024852876591267, 'rate_power': 0.7356923499237602}. Best is trial 65 with value: 0.60807133577325.
[I 2026-05-22 17:50:43,512] Trial 82 finished with value: 0.6078487947622793 and parameters: {'P_amp': 0.6754835974711662, 'P_wet': 3033.3530713657856, 'P_pow': 5.690565517237031, 'rate_power': 1.2742927367891799}. Best is trial 65 with value: 0.60807133577325.
[I 2026-05-22 17:50:43,804] Trial 83 finished with value: 0.5491826476862928 and parameters: {'P_amp': 0.7891201947620081, 'P_wet': 426.59362508193004, 'P_pow': 3.7510260583107677, 'rate_power': 0.9071689186837708}. Best is trial 65 with value: 0.60807133577325.
[I 2026-05-22 17:50:44,091] Trial 84 finished with value: 0.6075593949827796 and parameters: {'P_amp': 0.671197407542783, 'P_wet': 2856.538280576511, 'P_pow': 5.8548288047313015, 'rate_power': 1.1776357294469562}. Best is trial 65 with value: 0.60807133577325.
[I 2026-05-22 17:50:44,379] Trial 85 finished with value: 0.6075600443053786 and parameters: {'P_amp': 0.6401872013108361, 'P_wet': 3088.485550016525, 'P_pow': 5.968118854542913, 'rate_power': 1.1981998817062591}. Best is trial 65 with value: 0.60807133577325.
[I 2026-05-22 17:50:44,668] Trial 86 finished with value: 0.6075929412271562 and parameters: {'P_amp': 0.7546863605146379, 'P_wet': 4405.139436282894, 'P_pow': 5.858484638687901, 'rate_power': 1.272444666278151}. Best is trial 65 with value: 0.60807133577325.
[I 2026-05-22 17:50:44,956] Trial 87 finished with value: 0.6079117249924695 and parameters: {'P_amp': 0.7077242963769422, 'P_wet': 2992.49513577384, 'P_pow': 5.824298836711428, 'rate_power': 1.225445229959365}. Best is trial 65 with value: 0.60807133577325.
[I 2026-05-22 17:50:45,250] Trial 88 finished with value: 0.5897719565927433 and parameters: {'P_amp': 0.09933128267603686, 'P_wet': 1320.7302562816733, 'P_pow': 0.44832787909775007, 'rate_power': 0.7904464834808873}. Best is trial 65 with value: 0.60807133577325.
[I 2026-05-22 17:50:45,539] Trial 89 finished with value: 0.6071837436245523 and parameters: {'P_amp': 0.08645084077629317, 'P_wet': 5060.868731006684, 'P_pow': 1.3920247013742402, 'rate_power': 1.2736852506770338}. Best is trial 65 with value: 0.60807133577325.
[I 2026-05-22 17:50:45,827] Trial 90 finished with value: 0.5392204909014191 and parameters: {'P_amp': 0.8508042061810217, 'P_wet': 601.9463581133851, 'P_pow': 1.9284273333969884, 'rate_power': 1.2604696731004834}. Best is trial 65 with value: 0.60807133577325.
[I 2026-05-22 17:50:46,115] Trial 91 finished with value: 0.5877382761971464 and parameters: {'P_amp': 0.36466051563346547, 'P_wet': 564.0302667561111, 'P_pow': 4.761695315764484, 'rate_power': 1.1670384896957704}. Best is trial 65 with value: 0.60807133577325.
[I 2026-05-22 17:50:46,403] Trial 92 finished with value: 0.6051515267593097 and parameters: {'P_amp': 0.14367831419606253, 'P_wet': 1128.4534301891667, 'P_pow': 0.5504054338010418, 'rate_power': 1.103570031755781}. Best is trial 65 with value: 0.60807133577325.
[I 2026-05-22 17:50:46,695] Trial 93 finished with value: 0.5790845876044629 and parameters: {'P_amp': 0.17798877789745293, 'P_wet': 2387.9532639200106, 'P_pow': 2.7824561641583823, 'rate_power': 0.7012508071949028}. Best is trial 65 with value: 0.60807133577325.
[I 2026-05-22 17:50:46,983] Trial 94 finished with value: 0.6073930063901282 and parameters: {'P_amp': 0.6347708203229308, 'P_wet': 1984.63957700982, 'P_pow': 5.607629922378831, 'rate_power': 1.2405199391018997}. Best is trial 65 with value: 0.60807133577325.
[I 2026-05-22 17:50:47,271] Trial 95 finished with value: 0.6081459099384117 and parameters: {'P_amp': 0.8982173986729833, 'P_wet': 2216.6602721929235, 'P_pow': 5.894651353492704, 'rate_power': 1.2506712366680293}. Best is trial 95 with value: 0.6081459099384117.
[I 2026-05-22 17:50:47,559] Trial 96 finished with value: 0.6033534181262169 and parameters: {'P_amp': 0.8217296412419887, 'P_wet': 1597.294898267426, 'P_pow': 5.91822800145544, 'rate_power': 1.2575034688845612}. Best is trial 95 with value: 0.6081459099384117.
[I 2026-05-22 17:50:47,850] Trial 97 finished with value: 0.6000911272132288 and parameters: {'P_amp': 0.008107562993104667, 'P_wet': 592.0693757511808, 'P_pow': 4.819969251294145, 'rate_power': 0.9522864136062816}. Best is trial 95 with value: 0.6081459099384117.
[I 2026-05-22 17:50:48,146] Trial 98 finished with value: 0.5928207101479154 and parameters: {'P_amp': 0.6274426938054597, 'P_wet': 824.5395861770058, 'P_pow': 1.330472922041888, 'rate_power': 0.7804641934759883}. Best is trial 95 with value: 0.6081459099384117.
[I 2026-05-22 17:50:48,441] Trial 99 finished with value: 0.6082635316267632 and parameters: {'P_amp': 0.8673590701882377, 'P_wet': 2291.322662360832, 'P_pow': 5.890207350014584, 'rate_power': 1.228908550457315}. Best is trial 99 with value: 0.6082635316267632.
[I 2026-05-22 17:50:48,737] Trial 100 finished with value: 0.6067472888898927 and parameters: {'P_amp': 0.882746354908913, 'P_wet': 1842.2928191109552, 'P_pow': 5.776973361404163, 'rate_power': 1.1737197973707618}. Best is trial 99 with value: 0.6082635316267632.
[I 2026-05-22 17:50:49,028] Trial 101 finished with value: 0.6073585255468709 and parameters: {'P_amp': 0.854883310422441, 'P_wet': 2770.2454633616912, 'P_pow': 5.160806158018455, 'rate_power': 1.1467090406090121}. Best is trial 99 with value: 0.6082635316267632.
[I 2026-05-22 17:50:49,315] Trial 102 finished with value: 0.6082080859573962 and parameters: {'P_amp': 0.8949365198997865, 'P_wet': 2722.365075840466, 'P_pow': 5.966567582164721, 'rate_power': 1.2606081316803253}. Best is trial 99 with value: 0.6082635316267632.
[I 2026-05-22 17:50:49,603] Trial 103 finished with value: 0.6079297797423896 and parameters: {'P_amp': 0.8867860942949634, 'P_wet': 2607.7010300098123, 'P_pow': 5.920779604238126, 'rate_power': 1.170562449052494}. Best is trial 99 with value: 0.6082635316267632.
[I 2026-05-22 17:50:49,890] Trial 104 finished with value: 0.60674394426867 and parameters: {'P_amp': 0.8985896475148061, 'P_wet': 3101.9769255629735, 'P_pow': 5.937693322244318, 'rate_power': 1.1156382244454113}. Best is trial 99 with value: 0.6082635316267632.
[I 2026-05-22 17:50:50,177] Trial 105 finished with value: 0.6078799174804342 and parameters: {'P_amp': 0.7938286939537492, 'P_wet': 3245.7440866339125, 'P_pow': 5.885045668799576, 'rate_power': 1.2464701706451584}. Best is trial 99 with value: 0.6082635316267632.
[I 2026-05-22 17:50:50,473] Trial 106 finished with value: 0.5852152028510502 and parameters: {'P_amp': 0.4427381007562788, 'P_wet': 2940.4218630051214, 'P_pow': 0.8785268590034923, 'rate_power': 0.7186084869139573}. Best is trial 99 with value: 0.6082635316267632.
[I 2026-05-22 17:50:50,761] Trial 107 finished with value: 0.6083231421626458 and parameters: {'P_amp': 0.8975653614492066, 'P_wet': 2477.3404303817397, 'P_pow': 5.967125566048683, 'rate_power': 1.2116568404032395}. Best is trial 107 with value: 0.6083231421626458.
[I 2026-05-22 17:50:51,056] Trial 108 finished with value: 0.5840540080142711 and parameters: {'P_amp': 0.22376152803519955, 'P_wet': 1171.4982825199827, 'P_pow': 5.9879145005470065, 'rate_power': 0.7304555964003806}. Best is trial 107 with value: 0.6083231421626458.
[I 2026-05-22 17:50:51,344] Trial 109 finished with value: 0.6082016423936183 and parameters: {'P_amp': 0.8675276603491588, 'P_wet': 2520.6026390043885, 'P_pow': 5.781477407332955, 'rate_power': 1.267072142367671}. Best is trial 107 with value: 0.6083231421626458.
[I 2026-05-22 17:50:51,634] Trial 110 finished with value: 0.6037479319258526 and parameters: {'P_amp': 0.8405482135915273, 'P_wet': 1654.7612501380158, 'P_pow': 5.942463250624724, 'rate_power': 1.2917763128354511}. Best is trial 107 with value: 0.6083231421626458.
[I 2026-05-22 17:50:51,921] Trial 111 finished with value: 0.6082345743163198 and parameters: {'P_amp': 0.8660936887207888, 'P_wet': 2402.1313020659522, 'P_pow': 5.750813841983735, 'rate_power': 1.2500434060886576}. Best is trial 107 with value: 0.6083231421626458.
[I 2026-05-22 17:50:52,212] Trial 112 finished with value: 0.5984470696684204 and parameters: {'P_amp': 0.8052136992361999, 'P_wet': 1419.452724533261, 'P_pow': 5.149362101295654, 'rate_power': 1.2219128811128885}. Best is trial 107 with value: 0.6083231421626458.
[I 2026-05-22 17:50:52,506] Trial 113 finished with value: 0.607641313977731 and parameters: {'P_amp': 0.8877468920686256, 'P_wet': 3964.588850774013, 'P_pow': 5.345357021310631, 'rate_power': 1.265461557416911}. Best is trial 107 with value: 0.6083231421626458.
[I 2026-05-22 17:50:52,794] Trial 114 finished with value: 0.6081985622910386 and parameters: {'P_amp': 0.84719496971194, 'P_wet': 2358.169590436285, 'P_pow': 5.739511688367247, 'rate_power': 1.227918999175117}. Best is trial 107 with value: 0.6083231421626458.
[I 2026-05-22 17:50:53,084] Trial 115 finished with value: 0.6081467889149877 and parameters: {'P_amp': 0.8865882123391059, 'P_wet': 2742.3324050875804, 'P_pow': 5.74184929299962, 'rate_power': 1.2626253253057156}. Best is trial 107 with value: 0.6083231421626458.
[I 2026-05-22 17:50:53,389] Trial 116 finished with value: 0.6082208133496677 and parameters: {'P_amp': 0.8824826384131998, 'P_wet': 2336.616430733271, 'P_pow': 5.872392437262734, 'rate_power': 1.2562345259275693}. Best is trial 107 with value: 0.6083231421626458.
[I 2026-05-22 17:50:53,681] Trial 117 finished with value: 0.607506540911375 and parameters: {'P_amp': 0.899742975076027, 'P_wet': 3522.7342812064767, 'P_pow': 5.250303480859946, 'rate_power': 1.1969352523997576}. Best is trial 107 with value: 0.6083231421626458.
[I 2026-05-22 17:50:53,969] Trial 118 finished with value: 0.6080213813198324 and parameters: {'P_amp': 0.84669647274433, 'P_wet': 2906.5564420078763, 'P_pow': 5.70840004974667, 'rate_power': 1.27542674712437}. Best is trial 107 with value: 0.6083231421626458.
[I 2026-05-22 17:50:54,256] Trial 119 finished with value: 0.6056290448941691 and parameters: {'P_amp': 0.8660000376017211, 'P_wet': 1798.7516680804708, 'P_pow': 5.520608905155923, 'rate_power': 1.2530605329539486}. Best is trial 107 with value: 0.6083231421626458.
[I 2026-05-22 17:50:54,556] Trial 120 finished with value: 0.6080833477270269 and parameters: {'P_amp': 0.8869903062689714, 'P_wet': 2184.5751866196865, 'P_pow': 5.972829926364594, 'rate_power': 1.2685328373694205}. Best is trial 107 with value: 0.6083231421626458.
[I 2026-05-22 17:50:54,851] Trial 121 finished with value: 0.6081781407478634 and parameters: {'P_amp': 0.8726372020671491, 'P_wet': 2474.0286974112546, 'P_pow': 5.848409626386426, 'rate_power': 1.2786969948656308}. Best is trial 107 with value: 0.6083231421626458.
[I 2026-05-22 17:50:55,147] Trial 122 finished with value: 0.6078780538422498 and parameters: {'P_amp': 0.875112818505639, 'P_wet': 3339.3674531799866, 'P_pow': 5.910644813743847, 'rate_power': 1.2474056489522485}. Best is trial 107 with value: 0.6083231421626458.
[I 2026-05-22 17:50:55,452] Trial 123 finished with value: 0.6080906332427326 and parameters: {'P_amp': 0.8441217048364708, 'P_wet': 2520.429486276566, 'P_pow': 5.843734202370544, 'rate_power': 1.2889941249726493}. Best is trial 107 with value: 0.6083231421626458.
[I 2026-05-22 17:50:55,756] Trial 124 finished with value: 0.6069533855636184 and parameters: {'P_amp': 0.8800943611196194, 'P_wet': 1882.0830813728942, 'P_pow': 5.923085915509556, 'rate_power': 1.240299721601167}. Best is trial 107 with value: 0.6083231421626458.
[I 2026-05-22 17:50:56,050] Trial 125 finished with value: 0.6078511938561384 and parameters: {'P_amp': 0.8187915075372818, 'P_wet': 2917.361943478456, 'P_pow': 5.5262828913727535, 'rate_power': 1.2993585491688457}. Best is trial 107 with value: 0.6083231421626458.
[I 2026-05-22 17:50:56,345] Trial 126 finished with value: 0.6079860283279871 and parameters: {'P_amp': 0.8604183684815082, 'P_wet': 2230.0144878598144, 'P_pow': 5.903095133171782, 'rate_power': 1.2818338443750694}. Best is trial 107 with value: 0.6083231421626458.
[I 2026-05-22 17:50:56,641] Trial 127 finished with value: 0.6062185987158832 and parameters: {'P_amp': 0.8746086829036317, 'P_wet': 1988.5910379826728, 'P_pow': 5.002304333863592, 'rate_power': 1.2768338125562593}. Best is trial 107 with value: 0.6083231421626458.
[I 2026-05-22 17:50:56,937] Trial 128 finished with value: 0.6081152574074311 and parameters: {'P_amp': 0.8884501517141743, 'P_wet': 2843.7175808846164, 'P_pow': 5.987844106115165, 'rate_power': 1.2777531727763929}. Best is trial 107 with value: 0.6083231421626458.
[I 2026-05-22 17:50:57,232] Trial 129 finished with value: 0.597552482179642 and parameters: {'P_amp': 0.45093629275314034, 'P_wet': 1086.3934650271774, 'P_pow': 3.017979392282626, 'rate_power': 0.929260339975561}. Best is trial 107 with value: 0.6083231421626458.
[I 2026-05-22 17:50:57,528] Trial 130 finished with value: 0.607949866077024 and parameters: {'P_amp': 0.8994157253567683, 'P_wet': 2610.0494365389977, 'P_pow': 5.584134178387499, 'rate_power': 1.299271275772272}. Best is trial 107 with value: 0.6083231421626458.
[I 2026-05-22 17:50:57,823] Trial 131 finished with value: 0.6080541749112787 and parameters: {'P_amp': 0.8689339309240809, 'P_wet': 2456.1324451274036, 'P_pow': 5.881920072590836, 'rate_power': 1.1811499190303851}. Best is trial 107 with value: 0.6083231421626458.
[I 2026-05-22 17:50:58,118] Trial 132 finished with value: 0.5864147335870763 and parameters: {'P_amp': 0.8897465335451866, 'P_wet': 1169.1179939234094, 'P_pow': 5.425093816341664, 'rate_power': 1.1542601907995833}. Best is trial 107 with value: 0.6083231421626458.
[I 2026-05-22 17:50:58,414] Trial 133 finished with value: 0.6078718667895147 and parameters: {'P_amp': 0.8513545573005558, 'P_wet': 2679.3334481824345, 'P_pow': 5.789674871140109, 'rate_power': 1.178287250990041}. Best is trial 107 with value: 0.6083231421626458.
[I 2026-05-22 17:50:58,708] Trial 134 finished with value: 0.608170212279897 and parameters: {'P_amp': 0.8686362589132416, 'P_wet': 2621.194897260184, 'P_pow': 5.67753624757039, 'rate_power': 1.2546924535340498}. Best is trial 107 with value: 0.6083231421626458.
[I 2026-05-22 17:50:59,004] Trial 135 finished with value: 0.6079567796615857 and parameters: {'P_amp': 0.8531805956943763, 'P_wet': 2910.5351458730242, 'P_pow': 5.979677114802886, 'rate_power': 1.2092075231408457}. Best is trial 107 with value: 0.6083231421626458.
[I 2026-05-22 17:50:59,299] Trial 136 finished with value: 0.6077709034515433 and parameters: {'P_amp': 0.8790346292979142, 'P_wet': 3583.0605230022306, 'P_pow': 5.971595394877214, 'rate_power': 1.2446640857863536}. Best is trial 107 with value: 0.6083231421626458.
[I 2026-05-22 17:50:59,591] Trial 137 finished with value: 0.6081596149751664 and parameters: {'P_amp': 0.8928741877863957, 'P_wet': 2818.2143080647456, 'P_pow': 5.998594216796268, 'rate_power': 1.273432047838796}. Best is trial 107 with value: 0.6083231421626458.
[I 2026-05-22 17:50:59,880] Trial 138 finished with value: 0.6022780412896063 and parameters: {'P_amp': 0.8565521191272361, 'P_wet': 1648.0108816762936, 'P_pow': 4.491054566357451, 'rate_power': 1.2156186598612628}. Best is trial 107 with value: 0.6083231421626458.
[I 2026-05-22 17:51:00,169] Trial 139 finished with value: 0.6058313831627177 and parameters: {'P_amp': 0.8817259667144761, 'P_wet': 1901.976506693133, 'P_pow': 5.006940455238341, 'rate_power': 1.2542869343681204}. Best is trial 107 with value: 0.6083231421626458.
[I 2026-05-22 17:51:00,457] Trial 140 finished with value: 0.6074964362511275 and parameters: {'P_amp': 0.8868433681232998, 'P_wet': 4639.5639683476675, 'P_pow': 5.685409691683487, 'rate_power': 1.2982899776621986}. Best is trial 107 with value: 0.6083231421626458.
[I 2026-05-22 17:51:00,745] Trial 141 finished with value: 0.607998776827942 and parameters: {'P_amp': 0.8258354200100309, 'P_wet': 2955.4226042803316, 'P_pow': 5.876348370732848, 'rate_power': 1.2781545211097685}. Best is trial 107 with value: 0.6083231421626458.
[I 2026-05-22 17:51:01,034] Trial 142 finished with value: 0.6080527194616283 and parameters: {'P_amp': 0.8925468928871193, 'P_wet': 2627.6292927201766, 'P_pow': 5.77275375619172, 'rate_power': 1.192646997353422}. Best is trial 107 with value: 0.6083231421626458.
[I 2026-05-22 17:51:01,323] Trial 143 finished with value: 0.6080962527831392 and parameters: {'P_amp': 0.8801585809616543, 'P_wet': 2320.8149766390625, 'P_pow': 5.967385624767824, 'rate_power': 1.2849397386422416}. Best is trial 107 with value: 0.6083231421626458.
[I 2026-05-22 17:51:01,611] Trial 144 finished with value: 0.6080284799930739 and parameters: {'P_amp': 0.8850841612876198, 'P_wet': 2242.528407518468, 'P_pow': 5.958186555970626, 'rate_power': 1.2881863073129862}. Best is trial 107 with value: 0.6083231421626458.
[I 2026-05-22 17:51:01,905] Trial 145 finished with value: 0.6006173194567221 and parameters: {'P_amp': 0.04851558332388184, 'P_wet': 2687.099962224683, 'P_pow': 3.266876508064373, 'rate_power': 0.9611712566598841}. Best is trial 107 with value: 0.6083231421626458.
[I 2026-05-22 17:51:02,194] Trial 146 finished with value: 0.6078090008360132 and parameters: {'P_amp': 0.8937010711243114, 'P_wet': 2030.8206001842793, 'P_pow': 5.957957683792665, 'rate_power': 1.2331485183397581}. Best is trial 107 with value: 0.6083231421626458.
[I 2026-05-22 17:51:02,482] Trial 147 finished with value: 0.6073823915887958 and parameters: {'P_amp': 0.8758398308686238, 'P_wet': 1919.4445490706194, 'P_pow': 5.944323231347541, 'rate_power': 1.1727653742766226}. Best is trial 107 with value: 0.6083231421626458.
[I 2026-05-22 17:51:02,771] Trial 148 finished with value: 0.6078051999945145 and parameters: {'P_amp': 0.8427901744349322, 'P_wet': 3269.9897540938778, 'P_pow': 5.879496045587302, 'rate_power': 1.2919157746043082}. Best is trial 107 with value: 0.6083231421626458.
[I 2026-05-22 17:51:03,058] Trial 149 finished with value: 0.6076743487673597 and parameters: {'P_amp': 0.8429904180808547, 'P_wet': 2903.733598445042, 'P_pow': 4.343138357141594, 'rate_power': 1.2133741755529572}. Best is trial 107 with value: 0.6083231421626458.
[I 2026-05-22 17:51:03,346] Trial 150 finished with value: 0.6007845771408054 and parameters: {'P_amp': 0.47803830984994766, 'P_wet': 2376.905732630459, 'P_pow': 1.5625517337177808, 'rate_power': 0.9509996047962783}. Best is trial 107 with value: 0.6083231421626458.
[I 2026-05-22 17:51:03,632] Trial 151 finished with value: 0.6080286305429309 and parameters: {'P_amp': 0.8891030960063065, 'P_wet': 2584.0793061853933, 'P_pow': 5.277368615250272, 'rate_power': 1.2663813219131237}. Best is trial 107 with value: 0.6083231421626458.
[I 2026-05-22 17:51:03,921] Trial 152 finished with value: 0.5885911897728133 and parameters: {'P_amp': 0.8746211423993896, 'P_wet': 1252.5846002208061, 'P_pow': 5.9435072699540505, 'rate_power': 1.2799004055422094}. Best is trial 107 with value: 0.6083231421626458.
[I 2026-05-22 17:51:04,209] Trial 153 finished with value: 0.6079112455714532 and parameters: {'P_amp': 0.8805709615977192, 'P_wet': 2338.2211636879592, 'P_pow': 5.330971482492209, 'rate_power': 1.2526967057320344}. Best is trial 107 with value: 0.6083231421626458.
[I 2026-05-22 17:51:04,498] Trial 154 finished with value: 0.6076970258867993 and parameters: {'P_amp': 0.8206621545466735, 'P_wet': 2070.391563295543, 'P_pow': 5.881081926021847, 'rate_power': 1.2665847703860833}. Best is trial 107 with value: 0.6083231421626458.
[I 2026-05-22 17:51:04,796] Trial 155 finished with value: 0.6077632114623494 and parameters: {'P_amp': 0.8244449521641151, 'P_wet': 2226.8551824512197, 'P_pow': 5.663886875362215, 'rate_power': 1.293813861404151}. Best is trial 107 with value: 0.6083231421626458.
[I 2026-05-22 17:51:05,092] Trial 156 finished with value: 0.5978473523810398 and parameters: {'P_amp': 0.6979458433764325, 'P_wet': 1300.689287374513, 'P_pow': 5.970706692565333, 'rate_power': 1.1782671607452828}. Best is trial 107 with value: 0.6083231421626458.
[I 2026-05-22 17:51:05,396] Trial 157 finished with value: 0.6079325641802126 and parameters: {'P_amp': 0.8896244049042672, 'P_wet': 2286.9940718505736, 'P_pow': 5.513445618698933, 'rate_power': 1.270531974587616}. Best is trial 107 with value: 0.6083231421626458.
[I 2026-05-22 17:51:05,692] Trial 158 finished with value: 0.6079645024437152 and parameters: {'P_amp': 0.8949034686255078, 'P_wet': 3171.9664928754964, 'P_pow': 5.959778238495728, 'rate_power': 1.2692727735136173}. Best is trial 107 with value: 0.6083231421626458.
[I 2026-05-22 17:51:05,989] Trial 159 finished with value: 0.608039866365211 and parameters: {'P_amp': 0.8704734449349139, 'P_wet': 2748.36179397018, 'P_pow': 5.725653184547846, 'rate_power': 1.28196003828788}. Best is trial 107 with value: 0.6083231421626458.
[I 2026-05-22 17:51:06,285] Trial 160 finished with value: 0.6076490002428141 and parameters: {'P_amp': 0.8649986106248115, 'P_wet': 2092.1029244859947, 'P_pow': 5.877315472260663, 'rate_power': 1.1374820502478185}. Best is trial 107 with value: 0.6083231421626458.
[I 2026-05-22 17:51:06,582] Trial 161 finished with value: 0.5857560795407996 and parameters: {'P_amp': 0.05062083078473589, 'P_wet': 356.2106185561563, 'P_pow': 5.261201065889124, 'rate_power': 0.7497924654994084}. Best is trial 107 with value: 0.6083231421626458.
