[I 2026-05-22 17:45:04,701] Trial 455 finished with value: 0.5175407626295286 and parameters: {'k1': 0.03103903372528557, 'D_low': 23.63701751104891, 'k2': 0.00024116231977119377, 'D_high': 256.99017054667826, 'fire_exp': 1.178197600173554, 'P_half': 35.61972117043828, 'pre_dampen_half': 4.120186613214857, 'gpp_af': 0.06629980065087143, 'gpp_b': 4.649344651829254e-06, 'gpp_d': 0.584049447146214, 'ign_k': 9.492302982420258, 'ign_c': 6.4728326830283365, 'dryanom_half': 186.93910719345058, 'dry_amp': 0.3359915069446759}. Best is trial 0 with value: 0.6103502735484728.
[I 2026-05-22 17:45:05,179] Trial 456 finished with value: 0.512217616340418 and parameters: {'k1': 0.0008495206498480886, 'D_low': 3.9896233393898894, 'k2': 0.008459001337334278, 'D_high': 182.90531101606507, 'fire_exp': 0.41685714343032376, 'P_half': 45.74863667095826, 'pre_dampen_half': 25.073464911040297, 'gpp_af': 0.08272923119652012, 'gpp_b': 2.3165417678876514e-05, 'gpp_d': 0.017458524058504184, 'ign_k': 4.932011945449774, 'ign_c': 15.564724656356471, 'dryanom_half': 8.42955366906848, 'dry_amp': 0.22956324617635515}. Best is trial 0 with value: 0.6103502735484728.
[I 2026-05-22 17:45:05,656] Trial 457 finished with value: 0.41399469349489615 and parameters: {'k1': 3.072177475006592e-05, 'D_low': 11.323155507240495, 'k2': 0.0031397835415174352, 'D_high': 24448.247827043237, 'fire_exp': 0.36457344988106566, 'P_half': 291.32171034209995, 'pre_dampen_half': 7.382831362526403, 'gpp_af': 0.02616868551407129, 'gpp_b': 0.00022055578233307134, 'gpp_d': 0.07116362483059911, 'ign_k': 7.151383049756032, 'ign_c': 32.77924909359896, 'dryanom_half': 8.094494877173766, 'dry_amp': 0.03666352358316777}. Best is trial 0 with value: 0.6103502735484728.
[I 2026-05-22 17:45:06,136] Trial 458 finished with value: 0.5281650747872879 and parameters: {'k1': 0.03226456103758987, 'D_low': 194.94856040823572, 'k2': 1.7108922022782034e-05, 'D_high': 18.651451311932135, 'fire_exp': 1.2396525315546683, 'P_half': 10.719539138577096, 'pre_dampen_half': 2.73712215821751, 'gpp_af': 0.4439348960574324, 'gpp_b': 9.106839790890587e-05, 'gpp_d': 4.514799383232127, 'ign_k': 2.506566154935733, 'ign_c': 1.9140329212089144, 'dryanom_half': 0.10322532610474153, 'dry_amp': 0.32962160190257195}. Best is trial 0 with value: 0.6103502735484728.
[I 2026-05-22 17:45:06,614] Trial 459 finished with value: 0.49302338613119107 and parameters: {'k1': 0.001983548681834303, 'D_low': 191.67679610843956, 'k2': 1.0975760347315462e-05, 'D_high': 469.1281338906967, 'fire_exp': 0.6700151405998596, 'P_half': 3332.5790753442484, 'pre_dampen_half': 28.7438809799986, 'gpp_af': 50.758435016946365, 'gpp_b': 8.77692529397322e-05, 'gpp_d': 18.092872878732276, 'ign_k': 3.5801871501063665, 'ign_c': 20.122316918628176, 'dryanom_half': 28.612585857871625, 'dry_amp': 0.17947465489423572}. Best is trial 0 with value: 0.6103502735484728.
[I 2026-05-22 17:45:07,108] Trial 460 finished with value: 0.5765692621321766 and parameters: {'k1': 0.09768583380035596, 'D_low': 26.635481243091757, 'k2': 0.008416288742819179, 'D_high': 62332.901456477586, 'fire_exp': 1.6240333166009748, 'P_half': 0.21533753175702078, 'pre_dampen_half': 9.71313363239595, 'gpp_af': 0.030272659919217678, 'gpp_b': 1.412215629383132e-05, 'gpp_d': 0.05091345066269243, 'ign_k': 0.13531396865363227, 'ign_c': 1.0206339722515319, 'dryanom_half': 2.686734360729508, 'dry_amp': 0.2511058727088281}. Best is trial 0 with value: 0.6103502735484728.
[I 2026-05-22 17:45:07,585] Trial 461 finished with value: 0.5311727401818829 and parameters: {'k1': 0.03512868582937415, 'D_low': 21.864661594609082, 'k2': 0.000660406645547145, 'D_high': 13163.448948590518, 'fire_exp': 1.6770752693767412, 'P_half': 23.46073439663694, 'pre_dampen_half': 556.9083957196929, 'gpp_af': 0.003482578894035347, 'gpp_b': 0.00018142161703164518, 'gpp_d': 0.18684899636103827, 'ign_k': 4.780272255646464, 'ign_c': 1.2336986093356632, 'dryanom_half': 0.13925192605508652, 'dry_amp': 0.7682310412703338}. Best is trial 0 with value: 0.6103502735484728.
[I 2026-05-22 17:45:08,065] Trial 462 finished with value: 0.4589230590780128 and parameters: {'k1': 0.00021243095691440134, 'D_low': 13.222340939135442, 'k2': 0.08923281302546306, 'D_high': 8840.461029205338, 'fire_exp': 0.47952000470043143, 'P_half': 4628.7533313394615, 'pre_dampen_half': 155.74993837155722, 'gpp_af': 0.002000623903118643, 'gpp_b': 0.0002948324046118411, 'gpp_d': 0.1378695723919074, 'ign_k': 0.2982460407114774, 'ign_c': 40.78814295474878, 'dryanom_half': 22.556621822480764, 'dry_amp': 0.2522066422825209}. Best is trial 0 with value: 0.6103502735484728.
[I 2026-05-22 17:45:08,550] Trial 463 finished with value: 0.513633688858137 and parameters: {'k1': 0.006867646842991448, 'D_low': 507.6928198192657, 'k2': 1.2389289517691718e-05, 'D_high': 1036.8675778331944, 'fire_exp': 0.4171118559050292, 'P_half': 268.93540128854704, 'pre_dampen_half': 59.8212324417312, 'gpp_af': 1.2619879552616782, 'gpp_b': 3.4370336657866856e-06, 'gpp_d': 31.257731162181944, 'ign_k': 3.5427854710264, 'ign_c': 1.8763885640195228, 'dryanom_half': 0.13422729900497557, 'dry_amp': 0.004931963275487672}. Best is trial 0 with value: 0.6103502735484728.
[I 2026-05-22 17:45:09,034] Trial 464 finished with value: 0.5533269575503411 and parameters: {'k1': 0.0021209697059715515, 'D_low': 36.99774781426176, 'k2': 0.0002483604716066867, 'D_high': 2297.4488759642263, 'fire_exp': 0.7539205970965392, 'P_half': 333.15841025986344, 'pre_dampen_half': 22.653728484526106, 'gpp_af': 0.2636907990007442, 'gpp_b': 1.6381233868374208e-06, 'gpp_d': 0.1362337658096191, 'ign_k': 1.9820460557260475, 'ign_c': 11.558810565923856, 'dryanom_half': 16.587877337838584, 'dry_amp': 0.1479075176787963}. Best is trial 0 with value: 0.6103502735484728.
[I 2026-05-22 17:45:09,516] Trial 465 finished with value: 0.3994490055432051 and parameters: {'k1': 0.017441965170302998, 'D_low': 96.3805315801517, 'k2': 0.0007995045615379146, 'D_high': 410.8484354359298, 'fire_exp': 4.381107430816883, 'P_half': 0.8110685345277672, 'pre_dampen_half': 87.71956383998725, 'gpp_af': 0.016649306872884538, 'gpp_b': 0.00017187057960629546, 'gpp_d': 0.06799038698898771, 'ign_k': 5.953614416302441, 'ign_c': 44.768656933305536, 'dryanom_half': 1.0567566062190015, 'dry_amp': 0.2975558690785414}. Best is trial 0 with value: 0.6103502735484728.
[I 2026-05-22 17:45:10,000] Trial 466 finished with value: 0.486271869710434 and parameters: {'k1': 0.00475612509725753, 'D_low': 97.01455925374161, 'k2': 0.0016599951538163334, 'D_high': 63780.00437681912, 'fire_exp': 1.450254278981223, 'P_half': 36.90851512533381, 'pre_dampen_half': 14.595898906689728, 'gpp_af': 0.08033473086570452, 'gpp_b': 9.94529956203257e-06, 'gpp_d': 0.3965649195490823, 'ign_k': 3.6984582566015876, 'ign_c': 27.873380646959767, 'dryanom_half': 0.3138818421375192, 'dry_amp': 0.5128318349787158}. Best is trial 0 with value: 0.6103502735484728.
[I 2026-05-22 17:45:10,480] Trial 467 finished with value: 0.3994490055432051 and parameters: {'k1': 0.03893953385485086, 'D_low': 14.659260639772667, 'k2': 0.0005407833949726929, 'D_high': 39.15992989219999, 'fire_exp': 0.6701444407507722, 'P_half': 13.276164513662595, 'pre_dampen_half': 5.936754040667463, 'gpp_af': 0.002683722192980364, 'gpp_b': 4.512190083803075e-06, 'gpp_d': 96.98301339002462, 'ign_k': 3.0829364656502882, 'ign_c': 82.37477123921823, 'dryanom_half': 14.682911981258478, 'dry_amp': 0.21943823616116634}. Best is trial 0 with value: 0.6103502735484728.
[I 2026-05-22 17:45:10,963] Trial 468 finished with value: 0.5608387744456672 and parameters: {'k1': 0.0020506195057342436, 'D_low': 141.0669124657758, 'k2': 0.0003373716401037914, 'D_high': 1167.243972956972, 'fire_exp': 0.4101454056687224, 'P_half': 515.8829964570739, 'pre_dampen_half': 7.814946457713188, 'gpp_af': 6.502445677091522, 'gpp_b': 7.428449427540512e-05, 'gpp_d': 717.060751713125, 'ign_k': 9.599121927842118, 'ign_c': 3.706194566451993, 'dryanom_half': 215.0877708157354, 'dry_amp': 0.12136401746337833}. Best is trial 0 with value: 0.6103502735484728.
[I 2026-05-22 17:45:11,447] Trial 469 finished with value: 0.4600354253404966 and parameters: {'k1': 0.0988847167969699, 'D_low': 378.5746441499525, 'k2': 0.0008338046069036329, 'D_high': 486.8471312463881, 'fire_exp': 1.408750183639766, 'P_half': 6968.540590058801, 'pre_dampen_half': 20.875565825284212, 'gpp_af': 0.08103170565931601, 'gpp_b': 6.17487070994506e-06, 'gpp_d': 10.15013039581081, 'ign_k': 0.7383845820196278, 'ign_c': 12.499943585319244, 'dryanom_half': 136.7585366269613, 'dry_amp': 0.03294028693293881}. Best is trial 0 with value: 0.6103502735484728.
[I 2026-05-22 17:45:11,925] Trial 470 finished with value: 0.500365870417961 and parameters: {'k1': 0.08706380090661879, 'D_low': 14.116346505807234, 'k2': 0.0027447666355795894, 'D_high': 1174.0498256379076, 'fire_exp': 1.6024788886361623, 'P_half': 4.013163540969187, 'pre_dampen_half': 11.930730684950467, 'gpp_af': 0.14329459128596175, 'gpp_b': 0.0021093665648286132, 'gpp_d': 13.78226901777323, 'ign_k': 0.0994667755478839, 'ign_c': 24.46001970729875, 'dryanom_half': 36.388026449341325, 'dry_amp': 0.04307665747328634}. Best is trial 0 with value: 0.6103502735484728.
[I 2026-05-22 17:45:12,405] Trial 471 finished with value: 0.50795616477551 and parameters: {'k1': 0.0030466632276698936, 'D_low': 27.386353367013733, 'k2': 0.05053855174068322, 'D_high': 3234.1243772504104, 'fire_exp': 1.305447897845242, 'P_half': 0.7795192743774064, 'pre_dampen_half': 3.651560217831325, 'gpp_af': 4.818031498201175, 'gpp_b': 0.000520703924426585, 'gpp_d': 261.5739556849848, 'ign_k': 0.12753454288700028, 'ign_c': 25.252461536818902, 'dryanom_half': 2.394084892106381, 'dry_amp': 0.03523837957946276}. Best is trial 0 with value: 0.6103502735484728.
[I 2026-05-22 17:45:12,887] Trial 472 finished with value: 0.4363085945376114 and parameters: {'k1': 0.004833658573920563, 'D_low': 11.909366648750744, 'k2': 2.801628820635817e-05, 'D_high': 4635.958383131838, 'fire_exp': 0.6241422327105369, 'P_half': 120.32209046594006, 'pre_dampen_half': 18.102546402084673, 'gpp_af': 22.694475490492827, 'gpp_b': 0.002261586339027976, 'gpp_d': 855.7053503697264, 'ign_k': 2.6126602566333017, 'ign_c': 32.50064721921728, 'dryanom_half': 0.30637796491914987, 'dry_amp': 0.33552610354474655}. Best is trial 0 with value: 0.6103502735484728.
[I 2026-05-22 17:45:13,365] Trial 473 finished with value: 0.3994490055432051 and parameters: {'k1': 0.02115823915948236, 'D_low': 335.3826462398024, 'k2': 0.0002846655598130813, 'D_high': 3410.3966383066445, 'fire_exp': 0.36540139049607534, 'P_half': 12.662790106429807, 'pre_dampen_half': 335.4425864474949, 'gpp_af': 0.18038843382244157, 'gpp_b': 0.0035354765331998238, 'gpp_d': 5.451837970221786, 'ign_k': 4.262058314627791, 'ign_c': 378.7921371802895, 'dryanom_half': 75.60016467735913, 'dry_amp': 0.13148199815474254}. Best is trial 0 with value: 0.6103502735484728.
[I 2026-05-22 17:45:13,843] Trial 474 finished with value: 0.5738494343908027 and parameters: {'k1': 0.006217699617877076, 'D_low': 6.128180738062066, 'k2': 0.00016728467265066538, 'D_high': 7658.2169370804895, 'fire_exp': 1.1432412508553065, 'P_half': 2.8908953053984487, 'pre_dampen_half': 8.192129189841781, 'gpp_af': 0.0011243927640934219, 'gpp_b': 2.6374875643346504e-06, 'gpp_d': 264.952552101821, 'ign_k': 1.866294973217289, 'ign_c': 7.018152632765784, 'dryanom_half': 13.079800838743319, 'dry_amp': 0.3257858236021738}. Best is trial 0 with value: 0.6103502735484728.
[I 2026-05-22 17:45:14,328] Trial 475 finished with value: 0.5809797981960223 and parameters: {'k1': 0.0006453529253299451, 'D_low': 137.65973763265958, 'k2': 3.801125390620659e-05, 'D_high': 22.906481755582604, 'fire_exp': 0.5251357779855164, 'P_half': 0.14695050265869547, 'pre_dampen_half': 5.340435945644819, 'gpp_af': 0.011215435721288467, 'gpp_b': 4.0767041847550264e-05, 'gpp_d': 136.35470555291832, 'ign_k': 1.6267684127485875, 'ign_c': 21.1630978855188, 'dryanom_half': 3.5813413342062104, 'dry_amp': 0.3573315370329354}. Best is trial 0 with value: 0.6103502735484728.
[I 2026-05-22 17:45:14,805] Trial 476 finished with value: 0.5796728604957601 and parameters: {'k1': 0.02700895978411338, 'D_low': 2.063113730325619, 'k2': 5.7109185230933895e-05, 'D_high': 825.709639093309, 'fire_exp': 0.7815513941121072, 'P_half': 26.08023912838146, 'pre_dampen_half': 253.60492558571158, 'gpp_af': 0.00134383564691455, 'gpp_b': 2.7090196000935397e-06, 'gpp_d': 15.818812401240653, 'ign_k': 8.581205551015422, 'ign_c': 20.069076889838637, 'dryanom_half': 49.20215589908245, 'dry_amp': 0.21896853406930802}. Best is trial 0 with value: 0.6103502735484728.
[I 2026-05-22 17:45:15,282] Trial 477 finished with value: 0.42021341262200623 and parameters: {'k1': 0.004178682591550587, 'D_low': 11.821884797950801, 'k2': 0.00019273889549284204, 'D_high': 1144.9592657894348, 'fire_exp': 0.7219383907942649, 'P_half': 0.22933934513846346, 'pre_dampen_half': 8.266966845031648, 'gpp_af': 0.003998468181792674, 'gpp_b': 1.8296054344581578e-06, 'gpp_d': 907.9140612599589, 'ign_k': 2.552565594810349, 'ign_c': 34.080987352205206, 'dryanom_half': 97.78909233880651, 'dry_amp': 0.3162418910943816}. Best is trial 0 with value: 0.6103502735484728.
[I 2026-05-22 17:45:15,759] Trial 478 finished with value: 0.5781276048321233 and parameters: {'k1': 0.02266346409746938, 'D_low': 63.34265608928519, 'k2': 3.800612345199796e-05, 'D_high': 917.1120902192475, 'fire_exp': 0.488841276320659, 'P_half': 302.1201135807207, 'pre_dampen_half': 3.0423478481678123, 'gpp_af': 0.015465710402026475, 'gpp_b': 7.613079116726096e-06, 'gpp_d': 6.9474919347378865, 'ign_k': 0.8985400013775837, 'ign_c': 10.382472527081864, 'dryanom_half': 71.25605858783179, 'dry_amp': 0.3403839424382335}. Best is trial 0 with value: 0.6103502735484728.
[I 2026-05-22 17:45:16,239] Trial 479 finished with value: 0.5654300566382031 and parameters: {'k1': 0.015453582855525784, 'D_low': 6.7279958085753, 'k2': 0.07573726652399283, 'D_high': 10173.287301099599, 'fire_exp': 2.2035275796251823, 'P_half': 7.06007445725303, 'pre_dampen_half': 4.048444185083095, 'gpp_af': 0.002577184956503708, 'gpp_b': 5.462704154993707e-06, 'gpp_d': 4.0028448941203765, 'ign_k': 1.6955047995547807, 'ign_c': 0.10024914610022055, 'dryanom_half': 2.616354859778741, 'dry_amp': 0.00958117777578757}. Best is trial 0 with value: 0.6103502735484728.
[I 2026-05-22 17:45:16,720] Trial 480 finished with value: 0.5513535458823802 and parameters: {'k1': 0.04872693968126775, 'D_low': 7.028473432725716, 'k2': 1.426396550646214e-05, 'D_high': 596.1086621149657, 'fire_exp': 1.368930216849013, 'P_half': 14.531600681519883, 'pre_dampen_half': 10.248802606153157, 'gpp_af': 0.5236616037366261, 'gpp_b': 8.643950778725413e-05, 'gpp_d': 12.000984679877718, 'ign_k': 9.265069495148815, 'ign_c': 17.47228637593641, 'dryanom_half': 0.41094492561199214, 'dry_amp': 0.2389241769359977}. Best is trial 0 with value: 0.6103502735484728.
[I 2026-05-22 17:45:17,200] Trial 481 finished with value: 0.3994490055432051 and parameters: {'k1': 0.004359490399170408, 'D_low': 29.539071822135316, 'k2': 0.0007110115310372711, 'D_high': 5205.3721609907025, 'fire_exp': 0.44159039179559473, 'P_half': 56.93571428802049, 'pre_dampen_half': 3.510656553801133, 'gpp_af': 0.07592471513317771, 'gpp_b': 0.0003464081726527363, 'gpp_d': 1.710378280769801, 'ign_k': 2.8985447350804265, 'ign_c': 115.43825076760676, 'dryanom_half': 53.633323439985794, 'dry_amp': 0.6147766373111265}. Best is trial 0 with value: 0.6103502735484728.
[I 2026-05-22 17:45:17,682] Trial 482 finished with value: 0.3994490055432051 and parameters: {'k1': 0.00010573323905620838, 'D_low': 18.32828953449924, 'k2': 0.05826956720655646, 'D_high': 1706.3791399978097, 'fire_exp': 0.39243750090507795, 'P_half': 104.37659118413569, 'pre_dampen_half': 732.1209767715852, 'gpp_af': 0.010641903943175324, 'gpp_b': 5.519092705776762e-06, 'gpp_d': 0.17937493786170194, 'ign_k': 2.755698917770887, 'ign_c': 92.16310838731363, 'dryanom_half': 6.094408443138204, 'dry_amp': 0.6445184435748736}. Best is trial 0 with value: 0.6103502735484728.
[I 2026-05-22 17:45:18,165] Trial 483 finished with value: 0.42822414741109216 and parameters: {'k1': 0.022752054742028183, 'D_low': 92.07094219179653, 'k2': 0.001228884491277472, 'D_high': 6712.2714214273055, 'fire_exp': 4.621339566626717, 'P_half': 1.20757587605, 'pre_dampen_half': 41.390881440931565, 'gpp_af': 0.16956340414103338, 'gpp_b': 0.0007673057176982308, 'gpp_d': 0.8097761094875924, 'ign_k': 2.388617343243376, 'ign_c': 28.21769750544924, 'dryanom_half': 0.21310652902767405, 'dry_amp': 0.5214875150081373}. Best is trial 0 with value: 0.6103502735484728.
[I 2026-05-22 17:45:18,644] Trial 484 finished with value: 0.3994490055432051 and parameters: {'k1': 0.03279209140631062, 'D_low': 72.66427248911813, 'k2': 0.005013751710876453, 'D_high': 8768.154105036705, 'fire_exp': 3.8321377201453553, 'P_half': 3.365490461203448, 'pre_dampen_half': 468.1492555924088, 'gpp_af': 0.0029313572867522624, 'gpp_b': 0.00012690731584037997, 'gpp_d': 0.1290567120501391, 'ign_k': 2.592830404069476, 'ign_c': 91.40567500310964, 'dryanom_half': 0.24573045386362619, 'dry_amp': 0.6139529145039345}. Best is trial 0 with value: 0.6103502735484728.
[I 2026-05-22 17:45:19,126] Trial 485 finished with value: 0.5310210197577742 and parameters: {'k1': 0.013279571495684369, 'D_low': 5.504248382126048, 'k2': 1.7882432653803743e-05, 'D_high': 2300.9570065755815, 'fire_exp': 0.4788650569806283, 'P_half': 274.7377379919095, 'pre_dampen_half': 0.021911524588445152, 'gpp_af': 84.51615435277931, 'gpp_b': 6.379415211444165e-05, 'gpp_d': 222.71750932696898, 'ign_k': 8.792372021620972, 'ign_c': 5.283300293085473, 'dryanom_half': 0.21903342833519954, 'dry_amp': 0.009747151085636535}. Best is trial 0 with value: 0.6103502735484728.
[I 2026-05-22 17:45:19,601] Trial 486 finished with value: 0.4808916720580709 and parameters: {'k1': 0.0017195335011576899, 'D_low': 41.57092411916585, 'k2': 0.0037658002072348045, 'D_high': 137.37304788402997, 'fire_exp': 1.0563034978691743, 'P_half': 448.4154583910976, 'pre_dampen_half': 399.961740811888, 'gpp_af': 0.022239539346345295, 'gpp_b': 9.64970260350077e-05, 'gpp_d': 0.06158025379228791, 'ign_k': 0.14124944313861976, 'ign_c': 7.982069653651922, 'dryanom_half': 57.461175304764126, 'dry_amp': 0.5194172120725628}. Best is trial 0 with value: 0.6103502735484728.
[I 2026-05-22 17:45:20,082] Trial 487 finished with value: 0.5716680010240585 and parameters: {'k1': 0.032577639618586424, 'D_low': 13.942112008319468, 'k2': 0.04504399085182888, 'D_high': 4803.659093489605, 'fire_exp': 5.426558035832423, 'P_half': 0.13497770769462844, 'pre_dampen_half': 160.758444436748, 'gpp_af': 0.012881562540332722, 'gpp_b': 1.4581915570344338e-06, 'gpp_d': 0.5918590386579166, 'ign_k': 0.37260834102858514, 'ign_c': 0.18503602211875092, 'dryanom_half': 0.42544207269920936, 'dry_amp': 0.12462233540334401}. Best is trial 0 with value: 0.6103502735484728.
[I 2026-05-22 17:45:20,566] Trial 488 finished with value: 0.44191746184704717 and parameters: {'k1': 0.010861457263619924, 'D_low': 3.1115967956839437, 'k2': 5.446715024665495e-05, 'D_high': 500.18511123035006, 'fire_exp': 0.41820260269959764, 'P_half': 63.67501136111304, 'pre_dampen_half': 31.30850414295091, 'gpp_af': 0.006435352613822389, 'gpp_b': 9.466654963805056e-06, 'gpp_d': 26.805935520223528, 'ign_k': 0.4214870737992047, 'ign_c': 61.74560439609804, 'dryanom_half': 11.620374866934014, 'dry_amp': 0.1254024596389718}. Best is trial 0 with value: 0.6103502735484728.
[I 2026-05-22 17:45:21,053] Trial 489 finished with value: 0.5624024107153426 and parameters: {'k1': 0.0035342382320562677, 'D_low': 11.970906513298015, 'k2': 0.003254594195835154, 'D_high': 4425.792266026056, 'fire_exp': 0.4019672090700938, 'P_half': 225.31996557680728, 'pre_dampen_half': 4.450238598340137, 'gpp_af': 0.0016103619572334286, 'gpp_b': 5.1741715745278175e-06, 'gpp_d': 7.8337044736018475, 'ign_k': 6.882598206982567, 'ign_c': 1.1029892712396716, 'dryanom_half': 23.827694748200678, 'dry_amp': 0.2339719741248245}. Best is trial 0 with value: 0.6103502735484728.
[I 2026-05-22 17:45:21,533] Trial 490 finished with value: 0.4280717251032422 and parameters: {'k1': 6.095411945196923e-05, 'D_low': 66.2297700606568, 'k2': 0.06904017412970243, 'D_high': 143.12582640583, 'fire_exp': 0.4948294662457593, 'P_half': 1686.1761159875293, 'pre_dampen_half': 11.457647534808908, 'gpp_af': 0.0019430433140836512, 'gpp_b': 5.914215575709002e-05, 'gpp_d': 0.03478450180997396, 'ign_k': 0.264097598187795, 'ign_c': 49.4224487412581, 'dryanom_half': 1.3545066803315637, 'dry_amp': 0.28408136609230933}. Best is trial 0 with value: 0.6103502735484728.
[I 2026-05-22 17:45:22,010] Trial 491 finished with value: 0.5566392902023035 and parameters: {'k1': 0.006659774085756172, 'D_low': 319.1452946856725, 'k2': 0.01538615256914848, 'D_high': 3283.046329550528, 'fire_exp': 0.7816465620248122, 'P_half': 6.209588054062034, 'pre_dampen_half': 7.401545755585554, 'gpp_af': 0.8533229662560874, 'gpp_b': 2.0322536258115112e-05, 'gpp_d': 618.253500701314, 'ign_k': 0.07373854189312509, 'ign_c': 10.282541681284131, 'dryanom_half': 46.869848118907534, 'dry_amp': 0.19544420541001312}. Best is trial 0 with value: 0.6103502735484728.
[I 2026-05-22 17:45:22,488] Trial 492 finished with value: 0.5678888144619831 and parameters: {'k1': 0.06137367644763778, 'D_low': 21.31828427204247, 'k2': 9.899088805404885e-05, 'D_high': 557.6774774964665, 'fire_exp': 0.5826379470877153, 'P_half': 0.952568626169114, 'pre_dampen_half': 1.122446395477178, 'gpp_af': 0.005345804016660511, 'gpp_b': 4.435060825700888e-06, 'gpp_d': 719.5400360151883, 'ign_k': 5.353283451803341, 'ign_c': 2.635972469833663, 'dryanom_half': 3.13094146928666, 'dry_amp': 0.5202173913750114}. Best is trial 0 with value: 0.6103502735484728.
