[I 2026-05-22 17:52:19,371] Trial 409 finished with value: 0.60383538403536 and parameters: {'P_amp': 0.8990513896640274, 'P_wet': 1733.3582878237544, 'P_pow': 5.262035045062772, 'rate_power': 1.2788135278606771}. Best is trial 107 with value: 0.6083231421626458.
[I 2026-05-22 17:52:19,669] Trial 410 finished with value: 0.5815889704944778 and parameters: {'P_amp': 0.36337918620652604, 'P_wet': 5242.80774450286, 'P_pow': 1.8137513393490658, 'rate_power': 0.722756485607839}. Best is trial 107 with value: 0.6083231421626458.
[I 2026-05-22 17:52:19,966] Trial 411 finished with value: 0.6078902715225503 and parameters: {'P_amp': 0.8992762746568782, 'P_wet': 2777.641981429801, 'P_pow': 5.385446241515418, 'rate_power': 1.1921068631532599}. Best is trial 107 with value: 0.6083231421626458.
[I 2026-05-22 17:52:20,262] Trial 412 finished with value: 0.6075593860853127 and parameters: {'P_amp': 0.7265451140026621, 'P_wet': 4253.9768930452765, 'P_pow': 5.078381653328864, 'rate_power': 1.2839259880624052}. Best is trial 107 with value: 0.6083231421626458.
[I 2026-05-22 17:52:20,559] Trial 413 finished with value: 0.6075373070743776 and parameters: {'P_amp': 0.8993104678409812, 'P_wet': 3378.679901383583, 'P_pow': 4.925929621513351, 'rate_power': 1.1935460609480735}. Best is trial 107 with value: 0.6083231421626458.
[I 2026-05-22 17:52:20,857] Trial 414 finished with value: 0.6082086759326765 and parameters: {'P_amp': 0.8962426942799425, 'P_wet': 2355.5063391327008, 'P_pow': 5.783825310156081, 'rate_power': 1.2535993953817572}. Best is trial 107 with value: 0.6083231421626458.
[I 2026-05-22 17:52:21,158] Trial 415 finished with value: 0.6083364232243857 and parameters: {'P_amp': 0.8861354319599236, 'P_wet': 2500.874353319515, 'P_pow': 5.938036930539739, 'rate_power': 1.2430213347967036}. Best is trial 415 with value: 0.6083364232243857.
[I 2026-05-22 17:52:21,459] Trial 416 finished with value: 0.6071222294295864 and parameters: {'P_amp': 0.7869091454193411, 'P_wet': 2027.1967977986324, 'P_pow': 5.199240438944361, 'rate_power': 1.1607624448981133}. Best is trial 415 with value: 0.6083364232243857.
[I 2026-05-22 17:52:21,756] Trial 417 finished with value: 0.5962606518473965 and parameters: {'P_amp': 0.8766476138980217, 'P_wet': 1422.4509663063354, 'P_pow': 5.166197569810228, 'rate_power': 1.2682797792246039}. Best is trial 415 with value: 0.6083364232243857.
[I 2026-05-22 17:52:22,053] Trial 418 finished with value: 0.5947325100220524 and parameters: {'P_amp': 0.879857302149474, 'P_wet': 1345.8974445973163, 'P_pow': 5.996801397789925, 'rate_power': 1.2448991700922551}. Best is trial 415 with value: 0.6083364232243857.
[I 2026-05-22 17:52:22,351] Trial 419 finished with value: 0.607282455066822 and parameters: {'P_amp': 0.8909341735511578, 'P_wet': 2022.5634704263246, 'P_pow': 5.603969155329512, 'rate_power': 1.2601386895860633}. Best is trial 415 with value: 0.6083364232243857.
[I 2026-05-22 17:52:22,648] Trial 420 finished with value: 0.6079547609458278 and parameters: {'P_amp': 0.8894427693791375, 'P_wet': 2703.843439359586, 'P_pow': 5.125841772421461, 'rate_power': 1.2730803135350097}. Best is trial 415 with value: 0.6083364232243857.
[I 2026-05-22 17:52:22,942] Trial 421 finished with value: 0.6071685619043886 and parameters: {'P_amp': 0.8896448127946761, 'P_wet': 2161.0749917889984, 'P_pow': 4.845864658749454, 'rate_power': 1.1606045754739938}. Best is trial 415 with value: 0.6083364232243857.
[I 2026-05-22 17:52:23,230] Trial 422 finished with value: 0.6065501292580605 and parameters: {'P_amp': 0.8919678514517885, 'P_wet': 3655.242031854784, 'P_pow': 5.7292345238757605, 'rate_power': 1.1250095311308304}. Best is trial 415 with value: 0.6083364232243857.
[I 2026-05-22 17:52:23,528] Trial 423 finished with value: 0.6076399372031633 and parameters: {'P_amp': 0.8804653541630144, 'P_wet': 2521.697697333604, 'P_pow': 5.895876503389682, 'rate_power': 1.1420217021884496}. Best is trial 415 with value: 0.6083364232243857.
[I 2026-05-22 17:52:23,825] Trial 424 finished with value: 0.6063609955348096 and parameters: {'P_amp': 0.892934150572152, 'P_wet': 1884.5251148513553, 'P_pow': 5.343056452732035, 'rate_power': 1.2244674658903993}. Best is trial 415 with value: 0.6083364232243857.
[I 2026-05-22 17:52:24,123] Trial 425 finished with value: 0.5908639152152882 and parameters: {'P_amp': 0.6601685358262607, 'P_wet': 967.7757005933727, 'P_pow': 3.2608546932641564, 'rate_power': 0.9184184767937241}. Best is trial 415 with value: 0.6083364232243857.
[I 2026-05-22 17:52:24,418] Trial 426 finished with value: 0.608002887449366 and parameters: {'P_amp': 0.8299120730259795, 'P_wet': 3009.55975941418, 'P_pow': 5.95690897788039, 'rate_power': 1.2610109009862505}. Best is trial 415 with value: 0.6083364232243857.
[I 2026-05-22 17:52:24,708] Trial 427 finished with value: 0.603617916625304 and parameters: {'P_amp': 0.6976757173037608, 'P_wet': 1562.0276398732399, 'P_pow': 5.537905469072446, 'rate_power': 1.2176166177777277}. Best is trial 415 with value: 0.6083364232243857.
[I 2026-05-22 17:52:25,005] Trial 428 finished with value: 0.6079494364415405 and parameters: {'P_amp': 0.8095104750628884, 'P_wet': 2048.916310854128, 'P_pow': 5.9457203939116905, 'rate_power': 1.202048010158194}. Best is trial 415 with value: 0.6083364232243857.
[I 2026-05-22 17:52:25,304] Trial 429 finished with value: 0.6075898999491295 and parameters: {'P_amp': 0.7143448883902641, 'P_wet': 2893.1797269407994, 'P_pow': 5.922470182037303, 'rate_power': 1.178531125563627}. Best is trial 415 with value: 0.6083364232243857.
[I 2026-05-22 17:52:25,600] Trial 430 finished with value: 0.579296964442138 and parameters: {'P_amp': 0.05414137001837044, 'P_wet': 4389.374305107893, 'P_pow': 4.6475630921825175, 'rate_power': 0.711162932397911}. Best is trial 415 with value: 0.6083364232243857.
[I 2026-05-22 17:52:25,896] Trial 431 finished with value: 0.6080163071466169 and parameters: {'P_amp': 0.868005165455524, 'P_wet': 2690.6961052038823, 'P_pow': 5.88450074959349, 'rate_power': 1.1957949061999555}. Best is trial 415 with value: 0.6083364232243857.
[I 2026-05-22 17:52:26,193] Trial 432 finished with value: 0.5599634170566954 and parameters: {'P_amp': 0.8044808753359654, 'P_wet': 447.70697843518644, 'P_pow': 5.076410789219966, 'rate_power': 0.7205151958702116}. Best is trial 415 with value: 0.6083364232243857.
[I 2026-05-22 17:52:26,490] Trial 433 finished with value: 0.6077237393171043 and parameters: {'P_amp': 0.8938434111103591, 'P_wet': 2340.140973616311, 'P_pow': 4.874457674116441, 'rate_power': 1.2115616962867632}. Best is trial 415 with value: 0.6083364232243857.
[I 2026-05-22 17:52:26,786] Trial 434 finished with value: 0.6078943169368404 and parameters: {'P_amp': 0.8921720673034772, 'P_wet': 3284.7773064599983, 'P_pow': 5.91008424396833, 'rate_power': 1.256924236442646}. Best is trial 415 with value: 0.6083364232243857.
[I 2026-05-22 17:52:27,083] Trial 435 finished with value: 0.6081082364904546 and parameters: {'P_amp': 0.8274994174870748, 'P_wet': 2160.7818080630914, 'P_pow': 5.97872770968744, 'rate_power': 1.1927285482304626}. Best is trial 415 with value: 0.6083364232243857.
[I 2026-05-22 17:52:27,381] Trial 436 finished with value: 0.608191364642645 and parameters: {'P_amp': 0.8891288498382602, 'P_wet': 2249.2495207555485, 'P_pow': 5.756962492479343, 'rate_power': 1.2261058944961378}. Best is trial 415 with value: 0.6083364232243857.
[I 2026-05-22 17:52:27,677] Trial 437 finished with value: 0.6068628438778693 and parameters: {'P_amp': 0.896022701447243, 'P_wet': 1899.9905708485035, 'P_pow': 5.816427871541963, 'rate_power': 1.249808050410002}. Best is trial 415 with value: 0.6083364232243857.
[I 2026-05-22 17:52:27,974] Trial 438 finished with value: 0.6082854732744689 and parameters: {'P_amp': 0.8898590441218128, 'P_wet': 2233.9104036323147, 'P_pow': 5.996437202297824, 'rate_power': 1.2381719257809674}. Best is trial 415 with value: 0.6083364232243857.
[I 2026-05-22 17:52:28,272] Trial 439 finished with value: 0.6034007911341815 and parameters: {'P_amp': 0.8682842601660273, 'P_wet': 1575.8979952078348, 'P_pow': 5.962132684379038, 'rate_power': 1.1972785384251454}. Best is trial 415 with value: 0.6083364232243857.
[I 2026-05-22 17:52:28,569] Trial 440 finished with value: 0.5443256680122789 and parameters: {'P_amp': 0.8854414136627872, 'P_wet': 828.0300506637936, 'P_pow': 5.933728949202284, 'rate_power': 1.2932402136675063}. Best is trial 415 with value: 0.6083364232243857.
[I 2026-05-22 17:52:28,866] Trial 441 finished with value: 0.6054695124158493 and parameters: {'P_amp': 0.05145139206925997, 'P_wet': 1912.6617215762062, 'P_pow': 4.554658747625056, 'rate_power': 1.0880377655774953}. Best is trial 415 with value: 0.6083364232243857.
[I 2026-05-22 17:52:29,164] Trial 442 finished with value: 0.5994522926151608 and parameters: {'P_amp': 0.4961914482968858, 'P_wet': 3294.8850725537022, 'P_pow': 3.553448411618387, 'rate_power': 0.9291053450381141}. Best is trial 415 with value: 0.6083364232243857.
[I 2026-05-22 17:52:29,462] Trial 443 finished with value: 0.6030045418665683 and parameters: {'P_amp': 0.7230086662813284, 'P_wet': 1522.251007893469, 'P_pow': 5.781923115415112, 'rate_power': 1.2136806748365352}. Best is trial 415 with value: 0.6083364232243857.
[I 2026-05-22 17:52:29,759] Trial 444 finished with value: 0.6049936681276223 and parameters: {'P_amp': 0.7244647992948157, 'P_wet': 1735.9303714751484, 'P_pow': 4.91203785793229, 'rate_power': 1.220240085416227}. Best is trial 415 with value: 0.6083364232243857.
[I 2026-05-22 17:52:30,056] Trial 445 finished with value: 0.6079224991606442 and parameters: {'P_amp': 0.7864833490846413, 'P_wet': 2125.949811879401, 'P_pow': 5.970086558005617, 'rate_power': 1.2743087273905576}. Best is trial 415 with value: 0.6083364232243857.
[I 2026-05-22 17:52:30,353] Trial 446 finished with value: 0.5703536704407025 and parameters: {'P_amp': 0.8608281602270168, 'P_wet': 851.5515752943776, 'P_pow': 5.168923923740812, 'rate_power': 0.9122040947219259}. Best is trial 415 with value: 0.6083364232243857.
[I 2026-05-22 17:52:30,650] Trial 447 finished with value: 0.6062204769676176 and parameters: {'P_amp': 0.14036275719221897, 'P_wet': 2628.7616576827913, 'P_pow': 1.2435825195186636, 'rate_power': 1.1868936095651006}. Best is trial 415 with value: 0.6083364232243857.
[I 2026-05-22 17:52:30,947] Trial 448 finished with value: 0.6073803040053842 and parameters: {'P_amp': 0.7542948540978823, 'P_wet': 2195.065593720478, 'P_pow': 4.980904677681891, 'rate_power': 1.1724347528942993}. Best is trial 415 with value: 0.6083364232243857.
[I 2026-05-22 17:52:31,243] Trial 449 finished with value: 0.6078319567459641 and parameters: {'P_amp': 0.7702050068087885, 'P_wet': 2418.8607091814606, 'P_pow': 5.076503986147744, 'rate_power': 1.229695357476278}. Best is trial 415 with value: 0.6083364232243857.
[I 2026-05-22 17:52:31,539] Trial 450 finished with value: 0.6078441617209929 and parameters: {'P_amp': 0.8958622611416258, 'P_wet': 2932.4131862630065, 'P_pow': 4.963214713213102, 'rate_power': 1.2080005261973226}. Best is trial 415 with value: 0.6083364232243857.
[I 2026-05-22 17:52:31,836] Trial 451 finished with value: 0.5872040768616918 and parameters: {'P_amp': 0.8883521443535757, 'P_wet': 1195.5681581736876, 'P_pow': 5.1589080450126215, 'rate_power': 1.1816572142124664}. Best is trial 415 with value: 0.6083364232243857.
[I 2026-05-22 17:52:32,132] Trial 452 finished with value: 0.6008442105526409 and parameters: {'P_amp': 0.23504239949136682, 'P_wet': 389.115569878631, 'P_pow': 2.714873479916968, 'rate_power': 1.0081305225562471}. Best is trial 415 with value: 0.6083364232243857.
[I 2026-05-22 17:52:32,430] Trial 453 finished with value: 0.6079667662047827 and parameters: {'P_amp': 0.8896888180724886, 'P_wet': 2878.0057954550934, 'P_pow': 5.529716052673092, 'rate_power': 1.2922106486320901}. Best is trial 415 with value: 0.6083364232243857.
[I 2026-05-22 17:52:32,729] Trial 454 finished with value: 0.5937720325763353 and parameters: {'P_amp': 0.5369424764386267, 'P_wet': 361.57672182687554, 'P_pow': 1.1226928491945818, 'rate_power': 0.7693528777506268}. Best is trial 415 with value: 0.6083364232243857.
[I 2026-05-22 17:52:33,027] Trial 455 finished with value: 0.5962835565439032 and parameters: {'P_amp': 0.848024354070714, 'P_wet': 1355.0786433237693, 'P_pow': 5.943508927167759, 'rate_power': 1.2259685782599794}. Best is trial 415 with value: 0.6083364232243857.
[I 2026-05-22 17:52:33,325] Trial 456 finished with value: 0.5954910533527599 and parameters: {'P_amp': 0.2717716261822125, 'P_wet': 312.30096325359665, 'P_pow': 5.894696972258216, 'rate_power': 1.1453265502350551}. Best is trial 415 with value: 0.6083364232243857.
[I 2026-05-22 17:52:33,622] Trial 457 finished with value: 0.6082593894677693 and parameters: {'P_amp': 0.884094453722336, 'P_wet': 2277.404829460681, 'P_pow': 5.802475627101827, 'rate_power': 1.214174380351022}. Best is trial 415 with value: 0.6083364232243857.
[I 2026-05-22 17:52:33,921] Trial 458 finished with value: 0.6074784714669259 and parameters: {'P_amp': 0.855030062227073, 'P_wet': 1943.0238129264217, 'P_pow': 5.824775669653759, 'rate_power': 1.2082111561942117}. Best is trial 415 with value: 0.6083364232243857.
[I 2026-05-22 17:52:34,214] Trial 459 finished with value: 0.6077959057244559 and parameters: {'P_amp': 0.6977021744435312, 'P_wet': 2467.770822924859, 'P_pow': 5.093919728904284, 'rate_power': 1.2565272677147068}. Best is trial 415 with value: 0.6083364232243857.
[I 2026-05-22 17:52:34,505] Trial 460 finished with value: 0.6082319631534395 and parameters: {'P_amp': 0.8791826215967605, 'P_wet': 2179.077512195665, 'P_pow': 5.9944569933491625, 'rate_power': 1.2278699860028048}. Best is trial 415 with value: 0.6083364232243857.
[I 2026-05-22 17:52:34,794] Trial 461 finished with value: 0.5905174693384886 and parameters: {'P_amp': 0.8762064117118114, 'P_wet': 1366.452675330749, 'P_pow': 3.880482106129181, 'rate_power': 1.2957414972358365}. Best is trial 415 with value: 0.6083364232243857.
[I 2026-05-22 17:52:35,085] Trial 462 finished with value: 0.6071528592244033 and parameters: {'P_amp': 0.8955936418546334, 'P_wet': 2172.4471325149934, 'P_pow': 4.8771574578682015, 'rate_power': 1.1476108055010377}. Best is trial 415 with value: 0.6083364232243857.
[I 2026-05-22 17:52:35,373] Trial 463 finished with value: 0.6080338137233696 and parameters: {'P_amp': 0.8969648525144934, 'P_wet': 2114.758782744514, 'P_pow': 5.816528520798855, 'rate_power': 1.2034366015668378}. Best is trial 415 with value: 0.6083364232243857.
[I 2026-05-22 17:52:35,667] Trial 464 finished with value: 0.5854591862984861 and parameters: {'P_amp': 0.46304654902541753, 'P_wet': 735.705139183394, 'P_pow': 3.0381618530731953, 'rate_power': 1.2177165606741382}. Best is trial 415 with value: 0.6083364232243857.
[I 2026-05-22 17:52:35,967] Trial 465 finished with value: 0.6026061880545124 and parameters: {'P_amp': 0.34298631746986963, 'P_wet': 4813.970509544751, 'P_pow': 1.9518932610761583, 'rate_power': 0.9988009168927529}. Best is trial 415 with value: 0.6083364232243857.
[I 2026-05-22 17:52:36,263] Trial 466 finished with value: 0.6049377094493418 and parameters: {'P_amp': 0.862477284487239, 'P_wet': 1687.0253885196014, 'P_pow': 5.995442556021133, 'rate_power': 1.2410690954241301}. Best is trial 415 with value: 0.6083364232243857.
[I 2026-05-22 17:52:36,562] Trial 467 finished with value: 0.6072841831609318 and parameters: {'P_amp': 0.8936456850945951, 'P_wet': 2052.770121489767, 'P_pow': 5.804055605783737, 'rate_power': 1.2972992246848274}. Best is trial 415 with value: 0.6083364232243857.
[I 2026-05-22 17:52:36,857] Trial 468 finished with value: 0.6073621303122911 and parameters: {'P_amp': 0.8907382290379228, 'P_wet': 1968.8571915268637, 'P_pow': 5.823573779439905, 'rate_power': 1.2452881926820831}. Best is trial 415 with value: 0.6083364232243857.
[I 2026-05-22 17:52:37,154] Trial 469 finished with value: 0.601822903340915 and parameters: {'P_amp': 0.8910625087455494, 'P_wet': 1637.7315528201493, 'P_pow': 4.611058338366567, 'rate_power': 1.227931949371112}. Best is trial 415 with value: 0.6083364232243857.
[I 2026-05-22 17:52:37,452] Trial 470 finished with value: 0.6078399436804721 and parameters: {'P_amp': 0.7564825420558661, 'P_wet': 2410.8340622443716, 'P_pow': 5.0926265978773, 'rate_power': 1.2223938338548745}. Best is trial 415 with value: 0.6083364232243857.
[I 2026-05-22 17:52:37,742] Trial 471 finished with value: 0.607950372722397 and parameters: {'P_amp': 0.8984960763033226, 'P_wet': 2670.7855542333946, 'P_pow': 5.056437879704529, 'rate_power': 1.26641843580519}. Best is trial 415 with value: 0.6083364232243857.
[I 2026-05-22 17:52:38,041] Trial 472 finished with value: 0.6081243253571983 and parameters: {'P_amp': 0.8600802490021887, 'P_wet': 2260.299891649712, 'P_pow': 5.927504011214091, 'rate_power': 1.1825709980517831}. Best is trial 415 with value: 0.6083364232243857.
[I 2026-05-22 17:52:38,340] Trial 473 finished with value: 0.6072992116979441 and parameters: {'P_amp': 0.8831397308291484, 'P_wet': 3956.115942228108, 'P_pow': 5.982365809641394, 'rate_power': 1.1926057551706226}. Best is trial 415 with value: 0.6083364232243857.
[I 2026-05-22 17:52:38,638] Trial 474 finished with value: 0.6030156676895023 and parameters: {'P_amp': 0.6982100274228359, 'P_wet': 1525.287069673063, 'P_pow': 5.438291054322433, 'rate_power': 1.0491812218153376}. Best is trial 415 with value: 0.6083364232243857.
[I 2026-05-22 17:52:38,937] Trial 475 finished with value: 0.6054571996322791 and parameters: {'P_amp': 0.8583463701937681, 'P_wet': 3601.057234809917, 'P_pow': 5.982442401819485, 'rate_power': 1.0722461453125207}. Best is trial 415 with value: 0.6083364232243857.
[I 2026-05-22 17:52:39,233] Trial 476 finished with value: 0.6069591779366322 and parameters: {'P_amp': 0.8807902845785479, 'P_wet': 1883.9823665869833, 'P_pow': 5.932212521219126, 'rate_power': 1.2421809818919278}. Best is trial 415 with value: 0.6083364232243857.
[I 2026-05-22 17:52:39,523] Trial 477 finished with value: 0.6071572457443166 and parameters: {'P_amp': 0.7535048489277489, 'P_wet': 2029.9727887151896, 'P_pow': 5.148241363270833, 'rate_power': 1.1772022981136}. Best is trial 415 with value: 0.6083364232243857.
[I 2026-05-22 17:52:39,813] Trial 478 finished with value: 0.608181359630402 and parameters: {'P_amp': 0.8991998454638133, 'P_wet': 2580.321341766504, 'P_pow': 5.8266196371387835, 'rate_power': 1.2779778782762847}. Best is trial 415 with value: 0.6083364232243857.
[I 2026-05-22 17:52:40,102] Trial 479 finished with value: 0.6076261857636349 and parameters: {'P_amp': 0.7154582884910631, 'P_wet': 3850.6383150195397, 'P_pow': 5.870734829499442, 'rate_power': 1.2920978313112763}. Best is trial 415 with value: 0.6083364232243857.
[I 2026-05-22 17:52:40,400] Trial 480 finished with value: 0.605010709977397 and parameters: {'P_amp': 0.8823774199187155, 'P_wet': 1861.1254110322154, 'P_pow': 5.062108785401711, 'rate_power': 1.292649418835654}. Best is trial 415 with value: 0.6083364232243857.
[I 2026-05-22 17:52:40,697] Trial 481 finished with value: 0.6080674014534014 and parameters: {'P_amp': 0.8713899182762119, 'P_wet': 2571.725884454361, 'P_pow': 5.9360189167265025, 'rate_power': 1.2980899822379002}. Best is trial 415 with value: 0.6083364232243857.
[I 2026-05-22 17:52:40,995] Trial 482 finished with value: 0.5975697943530566 and parameters: {'P_amp': 0.8937752680629274, 'P_wet': 1349.325640307196, 'P_pow': 5.6935605001422065, 'rate_power': 1.0439656101603245}. Best is trial 415 with value: 0.6083364232243857.
[I 2026-05-22 17:52:41,293] Trial 483 finished with value: 0.6078660027069818 and parameters: {'P_amp': 0.8940025859076812, 'P_wet': 3346.3987410032987, 'P_pow': 5.267640717076986, 'rate_power': 1.240626708958322}. Best is trial 415 with value: 0.6083364232243857.
[I 2026-05-22 17:52:41,590] Trial 484 finished with value: 0.6005549195738018 and parameters: {'P_amp': 0.7405113012191169, 'P_wet': 1469.8770924418084, 'P_pow': 5.902414308397873, 'rate_power': 1.2827864809719387}. Best is trial 415 with value: 0.6083364232243857.
[I 2026-05-22 17:52:41,886] Trial 485 finished with value: 0.6074017974626494 and parameters: {'P_amp': 0.8698007814486729, 'P_wet': 2705.0149274865203, 'P_pow': 5.95462522149809, 'rate_power': 1.135321752536609}. Best is trial 415 with value: 0.6083364232243857.
[I 2026-05-22 17:52:42,184] Trial 486 finished with value: 0.6079699569815126 and parameters: {'P_amp': 0.8925726200977573, 'P_wet': 2667.6577461614784, 'P_pow': 5.9604151913909105, 'rate_power': 1.1803767279070925}. Best is trial 415 with value: 0.6083364232243857.
[I 2026-05-22 17:52:42,482] Trial 487 finished with value: 0.6069294647377549 and parameters: {'P_amp': 0.7406545609576178, 'P_wet': 2083.6824524904237, 'P_pow': 5.867748014754838, 'rate_power': 1.0921221848116296}. Best is trial 415 with value: 0.6083364232243857.
[I 2026-05-22 17:52:42,779] Trial 488 finished with value: 0.6028158416255348 and parameters: {'P_amp': 0.8964396800931361, 'P_wet': 1552.6210435094517, 'P_pow': 5.964385026591184, 'rate_power': 1.18326254455229}. Best is trial 415 with value: 0.6083364232243857.
[I 2026-05-22 17:52:43,070] Trial 489 finished with value: 0.6080680606165442 and parameters: {'P_amp': 0.898129633318331, 'P_wet': 2694.1766025080765, 'P_pow': 5.89726461579149, 'rate_power': 1.1990698378674343}. Best is trial 415 with value: 0.6083364232243857.
[I 2026-05-22 17:52:43,361] Trial 490 finished with value: 0.6073430337258592 and parameters: {'P_amp': 0.7750379979120218, 'P_wet': 3988.304023058056, 'P_pow': 4.947270647291942, 'rate_power': 1.1995452320430664}. Best is trial 415 with value: 0.6083364232243857.
