[I 2026-05-22 17:40:43,153] Trial 431 finished with value: 0.44967013800436373 and parameters: {'k1': 0.007535464109956678, 'D_low': 3.077060579443996, 'k2': 0.05806306909793772, 'D_high': 16786.258995729087, 'fire_exp': 0.6191701978021416, 'P_half': 3.4331189630234205, 'pre_dampen_half': 20.206475524518687, 'gpp_af': 0.04147418035460846, 'gpp_b': 2.7662459658599178e-05, 'gpp_d': 373.446652919116, 'ign_k': 0.24304997311689872, 'ign_c': 0.5552594632334078, 'ign_k2': 0.10787010490184841, 'ign_c2': 2.9114089368167413, 'rain_shift': 6.64932623555684}. Best is trial 427 with value: 0.6004794926702128.
[I 2026-05-22 17:40:43,700] Trial 432 finished with value: 0.5213183694698966 and parameters: {'k1': 0.042362267677339645, 'D_low': 286.0495466112551, 'k2': 0.00014585407726602908, 'D_high': 44379.959399166546, 'fire_exp': 1.2310136422205964, 'P_half': 5.348821624403252, 'pre_dampen_half': 502.06835494347257, 'gpp_af': 0.2746576203283926, 'gpp_b': 0.027121002054558772, 'gpp_d': 618.5248038319918, 'ign_k': 0.01785398292648306, 'ign_c': 0.3774267644105994, 'ign_k2': 7.88042711417058, 'ign_c2': 0.14785605921669592, 'rain_shift': 9.778660712344518}. Best is trial 427 with value: 0.6004794926702128.
[I 2026-05-22 17:40:44,242] Trial 433 finished with value: 0.5713476930941777 and parameters: {'k1': 0.07136715576393597, 'D_low': 28.62177145199197, 'k2': 0.00048808639292928523, 'D_high': 2151.492907078867, 'fire_exp': 1.0776771739791342, 'P_half': 2.2620115589932173, 'pre_dampen_half': 137.75287024407208, 'gpp_af': 0.002774045704183602, 'gpp_b': 9.428421098676227e-06, 'gpp_d': 40.619547566658056, 'ign_k': 1.225011329644213, 'ign_c': 13.771028416768434, 'ign_k2': 1.0507776386765828, 'ign_c2': 0.5297930037603817, 'rain_shift': 14.079079135166698}. Best is trial 427 with value: 0.6004794926702128.
[I 2026-05-22 17:40:44,789] Trial 434 finished with value: 0.5862141374814206 and parameters: {'k1': 0.09645692220890986, 'D_low': 4.616737801647183, 'k2': 0.05498751434659099, 'D_high': 6685.582359957673, 'fire_exp': 0.46489516200609216, 'P_half': 1.2887181654233502, 'pre_dampen_half': 454.2039935378319, 'gpp_af': 0.09389426253227051, 'gpp_b': 0.00011003003878539407, 'gpp_d': 39.27495957923704, 'ign_k': 0.7636831239081535, 'ign_c': 8.212758804435792, 'ign_k2': 1.217807329546569, 'ign_c2': 0.24683603419024067, 'rain_shift': 10.926149145568054}. Best is trial 427 with value: 0.6004794926702128.
[I 2026-05-22 17:40:45,335] Trial 435 finished with value: 0.4051674879298982 and parameters: {'k1': 0.07962122211723087, 'D_low': 53.538472252606084, 'k2': 0.00950396061773482, 'D_high': 103.02174683680337, 'fire_exp': 0.7318911446705857, 'P_half': 13.514507266716107, 'pre_dampen_half': 166.9128331088799, 'gpp_af': 0.0012501631503073676, 'gpp_b': 3.1180547472788777e-06, 'gpp_d': 96.07394452647236, 'ign_k': 9.302670276993595, 'ign_c': 29.791354969131262, 'ign_k2': 1.972385772073085, 'ign_c2': 0.18759938736478274, 'rain_shift': 13.83766564713411}. Best is trial 427 with value: 0.6004794926702128.
[I 2026-05-22 17:40:45,877] Trial 436 finished with value: 0.5722353731250047 and parameters: {'k1': 0.07204184416052564, 'D_low': 15.703409756695457, 'k2': 0.0663042375100773, 'D_high': 66899.63025465207, 'fire_exp': 0.3531742634631896, 'P_half': 1.3397236182521248, 'pre_dampen_half': 119.13694334584586, 'gpp_af': 0.18059774725939765, 'gpp_b': 2.8131132403228076e-05, 'gpp_d': 136.2282076584337, 'ign_k': 2.23321063550225, 'ign_c': 18.252898657668208, 'ign_k2': 1.463241943402857, 'ign_c2': 0.1253181507970201, 'rain_shift': 9.41280378804412}. Best is trial 427 with value: 0.6004794926702128.
[I 2026-05-22 17:40:46,422] Trial 437 finished with value: 0.4553894216088197 and parameters: {'k1': 0.060016243618652036, 'D_low': 1.0190136036316022, 'k2': 0.0051977403083367174, 'D_high': 11143.799839898962, 'fire_exp': 0.3803078249078451, 'P_half': 0.16284519417434665, 'pre_dampen_half': 49.21283704227521, 'gpp_af': 0.006159171726833712, 'gpp_b': 5.705693231761468e-06, 'gpp_d': 6.075632280601978, 'ign_k': 0.972665237117157, 'ign_c': 41.19765204596577, 'ign_k2': 0.7688192241929231, 'ign_c2': 0.1745596388502299, 'rain_shift': 15.6202611217777}. Best is trial 427 with value: 0.6004794926702128.
[I 2026-05-22 17:40:46,966] Trial 438 finished with value: 0.3994490055432051 and parameters: {'k1': 0.08154138137131621, 'D_low': 4.518693285803114, 'k2': 0.011039447387874041, 'D_high': 5826.187934314077, 'fire_exp': 0.878503341515407, 'P_half': 109.8144429752636, 'pre_dampen_half': 898.9124762797562, 'gpp_af': 0.0022524219549363545, 'gpp_b': 3.756424673848803e-06, 'gpp_d': 0.6031910434718973, 'ign_k': 0.19118333748829694, 'ign_c': 156.82146851329543, 'ign_k2': 2.114588625792233, 'ign_c2': 0.24828406119142704, 'rain_shift': 9.878734389259773}. Best is trial 427 with value: 0.6004794926702128.
[I 2026-05-22 17:40:47,506] Trial 439 finished with value: 0.3994490055432051 and parameters: {'k1': 0.03194561760808719, 'D_low': 1.2277032726368857, 'k2': 0.048509133328128735, 'D_high': 55156.981015230616, 'fire_exp': 1.0700544663639306, 'P_half': 4.334397843162262, 'pre_dampen_half': 199.11042160720726, 'gpp_af': 0.03283774363379663, 'gpp_b': 7.26398266619716e-05, 'gpp_d': 342.68144774363986, 'ign_k': 1.1692578867777024, 'ign_c': 310.57792305183386, 'ign_k2': 0.3465714370222072, 'ign_c2': 0.39898315428893705, 'rain_shift': 4.8250407133367474}. Best is trial 427 with value: 0.6004794926702128.
[I 2026-05-22 17:40:48,053] Trial 440 finished with value: 0.5519683685962635 and parameters: {'k1': 0.014701458281923712, 'D_low': 44.174855542418165, 'k2': 0.04637622558774664, 'D_high': 1825.1843040628464, 'fire_exp': 0.37591873374314244, 'P_half': 2.180921074333991, 'pre_dampen_half': 334.5835850243624, 'gpp_af': 0.09066936080444941, 'gpp_b': 5.1725866283652685e-05, 'gpp_d': 2.9795029696739634, 'ign_k': 0.7656293796367172, 'ign_c': 27.88619500125339, 'ign_k2': 1.1739068053162784, 'ign_c2': 0.14071720248445668, 'rain_shift': 9.64440664060163}. Best is trial 427 with value: 0.6004794926702128.
[I 2026-05-22 17:40:48,604] Trial 441 finished with value: 0.5233803773726213 and parameters: {'k1': 0.028539660800662052, 'D_low': 17.154572433253914, 'k2': 0.0003009234562289146, 'D_high': 3238.3241281375117, 'fire_exp': 0.9050616505838448, 'P_half': 2222.7645927386056, 'pre_dampen_half': 920.146604686717, 'gpp_af': 0.06006313220030508, 'gpp_b': 0.00018972309631608346, 'gpp_d': 17.18524622411635, 'ign_k': 3.83673648183858, 'ign_c': 0.1951854730554316, 'ign_k2': 4.2687697769592186, 'ign_c2': 0.10875392360776842, 'rain_shift': 11.34791098509208}. Best is trial 427 with value: 0.6004794926702128.
[I 2026-05-22 17:40:49,153] Trial 442 finished with value: 0.5603762082762526 and parameters: {'k1': 0.020502258864377735, 'D_low': 9.905807311638783, 'k2': 0.001090294601842523, 'D_high': 65.30222950725002, 'fire_exp': 0.3782634890019291, 'P_half': 7.477765237609267, 'pre_dampen_half': 28.02044200953816, 'gpp_af': 0.0012770820226838861, 'gpp_b': 0.001593416815292417, 'gpp_d': 596.1938653164833, 'ign_k': 5.658600464841933, 'ign_c': 3.890567761156794, 'ign_k2': 3.38257572714992, 'ign_c2': 0.11014944870385368, 'rain_shift': 8.112675203580828}. Best is trial 427 with value: 0.6004794926702128.
[I 2026-05-22 17:40:49,698] Trial 443 finished with value: 0.5306514573289515 and parameters: {'k1': 0.06347986271440544, 'D_low': 3.721042915878745, 'k2': 0.04289094388433271, 'D_high': 13557.577517194273, 'fire_exp': 0.4721415767714396, 'P_half': 157.39774443588297, 'pre_dampen_half': 683.2164924334456, 'gpp_af': 0.02372461839395208, 'gpp_b': 3.697329900512861e-05, 'gpp_d': 193.38884988664253, 'ign_k': 1.5206919067422555, 'ign_c': 6.2845489213565715, 'ign_k2': 0.45952378464556637, 'ign_c2': 0.1008223338389582, 'rain_shift': 8.52193916414981}. Best is trial 427 with value: 0.6004794926702128.
[I 2026-05-22 17:40:50,254] Trial 444 finished with value: 0.5341974457705696 and parameters: {'k1': 0.06137984028336769, 'D_low': 1.3064668144064826, 'k2': 0.02843452899476154, 'D_high': 18573.26095747671, 'fire_exp': 0.8767162462794529, 'P_half': 0.8035326289227349, 'pre_dampen_half': 417.5777900032088, 'gpp_af': 0.05257111013779911, 'gpp_b': 1.4701702705143468e-06, 'gpp_d': 81.12129930325915, 'ign_k': 0.1127290857185786, 'ign_c': 28.723392021421414, 'ign_k2': 0.2621411788953577, 'ign_c2': 0.41471458268092554, 'rain_shift': 12.735074867813585}. Best is trial 427 with value: 0.6004794926702128.
[I 2026-05-22 17:40:50,801] Trial 445 finished with value: 0.5651548649781893 and parameters: {'k1': 0.03437322366861584, 'D_low': 1.4267837076308345, 'k2': 0.043534854417125124, 'D_high': 7610.715656623909, 'fire_exp': 1.8375886472453054, 'P_half': 0.18275775897963523, 'pre_dampen_half': 15.856389571027362, 'gpp_af': 3.3317611424951656, 'gpp_b': 0.19175235354120695, 'gpp_d': 11.36514949362698, 'ign_k': 0.21715650515549262, 'ign_c': 2.50911614039008, 'ign_k2': 8.479292089179566, 'ign_c2': 0.28937638562367757, 'rain_shift': 4.061622991106844}. Best is trial 427 with value: 0.6004794926702128.
[I 2026-05-22 17:40:51,358] Trial 446 finished with value: 0.3994490055432051 and parameters: {'k1': 0.054778553122546446, 'D_low': 1.181443469083697, 'k2': 0.006796709900979041, 'D_high': 826.6634746497098, 'fire_exp': 1.1938522825870848, 'P_half': 17.09928272583383, 'pre_dampen_half': 99.14284593524575, 'gpp_af': 0.21329512064453673, 'gpp_b': 1.6913920274985498e-06, 'gpp_d': 6.550458576462606, 'ign_k': 2.3564660656154954, 'ign_c': 113.65819052325301, 'ign_k2': 0.1784939373658652, 'ign_c2': 0.12249641991298726, 'rain_shift': 10.313690217428736}. Best is trial 427 with value: 0.6004794926702128.
[I 2026-05-22 17:40:51,909] Trial 447 finished with value: 0.5973938200860436 and parameters: {'k1': 0.02809448248419233, 'D_low': 18.323659023984305, 'k2': 0.00328977618446898, 'D_high': 1252.4757043326533, 'fire_exp': 0.43925350696284143, 'P_half': 4.345444604039979, 'pre_dampen_half': 115.11724558630453, 'gpp_af': 0.0013091189217691469, 'gpp_b': 3.4538816804501787e-06, 'gpp_d': 298.54985390013326, 'ign_k': 1.5831691392565184, 'ign_c': 21.37548505700943, 'ign_k2': 1.8797555771526933, 'ign_c2': 0.4766303186066658, 'rain_shift': 9.234792261014164}. Best is trial 427 with value: 0.6004794926702128.
[I 2026-05-22 17:40:52,457] Trial 448 finished with value: 0.46442272236239746 and parameters: {'k1': 0.004548886511693929, 'D_low': 24.167014295209018, 'k2': 0.00165585744636327, 'D_high': 240.80710845719082, 'fire_exp': 0.3927964795578934, 'P_half': 1.400203156700692, 'pre_dampen_half': 109.6219069018036, 'gpp_af': 0.7796487845073072, 'gpp_b': 0.0344116905760572, 'gpp_d': 693.0093125676216, 'ign_k': 0.3140177754225088, 'ign_c': 0.10900041564680395, 'ign_k2': 0.25687274991784476, 'ign_c2': 1.1241309625178757, 'rain_shift': 7.016096335933591}. Best is trial 427 with value: 0.6004794926702128.
[I 2026-05-22 17:40:53,007] Trial 449 finished with value: 0.5717882193991968 and parameters: {'k1': 0.0199362468134025, 'D_low': 6.620693427486801, 'k2': 0.002751449650734932, 'D_high': 55583.57958165677, 'fire_exp': 2.273394273192502, 'P_half': 2.9003590361087275, 'pre_dampen_half': 3.630387989492966, 'gpp_af': 7.302558542941544, 'gpp_b': 0.0011505141747425516, 'gpp_d': 413.46185220635846, 'ign_k': 1.0498688860629994, 'ign_c': 8.976120090111221, 'ign_k2': 2.213392644121443, 'ign_c2': 0.23875650987415822, 'rain_shift': 0.057656030911904965}. Best is trial 427 with value: 0.6004794926702128.
[I 2026-05-22 17:40:53,556] Trial 450 finished with value: 0.45679561297132776 and parameters: {'k1': 0.023909809841865737, 'D_low': 3.2506967156071407, 'k2': 0.018841655892685275, 'D_high': 191.8998868575269, 'fire_exp': 0.4114432715340403, 'P_half': 4.380648894464847, 'pre_dampen_half': 42.00887313024507, 'gpp_af': 0.0012606963488470428, 'gpp_b': 8.151988877524232e-06, 'gpp_d': 3.2050664119411394, 'ign_k': 0.2913066490073662, 'ign_c': 46.70532785478498, 'ign_k2': 0.883214956002863, 'ign_c2': 0.369886226219803, 'rain_shift': 8.135043568205944}. Best is trial 427 with value: 0.6004794926702128.
[I 2026-05-22 17:40:54,107] Trial 451 finished with value: 0.45277190951462776 and parameters: {'k1': 0.0024349294772127708, 'D_low': 3.228280310874115, 'k2': 0.0011050963886793496, 'D_high': 16083.088228123795, 'fire_exp': 0.5130676398205207, 'P_half': 26.919782321673637, 'pre_dampen_half': 220.06802201442642, 'gpp_af': 0.005704920837267643, 'gpp_b': 3.55233004907372e-06, 'gpp_d': 59.59342887955449, 'ign_k': 0.6562826221389868, 'ign_c': 44.12454133995806, 'ign_k2': 3.09330213365696, 'ign_c2': 0.8636995864482016, 'rain_shift': 9.578716412314408}. Best is trial 427 with value: 0.6004794926702128.
[I 2026-05-22 17:40:54,657] Trial 452 finished with value: 0.4726929059227464 and parameters: {'k1': 0.003537257291027988, 'D_low': 6.055941703588617, 'k2': 0.0018885901761370313, 'D_high': 180.55269692831075, 'fire_exp': 0.40903313993378826, 'P_half': 1.1189357521947054, 'pre_dampen_half': 151.8839857243033, 'gpp_af': 94.93480179232454, 'gpp_b': 0.13555866151569734, 'gpp_d': 326.73472558780367, 'ign_k': 9.978517865646923, 'ign_c': 3.3657349776111984, 'ign_k2': 0.24660559635125892, 'ign_c2': 0.25842526190891324, 'rain_shift': 4.387360820339988}. Best is trial 427 with value: 0.6004794926702128.
[I 2026-05-22 17:40:55,207] Trial 453 finished with value: 0.5802492454022563 and parameters: {'k1': 0.07228849042036149, 'D_low': 14.844435542503758, 'k2': 0.0013007407159486438, 'D_high': 7919.320004418544, 'fire_exp': 1.0983795697919776, 'P_half': 1.8084574454029334, 'pre_dampen_half': 2.6488944441097724, 'gpp_af': 0.11231293175655041, 'gpp_b': 0.00041692224810038184, 'gpp_d': 216.09993547447465, 'ign_k': 1.364743500551352, 'ign_c': 3.685456804689212, 'ign_k2': 9.867698866143991, 'ign_c2': 0.17828850588074044, 'rain_shift': 7.7463260581479565}. Best is trial 427 with value: 0.6004794926702128.
[I 2026-05-22 17:40:55,753] Trial 454 finished with value: 0.5109698065366086 and parameters: {'k1': 0.03301446938274147, 'D_low': 1.1153335012624306, 'k2': 0.00026443996282730453, 'D_high': 451.2613244664634, 'fire_exp': 1.0781071669077746, 'P_half': 14.49103961759047, 'pre_dampen_half': 1.864711575131477, 'gpp_af': 1.3131802614844197, 'gpp_b': 0.0021624236792489333, 'gpp_d': 444.62889182729714, 'ign_k': 0.6505503921347275, 'ign_c': 21.998155704371744, 'ign_k2': 6.33881976407185, 'ign_c2': 0.3363722418088046, 'rain_shift': 1.7631773693434418}. Best is trial 427 with value: 0.6004794926702128.
[I 2026-05-22 17:40:56,302] Trial 455 finished with value: 0.5825852375036643 and parameters: {'k1': 0.04319364763876332, 'D_low': 3.7848118943716718, 'k2': 0.0013303969821257852, 'D_high': 7318.3392669801015, 'fire_exp': 0.5062205173863861, 'P_half': 109.62620674628205, 'pre_dampen_half': 77.5388845365228, 'gpp_af': 0.008239581290897493, 'gpp_b': 2.19673226122318e-06, 'gpp_d': 45.45446514802183, 'ign_k': 0.4709042968093996, 'ign_c': 1.72616083653314, 'ign_k2': 5.840134039082947, 'ign_c2': 0.5723274591086667, 'rain_shift': 9.10668684726851}. Best is trial 427 with value: 0.6004794926702128.
[I 2026-05-22 17:40:56,851] Trial 456 finished with value: 0.42085452143949253 and parameters: {'k1': 0.059104009072114036, 'D_low': 3780.5225200357913, 'k2': 0.01490097550141898, 'D_high': 9353.346793855106, 'fire_exp': 1.7372650719275222, 'P_half': 94.94541455811475, 'pre_dampen_half': 8.190998954994974, 'gpp_af': 0.020496453520959627, 'gpp_b': 6.270143515321475e-06, 'gpp_d': 754.0451704430326, 'ign_k': 0.879113232628829, 'ign_c': 0.18513320212138512, 'ign_k2': 6.336279553179945, 'ign_c2': 1.6801145910775026, 'rain_shift': 12.680432953541668}. Best is trial 427 with value: 0.6004794926702128.
[I 2026-05-22 17:40:57,401] Trial 457 finished with value: 0.581102028962543 and parameters: {'k1': 0.08724813452903046, 'D_low': 56.38474337834648, 'k2': 0.0015906768600826905, 'D_high': 5908.168920590826, 'fire_exp': 0.41418207255801165, 'P_half': 1.1339666418162275, 'pre_dampen_half': 273.8616174876544, 'gpp_af': 0.004352144642476249, 'gpp_b': 1.4589253604124712e-06, 'gpp_d': 707.2557990075733, 'ign_k': 1.230316662742966, 'ign_c': 19.931887280322158, 'ign_k2': 0.1126418445242073, 'ign_c2': 1.5782117963445104, 'rain_shift': 9.96397231013123}. Best is trial 427 with value: 0.6004794926702128.
[I 2026-05-22 17:40:57,950] Trial 458 finished with value: 0.584328912180966 and parameters: {'k1': 0.07346967752979225, 'D_low': 4.511308125007036, 'k2': 0.0021049040754430614, 'D_high': 1419.3046211245417, 'fire_exp': 0.4226006514579841, 'P_half': 193.90075988206144, 'pre_dampen_half': 119.70108318005738, 'gpp_af': 0.004290226703640017, 'gpp_b': 1.5014778385834926e-06, 'gpp_d': 35.28130785094466, 'ign_k': 2.5153356451773035, 'ign_c': 1.7256232895708907, 'ign_k2': 1.0887663270197419, 'ign_c2': 0.13954705164479464, 'rain_shift': 13.510392669300849}. Best is trial 427 with value: 0.6004794926702128.
[I 2026-05-22 17:40:58,499] Trial 459 finished with value: 0.5748842169275592 and parameters: {'k1': 0.002988786451222355, 'D_low': 26.425074847063527, 'k2': 0.00022014888280946557, 'D_high': 938.6453603018772, 'fire_exp': 0.43182370007057297, 'P_half': 175.15110347277843, 'pre_dampen_half': 12.163737597947012, 'gpp_af': 0.0010238232590053756, 'gpp_b': 1.4270911265442044e-05, 'gpp_d': 22.100067291288152, 'ign_k': 1.9827458337668125, 'ign_c': 4.262918771680785, 'ign_k2': 8.158279694225781, 'ign_c2': 1.575045204303278, 'rain_shift': 10.076509683712414}. Best is trial 427 with value: 0.6004794926702128.
[I 2026-05-22 17:40:59,049] Trial 460 finished with value: 0.44771181480247096 and parameters: {'k1': 0.044682667550245365, 'D_low': 10.069198683379954, 'k2': 7.039730502093945e-05, 'D_high': 7039.373413979789, 'fire_exp': 0.7373506524821684, 'P_half': 44.894035299393906, 'pre_dampen_half': 103.90500382446312, 'gpp_af': 7.676191823464118, 'gpp_b': 3.836069930104646e-06, 'gpp_d': 263.71817067709037, 'ign_k': 6.679552843573069, 'ign_c': 0.13805934173211312, 'ign_k2': 0.15190304507484753, 'ign_c2': 0.34915834807865326, 'rain_shift': 0.4700927830157373}. Best is trial 427 with value: 0.6004794926702128.
[I 2026-05-22 17:40:59,600] Trial 461 finished with value: 0.580288426267751 and parameters: {'k1': 0.0005643388941198828, 'D_low': 8.45918673717411, 'k2': 0.0008818990180884558, 'D_high': 14.151889413440994, 'fire_exp': 0.5484972422149438, 'P_half': 1.5793079462900244, 'pre_dampen_half': 883.8324035993202, 'gpp_af': 22.882110151319445, 'gpp_b': 0.021238430460423473, 'gpp_d': 684.7032620870967, 'ign_k': 0.38154294032265346, 'ign_c': 8.557585832979619, 'ign_k2': 6.437501088040535, 'ign_c2': 0.7088349066765833, 'rain_shift': 6.3418579001159285}. Best is trial 427 with value: 0.6004794926702128.
[I 2026-05-22 17:41:00,150] Trial 462 finished with value: 0.5572370043293696 and parameters: {'k1': 0.03806211332035625, 'D_low': 103.56167697452818, 'k2': 0.0007794422721766748, 'D_high': 3413.4864824890806, 'fire_exp': 0.5368875717697973, 'P_half': 15.140905543401846, 'pre_dampen_half': 8.975393188675577, 'gpp_af': 0.5450599655477455, 'gpp_b': 1.484430882612136e-06, 'gpp_d': 196.42789686777581, 'ign_k': 1.1510202804331302, 'ign_c': 12.03689867997751, 'ign_k2': 9.648417605676338, 'ign_c2': 0.20368238262226737, 'rain_shift': 5.057709282428019}. Best is trial 427 with value: 0.6004794926702128.
[I 2026-05-22 17:41:00,699] Trial 463 finished with value: 0.5609599124892354 and parameters: {'k1': 0.01857208426952139, 'D_low': 1.8921743771696602, 'k2': 0.028614690842799717, 'D_high': 4286.399043405587, 'fire_exp': 0.7725426647826364, 'P_half': 25.04221113208424, 'pre_dampen_half': 187.36538841642337, 'gpp_af': 0.029297557395138535, 'gpp_b': 0.02336499178294404, 'gpp_d': 114.9253172576594, 'ign_k': 5.099354496832964, 'ign_c': 0.3115628661379533, 'ign_k2': 1.9107359241012587, 'ign_c2': 5.258720621615744, 'rain_shift': 6.634720224157194}. Best is trial 427 with value: 0.6004794926702128.
[I 2026-05-22 17:41:01,249] Trial 464 finished with value: 0.5824752348731782 and parameters: {'k1': 0.08008745668254473, 'D_low': 1.0196927114086212, 'k2': 0.09214296047821344, 'D_high': 6955.7766305908035, 'fire_exp': 0.5172086838965643, 'P_half': 2.129560895360253, 'pre_dampen_half': 15.951801536686114, 'gpp_af': 1.4532046414456903, 'gpp_b': 2.8587217376589923e-05, 'gpp_d': 635.6987115847988, 'ign_k': 0.31051743073124494, 'ign_c': 0.362134515523129, 'ign_k2': 2.8475886506175536, 'ign_c2': 0.24923191087162055, 'rain_shift': 11.987908561585481}. Best is trial 427 with value: 0.6004794926702128.
[I 2026-05-22 17:41:01,799] Trial 465 finished with value: 0.46892917509418935 and parameters: {'k1': 0.0016882808521441828, 'D_low': 34.120000429132794, 'k2': 0.0009349555416400321, 'D_high': 127.20547585127282, 'fire_exp': 1.5909808217669117, 'P_half': 1.3996663584653029, 'pre_dampen_half': 1.5739017594042461, 'gpp_af': 20.294413482703327, 'gpp_b': 0.0016530489110757687, 'gpp_d': 156.60902982016881, 'ign_k': 0.025830878706562792, 'ign_c': 0.22832331678571685, 'ign_k2': 1.2734939712029485, 'ign_c2': 0.49105037813052715, 'rain_shift': 8.203488919546002}. Best is trial 427 with value: 0.6004794926702128.
[I 2026-05-22 17:41:02,350] Trial 466 finished with value: 0.5995073300996872 and parameters: {'k1': 0.03225507362795685, 'D_low': 9.794146915703891, 'k2': 0.018789654901475463, 'D_high': 3553.995813842504, 'fire_exp': 0.6172136793978759, 'P_half': 20.165339531033123, 'pre_dampen_half': 239.0653273599826, 'gpp_af': 0.03884516185625479, 'gpp_b': 1.640823932808463e-05, 'gpp_d': 10.272439338401055, 'ign_k': 1.3675792325767149, 'ign_c': 14.64819124975162, 'ign_k2': 1.6745046502007535, 'ign_c2': 0.41080261741025764, 'rain_shift': 9.370945855405996}. Best is trial 427 with value: 0.6004794926702128.
