[I 2026-05-22 17:48:00,501] Trial 342 finished with value: 0.5419128715654021 and parameters: {'k1': 0.041059861745915895, 'D_low': 17.87555817268581, 'k2': 0.0705927822292119, 'D_high': 2781.629671191488, 'fire_exp': 1.9211140398124575, 'P_half': 3.0189014554359246, 'pre_dampen_half': 1.6823322133924143, 'gpp_af': 0.0030113628364826237, 'gpp_b': 1.3491748980082458e-05, 'gpp_d': 45.704853740824205, 'ign_k': 0.5220310817348466, 'ign_c': 7.484402409094437}. Best is trial 0 with value: 0.6103502735484728.
[I 2026-05-22 17:48:00,931] Trial 343 finished with value: 0.5319715029382966 and parameters: {'k1': 0.0009452472345247921, 'D_low': 598.9893585691154, 'k2': 0.018463391829221597, 'D_high': 2605.746071743307, 'fire_exp': 1.4041560584825075, 'P_half': 102.02486633017097, 'pre_dampen_half': 77.3536174483047, 'gpp_af': 0.027963846960535835, 'gpp_b': 3.726671111278162e-05, 'gpp_d': 76.65078764094991, 'ign_k': 0.535755095668715, 'ign_c': 0.6145452340423269}. Best is trial 0 with value: 0.6103502735484728.
[I 2026-05-22 17:48:01,366] Trial 344 finished with value: 0.5367057298033743 and parameters: {'k1': 5.1627147482062965e-05, 'D_low': 3.9427112636803643, 'k2': 0.05907243895983718, 'D_high': 1250.0106458206728, 'fire_exp': 0.36491987145113536, 'P_half': 4.871843287338813, 'pre_dampen_half': 0.46353056005101173, 'gpp_af': 2.2463504253278015, 'gpp_b': 4.542626485022953e-05, 'gpp_d': 0.6945472791104713, 'ign_k': 0.13263475690070312, 'ign_c': 9.53688988593893}. Best is trial 0 with value: 0.6103502735484728.
[I 2026-05-22 17:48:01,796] Trial 345 finished with value: 0.3994490055432051 and parameters: {'k1': 0.021823240400672204, 'D_low': 868.785676311383, 'k2': 0.014331862665657122, 'D_high': 245.78276738796686, 'fire_exp': 2.3266338227068473, 'P_half': 580.7288482463981, 'pre_dampen_half': 2.6640318502648426, 'gpp_af': 0.014053090924197945, 'gpp_b': 3.361203138133997e-06, 'gpp_d': 262.0678055583853, 'ign_k': 8.17480139718653, 'ign_c': 84.50704624108928}. Best is trial 0 with value: 0.6103502735484728.
[I 2026-05-22 17:48:02,229] Trial 346 finished with value: 0.5430388956396844 and parameters: {'k1': 0.0031632758246288783, 'D_low': 1461.4556937496118, 'k2': 0.0008711490413374518, 'D_high': 6479.248633034135, 'fire_exp': 0.4694149020855455, 'P_half': 1.0985744932767854, 'pre_dampen_half': 13.079239568495481, 'gpp_af': 0.0025290053986968216, 'gpp_b': 3.848906901808452e-06, 'gpp_d': 89.74402619796182, 'ign_k': 1.1455301416038333, 'ign_c': 13.669413641061006}. Best is trial 0 with value: 0.6103502735484728.
[I 2026-05-22 17:48:02,663] Trial 347 finished with value: 0.5850531212524372 and parameters: {'k1': 0.006264302327762896, 'D_low': 10.056500038530007, 'k2': 0.00013208093964514367, 'D_high': 2581.3331220912087, 'fire_exp': 0.4899839346672858, 'P_half': 141.10922956568584, 'pre_dampen_half': 0.7476783034203791, 'gpp_af': 1.4139859582728855, 'gpp_b': 1.5111685636940694e-05, 'gpp_d': 10.165346568144196, 'ign_k': 8.302775919717126, 'ign_c': 17.833985717137892}. Best is trial 0 with value: 0.6103502735484728.
[I 2026-05-22 17:48:03,093] Trial 348 finished with value: 0.5133383636057726 and parameters: {'k1': 0.008418357235120735, 'D_low': 235.4339937891195, 'k2': 0.0437217551840757, 'D_high': 6121.462889281459, 'fire_exp': 4.280641261521012, 'P_half': 66.36944885579867, 'pre_dampen_half': 18.008642337821616, 'gpp_af': 0.07460944986974491, 'gpp_b': 2.394406865487418e-05, 'gpp_d': 69.12274790625652, 'ign_k': 1.2324959794969919, 'ign_c': 11.81445533157055}. Best is trial 0 with value: 0.6103502735484728.
[I 2026-05-22 17:48:03,528] Trial 349 finished with value: 0.4355274315112743 and parameters: {'k1': 0.08936305227493554, 'D_low': 1749.9484657188636, 'k2': 0.03785681808073414, 'D_high': 3551.4750506119453, 'fire_exp': 0.7713936708908593, 'P_half': 87.79557084582942, 'pre_dampen_half': 9.00514982325379, 'gpp_af': 0.3992531627345765, 'gpp_b': 5.661122467879929e-06, 'gpp_d': 358.83762968461025, 'ign_k': 3.5101498659416666, 'ign_c': 2.6424685933332324}. Best is trial 0 with value: 0.6103502735484728.
[I 2026-05-22 17:48:03,962] Trial 350 finished with value: 0.592576049147108 and parameters: {'k1': 0.0019058636974147926, 'D_low': 240.03826700325, 'k2': 0.0031466607876791757, 'D_high': 1337.5722149736368, 'fire_exp': 0.3672471894685989, 'P_half': 0.5601527323329049, 'pre_dampen_half': 2.0376318740034822, 'gpp_af': 0.0021073346018447383, 'gpp_b': 1.3955080020892015e-06, 'gpp_d': 308.6601912053176, 'ign_k': 0.4217632385714341, 'ign_c': 17.57634398107185}. Best is trial 0 with value: 0.6103502735484728.
[I 2026-05-22 17:48:04,396] Trial 351 finished with value: 0.5055242374280052 and parameters: {'k1': 0.0012969400920343648, 'D_low': 653.6157286605195, 'k2': 0.003384291618255436, 'D_high': 508.1734211225737, 'fire_exp': 0.4983570331819645, 'P_half': 0.48320525309256324, 'pre_dampen_half': 0.28133018612341865, 'gpp_af': 0.0027075131746874402, 'gpp_b': 1.3816677586382197e-05, 'gpp_d': 229.302214870166, 'ign_k': 6.365743857878748, 'ign_c': 20.784796750320115}. Best is trial 0 with value: 0.6103502735484728.
[I 2026-05-22 17:48:04,832] Trial 352 finished with value: 0.511827413023532 and parameters: {'k1': 0.0308671468312676, 'D_low': 257.9442558150208, 'k2': 0.0041198995371917535, 'D_high': 14648.451335996973, 'fire_exp': 1.123321058667851, 'P_half': 0.21312797179083348, 'pre_dampen_half': 1.044368281590749, 'gpp_af': 0.001131175509379658, 'gpp_b': 8.330035186092494e-05, 'gpp_d': 319.1948763811342, 'ign_k': 1.168246674612761, 'ign_c': 19.173649697791507}. Best is trial 0 with value: 0.6103502735484728.
[I 2026-05-22 17:48:05,266] Trial 353 finished with value: 0.5722844858153023 and parameters: {'k1': 0.04880388489991717, 'D_low': 44.63989112402485, 'k2': 0.007102224683487652, 'D_high': 520.6969405905992, 'fire_exp': 0.38713474896573624, 'P_half': 4.399555328774222, 'pre_dampen_half': 3.3672588449473833, 'gpp_af': 0.06247356906144496, 'gpp_b': 1.7310587388726621e-06, 'gpp_d': 468.9475133768866, 'ign_k': 1.2500816219846962, 'ign_c': 9.62404769387914}. Best is trial 0 with value: 0.6103502735484728.
[I 2026-05-22 17:48:05,697] Trial 354 finished with value: 0.5059797258089863 and parameters: {'k1': 0.08835318202257328, 'D_low': 248.57282984769117, 'k2': 0.0010598823622035888, 'D_high': 81748.5841977368, 'fire_exp': 2.0751028276355066, 'P_half': 6.407516852195103, 'pre_dampen_half': 0.026982033806367406, 'gpp_af': 2.1683916604190188, 'gpp_b': 0.0005080835724081392, 'gpp_d': 83.37484245228976, 'ign_k': 3.582590666187518, 'ign_c': 1.2013571626754072}. Best is trial 0 with value: 0.6103502735484728.
[I 2026-05-22 17:48:06,131] Trial 355 finished with value: 0.5584898691581761 and parameters: {'k1': 0.0005644810741277431, 'D_low': 425.21923134843814, 'k2': 0.05543831452382174, 'D_high': 907.2432799045524, 'fire_exp': 0.7313803310189647, 'P_half': 1.3221401451121064, 'pre_dampen_half': 10.766177357639597, 'gpp_af': 4.5337122620151264, 'gpp_b': 1.4511989073011907e-05, 'gpp_d': 5.726081584668863, 'ign_k': 9.58799013713798, 'ign_c': 17.927477414851374}. Best is trial 0 with value: 0.6103502735484728.
[I 2026-05-22 17:48:06,565] Trial 356 finished with value: 0.5428655042588444 and parameters: {'k1': 0.0018464610009938692, 'D_low': 11.430728427005494, 'k2': 0.00034704067239707943, 'D_high': 253.31377789301982, 'fire_exp': 0.43203669394428706, 'P_half': 66.54777747296237, 'pre_dampen_half': 0.6015552128214696, 'gpp_af': 0.33638793779106885, 'gpp_b': 8.4442022145968e-05, 'gpp_d': 2.0799368285644477, 'ign_k': 2.6330432415748555, 'ign_c': 23.999045618076316}. Best is trial 0 with value: 0.6103502735484728.
[I 2026-05-22 17:48:06,999] Trial 357 finished with value: 0.47277934316312975 and parameters: {'k1': 0.009105504102004478, 'D_low': 1144.921131425571, 'k2': 0.006945655490287749, 'D_high': 800.6305070825695, 'fire_exp': 0.43611237693604643, 'P_half': 0.14370218826987508, 'pre_dampen_half': 1.0939178291074072, 'gpp_af': 0.0013058974384533033, 'gpp_b': 4.468831585164541e-06, 'gpp_d': 951.3466059625534, 'ign_k': 0.28657497008512356, 'ign_c': 8.14074775255457}. Best is trial 0 with value: 0.6103502735484728.
[I 2026-05-22 17:48:07,433] Trial 358 finished with value: 0.46452987601965173 and parameters: {'k1': 7.570153004402747e-05, 'D_low': 124.64955750699188, 'k2': 0.011881769875642163, 'D_high': 1028.3330729079537, 'fire_exp': 0.3758186049017671, 'P_half': 2.9526993337439578, 'pre_dampen_half': 0.229086675058109, 'gpp_af': 0.0029109515242490723, 'gpp_b': 1.8823792368397877e-06, 'gpp_d': 24.348518600723775, 'ign_k': 0.11388340018283206, 'ign_c': 143.6504167602394}. Best is trial 0 with value: 0.6103502735484728.
[I 2026-05-22 17:48:07,862] Trial 359 finished with value: 0.5261847942769592 and parameters: {'k1': 0.004753237195363702, 'D_low': 283.08009968077454, 'k2': 0.057012126662638246, 'D_high': 2146.835974644232, 'fire_exp': 1.2859094315797346, 'P_half': 73.0480861747774, 'pre_dampen_half': 2.1400569433742613, 'gpp_af': 0.012419038381284185, 'gpp_b': 4.525246185100619e-06, 'gpp_d': 758.5156019677225, 'ign_k': 0.2752401213094805, 'ign_c': 3.6735460514031306}. Best is trial 0 with value: 0.6103502735484728.
[I 2026-05-22 17:48:08,296] Trial 360 finished with value: 0.5709713099451832 and parameters: {'k1': 0.0021725012769585332, 'D_low': 320.3101820640191, 'k2': 0.00415330221315202, 'D_high': 6778.5722827416175, 'fire_exp': 0.49330202065414963, 'P_half': 0.19857402018633333, 'pre_dampen_half': 0.34075871892479337, 'gpp_af': 0.010082729751535357, 'gpp_b': 6.129710457681374e-06, 'gpp_d': 458.3601176590607, 'ign_k': 3.5328487301384275, 'ign_c': 10.44092656744141}. Best is trial 0 with value: 0.6103502735484728.
[I 2026-05-22 17:48:08,729] Trial 361 finished with value: 0.5726965824444189 and parameters: {'k1': 0.0018033998087885186, 'D_low': 62.60589836339232, 'k2': 0.02304441018294659, 'D_high': 5294.474537678863, 'fire_exp': 0.8175011623065915, 'P_half': 1.7660771910562774, 'pre_dampen_half': 33.2144818954661, 'gpp_af': 0.05659975277317619, 'gpp_b': 2.0509822659686854e-06, 'gpp_d': 936.6729667651015, 'ign_k': 1.4159875528453514, 'ign_c': 16.72402240442349}. Best is trial 0 with value: 0.6103502735484728.
[I 2026-05-22 17:48:09,158] Trial 362 finished with value: 0.3994490055432051 and parameters: {'k1': 0.001129384057157743, 'D_low': 7.243697442434102, 'k2': 0.001541747541070053, 'D_high': 7236.893592395217, 'fire_exp': 0.8003586265788705, 'P_half': 0.28800959832853046, 'pre_dampen_half': 3.2061190691830608, 'gpp_af': 0.001137866267678616, 'gpp_b': 1.3934608927090643e-06, 'gpp_d': 150.34697698703346, 'ign_k': 1.135233698954438, 'ign_c': 235.1627840865798}. Best is trial 0 with value: 0.6103502735484728.
[I 2026-05-22 17:48:09,588] Trial 363 finished with value: 0.4639571219563419 and parameters: {'k1': 0.03737389163925945, 'D_low': 115.56465041385847, 'k2': 2.402723471065038e-05, 'D_high': 2060.6811486837264, 'fire_exp': 1.02114699947408, 'P_half': 708.6451520101092, 'pre_dampen_half': 8.636170188353333, 'gpp_af': 0.09123817492452575, 'gpp_b': 0.0043333792755447815, 'gpp_d': 170.28682879911332, 'ign_k': 0.06570517378928163, 'ign_c': 125.09447410815257}. Best is trial 0 with value: 0.6103502735484728.
[I 2026-05-22 17:48:10,022] Trial 364 finished with value: 0.5688763424188206 and parameters: {'k1': 0.005797846958249792, 'D_low': 145.5463105241344, 'k2': 0.00128700849358148, 'D_high': 59498.647442305715, 'fire_exp': 0.9190436337415602, 'P_half': 56.66870838882759, 'pre_dampen_half': 0.6915305677985142, 'gpp_af': 0.9481092539765591, 'gpp_b': 0.00010539513212141204, 'gpp_d': 494.4478485748198, 'ign_k': 5.194290574667699, 'ign_c': 13.019157746594631}. Best is trial 0 with value: 0.6103502735484728.
[I 2026-05-22 17:48:10,455] Trial 365 finished with value: 0.47759154616787525 and parameters: {'k1': 0.0014843779069626264, 'D_low': 5.561145822919709, 'k2': 0.0002924292514289649, 'D_high': 1077.1386003126772, 'fire_exp': 0.6347037488828602, 'P_half': 50.36923575273039, 'pre_dampen_half': 1.3765783057976126, 'gpp_af': 2.3419465198936713, 'gpp_b': 7.215510042757045e-06, 'gpp_d': 56.60839103422967, 'ign_k': 1.4778938649098112, 'ign_c': 28.048653202420454}. Best is trial 0 with value: 0.6103502735484728.
[I 2026-05-22 17:48:10,889] Trial 366 finished with value: 0.44578857289563434 and parameters: {'k1': 0.0024191397764816045, 'D_low': 15.061706910484398, 'k2': 0.007131703353093929, 'D_high': 837.8823506857335, 'fire_exp': 0.5105031478257711, 'P_half': 5.680476152096181, 'pre_dampen_half': 5.592156973899227, 'gpp_af': 0.0022520898438698985, 'gpp_b': 1.6167773526119493e-06, 'gpp_d': 699.8509030913328, 'ign_k': 0.7297302474104016, 'ign_c': 57.66864433507087}. Best is trial 0 with value: 0.6103502735484728.
[I 2026-05-22 17:48:11,321] Trial 367 finished with value: 0.3994490055432051 and parameters: {'k1': 0.030156832554868777, 'D_low': 86.09361487463389, 'k2': 0.007282168105762174, 'D_high': 2161.5096064793356, 'fire_exp': 0.4775686497705058, 'P_half': 0.38117902832315403, 'pre_dampen_half': 2.444627899191478, 'gpp_af': 0.002087566468535704, 'gpp_b': 7.200378300719713e-06, 'gpp_d': 731.7274085430299, 'ign_k': 8.323398524786175, 'ign_c': 47.38056965220516}. Best is trial 0 with value: 0.6103502735484728.
[I 2026-05-22 17:48:11,753] Trial 368 finished with value: 0.5893669219224373 and parameters: {'k1': 0.08291583005586009, 'D_low': 45.52936280342944, 'k2': 0.00037082587402834615, 'D_high': 12835.594638875564, 'fire_exp': 0.5962845534864948, 'P_half': 34.61961159914745, 'pre_dampen_half': 0.7745964230044559, 'gpp_af': 0.43878366180935996, 'gpp_b': 0.007502585915833716, 'gpp_d': 238.53381373697863, 'ign_k': 1.2965933963065848, 'ign_c': 17.518572134844685}. Best is trial 0 with value: 0.6103502735484728.
[I 2026-05-22 17:48:12,187] Trial 369 finished with value: 0.3994490055432051 and parameters: {'k1': 0.0035009700372582247, 'D_low': 14.42933937134159, 'k2': 0.0004563679685791324, 'D_high': 1374.343470553061, 'fire_exp': 0.35112074043597824, 'P_half': 3093.8676300500942, 'pre_dampen_half': 0.4378708437363624, 'gpp_af': 0.6271487795379294, 'gpp_b': 3.5746472635797323e-06, 'gpp_d': 12.104433923554724, 'ign_k': 3.5850938264600587, 'ign_c': 164.12845804696528}. Best is trial 0 with value: 0.6103502735484728.
[I 2026-05-22 17:48:12,618] Trial 370 finished with value: 0.3994490055432051 and parameters: {'k1': 0.07423219155264446, 'D_low': 193.32398214147085, 'k2': 0.00010838331564288962, 'D_high': 67995.35539841242, 'fire_exp': 1.0238961984490387, 'P_half': 64.0860095670911, 'pre_dampen_half': 0.010848948410990164, 'gpp_af': 25.46877788956217, 'gpp_b': 0.0005398136159223713, 'gpp_d': 17.45923824524276, 'ign_k': 5.617174245936449, 'ign_c': 58.160529046773895}. Best is trial 0 with value: 0.6103502735484728.
[I 2026-05-22 17:48:13,053] Trial 371 finished with value: 0.3994490055432051 and parameters: {'k1': 0.033502615685329536, 'D_low': 82.7032497809373, 'k2': 0.0007405868707481189, 'D_high': 2600.8544167531036, 'fire_exp': 0.5274548195696931, 'P_half': 1.6781704389003533, 'pre_dampen_half': 7.356442660348384, 'gpp_af': 7.5097277733115275, 'gpp_b': 3.707309564850947e-06, 'gpp_d': 355.05625692605935, 'ign_k': 2.6490819164432886, 'ign_c': 270.06049332389824}. Best is trial 0 with value: 0.6103502735484728.
[I 2026-05-22 17:48:13,488] Trial 372 finished with value: 0.41878598781716214 and parameters: {'k1': 0.016059533253228193, 'D_low': 12.510468793310539, 'k2': 0.00034107088131880874, 'D_high': 18846.41759724409, 'fire_exp': 0.9866479232401472, 'P_half': 1.4030685259893818, 'pre_dampen_half': 41.70089761204605, 'gpp_af': 0.9610925321975579, 'gpp_b': 0.0002462626263787526, 'gpp_d': 89.5182883812581, 'ign_k': 1.3620141110763373, 'ign_c': 38.22561540976001}. Best is trial 0 with value: 0.6103502735484728.
[I 2026-05-22 17:48:13,919] Trial 373 finished with value: 0.5495182556104424 and parameters: {'k1': 0.08367633448600381, 'D_low': 20.97465845126627, 'k2': 0.0005618117333247477, 'D_high': 20468.36711742952, 'fire_exp': 0.3852452208478547, 'P_half': 29.601972432163297, 'pre_dampen_half': 4.971330748735839, 'gpp_af': 0.205902625099907, 'gpp_b': 0.005874618109983513, 'gpp_d': 2.7908276866224733, 'ign_k': 0.053690766844566, 'ign_c': 7.813993224698953}. Best is trial 0 with value: 0.6103502735484728.
[I 2026-05-22 17:48:14,358] Trial 374 finished with value: 0.5304200610606074 and parameters: {'k1': 0.07379779424695455, 'D_low': 303.7652480513561, 'k2': 0.0027854950842647213, 'D_high': 972.5348527653617, 'fire_exp': 1.1889465183254815, 'P_half': 9.59036984406851, 'pre_dampen_half': 7.467330838134758, 'gpp_af': 1.4637693174181015, 'gpp_b': 2.380390849344731e-06, 'gpp_d': 944.934250816982, 'ign_k': 0.3195739155052637, 'ign_c': 4.732174278538732}. Best is trial 0 with value: 0.6103502735484728.
[I 2026-05-22 17:48:14,793] Trial 375 finished with value: 0.3994490055432051 and parameters: {'k1': 2.175256723890764e-05, 'D_low': 17.81319865103612, 'k2': 0.0018286875183874695, 'D_high': 10228.628011635008, 'fire_exp': 0.5040045112056599, 'P_half': 0.42331412000680424, 'pre_dampen_half': 27.923283365786396, 'gpp_af': 1.8430094423442067, 'gpp_b': 0.00022776636305382744, 'gpp_d': 51.34546268346124, 'ign_k': 3.6607673770107354, 'ign_c': 66.40304851905218}. Best is trial 0 with value: 0.6103502735484728.
[I 2026-05-22 17:48:15,225] Trial 376 finished with value: 0.39558978893511787 and parameters: {'k1': 0.024225135637161107, 'D_low': 227.34993234164537, 'k2': 0.007371979127360666, 'D_high': 48957.92643930735, 'fire_exp': 0.8162217281779462, 'P_half': 2007.869511538329, 'pre_dampen_half': 1.2408528176157487, 'gpp_af': 12.302626256882183, 'gpp_b': 0.00025929004214044474, 'gpp_d': 1.2745269563559167, 'ign_k': 6.936820427385651, 'ign_c': 37.418089831811514}. Best is trial 0 with value: 0.6103502735484728.
[I 2026-05-22 17:48:15,655] Trial 377 finished with value: 0.3994490055432051 and parameters: {'k1': 0.0031547331684411706, 'D_low': 6.847462741637275, 'k2': 0.008412385358838537, 'D_high': 72806.8931471001, 'fire_exp': 0.5082863348436456, 'P_half': 308.8403593749041, 'pre_dampen_half': 0.535009857764247, 'gpp_af': 30.870241515105693, 'gpp_b': 1.2382763810649008e-05, 'gpp_d': 20.527940737513962, 'ign_k': 4.273536511808898, 'ign_c': 56.52716305956255}. Best is trial 0 with value: 0.6103502735484728.
[I 2026-05-22 17:48:16,085] Trial 378 finished with value: 0.49962668039182706 and parameters: {'k1': 0.021951550423822904, 'D_low': 1063.0957885712453, 'k2': 0.004165897822772039, 'D_high': 18074.033204565938, 'fire_exp': 0.538653440069934, 'P_half': 204.57011221270275, 'pre_dampen_half': 0.5654090562939743, 'gpp_af': 0.04004262692040241, 'gpp_b': 1.5258427510818812e-06, 'gpp_d': 67.19034776141491, 'ign_k': 0.6816618232730611, 'ign_c': 13.966786642649174}. Best is trial 0 with value: 0.6103502735484728.
[I 2026-05-22 17:48:16,514] Trial 379 finished with value: 0.3994490055432051 and parameters: {'k1': 0.08579778734968926, 'D_low': 12.316283924416615, 'k2': 0.00041701981862364617, 'D_high': 9116.853210451121, 'fire_exp': 0.4645719425074299, 'P_half': 23.249445713102148, 'pre_dampen_half': 2.291840772897665, 'gpp_af': 0.21836336072221235, 'gpp_b': 4.658132211519966e-06, 'gpp_d': 205.22862996688426, 'ign_k': 1.2691852607748393, 'ign_c': 166.51826694111233}. Best is trial 0 with value: 0.6103502735484728.
[I 2026-05-22 17:48:16,943] Trial 380 finished with value: 0.5872858449174369 and parameters: {'k1': 0.01710455944415109, 'D_low': 14.933286887138376, 'k2': 0.0011176351193717586, 'D_high': 2782.4194678736517, 'fire_exp': 0.5796691802982719, 'P_half': 49.04745347316007, 'pre_dampen_half': 2.7914202732105555, 'gpp_af': 0.095365160720366, 'gpp_b': 0.0021473089854547687, 'gpp_d': 303.97397791133545, 'ign_k': 0.5262328501219176, 'ign_c': 23.679925431981673}. Best is trial 0 with value: 0.6103502735484728.
[I 2026-05-22 17:48:17,374] Trial 381 finished with value: 0.449853689604679 and parameters: {'k1': 0.022983235523817622, 'D_low': 66.15875479496928, 'k2': 2.8569567553965393e-05, 'D_high': 4268.605434705528, 'fire_exp': 2.086602005043556, 'P_half': 8.073023463454106, 'pre_dampen_half': 0.03976115192906355, 'gpp_af': 0.2851059693360941, 'gpp_b': 0.07546305757322914, 'gpp_d': 231.2946988274782, 'ign_k': 1.7565168343140696, 'ign_c': 23.048089170811355}. Best is trial 0 with value: 0.6103502735484728.
[I 2026-05-22 17:48:17,808] Trial 382 finished with value: 0.537586833109852 and parameters: {'k1': 0.049349977783964646, 'D_low': 1.5102631970919815, 'k2': 0.000852274672082404, 'D_high': 33103.34584490289, 'fire_exp': 1.560864931313888, 'P_half': 256.77015565336825, 'pre_dampen_half': 1.3563936051803305, 'gpp_af': 0.8372403500602907, 'gpp_b': 0.000505164850763434, 'gpp_d': 553.7579394183762, 'ign_k': 1.1568474438385263, 'ign_c': 7.456723038207327}. Best is trial 0 with value: 0.6103502735484728.
[I 2026-05-22 17:48:18,239] Trial 383 finished with value: 0.4889214125062491 and parameters: {'k1': 0.04325989017548756, 'D_low': 247.6252999911462, 'k2': 0.0007274186789359764, 'D_high': 26068.99856888451, 'fire_exp': 0.836308940427358, 'P_half': 143.0373601035612, 'pre_dampen_half': 2.8541996490571266, 'gpp_af': 0.09969522794213873, 'gpp_b': 0.15637133192895833, 'gpp_d': 142.54526351074773, 'ign_k': 0.24814050346973962, 'ign_c': 17.262013108715607}. Best is trial 0 with value: 0.6103502735484728.
[I 2026-05-22 17:48:18,673] Trial 384 finished with value: 0.5841587412670045 and parameters: {'k1': 0.04626034889108715, 'D_low': 10.435687216146626, 'k2': 6.388073861441605e-05, 'D_high': 65636.45578756406, 'fire_exp': 0.5155966879974206, 'P_half': 21.87310152178648, 'pre_dampen_half': 1.9682491658348222, 'gpp_af': 14.947438140764147, 'gpp_b': 0.0012895839749737517, 'gpp_d': 53.31816102484927, 'ign_k': 5.458550675991903, 'ign_c': 23.45058882321029}. Best is trial 0 with value: 0.6103502735484728.
