[I 2026-05-22 18:01:24,484] Trial 176 finished with value: 0.6028716253442434 and parameters: {'rain_shift': 0.39424658445154465, 'ign_k': 0.44252946679591676, 'rate_power': 1.0225898678180179}. Best is trial 133 with value: 0.6092064541256602.
[I 2026-05-22 18:01:24,837] Trial 177 finished with value: 0.5962125713509511 and parameters: {'rain_shift': 1.84036581821226, 'ign_k': 0.3305990030630321, 'rate_power': 1.1004410280444277}. Best is trial 133 with value: 0.6092064541256602.
[I 2026-05-22 18:01:25,187] Trial 178 finished with value: 0.5312291912965645 and parameters: {'rain_shift': 9.874555788574138, 'ign_k': 2.4045788544221494, 'rate_power': 0.9583933552628547}. Best is trial 133 with value: 0.6092064541256602.
[I 2026-05-22 18:01:25,542] Trial 179 finished with value: 0.6082387834768719 and parameters: {'rain_shift': 1.1610752197976084, 'ign_k': 0.6422799083114971, 'rate_power': 1.038349187483275}. Best is trial 133 with value: 0.6092064541256602.
[I 2026-05-22 18:01:25,895] Trial 180 finished with value: 0.6033869985874204 and parameters: {'rain_shift': 1.504469954422619, 'ign_k': 0.9115824441317698, 'rate_power': 0.9358456450758491}. Best is trial 133 with value: 0.6092064541256602.
[I 2026-05-22 18:01:26,240] Trial 181 finished with value: 0.5909446245564844 and parameters: {'rain_shift': 2.575345523339674, 'ign_k': 0.43776801242349617, 'rate_power': 0.986897155654291}. Best is trial 133 with value: 0.6092064541256602.
[I 2026-05-22 18:01:26,586] Trial 182 finished with value: 0.5905770244691115 and parameters: {'rain_shift': 2.224568876685078, 'ign_k': 0.5591185326383245, 'rate_power': 1.0592027803289803}. Best is trial 133 with value: 0.6092064541256602.
[I 2026-05-22 18:01:26,937] Trial 183 finished with value: 0.6073352228182022 and parameters: {'rain_shift': 0.3681009155552066, 'ign_k': 0.6532045103298726, 'rate_power': 1.0119173463747513}. Best is trial 133 with value: 0.6092064541256602.
[I 2026-05-22 18:01:27,296] Trial 184 finished with value: 0.5996997186905706 and parameters: {'rain_shift': 1.728833662091664, 'ign_k': 0.4108379782284661, 'rate_power': 1.0951502575269494}. Best is trial 133 with value: 0.6092064541256602.
[I 2026-05-22 18:01:27,661] Trial 185 finished with value: 0.6077013215100678 and parameters: {'rain_shift': 0.5279738485261969, 'ign_k': 0.4976041258616686, 'rate_power': 1.1027493696897612}. Best is trial 133 with value: 0.6092064541256602.
[I 2026-05-22 18:01:28,023] Trial 186 finished with value: 0.5801093669830372 and parameters: {'rain_shift': 1.135536562991587, 'ign_k': 0.13732666324426074, 'rate_power': 1.1253407464017964}. Best is trial 133 with value: 0.6092064541256602.
[I 2026-05-22 18:01:28,376] Trial 187 finished with value: 0.5483567838397818 and parameters: {'rain_shift': 6.840582620475607, 'ign_k': 0.5050719088198746, 'rate_power': 0.9791837850958081}. Best is trial 133 with value: 0.6092064541256602.
[I 2026-05-22 18:01:28,735] Trial 188 finished with value: 0.5298870870632257 and parameters: {'rain_shift': 9.900431031890376, 'ign_k': 0.3702935317139186, 'rate_power': 1.1936540649149592}. Best is trial 133 with value: 0.6092064541256602.
[I 2026-05-22 18:01:29,096] Trial 189 finished with value: 0.580193622654538 and parameters: {'rain_shift': 2.1673615111816837, 'ign_k': 1.4062818918009128, 'rate_power': 1.078389719814439}. Best is trial 133 with value: 0.6092064541256602.
[I 2026-05-22 18:01:29,458] Trial 190 finished with value: 0.6085575555389741 and parameters: {'rain_shift': 0.9861417678698382, 'ign_k': 0.7234595950453437, 'rate_power': 1.0344815269978382}. Best is trial 133 with value: 0.6092064541256602.
[I 2026-05-22 18:01:29,810] Trial 191 finished with value: 0.5619346147259466 and parameters: {'rain_shift': 6.539245927889311, 'ign_k': 0.6786482806119087, 'rate_power': 0.7305840657887034}. Best is trial 133 with value: 0.6092064541256602.
[I 2026-05-22 18:01:30,169] Trial 192 finished with value: 0.6017613758368766 and parameters: {'rain_shift': 1.4968826595695166, 'ign_k': 0.6994973053964656, 'rate_power': 1.052376800214599}. Best is trial 133 with value: 0.6092064541256602.
[I 2026-05-22 18:01:30,527] Trial 193 finished with value: 0.6065295043188534 and parameters: {'rain_shift': 0.16782016075654685, 'ign_k': 0.8970620405036073, 'rate_power': 1.0396203181344343}. Best is trial 133 with value: 0.6092064541256602.
[I 2026-05-22 18:01:30,878] Trial 194 finished with value: 0.6022789451717778 and parameters: {'rain_shift': 0.013621882313394673, 'ign_k': 0.5732644705960316, 'rate_power': 1.0811752521146196}. Best is trial 133 with value: 0.6092064541256602.
[I 2026-05-22 18:01:31,229] Trial 195 finished with value: 0.599446744214734 and parameters: {'rain_shift': 1.6614427700442014, 'ign_k': 0.6427565825786907, 'rate_power': 1.0648125356233802}. Best is trial 133 with value: 0.6092064541256602.
[I 2026-05-22 18:01:31,580] Trial 196 finished with value: 0.5977906978305851 and parameters: {'rain_shift': 1.3947736290610258, 'ign_k': 1.0817645876170456, 'rate_power': 1.0864489687538927}. Best is trial 133 with value: 0.6092064541256602.
[I 2026-05-22 18:01:31,932] Trial 197 finished with value: 0.604231692668364 and parameters: {'rain_shift': 1.173852573886458, 'ign_k': 0.4128483457882937, 'rate_power': 1.147330985509723}. Best is trial 133 with value: 0.6092064541256602.
[I 2026-05-22 18:01:32,283] Trial 198 finished with value: 0.6079862090373398 and parameters: {'rain_shift': 0.832343812591734, 'ign_k': 0.5845233705538281, 'rate_power': 1.149516634984358}. Best is trial 133 with value: 0.6092064541256602.
[I 2026-05-22 18:01:32,635] Trial 199 finished with value: 0.6004100569244405 and parameters: {'rain_shift': 1.2203198013221936, 'ign_k': 0.8264584329019103, 'rate_power': 1.153250507516349}. Best is trial 133 with value: 0.6092064541256602.
[I 2026-05-22 18:01:32,989] Trial 200 finished with value: 0.5625644918284215 and parameters: {'rain_shift': 3.5893689180367634, 'ign_k': 0.7184436204161168, 'rate_power': 1.1140676048601348}. Best is trial 133 with value: 0.6092064541256602.
[I 2026-05-22 18:01:33,348] Trial 201 finished with value: 0.6019964826716723 and parameters: {'rain_shift': 1.4097000684180512, 'ign_k': 0.4732983807595561, 'rate_power': 1.1437223436618746}. Best is trial 133 with value: 0.6092064541256602.
[I 2026-05-22 18:01:33,701] Trial 202 finished with value: 0.6041737382370526 and parameters: {'rain_shift': 0.16186151336960186, 'ign_k': 0.5178385615183575, 'rate_power': 1.0933148335932479}. Best is trial 133 with value: 0.6092064541256602.
[I 2026-05-22 18:01:34,054] Trial 203 finished with value: 0.5982219587208516 and parameters: {'rain_shift': 1.5074303848172914, 'ign_k': 0.5604367125079421, 'rate_power': 1.1685387933396156}. Best is trial 133 with value: 0.6092064541256602.
[I 2026-05-22 18:01:34,406] Trial 204 finished with value: 0.6073098117817615 and parameters: {'rain_shift': 0.13043424038194582, 'ign_k': 1.0559250051289824, 'rate_power': 1.1001746006929993}. Best is trial 133 with value: 0.6092064541256602.
[I 2026-05-22 18:01:34,773] Trial 205 finished with value: 0.6040938781204399 and parameters: {'rain_shift': 1.528581265512846, 'ign_k': 0.5665832477946331, 'rate_power': 1.034424351500217}. Best is trial 133 with value: 0.6092064541256602.
[I 2026-05-22 18:01:35,124] Trial 206 finished with value: 0.6075624398453761 and parameters: {'rain_shift': 0.18312804319275738, 'ign_k': 0.7858379070241417, 'rate_power': 1.1271990390256907}. Best is trial 133 with value: 0.6092064541256602.
[I 2026-05-22 18:01:35,471] Trial 207 finished with value: 0.6068412315987286 and parameters: {'rain_shift': 0.9871225415874897, 'ign_k': 0.9103536086490629, 'rate_power': 0.9526367821431188}. Best is trial 133 with value: 0.6092064541256602.
[I 2026-05-22 18:01:35,829] Trial 208 finished with value: 0.6018429326584216 and parameters: {'rain_shift': 1.3651626669228514, 'ign_k': 0.6352184653773648, 'rate_power': 1.1305883973832866}. Best is trial 133 with value: 0.6092064541256602.
[I 2026-05-22 18:01:36,184] Trial 209 finished with value: 0.6083414356868968 and parameters: {'rain_shift': 1.3767401950014033, 'ign_k': 0.47063585956323756, 'rate_power': 0.9491558589770596}. Best is trial 133 with value: 0.6092064541256602.
[I 2026-05-22 18:01:36,533] Trial 210 finished with value: 0.5951245440213179 and parameters: {'rain_shift': 1.4116818187045665, 'ign_k': 1.0719913062819657, 'rate_power': 1.1541997700205515}. Best is trial 133 with value: 0.6092064541256602.
[I 2026-05-22 18:01:36,895] Trial 211 finished with value: 0.6084613950587487 and parameters: {'rain_shift': 1.2688934837072998, 'ign_k': 0.6805736162519861, 'rate_power': 0.9686030899889458}. Best is trial 133 with value: 0.6092064541256602.
[I 2026-05-22 18:01:37,254] Trial 212 finished with value: 0.6027600174099089 and parameters: {'rain_shift': 1.7208062221708, 'ign_k': 0.7218631942683257, 'rate_power': 0.9415256739178318}. Best is trial 133 with value: 0.6092064541256602.
[I 2026-05-22 18:01:37,608] Trial 213 finished with value: 0.5828436036100122 and parameters: {'rain_shift': 0.12737557660262233, 'ign_k': 0.23445819979874163, 'rate_power': 0.9602167147760364}. Best is trial 133 with value: 0.6092064541256602.
[I 2026-05-22 18:01:37,959] Trial 214 finished with value: 0.5995206286348973 and parameters: {'rain_shift': 2.1573979924366147, 'ign_k': 0.516667843834998, 'rate_power': 0.9259293836399604}. Best is trial 133 with value: 0.6092064541256602.
[I 2026-05-22 18:01:38,313] Trial 215 finished with value: 0.6095160191014424 and parameters: {'rain_shift': 1.2019223858010686, 'ign_k': 0.6981140481580995, 'rate_power': 0.910603520615469}. Best is trial 215 with value: 0.6095160191014424.
[I 2026-05-22 18:01:38,667] Trial 216 finished with value: 0.5990188929264846 and parameters: {'rain_shift': 0.8015966939879131, 'ign_k': 0.37712739313901156, 'rate_power': 0.8847287752938202}. Best is trial 215 with value: 0.6095160191014424.
[I 2026-05-22 18:01:39,019] Trial 217 finished with value: 0.6041289873152895 and parameters: {'rain_shift': 0.5622724330291491, 'ign_k': 1.1216748663659406, 'rate_power': 0.8706440619684848}. Best is trial 215 with value: 0.6095160191014424.
[I 2026-05-22 18:01:39,367] Trial 218 finished with value: 0.6100049472971844 and parameters: {'rain_shift': 1.2824013413028963, 'ign_k': 0.6229933725476541, 'rate_power': 0.9100283255094737}. Best is trial 218 with value: 0.6100049472971844.
[I 2026-05-22 18:01:39,716] Trial 219 finished with value: 0.5970068526636647 and parameters: {'rain_shift': 2.562088291724156, 'ign_k': 0.39224349572418343, 'rate_power': 0.9068323650770499}. Best is trial 218 with value: 0.6100049472971844.
[I 2026-05-22 18:01:40,064] Trial 220 finished with value: 0.6071282899772881 and parameters: {'rain_shift': 1.745429183847016, 'ign_k': 0.4401797722373614, 'rate_power': 0.8937587808801579}. Best is trial 218 with value: 0.6100049472971844.
[I 2026-05-22 18:01:40,426] Trial 221 finished with value: 0.6099166148991234 and parameters: {'rain_shift': 1.3135056438867605, 'ign_k': 0.5612801114693434, 'rate_power': 0.900419882971201}. Best is trial 218 with value: 0.6100049472971844.
[I 2026-05-22 18:01:40,784] Trial 222 finished with value: 0.6051959461973442 and parameters: {'rain_shift': 1.7011699497145236, 'ign_k': 0.38263581367526595, 'rate_power': 0.9009487163022784}. Best is trial 218 with value: 0.6100049472971844.
[I 2026-05-22 18:01:41,141] Trial 223 finished with value: 0.5704659468548007 and parameters: {'rain_shift': 4.037177589713168, 'ign_k': 0.6551542946585015, 'rate_power': 0.88306653473195}. Best is trial 218 with value: 0.6100049472971844.
[I 2026-05-22 18:01:41,502] Trial 224 finished with value: 0.6007166564294171 and parameters: {'rain_shift': 1.953867636291501, 'ign_k': 0.9027635940655685, 'rate_power': 0.8329892733210637}. Best is trial 218 with value: 0.6100049472971844.
[I 2026-05-22 18:01:41,861] Trial 225 finished with value: 0.6084644962346366 and parameters: {'rain_shift': 0.8980184501121027, 'ign_k': 0.7839752600367701, 'rate_power': 0.918125327616296}. Best is trial 218 with value: 0.6100049472971844.
[I 2026-05-22 18:01:42,218] Trial 226 finished with value: 0.609980815382468 and parameters: {'rain_shift': 1.3388342190666107, 'ign_k': 0.6558542055429056, 'rate_power': 0.8922651208672353}. Best is trial 218 with value: 0.6100049472971844.
[I 2026-05-22 18:01:42,572] Trial 227 finished with value: 0.6079198140234269 and parameters: {'rain_shift': 1.0562085741578546, 'ign_k': 0.6184840080885258, 'rate_power': 0.8063040491710721}. Best is trial 218 with value: 0.6100049472971844.
[I 2026-05-22 18:01:42,932] Trial 228 finished with value: 0.599524854514882 and parameters: {'rain_shift': 1.717786424938354, 'ign_k': 0.9517852483733177, 'rate_power': 0.9374153923279542}. Best is trial 218 with value: 0.6100049472971844.
[I 2026-05-22 18:01:43,290] Trial 229 finished with value: 0.6098916804814931 and parameters: {'rain_shift': 1.4293520320903375, 'ign_k': 0.6507623121062253, 'rate_power': 0.8805294072301691}. Best is trial 218 with value: 0.6100049472971844.
[I 2026-05-22 18:01:43,647] Trial 230 finished with value: 0.5968047749995703 and parameters: {'rain_shift': 0.6952766258652456, 'ign_k': 0.3901928747642377, 'rate_power': 0.8529191763916829}. Best is trial 218 with value: 0.6100049472971844.
[I 2026-05-22 18:01:44,002] Trial 231 finished with value: 0.6080446476254484 and parameters: {'rain_shift': 0.9601138682523518, 'ign_k': 0.803098236281315, 'rate_power': 0.9110960748992817}. Best is trial 218 with value: 0.6100049472971844.
[I 2026-05-22 18:01:44,361] Trial 232 finished with value: 0.5837515645332543 and parameters: {'rain_shift': 2.700941471966134, 'ign_k': 0.9661510564808689, 'rate_power': 0.8698657991756924}. Best is trial 218 with value: 0.6100049472971844.
[I 2026-05-22 18:01:44,721] Trial 233 finished with value: 0.6067777834723931 and parameters: {'rain_shift': 1.6702922820324202, 'ign_k': 0.5402066282137138, 'rate_power': 0.9409139623583959}. Best is trial 218 with value: 0.6100049472971844.
[I 2026-05-22 18:01:45,078] Trial 234 finished with value: 0.6094637979705954 and parameters: {'rain_shift': 1.1756610784393755, 'ign_k': 0.7346720560759465, 'rate_power': 0.8683877832263375}. Best is trial 218 with value: 0.6100049472971844.
[I 2026-05-22 18:01:45,439] Trial 235 finished with value: 0.6034741970270237 and parameters: {'rain_shift': 1.021319853453578, 'ign_k': 1.286624470684984, 'rate_power': 0.8178478107797008}. Best is trial 218 with value: 0.6100049472971844.
[I 2026-05-22 18:01:45,800] Trial 236 finished with value: 0.605364661956008 and parameters: {'rain_shift': 0.7297451232284893, 'ign_k': 0.7961904796490556, 'rate_power': 0.8363032010215814}. Best is trial 218 with value: 0.6100049472971844.
[I 2026-05-22 18:01:46,158] Trial 237 finished with value: 0.5972843711537589 and parameters: {'rain_shift': 3.003076383879857, 'ign_k': 0.3259919553082079, 'rate_power': 0.785561395550294}. Best is trial 218 with value: 0.6100049472971844.
[I 2026-05-22 18:01:46,515] Trial 238 finished with value: 0.60663212734577 and parameters: {'rain_shift': 0.8617848343721461, 'ign_k': 0.9137934680075609, 'rate_power': 0.9037105883018723}. Best is trial 218 with value: 0.6100049472971844.
[I 2026-05-22 18:01:46,878] Trial 239 finished with value: 0.6069532923828072 and parameters: {'rain_shift': 1.2936815095898577, 'ign_k': 0.8725981639349791, 'rate_power': 0.8885736725170941}. Best is trial 218 with value: 0.6100049472971844.
[I 2026-05-22 18:01:47,242] Trial 240 finished with value: 0.6065180168779621 and parameters: {'rain_shift': 2.0787124050404917, 'ign_k': 0.4616499757908743, 'rate_power': 0.8363499861035076}. Best is trial 218 with value: 0.6100049472971844.
[I 2026-05-22 18:01:47,602] Trial 241 finished with value: 0.6051927518833651 and parameters: {'rain_shift': 0.5178541202160922, 'ign_k': 0.6049342167534757, 'rate_power': 0.9069471402881475}. Best is trial 218 with value: 0.6100049472971844.
[I 2026-05-22 18:01:47,959] Trial 242 finished with value: 0.5886646164909445 and parameters: {'rain_shift': 2.4654379480752864, 'ign_k': 0.8428584174014863, 'rate_power': 0.8866676364710476}. Best is trial 218 with value: 0.6100049472971844.
[I 2026-05-22 18:01:48,313] Trial 243 finished with value: 0.6094141379716417 and parameters: {'rain_shift': 0.8252764693676093, 'ign_k': 0.6142079471603695, 'rate_power': 0.9548771361248583}. Best is trial 218 with value: 0.6100049472971844.
[I 2026-05-22 18:01:48,663] Trial 244 finished with value: 0.6081730977293724 and parameters: {'rain_shift': 1.129510426065003, 'ign_k': 0.4640804568691028, 'rate_power': 0.9138924136861928}. Best is trial 218 with value: 0.6100049472971844.
[I 2026-05-22 18:01:49,015] Trial 245 finished with value: 0.5831871882491295 and parameters: {'rain_shift': 0.0010289247649786226, 'ign_k': 0.4416532090392897, 'rate_power': 0.8499591429518162}. Best is trial 218 with value: 0.6100049472971844.
[I 2026-05-22 18:01:49,373] Trial 246 finished with value: 0.6074065995147765 and parameters: {'rain_shift': 1.0646254139826157, 'ign_k': 0.44314350551604986, 'rate_power': 0.9295236409256746}. Best is trial 218 with value: 0.6100049472971844.
[I 2026-05-22 18:01:49,737] Trial 247 finished with value: 0.6060603826281623 and parameters: {'rain_shift': 1.408271563064978, 'ign_k': 0.7292917405848461, 'rate_power': 0.9697200883202725}. Best is trial 218 with value: 0.6100049472971844.
[I 2026-05-22 18:01:50,101] Trial 248 finished with value: 0.60122746750794 and parameters: {'rain_shift': 2.010037034689258, 'ign_k': 0.6214682033571013, 'rate_power': 0.9089501591400477}. Best is trial 218 with value: 0.6100049472971844.
[I 2026-05-22 18:01:50,467] Trial 249 finished with value: 0.6027053291462536 and parameters: {'rain_shift': 0.30316129417523097, 'ign_k': 0.5594766276759046, 'rate_power': 0.958400205356176}. Best is trial 218 with value: 0.6100049472971844.
[I 2026-05-22 18:01:50,834] Trial 250 finished with value: 0.6097671071182245 and parameters: {'rain_shift': 1.1297162208438218, 'ign_k': 0.6417079419728432, 'rate_power': 0.9028581489804242}. Best is trial 218 with value: 0.6100049472971844.
[I 2026-05-22 18:01:51,198] Trial 251 finished with value: 0.6087175268851995 and parameters: {'rain_shift': 0.8915650213912832, 'ign_k': 0.5699123885657861, 'rate_power': 0.9235511904396589}. Best is trial 218 with value: 0.6100049472971844.
[I 2026-05-22 18:01:51,557] Trial 252 finished with value: 0.6098344749796417 and parameters: {'rain_shift': 1.143811533367573, 'ign_k': 0.6360049824047306, 'rate_power': 0.9259374039700056}. Best is trial 218 with value: 0.6100049472971844.
[I 2026-05-22 18:01:51,913] Trial 253 finished with value: 0.6042266897162077 and parameters: {'rain_shift': 0.4427888802231166, 'ign_k': 0.8032459980008132, 'rate_power': 0.8822871820342186}. Best is trial 218 with value: 0.6100049472971844.
[I 2026-05-22 18:01:52,273] Trial 254 finished with value: 0.576107339706775 and parameters: {'rain_shift': 2.8965862121484864, 'ign_k': 0.9596480329947047, 'rate_power': 0.953412758928341}. Best is trial 218 with value: 0.6100049472971844.
[I 2026-05-22 18:01:52,629] Trial 255 finished with value: 0.6084326551534232 and parameters: {'rain_shift': 1.4532983002335702, 'ign_k': 0.4931429220786565, 'rate_power': 0.950058111548461}. Best is trial 218 with value: 0.6100049472971844.
[I 2026-05-22 18:01:52,979] Trial 256 finished with value: 0.6097724376983968 and parameters: {'rain_shift': 1.5813662299249662, 'ign_k': 0.5149399494419528, 'rate_power': 0.8525450542002916}. Best is trial 218 with value: 0.6100049472971844.
[I 2026-05-22 18:01:53,336] Trial 257 finished with value: 0.5494764636640983 and parameters: {'rain_shift': 5.1129052802082375, 'ign_k': 0.28862704528324346, 'rate_power': 1.2443559156475708}. Best is trial 218 with value: 0.6100049472971844.
[I 2026-05-22 18:01:53,691] Trial 258 finished with value: 0.598499773930734 and parameters: {'rain_shift': 0.11172867548867949, 'ign_k': 0.687863071909014, 'rate_power': 0.9083829817522237}. Best is trial 218 with value: 0.6100049472971844.
[I 2026-05-22 18:01:54,039] Trial 259 finished with value: 0.5968662116525657 and parameters: {'rain_shift': 2.5444137427145694, 'ign_k': 0.785091927222691, 'rate_power': 0.7541377225973906}. Best is trial 218 with value: 0.6100049472971844.
[I 2026-05-22 18:01:54,388] Trial 260 finished with value: 0.6079990371506594 and parameters: {'rain_shift': 1.9031378588366294, 'ign_k': 0.6016269995505916, 'rate_power': 0.8080069048281812}. Best is trial 218 with value: 0.6100049472971844.
[I 2026-05-22 18:01:54,742] Trial 261 finished with value: 0.60199003972834 and parameters: {'rain_shift': 2.1566376155795326, 'ign_k': 0.5323111039438668, 'rate_power': 0.8766728273934791}. Best is trial 218 with value: 0.6100049472971844.
[I 2026-05-22 18:01:55,089] Trial 262 finished with value: 0.609567687207819 and parameters: {'rain_shift': 1.1351867833564413, 'ign_k': 0.6408557651254705, 'rate_power': 0.8493382500341832}. Best is trial 218 with value: 0.6100049472971844.
[I 2026-05-22 18:01:55,434] Trial 263 finished with value: 0.5828590594801658 and parameters: {'rain_shift': 1.3924233119045413, 'ign_k': 0.21457235090623292, 'rate_power': 0.7657028974407779}. Best is trial 218 with value: 0.6100049472971844.
[I 2026-05-22 18:01:55,779] Trial 264 finished with value: 0.6095631394605426 and parameters: {'rain_shift': 1.2615088554138059, 'ign_k': 0.6964425505556998, 'rate_power': 0.8391805727329152}. Best is trial 218 with value: 0.6100049472971844.
[I 2026-05-22 18:01:56,126] Trial 265 finished with value: 0.6075793760379331 and parameters: {'rain_shift': 0.9556545405861103, 'ign_k': 0.6073028893305937, 'rate_power': 0.8313679806903581}. Best is trial 218 with value: 0.6100049472971844.
