[I 2026-05-22 17:48:37,754] Trial 428 finished with value: 0.3984264641984151 and parameters: {'k1': 0.047508271565142965, 'D_low': 229.77344659472772, 'k2': 0.0024885692938993783, 'D_high': 13334.81689082715, 'fire_exp': 0.43337452758851014, 'P_half': 110.32826059163465, 'pre_dampen_half': 0.013713511438364348, 'gpp_af': 0.06579820710816506, 'gpp_b': 3.4321171709639213e-06, 'gpp_d': 73.70282481600151, 'ign_k': 3.536738314241899, 'ign_c': 45.85811247283725}. Best is trial 0 with value: 0.6103502735484728.
[I 2026-05-22 17:48:38,185] Trial 429 finished with value: 0.5166110154794061 and parameters: {'k1': 8.888451875654103e-05, 'D_low': 1.2585852760508291, 'k2': 0.005862674358423252, 'D_high': 54378.203324012036, 'fire_exp': 0.9895061689070547, 'P_half': 49.82712949247271, 'pre_dampen_half': 0.0869699719944083, 'gpp_af': 5.898886181314347, 'gpp_b': 6.009204270510935e-06, 'gpp_d': 552.9100908858081, 'ign_k': 1.5951183566305598, 'ign_c': 6.4774244065252615}. Best is trial 0 with value: 0.6103502735484728.
[I 2026-05-22 17:48:38,616] Trial 430 finished with value: 0.4585813920617272 and parameters: {'k1': 0.035156864720419984, 'D_low': 23.22795696542513, 'k2': 0.0020599939987326924, 'D_high': 8501.883537042582, 'fire_exp': 0.5148565871776863, 'P_half': 10.223433461360571, 'pre_dampen_half': 0.7101795373781119, 'gpp_af': 0.22697605631407655, 'gpp_b': 0.001641743113082904, 'gpp_d': 453.95923553582804, 'ign_k': 0.3396160671293045, 'ign_c': 95.79035807196708}. Best is trial 0 with value: 0.6103502735484728.
[I 2026-05-22 17:48:39,047] Trial 431 finished with value: 0.5636102690746081 and parameters: {'k1': 1.6746248757216708e-05, 'D_low': 13.40319568734106, 'k2': 0.025896847155764673, 'D_high': 96305.57832988334, 'fire_exp': 0.5850473896872552, 'P_half': 7.939759747175739, 'pre_dampen_half': 9.369963260363255, 'gpp_af': 24.85565653093129, 'gpp_b': 1.1476864537445282e-05, 'gpp_d': 928.0816081407571, 'ign_k': 3.2571003208780183, 'ign_c': 13.101743705997587}. Best is trial 0 with value: 0.6103502735484728.
[I 2026-05-22 17:48:39,478] Trial 432 finished with value: 0.5688254790018433 and parameters: {'k1': 0.059582065716945555, 'D_low': 1.2797972923079086, 'k2': 0.0001505048037084164, 'D_high': 20916.493028351804, 'fire_exp': 0.7315158989435308, 'P_half': 40.03091175753616, 'pre_dampen_half': 1.0139912167579301, 'gpp_af': 1.9387116245402944, 'gpp_b': 0.0007177524687766526, 'gpp_d': 1.1496189677283224, 'ign_k': 0.5927219169433223, 'ign_c': 7.286683628061754}. Best is trial 0 with value: 0.6103502735484728.
[I 2026-05-22 17:48:39,908] Trial 433 finished with value: 0.4785157305118079 and parameters: {'k1': 0.0003860880035533321, 'D_low': 312.4798627413656, 'k2': 0.0013664859069284763, 'D_high': 431.8860761732332, 'fire_exp': 0.3775879844966845, 'P_half': 4.641679660688101, 'pre_dampen_half': 35.11379056111027, 'gpp_af': 0.001184298035807833, 'gpp_b': 9.240306807482441e-06, 'gpp_d': 146.0241386691372, 'ign_k': 0.25414537013031824, 'ign_c': 48.489841355830215}. Best is trial 0 with value: 0.6103502735484728.
[I 2026-05-22 17:48:40,337] Trial 434 finished with value: 0.4764367393634335 and parameters: {'k1': 0.060917025636421, 'D_low': 45.193436623806406, 'k2': 0.00020252935311634434, 'D_high': 5087.278884009771, 'fire_exp': 0.39362169607817615, 'P_half': 88.25873372344901, 'pre_dampen_half': 0.3788949230943589, 'gpp_af': 0.25167796559066624, 'gpp_b': 0.0016541280727399115, 'gpp_d': 1.7440974092357706, 'ign_k': 0.16629662931382289, 'ign_c': 66.21472841986032}. Best is trial 0 with value: 0.6103502735484728.
[I 2026-05-22 17:48:40,769] Trial 435 finished with value: 0.6078300319158887 and parameters: {'k1': 0.008162639166177838, 'D_low': 52.1911784024765, 'k2': 0.005964321967817816, 'D_high': 1809.8851132824063, 'fire_exp': 0.3645444539756052, 'P_half': 0.43243331867466217, 'pre_dampen_half': 1.308335594215059, 'gpp_af': 0.0013077597851957788, 'gpp_b': 6.039987539452087e-06, 'gpp_d': 45.965370050460955, 'ign_k': 0.763953892728221, 'ign_c': 21.82856296837944}. Best is trial 0 with value: 0.6103502735484728.
[I 2026-05-22 17:48:41,205] Trial 436 finished with value: 0.5490280788668542 and parameters: {'k1': 1.4790371239297818e-05, 'D_low': 8.64450071597888, 'k2': 0.013924458335635992, 'D_high': 3671.062883252823, 'fire_exp': 0.6773058059358702, 'P_half': 2.6090360734676485, 'pre_dampen_half': 5.947858110884325, 'gpp_af': 6.361126139697532, 'gpp_b': 0.0005535473158386474, 'gpp_d': 3.2393916392471818, 'ign_k': 0.9486118738298703, 'ign_c': 2.5374179601972835}. Best is trial 0 with value: 0.6103502735484728.
[I 2026-05-22 17:48:41,643] Trial 437 finished with value: 0.5740438193819947 and parameters: {'k1': 0.010368596269340325, 'D_low': 66.91159233643754, 'k2': 0.01520772770883528, 'D_high': 9035.980639227939, 'fire_exp': 0.5661919092825501, 'P_half': 1.1748866969643514, 'pre_dampen_half': 0.3220683471607246, 'gpp_af': 0.0011750642782163714, 'gpp_b': 2.1758909214262365e-06, 'gpp_d': 77.92582459234904, 'ign_k': 0.983826272655737, 'ign_c': 5.538160210617417}. Best is trial 0 with value: 0.6103502735484728.
[I 2026-05-22 17:48:42,074] Trial 438 finished with value: 0.5618232482133083 and parameters: {'k1': 1.530219556144261e-05, 'D_low': 101.55448839454499, 'k2': 0.05817113736831807, 'D_high': 90238.12497531103, 'fire_exp': 0.42891647340263755, 'P_half': 1.0184386769434646, 'pre_dampen_half': 0.9400080963550819, 'gpp_af': 13.064226369523249, 'gpp_b': 2.4280143930239358e-05, 'gpp_d': 244.63195736244975, 'ign_k': 0.29576434082305253, 'ign_c': 6.495658667185425}. Best is trial 0 with value: 0.6103502735484728.
[I 2026-05-22 17:48:42,508] Trial 439 finished with value: 0.3994490055432051 and parameters: {'k1': 0.004165587027406419, 'D_low': 18.12962889608995, 'k2': 0.005517083738636033, 'D_high': 529.5942751678981, 'fire_exp': 1.072349820516846, 'P_half': 446.2299127155499, 'pre_dampen_half': 5.326159286141703, 'gpp_af': 4.995704554080666, 'gpp_b': 0.0018490037746941483, 'gpp_d': 142.91404115376417, 'ign_k': 0.28171038107022844, 'ign_c': 108.3349451111306}. Best is trial 0 with value: 0.6103502735484728.
[I 2026-05-22 17:48:42,945] Trial 440 finished with value: 0.3994490055432051 and parameters: {'k1': 0.04231500458188846, 'D_low': 9857.978703928056, 'k2': 1.5802018869666608e-05, 'D_high': 42872.20162292908, 'fire_exp': 7.017562547562494, 'P_half': 1.8231168687349781, 'pre_dampen_half': 51.633853645846834, 'gpp_af': 1.5771771831133174, 'gpp_b': 0.0002674842040763487, 'gpp_d': 10.972923977160356, 'ign_k': 3.6916342073999906, 'ign_c': 211.5207913488024}. Best is trial 0 with value: 0.6103502735484728.
[I 2026-05-22 17:48:43,378] Trial 441 finished with value: 0.4519952995516953 and parameters: {'k1': 0.005216552849072868, 'D_low': 18.49558511831704, 'k2': 0.000410731441878201, 'D_high': 100.66808036091156, 'fire_exp': 4.276344022001237, 'P_half': 15.839317077050426, 'pre_dampen_half': 1.2325726860349902, 'gpp_af': 0.04727243747463043, 'gpp_b': 0.0005337749666540386, 'gpp_d': 1.9627783765459816, 'ign_k': 0.00520431781798259, 'ign_c': 0.5755308502724751}. Best is trial 0 with value: 0.6103502735484728.
[I 2026-05-22 17:48:43,812] Trial 442 finished with value: 0.42042421180203127 and parameters: {'k1': 0.08464973389733439, 'D_low': 1957.498573612855, 'k2': 3.1856857428103684e-05, 'D_high': 2311.4360739089448, 'fire_exp': 0.7919942693836438, 'P_half': 782.4659919212493, 'pre_dampen_half': 0.9109241419849452, 'gpp_af': 18.809064333423343, 'gpp_b': 0.002022759680173012, 'gpp_d': 77.37813741751917, 'ign_k': 0.12166361770170878, 'ign_c': 17.40463452202214}. Best is trial 0 with value: 0.6103502735484728.
[I 2026-05-22 17:48:44,247] Trial 443 finished with value: 0.5654977697265821 and parameters: {'k1': 0.00017046839453990341, 'D_low': 9.746376096879517, 'k2': 0.08521552890172537, 'D_high': 52765.272235504686, 'fire_exp': 0.5984550785572709, 'P_half': 0.15418947875923525, 'pre_dampen_half': 1.0009566581875602, 'gpp_af': 36.78216850466948, 'gpp_b': 0.002133163454547404, 'gpp_d': 723.5931962016404, 'ign_k': 1.4755676371785809, 'ign_c': 23.672679063586568}. Best is trial 0 with value: 0.6103502735484728.
[I 2026-05-22 17:48:44,681] Trial 444 finished with value: 0.5014726729238337 and parameters: {'k1': 0.07704711063864504, 'D_low': 18.6308044168847, 'k2': 9.876752022534866e-05, 'D_high': 19226.064801948345, 'fire_exp': 0.8709633484472165, 'P_half': 167.4038543117535, 'pre_dampen_half': 0.05537431535034269, 'gpp_af': 0.14464699550382473, 'gpp_b': 0.002620339146175868, 'gpp_d': 648.3484693975707, 'ign_k': 5.111690319771872, 'ign_c': 4.571005060431974}. Best is trial 0 with value: 0.6103502735484728.
[I 2026-05-22 17:48:45,116] Trial 445 finished with value: 0.5929610610457885 and parameters: {'k1': 0.04980555469260176, 'D_low': 37.569459138755334, 'k2': 0.002203216904787181, 'D_high': 63708.500617866855, 'fire_exp': 0.5853865326607375, 'P_half': 78.9245661798194, 'pre_dampen_half': 1.3641525510039476, 'gpp_af': 0.09468174761947147, 'gpp_b': 2.9268345909525766e-05, 'gpp_d': 6.660724429009514, 'ign_k': 0.8981430203897256, 'ign_c': 14.217456561871803}. Best is trial 0 with value: 0.6103502735484728.
[I 2026-05-22 17:48:45,547] Trial 446 finished with value: 0.3994490055432051 and parameters: {'k1': 0.0001778423680362229, 'D_low': 4.79463349976087, 'k2': 0.03168171095604316, 'D_high': 378.86068553180934, 'fire_exp': 4.611396362739619, 'P_half': 6467.048311687968, 'pre_dampen_half': 0.041019252675881565, 'gpp_af': 0.2979709621033662, 'gpp_b': 3.2502308087855076, 'gpp_d': 126.61886864908674, 'ign_k': 0.049860840525470455, 'ign_c': 126.7313161869705}. Best is trial 0 with value: 0.6103502735484728.
[I 2026-05-22 17:48:45,983] Trial 447 finished with value: 0.5219145906259495 and parameters: {'k1': 0.03896606237939315, 'D_low': 316.7567071236785, 'k2': 0.04219582618247051, 'D_high': 852.6652183625396, 'fire_exp': 1.0407911331741322, 'P_half': 2.940012637644321, 'pre_dampen_half': 5.0013149889263815, 'gpp_af': 0.1447389124813493, 'gpp_b': 3.6124453070243434e-06, 'gpp_d': 516.7182097997718, 'ign_k': 0.9981593305312233, 'ign_c': 19.609287453957307}. Best is trial 0 with value: 0.6103502735484728.
[I 2026-05-22 17:48:46,415] Trial 448 finished with value: 0.4559628676324397 and parameters: {'k1': 0.030674696983794665, 'D_low': 29.556191999492015, 'k2': 0.08759132984342198, 'D_high': 429.97796115292357, 'fire_exp': 0.6501725122304318, 'P_half': 1.6393249075207608, 'pre_dampen_half': 2.597013076861534, 'gpp_af': 0.0013156612726814183, 'gpp_b': 0.0006507697911153702, 'gpp_d': 20.55672169588637, 'ign_k': 0.0696778715436572, 'ign_c': 176.77474308134725}. Best is trial 0 with value: 0.6103502735484728.
[I 2026-05-22 17:48:46,851] Trial 449 finished with value: 0.572145877335892 and parameters: {'k1': 0.008241991164438588, 'D_low': 56.808727235477576, 'k2': 4.9818618417107484e-05, 'D_high': 2481.5785827489117, 'fire_exp': 0.5923955581269215, 'P_half': 0.1681001451748163, 'pre_dampen_half': 7.887646697981419, 'gpp_af': 0.5257502899818783, 'gpp_b': 4.352780751825925e-06, 'gpp_d': 369.37301355887615, 'ign_k': 0.5056017750273338, 'ign_c': 12.636018666829564}. Best is trial 0 with value: 0.6103502735484728.
[I 2026-05-22 17:48:47,287] Trial 450 finished with value: 0.5324425098599888 and parameters: {'k1': 0.0008212749063381992, 'D_low': 261.0629919034574, 'k2': 0.0009818404583228626, 'D_high': 1827.1342895127796, 'fire_exp': 0.40658085368954794, 'P_half': 0.3625995202181861, 'pre_dampen_half': 0.26061512235221307, 'gpp_af': 0.003814967605124224, 'gpp_b': 3.7678595650265394e-06, 'gpp_d': 982.220221737941, 'ign_k': 0.019665849794649172, 'ign_c': 33.51997030373322}. Best is trial 0 with value: 0.6103502735484728.
[I 2026-05-22 17:48:47,722] Trial 451 finished with value: 0.5448654390623635 and parameters: {'k1': 0.06988005371960627, 'D_low': 300.7778047185002, 'k2': 0.0011915540156520678, 'D_high': 97.3282261467484, 'fire_exp': 0.47508127505866427, 'P_half': 525.914346558434, 'pre_dampen_half': 4.162088444753958, 'gpp_af': 2.3929337290784876, 'gpp_b': 0.0010763465318056698, 'gpp_d': 230.25582412569003, 'ign_k': 3.512989290948877, 'ign_c': 6.57066810754383}. Best is trial 0 with value: 0.6103502735484728.
[I 2026-05-22 17:48:48,158] Trial 452 finished with value: 0.5838646557665992 and parameters: {'k1': 0.003985441121188381, 'D_low': 4.630716560792176, 'k2': 3.6389396240395564e-05, 'D_high': 94116.84948876887, 'fire_exp': 0.3572527259110686, 'P_half': 386.24823550633175, 'pre_dampen_half': 0.6029758092497585, 'gpp_af': 0.3449955234141227, 'gpp_b': 2.3693916846272665e-05, 'gpp_d': 1.501367326605527, 'ign_k': 5.249602006589313, 'ign_c': 12.303433269403888}. Best is trial 0 with value: 0.6103502735484728.
[I 2026-05-22 17:48:48,590] Trial 453 finished with value: 0.462616957760264 and parameters: {'k1': 0.008841614934362066, 'D_low': 72.57823808495401, 'k2': 0.006564993935182019, 'D_high': 3456.395018984876, 'fire_exp': 0.8518715133871432, 'P_half': 0.1562862217985635, 'pre_dampen_half': 1.9690112161580828, 'gpp_af': 0.00123918496485603, 'gpp_b': 9.984862393400772e-06, 'gpp_d': 118.10375042844169, 'ign_k': 0.19825193521654366, 'ign_c': 68.43601663680045}. Best is trial 0 with value: 0.6103502735484728.
[I 2026-05-22 17:48:49,031] Trial 454 finished with value: 0.5805809659235066 and parameters: {'k1': 0.03005518104671964, 'D_low': 10.782317408346506, 'k2': 0.00705118458842089, 'D_high': 78841.42759079953, 'fire_exp': 0.47914499148118317, 'P_half': 32.54742964637524, 'pre_dampen_half': 0.6435813043664858, 'gpp_af': 0.02488016827307768, 'gpp_b': 1.2002366908005243e-06, 'gpp_d': 0.7506167148366741, 'ign_k': 0.6076368706090575, 'ign_c': 11.016676763683527}. Best is trial 0 with value: 0.6103502735484728.
[I 2026-05-22 17:48:49,467] Trial 455 finished with value: 0.4328558232664067 and parameters: {'k1': 0.002361246024701697, 'D_low': 403.1257627511642, 'k2': 0.04137819373295956, 'D_high': 71.37229704546242, 'fire_exp': 0.5527160159736915, 'P_half': 0.3317384577075536, 'pre_dampen_half': 0.1386235366526955, 'gpp_af': 0.00607993478953683, 'gpp_b': 1.8469088101703369e-06, 'gpp_d': 7.280474575811861, 'ign_k': 0.044435750005709804, 'ign_c': 3.263439035555876}. Best is trial 0 with value: 0.6103502735484728.
[I 2026-05-22 17:48:49,902] Trial 456 finished with value: 0.5976408069058147 and parameters: {'k1': 0.005703255876783591, 'D_low': 1.3661081992228141, 'k2': 0.0004991873354556828, 'D_high': 4723.671555310733, 'fire_exp': 0.588702582570436, 'P_half': 172.11924732359552, 'pre_dampen_half': 4.227402952648564, 'gpp_af': 1.130812405737724, 'gpp_b': 5.60735954226374e-06, 'gpp_d': 2.659065191300413, 'ign_k': 6.685317113274, 'ign_c': 14.449212674476518}. Best is trial 0 with value: 0.6103502735484728.
[I 2026-05-22 17:48:50,335] Trial 457 finished with value: 0.4406723292125353 and parameters: {'k1': 0.00027221294383846087, 'D_low': 8.313286565085539, 'k2': 0.006365990661671591, 'D_high': 16197.927379427376, 'fire_exp': 0.43772243380701825, 'P_half': 0.3761483807061421, 'pre_dampen_half': 0.13284981955069278, 'gpp_af': 0.001035052902604971, 'gpp_b': 2.873905489887877e-05, 'gpp_d': 2.0106801664730685, 'ign_k': 1.6471400064151507, 'ign_c': 36.50619764950096}. Best is trial 0 with value: 0.6103502735484728.
[I 2026-05-22 17:48:50,765] Trial 458 finished with value: 0.5105135394699495 and parameters: {'k1': 0.020865311935297857, 'D_low': 193.85656590897267, 'k2': 0.004460812987920983, 'D_high': 16.495584675422858, 'fire_exp': 0.4091034926619004, 'P_half': 1.1547375956860817, 'pre_dampen_half': 0.7734922169631512, 'gpp_af': 0.0010157204009122866, 'gpp_b': 0.0006237266223496799, 'gpp_d': 2.2348234331553862, 'ign_k': 2.8855862849674567, 'ign_c': 16.297356574793024}. Best is trial 0 with value: 0.6103502735484728.
[I 2026-05-22 17:48:51,198] Trial 459 finished with value: 0.3994490055432051 and parameters: {'k1': 0.004626879682763506, 'D_low': 1.3249363967598968, 'k2': 0.0003681632291269117, 'D_high': 9837.850801709425, 'fire_exp': 0.6341349528907538, 'P_half': 284.1387120658026, 'pre_dampen_half': 5.563280126346889, 'gpp_af': 0.21755402450329103, 'gpp_b': 1.203570306183258e-06, 'gpp_d': 0.8019448975749985, 'ign_k': 8.084043733192356, 'ign_c': 87.70407772022114}. Best is trial 0 with value: 0.6103502735484728.
[I 2026-05-22 17:48:51,632] Trial 460 finished with value: 0.3994490055432051 and parameters: {'k1': 0.0058810801308381636, 'D_low': 214.10327033278514, 'k2': 0.0009888488225526584, 'D_high': 369.7716655930021, 'fire_exp': 1.471854279773409, 'P_half': 93.82942543179887, 'pre_dampen_half': 0.02188800866750504, 'gpp_af': 4.740795404746505, 'gpp_b': 0.0054032549768475106, 'gpp_d': 145.05616227390345, 'ign_k': 8.863614079820481, 'ign_c': 829.1160528066629}. Best is trial 0 with value: 0.6103502735484728.
[I 2026-05-22 17:48:52,086] Trial 461 finished with value: 0.4438434646456771 and parameters: {'k1': 0.002839485922647629, 'D_low': 2.6955785742182723, 'k2': 0.0007052152406349659, 'D_high': 31637.456477775435, 'fire_exp': 1.5452015391195788, 'P_half': 163.12676746804348, 'pre_dampen_half': 1.7586441946822942, 'gpp_af': 40.159767426933826, 'gpp_b': 3.037995091198347e-06, 'gpp_d': 0.14662711166655493, 'ign_k': 5.935383083595895, 'ign_c': 14.921854253647023}. Best is trial 0 with value: 0.6103502735484728.
[I 2026-05-22 17:48:52,516] Trial 462 finished with value: 0.49088797774559173 and parameters: {'k1': 0.04869315439141823, 'D_low': 6.26102988880882, 'k2': 0.0002320750036036457, 'D_high': 603.2821550083619, 'fire_exp': 1.102090435722062, 'P_half': 1721.280206580265, 'pre_dampen_half': 4.854319754244926, 'gpp_af': 0.11271013206124951, 'gpp_b': 8.442537613801406e-06, 'gpp_d': 1.8740443211288165, 'ign_k': 6.022598798727049, 'ign_c': 10.228920238557654}. Best is trial 0 with value: 0.6103502735484728.
[I 2026-05-22 17:48:52,951] Trial 463 finished with value: 0.509481878974078 and parameters: {'k1': 0.00574823003105351, 'D_low': 56.76465505384842, 'k2': 0.0005310029097021881, 'D_high': 487.31277264843936, 'fire_exp': 0.5187795464663943, 'P_half': 824.7948909717522, 'pre_dampen_half': 0.06971375232147155, 'gpp_af': 1.117667674642026, 'gpp_b': 0.0005371350770367965, 'gpp_d': 388.08225717714055, 'ign_k': 0.4789767337350355, 'ign_c': 3.0408053304094778}. Best is trial 0 with value: 0.6103502735484728.
[I 2026-05-22 17:48:53,385] Trial 464 finished with value: 0.4438282085849395 and parameters: {'k1': 0.007780616983915177, 'D_low': 68.66911205991487, 'k2': 0.004662619222769928, 'D_high': 5893.277363600784, 'fire_exp': 0.5914338356429429, 'P_half': 73.72332398718953, 'pre_dampen_half': 8.015263002789608, 'gpp_af': 0.18664231574135604, 'gpp_b': 0.0003719260577315678, 'gpp_d': 1.8309778577581215, 'ign_k': 0.5416124056461034, 'ign_c': 48.43839543529281}. Best is trial 0 with value: 0.6103502735484728.
[I 2026-05-22 17:48:53,820] Trial 465 finished with value: 0.49268148921567023 and parameters: {'k1': 0.00479808982793901, 'D_low': 24.45062120931397, 'k2': 0.0008921463688603538, 'D_high': 52352.61615845706, 'fire_exp': 0.8236848308605561, 'P_half': 3243.577936330667, 'pre_dampen_half': 0.44325129164044086, 'gpp_af': 1.4681691044676837, 'gpp_b': 4.8107054479377646e-05, 'gpp_d': 24.22390137485605, 'ign_k': 2.694911683255384, 'ign_c': 7.1456554925261155}. Best is trial 0 with value: 0.6103502735484728.
[I 2026-05-22 17:48:54,255] Trial 466 finished with value: 0.5654564268264415 and parameters: {'k1': 0.00023701702126525376, 'D_low': 10.74555597632293, 'k2': 0.0004060521678663244, 'D_high': 2970.8480615293015, 'fire_exp': 0.5843060378019593, 'P_half': 1379.0275666759778, 'pre_dampen_half': 42.237829410186535, 'gpp_af': 1.3940885225860857, 'gpp_b': 1.3837582685390899e-05, 'gpp_d': 8.001341633234713, 'ign_k': 4.578248919255731, 'ign_c': 7.01741613256701}. Best is trial 0 with value: 0.6103502735484728.
[I 2026-05-22 17:48:54,689] Trial 467 finished with value: 0.5815759066179721 and parameters: {'k1': 4.6864588142308974e-05, 'D_low': 1.030234595500417, 'k2': 0.08680583657489441, 'D_high': 61583.07476512036, 'fire_exp': 0.4005152659836871, 'P_half': 2.5927973374623066, 'pre_dampen_half': 0.7962713345019894, 'gpp_af': 3.7771127567382243, 'gpp_b': 6.67040076880354e-05, 'gpp_d': 627.0186516704417, 'ign_k': 0.28424405964428484, 'ign_c': 18.839251279769908}. Best is trial 0 with value: 0.6103502735484728.
[I 2026-05-22 17:48:55,118] Trial 468 finished with value: 0.575663195730779 and parameters: {'k1': 0.015041120452887361, 'D_low': 199.70615452941624, 'k2': 0.0008081647501646564, 'D_high': 50354.94322877606, 'fire_exp': 1.0211547410915038, 'P_half': 9.134909323934195, 'pre_dampen_half': 6.370771491385384, 'gpp_af': 0.00548009165876351, 'gpp_b': 2.725597503130157e-05, 'gpp_d': 7.499867629000288, 'ign_k': 1.806154094943776, 'ign_c': 3.422605266752821}. Best is trial 0 with value: 0.6103502735484728.
[I 2026-05-22 17:48:55,549] Trial 469 finished with value: 0.3994490055432051 and parameters: {'k1': 0.00019186266576289924, 'D_low': 6340.215962746293, 'k2': 2.7062759459256184e-05, 'D_high': 369.7716286600579, 'fire_exp': 0.931755029854389, 'P_half': 0.20640870010364223, 'pre_dampen_half': 0.14628471364103582, 'gpp_af': 0.0020061784924043755, 'gpp_b': 7.434519813851082, 'gpp_d': 1.7460560798745253, 'ign_k': 0.3332423227615487, 'ign_c': 718.8484514121312}. Best is trial 0 with value: 0.6103502735484728.
[I 2026-05-22 17:48:55,982] Trial 470 finished with value: 0.42823416632720585 and parameters: {'k1': 0.0022915498300910297, 'D_low': 3.441089994000618, 'k2': 0.0027947669756502765, 'D_high': 246.856759944968, 'fire_exp': 2.090621285043285, 'P_half': 3884.0109225758188, 'pre_dampen_half': 1.2327560728351403, 'gpp_af': 5.4262262105973385, 'gpp_b': 1.7745966778639827e-05, 'gpp_d': 0.0989643434291654, 'ign_k': 6.592774299100986, 'ign_c': 20.091508434047284}. Best is trial 0 with value: 0.6103502735484728.
