[I 2026-05-22 17:59:41,185] Trial 884 finished with value: 0.6091652315700445 and parameters: {'WG_amp': 0.7544545440890085, 'WG_Phalf': 101.23827904440408, 'WG_k': 52.3402800884229, 'WG_c': 0.786726700226047, 'rate_power': 1.037594118451775}. Best is trial 877 with value: 0.6104607256224537.
[I 2026-05-22 17:59:41,476] Trial 885 finished with value: 0.6062445777525248 and parameters: {'WG_amp': 0.8755629354864728, 'WG_Phalf': 146.59586888997893, 'WG_k': 20.109014088878226, 'WG_c': 2.7217926708047795, 'rate_power': 1.1303832614122205}. Best is trial 877 with value: 0.6104607256224537.
[I 2026-05-22 17:59:41,766] Trial 886 finished with value: 0.5831357988823589 and parameters: {'WG_amp': 0.018368773401194805, 'WG_Phalf': 261.250832865424, 'WG_k': 0.21136975644048334, 'WG_c': 6.481881857385331, 'rate_power': 0.743382829404498}. Best is trial 877 with value: 0.6104607256224537.
[I 2026-05-22 17:59:42,054] Trial 887 finished with value: 0.606720049693648 and parameters: {'WG_amp': 0.2600489457853662, 'WG_Phalf': 4763.125887531676, 'WG_k': 0.013091030151493684, 'WG_c': 0.18104348303113102, 'rate_power': 1.2679690035333453}. Best is trial 877 with value: 0.6104607256224537.
[I 2026-05-22 17:59:42,341] Trial 888 finished with value: 0.6023131292980023 and parameters: {'WG_amp': 0.8330469606508777, 'WG_Phalf': 114.68713838792749, 'WG_k': 21.631892649228686, 'WG_c': 0.3688859330542936, 'rate_power': 1.0881567650471813}. Best is trial 877 with value: 0.6104607256224537.
[I 2026-05-22 17:59:42,631] Trial 889 finished with value: 0.6031316607815351 and parameters: {'WG_amp': 0.8900054247819044, 'WG_Phalf': 207.51784302353, 'WG_k': 8.285048463918434, 'WG_c': 0.5039788122448334, 'rate_power': 1.2383721681610609}. Best is trial 877 with value: 0.6104607256224537.
[I 2026-05-22 17:59:42,922] Trial 890 finished with value: 0.6064185054007656 and parameters: {'WG_amp': 0.8048273442384509, 'WG_Phalf': 109.06435579926412, 'WG_k': 20.365418422672988, 'WG_c': 2.586715166442708, 'rate_power': 1.1408115865363213}. Best is trial 877 with value: 0.6104607256224537.
[I 2026-05-22 17:59:43,211] Trial 891 finished with value: 0.5708844639711343 and parameters: {'WG_amp': 0.8814264404651256, 'WG_Phalf': 202.2385343667146, 'WG_k': 16.245080914967502, 'WG_c': 0.11993006493116706, 'rate_power': 1.2888746569920688}. Best is trial 877 with value: 0.6104607256224537.
[I 2026-05-22 17:59:43,502] Trial 892 finished with value: 0.6060864867212726 and parameters: {'WG_amp': 0.745530222777581, 'WG_Phalf': 123.93931572070179, 'WG_k': 10.246365543007448, 'WG_c': 0.4528597126605541, 'rate_power': 1.083607202255024}. Best is trial 877 with value: 0.6104607256224537.
[I 2026-05-22 17:59:43,792] Trial 893 finished with value: 0.6034410950139288 and parameters: {'WG_amp': 0.893983079959358, 'WG_Phalf': 196.64548547888424, 'WG_k': 25.888776890774047, 'WG_c': 0.5476563887517065, 'rate_power': 1.2987122219431948}. Best is trial 877 with value: 0.6104607256224537.
[I 2026-05-22 17:59:44,080] Trial 894 finished with value: 0.6037183347362352 and parameters: {'WG_amp': 0.8522485152694133, 'WG_Phalf': 122.12140103583869, 'WG_k': 7.098132927145264, 'WG_c': 0.4545594467566881, 'rate_power': 1.1261386954411825}. Best is trial 877 with value: 0.6104607256224537.
[I 2026-05-22 17:59:44,370] Trial 895 finished with value: 0.6082029791291976 and parameters: {'WG_amp': 0.7842644113723071, 'WG_Phalf': 112.26399957986493, 'WG_k': 15.781478380208808, 'WG_c': 1.2570102237376521, 'rate_power': 1.1082290846865523}. Best is trial 877 with value: 0.6104607256224537.
[I 2026-05-22 17:59:44,661] Trial 896 finished with value: 0.6074015834680143 and parameters: {'WG_amp': 0.21184201143307912, 'WG_Phalf': 612.9204871543848, 'WG_k': 0.46382181041003395, 'WG_c': 8.801886214072, 'rate_power': 1.2723672497848009}. Best is trial 877 with value: 0.6104607256224537.
[I 2026-05-22 17:59:44,952] Trial 897 finished with value: 0.5795736701527854 and parameters: {'WG_amp': 0.8532198943016343, 'WG_Phalf': 141.75327827744348, 'WG_k': 9.073009394587444, 'WG_c': 0.03833234516604279, 'rate_power': 0.9622417079514406}. Best is trial 877 with value: 0.6104607256224537.
[I 2026-05-22 17:59:45,243] Trial 898 finished with value: 0.6082094665623249 and parameters: {'WG_amp': 0.8136691665171143, 'WG_Phalf': 100.03413950040871, 'WG_k': 13.536434820287795, 'WG_c': 1.2557810290893785, 'rate_power': 1.0977999561775678}. Best is trial 877 with value: 0.6104607256224537.
[I 2026-05-22 17:59:45,532] Trial 899 finished with value: 0.6011415784058387 and parameters: {'WG_amp': 0.8492555231146911, 'WG_Phalf': 2718.0641376005356, 'WG_k': 0.015055139586232412, 'WG_c': 0.005616014057800575, 'rate_power': 0.9527972411603114}. Best is trial 877 with value: 0.6104607256224537.
[I 2026-05-22 17:59:45,821] Trial 900 finished with value: 0.5990014917010364 and parameters: {'WG_amp': 0.5910457681598847, 'WG_Phalf': 578.2591085837789, 'WG_k': 2.2035459065868133, 'WG_c': 0.00027018903446155557, 'rate_power': 0.829777085276885}. Best is trial 877 with value: 0.6104607256224537.
[I 2026-05-22 17:59:46,112] Trial 901 finished with value: 0.6007186361274213 and parameters: {'WG_amp': 0.08924526622297607, 'WG_Phalf': 1251.3656185888751, 'WG_k': 8.56061321354798, 'WG_c': 0.0005189576551512966, 'rate_power': 0.9511595278427052}. Best is trial 877 with value: 0.6104607256224537.
[I 2026-05-22 17:59:46,400] Trial 902 finished with value: 0.5581905507557987 and parameters: {'WG_amp': 0.8377125848873741, 'WG_Phalf': 216.13923951189855, 'WG_k': 39.930912169456185, 'WG_c': 0.0004974391927577256, 'rate_power': 1.0708692480708035}. Best is trial 877 with value: 0.6104607256224537.
[I 2026-05-22 17:59:46,689] Trial 903 finished with value: 0.6052815659737828 and parameters: {'WG_amp': 0.8238927163237253, 'WG_Phalf': 236.99249501453087, 'WG_k': 11.262427479776083, 'WG_c': 8.926116344079013, 'rate_power': 1.0819823358731375}. Best is trial 877 with value: 0.6104607256224537.
[I 2026-05-22 17:59:46,980] Trial 904 finished with value: 0.5776290817471845 and parameters: {'WG_amp': 0.8132839563427086, 'WG_Phalf': 106.47724384505544, 'WG_k': 86.36324547495647, 'WG_c': 0.07236653069173943, 'rate_power': 1.1000019762576925}. Best is trial 877 with value: 0.6104607256224537.
[I 2026-05-22 17:59:47,266] Trial 905 finished with value: 0.6074045842412426 and parameters: {'WG_amp': 0.8780567264598612, 'WG_Phalf': 113.46110495433938, 'WG_k': 21.66344156181485, 'WG_c': 0.7111001631097591, 'rate_power': 1.2871668182936544}. Best is trial 877 with value: 0.6104607256224537.
[I 2026-05-22 17:59:47,558] Trial 906 finished with value: 0.6080061096314502 and parameters: {'WG_amp': 0.8881907149265812, 'WG_Phalf': 127.20297068105502, 'WG_k': 20.272829980347815, 'WG_c': 1.5322031148974713, 'rate_power': 1.2172778756289455}. Best is trial 877 with value: 0.6104607256224537.
[I 2026-05-22 17:59:47,849] Trial 907 finished with value: 0.6044185586011543 and parameters: {'WG_amp': 0.8858649088229399, 'WG_Phalf': 117.11339136876214, 'WG_k': 42.708924997679745, 'WG_c': 0.5086214817252158, 'rate_power': 1.1548970536592886}. Best is trial 877 with value: 0.6104607256224537.
[I 2026-05-22 17:59:48,141] Trial 908 finished with value: 0.6099374364699948 and parameters: {'WG_amp': 0.7326148519939241, 'WG_Phalf': 102.0302955367121, 'WG_k': 8.451166580927367, 'WG_c': 0.8760393054951873, 'rate_power': 1.149153991427218}. Best is trial 877 with value: 0.6104607256224537.
[I 2026-05-22 17:59:48,432] Trial 909 finished with value: 0.6084374465186636 and parameters: {'WG_amp': 0.7156197888059984, 'WG_Phalf': 143.06501462248627, 'WG_k': 13.56173866465406, 'WG_c': 0.5913795512663067, 'rate_power': 1.1068338700378977}. Best is trial 877 with value: 0.6104607256224537.
[I 2026-05-22 17:59:48,719] Trial 910 finished with value: 0.6076976162838315 and parameters: {'WG_amp': 0.7363506304952503, 'WG_Phalf': 289.3917528761659, 'WG_k': 2.743049428580948, 'WG_c': 1.1518461966304345, 'rate_power': 1.0724363710302338}. Best is trial 877 with value: 0.6104607256224537.
[I 2026-05-22 17:59:49,011] Trial 911 finished with value: 0.6010184778609264 and parameters: {'WG_amp': 0.6255296048936155, 'WG_Phalf': 109.47216197039873, 'WG_k': 1.485080764590756, 'WG_c': 0.5018033083686618, 'rate_power': 1.133187563339193}. Best is trial 877 with value: 0.6104607256224537.
[I 2026-05-22 17:59:49,306] Trial 912 finished with value: 0.6032653324467329 and parameters: {'WG_amp': 0.8921371698346495, 'WG_Phalf': 129.17349296941563, 'WG_k': 11.207378945907204, 'WG_c': 4.821153114511236, 'rate_power': 1.0200014357385359}. Best is trial 877 with value: 0.6104607256224537.
[I 2026-05-22 17:59:49,601] Trial 913 finished with value: 0.5824787344159044 and parameters: {'WG_amp': 0.8579015309420911, 'WG_Phalf': 100.67512302345037, 'WG_k': 1.309685080640925, 'WG_c': 0.19426281901836354, 'rate_power': 1.1718015390942564}. Best is trial 877 with value: 0.6104607256224537.
[I 2026-05-22 17:59:49,896] Trial 914 finished with value: 0.6102508779257274 and parameters: {'WG_amp': 0.8919632972940369, 'WG_Phalf': 207.11072092655832, 'WG_k': 14.112740734573817, 'WG_c': 0.9581714964861489, 'rate_power': 1.1822784487829376}. Best is trial 877 with value: 0.6104607256224537.
[I 2026-05-22 17:59:50,190] Trial 915 finished with value: 0.6061524995277274 and parameters: {'WG_amp': 0.893225746035166, 'WG_Phalf': 172.19292330457125, 'WG_k': 5.285655676045951, 'WG_c': 2.8586205465237446, 'rate_power': 1.1251040416460611}. Best is trial 877 with value: 0.6104607256224537.
[I 2026-05-22 17:59:50,482] Trial 916 finished with value: 0.598515854452559 and parameters: {'WG_amp': 0.8739267375784668, 'WG_Phalf': 142.20174688573275, 'WG_k': 15.702993764275636, 'WG_c': 0.3414022928881246, 'rate_power': 1.1645649605283868}. Best is trial 877 with value: 0.6104607256224537.
[I 2026-05-22 17:59:50,778] Trial 917 finished with value: 0.5975837060955138 and parameters: {'WG_amp': 0.8973546513370776, 'WG_Phalf': 153.22035856564003, 'WG_k': 24.397081795170205, 'WG_c': 0.35602871675148146, 'rate_power': 1.2164785709091954}. Best is trial 877 with value: 0.6104607256224537.
[I 2026-05-22 17:59:51,071] Trial 918 finished with value: 0.6081117256324157 and parameters: {'WG_amp': 0.6851577583781421, 'WG_Phalf': 106.00312348599567, 'WG_k': 3.228103211053153, 'WG_c': 0.9545619182887349, 'rate_power': 1.1638455393038178}. Best is trial 877 with value: 0.6104607256224537.
[I 2026-05-22 17:59:51,365] Trial 919 finished with value: 0.5855801661020767 and parameters: {'WG_amp': 0.8886927187753132, 'WG_Phalf': 105.77555966427515, 'WG_k': 12.233279994172833, 'WG_c': 0.14373273450662197, 'rate_power': 1.013908034977385}. Best is trial 877 with value: 0.6104607256224537.
[I 2026-05-22 17:59:51,651] Trial 920 finished with value: 0.592394585830737 and parameters: {'WG_amp': 0.7395733553767541, 'WG_Phalf': 4566.570208160807, 'WG_k': 0.7319773688562424, 'WG_c': 0.003518233203026397, 'rate_power': 0.8059232014674846}. Best is trial 877 with value: 0.6104607256224537.
[I 2026-05-22 17:59:51,941] Trial 921 finished with value: 0.6088799452034909 and parameters: {'WG_amp': 0.6172398189611767, 'WG_Phalf': 114.80512066824647, 'WG_k': 7.176637531245086, 'WG_c': 0.750372924503934, 'rate_power': 1.0672866967328807}. Best is trial 877 with value: 0.6104607256224537.
[I 2026-05-22 17:59:52,233] Trial 922 finished with value: 0.6008984812316099 and parameters: {'WG_amp': 0.8101184582465214, 'WG_Phalf': 869.3309646714765, 'WG_k': 0.11106660880408378, 'WG_c': 0.2540368424921715, 'rate_power': 0.9884292731737885}. Best is trial 877 with value: 0.6104607256224537.
[I 2026-05-22 17:59:52,523] Trial 923 finished with value: 0.605368730532777 and parameters: {'WG_amp': 0.2537912455721657, 'WG_Phalf': 741.6006519487136, 'WG_k': 0.18114418178129588, 'WG_c': 0.29493684712976836, 'rate_power': 1.161630602377985}. Best is trial 877 with value: 0.6104607256224537.
[I 2026-05-22 17:59:52,814] Trial 924 finished with value: 0.5976158850419908 and parameters: {'WG_amp': 0.8327474917082536, 'WG_Phalf': 213.8170082880305, 'WG_k': 6.343981400891927, 'WG_c': 0.31569972064526597, 'rate_power': 1.160968925259909}. Best is trial 877 with value: 0.6104607256224537.
[I 2026-05-22 17:59:53,102] Trial 925 finished with value: 0.6065713670404843 and parameters: {'WG_amp': 0.7904045989319252, 'WG_Phalf': 100.93525364668548, 'WG_k': 9.016288971383323, 'WG_c': 5.459356441988395, 'rate_power': 1.1513461687615734}. Best is trial 877 with value: 0.6104607256224537.
[I 2026-05-22 17:59:53,395] Trial 926 finished with value: 0.6096633724170992 and parameters: {'WG_amp': 0.7186800389779184, 'WG_Phalf': 127.8463866511145, 'WG_k': 14.013248928374088, 'WG_c': 0.9327207928412437, 'rate_power': 1.114427509434036}. Best is trial 877 with value: 0.6104607256224537.
[I 2026-05-22 17:59:53,684] Trial 927 finished with value: 0.6070912194531122 and parameters: {'WG_amp': 0.8890063736599682, 'WG_Phalf': 210.50264626028374, 'WG_k': 41.56790707632168, 'WG_c': 1.4072071346292663, 'rate_power': 1.1016634184780734}. Best is trial 877 with value: 0.6104607256224537.
[I 2026-05-22 17:59:53,977] Trial 928 finished with value: 0.6030050817718032 and parameters: {'WG_amp': 0.31772681936494235, 'WG_Phalf': 102.13164135036087, 'WG_k': 0.025917793245223412, 'WG_c': 0.0002738103573297356, 'rate_power': 0.9817756225163285}. Best is trial 877 with value: 0.6104607256224537.
[I 2026-05-22 17:59:54,267] Trial 929 finished with value: 0.6025185701850986 and parameters: {'WG_amp': 0.8991935039369303, 'WG_Phalf': 118.94337953588547, 'WG_k': 41.638640001413535, 'WG_c': 2.05705493140511, 'rate_power': 1.0015711622376344}. Best is trial 877 with value: 0.6104607256224537.
[I 2026-05-22 17:59:54,561] Trial 930 finished with value: 0.5938553832500522 and parameters: {'WG_amp': 0.6296908360678375, 'WG_Phalf': 103.73909575711215, 'WG_k': 5.130463984560555, 'WG_c': 0.07372470254501122, 'rate_power': 1.0529934677943913}. Best is trial 877 with value: 0.6104607256224537.
[I 2026-05-22 17:59:54,851] Trial 931 finished with value: 0.6104367373498364 and parameters: {'WG_amp': 0.8723580992733625, 'WG_Phalf': 106.72354713990617, 'WG_k': 11.570966244445282, 'WG_c': 0.9127848929298435, 'rate_power': 1.1615370065793846}. Best is trial 877 with value: 0.6104607256224537.
[I 2026-05-22 17:59:55,137] Trial 932 finished with value: 0.6021997846885212 and parameters: {'WG_amp': 0.8932182091623494, 'WG_Phalf': 183.83081837488552, 'WG_k': 1.2823487056883462, 'WG_c': 1.0540717701638713, 'rate_power': 1.1544224160581467}. Best is trial 877 with value: 0.6104607256224537.
[I 2026-05-22 17:59:55,423] Trial 933 finished with value: 0.6068672031464888 and parameters: {'WG_amp': 0.8925724912438341, 'WG_Phalf': 227.25425725161486, 'WG_k': 9.707515853965708, 'WG_c': 6.460355382425185, 'rate_power': 1.1732103854056077}. Best is trial 877 with value: 0.6104607256224537.
[I 2026-05-22 17:59:55,710] Trial 934 finished with value: 0.5895401227175091 and parameters: {'WG_amp': 0.8692882383701568, 'WG_Phalf': 193.43219003674022, 'WG_k': 8.273143355044814, 'WG_c': 0.0006359095956374192, 'rate_power': 0.7244862460208389}. Best is trial 877 with value: 0.6104607256224537.
[I 2026-05-22 17:59:55,995] Trial 935 finished with value: 0.6012747490766893 and parameters: {'WG_amp': 0.8972465374387342, 'WG_Phalf': 191.62657431722636, 'WG_k': 11.785227130633777, 'WG_c': 0.35583114436951097, 'rate_power': 1.0904938218663944}. Best is trial 877 with value: 0.6104607256224537.
[I 2026-05-22 17:59:56,280] Trial 936 finished with value: 0.6065933113669539 and parameters: {'WG_amp': 0.8913021362874534, 'WG_Phalf': 114.4623846794599, 'WG_k': 24.855116098853227, 'WG_c': 6.70853268298796, 'rate_power': 1.154682150450917}. Best is trial 877 with value: 0.6104607256224537.
[I 2026-05-22 17:59:56,565] Trial 937 finished with value: 0.5924508976231164 and parameters: {'WG_amp': 0.6974568921433222, 'WG_Phalf': 4194.181929070859, 'WG_k': 14.710767410595432, 'WG_c': 3.276493153382421, 'rate_power': 0.8395373706860736}. Best is trial 877 with value: 0.6104607256224537.
[I 2026-05-22 17:59:56,851] Trial 938 finished with value: 0.6091401356255793 and parameters: {'WG_amp': 0.7875395474603416, 'WG_Phalf': 118.9542896988134, 'WG_k': 5.818287248206876, 'WG_c': 0.86083911716783, 'rate_power': 1.2191442555770777}. Best is trial 877 with value: 0.6104607256224537.
[I 2026-05-22 17:59:57,137] Trial 939 finished with value: 0.6006258728246131 and parameters: {'WG_amp': 0.8823983774650394, 'WG_Phalf': 124.26087296952156, 'WG_k': 10.015059463170013, 'WG_c': 0.3848423129927597, 'rate_power': 1.1363341401266103}. Best is trial 877 with value: 0.6104607256224537.
[I 2026-05-22 17:59:57,427] Trial 940 finished with value: 0.586957876272652 and parameters: {'WG_amp': 0.8955931373353494, 'WG_Phalf': 109.24204916153094, 'WG_k': 18.211721081995684, 'WG_c': 0.2018081109403323, 'rate_power': 1.1334755540383374}. Best is trial 877 with value: 0.6104607256224537.
[I 2026-05-22 17:59:57,723] Trial 941 finished with value: 0.6074050415177398 and parameters: {'WG_amp': 0.7510494820160258, 'WG_Phalf': 110.77850179321314, 'WG_k': 1.9189103560704424, 'WG_c': 7.262961120885299, 'rate_power': 1.2215304040388824}. Best is trial 877 with value: 0.6104607256224537.
[I 2026-05-22 17:59:58,013] Trial 942 finished with value: 0.6057791490997699 and parameters: {'WG_amp': 0.8872707113517546, 'WG_Phalf': 185.4803118549423, 'WG_k': 16.930680091519356, 'WG_c': 0.5533874568326771, 'rate_power': 1.2070667590689552}. Best is trial 877 with value: 0.6104607256224537.
[I 2026-05-22 17:59:58,304] Trial 943 finished with value: 0.6074563713465174 and parameters: {'WG_amp': 0.7445139409743118, 'WG_Phalf': 212.74387399592987, 'WG_k': 1.8038034919864958, 'WG_c': 1.6176384807552593, 'rate_power': 1.1982366972483303}. Best is trial 877 with value: 0.6104607256224537.
[I 2026-05-22 17:59:58,596] Trial 944 finished with value: 0.5563504085435799 and parameters: {'WG_amp': 0.8551558509540214, 'WG_Phalf': 103.15253925104433, 'WG_k': 5.696066173711508, 'WG_c': 0.02223764290900387, 'rate_power': 1.2129854383476724}. Best is trial 877 with value: 0.6104607256224537.
[I 2026-05-22 17:59:58,888] Trial 945 finished with value: 0.6003409576884606 and parameters: {'WG_amp': 0.780851540346277, 'WG_Phalf': 167.34410564615195, 'WG_k': 24.060399885436638, 'WG_c': 0.3177223086550716, 'rate_power': 1.1566905499965319}. Best is trial 877 with value: 0.6104607256224537.
[I 2026-05-22 17:59:59,179] Trial 946 finished with value: 0.6074164732753792 and parameters: {'WG_amp': 0.8709404496722593, 'WG_Phalf': 110.19472195827275, 'WG_k': 2.849216682144835, 'WG_c': 2.360554835993054, 'rate_power': 1.201429926140058}. Best is trial 877 with value: 0.6104607256224537.
[I 2026-05-22 17:59:59,472] Trial 947 finished with value: 0.6074159664349829 and parameters: {'WG_amp': 0.7911963442055292, 'WG_Phalf': 109.96133633436398, 'WG_k': 12.705607174372272, 'WG_c': 3.4830368977386397, 'rate_power': 1.2301382878754525}. Best is trial 877 with value: 0.6104607256224537.
[I 2026-05-22 17:59:59,765] Trial 948 finished with value: 0.5988697852206222 and parameters: {'WG_amp': 0.8688314024126698, 'WG_Phalf': 101.8052529895473, 'WG_k': 28.23870803139405, 'WG_c': 0.38388041403001233, 'rate_power': 1.2147441288090879}. Best is trial 877 with value: 0.6104607256224537.
[I 2026-05-22 18:00:00,054] Trial 949 finished with value: 0.6083858483658016 and parameters: {'WG_amp': 0.6819778016965378, 'WG_Phalf': 105.47793052037873, 'WG_k': 20.54763910281809, 'WG_c': 1.3234714900728923, 'rate_power': 1.1836185391159606}. Best is trial 877 with value: 0.6104607256224537.
[I 2026-05-22 18:00:00,343] Trial 950 finished with value: 0.6043370501048748 and parameters: {'WG_amp': 0.7777042049023559, 'WG_Phalf': 174.8967963218596, 'WG_k': 11.195908603748352, 'WG_c': 0.4671732380437465, 'rate_power': 1.205187362656051}. Best is trial 877 with value: 0.6104607256224537.
[I 2026-05-22 18:00:00,636] Trial 951 finished with value: 0.6030071822076021 and parameters: {'WG_amp': 0.8848967834258763, 'WG_Phalf': 102.33952977022301, 'WG_k': 10.602742594904798, 'WG_c': 0.4424193168294195, 'rate_power': 1.1309422344496276}. Best is trial 877 with value: 0.6104607256224537.
[I 2026-05-22 18:00:00,933] Trial 952 finished with value: 0.6101706018860432 and parameters: {'WG_amp': 0.8918439938506306, 'WG_Phalf': 178.93039459729522, 'WG_k': 40.103939119918735, 'WG_c': 0.951162765325286, 'rate_power': 1.1184595760220006}. Best is trial 877 with value: 0.6104607256224537.
[I 2026-05-22 18:00:01,226] Trial 953 finished with value: 0.5942862446198873 and parameters: {'WG_amp': 0.2026544840190982, 'WG_Phalf': 537.8314637381912, 'WG_k': 0.05461943223607089, 'WG_c': 0.0002550532538417444, 'rate_power': 0.8355896251770493}. Best is trial 877 with value: 0.6104607256224537.
[I 2026-05-22 18:00:01,514] Trial 954 finished with value: 0.5861292660737789 and parameters: {'WG_amp': 0.7536423824104689, 'WG_Phalf': 101.43034207528913, 'WG_k': 4.939648957810352, 'WG_c': 0.174972660236983, 'rate_power': 1.1846870854883849}. Best is trial 877 with value: 0.6104607256224537.
[I 2026-05-22 18:00:01,805] Trial 955 finished with value: 0.5901765080143778 and parameters: {'WG_amp': 0.8250870505218242, 'WG_Phalf': 4605.118073932927, 'WG_k': 0.01044946951652448, 'WG_c': 0.00012823544908497391, 'rate_power': 0.7867489109554943}. Best is trial 877 with value: 0.6104607256224537.
[I 2026-05-22 18:00:02,096] Trial 956 finished with value: 0.6043082476110446 and parameters: {'WG_amp': 0.8836848009064702, 'WG_Phalf': 3607.404361573403, 'WG_k': 0.10692036840416028, 'WG_c': 0.0005226975739654089, 'rate_power': 1.1257492096672164}. Best is trial 877 with value: 0.6104607256224537.
