[I 2026-05-22 17:56:46,446] Trial 292 finished with value: 0.6043397188393199 and parameters: {'WG_amp': 0.8972280230738324, 'WG_Phalf': 325.73195743881286, 'WG_k': 4.846266687550964, 'WG_c': 0.5192569331253674, 'rate_power': 1.1622312545869113}. Best is trial 286 with value: 0.6098689676621489.
[I 2026-05-22 17:56:46,736] Trial 293 finished with value: 0.5972070796152399 and parameters: {'WG_amp': 0.8960663417161373, 'WG_Phalf': 693.9559164320505, 'WG_k': 3.6224291477822987, 'WG_c': 0.08705562703167082, 'rate_power': 1.02772089018928}. Best is trial 286 with value: 0.6098689676621489.
[I 2026-05-22 17:56:47,027] Trial 294 finished with value: 0.6030510086148112 and parameters: {'WG_amp': 0.7654031878589629, 'WG_Phalf': 414.70577691531764, 'WG_k': 17.76446935509882, 'WG_c': 0.3049391050020464, 'rate_power': 1.110598284606294}. Best is trial 286 with value: 0.6098689676621489.
[I 2026-05-22 17:56:47,315] Trial 295 finished with value: 0.6093644858001537 and parameters: {'WG_amp': 0.7103110555055765, 'WG_Phalf': 389.1266945859402, 'WG_k': 15.782291609530503, 'WG_c': 0.7799365200986296, 'rate_power': 1.1389559598941161}. Best is trial 286 with value: 0.6098689676621489.
[I 2026-05-22 17:56:47,605] Trial 296 finished with value: 0.6097496485801397 and parameters: {'WG_amp': 0.7652200367023042, 'WG_Phalf': 295.5987950661213, 'WG_k': 19.74844797465898, 'WG_c': 0.7911815547117595, 'rate_power': 1.1239066116457819}. Best is trial 286 with value: 0.6098689676621489.
[I 2026-05-22 17:56:47,892] Trial 297 finished with value: 0.6086809409320252 and parameters: {'WG_amp': 0.8715587561003968, 'WG_Phalf': 258.1670085475206, 'WG_k': 5.386428392071997, 'WG_c': 0.8436247754140012, 'rate_power': 1.2377904075358988}. Best is trial 286 with value: 0.6098689676621489.
[I 2026-05-22 17:56:48,181] Trial 298 finished with value: 0.6065342013897137 and parameters: {'WG_amp': 0.8429803359874817, 'WG_Phalf': 302.1228212231375, 'WG_k': 11.616446283736842, 'WG_c': 2.1369940837350807, 'rate_power': 1.1472094622063653}. Best is trial 286 with value: 0.6098689676621489.
[I 2026-05-22 17:56:48,463] Trial 299 finished with value: 0.6094219017872585 and parameters: {'WG_amp': 0.7038059946637566, 'WG_Phalf': 166.05213111450456, 'WG_k': 7.591120608030017, 'WG_c': 1.0386850634734999, 'rate_power': 1.1455721131836631}. Best is trial 286 with value: 0.6098689676621489.
[I 2026-05-22 17:56:48,747] Trial 300 finished with value: 0.6062470168002779 and parameters: {'WG_amp': 0.7139706987822108, 'WG_Phalf': 158.12613707834575, 'WG_k': 6.76265167380095, 'WG_c': 2.943604290618159, 'rate_power': 1.1305626967762195}. Best is trial 286 with value: 0.6098689676621489.
[I 2026-05-22 17:56:49,030] Trial 301 finished with value: 0.6091726193252716 and parameters: {'WG_amp': 0.6570509361697143, 'WG_Phalf': 192.43490394467432, 'WG_k': 46.14952739076948, 'WG_c': 0.7069593834377084, 'rate_power': 1.1301566993553716}. Best is trial 286 with value: 0.6098689676621489.
[I 2026-05-22 17:56:49,314] Trial 302 finished with value: 0.5824955011462468 and parameters: {'WG_amp': 0.4835888598539344, 'WG_Phalf': 1281.280632941976, 'WG_k': 0.01906594039072741, 'WG_c': 0.00022648748010101929, 'rate_power': 0.700742583137654}. Best is trial 286 with value: 0.6098689676621489.
[I 2026-05-22 17:56:49,598] Trial 303 finished with value: 0.604010323393605 and parameters: {'WG_amp': 0.7548971913863696, 'WG_Phalf': 110.40406588187248, 'WG_k': 14.814845978433393, 'WG_c': 0.3989636633317725, 'rate_power': 1.1174233864237544}. Best is trial 286 with value: 0.6098689676621489.
[I 2026-05-22 17:56:49,882] Trial 304 finished with value: 0.6087124578154303 and parameters: {'WG_amp': 0.7092142199360816, 'WG_Phalf': 229.45872189775767, 'WG_k': 19.409765948962992, 'WG_c': 0.6532595303258575, 'rate_power': 1.1888985149050082}. Best is trial 286 with value: 0.6098689676621489.
[I 2026-05-22 17:56:50,166] Trial 305 finished with value: 0.603388158790716 and parameters: {'WG_amp': 0.6496249014274496, 'WG_Phalf': 182.70678424857888, 'WG_k': 3.101040254783152, 'WG_c': 0.4056879127592925, 'rate_power': 1.0928046704159253}. Best is trial 286 with value: 0.6098689676621489.
[I 2026-05-22 17:56:50,450] Trial 306 finished with value: 0.6086235975321167 and parameters: {'WG_amp': 0.7744148225314359, 'WG_Phalf': 350.44531121775896, 'WG_k': 8.09480729369636, 'WG_c': 0.6479001539532667, 'rate_power': 1.063156621301442}. Best is trial 286 with value: 0.6098689676621489.
[I 2026-05-22 17:56:50,733] Trial 307 finished with value: 0.6091991354522625 and parameters: {'WG_amp': 0.6342750613052675, 'WG_Phalf': 219.080985049501, 'WG_k': 19.356558683697937, 'WG_c': 0.9266288682321876, 'rate_power': 1.1117885430744348}. Best is trial 286 with value: 0.6098689676621489.
[I 2026-05-22 17:56:51,016] Trial 308 finished with value: 0.6034117597021074 and parameters: {'WG_amp': 0.7539228874281829, 'WG_Phalf': 228.6755001737316, 'WG_k': 41.636955235068115, 'WG_c': 0.33569303032587366, 'rate_power': 1.0768755479870642}. Best is trial 286 with value: 0.6098689676621489.
[I 2026-05-22 17:56:51,299] Trial 309 finished with value: 0.5632693885946055 and parameters: {'WG_amp': 0.8956694139233436, 'WG_Phalf': 281.9731876804707, 'WG_k': 5.0018513668022475, 'WG_c': 0.0037852855832760266, 'rate_power': 1.2358296195204137}. Best is trial 286 with value: 0.6098689676621489.
[I 2026-05-22 17:56:51,594] Trial 310 finished with value: 0.6029482488325093 and parameters: {'WG_amp': 0.5909766588146249, 'WG_Phalf': 130.218174679074, 'WG_k': 5.883080568746919, 'WG_c': 4.88285488598782, 'rate_power': 1.0135280009439827}. Best is trial 286 with value: 0.6098689676621489.
[I 2026-05-22 17:56:51,880] Trial 311 finished with value: 0.603143519490392 and parameters: {'WG_amp': 0.5945728503665217, 'WG_Phalf': 1728.5145324630819, 'WG_k': 0.4039071748913244, 'WG_c': 0.09098286826017288, 'rate_power': 1.0040356037250724}. Best is trial 286 with value: 0.6098689676621489.
[I 2026-05-22 17:56:52,166] Trial 312 finished with value: 0.6077451992447805 and parameters: {'WG_amp': 0.6089847031839946, 'WG_Phalf': 100.58239727432873, 'WG_k': 17.02002423554046, 'WG_c': 1.280300925967556, 'rate_power': 1.113542102349098}. Best is trial 286 with value: 0.6098689676621489.
[I 2026-05-22 17:56:52,454] Trial 313 finished with value: 0.6096436041227654 and parameters: {'WG_amp': 0.7021969380298189, 'WG_Phalf': 229.50468100812512, 'WG_k': 12.64196882085125, 'WG_c': 0.7906459765574494, 'rate_power': 1.172399783195635}. Best is trial 286 with value: 0.6098689676621489.
[I 2026-05-22 17:56:52,740] Trial 314 finished with value: 0.609784109568684 and parameters: {'WG_amp': 0.8958932206031556, 'WG_Phalf': 513.629039208146, 'WG_k': 8.900407042697235, 'WG_c': 0.9076270379983099, 'rate_power': 1.161210309187327}. Best is trial 286 with value: 0.6098689676621489.
[I 2026-05-22 17:56:53,028] Trial 315 finished with value: 0.5935598528652234 and parameters: {'WG_amp': 0.7437527451822844, 'WG_Phalf': 288.7704593098843, 'WG_k': 1.632524175269041, 'WG_c': 0.09045320831057846, 'rate_power': 1.133840879850525}. Best is trial 286 with value: 0.6098689676621489.
[I 2026-05-22 17:56:53,316] Trial 316 finished with value: 0.6071084343037748 and parameters: {'WG_amp': 0.8557465833878688, 'WG_Phalf': 515.0767726523276, 'WG_k': 5.561246331764289, 'WG_c': 1.8447531587612362, 'rate_power': 1.1628208416002352}. Best is trial 286 with value: 0.6098689676621489.
[I 2026-05-22 17:56:53,607] Trial 317 finished with value: 0.5873969020864002 and parameters: {'WG_amp': 0.8679626837544115, 'WG_Phalf': 520.2991001991053, 'WG_k': 7.31016019722, 'WG_c': 0.11146468501252672, 'rate_power': 1.182432809191531}. Best is trial 286 with value: 0.6098689676621489.
[I 2026-05-22 17:56:53,897] Trial 318 finished with value: 0.6007146304061167 and parameters: {'WG_amp': 0.5692097923226631, 'WG_Phalf': 265.4404813401335, 'WG_k': 3.3802982965680397, 'WG_c': 0.03243583176876897, 'rate_power': 0.8625288541091611}. Best is trial 286 with value: 0.6098689676621489.
[I 2026-05-22 17:56:54,187] Trial 319 finished with value: 0.6095980976880804 and parameters: {'WG_amp': 0.8889415304818343, 'WG_Phalf': 393.239277654109, 'WG_k': 10.852360395795388, 'WG_c': 0.9416665498112974, 'rate_power': 1.1027286198894783}. Best is trial 286 with value: 0.6098689676621489.
[I 2026-05-22 17:56:54,476] Trial 320 finished with value: 0.6081767664598321 and parameters: {'WG_amp': 0.73866965647068, 'WG_Phalf': 222.99481758418068, 'WG_k': 3.51662928243784, 'WG_c': 0.8908249456831232, 'rate_power': 1.1637336105989056}. Best is trial 286 with value: 0.6098689676621489.
[I 2026-05-22 17:56:54,766] Trial 321 finished with value: 0.6012073804440947 and parameters: {'WG_amp': 0.8699947993764301, 'WG_Phalf': 226.2546443542997, 'WG_k': 12.824977923923756, 'WG_c': 0.30586272406165144, 'rate_power': 1.0021306683766422}. Best is trial 286 with value: 0.6098689676621489.
[I 2026-05-22 17:56:55,053] Trial 322 finished with value: 0.6093816157484726 and parameters: {'WG_amp': 0.7041400313236971, 'WG_Phalf': 442.54728611274953, 'WG_k': 24.363940954264336, 'WG_c': 0.7987355702701656, 'rate_power': 1.1780363316226268}. Best is trial 286 with value: 0.6098689676621489.
[I 2026-05-22 17:56:55,341] Trial 323 finished with value: 0.6005549850494452 and parameters: {'WG_amp': 0.7513868782091849, 'WG_Phalf': 400.429947408654, 'WG_k': 11.624712210454451, 'WG_c': 0.27172874659825386, 'rate_power': 1.1549236473647029}. Best is trial 286 with value: 0.6098689676621489.
[I 2026-05-22 17:56:55,629] Trial 324 finished with value: 0.6090465598501329 and parameters: {'WG_amp': 0.8456106563384101, 'WG_Phalf': 297.38454824023086, 'WG_k': 12.534966042408662, 'WG_c': 0.6668615656457607, 'rate_power': 1.16246516866475}. Best is trial 286 with value: 0.6098689676621489.
[I 2026-05-22 17:56:55,918] Trial 325 finished with value: 0.6038220134775694 and parameters: {'WG_amp': 0.6546547924873126, 'WG_Phalf': 324.72174907479666, 'WG_k': 1.3469720830533336, 'WG_c': 0.7357579389085098, 'rate_power': 1.1238379320438039}. Best is trial 286 with value: 0.6098689676621489.
[I 2026-05-22 17:56:56,207] Trial 326 finished with value: 0.6098051278839859 and parameters: {'WG_amp': 0.8613339200954288, 'WG_Phalf': 374.8618166417823, 'WG_k': 17.53908529149884, 'WG_c': 0.7989822119349076, 'rate_power': 1.0968724713187918}. Best is trial 286 with value: 0.6098689676621489.
[I 2026-05-22 17:56:56,493] Trial 327 finished with value: 0.6062051282084064 and parameters: {'WG_amp': 0.8753312964795029, 'WG_Phalf': 403.9766170761279, 'WG_k': 22.519046902722128, 'WG_c': 4.384311219810582, 'rate_power': 1.127856557684112}. Best is trial 286 with value: 0.6098689676621489.
[I 2026-05-22 17:56:56,782] Trial 328 finished with value: 0.5912343901157235 and parameters: {'WG_amp': 0.896274174669181, 'WG_Phalf': 200.6192273777462, 'WG_k': 0.8864635085395434, 'WG_c': 0.182942911650681, 'rate_power': 1.0667490300227112}. Best is trial 286 with value: 0.6098689676621489.
[I 2026-05-22 17:56:57,071] Trial 329 finished with value: 0.6067497890997267 and parameters: {'WG_amp': 0.7337079669994804, 'WG_Phalf': 626.0106655446964, 'WG_k': 3.7317336617409427, 'WG_c': 1.4493547932127067, 'rate_power': 1.080805096336421}. Best is trial 286 with value: 0.6098689676621489.
[I 2026-05-22 17:56:57,361] Trial 330 finished with value: 0.5908818255004995 and parameters: {'WG_amp': 0.8747908726935589, 'WG_Phalf': 515.7226868924505, 'WG_k': 2.0121570658588834, 'WG_c': 2.847722082100296, 'rate_power': 0.8168096657194281}. Best is trial 286 with value: 0.6098689676621489.
[I 2026-05-22 17:56:57,657] Trial 331 finished with value: 0.608989282725158 and parameters: {'WG_amp': 0.8610209770487696, 'WG_Phalf': 345.02187595775, 'WG_k': 8.049074587562236, 'WG_c': 1.0628439394373055, 'rate_power': 1.0871200316600353}. Best is trial 286 with value: 0.6098689676621489.
[I 2026-05-22 17:56:57,946] Trial 332 finished with value: 0.6072465575764461 and parameters: {'WG_amp': 0.8494592686910952, 'WG_Phalf': 156.35180298676022, 'WG_k': 14.057327572875066, 'WG_c': 2.2516331195403976, 'rate_power': 1.2052136055340712}. Best is trial 286 with value: 0.6098689676621489.
[I 2026-05-22 17:56:58,235] Trial 333 finished with value: 0.6072772373770334 and parameters: {'WG_amp': 0.8674866717997952, 'WG_Phalf': 392.97691682453905, 'WG_k': 3.0587083185961803, 'WG_c': 4.984007687340724, 'rate_power': 1.212734513269328}. Best is trial 286 with value: 0.6098689676621489.
[I 2026-05-22 17:56:58,523] Trial 334 finished with value: 0.6058303710702195 and parameters: {'WG_amp': 0.6789224920599723, 'WG_Phalf': 484.78023536422717, 'WG_k': 16.22851645549189, 'WG_c': 2.9951864779543578, 'rate_power': 1.1074171908850756}. Best is trial 286 with value: 0.6098689676621489.
[I 2026-05-22 17:56:58,812] Trial 335 finished with value: 0.6069136900964142 and parameters: {'WG_amp': 0.6670423860984204, 'WG_Phalf': 319.2924824321742, 'WG_k': 27.897703539953408, 'WG_c': 0.977867801659776, 'rate_power': 1.0095445162781127}. Best is trial 286 with value: 0.6098689676621489.
[I 2026-05-22 17:56:59,101] Trial 336 finished with value: 0.6067090416628376 and parameters: {'WG_amp': 0.6941835134536456, 'WG_Phalf': 419.54275122944466, 'WG_k': 16.782501549994013, 'WG_c': 0.4398993188866768, 'rate_power': 1.0813693291762256}. Best is trial 286 with value: 0.6098689676621489.
[I 2026-05-22 17:56:59,389] Trial 337 finished with value: 0.5992546157422038 and parameters: {'WG_amp': 0.8331898740354419, 'WG_Phalf': 544.1387933724385, 'WG_k': 5.351438109865549, 'WG_c': 0.2713129037302349, 'rate_power': 1.1523921144123719}. Best is trial 286 with value: 0.6098689676621489.
[I 2026-05-22 17:56:59,678] Trial 338 finished with value: 0.6081299033684215 and parameters: {'WG_amp': 0.7856951771056415, 'WG_Phalf': 390.0102603247673, 'WG_k': 4.3411183954344015, 'WG_c': 0.7694167791410729, 'rate_power': 1.1675139405815262}. Best is trial 286 with value: 0.6098689676621489.
[I 2026-05-22 17:56:59,965] Trial 339 finished with value: 0.5997759196231806 and parameters: {'WG_amp': 0.6264072314782281, 'WG_Phalf': 129.75227479219012, 'WG_k': 0.3794370272075658, 'WG_c': 0.0006527481031925336, 'rate_power': 0.9959186783004168}. Best is trial 286 with value: 0.6098689676621489.
[I 2026-05-22 17:57:00,254] Trial 340 finished with value: 0.6044533495459358 and parameters: {'WG_amp': 0.40046207437139403, 'WG_Phalf': 3943.215566594207, 'WG_k': 0.011503961898036492, 'WG_c': 0.013121662619120112, 'rate_power': 1.0569382921201385}. Best is trial 286 with value: 0.6098689676621489.
[I 2026-05-22 17:57:00,541] Trial 341 finished with value: 0.5945338420507337 and parameters: {'WG_amp': 0.8383422899568744, 'WG_Phalf': 428.3810823456155, 'WG_k': 14.948968895558965, 'WG_c': 0.2006101081259928, 'rate_power': 1.178020939421563}. Best is trial 286 with value: 0.6098689676621489.
[I 2026-05-22 17:57:00,831] Trial 342 finished with value: 0.6079329999956996 and parameters: {'WG_amp': 0.8989327678547663, 'WG_Phalf': 321.01839528118836, 'WG_k': 15.350658436506057, 'WG_c': 1.4554686865672506, 'rate_power': 1.167886720077914}. Best is trial 286 with value: 0.6098689676621489.
[I 2026-05-22 17:57:01,118] Trial 343 finished with value: 0.6098553290160513 and parameters: {'WG_amp': 0.770467728718995, 'WG_Phalf': 295.13271849537415, 'WG_k': 14.297418861456476, 'WG_c': 1.0076307288868218, 'rate_power': 1.2140215304688307}. Best is trial 286 with value: 0.6098689676621489.
[I 2026-05-22 17:57:01,407] Trial 344 finished with value: 0.6089942599356749 and parameters: {'WG_amp': 0.7513013942188509, 'WG_Phalf': 319.203687473648, 'WG_k': 22.669710578448857, 'WG_c': 1.1506009287776153, 'rate_power': 1.154987657023976}. Best is trial 286 with value: 0.6098689676621489.
[I 2026-05-22 17:57:01,694] Trial 345 finished with value: 0.6070614147278253 and parameters: {'WG_amp': 0.64842730946131, 'WG_Phalf': 220.46856260658257, 'WG_k': 48.60909750240214, 'WG_c': 3.4097205017992627, 'rate_power': 1.1873146367830734}. Best is trial 286 with value: 0.6098689676621489.
[I 2026-05-22 17:57:01,983] Trial 346 finished with value: 0.587425821783564 and parameters: {'WG_amp': 0.2727084388647469, 'WG_Phalf': 732.38744310023, 'WG_k': 0.19637890581724385, 'WG_c': 0.055368497560908246, 'rate_power': 0.753343831061895}. Best is trial 286 with value: 0.6098689676621489.
[I 2026-05-22 17:57:02,270] Trial 347 finished with value: 0.6074696710646501 and parameters: {'WG_amp': 0.7031319468167392, 'WG_Phalf': 227.46768737029217, 'WG_k': 14.145526894811125, 'WG_c': 7.510337612018854, 'rate_power': 1.2630487493448985}. Best is trial 286 with value: 0.6098689676621489.
[I 2026-05-22 17:57:02,558] Trial 348 finished with value: 0.606593652840501 and parameters: {'WG_amp': 0.661098891799286, 'WG_Phalf': 319.89603518491384, 'WG_k': 2.6448962219313956, 'WG_c': 2.9365626950132415, 'rate_power': 1.1516704162529892}. Best is trial 286 with value: 0.6098689676621489.
[I 2026-05-22 17:57:02,843] Trial 349 finished with value: 0.5947793490317833 and parameters: {'WG_amp': 0.8757326564106226, 'WG_Phalf': 196.3991699100537, 'WG_k': 2.219989332901749, 'WG_c': 0.5263981309445039, 'rate_power': 1.2479300673707832}. Best is trial 286 with value: 0.6098689676621489.
[I 2026-05-22 17:57:03,132] Trial 350 finished with value: 0.5819836217268087 and parameters: {'WG_amp': 0.6854808789856106, 'WG_Phalf': 156.2800202773786, 'WG_k': 5.456792879019401, 'WG_c': 0.018880569124985425, 'rate_power': 1.1550344670401391}. Best is trial 286 with value: 0.6098689676621489.
[I 2026-05-22 17:57:03,422] Trial 351 finished with value: 0.6073901196734945 and parameters: {'WG_amp': 0.7046662144850466, 'WG_Phalf': 412.00473968996835, 'WG_k': 18.88298062575316, 'WG_c': 1.7210303245477174, 'rate_power': 1.2023556332741756}. Best is trial 286 with value: 0.6098689676621489.
[I 2026-05-22 17:57:03,705] Trial 352 finished with value: 0.6037072044562679 and parameters: {'WG_amp': 0.8470505013622229, 'WG_Phalf': 579.2818276293498, 'WG_k': 12.32247282956365, 'WG_c': 2.202256597392673, 'rate_power': 1.029467595022711}. Best is trial 286 with value: 0.6098689676621489.
[I 2026-05-22 17:57:03,989] Trial 353 finished with value: 0.6048136009389209 and parameters: {'WG_amp': 0.6593497534966247, 'WG_Phalf': 229.8852188368949, 'WG_k': 7.122231567566772, 'WG_c': 0.45354327517903714, 'rate_power': 1.2094575142777635}. Best is trial 286 with value: 0.6098689676621489.
[I 2026-05-22 17:57:04,276] Trial 354 finished with value: 0.6055415647832783 and parameters: {'WG_amp': 0.5291057881689947, 'WG_Phalf': 3639.960972260338, 'WG_k': 0.3863300470891839, 'WG_c': 0.0003812956003140957, 'rate_power': 1.227882547118368}. Best is trial 286 with value: 0.6098689676621489.
[I 2026-05-22 17:57:04,560] Trial 355 finished with value: 0.5864326211628423 and parameters: {'WG_amp': 0.7224702838555603, 'WG_Phalf': 241.82998944481696, 'WG_k': 10.206516205382323, 'WG_c': 0.12493469913383567, 'rate_power': 1.2053120307929133}. Best is trial 286 with value: 0.6098689676621489.
[I 2026-05-22 17:57:04,845] Trial 356 finished with value: 0.6033010777447745 and parameters: {'WG_amp': 0.8925357678929183, 'WG_Phalf': 563.6901577785696, 'WG_k': 2.786885563399824, 'WG_c': 0.6280694648523761, 'rate_power': 1.220808602315104}. Best is trial 286 with value: 0.6098689676621489.
[I 2026-05-22 17:57:05,134] Trial 357 finished with value: 0.6071885236549348 and parameters: {'WG_amp': 0.6790562428286105, 'WG_Phalf': 288.62759122544026, 'WG_k': 13.556169249868919, 'WG_c': 1.6263820578953578, 'rate_power': 1.1670906237068819}. Best is trial 286 with value: 0.6098689676621489.
[I 2026-05-22 17:57:05,418] Trial 358 finished with value: 0.60570414881674 and parameters: {'WG_amp': 0.857005905911006, 'WG_Phalf': 141.6054951451488, 'WG_k': 6.683392051038695, 'WG_c': 1.9205224332589377, 'rate_power': 1.0886227883063886}. Best is trial 286 with value: 0.6098689676621489.
[I 2026-05-22 17:57:05,702] Trial 359 finished with value: 0.6079179772220697 and parameters: {'WG_amp': 0.8782355972528683, 'WG_Phalf': 491.15111911848265, 'WG_k': 15.053975298750698, 'WG_c': 0.5760515108561425, 'rate_power': 1.1500514818490604}. Best is trial 286 with value: 0.6098689676621489.
[I 2026-05-22 17:57:05,989] Trial 360 finished with value: 0.5954439256363414 and parameters: {'WG_amp': 0.6901391005110803, 'WG_Phalf': 126.53336878877252, 'WG_k': 0.011869148111918564, 'WG_c': 3.0081758077038407, 'rate_power': 0.7710189749712915}. Best is trial 286 with value: 0.6098689676621489.
[I 2026-05-22 17:57:06,272] Trial 361 finished with value: 0.6086433200037726 and parameters: {'WG_amp': 0.6716078008087776, 'WG_Phalf': 420.4523167472169, 'WG_k': 79.70136752762976, 'WG_c': 1.1221139804289755, 'rate_power': 1.1425800721253765}. Best is trial 286 with value: 0.6098689676621489.
[I 2026-05-22 17:57:06,557] Trial 362 finished with value: 0.6023474471327046 and parameters: {'WG_amp': 0.6442850664702973, 'WG_Phalf': 382.44760534658667, 'WG_k': 15.529697310757513, 'WG_c': 0.27661524183945724, 'rate_power': 1.1730428084906515}. Best is trial 286 with value: 0.6098689676621489.
[I 2026-05-22 17:57:06,846] Trial 363 finished with value: 0.6068946975009308 and parameters: {'WG_amp': 0.16603502656584546, 'WG_Phalf': 3550.555435390869, 'WG_k': 0.06065999532699675, 'WG_c': 0.0014081677356583046, 'rate_power': 1.2564205797410803}. Best is trial 286 with value: 0.6098689676621489.
[I 2026-05-22 17:57:07,135] Trial 364 finished with value: 0.6033684054053573 and parameters: {'WG_amp': 0.8253699030924905, 'WG_Phalf': 332.0450272914476, 'WG_k': 12.90495406168542, 'WG_c': 0.3191548369832404, 'rate_power': 1.017413847637605}. Best is trial 286 with value: 0.6098689676621489.
[I 2026-05-22 17:57:07,423] Trial 365 finished with value: 0.6090523316617575 and parameters: {'WG_amp': 0.7311969788532117, 'WG_Phalf': 360.6706710641016, 'WG_k': 12.345702337386632, 'WG_c': 0.690570536143678, 'rate_power': 1.1650130314419969}. Best is trial 286 with value: 0.6098689676621489.
