[I 2026-05-22 17:40:03,761] Trial 359 finished with value: 0.5697030960901538 and parameters: {'k1': 0.01170951090998815, 'D_low': 3.744161960843009, 'k2': 0.0002308021445141904, 'D_high': 2436.468441773064, 'fire_exp': 1.2149112807460825, 'P_half': 4.941988186279865, 'pre_dampen_half': 5.829081125905733, 'gpp_af': 0.1967422005887906, 'gpp_b': 2.572124640651254e-06, 'gpp_d': 32.920907048057956, 'ign_k': 1.5868423397623719, 'ign_c': 16.687224176958527, 'ign_k2': 0.9065563081354701, 'ign_c2': 0.6261399131592218, 'rain_shift': 7.708048684389194}. Best is trial 311 with value: 0.5960775436770843.
[I 2026-05-22 17:40:04,308] Trial 360 finished with value: 0.5415272997992594 and parameters: {'k1': 0.05265046029005685, 'D_low': 2.635860193027931, 'k2': 0.09267672176013282, 'D_high': 5926.920981125791, 'fire_exp': 0.4299301738973797, 'P_half': 65.06442895413284, 'pre_dampen_half': 39.99869561893113, 'gpp_af': 0.010488093377986193, 'gpp_b': 0.018620336432539974, 'gpp_d': 185.0437630716744, 'ign_k': 1.8706528787375845, 'ign_c': 1.4220489021918434, 'ign_k2': 7.455841221903417, 'ign_c2': 0.5279755173268286, 'rain_shift': 13.38775495601555}. Best is trial 311 with value: 0.5960775436770843.
[I 2026-05-22 17:40:04,862] Trial 361 finished with value: 0.5816326875262965 and parameters: {'k1': 0.03589948908721302, 'D_low': 3.3366115861450365, 'k2': 0.016251611568201402, 'D_high': 1415.3468617622882, 'fire_exp': 0.5343975341221249, 'P_half': 94.16927505757745, 'pre_dampen_half': 79.13082936092947, 'gpp_af': 0.022319860097474716, 'gpp_b': 0.00033738465587426514, 'gpp_d': 3.4945109299241417, 'ign_k': 1.8643407714547173, 'ign_c': 0.6824513599651426, 'ign_k2': 0.6980959901752171, 'ign_c2': 1.9894954448661237, 'rain_shift': 11.05974807968932}. Best is trial 311 with value: 0.5960775436770843.
[I 2026-05-22 17:40:05,412] Trial 362 finished with value: 0.5708289787313382 and parameters: {'k1': 0.017229021275639227, 'D_low': 114.38073644972532, 'k2': 0.06806506823846496, 'D_high': 1116.6555294312, 'fire_exp': 0.4442894658243963, 'P_half': 3277.680983497434, 'pre_dampen_half': 976.7870510177656, 'gpp_af': 0.00908905949356487, 'gpp_b': 8.374142192197103e-05, 'gpp_d': 683.3269332199916, 'ign_k': 4.509782330407949, 'ign_c': 0.22755698236522193, 'ign_k2': 1.597894836135347, 'ign_c2': 1.1495952937399316, 'rain_shift': 8.405729850039943}. Best is trial 311 with value: 0.5960775436770843.
[I 2026-05-22 17:40:05,962] Trial 363 finished with value: 0.5492886527202666 and parameters: {'k1': 0.039953087944276926, 'D_low': 1.0930200465028543, 'k2': 0.0006128090140055722, 'D_high': 383.5440508372433, 'fire_exp': 1.622223454184601, 'P_half': 5.77618698429482, 'pre_dampen_half': 135.39335729267722, 'gpp_af': 0.23703106270756935, 'gpp_b': 0.0023202172001382548, 'gpp_d': 1.3938360206122686, 'ign_k': 0.9261568937959478, 'ign_c': 0.10360372448705443, 'ign_k2': 5.506298336372871, 'ign_c2': 0.17338916548879807, 'rain_shift': 6.234658942663989}. Best is trial 311 with value: 0.5960775436770843.
[I 2026-05-22 17:40:06,517] Trial 364 finished with value: 0.3994490055432051 and parameters: {'k1': 0.011516874981190712, 'D_low': 23.207660333252022, 'k2': 0.0012700650163002755, 'D_high': 1260.8766535735053, 'fire_exp': 0.8388021578543865, 'P_half': 2.1871159264708098, 'pre_dampen_half': 1.2636389663771712, 'gpp_af': 0.054022574502504535, 'gpp_b': 0.015095262535479834, 'gpp_d': 20.2845426772952, 'ign_k': 2.1135107988161566, 'ign_c': 176.36905246459654, 'ign_k2': 0.19093324234862855, 'ign_c2': 1.5644570764521704, 'rain_shift': 11.82608695221163}. Best is trial 311 with value: 0.5960775436770843.
[I 2026-05-22 17:40:07,064] Trial 365 finished with value: 0.4773812471467317 and parameters: {'k1': 0.038971440494781504, 'D_low': 4.150651655499764, 'k2': 0.0012685826258839231, 'D_high': 1736.1955302939116, 'fire_exp': 0.5194831786518403, 'P_half': 148.35041784192575, 'pre_dampen_half': 81.54894515118347, 'gpp_af': 0.4802038659137826, 'gpp_b': 0.0028181117877083637, 'gpp_d': 19.43792669160713, 'ign_k': 0.7837666368015811, 'ign_c': 0.3521562584944756, 'ign_k2': 5.787250978560284, 'ign_c2': 0.1389145353807781, 'rain_shift': 3.2772028008024696}. Best is trial 311 with value: 0.5960775436770843.
[I 2026-05-22 17:40:07,609] Trial 366 finished with value: 0.5857370546556239 and parameters: {'k1': 0.06810342307417813, 'D_low': 11.584257871716723, 'k2': 0.0015814013482855862, 'D_high': 7640.490306587747, 'fire_exp': 0.4526914792686608, 'P_half': 7.20427472068627, 'pre_dampen_half': 18.85578475693965, 'gpp_af': 0.5659230874347657, 'gpp_b': 0.00016078261988993842, 'gpp_d': 348.13841387448946, 'ign_k': 2.4365264843543546, 'ign_c': 14.245360839814818, 'ign_k2': 3.3943119830931017, 'ign_c2': 0.12932864717954223, 'rain_shift': 9.453569650986358}. Best is trial 311 with value: 0.5960775436770843.
[I 2026-05-22 17:40:08,154] Trial 367 finished with value: 0.596827092978425 and parameters: {'k1': 0.04624056915247125, 'D_low': 21.64619790326476, 'k2': 0.0010928263098399123, 'D_high': 9414.131495454032, 'fire_exp': 1.0379401818409124, 'P_half': 16.502105456733986, 'pre_dampen_half': 2.8360036652862934, 'gpp_af': 17.272902828279786, 'gpp_b': 4.254833920130362e-05, 'gpp_d': 209.41882345910025, 'ign_k': 1.1358412573592374, 'ign_c': 19.781681662172403, 'ign_k2': 3.2502327264766135, 'ign_c2': 0.3496090574008254, 'rain_shift': 1.3431946209233185}. Best is trial 367 with value: 0.596827092978425.
[I 2026-05-22 17:40:08,699] Trial 368 finished with value: 0.5382443561568738 and parameters: {'k1': 0.032469164287575326, 'D_low': 55.75642059786452, 'k2': 5.110407170362099e-05, 'D_high': 22279.597247388123, 'fire_exp': 2.786087707025018, 'P_half': 10.584229921247848, 'pre_dampen_half': 3.5800625570317903, 'gpp_af': 22.078696155201968, 'gpp_b': 0.00025161674387769184, 'gpp_d': 610.519614963664, 'ign_k': 2.2644073292172506, 'ign_c': 11.084742386513023, 'ign_k2': 5.618151514260087, 'ign_c2': 0.5766747009352277, 'rain_shift': 4.030168462878594}. Best is trial 367 with value: 0.596827092978425.
[I 2026-05-22 17:40:09,264] Trial 369 finished with value: 0.46947992489849005 and parameters: {'k1': 0.04367383043165027, 'D_low': 227.1415704092505, 'k2': 0.0009194884354138904, 'D_high': 167.44727818181173, 'fire_exp': 1.86583682426686, 'P_half': 14.929679685967534, 'pre_dampen_half': 4.923823742141599, 'gpp_af': 19.107854874769632, 'gpp_b': 5.411038609821628e-05, 'gpp_d': 8.698310288241375, 'ign_k': 4.289200306444404, 'ign_c': 2.2366781248140883, 'ign_k2': 8.068991817146221, 'ign_c2': 0.1824658046864427, 'rain_shift': 5.680792736278108}. Best is trial 367 with value: 0.596827092978425.
[I 2026-05-22 17:40:09,817] Trial 370 finished with value: 0.3994490055432051 and parameters: {'k1': 0.004394119200447649, 'D_low': 2.5275009371502177, 'k2': 0.008740023485059815, 'D_high': 70382.23722582629, 'fire_exp': 0.5106532834045802, 'P_half': 1.2740969585361201, 'pre_dampen_half': 1.0899021906614201, 'gpp_af': 4.577794650631205, 'gpp_b': 2.757849844239249e-05, 'gpp_d': 52.31145892646928, 'ign_k': 4.8369579487145, 'ign_c': 76.57561587492515, 'ign_k2': 0.9718245370450668, 'ign_c2': 0.16242640235444838, 'rain_shift': 9.28811909731614}. Best is trial 367 with value: 0.596827092978425.
[I 2026-05-22 17:40:10,364] Trial 371 finished with value: 0.5035709841138727 and parameters: {'k1': 0.023882385582982307, 'D_low': 16.915160087169102, 'k2': 0.0054033490768922565, 'D_high': 8525.504617098077, 'fire_exp': 0.745753192018157, 'P_half': 0.338267778751569, 'pre_dampen_half': 275.57693850284585, 'gpp_af': 0.005499793602504373, 'gpp_b': 0.0005515722002593771, 'gpp_d': 89.38224721031798, 'ign_k': 1.412727949460768, 'ign_c': 1.2570801882753468, 'ign_k2': 0.23185670037074385, 'ign_c2': 0.27218122741014666, 'rain_shift': 10.803692538323842}. Best is trial 367 with value: 0.596827092978425.
[I 2026-05-22 17:40:10,909] Trial 372 finished with value: 0.4069145383618128 and parameters: {'k1': 0.09027199141093623, 'D_low': 6.643144043151275, 'k2': 0.004812705540795006, 'D_high': 21727.01880033955, 'fire_exp': 0.4468603278554271, 'P_half': 6.079409569633269, 'pre_dampen_half': 56.36116977871021, 'gpp_af': 5.2609139436845656, 'gpp_b': 0.0007267234723305795, 'gpp_d': 987.8155176513201, 'ign_k': 3.919930986936911, 'ign_c': 36.89289194995384, 'ign_k2': 2.162479817277819, 'ign_c2': 0.1167396743658576, 'rain_shift': 8.898558294401216}. Best is trial 367 with value: 0.596827092978425.
[I 2026-05-22 17:40:11,453] Trial 373 finished with value: 0.39028631183355794 and parameters: {'k1': 0.061485318998584705, 'D_low': 4.904704587511548, 'k2': 0.0017013633265842189, 'D_high': 5443.187430975626, 'fire_exp': 1.3277821203960964, 'P_half': 17.238150700863958, 'pre_dampen_half': 16.27712643325792, 'gpp_af': 70.5646471295291, 'gpp_b': 0.00028229863516001546, 'gpp_d': 34.387877884531854, 'ign_k': 2.7751004408970537, 'ign_c': 37.262236761911026, 'ign_k2': 0.35870128828862047, 'ign_c2': 1.0705400987461797, 'rain_shift': 2.999743519235002}. Best is trial 367 with value: 0.596827092978425.
[I 2026-05-22 17:40:12,000] Trial 374 finished with value: 0.5747571933286942 and parameters: {'k1': 0.01471342050650921, 'D_low': 93.05306034827748, 'k2': 0.0010580664850474125, 'D_high': 325.9270394397322, 'fire_exp': 0.4157372947204914, 'P_half': 0.4508273251195659, 'pre_dampen_half': 154.5235740359881, 'gpp_af': 0.0092975203345254, 'gpp_b': 2.284064808592345e-05, 'gpp_d': 820.6528883985618, 'ign_k': 0.17681750745276278, 'ign_c': 7.087356192255504, 'ign_k2': 6.591388129317765, 'ign_c2': 0.26345625253361726, 'rain_shift': 5.789387476366024}. Best is trial 367 with value: 0.596827092978425.
[I 2026-05-22 17:40:12,546] Trial 375 finished with value: 0.48673207401446855 and parameters: {'k1': 0.047579789417481734, 'D_low': 6.7777566804139315, 'k2': 0.0028458956952294653, 'D_high': 482.79935490065515, 'fire_exp': 0.5523567259514507, 'P_half': 0.12066471169168186, 'pre_dampen_half': 17.278784933645206, 'gpp_af': 24.694726006722238, 'gpp_b': 0.2299597034499534, 'gpp_d': 141.4574048821024, 'ign_k': 0.0061243694516559845, 'ign_c': 0.29703809459877833, 'ign_k2': 0.49491850340972715, 'ign_c2': 0.5192456957547931, 'rain_shift': 4.91576101950357}. Best is trial 367 with value: 0.596827092978425.
[I 2026-05-22 17:40:13,089] Trial 376 finished with value: 0.44906640544017906 and parameters: {'k1': 0.014099871938384592, 'D_low': 52.40288300559233, 'k2': 0.0001660717801641725, 'D_high': 3179.957025080922, 'fire_exp': 0.7679097062679229, 'P_half': 37.34412317001473, 'pre_dampen_half': 0.31535728032674043, 'gpp_af': 4.520986912075436, 'gpp_b': 3.162463717915151e-05, 'gpp_d': 20.728671216980704, 'ign_k': 0.3786898130565085, 'ign_c': 72.16432089750015, 'ign_k2': 0.16186235801725884, 'ign_c2': 0.309078258365342, 'rain_shift': 1.8308292643572364}. Best is trial 367 with value: 0.596827092978425.
[I 2026-05-22 17:40:13,635] Trial 377 finished with value: 0.5630312387427233 and parameters: {'k1': 0.03816505506274848, 'D_low': 99.55622768650179, 'k2': 0.001886867725170174, 'D_high': 2929.0767778131712, 'fire_exp': 2.289400732154597, 'P_half': 0.18570810835945167, 'pre_dampen_half': 17.012128363395828, 'gpp_af': 19.608717882466042, 'gpp_b': 0.2923441474258276, 'gpp_d': 94.32194430876572, 'ign_k': 0.4844071920003348, 'ign_c': 0.43747000343540515, 'ign_k2': 9.67341210012689, 'ign_c2': 4.9767792236726285, 'rain_shift': 7.810872528263729}. Best is trial 367 with value: 0.596827092978425.
[I 2026-05-22 17:40:14,180] Trial 378 finished with value: 0.4035557694259595 and parameters: {'k1': 0.0011695096786463839, 'D_low': 4.975883528148245, 'k2': 0.004043558012035422, 'D_high': 132.84358528844103, 'fire_exp': 0.36281245748190655, 'P_half': 0.9141914074870844, 'pre_dampen_half': 1.6807181494266104, 'gpp_af': 9.125022241933243, 'gpp_b': 0.012891617834131201, 'gpp_d': 996.1778693481721, 'ign_k': 6.856234848915449, 'ign_c': 39.49547897472188, 'ign_k2': 5.560382868705672, 'ign_c2': 0.3278018766777511, 'rain_shift': 8.32793951339202}. Best is trial 367 with value: 0.596827092978425.
[I 2026-05-22 17:40:14,727] Trial 379 finished with value: 0.46061814862690575 and parameters: {'k1': 0.06985648423658251, 'D_low': 5.60167100226328, 'k2': 0.0016341956353180032, 'D_high': 45913.17255589606, 'fire_exp': 0.4479142720375062, 'P_half': 24.18674654618908, 'pre_dampen_half': 0.3669350908988311, 'gpp_af': 80.97986183821703, 'gpp_b': 4.618807735683253e-06, 'gpp_d': 680.0489265089454, 'ign_k': 0.2044150096135242, 'ign_c': 83.82390738332117, 'ign_k2': 1.2765269850572423, 'ign_c2': 0.2669233464165649, 'rain_shift': 3.3453267865932643}. Best is trial 367 with value: 0.596827092978425.
[I 2026-05-22 17:40:15,278] Trial 380 finished with value: 0.5246268611553957 and parameters: {'k1': 0.011734849639627003, 'D_low': 3.49839339795566, 'k2': 0.0003014993323147542, 'D_high': 809.7230824214861, 'fire_exp': 0.6733769876312985, 'P_half': 0.746046831746217, 'pre_dampen_half': 47.759021227534916, 'gpp_af': 1.6131710903368874, 'gpp_b': 0.023612269588423662, 'gpp_d': 334.42840559572244, 'ign_k': 0.2729993895358759, 'ign_c': 0.5055923634254744, 'ign_k2': 2.903517648832441, 'ign_c2': 0.40594161028029435, 'rain_shift': 4.140637630093487}. Best is trial 367 with value: 0.596827092978425.
[I 2026-05-22 17:40:15,822] Trial 381 finished with value: 0.5140029423939287 and parameters: {'k1': 0.015114604167620229, 'D_low': 215.77604764679776, 'k2': 0.00025012090602989016, 'D_high': 30886.22635140683, 'fire_exp': 1.4695911137889168, 'P_half': 317.8829996999691, 'pre_dampen_half': 0.23683381852972044, 'gpp_af': 3.685122096808148, 'gpp_b': 6.833481167844959e-05, 'gpp_d': 29.01760095658098, 'ign_k': 0.2593757170059914, 'ign_c': 4.7360057912805, 'ign_k2': 9.197674280919621, 'ign_c2': 0.4307078834062935, 'rain_shift': 0.16818938055788912}. Best is trial 367 with value: 0.596827092978425.
[I 2026-05-22 17:40:16,369] Trial 382 finished with value: 0.5608569471066756 and parameters: {'k1': 0.0934644155223973, 'D_low': 1.3200599050920991, 'k2': 5.5775777597008085e-05, 'D_high': 350.9540208513326, 'fire_exp': 0.6673243303738599, 'P_half': 147.5164251861764, 'pre_dampen_half': 899.014326075863, 'gpp_af': 0.6200854340693192, 'gpp_b': 0.0051730993059758154, 'gpp_d': 139.5784255238212, 'ign_k': 0.49871263089295037, 'ign_c': 0.23049968149538108, 'ign_k2': 2.6772356161743467, 'ign_c2': 0.10806737636733019, 'rain_shift': 16.14058680650146}. Best is trial 367 with value: 0.596827092978425.
[I 2026-05-22 17:40:16,915] Trial 383 finished with value: 0.554171777620392 and parameters: {'k1': 0.038701766385179, 'D_low': 1.784588158906796, 'k2': 0.00010529411868309941, 'D_high': 114.15178429612564, 'fire_exp': 0.5878245146280693, 'P_half': 293.6087939543398, 'pre_dampen_half': 97.19711044531088, 'gpp_af': 0.01689518764878766, 'gpp_b': 0.009681559189852652, 'gpp_d': 1.174436205722724, 'ign_k': 0.7205344259644983, 'ign_c': 0.39067111071722355, 'ign_k2': 4.627412356225858, 'ign_c2': 0.23014007930693933, 'rain_shift': 7.545898022450419}. Best is trial 367 with value: 0.596827092978425.
[I 2026-05-22 17:40:17,461] Trial 384 finished with value: 0.39328338223535914 and parameters: {'k1': 0.05098445146929637, 'D_low': 4.257336572588782, 'k2': 7.402391288082519e-05, 'D_high': 128.38226808509197, 'fire_exp': 0.6393068620287207, 'P_half': 204.8739682482408, 'pre_dampen_half': 550.3290026130255, 'gpp_af': 0.01689963606055421, 'gpp_b': 1.0811568046989702e-06, 'gpp_d': 408.7995897086242, 'ign_k': 5.013312427469286, 'ign_c': 39.11210883694744, 'ign_k2': 0.6782918659966147, 'ign_c2': 0.25346335583526486, 'rain_shift': 10.540875075945271}. Best is trial 367 with value: 0.596827092978425.
[I 2026-05-22 17:40:18,003] Trial 385 finished with value: 0.5083745877619356 and parameters: {'k1': 0.03426531400937377, 'D_low': 201.3628658109952, 'k2': 0.00017101469216676668, 'D_high': 13284.19950642064, 'fire_exp': 1.0240284860292388, 'P_half': 3247.5168623840354, 'pre_dampen_half': 27.78214612820093, 'gpp_af': 0.08751775630911271, 'gpp_b': 1.009573600351195e-06, 'gpp_d': 5.620170485322994, 'ign_k': 1.2507267614882422, 'ign_c': 2.6450952971337736, 'ign_k2': 1.031069929784699, 'ign_c2': 0.42949662353673956, 'rain_shift': 9.700272229972056}. Best is trial 367 with value: 0.596827092978425.
[I 2026-05-22 17:40:18,550] Trial 386 finished with value: 0.5997988136131467 and parameters: {'k1': 0.07383533718293794, 'D_low': 4.01224521595116, 'k2': 0.007550862878622275, 'D_high': 1417.9695336767436, 'fire_exp': 0.42020068808754163, 'P_half': 6.341710286506673, 'pre_dampen_half': 233.8536804548887, 'gpp_af': 0.001156729912175393, 'gpp_b': 1.5032525268011922e-06, 'gpp_d': 51.17848987550935, 'ign_k': 0.6086771174977278, 'ign_c': 14.574906781566483, 'ign_k2': 1.7638033424500479, 'ign_c2': 0.13753959738521468, 'rain_shift': 8.660861867807906}. Best is trial 386 with value: 0.5997988136131467.
[I 2026-05-22 17:40:19,096] Trial 387 finished with value: 0.5538294179244596 and parameters: {'k1': 0.09643748468975048, 'D_low': 10.247431263491135, 'k2': 0.00256008189999803, 'D_high': 220.82194931065433, 'fire_exp': 0.6258555524257009, 'P_half': 122.69361602761956, 'pre_dampen_half': 21.917426669862795, 'gpp_af': 0.008956321654824129, 'gpp_b': 7.822407901202201e-05, 'gpp_d': 979.4159231032494, 'ign_k': 0.0486344395030685, 'ign_c': 2.3292465134638674, 'ign_k2': 4.24249397734252, 'ign_c2': 0.6730220761229625, 'rain_shift': 9.113789431974965}. Best is trial 386 with value: 0.5997988136131467.
[I 2026-05-22 17:40:19,641] Trial 388 finished with value: 0.39007872861491505 and parameters: {'k1': 0.006086803465952345, 'D_low': 103.73190700689666, 'k2': 0.0009741047594783842, 'D_high': 27197.677542180267, 'fire_exp': 1.1069504608668839, 'P_half': 79.1909156787724, 'pre_dampen_half': 2.187296671827457, 'gpp_af': 21.517605061833116, 'gpp_b': 1.0671549669536853e-05, 'gpp_d': 119.83505188729646, 'ign_k': 7.823369886748855, 'ign_c': 34.11233604030584, 'ign_k2': 2.5032275653980784, 'ign_c2': 0.10112912330507966, 'rain_shift': 2.8827166312656023}. Best is trial 386 with value: 0.5997988136131467.
[I 2026-05-22 17:40:20,194] Trial 389 finished with value: 0.5789013384121002 and parameters: {'k1': 0.002917117487961901, 'D_low': 365.57789870624737, 'k2': 0.0011117184485323565, 'D_high': 1347.2638288641642, 'fire_exp': 0.6075008649938678, 'P_half': 2.084991578158572, 'pre_dampen_half': 152.03267887883084, 'gpp_af': 0.6107763959199455, 'gpp_b': 0.0006954278987536439, 'gpp_d': 29.58852004666687, 'ign_k': 0.14003128467314582, 'ign_c': 0.17138757405789348, 'ign_k2': 2.543004247232686, 'ign_c2': 1.7842646654372387, 'rain_shift': 6.75426335158727}. Best is trial 386 with value: 0.5997988136131467.
[I 2026-05-22 17:40:20,738] Trial 390 finished with value: 0.5288415645523091 and parameters: {'k1': 0.09685479831109914, 'D_low': 2.9661382017188047, 'k2': 0.07856220491154532, 'D_high': 2970.2925434480185, 'fire_exp': 0.7541059640169728, 'P_half': 693.6203888506254, 'pre_dampen_half': 325.1827434482454, 'gpp_af': 0.0025547900294054784, 'gpp_b': 6.6276889789399e-05, 'gpp_d': 122.8840633638924, 'ign_k': 0.533664182714488, 'ign_c': 0.6998522384766644, 'ign_k2': 2.436108005456016, 'ign_c2': 15.350959159922288, 'rain_shift': 10.673469691595061}. Best is trial 386 with value: 0.5997988136131467.
[I 2026-05-22 17:40:21,287] Trial 391 finished with value: 0.3994490055432051 and parameters: {'k1': 0.017043948027589313, 'D_low': 7.83883943478557, 'k2': 0.0040183000482578515, 'D_high': 36719.33511180921, 'fire_exp': 2.37825939859837, 'P_half': 34.770394556695194, 'pre_dampen_half': 0.05720496135473174, 'gpp_af': 0.7665467959279649, 'gpp_b': 0.001359003270012486, 'gpp_d': 133.66170513522158, 'ign_k': 1.3317825340226406, 'ign_c': 694.042669166306, 'ign_k2': 3.280879579756701, 'ign_c2': 0.9728656314338219, 'rain_shift': 2.281483646026955}. Best is trial 386 with value: 0.5997988136131467.
[I 2026-05-22 17:40:21,830] Trial 392 finished with value: 0.5224574873859047 and parameters: {'k1': 0.027518579668417215, 'D_low': 13.52046250855339, 'k2': 0.005239835345215273, 'D_high': 6874.197867196388, 'fire_exp': 1.9354643443299364, 'P_half': 65.64132349347581, 'pre_dampen_half': 0.12095021102727076, 'gpp_af': 58.842725773133616, 'gpp_b': 7.353463399092293e-05, 'gpp_d': 362.046618765609, 'ign_k': 3.6764804270527973, 'ign_c': 4.1927874575763315, 'ign_k2': 2.560244840607183, 'ign_c2': 0.8400857635770895, 'rain_shift': 3.2022394881762057}. Best is trial 386 with value: 0.5997988136131467.
[I 2026-05-22 17:40:22,375] Trial 393 finished with value: 0.5084395384530821 and parameters: {'k1': 0.014314645740734391, 'D_low': 7.608394941767915, 'k2': 0.007148701450471998, 'D_high': 7505.031940378965, 'fire_exp': 0.5579335437720345, 'P_half': 0.49085990929709944, 'pre_dampen_half': 1.5130958073596372, 'gpp_af': 0.011613158924614786, 'gpp_b': 0.0009187870860591407, 'gpp_d': 204.74100941556787, 'ign_k': 0.016241660602032616, 'ign_c': 70.83029878978212, 'ign_k2': 0.02530860899720272, 'ign_c2': 0.9395565183323278, 'rain_shift': 3.6506680959476716}. Best is trial 386 with value: 0.5997988136131467.
[I 2026-05-22 17:40:22,922] Trial 394 finished with value: 0.5457072555661076 and parameters: {'k1': 0.011471907506719135, 'D_low': 30.39450468574457, 'k2': 0.0008639211238980735, 'D_high': 26246.621267570303, 'fire_exp': 0.4080482150392215, 'P_half': 13.252831074516093, 'pre_dampen_half': 3.2731502501842784, 'gpp_af': 1.744902025003515, 'gpp_b': 2.3233290840036925e-05, 'gpp_d': 714.2414458960371, 'ign_k': 0.40836628466275615, 'ign_c': 29.018526297190036, 'ign_k2': 0.0318980096277922, 'ign_c2': 2.6335266485372135, 'rain_shift': 6.612089457482459}. Best is trial 386 with value: 0.5997988136131467.
