[I 2026-05-22 17:56:03,465] Trial 144 finished with value: 0.6089683479426005 and parameters: {'WG_amp': 0.8267265869697692, 'WG_Phalf': 592.2224450454614, 'WG_k': 33.931464456672266, 'WG_c': 1.2292433220576326, 'rate_power': 1.2622250821406824}. Best is trial 127 with value: 0.6096708420449738.
[I 2026-05-22 17:56:03,758] Trial 145 finished with value: 0.5914072280590124 and parameters: {'WG_amp': 0.8279231501589261, 'WG_Phalf': 298.60798834558426, 'WG_k': 76.216724770622, 'WG_c': 0.2331691943098098, 'rate_power': 1.2921497624587417}. Best is trial 127 with value: 0.6096708420449738.
[I 2026-05-22 17:56:04,052] Trial 146 finished with value: 0.5910017278451888 and parameters: {'WG_amp': 0.858198067823773, 'WG_Phalf': 591.7577833501057, 'WG_k': 90.07622189109048, 'WG_c': 0.08394268183948665, 'rate_power': 1.0945520400485256}. Best is trial 127 with value: 0.6096708420449738.
[I 2026-05-22 17:56:04,350] Trial 147 finished with value: 0.6066807855340682 and parameters: {'WG_amp': 0.7483004836252369, 'WG_Phalf': 408.01983339230776, 'WG_k': 99.49501820339277, 'WG_c': 7.211171816235572, 'rate_power': 1.1613708900708357}. Best is trial 127 with value: 0.6096708420449738.
[I 2026-05-22 17:56:04,668] Trial 148 finished with value: 0.6053531560874801 and parameters: {'WG_amp': 0.28177511307922, 'WG_Phalf': 1780.851106890692, 'WG_k': 2.0508043966305913, 'WG_c': 0.01062703760389511, 'rate_power': 1.0936318337339557}. Best is trial 127 with value: 0.6096708420449738.
[I 2026-05-22 17:56:04,960] Trial 149 finished with value: 0.6072452817863409 and parameters: {'WG_amp': 0.8590710287126336, 'WG_Phalf': 985.1916918384134, 'WG_k': 50.0869123187538, 'WG_c': 3.4975505957023816, 'rate_power': 1.2066171241110282}. Best is trial 127 with value: 0.6096708420449738.
[I 2026-05-22 17:56:05,248] Trial 150 finished with value: 0.5963910425947841 and parameters: {'WG_amp': 0.8330921838172938, 'WG_Phalf': 172.91582353982668, 'WG_k': 15.063583568237252, 'WG_c': 0.9171875206305157, 'rate_power': 0.7809868294827299}. Best is trial 127 with value: 0.6096708420449738.
[I 2026-05-22 17:56:05,539] Trial 151 finished with value: 0.6055509483123396 and parameters: {'WG_amp': 0.6781745479697512, 'WG_Phalf': 537.3717631498316, 'WG_k': 15.414890364394138, 'WG_c': 0.35760931218278147, 'rate_power': 1.0889787020224218}. Best is trial 127 with value: 0.6096708420449738.
[I 2026-05-22 17:56:05,829] Trial 152 finished with value: 0.6077761465986011 and parameters: {'WG_amp': 0.7375941730984196, 'WG_Phalf': 660.9697435940187, 'WG_k': 17.99053766751794, 'WG_c': 0.5674996863576509, 'rate_power': 1.2305015229753975}. Best is trial 127 with value: 0.6096708420449738.
[I 2026-05-22 17:56:06,117] Trial 153 finished with value: 0.6069470188604044 and parameters: {'WG_amp': 0.867241626333752, 'WG_Phalf': 651.582503896599, 'WG_k': 51.96324907643204, 'WG_c': 1.937080697341114, 'rate_power': 1.1729657715945292}. Best is trial 127 with value: 0.6096708420449738.
[I 2026-05-22 17:56:06,407] Trial 154 finished with value: 0.6079167427591354 and parameters: {'WG_amp': 0.7582417487316232, 'WG_Phalf': 380.75272857418867, 'WG_k': 17.983879017049325, 'WG_c': 1.557419031272297, 'rate_power': 1.2735573395277924}. Best is trial 127 with value: 0.6096708420449738.
[I 2026-05-22 17:56:06,698] Trial 155 finished with value: 0.6061163350076522 and parameters: {'WG_amp': 0.688648429292888, 'WG_Phalf': 1221.1976370809748, 'WG_k': 9.828188281699878, 'WG_c': 3.7757547308964576, 'rate_power': 1.1232224284496712}. Best is trial 127 with value: 0.6096708420449738.
[I 2026-05-22 17:56:06,987] Trial 156 finished with value: 0.5955767084383411 and parameters: {'WG_amp': 0.662561922427852, 'WG_Phalf': 148.28354870235785, 'WG_k': 1.111534512409764, 'WG_c': 0.002327988502038673, 'rate_power': 0.7245070736411052}. Best is trial 127 with value: 0.6096708420449738.
[I 2026-05-22 17:56:07,280] Trial 157 finished with value: 0.6091388012697228 and parameters: {'WG_amp': 0.8221471257976669, 'WG_Phalf': 735.8852210438183, 'WG_k': 9.183859888636364, 'WG_c': 1.1673507733913502, 'rate_power': 1.268780031127462}. Best is trial 127 with value: 0.6096708420449738.
[I 2026-05-22 17:56:07,568] Trial 158 finished with value: 0.5907465199608476 and parameters: {'WG_amp': 0.5511994429533443, 'WG_Phalf': 2426.619824081647, 'WG_k': 7.166509398618856, 'WG_c': 0.668033145399606, 'rate_power': 0.7800143235798015}. Best is trial 127 with value: 0.6096708420449738.
[I 2026-05-22 17:56:07,859] Trial 159 finished with value: 0.607114259630325 and parameters: {'WG_amp': 0.002952747196020955, 'WG_Phalf': 1453.250879229498, 'WG_k': 0.15850510693711703, 'WG_c': 0.03498925015492135, 'rate_power': 1.1956359085922221}. Best is trial 127 with value: 0.6096708420449738.
[I 2026-05-22 17:56:08,147] Trial 160 finished with value: 0.6008600569268576 and parameters: {'WG_amp': 0.8750391115559762, 'WG_Phalf': 1032.7408326769153, 'WG_k': 36.42740691181722, 'WG_c': 0.20818083160142348, 'rate_power': 1.151420042475811}. Best is trial 127 with value: 0.6096708420449738.
[I 2026-05-22 17:56:08,436] Trial 161 finished with value: 0.5873934530655027 and parameters: {'WG_amp': 0.7816517920958288, 'WG_Phalf': 2731.7277524823135, 'WG_k': 0.19430507014239604, 'WG_c': 8.398213514418273, 'rate_power': 0.7698626354484011}. Best is trial 127 with value: 0.6096708420449738.
[I 2026-05-22 17:56:08,724] Trial 162 finished with value: 0.5965803329398522 and parameters: {'WG_amp': 0.5844338636078303, 'WG_Phalf': 128.3357520913274, 'WG_k': 0.3595144523019871, 'WG_c': 7.89576772315807, 'rate_power': 0.8764385698659166}. Best is trial 127 with value: 0.6096708420449738.
[I 2026-05-22 17:56:09,015] Trial 163 finished with value: 0.5955224475351013 and parameters: {'WG_amp': 0.7830914961429549, 'WG_Phalf': 507.2860452346067, 'WG_k': 0.14519251755046134, 'WG_c': 0.0009161952103840664, 'rate_power': 1.1542260146098}. Best is trial 127 with value: 0.6096708420449738.
[I 2026-05-22 17:56:09,306] Trial 164 finished with value: 0.6074764347018338 and parameters: {'WG_amp': 0.8303981707908815, 'WG_Phalf': 473.8391240474602, 'WG_k': 7.219496363950267, 'WG_c': 2.9029423184962635, 'rate_power': 1.27806879783058}. Best is trial 127 with value: 0.6096708420449738.
[I 2026-05-22 17:56:09,593] Trial 165 finished with value: 0.6075462965341027 and parameters: {'WG_amp': 0.8384254879712176, 'WG_Phalf': 1309.3722447028606, 'WG_k': 4.567816189245203, 'WG_c': 1.8688639260333604, 'rate_power': 1.2134058516978787}. Best is trial 127 with value: 0.6096708420449738.
[I 2026-05-22 17:56:09,885] Trial 166 finished with value: 0.6074607438374978 and parameters: {'WG_amp': 0.5388009091241149, 'WG_Phalf': 782.3559963783351, 'WG_k': 1.1978036665621155, 'WG_c': 6.969105747543226, 'rate_power': 1.2563921839632226}. Best is trial 127 with value: 0.6096708420449738.
[I 2026-05-22 17:56:10,175] Trial 167 finished with value: 0.6071234503961958 and parameters: {'WG_amp': 0.6864164826264127, 'WG_Phalf': 746.2642372279114, 'WG_k': 12.306768435735018, 'WG_c': 2.7281281358806058, 'rate_power': 1.195530800183648}. Best is trial 127 with value: 0.6096708420449738.
[I 2026-05-22 17:56:10,471] Trial 168 finished with value: 0.6091790177231923 and parameters: {'WG_amp': 0.8619077759546913, 'WG_Phalf': 946.5023598514401, 'WG_k': 34.04676898752224, 'WG_c': 1.022651523620326, 'rate_power': 1.2928359296940048}. Best is trial 127 with value: 0.6096708420449738.
[I 2026-05-22 17:56:10,766] Trial 169 finished with value: 0.6042516140844856 and parameters: {'WG_amp': 0.016687851818244837, 'WG_Phalf': 540.5372698407418, 'WG_k': 85.92202826982803, 'WG_c': 0.003175821797351462, 'rate_power': 1.0429773444994048}. Best is trial 127 with value: 0.6096708420449738.
[I 2026-05-22 17:56:11,059] Trial 170 finished with value: 0.6062053498005616 and parameters: {'WG_amp': 0.7746796187781316, 'WG_Phalf': 1636.7648854683428, 'WG_k': 37.38090078606584, 'WG_c': 0.4299923821239666, 'rate_power': 1.2729309286234147}. Best is trial 127 with value: 0.6096708420449738.
[I 2026-05-22 17:56:11,352] Trial 171 finished with value: 0.6042320854973556 and parameters: {'WG_amp': 0.859837219459333, 'WG_Phalf': 805.1920179973375, 'WG_k': 10.315602334096095, 'WG_c': 0.43933925140424496, 'rate_power': 1.2682129023193909}. Best is trial 127 with value: 0.6096708420449738.
[I 2026-05-22 17:56:11,644] Trial 172 finished with value: 0.5945065191325238 and parameters: {'WG_amp': 0.1674510966957206, 'WG_Phalf': 2402.1662279358625, 'WG_k': 64.67440705215945, 'WG_c': 0.0004552460046462864, 'rate_power': 0.8475730990996474}. Best is trial 127 with value: 0.6096708420449738.
[I 2026-05-22 17:56:11,933] Trial 173 finished with value: 0.6047042696087089 and parameters: {'WG_amp': 0.4556034586190052, 'WG_Phalf': 2452.6859508979474, 'WG_k': 0.035601867506664754, 'WG_c': 0.06863343696332118, 'rate_power': 1.2712964021544162}. Best is trial 127 with value: 0.6096708420449738.
[I 2026-05-22 17:56:12,225] Trial 174 finished with value: 0.6084549881445341 and parameters: {'WG_amp': 0.6011215768468404, 'WG_Phalf': 976.6045783290796, 'WG_k': 8.52874895171372, 'WG_c': 0.8284783380849327, 'rate_power': 1.2956395630800066}. Best is trial 127 with value: 0.6096708420449738.
[I 2026-05-22 17:56:12,517] Trial 175 finished with value: 0.6073960234895607 and parameters: {'WG_amp': 0.45337932366583633, 'WG_Phalf': 815.7688733453639, 'WG_k': 9.1879106062767, 'WG_c': 4.421983395732433, 'rate_power': 1.2998803262662706}. Best is trial 127 with value: 0.6096708420449738.
[I 2026-05-22 17:56:12,810] Trial 176 finished with value: 0.5894987822542969 and parameters: {'WG_amp': 0.24019461861963354, 'WG_Phalf': 3358.993009989549, 'WG_k': 0.043631423787146684, 'WG_c': 0.0006146136505680231, 'rate_power': 0.7964039215126497}. Best is trial 127 with value: 0.6096708420449738.
[I 2026-05-22 17:56:13,104] Trial 177 finished with value: 0.6074757958961984 and parameters: {'WG_amp': 0.8064406249919311, 'WG_Phalf': 712.9374529629465, 'WG_k': 22.149470004118424, 'WG_c': 3.10523177245276, 'rate_power': 1.2742796351297005}. Best is trial 127 with value: 0.6096708420449738.
[I 2026-05-22 17:56:13,396] Trial 178 finished with value: 0.6063583966113921 and parameters: {'WG_amp': 0.867002526036337, 'WG_Phalf': 867.5560627106905, 'WG_k': 91.05872650919652, 'WG_c': 0.4463211498984666, 'rate_power': 1.047500284914844}. Best is trial 127 with value: 0.6096708420449738.
[I 2026-05-22 17:56:13,694] Trial 179 finished with value: 0.5975044827567899 and parameters: {'WG_amp': 0.26509157638888725, 'WG_Phalf': 119.96144703602889, 'WG_k': 84.22772706555773, 'WG_c': 0.007116550116207682, 'rate_power': 0.8542052710500952}. Best is trial 127 with value: 0.6096708420449738.
[I 2026-05-22 17:56:13,991] Trial 180 finished with value: 0.6036412272676295 and parameters: {'WG_amp': 0.7084879600298666, 'WG_Phalf': 2370.2256830343354, 'WG_k': 3.3056013048056276, 'WG_c': 0.0004063083089554922, 'rate_power': 1.1045447968320525}. Best is trial 127 with value: 0.6096708420449738.
[I 2026-05-22 17:56:14,283] Trial 181 finished with value: 0.6084380648376634 and parameters: {'WG_amp': 0.7382290586742248, 'WG_Phalf': 1225.0386669912316, 'WG_k': 15.465579564584623, 'WG_c': 0.6637434131893769, 'rate_power': 1.2581916622461609}. Best is trial 127 with value: 0.6096708420449738.
[I 2026-05-22 17:56:14,578] Trial 182 finished with value: 0.6015006805637662 and parameters: {'WG_amp': 0.7301466424774362, 'WG_Phalf': 1161.7980123709401, 'WG_k': 13.84150804124653, 'WG_c': 0.23437496325423846, 'rate_power': 1.2713925062463138}. Best is trial 127 with value: 0.6096708420449738.
[I 2026-05-22 17:56:14,876] Trial 183 finished with value: 0.5942904993916697 and parameters: {'WG_amp': 0.7608439974692895, 'WG_Phalf': 580.9376147798446, 'WG_k': 0.012280595661680157, 'WG_c': 0.03245475457403953, 'rate_power': 1.2290421924199522}. Best is trial 127 with value: 0.6096708420449738.
[I 2026-05-22 17:56:15,173] Trial 184 finished with value: 0.6087648029617272 and parameters: {'WG_amp': 0.534228764617876, 'WG_Phalf': 315.18813440284777, 'WG_k': 47.2116389340206, 'WG_c': 0.6900211180503377, 'rate_power': 1.1905343884322803}. Best is trial 127 with value: 0.6096708420449738.
[I 2026-05-22 17:56:15,464] Trial 185 finished with value: 0.6003146104817907 and parameters: {'WG_amp': 0.5668576804848795, 'WG_Phalf': 328.8067608240507, 'WG_k': 98.71468882569825, 'WG_c': 0.2649916017906656, 'rate_power': 1.2907518089278338}. Best is trial 127 with value: 0.6096708420449738.
[I 2026-05-22 17:56:15,761] Trial 186 finished with value: 0.5930500179194634 and parameters: {'WG_amp': 0.6368170293797104, 'WG_Phalf': 280.6789808241469, 'WG_k': 20.89053918296395, 'WG_c': 0.09860215303467892, 'rate_power': 1.1236669349667505}. Best is trial 127 with value: 0.6096708420449738.
[I 2026-05-22 17:56:16,056] Trial 187 finished with value: 0.607497091789968 and parameters: {'WG_amp': 0.6618936915063958, 'WG_Phalf': 346.6243306671681, 'WG_k': 36.78754537880399, 'WG_c': 1.4323520258982936, 'rate_power': 1.1639773047920619}. Best is trial 127 with value: 0.6096708420449738.
[I 2026-05-22 17:56:16,351] Trial 188 finished with value: 0.6022253039287693 and parameters: {'WG_amp': 0.46833405699525316, 'WG_Phalf': 1043.4120888588907, 'WG_k': 1.9652888579991001, 'WG_c': 0.14165393515661437, 'rate_power': 1.269679888742267}. Best is trial 127 with value: 0.6096708420449738.
[I 2026-05-22 17:56:16,647] Trial 189 finished with value: 0.604588110604441 and parameters: {'WG_amp': 0.8520208810762957, 'WG_Phalf': 866.7992692326138, 'WG_k': 57.94746990155233, 'WG_c': 0.4040739732405447, 'rate_power': 1.2404312776772137}. Best is trial 127 with value: 0.6096708420449738.
[I 2026-05-22 17:56:16,946] Trial 190 finished with value: 0.5832868112082874 and parameters: {'WG_amp': 0.24435272542443884, 'WG_Phalf': 816.1106012157521, 'WG_k': 0.010226762673243144, 'WG_c': 2.1426124173781016, 'rate_power': 0.7214638514833054}. Best is trial 127 with value: 0.6096708420449738.
[I 2026-05-22 17:56:17,271] Trial 191 finished with value: 0.6057282714672321 and parameters: {'WG_amp': 0.5015295386470855, 'WG_Phalf': 461.52514225991075, 'WG_k': 48.02787118318764, 'WG_c': 0.33407374865717737, 'rate_power': 1.1647063013031085}. Best is trial 127 with value: 0.6096708420449738.
[I 2026-05-22 17:56:17,643] Trial 192 finished with value: 0.6069441276814901 and parameters: {'WG_amp': 0.4257814795851843, 'WG_Phalf': 207.1812423799133, 'WG_k': 26.365532454425164, 'WG_c': 1.8784038229131523, 'rate_power': 1.1742978340148025}. Best is trial 127 with value: 0.6096708420449738.
[I 2026-05-22 17:56:17,934] Trial 193 finished with value: 0.6014252546737012 and parameters: {'WG_amp': 0.44434054905397496, 'WG_Phalf': 247.9407154636229, 'WG_k': 0.02575330494687227, 'WG_c': 0.0009595830463008284, 'rate_power': 0.9408185076237008}. Best is trial 127 with value: 0.6096708420449738.
[I 2026-05-22 17:56:18,236] Trial 194 finished with value: 0.6088044957614098 and parameters: {'WG_amp': 0.5955121313318544, 'WG_Phalf': 1162.2462364260714, 'WG_k': 10.393519987828025, 'WG_c': 0.7959019976643682, 'rate_power': 1.2438552561163716}. Best is trial 127 with value: 0.6096708420449738.
[I 2026-05-22 17:56:18,530] Trial 195 finished with value: 0.6074601237801606 and parameters: {'WG_amp': 0.6075108275903206, 'WG_Phalf': 1504.7982028562842, 'WG_k': 3.7399298401000047, 'WG_c': 3.8791718804020916, 'rate_power': 1.2624060461749296}. Best is trial 127 with value: 0.6096708420449738.
[I 2026-05-22 17:56:18,823] Trial 196 finished with value: 0.5953909460788002 and parameters: {'WG_amp': 0.5899071323085379, 'WG_Phalf': 788.6486891583404, 'WG_k': 9.995786385359622, 'WG_c': 0.059394334286124666, 'rate_power': 1.2454211877757313}. Best is trial 127 with value: 0.6096708420449738.
[I 2026-05-22 17:56:19,115] Trial 197 finished with value: 0.609162268507692 and parameters: {'WG_amp': 0.6486199531774309, 'WG_Phalf': 498.31128223725165, 'WG_k': 10.005380491174037, 'WG_c': 1.1052404796179403, 'rate_power': 1.260862834835884}. Best is trial 127 with value: 0.6096708420449738.
[I 2026-05-22 17:56:19,414] Trial 198 finished with value: 0.6035730338250747 and parameters: {'WG_amp': 0.5127749398814541, 'WG_Phalf': 230.89910449391297, 'WG_k': 1.5089335370892831, 'WG_c': 0.8543728438982452, 'rate_power': 1.2604091595345814}. Best is trial 127 with value: 0.6096708420449738.
[I 2026-05-22 17:56:19,710] Trial 199 finished with value: 0.6086957808674067 and parameters: {'WG_amp': 0.5544990644264214, 'WG_Phalf': 548.1503578890782, 'WG_k': 4.791341704333517, 'WG_c': 0.9341452461925218, 'rate_power': 1.2368291452001459}. Best is trial 127 with value: 0.6096708420449738.
[I 2026-05-22 17:56:20,004] Trial 200 finished with value: 0.6067514717438296 and parameters: {'WG_amp': 0.5805407368743959, 'WG_Phalf': 485.07688790414767, 'WG_k': 12.039113105649513, 'WG_c': 2.031043903152574, 'rate_power': 1.1636527440223094}. Best is trial 127 with value: 0.6096708420449738.
[I 2026-05-22 17:56:20,300] Trial 201 finished with value: 0.6076390199324428 and parameters: {'WG_amp': 0.725941691931509, 'WG_Phalf': 452.35923031866974, 'WG_k': 2.630199621590619, 'WG_c': 2.0180911964246913, 'rate_power': 1.2869429598118778}. Best is trial 127 with value: 0.6096708420449738.
[I 2026-05-22 17:56:20,605] Trial 202 finished with value: 0.6087696282295596 and parameters: {'WG_amp': 0.594349349346841, 'WG_Phalf': 1184.3697343201943, 'WG_k': 9.100826507834542, 'WG_c': 1.1162091553906404, 'rate_power': 1.2406122574560086}. Best is trial 127 with value: 0.6096708420449738.
[I 2026-05-22 17:56:20,905] Trial 203 finished with value: 0.5991774799966818 and parameters: {'WG_amp': 0.783199951963424, 'WG_Phalf': 430.206903357143, 'WG_k': 3.304479585806164, 'WG_c': 0.3089189400238219, 'rate_power': 1.159173845297918}. Best is trial 127 with value: 0.6096708420449738.
[I 2026-05-22 17:56:21,196] Trial 204 finished with value: 0.6064572609640493 and parameters: {'WG_amp': 0.5619321126387977, 'WG_Phalf': 1021.196251568753, 'WG_k': 10.056643008467075, 'WG_c': 0.38846513558346035, 'rate_power': 1.2221366313987887}. Best is trial 127 with value: 0.6096708420449738.
[I 2026-05-22 17:56:21,483] Trial 205 finished with value: 0.6074381283332304 and parameters: {'WG_amp': 0.6509239749686337, 'WG_Phalf': 428.04362626048714, 'WG_k': 26.309193947801244, 'WG_c': 2.7920354350713708, 'rate_power': 1.2931819467116772}. Best is trial 127 with value: 0.6096708420449738.
[I 2026-05-22 17:56:21,770] Trial 206 finished with value: 0.6076219169007915 and parameters: {'WG_amp': 0.4188673588321923, 'WG_Phalf': 370.44408419333394, 'WG_k': 6.093988109517131, 'WG_c': 1.5148301687309764, 'rate_power': 1.1898185425702024}. Best is trial 127 with value: 0.6096708420449738.
[I 2026-05-22 17:56:22,058] Trial 207 finished with value: 0.6065509233352357 and parameters: {'WG_amp': 0.8390564711801198, 'WG_Phalf': 238.06368921272684, 'WG_k': 7.398552188696772, 'WG_c': 2.367819350972287, 'rate_power': 1.1497209074849797}. Best is trial 127 with value: 0.6096708420449738.
[I 2026-05-22 17:56:22,348] Trial 208 finished with value: 0.6088876242846197 and parameters: {'WG_amp': 0.7035827128253579, 'WG_Phalf': 861.024990924558, 'WG_k': 72.38945480699064, 'WG_c': 0.752581488747696, 'rate_power': 1.2469041066779438}. Best is trial 127 with value: 0.6096708420449738.
[I 2026-05-22 17:56:22,635] Trial 209 finished with value: 0.6015693423936797 and parameters: {'WG_amp': 0.5999786032927539, 'WG_Phalf': 817.585246933898, 'WG_k': 89.43023767813268, 'WG_c': 0.14535451444291822, 'rate_power': 1.1679758331215293}. Best is trial 127 with value: 0.6096708420449738.
[I 2026-05-22 17:56:22,924] Trial 210 finished with value: 0.5974467751066754 and parameters: {'WG_amp': 0.898557541326427, 'WG_Phalf': 1675.3271759042618, 'WG_k': 0.5502415404605951, 'WG_c': 0.013669912161378457, 'rate_power': 0.840748911367739}. Best is trial 127 with value: 0.6096708420449738.
[I 2026-05-22 17:56:23,211] Trial 211 finished with value: 0.6074623900759455 and parameters: {'WG_amp': 0.651038944470077, 'WG_Phalf': 713.1288884179208, 'WG_k': 3.1191013130470284, 'WG_c': 0.8078467303709277, 'rate_power': 1.187757160371587}. Best is trial 127 with value: 0.6096708420449738.
[I 2026-05-22 17:56:23,498] Trial 212 finished with value: 0.6082762826570324 and parameters: {'WG_amp': 0.7743867187732872, 'WG_Phalf': 278.62350947561185, 'WG_k': 91.26996748345371, 'WG_c': 0.6201829241348826, 'rate_power': 1.114932591363182}. Best is trial 127 with value: 0.6096708420449738.
[I 2026-05-22 17:56:23,788] Trial 213 finished with value: 0.6062354278613904 and parameters: {'WG_amp': 0.45064801816048294, 'WG_Phalf': 1392.607281528963, 'WG_k': 6.778975733871987, 'WG_c': 0.3065308932133341, 'rate_power': 1.1339870342083502}. Best is trial 127 with value: 0.6096708420449738.
[I 2026-05-22 17:56:24,074] Trial 214 finished with value: 0.6073559709348885 and parameters: {'WG_amp': 0.012257459551324956, 'WG_Phalf': 1451.381007255673, 'WG_k': 0.05727735695673943, 'WG_c': 4.0491671462841, 'rate_power': 1.2838929964934847}. Best is trial 127 with value: 0.6096708420449738.
[I 2026-05-22 17:56:24,357] Trial 215 finished with value: 0.6074704534340902 and parameters: {'WG_amp': 0.7445484772704902, 'WG_Phalf': 787.9123154019334, 'WG_k': 79.56719534905619, 'WG_c': 2.7138624126625643, 'rate_power': 1.2457034033043797}. Best is trial 127 with value: 0.6096708420449738.
[I 2026-05-22 17:56:24,646] Trial 216 finished with value: 0.6092328373466505 and parameters: {'WG_amp': 0.7512803208017359, 'WG_Phalf': 652.7613100591763, 'WG_k': 85.22337612223596, 'WG_c': 0.9399928123538045, 'rate_power': 1.2793873759493335}. Best is trial 127 with value: 0.6096708420449738.
[I 2026-05-22 17:56:24,937] Trial 217 finished with value: 0.6090927162669681 and parameters: {'WG_amp': 0.8409708532392736, 'WG_Phalf': 1246.663192312129, 'WG_k': 78.72577615856544, 'WG_c': 1.0607265548938984, 'rate_power': 1.1894412239611396}. Best is trial 127 with value: 0.6096708420449738.
