[I 2026-05-22 17:57:07,712] Trial 366 finished with value: 0.6001452225318612 and parameters: {'WG_amp': 0.18815827049563583, 'WG_Phalf': 2531.1087308652955, 'WG_k': 2.035691337526938, 'WG_c': 0.20178966516954128, 'rate_power': 0.9357229827130764}. Best is trial 286 with value: 0.6098689676621489.
[I 2026-05-22 17:57:08,000] Trial 367 finished with value: 0.6092317284023875 and parameters: {'WG_amp': 0.7689293548981958, 'WG_Phalf': 645.4105522212782, 'WG_k': 8.61072786073979, 'WG_c': 0.9514391800416795, 'rate_power': 1.1423460472511635}. Best is trial 286 with value: 0.6098689676621489.
[I 2026-05-22 17:57:08,288] Trial 368 finished with value: 0.5820999492887177 and parameters: {'WG_amp': 0.6721032578732106, 'WG_Phalf': 326.9205548256584, 'WG_k': 87.22730037939498, 'WG_c': 0.024534781626496537, 'rate_power': 1.1435883223557906}. Best is trial 286 with value: 0.6098689676621489.
[I 2026-05-22 17:57:08,577] Trial 369 finished with value: 0.606327430642148 and parameters: {'WG_amp': 0.8762835066349113, 'WG_Phalf': 597.6830169867987, 'WG_k': 12.990113047955782, 'WG_c': 0.4398130287133853, 'rate_power': 1.0929490594249966}. Best is trial 286 with value: 0.6098689676621489.
[I 2026-05-22 17:57:08,865] Trial 370 finished with value: 0.5808134933467908 and parameters: {'WG_amp': 0.028084888255964113, 'WG_Phalf': 3361.8692574816378, 'WG_k': 4.695553469205865, 'WG_c': 0.0015474527452138541, 'rate_power': 0.7218534059101936}. Best is trial 286 with value: 0.6098689676621489.
[I 2026-05-22 17:57:09,148] Trial 371 finished with value: 0.5890351540566051 and parameters: {'WG_amp': 0.7682387747584128, 'WG_Phalf': 182.12843772501614, 'WG_k': 43.1336154357419, 'WG_c': 0.1530459485749491, 'rate_power': 1.1779957103205951}. Best is trial 286 with value: 0.6098689676621489.
[I 2026-05-22 17:57:09,436] Trial 372 finished with value: 0.6073894700409618 and parameters: {'WG_amp': 0.7393342171039547, 'WG_Phalf': 405.0141478654985, 'WG_k': 20.241674834349794, 'WG_c': 1.6971661208446256, 'rate_power': 1.1979492591936762}. Best is trial 286 with value: 0.6098689676621489.
[I 2026-05-22 17:57:09,726] Trial 373 finished with value: 0.6077323762241413 and parameters: {'WG_amp': 0.8185847738148082, 'WG_Phalf': 248.3088143137007, 'WG_k': 3.3098084728387565, 'WG_c': 0.8050237956023105, 'rate_power': 1.0815412210342958}. Best is trial 286 with value: 0.6098689676621489.
[I 2026-05-22 17:57:10,017] Trial 374 finished with value: 0.6003422767884505 and parameters: {'WG_amp': 0.4584876840298862, 'WG_Phalf': 498.9351947891263, 'WG_k': 0.021955692550354386, 'WG_c': 0.6829358392305539, 'rate_power': 0.9191979593648906}. Best is trial 286 with value: 0.6098689676621489.
[I 2026-05-22 17:57:10,312] Trial 375 finished with value: 0.602563023972734 and parameters: {'WG_amp': 0.8780387892674035, 'WG_Phalf': 489.1703131664211, 'WG_k': 1.866886978051741, 'WG_c': 0.49880626398812566, 'rate_power': 1.0578794596888867}. Best is trial 286 with value: 0.6098689676621489.
[I 2026-05-22 17:57:10,602] Trial 376 finished with value: 0.609693136562051 and parameters: {'WG_amp': 0.8160068406758026, 'WG_Phalf': 312.41088810950055, 'WG_k': 15.202214032183894, 'WG_c': 0.7840705567554238, 'rate_power': 1.2115279615273826}. Best is trial 286 with value: 0.6098689676621489.
[I 2026-05-22 17:57:10,893] Trial 377 finished with value: 0.5915002076277538 and parameters: {'WG_amp': 0.5515080197783515, 'WG_Phalf': 2051.2717357170795, 'WG_k': 2.741899900129784, 'WG_c': 0.008564023393773051, 'rate_power': 0.7734800426717643}. Best is trial 286 with value: 0.6098689676621489.
[I 2026-05-22 17:57:11,183] Trial 378 finished with value: 0.6093318468683818 and parameters: {'WG_amp': 0.7440800938416626, 'WG_Phalf': 184.50278922909305, 'WG_k': 38.09442504316833, 'WG_c': 0.7821387369687783, 'rate_power': 1.2475632505588583}. Best is trial 286 with value: 0.6098689676621489.
[I 2026-05-22 17:57:11,472] Trial 379 finished with value: 0.6082132211856518 and parameters: {'WG_amp': 0.702977547780778, 'WG_Phalf': 428.2698938422416, 'WG_k': 4.9083457664905605, 'WG_c': 0.7150356235079329, 'rate_power': 1.1407520303991001}. Best is trial 286 with value: 0.6098689676621489.
[I 2026-05-22 17:57:11,760] Trial 380 finished with value: 0.60712659141247 and parameters: {'WG_amp': 0.7854977122373261, 'WG_Phalf': 603.3467085910777, 'WG_k': 6.898242735933204, 'WG_c': 5.607885258600981, 'rate_power': 1.1961778482705405}. Best is trial 286 with value: 0.6098689676621489.
[I 2026-05-22 17:57:12,053] Trial 381 finished with value: 0.6055709624044985 and parameters: {'WG_amp': 0.767631269201112, 'WG_Phalf': 368.51105456038295, 'WG_k': 10.177672659077775, 'WG_c': 0.5530789115938823, 'rate_power': 1.2874380156919922}. Best is trial 286 with value: 0.6098689676621489.
[I 2026-05-22 17:57:12,444] Trial 382 finished with value: 0.607501286328811 and parameters: {'WG_amp': 0.8450348265375319, 'WG_Phalf': 296.17934980221395, 'WG_k': 30.439365303040503, 'WG_c': 2.0451344264009985, 'rate_power': 1.2671021668475673}. Best is trial 286 with value: 0.6098689676621489.
[I 2026-05-22 17:57:12,735] Trial 383 finished with value: 0.6056551982880557 and parameters: {'WG_amp': 0.7108476687804842, 'WG_Phalf': 235.43958955515362, 'WG_k': 7.7827249340664455, 'WG_c': 0.46128692669097754, 'rate_power': 1.1437515277100778}. Best is trial 286 with value: 0.6098689676621489.
[I 2026-05-22 17:57:13,028] Trial 384 finished with value: 0.6065199706071152 and parameters: {'WG_amp': 0.8777832114982597, 'WG_Phalf': 484.5287297716848, 'WG_k': 3.6297588455757035, 'WG_c': 0.7015404572423466, 'rate_power': 1.1892091793944284}. Best is trial 286 with value: 0.6098689676621489.
[I 2026-05-22 17:57:13,321] Trial 385 finished with value: 0.591105884647983 and parameters: {'WG_amp': 0.8303292241946932, 'WG_Phalf': 469.0466232445448, 'WG_k': 0.023224079042905264, 'WG_c': 0.00016609601163175913, 'rate_power': 0.7293492065031114}. Best is trial 286 with value: 0.6098689676621489.
[I 2026-05-22 17:57:13,615] Trial 386 finished with value: 0.6091798192995648 and parameters: {'WG_amp': 0.8859897530286689, 'WG_Phalf': 408.8018185843843, 'WG_k': 10.377689682549356, 'WG_c': 1.242723742322617, 'rate_power': 1.194703611505656}. Best is trial 286 with value: 0.6098689676621489.
[I 2026-05-22 17:57:13,902] Trial 387 finished with value: 0.6003194006314838 and parameters: {'WG_amp': 0.6197599796907087, 'WG_Phalf': 638.4067942110851, 'WG_k': 8.44004662351417, 'WG_c': 0.06474228613702726, 'rate_power': 0.9883727356192241}. Best is trial 286 with value: 0.6098689676621489.
[I 2026-05-22 17:57:14,199] Trial 388 finished with value: 0.6028539673903941 and parameters: {'WG_amp': 0.8103628447295161, 'WG_Phalf': 220.74874854926298, 'WG_k': 7.760336674244431, 'WG_c': 5.773236190489582, 'rate_power': 1.0105815270603062}. Best is trial 286 with value: 0.6098689676621489.
[I 2026-05-22 17:57:14,487] Trial 389 finished with value: 0.6054394934840404 and parameters: {'WG_amp': 0.7637119797653987, 'WG_Phalf': 295.68927081670694, 'WG_k': 21.22244573095192, 'WG_c': 2.929309501720389, 'rate_power': 1.0878539698867455}. Best is trial 286 with value: 0.6098689676621489.
[I 2026-05-22 17:57:14,775] Trial 390 finished with value: 0.6099649093853025 and parameters: {'WG_amp': 0.886908642093633, 'WG_Phalf': 207.80869499745936, 'WG_k': 28.58831343865656, 'WG_c': 0.914759452375594, 'rate_power': 1.0989671219615122}. Best is trial 390 with value: 0.6099649093853025.
[I 2026-05-22 17:57:15,073] Trial 391 finished with value: 0.5685367211122683 and parameters: {'WG_amp': 0.8803218951665763, 'WG_Phalf': 230.6598594370471, 'WG_k': 8.88872838374069, 'WG_c': 0.02987845138631265, 'rate_power': 1.126079911607403}. Best is trial 390 with value: 0.6099649093853025.
[I 2026-05-22 17:57:15,359] Trial 392 finished with value: 0.6086145534905378 and parameters: {'WG_amp': 0.8032550040428217, 'WG_Phalf': 143.72440094087602, 'WG_k': 57.85682635392921, 'WG_c': 0.6758871990954762, 'rate_power': 1.1659638597895448}. Best is trial 390 with value: 0.6099649093853025.
[I 2026-05-22 17:57:15,647] Trial 393 finished with value: 0.608929126912797 and parameters: {'WG_amp': 0.8523409372181768, 'WG_Phalf': 358.5264608261139, 'WG_k': 14.061686043463741, 'WG_c': 0.6385797837223998, 'rate_power': 1.1253134774819986}. Best is trial 390 with value: 0.6099649093853025.
[I 2026-05-22 17:57:15,934] Trial 394 finished with value: 0.5880387880222806 and parameters: {'WG_amp': 0.7641919405201623, 'WG_Phalf': 182.38334223551195, 'WG_k': 8.596589592045303, 'WG_c': 0.1807514615133128, 'rate_power': 1.20805849779017}. Best is trial 390 with value: 0.6099649093853025.
[I 2026-05-22 17:57:16,221] Trial 395 finished with value: 0.6046295218901474 and parameters: {'WG_amp': 0.7455248965750751, 'WG_Phalf': 232.91135982500683, 'WG_k': 22.29916185284795, 'WG_c': 0.38137328703395496, 'rate_power': 1.1010099034059624}. Best is trial 390 with value: 0.6099649093853025.
[I 2026-05-22 17:57:16,518] Trial 396 finished with value: 0.6042317650035032 and parameters: {'WG_amp': 0.8962461763161418, 'WG_Phalf': 287.30977369548935, 'WG_k': 47.52377434279476, 'WG_c': 4.344968307839084, 'rate_power': 1.0457470995817533}. Best is trial 390 with value: 0.6099649093853025.
[I 2026-05-22 17:57:16,820] Trial 397 finished with value: 0.6049672452427013 and parameters: {'WG_amp': 0.6895546583300247, 'WG_Phalf': 4769.15449370714, 'WG_k': 0.33771379217674374, 'WG_c': 5.653188567932356, 'rate_power': 1.0692758968033926}. Best is trial 390 with value: 0.6099649093853025.
[I 2026-05-22 17:57:17,109] Trial 398 finished with value: 0.5999195983154755 and parameters: {'WG_amp': 0.7066577334708849, 'WG_Phalf': 457.8445489918346, 'WG_k': 9.142528445623885, 'WG_c': 0.28363147168300074, 'rate_power': 1.2318061837844647}. Best is trial 390 with value: 0.6099649093853025.
[I 2026-05-22 17:57:17,402] Trial 399 finished with value: 0.5974645925514761 and parameters: {'WG_amp': 0.8032850794976893, 'WG_Phalf': 179.22909728381939, 'WG_k': 0.0173788242370231, 'WG_c': 0.0718062530004184, 'rate_power': 0.9387676194855151}. Best is trial 390 with value: 0.6099649093853025.
[I 2026-05-22 17:57:17,694] Trial 400 finished with value: 0.6061090263606028 and parameters: {'WG_amp': 0.8901121749556686, 'WG_Phalf': 117.07167910250456, 'WG_k': 46.54803864831455, 'WG_c': 2.719510617007819, 'rate_power': 1.1227467865166056}. Best is trial 390 with value: 0.6099649093853025.
[I 2026-05-22 17:57:17,983] Trial 401 finished with value: 0.6045403293183876 and parameters: {'WG_amp': 0.874419533632196, 'WG_Phalf': 191.6075709341313, 'WG_k': 19.28224671788609, 'WG_c': 0.42141810648939865, 'rate_power': 1.0651982356959866}. Best is trial 390 with value: 0.6099649093853025.
[I 2026-05-22 17:57:18,272] Trial 402 finished with value: 0.5919512569048485 and parameters: {'WG_amp': 0.8804253555842647, 'WG_Phalf': 384.78301583038166, 'WG_k': 62.67158465371401, 'WG_c': 0.1393611506418961, 'rate_power': 1.0723780052897331}. Best is trial 390 with value: 0.6099649093853025.
[I 2026-05-22 17:57:18,564] Trial 403 finished with value: 0.5918291148914742 and parameters: {'WG_amp': 0.4158582674703305, 'WG_Phalf': 497.48328362166217, 'WG_k': 0.2158585643534259, 'WG_c': 0.0007622814991291022, 'rate_power': 0.7764858358699994}. Best is trial 390 with value: 0.6099649093853025.
[I 2026-05-22 17:57:18,856] Trial 404 finished with value: 0.6099088109456794 and parameters: {'WG_amp': 0.8777593128084524, 'WG_Phalf': 171.24712338763817, 'WG_k': 15.419711086908126, 'WG_c': 1.0961867419882685, 'rate_power': 1.236240656024355}. Best is trial 390 with value: 0.6099649093853025.
[I 2026-05-22 17:57:19,146] Trial 405 finished with value: 0.6069028800633033 and parameters: {'WG_amp': 0.8633450176270363, 'WG_Phalf': 283.1532241125062, 'WG_k': 40.949631954394604, 'WG_c': 3.386492691021684, 'rate_power': 1.1767144589768954}. Best is trial 390 with value: 0.6099649093853025.
[I 2026-05-22 17:57:19,432] Trial 406 finished with value: 0.6074807101073139 and parameters: {'WG_amp': 0.753827442820804, 'WG_Phalf': 156.21904890109676, 'WG_k': 2.528781639080372, 'WG_c': 6.467789229747585, 'rate_power': 1.2722483210863085}. Best is trial 390 with value: 0.6099649093853025.
[I 2026-05-22 17:57:19,722] Trial 407 finished with value: 0.6073447336825881 and parameters: {'WG_amp': 0.7276156538636445, 'WG_Phalf': 142.42185841325994, 'WG_k': 10.941061846015328, 'WG_c': 2.597731217620345, 'rate_power': 1.2179670448283544}. Best is trial 390 with value: 0.6099649093853025.
[I 2026-05-22 17:57:20,005] Trial 408 finished with value: 0.608890015994598 and parameters: {'WG_amp': 0.8732104606342215, 'WG_Phalf': 181.6845439462506, 'WG_k': 4.822944648745965, 'WG_c': 1.0190232815394964, 'rate_power': 1.2709379950234054}. Best is trial 390 with value: 0.6099649093853025.
[I 2026-05-22 17:57:20,292] Trial 409 finished with value: 0.6100627677461037 and parameters: {'WG_amp': 0.8840206814505118, 'WG_Phalf': 253.4791360093154, 'WG_k': 21.137406120724798, 'WG_c': 1.0081681259164423, 'rate_power': 1.2491094600075583}. Best is trial 409 with value: 0.6100627677461037.
[I 2026-05-22 17:57:20,579] Trial 410 finished with value: 0.609562384585097 and parameters: {'WG_amp': 0.8203276475404336, 'WG_Phalf': 210.21553956353063, 'WG_k': 22.58155764355729, 'WG_c': 0.7748558821529885, 'rate_power': 1.2366884071473303}. Best is trial 409 with value: 0.6100627677461037.
[I 2026-05-22 17:57:20,868] Trial 411 finished with value: 0.6074429378145749 and parameters: {'WG_amp': 0.8578376420691058, 'WG_Phalf': 131.62493817869512, 'WG_k': 31.36456640185862, 'WG_c': 2.364944572329013, 'rate_power': 1.291245022017736}. Best is trial 409 with value: 0.6100627677461037.
[I 2026-05-22 17:57:21,150] Trial 412 finished with value: 0.6034149971794721 and parameters: {'WG_amp': 0.8298259756816105, 'WG_Phalf': 149.6201130512422, 'WG_k': 33.550458692941504, 'WG_c': 0.5023028440744153, 'rate_power': 1.2594179367659781}. Best is trial 409 with value: 0.6100627677461037.
[I 2026-05-22 17:57:21,439] Trial 413 finished with value: 0.6069646606061008 and parameters: {'WG_amp': 0.8817931160898074, 'WG_Phalf': 161.46000490269333, 'WG_k': 5.606658261333887, 'WG_c': 1.6686687152067714, 'rate_power': 1.1165715882525007}. Best is trial 409 with value: 0.6100627677461037.
[I 2026-05-22 17:57:21,727] Trial 414 finished with value: 0.5923385936248549 and parameters: {'WG_amp': 0.05438778718612036, 'WG_Phalf': 122.49497626089153, 'WG_k': 0.02455632909524355, 'WG_c': 0.00035196269266471903, 'rate_power': 0.8277749812063717}. Best is trial 409 with value: 0.6100627677461037.
[I 2026-05-22 17:57:22,015] Trial 415 finished with value: 0.6074716704796236 and parameters: {'WG_amp': 0.8072638434608727, 'WG_Phalf': 271.4710163007012, 'WG_k': 25.489227875601234, 'WG_c': 3.5935680949801214, 'rate_power': 1.2455176299731785}. Best is trial 409 with value: 0.6100627677461037.
[I 2026-05-22 17:57:22,304] Trial 416 finished with value: 0.6018915643593411 and parameters: {'WG_amp': 0.3930051013116369, 'WG_Phalf': 1184.9983402245332, 'WG_k': 29.233996489446596, 'WG_c': 0.0008604227902033199, 'rate_power': 1.1311787180737878}. Best is trial 409 with value: 0.6100627677461037.
[I 2026-05-22 17:57:22,591] Trial 417 finished with value: 0.6101767982311472 and parameters: {'WG_amp': 0.8777041706003612, 'WG_Phalf': 190.61877404034914, 'WG_k': 44.9385880939157, 'WG_c': 0.9263426069331004, 'rate_power': 1.1935388622474175}. Best is trial 417 with value: 0.6101767982311472.
[I 2026-05-22 17:57:22,879] Trial 418 finished with value: 0.5970530482160936 and parameters: {'WG_amp': 0.8942380718393775, 'WG_Phalf': 324.1953079874303, 'WG_k': 47.56031027690011, 'WG_c': 0.28756703197756306, 'rate_power': 1.186266485280629}. Best is trial 417 with value: 0.6101767982311472.
[I 2026-05-22 17:57:23,168] Trial 419 finished with value: 0.5867752790408507 and parameters: {'WG_amp': 0.26305093093184695, 'WG_Phalf': 4626.456959654188, 'WG_k': 8.058226453820396, 'WG_c': 4.498618531832044, 'rate_power': 0.7788192640305357}. Best is trial 417 with value: 0.6101767982311472.
[I 2026-05-22 17:57:23,456] Trial 420 finished with value: 0.6090498052084486 and parameters: {'WG_amp': 0.8461729144268655, 'WG_Phalf': 196.67558829836707, 'WG_k': 74.08217732901704, 'WG_c': 0.7733000764048769, 'rate_power': 1.2529677370658654}. Best is trial 417 with value: 0.6101767982311472.
[I 2026-05-22 17:57:23,743] Trial 421 finished with value: 0.606951205966957 and parameters: {'WG_amp': 0.0867242863261038, 'WG_Phalf': 817.6979432818529, 'WG_k': 55.864103408508235, 'WG_c': 4.8326477529628145, 'rate_power': 1.1821496558372262}. Best is trial 417 with value: 0.6101767982311472.
[I 2026-05-22 17:57:24,026] Trial 422 finished with value: 0.5430275679174934 and parameters: {'WG_amp': 0.871532390344751, 'WG_Phalf': 158.04328793238935, 'WG_k': 28.531784347131126, 'WG_c': 0.023185036438428393, 'rate_power': 1.2510404906364532}. Best is trial 417 with value: 0.6101767982311472.
[I 2026-05-22 17:57:24,315] Trial 423 finished with value: 0.5970544169630833 and parameters: {'WG_amp': 0.0880066293299126, 'WG_Phalf': 255.89328278052545, 'WG_k': 0.13039742936429316, 'WG_c': 0.17679829158636032, 'rate_power': 0.886060516042014}. Best is trial 417 with value: 0.6101767982311472.
[I 2026-05-22 17:57:24,607] Trial 424 finished with value: 0.6040653197550123 and parameters: {'WG_amp': 0.8954047853487246, 'WG_Phalf': 151.80947864706985, 'WG_k': 25.540814497466034, 'WG_c': 0.4952696253481384, 'rate_power': 1.1810353697568954}. Best is trial 417 with value: 0.6101767982311472.
[I 2026-05-22 17:57:24,918] Trial 425 finished with value: 0.607717709107258 and parameters: {'WG_amp': 0.8549039140355029, 'WG_Phalf': 185.04937191593174, 'WG_k': 11.282615721521905, 'WG_c': 0.5850755330758577, 'rate_power': 1.134299066917556}. Best is trial 417 with value: 0.6101767982311472.
[I 2026-05-22 17:57:25,224] Trial 426 finished with value: 0.6084420893891694 and parameters: {'WG_amp': 0.8863360991436302, 'WG_Phalf': 214.89878043243974, 'WG_k': 86.0254129787462, 'WG_c': 1.0515090746495264, 'rate_power': 1.0431254487099486}. Best is trial 417 with value: 0.6101767982311472.
[I 2026-05-22 17:57:25,522] Trial 427 finished with value: 0.609463746799287 and parameters: {'WG_amp': 0.89009746065338, 'WG_Phalf': 257.41718865792194, 'WG_k': 6.77610322962667, 'WG_c': 1.1313922912333745, 'rate_power': 1.1324627477375806}. Best is trial 417 with value: 0.6101767982311472.
[I 2026-05-22 17:57:25,812] Trial 428 finished with value: 0.5787879333113225 and parameters: {'WG_amp': 0.8151024633497769, 'WG_Phalf': 144.84372680411786, 'WG_k': 13.228657104305206, 'WG_c': 0.16738804135337235, 'rate_power': 1.2994015157822474}. Best is trial 417 with value: 0.6101767982311472.
[I 2026-05-22 17:57:26,107] Trial 429 finished with value: 0.6074753044314342 and parameters: {'WG_amp': 0.8767637762596401, 'WG_Phalf': 197.50758582319435, 'WG_k': 15.087699187389292, 'WG_c': 4.689910048469049, 'rate_power': 1.250570886306611}. Best is trial 417 with value: 0.6101767982311472.
[I 2026-05-22 17:57:26,398] Trial 430 finished with value: 0.6064950880134705 and parameters: {'WG_amp': 0.8376465931721054, 'WG_Phalf': 227.5293640351022, 'WG_k': 6.494751294380576, 'WG_c': 7.488597375479306, 'rate_power': 1.146947926966603}. Best is trial 417 with value: 0.6101767982311472.
[I 2026-05-22 17:57:26,700] Trial 431 finished with value: 0.5833240073070175 and parameters: {'WG_amp': 0.8888798162082527, 'WG_Phalf': 381.3182036363714, 'WG_k': 21.91290955998608, 'WG_c': 0.09842689097283226, 'rate_power': 1.1420477776374398}. Best is trial 417 with value: 0.6101767982311472.
[I 2026-05-22 17:57:26,998] Trial 432 finished with value: 0.5862186205992154 and parameters: {'WG_amp': 0.839322966656361, 'WG_Phalf': 306.79514242386495, 'WG_k': 23.843101595802356, 'WG_c': 0.17327677462275154, 'rate_power': 1.2804045185112594}. Best is trial 417 with value: 0.6101767982311472.
[I 2026-05-22 17:57:27,318] Trial 433 finished with value: 0.6024713392793493 and parameters: {'WG_amp': 0.8960713914801911, 'WG_Phalf': 206.83121170972188, 'WG_k': 9.047049209855242, 'WG_c': 0.4028356889328374, 'rate_power': 1.1167157884268664}. Best is trial 417 with value: 0.6101767982311472.
[I 2026-05-22 17:57:27,610] Trial 434 finished with value: 0.5822997737120571 and parameters: {'WG_amp': 0.15050570349429182, 'WG_Phalf': 2106.9255866187627, 'WG_k': 0.08272978404223597, 'WG_c': 7.472567128196475, 'rate_power': 0.7306794443727224}. Best is trial 417 with value: 0.6101767982311472.
[I 2026-05-22 17:57:27,903] Trial 435 finished with value: 0.6071687570697336 and parameters: {'WG_amp': 0.8969649960917014, 'WG_Phalf': 277.1671255758142, 'WG_k': 1.7747003266542134, 'WG_c': 2.416410064465401, 'rate_power': 1.1553853503561522}. Best is trial 417 with value: 0.6101767982311472.
[I 2026-05-22 17:57:28,194] Trial 436 finished with value: 0.6030063006128142 and parameters: {'WG_amp': 0.8884822270778813, 'WG_Phalf': 247.4869822674077, 'WG_k': 41.50527894526542, 'WG_c': 0.46076417397024577, 'rate_power': 1.2160814621558271}. Best is trial 417 with value: 0.6101767982311472.
[I 2026-05-22 17:57:28,488] Trial 437 finished with value: 0.6049680916680605 and parameters: {'WG_amp': 0.8702406989223777, 'WG_Phalf': 186.08725330271469, 'WG_k': 5.386980573870188, 'WG_c': 0.5915478841894715, 'rate_power': 1.2181371209819647}. Best is trial 417 with value: 0.6101767982311472.
[I 2026-05-22 17:57:28,779] Trial 438 finished with value: 0.6073592977738955 and parameters: {'WG_amp': 0.8722847019215381, 'WG_Phalf': 406.03903123645995, 'WG_k': 4.959683868662362, 'WG_c': 1.1849261669832318, 'rate_power': 1.0316501799485283}. Best is trial 417 with value: 0.6101767982311472.
[I 2026-05-22 17:57:29,070] Trial 439 finished with value: 0.6091759372519697 and parameters: {'WG_amp': 0.610908436204965, 'WG_Phalf': 148.45297386955443, 'WG_k': 20.81585688972851, 'WG_c': 0.76524344627216, 'rate_power': 1.2464059466156725}. Best is trial 417 with value: 0.6101767982311472.
