[I 2026-05-22 17:58:36,888] Trial 662 finished with value: 0.6063188983328971 and parameters: {'WG_amp': 0.7288786459749289, 'WG_Phalf': 105.59979699098346, 'WG_k': 27.12375247732127, 'WG_c': 6.133254164758706, 'rate_power': 1.1342734057922887}. Best is trial 579 with value: 0.6102826150053956.
[I 2026-05-22 17:58:37,178] Trial 663 finished with value: 0.6084327384023185 and parameters: {'WG_amp': 0.8097975193749525, 'WG_Phalf': 274.6986977412825, 'WG_k': 84.68009273472424, 'WG_c': 1.3895248151616768, 'rate_power': 1.2212678715109748}. Best is trial 579 with value: 0.6102826150053956.
[I 2026-05-22 17:58:37,467] Trial 664 finished with value: 0.6070205863967214 and parameters: {'WG_amp': 0.7748340624684574, 'WG_Phalf': 214.04032592381913, 'WG_k': 32.34285727540014, 'WG_c': 0.5747168263673996, 'rate_power': 1.2037897040513474}. Best is trial 579 with value: 0.6102826150053956.
[I 2026-05-22 17:58:37,759] Trial 665 finished with value: 0.6075241707694259 and parameters: {'WG_amp': 0.7728318903386139, 'WG_Phalf': 145.868054660931, 'WG_k': 10.908099273407695, 'WG_c': 1.8290229355314347, 'rate_power': 1.2146387647761665}. Best is trial 579 with value: 0.6102826150053956.
[I 2026-05-22 17:58:38,054] Trial 666 finished with value: 0.606637255432453 and parameters: {'WG_amp': 0.8805681134477626, 'WG_Phalf': 109.39404584883013, 'WG_k': 59.13252649248109, 'WG_c': 0.6128627282333234, 'rate_power': 1.1929193252388726}. Best is trial 579 with value: 0.6102826150053956.
[I 2026-05-22 17:58:38,349] Trial 667 finished with value: 0.6008974038472377 and parameters: {'WG_amp': 0.42421080392601046, 'WG_Phalf': 1538.7337904856086, 'WG_k': 0.07360413288946208, 'WG_c': 7.695790370218455, 'rate_power': 0.9514717825886825}. Best is trial 579 with value: 0.6102826150053956.
[I 2026-05-22 17:58:38,643] Trial 668 finished with value: 0.6096556726356119 and parameters: {'WG_amp': 0.7899023800321845, 'WG_Phalf': 192.1123637261462, 'WG_k': 57.17940618180067, 'WG_c': 1.0707627111330138, 'rate_power': 1.2410963939534099}. Best is trial 579 with value: 0.6102826150053956.
[I 2026-05-22 17:58:38,937] Trial 669 finished with value: 0.6084029815203201 and parameters: {'WG_amp': 0.6700611737776873, 'WG_Phalf': 103.45153694515817, 'WG_k': 12.270147230275457, 'WG_c': 0.670250234051446, 'rate_power': 1.238271984978737}. Best is trial 579 with value: 0.6102826150053956.
[I 2026-05-22 17:58:39,227] Trial 670 finished with value: 0.6074301231737715 and parameters: {'WG_amp': 0.880685424851277, 'WG_Phalf': 199.0198632457948, 'WG_k': 4.886829246162551, 'WG_c': 5.267936407634862, 'rate_power': 1.2925527598131705}. Best is trial 579 with value: 0.6102826150053956.
[I 2026-05-22 17:58:39,519] Trial 671 finished with value: 0.6053512243390917 and parameters: {'WG_amp': 0.7775829427546683, 'WG_Phalf': 103.56614445224253, 'WG_k': 3.370041081430611, 'WG_c': 0.8121281478941935, 'rate_power': 1.2712745895790292}. Best is trial 579 with value: 0.6102826150053956.
[I 2026-05-22 17:58:39,810] Trial 672 finished with value: 0.5964936816612674 and parameters: {'WG_amp': 0.765955888498877, 'WG_Phalf': 107.20221042551678, 'WG_k': 42.3541468112099, 'WG_c': 0.30001132815398524, 'rate_power': 1.2341758177613733}. Best is trial 579 with value: 0.6102826150053956.
[I 2026-05-22 17:58:40,097] Trial 673 finished with value: 0.6086530810842571 and parameters: {'WG_amp': 0.7757752495658273, 'WG_Phalf': 102.7597053503129, 'WG_k': 16.95132200578193, 'WG_c': 1.2634289675805905, 'rate_power': 1.1505237805439397}. Best is trial 579 with value: 0.6102826150053956.
[I 2026-05-22 17:58:40,388] Trial 674 finished with value: 0.6074061537068404 and parameters: {'WG_amp': 0.7017920320780723, 'WG_Phalf': 192.39078810144107, 'WG_k': 16.096277322793192, 'WG_c': 4.157187881404883, 'rate_power': 1.2966809988573205}. Best is trial 579 with value: 0.6102826150053956.
[I 2026-05-22 17:58:40,675] Trial 675 finished with value: 0.5921568710657535 and parameters: {'WG_amp': 0.8994578210884407, 'WG_Phalf': 100.70271340163559, 'WG_k': 18.050397351019203, 'WG_c': 0.3077802621483921, 'rate_power': 1.2464050656562335}. Best is trial 579 with value: 0.6102826150053956.
[I 2026-05-22 17:58:40,964] Trial 676 finished with value: 0.6083828666974405 and parameters: {'WG_amp': 0.8994286021180606, 'WG_Phalf': 285.47240524084805, 'WG_k': 74.83300114324001, 'WG_c': 0.7032800405689196, 'rate_power': 1.235706112735803}. Best is trial 579 with value: 0.6102826150053956.
[I 2026-05-22 17:58:41,254] Trial 677 finished with value: 0.6067063752082456 and parameters: {'WG_amp': 0.019728030413864506, 'WG_Phalf': 338.88040998990465, 'WG_k': 17.070442684934047, 'WG_c': 0.0002755233876636268, 'rate_power': 1.163788265656244}. Best is trial 579 with value: 0.6102826150053956.
[I 2026-05-22 17:58:41,542] Trial 678 finished with value: 0.5920425856048172 and parameters: {'WG_amp': 0.709317307967944, 'WG_Phalf': 224.3022483010607, 'WG_k': 4.2517546370254315, 'WG_c': 0.277871466211153, 'rate_power': 1.293843323508805}. Best is trial 579 with value: 0.6102826150053956.
[I 2026-05-22 17:58:41,833] Trial 679 finished with value: 0.6074752664067258 and parameters: {'WG_amp': 0.6651706727092007, 'WG_Phalf': 111.02419488379155, 'WG_k': 58.959443834853595, 'WG_c': 5.42822377350416, 'rate_power': 1.250521903091619}. Best is trial 579 with value: 0.6102826150053956.
[I 2026-05-22 17:58:42,122] Trial 680 finished with value: 0.5775465974902798 and parameters: {'WG_amp': 0.8933465468205339, 'WG_Phalf': 222.30610804993793, 'WG_k': 13.606363297957788, 'WG_c': 0.13140595043891806, 'rate_power': 1.2110770879974704}. Best is trial 579 with value: 0.6102826150053956.
[I 2026-05-22 17:58:42,411] Trial 681 finished with value: 0.5740836916471992 and parameters: {'WG_amp': 0.8989155067188097, 'WG_Phalf': 677.5208791316536, 'WG_k': 14.901260678047699, 'WG_c': 0.02325275981904233, 'rate_power': 1.2481340092957316}. Best is trial 579 with value: 0.6102826150053956.
[I 2026-05-22 17:58:42,700] Trial 682 finished with value: 0.609789773110779 and parameters: {'WG_amp': 0.8992861886910583, 'WG_Phalf': 168.0898116471241, 'WG_k': 7.4603095977057725, 'WG_c': 0.8969908763392546, 'rate_power': 1.0539778491622633}. Best is trial 579 with value: 0.6102826150053956.
[I 2026-05-22 17:58:42,991] Trial 683 finished with value: 0.604248035859679 and parameters: {'WG_amp': 0.36008598231894867, 'WG_Phalf': 4408.2901360523265, 'WG_k': 0.7211101998092618, 'WG_c': 0.0006171316331368607, 'rate_power': 1.0362709024235965}. Best is trial 579 with value: 0.6102826150053956.
[I 2026-05-22 17:58:43,278] Trial 684 finished with value: 0.597258636283868 and parameters: {'WG_amp': 0.5539986847894632, 'WG_Phalf': 367.5523837855913, 'WG_k': 0.029205156820597333, 'WG_c': 0.034501993520335894, 'rate_power': 0.8371293268240902}. Best is trial 579 with value: 0.6102826150053956.
[I 2026-05-22 17:58:43,569] Trial 685 finished with value: 0.6062040020711733 and parameters: {'WG_amp': 0.6694691212367885, 'WG_Phalf': 134.82470433586423, 'WG_k': 0.7812936066797903, 'WG_c': 8.181513172310508, 'rate_power': 1.12808757453676}. Best is trial 579 with value: 0.6102826150053956.
[I 2026-05-22 17:58:43,858] Trial 686 finished with value: 0.6032580267137825 and parameters: {'WG_amp': 0.8790364086404084, 'WG_Phalf': 133.53754665344422, 'WG_k': 1.0275627353798384, 'WG_c': 1.3785580734367293, 'rate_power': 1.132558491930344}. Best is trial 579 with value: 0.6102826150053956.
[I 2026-05-22 17:58:44,144] Trial 687 finished with value: 0.5878243453078023 and parameters: {'WG_amp': 0.31427402208001853, 'WG_Phalf': 4991.758294115255, 'WG_k': 0.2688211128125778, 'WG_c': 0.008407674588922368, 'rate_power': 0.7778101185325351}. Best is trial 579 with value: 0.6102826150053956.
[I 2026-05-22 17:58:44,428] Trial 688 finished with value: 0.598278046250352 and parameters: {'WG_amp': 0.8588839457019564, 'WG_Phalf': 186.08863694274368, 'WG_k': 6.330655887340634, 'WG_c': 0.26031874134747135, 'rate_power': 1.0151563729833333}. Best is trial 579 with value: 0.6102826150053956.
[I 2026-05-22 17:58:44,718] Trial 689 finished with value: 0.5990290200983314 and parameters: {'WG_amp': 0.8086156631518928, 'WG_Phalf': 245.34562707595038, 'WG_k': 0.14518905371692536, 'WG_c': 1.6873350809306098, 'rate_power': 0.9927921198413093}. Best is trial 579 with value: 0.6102826150053956.
[I 2026-05-22 17:58:45,009] Trial 690 finished with value: 0.586211856264539 and parameters: {'WG_amp': 0.8932538521918266, 'WG_Phalf': 511.5856794933978, 'WG_k': 77.36699320862368, 'WG_c': 0.1436306178608342, 'rate_power': 1.28557254713217}. Best is trial 579 with value: 0.6102826150053956.
[I 2026-05-22 17:58:45,297] Trial 691 finished with value: 0.6090362731024744 and parameters: {'WG_amp': 0.8972390333738267, 'WG_Phalf': 284.92680067444553, 'WG_k': 29.872977530774172, 'WG_c': 1.284860343931307, 'rate_power': 1.2512701217734234}. Best is trial 579 with value: 0.6102826150053956.
[I 2026-05-22 17:58:45,587] Trial 692 finished with value: 0.6049879402257483 and parameters: {'WG_amp': 0.7655694344495545, 'WG_Phalf': 4997.026789694003, 'WG_k': 0.027042608570102423, 'WG_c': 0.007909541850634817, 'rate_power': 1.1153043578409094}. Best is trial 579 with value: 0.6102826150053956.
[I 2026-05-22 17:58:45,876] Trial 693 finished with value: 0.6054057141388968 and parameters: {'WG_amp': 0.8566335545446954, 'WG_Phalf': 128.78668565699283, 'WG_k': 2.8194462449812283, 'WG_c': 1.72684113555309, 'rate_power': 1.0179379688138945}. Best is trial 579 with value: 0.6102826150053956.
[I 2026-05-22 17:58:46,170] Trial 694 finished with value: 0.6056240616660374 and parameters: {'WG_amp': 0.7903698167506755, 'WG_Phalf': 153.5265746743761, 'WG_k': 7.577585207210014, 'WG_c': 1.4172322284942305, 'rate_power': 1.02586214544167}. Best is trial 579 with value: 0.6102826150053956.
[I 2026-05-22 17:58:46,463] Trial 695 finished with value: 0.6076794699561916 and parameters: {'WG_amp': 0.8620799244482606, 'WG_Phalf': 122.93470045932175, 'WG_k': 4.491719601136382, 'WG_c': 1.4698632326133112, 'rate_power': 1.0922766391697316}. Best is trial 579 with value: 0.6102826150053956.
[I 2026-05-22 17:58:46,752] Trial 696 finished with value: 0.6032752177115015 and parameters: {'WG_amp': 0.8538557843820797, 'WG_Phalf': 123.39405672968341, 'WG_k': 28.385366046598687, 'WG_c': 3.302877850498171, 'rate_power': 1.0202931387045004}. Best is trial 579 with value: 0.6102826150053956.
[I 2026-05-22 17:58:47,045] Trial 697 finished with value: 0.5773093353426916 and parameters: {'WG_amp': 0.7222369923095606, 'WG_Phalf': 143.9596123245872, 'WG_k': 5.231945756534693, 'WG_c': 0.05768881894728732, 'rate_power': 1.2120667116516737}. Best is trial 579 with value: 0.6102826150053956.
[I 2026-05-22 17:58:47,334] Trial 698 finished with value: 0.5945197278570431 and parameters: {'WG_amp': 0.36954763035023525, 'WG_Phalf': 106.40605953443144, 'WG_k': 2.354969835267271, 'WG_c': 0.07769363675536414, 'rate_power': 0.7569842871869089}. Best is trial 579 with value: 0.6102826150053956.
[I 2026-05-22 17:58:47,624] Trial 699 finished with value: 0.5806102205599936 and parameters: {'WG_amp': 0.8958203999208809, 'WG_Phalf': 721.0547350081833, 'WG_k': 41.14280234623275, 'WG_c': 0.002863985327823093, 'rate_power': 1.0636762797683694}. Best is trial 579 with value: 0.6102826150053956.
[I 2026-05-22 17:58:47,909] Trial 700 finished with value: 0.6079806521456671 and parameters: {'WG_amp': 0.8873068933913323, 'WG_Phalf': 142.1784460405752, 'WG_k': 92.12680114159211, 'WG_c': 1.5298995178819075, 'rate_power': 1.2511277432566654}. Best is trial 579 with value: 0.6102826150053956.
[I 2026-05-22 17:58:48,199] Trial 701 finished with value: 0.581724463981108 and parameters: {'WG_amp': 0.16639438622821878, 'WG_Phalf': 1158.0724797601872, 'WG_k': 82.51788000877305, 'WG_c': 0.20592459014454878, 'rate_power': 0.7093366405170183}. Best is trial 579 with value: 0.6102826150053956.
[I 2026-05-22 17:58:48,488] Trial 702 finished with value: 0.6044886127627592 and parameters: {'WG_amp': 0.8830530131478158, 'WG_Phalf': 147.51412170736194, 'WG_k': 9.287380666703482, 'WG_c': 4.093743871827144, 'rate_power': 1.0542448445726167}. Best is trial 579 with value: 0.6102826150053956.
[I 2026-05-22 17:58:48,778] Trial 703 finished with value: 0.6066510319241447 and parameters: {'WG_amp': 0.6972266177217166, 'WG_Phalf': 133.60321445452755, 'WG_k': 7.557620361670393, 'WG_c': 4.283623460836012, 'rate_power': 1.1586092865014228}. Best is trial 579 with value: 0.6102826150053956.
[I 2026-05-22 17:58:49,070] Trial 704 finished with value: 0.6089122032012612 and parameters: {'WG_amp': 0.7808467011407229, 'WG_Phalf': 247.0222599073072, 'WG_k': 37.35924269616338, 'WG_c': 0.661834439478204, 'rate_power': 1.1220295083518843}. Best is trial 579 with value: 0.6102826150053956.
[I 2026-05-22 17:58:49,364] Trial 705 finished with value: 0.5995698521097272 and parameters: {'WG_amp': 0.02528804225415593, 'WG_Phalf': 4898.574881970067, 'WG_k': 4.517569986458481, 'WG_c': 0.003742808055007787, 'rate_power': 0.9419549381874635}. Best is trial 579 with value: 0.6102826150053956.
[I 2026-05-22 17:58:49,661] Trial 706 finished with value: 0.5986073806841878 and parameters: {'WG_amp': 0.8873345927993609, 'WG_Phalf': 176.3633793315113, 'WG_k': 5.008469251484781, 'WG_c': 0.3305793203516631, 'rate_power': 1.0810857760694714}. Best is trial 579 with value: 0.6102826150053956.
[I 2026-05-22 17:58:49,954] Trial 707 finished with value: 0.603004427133695 and parameters: {'WG_amp': 0.3963932442629277, 'WG_Phalf': 461.11051557756207, 'WG_k': 0.21063912947837563, 'WG_c': 0.0010052389712031378, 'rate_power': 1.1695415986871764}. Best is trial 579 with value: 0.6102826150053956.
[I 2026-05-22 17:58:50,243] Trial 708 finished with value: 0.6059002392186943 and parameters: {'WG_amp': 0.8285245087604132, 'WG_Phalf': 233.1625627415475, 'WG_k': 99.77954421570645, 'WG_c': 1.8285316109239411, 'rate_power': 1.1023663374509534}. Best is trial 579 with value: 0.6102826150053956.
[I 2026-05-22 17:58:50,534] Trial 709 finished with value: 0.6069252694500877 and parameters: {'WG_amp': 0.8787096703865113, 'WG_Phalf': 112.24631971971498, 'WG_k': 12.595714679727305, 'WG_c': 2.0929687135770862, 'rate_power': 1.1737817889626776}. Best is trial 579 with value: 0.6102826150053956.
[I 2026-05-22 17:58:50,827] Trial 710 finished with value: 0.5797713808748093 and parameters: {'WG_amp': 0.7881348064535102, 'WG_Phalf': 177.1772740371502, 'WG_k': 11.288692688000133, 'WG_c': 0.08302239127781301, 'rate_power': 1.1296568266798104}. Best is trial 579 with value: 0.6102826150053956.
[I 2026-05-22 17:58:51,116] Trial 711 finished with value: 0.6061290258428996 and parameters: {'WG_amp': 0.670249099723333, 'WG_Phalf': 165.1861170950617, 'WG_k': 21.544369878548483, 'WG_c': 0.48044948244336094, 'rate_power': 1.1871277944094076}. Best is trial 579 with value: 0.6102826150053956.
[I 2026-05-22 17:58:51,405] Trial 712 finished with value: 0.6093728754124477 and parameters: {'WG_amp': 0.8747832096875269, 'WG_Phalf': 205.69347741063675, 'WG_k': 14.239685832389938, 'WG_c': 0.685314743535472, 'rate_power': 1.099959317241891}. Best is trial 579 with value: 0.6102826150053956.
[I 2026-05-22 17:58:51,696] Trial 713 finished with value: 0.5928348110897866 and parameters: {'WG_amp': 0.4577778343269938, 'WG_Phalf': 466.6929221945855, 'WG_k': 0.1215531982324837, 'WG_c': 6.483898341549097, 'rate_power': 0.8053312754051358}. Best is trial 579 with value: 0.6102826150053956.
[I 2026-05-22 17:58:51,986] Trial 714 finished with value: 0.6082594747224516 and parameters: {'WG_amp': 0.723498693851651, 'WG_Phalf': 234.6460582375508, 'WG_k': 10.598379975488033, 'WG_c': 1.150117780744909, 'rate_power': 1.0835117589981005}. Best is trial 579 with value: 0.6102826150053956.
[I 2026-05-22 17:58:52,277] Trial 715 finished with value: 0.5924968128974796 and parameters: {'WG_amp': 0.7809068773711281, 'WG_Phalf': 114.84162073145959, 'WG_k': 30.90857680471245, 'WG_c': 0.1802941098145249, 'rate_power': 1.085653468805833}. Best is trial 579 with value: 0.6102826150053956.
[I 2026-05-22 17:58:52,565] Trial 716 finished with value: 0.6028067075118302 and parameters: {'WG_amp': 0.6571832455846319, 'WG_Phalf': 1657.734464820226, 'WG_k': 0.03794402091465957, 'WG_c': 0.00033731318198608224, 'rate_power': 1.195235041325883}. Best is trial 579 with value: 0.6102826150053956.
[I 2026-05-22 17:58:52,855] Trial 717 finished with value: 0.6079294228844782 and parameters: {'WG_amp': 0.7207129419576422, 'WG_Phalf': 138.28938375476895, 'WG_k': 15.618005816987944, 'WG_c': 1.3542006069601686, 'rate_power': 1.1424296519780275}. Best is trial 579 with value: 0.6102826150053956.
[I 2026-05-22 17:58:53,143] Trial 718 finished with value: 0.6093175716115041 and parameters: {'WG_amp': 0.7515022667863015, 'WG_Phalf': 217.38843578306427, 'WG_k': 14.138708435130061, 'WG_c': 0.7597368491549547, 'rate_power': 1.2363054615044515}. Best is trial 579 with value: 0.6102826150053956.
[I 2026-05-22 17:58:53,432] Trial 719 finished with value: 0.6074236640919679 and parameters: {'WG_amp': 0.828751796007136, 'WG_Phalf': 121.2500698308609, 'WG_k': 26.69917104570721, 'WG_c': 1.5184897007324651, 'rate_power': 1.1617098975414955}. Best is trial 579 with value: 0.6102826150053956.
[I 2026-05-22 17:58:53,716] Trial 720 finished with value: 0.602676944716701 and parameters: {'WG_amp': 0.8296527330284427, 'WG_Phalf': 3906.128182442853, 'WG_k': 1.986556779167643, 'WG_c': 0.0017600367565721, 'rate_power': 1.2889276497471207}. Best is trial 579 with value: 0.6102826150053956.
[I 2026-05-22 17:58:54,007] Trial 721 finished with value: 0.5982893090431968 and parameters: {'WG_amp': 0.7384556519864913, 'WG_Phalf': 225.17665409220487, 'WG_k': 79.49205417224516, 'WG_c': 0.22553739332801356, 'rate_power': 1.103591251717085}. Best is trial 579 with value: 0.6102826150053956.
[I 2026-05-22 17:58:54,298] Trial 722 finished with value: 0.6065964608049991 and parameters: {'WG_amp': 0.8451468759160087, 'WG_Phalf': 184.2381626992895, 'WG_k': 12.452076761358235, 'WG_c': 2.650312603060159, 'rate_power': 1.1550061298998886}. Best is trial 579 with value: 0.6102826150053956.
[I 2026-05-22 17:58:54,588] Trial 723 finished with value: 0.5918789259094318 and parameters: {'WG_amp': 0.8953264978253688, 'WG_Phalf': 143.7317886899821, 'WG_k': 11.571454523658426, 'WG_c': 0.26801322306769165, 'rate_power': 1.170924358021101}. Best is trial 579 with value: 0.6102826150053956.
[I 2026-05-22 17:58:54,875] Trial 724 finished with value: 0.6065255051476617 and parameters: {'WG_amp': 0.07580208263462135, 'WG_Phalf': 252.44062373803692, 'WG_k': 0.04389742666755187, 'WG_c': 0.0070254637773966575, 'rate_power': 1.1907939667159988}. Best is trial 579 with value: 0.6102826150053956.
[I 2026-05-22 17:58:55,165] Trial 725 finished with value: 0.6045873671836719 and parameters: {'WG_amp': 0.690571361573123, 'WG_Phalf': 530.6272796880519, 'WG_k': 7.485348020795261, 'WG_c': 0.5931229830173376, 'rate_power': 0.9167991244988398}. Best is trial 579 with value: 0.6102826150053956.
[I 2026-05-22 17:58:55,455] Trial 726 finished with value: 0.6077234368359793 and parameters: {'WG_amp': 0.7589419093306757, 'WG_Phalf': 237.32219038694666, 'WG_k': 4.907348310540317, 'WG_c': 0.6834247801206187, 'rate_power': 1.1652269793099546}. Best is trial 579 with value: 0.6102826150053956.
[I 2026-05-22 17:58:55,744] Trial 727 finished with value: 0.6079662030497132 and parameters: {'WG_amp': 0.7423105742741419, 'WG_Phalf': 234.3140102081397, 'WG_k': 9.250867211871158, 'WG_c': 1.5989351623170982, 'rate_power': 1.230204698468281}. Best is trial 579 with value: 0.6102826150053956.
[I 2026-05-22 17:58:56,035] Trial 728 finished with value: 0.6051345463269989 and parameters: {'WG_amp': 0.0061693214812890695, 'WG_Phalf': 2346.0367620201905, 'WG_k': 1.6230572642597556, 'WG_c': 0.6529277047123937, 'rate_power': 1.0766015394635775}. Best is trial 579 with value: 0.6102826150053956.
[I 2026-05-22 17:58:56,324] Trial 729 finished with value: 0.6073359972426013 and parameters: {'WG_amp': 0.8997453731857069, 'WG_Phalf': 273.1070794591621, 'WG_k': 44.648794492258546, 'WG_c': 1.807706548883527, 'rate_power': 1.2004805633773834}. Best is trial 579 with value: 0.6102826150053956.
[I 2026-05-22 17:58:56,613] Trial 730 finished with value: 0.6056229246629351 and parameters: {'WG_amp': 0.8972309610919257, 'WG_Phalf': 106.3854573230953, 'WG_k': 16.895694715124378, 'WG_c': 0.4744676552954751, 'rate_power': 1.0219118587163774}. Best is trial 579 with value: 0.6102826150053956.
[I 2026-05-22 17:58:56,903] Trial 731 finished with value: 0.580488436854311 and parameters: {'WG_amp': 0.7632876092900636, 'WG_Phalf': 232.91500121180061, 'WG_k': 35.10375835030919, 'WG_c': 0.11295744871663523, 'rate_power': 1.2972454867539307}. Best is trial 579 with value: 0.6102826150053956.
[I 2026-05-22 17:58:57,191] Trial 732 finished with value: 0.6074308729928278 and parameters: {'WG_amp': 0.8496580194745941, 'WG_Phalf': 299.33056388524057, 'WG_k': 75.91572996751671, 'WG_c': 4.207320918893216, 'rate_power': 1.2949206084740588}. Best is trial 579 with value: 0.6102826150053956.
[I 2026-05-22 17:58:57,482] Trial 733 finished with value: 0.5994135049061358 and parameters: {'WG_amp': 0.6804011957527893, 'WG_Phalf': 249.26789868351838, 'WG_k': 2.942173900401885, 'WG_c': 0.1723947888087751, 'rate_power': 1.0494361415303226}. Best is trial 579 with value: 0.6102826150053956.
[I 2026-05-22 17:58:57,774] Trial 734 finished with value: 0.6027177813317375 and parameters: {'WG_amp': 0.5115709235169736, 'WG_Phalf': 331.6625808607192, 'WG_k': 98.27084872535762, 'WG_c': 1.5857497143134385, 'rate_power': 0.9973735816118534}. Best is trial 579 with value: 0.6102826150053956.
[I 2026-05-22 17:58:58,063] Trial 735 finished with value: 0.6025517870396988 and parameters: {'WG_amp': 0.8982671294477543, 'WG_Phalf': 248.12653292385824, 'WG_k': 50.05317465890463, 'WG_c': 0.5062178017670586, 'rate_power': 1.2922315806025206}. Best is trial 579 with value: 0.6102826150053956.
