[I 2026-05-22 17:38:05,758] Trial 143 finished with value: 0.46700450545587163 and parameters: {'k1': 7.408603925422289e-05, 'D_low': 31.8333636286214, 'k2': 0.06855398537303888, 'D_high': 2594.483814364956, 'fire_exp': 0.984825146016248, 'P_half': 3.8671445629986025, 'pre_dampen_half': 365.8461085356614, 'gpp_af': 0.014768667789812158, 'gpp_b': 1.5470775734987442e-05, 'gpp_d': 431.65974317232633, 'ign_k': 5.194621498403677, 'ign_c': 0.45740428104041914, 'ign_k2': 0.0576118902440591, 'ign_c2': 2.896192485547765, 'rain_shift': 9.81713195750357}. Best is trial 0 with value: 0.5948382818560959.
[I 2026-05-22 17:38:06,303] Trial 144 finished with value: 0.5399282419365488 and parameters: {'k1': 0.00013348208900987996, 'D_low': 383.36480864541727, 'k2': 0.014775835931170917, 'D_high': 310.37847102308086, 'fire_exp': 0.41924786256060065, 'P_half': 0.12297121677841347, 'pre_dampen_half': 2.5012233647415902, 'gpp_af': 4.252163645098315, 'gpp_b': 0.008923869471942807, 'gpp_d': 248.0280896940541, 'ign_k': 0.26650673205239284, 'ign_c': 0.1472429341708795, 'ign_k2': 7.513956710593749, 'ign_c2': 0.34724992993156534, 'rain_shift': 10.769918708166308}. Best is trial 0 with value: 0.5948382818560959.
[I 2026-05-22 17:38:06,850] Trial 145 finished with value: 0.5754122086722369 and parameters: {'k1': 0.0009238241407955076, 'D_low': 92.6479887600111, 'k2': 0.022373211218140326, 'D_high': 1162.8497798323642, 'fire_exp': 0.4070637798982903, 'P_half': 0.21774487232175424, 'pre_dampen_half': 846.6975952102109, 'gpp_af': 14.691737309751964, 'gpp_b': 0.00010651204494594472, 'gpp_d': 149.7466767314829, 'ign_k': 0.323346666655239, 'ign_c': 0.1786144354304501, 'ign_k2': 0.7725795315111095, 'ign_c2': 0.16764005123606177, 'rain_shift': 11.18969029911352}. Best is trial 0 with value: 0.5948382818560959.
[I 2026-05-22 17:38:07,397] Trial 146 finished with value: 0.5618255799743175 and parameters: {'k1': 0.0009604399039473065, 'D_low': 459.3673711349654, 'k2': 0.01823553864379804, 'D_high': 7312.035751707066, 'fire_exp': 0.3566061583049657, 'P_half': 0.7085186220378211, 'pre_dampen_half': 423.25185153299236, 'gpp_af': 9.19038623968487, 'gpp_b': 0.020423673964633796, 'gpp_d': 192.9603866143043, 'ign_k': 0.5776223511811392, 'ign_c': 0.15362687790908058, 'ign_k2': 0.790332123903425, 'ign_c2': 0.16559517243249158, 'rain_shift': 9.139010083864584}. Best is trial 0 with value: 0.5948382818560959.
[I 2026-05-22 17:38:07,945] Trial 147 finished with value: 0.5691627736275873 and parameters: {'k1': 0.0001170351584970103, 'D_low': 3.2562501292755566, 'k2': 0.0036352168399188486, 'D_high': 14666.909402991667, 'fire_exp': 0.4200043429294595, 'P_half': 0.12705931112217644, 'pre_dampen_half': 118.00889976118187, 'gpp_af': 0.4583943449067391, 'gpp_b': 1.5580517050552327e-06, 'gpp_d': 1.2038122495796941, 'ign_k': 0.2785912373227609, 'ign_c': 1.5313385838561546, 'ign_k2': 6.291434929681557, 'ign_c2': 0.4585127677460112, 'rain_shift': 12.426906439836204}. Best is trial 0 with value: 0.5948382818560959.
[I 2026-05-22 17:38:08,496] Trial 148 finished with value: 0.5697176016765697 and parameters: {'k1': 2.7395512183843577e-05, 'D_low': 17.625340119365163, 'k2': 0.00018084041720506735, 'D_high': 18430.037247322234, 'fire_exp': 0.49106011785502535, 'P_half': 0.9704824092921521, 'pre_dampen_half': 463.02312530067985, 'gpp_af': 0.5352312405751013, 'gpp_b': 0.001513026906908588, 'gpp_d': 48.44272338369062, 'ign_k': 0.06601834688726929, 'ign_c': 0.12730856396023363, 'ign_k2': 1.7478350183850915, 'ign_c2': 0.32662437255595367, 'rain_shift': 15.91018811696863}. Best is trial 0 with value: 0.5948382818560959.
[I 2026-05-22 17:38:09,042] Trial 149 finished with value: 0.5585761825035549 and parameters: {'k1': 3.899458533192119e-05, 'D_low': 10.211411469712468, 'k2': 0.00814875094046517, 'D_high': 604.1369730642374, 'fire_exp': 0.5380615171110555, 'P_half': 0.11424101670758119, 'pre_dampen_half': 324.1939125332141, 'gpp_af': 0.41985951723396725, 'gpp_b': 0.0012426559492501256, 'gpp_d': 255.64899353847338, 'ign_k': 1.9039824826699998, 'ign_c': 0.3053159942219949, 'ign_k2': 0.3728097886131922, 'ign_c2': 0.11167666004086756, 'rain_shift': 12.986214107926012}. Best is trial 0 with value: 0.5948382818560959.
[I 2026-05-22 17:38:09,585] Trial 150 finished with value: 0.5743037688649376 and parameters: {'k1': 0.01187011459673271, 'D_low': 66.61260379299766, 'k2': 0.001693620556105878, 'D_high': 47214.2264649239, 'fire_exp': 0.556798770108862, 'P_half': 7.6170627780852, 'pre_dampen_half': 748.4388848516764, 'gpp_af': 0.4157225175104486, 'gpp_b': 0.0005575593018652492, 'gpp_d': 18.035877111909546, 'ign_k': 0.03091219195513397, 'ign_c': 0.25144514156354963, 'ign_k2': 9.289889010113574, 'ign_c2': 0.14569361142961101, 'rain_shift': 11.029243612395955}. Best is trial 0 with value: 0.5948382818560959.
[I 2026-05-22 17:38:10,128] Trial 151 finished with value: 0.5774600487244609 and parameters: {'k1': 0.05537950699509042, 'D_low': 39.69020944306846, 'k2': 0.0003955359388093306, 'D_high': 91999.22133217112, 'fire_exp': 0.7958946102744879, 'P_half': 1.8636257490744799, 'pre_dampen_half': 214.99022139660582, 'gpp_af': 0.2639820414353904, 'gpp_b': 0.0007164820416682825, 'gpp_d': 4.5101997910858636, 'ign_k': 0.03485027293918967, 'ign_c': 0.20333935256030733, 'ign_k2': 4.039908534098822, 'ign_c2': 0.1111979936371182, 'rain_shift': 11.666928491257062}. Best is trial 0 with value: 0.5948382818560959.
[I 2026-05-22 17:38:10,670] Trial 152 finished with value: 0.5480126220511246 and parameters: {'k1': 0.0025030042932811516, 'D_low': 34.15507546494848, 'k2': 0.0008222271628862265, 'D_high': 24232.064531479093, 'fire_exp': 0.7571723859933955, 'P_half': 4.301290511080099, 'pre_dampen_half': 762.2501050372953, 'gpp_af': 1.8245216424035908, 'gpp_b': 0.00017196053821229385, 'gpp_d': 5.578246850898091, 'ign_k': 0.033877102847636294, 'ign_c': 0.2983972276976634, 'ign_k2': 3.8360135957860826, 'ign_c2': 0.11019260305945007, 'rain_shift': 8.112856535351664}. Best is trial 0 with value: 0.5948382818560959.
[I 2026-05-22 17:38:11,214] Trial 153 finished with value: 0.5685411581018062 and parameters: {'k1': 2.1277372926139388e-05, 'D_low': 6.705063361007594, 'k2': 0.0021998879471127235, 'D_high': 1951.907780373686, 'fire_exp': 0.5817243283240952, 'P_half': 0.18825149732038446, 'pre_dampen_half': 68.89426407963357, 'gpp_af': 12.332035290118199, 'gpp_b': 6.798840564750293e-05, 'gpp_d': 19.55553760595354, 'ign_k': 0.0064571437005019475, 'ign_c': 1.3846698920995728, 'ign_k2': 2.9716065709501573, 'ign_c2': 0.10446300962344117, 'rain_shift': 7.6742824412440775}. Best is trial 0 with value: 0.5948382818560959.
[I 2026-05-22 17:38:11,755] Trial 154 finished with value: 0.5716304136197246 and parameters: {'k1': 0.015382390951896072, 'D_low': 16.518617760236296, 'k2': 0.00015712141069315792, 'D_high': 65819.31379860366, 'fire_exp': 0.3785332725193923, 'P_half': 3.0271931316671643, 'pre_dampen_half': 307.93255209737845, 'gpp_af': 1.103755385987973, 'gpp_b': 0.001134414985131119, 'gpp_d': 564.1734863533331, 'ign_k': 0.09780431036128466, 'ign_c': 0.14841160473461087, 'ign_k2': 4.691684189509699, 'ign_c2': 0.11877057413042137, 'rain_shift': 11.787497728413827}. Best is trial 0 with value: 0.5948382818560959.
[I 2026-05-22 17:38:12,299] Trial 155 finished with value: 0.503429829213725 and parameters: {'k1': 0.008117140070250621, 'D_low': 593.3313945635813, 'k2': 0.09920457775529634, 'D_high': 1153.714801144092, 'fire_exp': 0.8536769215465079, 'P_half': 0.15831205837285953, 'pre_dampen_half': 618.7897896541402, 'gpp_af': 21.460830559816625, 'gpp_b': 2.667782282974396e-06, 'gpp_d': 81.1261282931158, 'ign_k': 0.5496237418871145, 'ign_c': 0.3183200904046577, 'ign_k2': 2.437467412720993, 'ign_c2': 0.11613032145754239, 'rain_shift': 12.43518558919332}. Best is trial 0 with value: 0.5948382818560959.
[I 2026-05-22 17:38:12,843] Trial 156 finished with value: 0.570864145556496 and parameters: {'k1': 0.0443368169615275, 'D_low': 102.34184176453998, 'k2': 0.0008739109032187595, 'D_high': 16722.20314501669, 'fire_exp': 0.4775902417385302, 'P_half': 17.31860190657525, 'pre_dampen_half': 413.5431282994183, 'gpp_af': 0.026850738353896737, 'gpp_b': 1.1866260415508762e-05, 'gpp_d': 1.5012478164002419, 'ign_k': 0.48791082920310075, 'ign_c': 0.10763047016679514, 'ign_k2': 3.2763142138216206, 'ign_c2': 0.2622155738468007, 'rain_shift': 9.272909127473739}. Best is trial 0 with value: 0.5948382818560959.
[I 2026-05-22 17:38:13,386] Trial 157 finished with value: 0.5856495976388137 and parameters: {'k1': 0.012973711146412733, 'D_low': 21.076455390121307, 'k2': 0.027460588460674864, 'D_high': 4203.355166502379, 'fire_exp': 0.36136174373957075, 'P_half': 112.06075358263521, 'pre_dampen_half': 26.430016718728044, 'gpp_af': 0.03685341548627933, 'gpp_b': 3.506180028470833e-05, 'gpp_d': 551.972418865155, 'ign_k': 2.3731034508946944, 'ign_c': 0.27254309176623387, 'ign_k2': 1.963769111394093, 'ign_c2': 0.20991032240559843, 'rain_shift': 7.817114478310351}. Best is trial 0 with value: 0.5948382818560959.
[I 2026-05-22 17:38:13,927] Trial 158 finished with value: 0.5734610104567277 and parameters: {'k1': 0.05614955585589707, 'D_low': 34.357057441562105, 'k2': 0.0018175831776203206, 'D_high': 16535.53220398058, 'fire_exp': 0.49815932995667284, 'P_half': 47.849029207222436, 'pre_dampen_half': 239.38417763761723, 'gpp_af': 0.04680784138900545, 'gpp_b': 5.825737488902342e-05, 'gpp_d': 38.66913017005879, 'ign_k': 0.007967285368026423, 'ign_c': 0.6838790089385258, 'ign_k2': 2.239000817427221, 'ign_c2': 0.15897213575305308, 'rain_shift': 14.331334338354207}. Best is trial 0 with value: 0.5948382818560959.
[I 2026-05-22 17:38:14,470] Trial 159 finished with value: 0.5691692032090581 and parameters: {'k1': 0.03053265405949218, 'D_low': 43.058807323568615, 'k2': 0.0007109576202463798, 'D_high': 27071.01409974677, 'fire_exp': 0.4880019198196277, 'P_half': 0.7935980943921895, 'pre_dampen_half': 28.344603933072236, 'gpp_af': 0.026623441976780862, 'gpp_b': 2.6909597693601473e-05, 'gpp_d': 5.071130863867326, 'ign_k': 0.0013016088431269167, 'ign_c': 1.1447011868211943, 'ign_k2': 1.2000106611540913, 'ign_c2': 0.17081077414108942, 'rain_shift': 10.81339690317849}. Best is trial 0 with value: 0.5948382818560959.
[I 2026-05-22 17:38:15,014] Trial 160 finished with value: 0.5730057191887193 and parameters: {'k1': 0.03412423402457302, 'D_low': 44.38745058569545, 'k2': 0.0019190883356930647, 'D_high': 24002.199897772643, 'fire_exp': 0.5759695746309771, 'P_half': 194.520510947232, 'pre_dampen_half': 59.17558943837769, 'gpp_af': 0.016473389678221033, 'gpp_b': 6.364203767954015e-06, 'gpp_d': 196.11355092310572, 'ign_k': 0.009657117813788736, 'ign_c': 0.5363485124949553, 'ign_k2': 7.251205070049739, 'ign_c2': 0.14224734289105723, 'rain_shift': 12.026459499724387}. Best is trial 0 with value: 0.5948382818560959.
[I 2026-05-22 17:38:15,557] Trial 161 finished with value: 0.5824489558565453 and parameters: {'k1': 0.08850184195436696, 'D_low': 28.702725327029654, 'k2': 0.021406789012298272, 'D_high': 11889.259986897247, 'fire_exp': 0.3837369692932346, 'P_half': 92.6694012897027, 'pre_dampen_half': 18.289467759923667, 'gpp_af': 4.147801715215602, 'gpp_b': 0.08519679954088981, 'gpp_d': 28.167391885263537, 'ign_k': 0.015324733131084753, 'ign_c': 0.8240317331040944, 'ign_k2': 9.03689331178536, 'ign_c2': 0.28200404072640867, 'rain_shift': 9.704390530349471}. Best is trial 0 with value: 0.5948382818560959.
[I 2026-05-22 17:38:16,096] Trial 162 finished with value: 0.5562612370280126 and parameters: {'k1': 0.08559398101664763, 'D_low': 16.628361951805807, 'k2': 0.03628872667909156, 'D_high': 14861.111778903763, 'fire_exp': 0.47226653394357354, 'P_half': 33.6923636854452, 'pre_dampen_half': 37.35193234216291, 'gpp_af': 5.106494112830864, 'gpp_b': 0.1500520446088798, 'gpp_d': 27.431587336491955, 'ign_k': 0.07155224997922499, 'ign_c': 1.0355974651821303, 'ign_k2': 8.730798496211797, 'ign_c2': 0.4887180662074932, 'rain_shift': 5.654840170905266}. Best is trial 0 with value: 0.5948382818560959.
[I 2026-05-22 17:38:16,640] Trial 163 finished with value: 0.533810258427803 and parameters: {'k1': 0.08357022322748864, 'D_low': 31.8529620931443, 'k2': 0.0007442858396982361, 'D_high': 30112.895961488393, 'fire_exp': 3.2511663674031706, 'P_half': 0.19543671764463977, 'pre_dampen_half': 143.08173330124583, 'gpp_af': 0.16088722491529023, 'gpp_b': 0.0012177372241251947, 'gpp_d': 1.9589889739306365, 'ign_k': 0.04608050947747121, 'ign_c': 0.34114651628835735, 'ign_k2': 5.558286020818923, 'ign_c2': 0.26991763218462755, 'rain_shift': 13.363270368858407}. Best is trial 0 with value: 0.5948382818560959.
[I 2026-05-22 17:38:17,187] Trial 164 finished with value: 0.5279588383991485 and parameters: {'k1': 0.008960799385248783, 'D_low': 8.81000117339895, 'k2': 0.017651523109497805, 'D_high': 229.68374735934088, 'fire_exp': 0.41957283603138945, 'P_half': 0.15188827227795648, 'pre_dampen_half': 99.6119595625384, 'gpp_af': 13.89513943506904, 'gpp_b': 0.0008688309236566333, 'gpp_d': 639.5892691167281, 'ign_k': 0.0420075757847215, 'ign_c': 0.1290513703314442, 'ign_k2': 3.1634960852192497, 'ign_c2': 1.0206388956108519, 'rain_shift': 13.976971988973371}. Best is trial 0 with value: 0.5948382818560959.
[I 2026-05-22 17:38:17,735] Trial 165 finished with value: 0.5600316748835147 and parameters: {'k1': 6.0922384710134216e-05, 'D_low': 53.15152107567832, 'k2': 8.903178447229078e-05, 'D_high': 2925.6132410959162, 'fire_exp': 0.5377559245054562, 'P_half': 0.11095735602706507, 'pre_dampen_half': 0.6068538251853742, 'gpp_af': 11.958737624750734, 'gpp_b': 1.6279760215958312e-06, 'gpp_d': 88.74021082212813, 'ign_k': 0.4782316925692722, 'ign_c': 0.2572931672860454, 'ign_k2': 2.7164107047459534, 'ign_c2': 0.5705131241207516, 'rain_shift': 6.451272243926182}. Best is trial 0 with value: 0.5948382818560959.
[I 2026-05-22 17:38:18,285] Trial 166 finished with value: 0.5014280946327047 and parameters: {'k1': 0.07768843301390332, 'D_low': 660.0220515223343, 'k2': 0.0010031227645753021, 'D_high': 98063.65904525924, 'fire_exp': 0.8161907503890977, 'P_half': 0.4224833760403686, 'pre_dampen_half': 36.13127166492836, 'gpp_af': 4.213847163350754, 'gpp_b': 0.0004677033753244363, 'gpp_d': 1.7660822471854296, 'ign_k': 0.06748519597229487, 'ign_c': 0.3783421838500089, 'ign_k2': 0.8101138203117226, 'ign_c2': 0.18553905618489847, 'rain_shift': 13.516438109675422}. Best is trial 0 with value: 0.5948382818560959.
[I 2026-05-22 17:38:18,829] Trial 167 finished with value: 0.5796616579457744 and parameters: {'k1': 0.00028443475309892943, 'D_low': 8.359208405596448, 'k2': 0.0009006094732625871, 'D_high': 2930.7281702471696, 'fire_exp': 0.46468173255626904, 'P_half': 0.3157457534272995, 'pre_dampen_half': 175.42298434735545, 'gpp_af': 4.6657279115033345, 'gpp_b': 8.994109521731645e-05, 'gpp_d': 642.1174988690719, 'ign_k': 0.9019283730288032, 'ign_c': 2.9439731472774957, 'ign_k2': 4.402573663459014, 'ign_c2': 0.16320615544510872, 'rain_shift': 12.46491554964219}. Best is trial 0 with value: 0.5948382818560959.
[I 2026-05-22 17:38:19,372] Trial 168 finished with value: 0.5552396533467906 and parameters: {'k1': 0.014856624480550647, 'D_low': 25.68079035160398, 'k2': 0.009200244997224818, 'D_high': 3178.872745975858, 'fire_exp': 0.46538200044340716, 'P_half': 1391.7086199649593, 'pre_dampen_half': 7.959127428247161, 'gpp_af': 12.421317228334408, 'gpp_b': 0.18841532574534198, 'gpp_d': 742.6531471664707, 'ign_k': 0.027224060063496938, 'ign_c': 1.6071915269612589, 'ign_k2': 5.535854825898067, 'ign_c2': 0.6649020129157336, 'rain_shift': 12.52286540229023}. Best is trial 0 with value: 0.5948382818560959.
[I 2026-05-22 17:38:19,923] Trial 169 finished with value: 0.5745295443761388 and parameters: {'k1': 0.0019418596535028029, 'D_low': 1.2693946865256274, 'k2': 0.0013969767911842315, 'D_high': 3500.6498853743847, 'fire_exp': 0.3972110008462558, 'P_half': 0.14845454290230795, 'pre_dampen_half': 24.102189633296085, 'gpp_af': 0.8584706305353224, 'gpp_b': 0.00014747764609407353, 'gpp_d': 307.5029418327588, 'ign_k': 1.9663044400442393, 'ign_c': 0.28829597790612327, 'ign_k2': 1.4060850909412297, 'ign_c2': 0.10161689948508405, 'rain_shift': 9.239090374130809}. Best is trial 0 with value: 0.5948382818560959.
[I 2026-05-22 17:38:20,466] Trial 170 finished with value: 0.4776647861648115 and parameters: {'k1': 0.0009783396560173359, 'D_low': 22.679293255713684, 'k2': 0.09510820964362189, 'D_high': 86.33554994948966, 'fire_exp': 0.7386975464633323, 'P_half': 1.1085918029828674, 'pre_dampen_half': 189.86411859285576, 'gpp_af': 36.28188578910443, 'gpp_b': 0.00799438170030801, 'gpp_d': 6.039990812361067, 'ign_k': 0.2479682614746511, 'ign_c': 0.12467028138897694, 'ign_k2': 0.31806363090152023, 'ign_c2': 0.10658532966543206, 'rain_shift': 13.402583885109564}. Best is trial 0 with value: 0.5948382818560959.
[I 2026-05-22 17:38:21,010] Trial 171 finished with value: 0.5782697858896466 and parameters: {'k1': 0.013083302012658848, 'D_low': 1.4623415900980195, 'k2': 0.0013428977068288654, 'D_high': 2839.132407396107, 'fire_exp': 0.3897797168544123, 'P_half': 0.47053500948217053, 'pre_dampen_half': 7.962773514683134, 'gpp_af': 1.038137061741795, 'gpp_b': 0.008259644315901414, 'gpp_d': 463.18153918880665, 'ign_k': 6.707686896577322, 'ign_c': 0.12816789827472447, 'ign_k2': 2.423418846453908, 'ign_c2': 0.544296187385124, 'rain_shift': 17.089022302379817}. Best is trial 0 with value: 0.5948382818560959.
[I 2026-05-22 17:38:21,562] Trial 172 finished with value: 0.5813492825535356 and parameters: {'k1': 0.00011249899393441924, 'D_low': 1.7115349230974437, 'k2': 0.004420210864574528, 'D_high': 4497.358164241075, 'fire_exp': 0.4947302849304571, 'P_half': 0.5877665709176843, 'pre_dampen_half': 11.99455865702985, 'gpp_af': 0.037749118900435495, 'gpp_b': 0.00034088702145425044, 'gpp_d': 364.43103794378953, 'ign_k': 0.11824727694577111, 'ign_c': 0.7826370997951512, 'ign_k2': 1.5906795539574894, 'ign_c2': 0.13263701017676083, 'rain_shift': 7.6882713495470085}. Best is trial 0 with value: 0.5948382818560959.
[I 2026-05-22 17:38:22,107] Trial 173 finished with value: 0.5804651906062143 and parameters: {'k1': 0.01364194590762231, 'D_low': 34.68227192534189, 'k2': 0.00029936070693017936, 'D_high': 10667.48135938413, 'fire_exp': 0.3612068968874829, 'P_half': 3.9002916767828686, 'pre_dampen_half': 48.247815831767824, 'gpp_af': 5.776223029979545, 'gpp_b': 0.013584953561060192, 'gpp_d': 315.3522754650586, 'ign_k': 7.880700346915239, 'ign_c': 0.15773033661908098, 'ign_k2': 3.948128358165971, 'ign_c2': 0.3155645055010335, 'rain_shift': 15.898567565353963}. Best is trial 0 with value: 0.5948382818560959.
[I 2026-05-22 17:38:22,648] Trial 174 finished with value: 0.5343114034373637 and parameters: {'k1': 0.015967014572832512, 'D_low': 29.572896430059, 'k2': 0.0006234885715004289, 'D_high': 14546.430524071642, 'fire_exp': 0.8851962510320208, 'P_half': 17.31212856612179, 'pre_dampen_half': 22.435455689505826, 'gpp_af': 4.466154052188263, 'gpp_b': 2.2772923953015134, 'gpp_d': 98.75225990965004, 'ign_k': 6.351615320625587, 'ign_c': 0.6148945288586909, 'ign_k2': 1.8635187223430683, 'ign_c2': 0.17642914735980283, 'rain_shift': 16.191365912654522}. Best is trial 0 with value: 0.5948382818560959.
[I 2026-05-22 17:38:23,195] Trial 175 finished with value: 0.5225120094241907 and parameters: {'k1': 0.005655005772819034, 'D_low': 9.23028743427167, 'k2': 0.0002706733025769375, 'D_high': 4131.911680153764, 'fire_exp': 0.3954568048075243, 'P_half': 0.18377916968840033, 'pre_dampen_half': 13.761330187593964, 'gpp_af': 0.14099844942461529, 'gpp_b': 0.37931527001796383, 'gpp_d': 294.33937611465217, 'ign_k': 8.301868365635507, 'ign_c': 0.21077360415433097, 'ign_k2': 2.617452036305094, 'ign_c2': 0.5572359558916167, 'rain_shift': 18.043308685149754}. Best is trial 0 with value: 0.5948382818560959.
[I 2026-05-22 17:38:23,739] Trial 176 finished with value: 0.5653058679921248 and parameters: {'k1': 0.00020193268950301574, 'D_low': 63.67339308747252, 'k2': 0.004115976606547466, 'D_high': 7862.889869457302, 'fire_exp': 0.6430376188023839, 'P_half': 0.1541432426947829, 'pre_dampen_half': 70.17832668281977, 'gpp_af': 6.041910843176151, 'gpp_b': 8.14206298953848e-05, 'gpp_d': 117.87028269430719, 'ign_k': 0.8754855340153191, 'ign_c': 0.18511896431240293, 'ign_k2': 0.8399464762068952, 'ign_c2': 0.6002043944863731, 'rain_shift': 12.074669378643739}. Best is trial 0 with value: 0.5948382818560959.
[I 2026-05-22 17:38:24,280] Trial 177 finished with value: 0.3994490055432051 and parameters: {'k1': 0.0008954217160086831, 'D_low': 104.51694912776689, 'k2': 0.0003017579651253391, 'D_high': 12136.837259510536, 'fire_exp': 0.4713484067580975, 'P_half': 12.226736712485806, 'pre_dampen_half': 928.4805976965167, 'gpp_af': 0.34289880774969306, 'gpp_b': 0.000576812604066356, 'gpp_d': 66.73728395269747, 'ign_k': 4.184452264817488, 'ign_c': 72.18305048676542, 'ign_k2': 4.734524510531246, 'ign_c2': 0.6133743946096566, 'rain_shift': 9.858823151153297}. Best is trial 0 with value: 0.5948382818560959.
[I 2026-05-22 17:38:24,823] Trial 178 finished with value: 0.5504251952602919 and parameters: {'k1': 5.4265955890720354e-05, 'D_low': 2.300368192493177, 'k2': 0.001464751373079039, 'D_high': 604.4921527949649, 'fire_exp': 0.5749140950628274, 'P_half': 0.20950223516818317, 'pre_dampen_half': 5.729964588395708, 'gpp_af': 0.01055215754435045, 'gpp_b': 5.3477674607587284e-05, 'gpp_d': 113.68283223149578, 'ign_k': 0.45344665021626324, 'ign_c': 2.0580286950412336, 'ign_k2': 3.6717479345322963, 'ign_c2': 0.5842568376822689, 'rain_shift': 3.8051359327258147}. Best is trial 0 with value: 0.5948382818560959.
