[setup] family=annual_p_hump model=ED-C1-annual_p_hump trials=500 cap=5.0
[setup] land cells=13826
[baseline internal] 0.556238473431252 {'overall': 0.5557386882923935, 'bias': 0.6854441569214613, 'rmse': 0.3791775084770357, 'seas': 0.850878126893102, 'spatial': 0.3543106720642645}
/Users/adithyasrinivasan/Projects/creativity-docs/exp-workspaces/exp_04/hermes/base/scripts/research_model_variants.py:168: ExperimentalWarning: Argument ``multivariate`` is an experimental feature. The interface can change in the future.
  sampler=optuna.samplers.TPESampler(seed=SEED, multivariate=True)
[I 2026-05-22 17:32:07,300] A new study created in memory with name: no-name-f7236d87-b0a1-403e-ae58-7eb79eb7a8bf
[I 2026-05-22 17:32:07,759] Trial 0 finished with value: 0.5562543919534721 and parameters: {'k1': 0.02128012643297453, 'D_low': 33.107928264466416, 'k2': 0.0032479995010666245, 'D_high': 3020.3711370643746, 'fire_exp': 0.5746291131439772, 'P_half': 3.1845074798114754, 'pre_dampen_half': 5.714386941567207, 'gpp_af': 0.4621796973523708, 'gpp_b': 5.190713720036356e-05, 'gpp_d': 128.62113841235993, 'ign_k': 0.8146117322506592, 'ign_c': 20.126441845162326, 'P_wet_supp': 316.22776601683796, 'P_wet_pow': 0.5, 'P_half2': 31.622776601683793, 'P_floor_pow': 0.5}. Best is trial 0 with value: 0.5562543919534721.
[I 2026-05-22 17:32:08,301] Trial 1 finished with value: 0.3994490055432051 and parameters: {'k1': 0.0024588177508408663, 'D_low': 505.76365554531026, 'k2': 0.00015744430785460893, 'D_high': 8374.542128252584, 'fire_exp': 2.4359771925544855, 'P_half': 1109.4004765669947, 'pre_dampen_half': 0.06858711268769915, 'gpp_af': 0.036368454253018066, 'gpp_b': 0.0003202734055529712, 'gpp_d': 2.875653106184188, 'ign_k': 0.09136775591903566, 'ign_c': 378.1286205477457, 'P_wet_supp': 35.25588136396692, 'P_wet_pow': 1.8377523213832823, 'P_half2': 1129.6848427903324, 'P_floor_pow': 1.7005618065673405}. Best is trial 0 with value: 0.5562543919534721.
[I 2026-05-22 17:32:08,853] Trial 2 finished with value: 0.3994490055432051 and parameters: {'k1': 0.0011906989891093689, 'D_low': 11.1296343276662, 'k2': 3.339737727315804e-05, 'D_high': 30.879392704315492, 'fire_exp': 2.2245573186713385, 'P_half': 0.1402550584748984, 'pre_dampen_half': 10.32465633257837, 'gpp_af': 5.680828363767345, 'gpp_b': 5.539812019357872e-05, 'gpp_d': 0.09736182549408293, 'ign_k': 0.1976169716731975, 'ign_c': 404.7563569393517, 'P_wet_supp': 353.7116074362902, 'P_wet_pow': 2.035933275719663, 'P_half2': 38.67664097427878, 'P_floor_pow': 4.690085812396237}. Best is trial 0 with value: 0.5562543919534721.
[I 2026-05-22 17:32:09,390] Trial 3 finished with value: 0.44777479571424683 and parameters: {'k1': 0.02521348513293144, 'D_low': 5.035143273489597, 'k2': 0.001200263408011371, 'D_high': 1054.5262812100482, 'fire_exp': 1.1260254604058166, 'P_half': 0.2260548436288466, 'pre_dampen_half': 7.58420455588194, 'gpp_af': 0.1019913892653256, 'gpp_b': 2.3983106006055834, 'gpp_d': 110.77137808325851, 'ign_k': 0.0033746407958910956, 'ign_c': 72.35318788392128, 'P_wet_supp': 109.64497788851544, 'P_wet_pow': 3.091336878749901, 'P_half2': 2.7380928542208918, 'P_floor_pow': 4.928570066343543}. Best is trial 0 with value: 0.5562543919534721.
[I 2026-05-22 17:32:09,937] Trial 4 finished with value: 0.3994490055432051 and parameters: {'k1': 0.00012270230055608992, 'D_low': 1894.8117641863741, 'k2': 0.0025007103253156964, 'D_high': 7617.616207511062, 'fire_exp': 8.741399403947362, 'P_half': 0.29126346068722625, 'pre_dampen_half': 1.894747627558692, 'gpp_af': 25.86671019125769, 'gpp_b': 0.0765467843050798, 'gpp_d': 0.40387076593248833, 'ign_k': 0.028129836988872694, 'ign_c': 86.01017396593292, 'P_wet_supp': 737.2710662477855, 'P_wet_pow': 1.1304957918724146, 'P_half2': 8194.530660705153, 'P_floor_pow': 2.031514826156964}. Best is trial 0 with value: 0.5562543919534721.
[I 2026-05-22 17:32:10,485] Trial 5 finished with value: 0.4622759904130895 and parameters: {'k1': 0.007342435540203464, 'D_low': 16.625758542619913, 'k2': 0.003951283774859128, 'D_high': 313.34324817536304, 'fire_exp': 1.1969580406956952, 'P_half': 0.1337437528150829, 'pre_dampen_half': 0.5499620346163098, 'gpp_af': 0.2744084861626371, 'gpp_b': 0.0005324735037596017, 'gpp_d': 0.6619881051482795, 'ign_k': 0.09336551192696599, 'ign_c': 0.13952131994901318, 'P_wet_supp': 47.468924542017966, 'P_wet_pow': 0.7154056615901773, 'P_half2': 1001.8594430264794, 'P_floor_pow': 3.396359575111525}. Best is trial 0 with value: 0.5562543919534721.
[I 2026-05-22 17:32:11,032] Trial 6 finished with value: 0.4273316788206262 and parameters: {'k1': 3.462776514045672e-05, 'D_low': 134.92203089701704, 'k2': 0.011907475153590046, 'D_high': 159.24568929521058, 'fire_exp': 1.38333097900104, 'P_half': 8.253087767041523, 'pre_dampen_half': 761.4202009187021, 'gpp_af': 0.4901000822962771, 'gpp_b': 2.362981653656823, 'gpp_d': 0.08052554883941643, 'ign_k': 0.013493796232347963, 'ign_c': 0.2119735203725026, 'P_wet_supp': 21.250326158626407, 'P_wet_pow': 3.0254457988968793, 'P_half2': 355.2487860370951, 'P_floor_pow': 1.6349337054733544}. Best is trial 0 with value: 0.5562543919534721.
[I 2026-05-22 17:32:11,581] Trial 7 finished with value: 0.43009529170338695 and parameters: {'k1': 0.00833593101749036, 'D_low': 1936.9989484335467, 'k2': 0.0005169536281081815, 'D_high': 52.759470501600276, 'fire_exp': 0.48673218135072294, 'P_half': 165.40119030486798, 'pre_dampen_half': 24.87614160906338, 'gpp_af': 0.5270651879009507, 'gpp_b': 0.0003562777418582088, 'gpp_d': 0.026821013073470117, 'ign_k': 0.005720483390846643, 'ign_c': 825.4194309617649, 'P_wet_supp': 12.2516443345307, 'P_wet_pow': 2.4608232710446702, 'P_half2': 0.18861052765196126, 'P_floor_pow': 3.379897815189277}. Best is trial 0 with value: 0.5562543919534721.
[I 2026-05-22 17:32:12,125] Trial 8 finished with value: 0.3994490055432051 and parameters: {'k1': 7.726846476206575e-05, 'D_low': 8207.105681866542, 'k2': 0.0003624886001313094, 'D_high': 81140.17829670661, 'fire_exp': 3.1709666519525834, 'P_half': 397.7344745429521, 'pre_dampen_half': 17.5626721037711, 'gpp_af': 0.0013751892979050613, 'gpp_b': 0.21602749761308987, 'gpp_d': 35.95941160766872, 'ign_k': 0.09147378028298725, 'ign_c': 4.623952655666689, 'P_wet_supp': 514.5312436710443, 'P_wet_pow': 0.3863730776821963, 'P_half2': 1424.7509459462988, 'P_floor_pow': 4.78632292682115}. Best is trial 0 with value: 0.5562543919534721.
[I 2026-05-22 17:32:12,673] Trial 9 finished with value: 0.40835123088198266 and parameters: {'k1': 4.327190432050599e-05, 'D_low': 21.352929061421847, 'k2': 0.028412924150771485, 'D_high': 16.66250232340306, 'fire_exp': 2.289728142692307, 'P_half': 3.0712450179224424, 'pre_dampen_half': 0.7683144834807516, 'gpp_af': 29.856084252973833, 'gpp_b': 2.7347763850686955e-06, 'gpp_d': 13.068989827852784, 'ign_k': 1.9140527632050333, 'ign_c': 1.5217567867236461, 'P_wet_supp': 22.421112572102075, 'P_wet_pow': 3.224662155830538, 'P_half2': 407.7234850607117, 'P_floor_pow': 3.183615581852319}. Best is trial 0 with value: 0.5562543919534721.
[I 2026-05-22 17:32:13,222] Trial 10 finished with value: 0.44949109660710684 and parameters: {'k1': 0.005265991335145199, 'D_low': 108.9354827146535, 'k2': 0.0033806704261268553, 'D_high': 748.18718105369, 'fire_exp': 0.566531448385626, 'P_half': 0.1386334519568464, 'pre_dampen_half': 0.15110589280476772, 'gpp_af': 71.05058521847445, 'gpp_b': 0.00019632072358877846, 'gpp_d': 19.74717596760518, 'ign_k': 2.7591016166208164, 'ign_c': 27.69116465598199, 'P_wet_supp': 1013.9426236030018, 'P_wet_pow': 0.6587778214273173, 'P_half2': 52.33313880256597, 'P_floor_pow': 1.092575970395993}. Best is trial 0 with value: 0.5562543919534721.
[I 2026-05-22 17:32:13,771] Trial 11 finished with value: 0.4593328094962387 and parameters: {'k1': 0.06932388121751971, 'D_low': 70.55172279168028, 'k2': 0.0010460196789274336, 'D_high': 35.476915840604775, 'fire_exp': 1.6512093338744094, 'P_half': 1.1772465830900927, 'pre_dampen_half': 0.11708765566766483, 'gpp_af': 0.5148919929956162, 'gpp_b': 6.489598870668123e-05, 'gpp_d': 0.45725905393441146, 'ign_k': 1.624195702941884, 'ign_c': 0.20291071756729095, 'P_wet_supp': 13.92129165800545, 'P_wet_pow': 0.5547216496537465, 'P_half2': 5777.444949362144, 'P_floor_pow': 2.8756747920403503}. Best is trial 0 with value: 0.5562543919534721.
[I 2026-05-22 17:32:14,317] Trial 12 finished with value: 0.4545683562373813 and parameters: {'k1': 0.0001927230419474936, 'D_low': 2.443378047820832, 'k2': 0.0005198692624786993, 'D_high': 898.2695861665343, 'fire_exp': 2.7752615492465615, 'P_half': 0.20863555201808226, 'pre_dampen_half': 0.9737578260908446, 'gpp_af': 0.02138555741251763, 'gpp_b': 0.0011224475255184926, 'gpp_d': 3.6826837971743025, 'ign_k': 0.17887710941732338, 'ign_c': 0.2389200185998155, 'P_wet_supp': 29.642552833325794, 'P_wet_pow': 0.5046308965062477, 'P_half2': 16.840356412705816, 'P_floor_pow': 3.181695661947231}. Best is trial 0 with value: 0.5562543919534721.
[I 2026-05-22 17:32:14,866] Trial 13 finished with value: 0.46808173854546675 and parameters: {'k1': 0.030495359598634465, 'D_low': 86.10144304484976, 'k2': 0.029354833801971236, 'D_high': 879.0649901667357, 'fire_exp': 0.6860977210288599, 'P_half': 519.6451397270894, 'pre_dampen_half': 4.639868348222345, 'gpp_af': 0.09393412793330834, 'gpp_b': 0.0008254270189070454, 'gpp_d': 6.039870472013169, 'ign_k': 0.8225778072269795, 'ign_c': 11.907995351336321, 'P_wet_supp': 85.94506461133426, 'P_wet_pow': 1.2449741809647958, 'P_half2': 82.06084589422002, 'P_floor_pow': 1.5789685112177094}. Best is trial 0 with value: 0.5562543919534721.
[I 2026-05-22 17:32:15,415] Trial 14 finished with value: 0.5065815563853807 and parameters: {'k1': 0.0028872653446890377, 'D_low': 12.553112547193923, 'k2': 0.033738922532416345, 'D_high': 4828.790542921903, 'fire_exp': 0.35481042130423085, 'P_half': 0.44377991929924987, 'pre_dampen_half': 4.062221376991496, 'gpp_af': 0.29472458435550514, 'gpp_b': 3.284502021402529e-06, 'gpp_d': 19.902620389651524, 'ign_k': 0.03071039999166149, 'ign_c': 24.599331862870045, 'P_wet_supp': 155.48902021772247, 'P_wet_pow': 0.5767945887100271, 'P_half2': 110.54672036758943, 'P_floor_pow': 0.6630690375661369}. Best is trial 0 with value: 0.5562543919534721.
[I 2026-05-22 17:32:15,964] Trial 15 finished with value: 0.41734951223189753 and parameters: {'k1': 0.005631058058009144, 'D_low': 86.78618929422095, 'k2': 0.07285875874227304, 'D_high': 97.52876753647891, 'fire_exp': 0.5107185083529915, 'P_half': 0.2979343395881319, 'pre_dampen_half': 7.7817529143704505, 'gpp_af': 0.03285415578389262, 'gpp_b': 2.903210420093682e-05, 'gpp_d': 67.53567121019893, 'ign_k': 0.04249636760795027, 'ign_c': 200.28243218945136, 'P_wet_supp': 183.66086490852075, 'P_wet_pow': 2.090786844953523, 'P_half2': 23.392679902217573, 'P_floor_pow': 0.4669516474326234}. Best is trial 0 with value: 0.5562543919534721.
[I 2026-05-22 17:32:16,515] Trial 16 finished with value: 0.48172506297647116 and parameters: {'k1': 0.0010811091043408758, 'D_low': 2.1923321895899024, 'k2': 0.01798214504143779, 'D_high': 4682.106220249676, 'fire_exp': 0.8683026078756837, 'P_half': 0.6030353482957368, 'pre_dampen_half': 1.4626221530446608, 'gpp_af': 2.433808476230529, 'gpp_b': 0.0001004384633082915, 'gpp_d': 1.6749698107693796, 'ign_k': 0.018450556909184755, 'ign_c': 7.519163089237613, 'P_wet_supp': 341.2373949707914, 'P_wet_pow': 0.4614216039975867, 'P_half2': 130.9763071436594, 'P_floor_pow': 0.24024553704810875}. Best is trial 0 with value: 0.5562543919534721.
[I 2026-05-22 17:32:17,064] Trial 17 finished with value: 0.3994490055432051 and parameters: {'k1': 0.026290527317899555, 'D_low': 63.37225655231194, 'k2': 0.0023887594297388338, 'D_high': 28637.06979501151, 'fire_exp': 0.8064186553919975, 'P_half': 9.234791193909492, 'pre_dampen_half': 220.5569402566653, 'gpp_af': 0.7604460024307761, 'gpp_b': 6.1878411367604946e-06, 'gpp_d': 209.89511863901237, 'ign_k': 0.4726475886704516, 'ign_c': 127.39982774145427, 'P_wet_supp': 2126.8455982281444, 'P_wet_pow': 1.0231582080248267, 'P_half2': 4.252967057623488, 'P_floor_pow': 1.4002909866293978}. Best is trial 0 with value: 0.5562543919534721.
[I 2026-05-22 17:32:17,614] Trial 18 finished with value: 0.3994490055432051 and parameters: {'k1': 0.027736617649010368, 'D_low': 2.8061640239272303, 'k2': 0.009010951061589955, 'D_high': 1131.713456821789, 'fire_exp': 0.6389386990816907, 'P_half': 1.4523518311936174, 'pre_dampen_half': 6.856363883748887, 'gpp_af': 0.8221340450425636, 'gpp_b': 6.588142066529638e-06, 'gpp_d': 190.9576427706846, 'ign_k': 0.7637527624809004, 'ign_c': 94.05845645597523, 'P_wet_supp': 17.925296218129542, 'P_wet_pow': 0.3227791372584181, 'P_half2': 6.369872747042876, 'P_floor_pow': 1.0956430373311146}. Best is trial 0 with value: 0.5562543919534721.
[I 2026-05-22 17:32:18,165] Trial 19 finished with value: 0.5048056675163353 and parameters: {'k1': 0.0009399030395899988, 'D_low': 144.98357115790103, 'k2': 0.002905135376330905, 'D_high': 12617.037999224294, 'fire_exp': 0.3513557741270915, 'P_half': 30.358655138234983, 'pre_dampen_half': 2.2289317830034863, 'gpp_af': 0.14125922306208008, 'gpp_b': 7.73129094885631e-06, 'gpp_d': 216.09125122678847, 'ign_k': 0.0011949156112294405, 'ign_c': 36.7292354856242, 'P_wet_supp': 210.2570845902873, 'P_wet_pow': 2.1849427882359977, 'P_half2': 3.9432828357730094, 'P_floor_pow': 1.168026254620355}. Best is trial 0 with value: 0.5562543919534721.
[I 2026-05-22 17:32:18,713] Trial 20 finished with value: 0.4912532704815029 and parameters: {'k1': 0.0008047025870298983, 'D_low': 479.2808500937369, 'k2': 0.004162837153509457, 'D_high': 13388.187922947873, 'fire_exp': 1.0188000969535131, 'P_half': 15.109619093353528, 'pre_dampen_half': 1.645341834555741, 'gpp_af': 0.19284189478411468, 'gpp_b': 2.169453101103614e-05, 'gpp_d': 165.52394493716122, 'ign_k': 0.6942430222754936, 'ign_c': 1.164010154180422, 'P_wet_supp': 160.66792885632873, 'P_wet_pow': 0.11765811711482649, 'P_half2': 440.7491524561543, 'P_floor_pow': 0.7527821527932723}. Best is trial 0 with value: 0.5562543919534721.
[I 2026-05-22 17:32:19,261] Trial 21 finished with value: 0.5029158491398688 and parameters: {'k1': 0.002295810205882045, 'D_low': 161.82138105254464, 'k2': 0.00037145948889086874, 'D_high': 31090.46815212897, 'fire_exp': 0.4441778697791001, 'P_half': 51.0943794907326, 'pre_dampen_half': 6.698182790577383, 'gpp_af': 0.005347494100884835, 'gpp_b': 7.206670435800995e-06, 'gpp_d': 3.176577571484737, 'ign_k': 0.006644537674153333, 'ign_c': 105.71827010508746, 'P_wet_supp': 311.33644056330553, 'P_wet_pow': 1.9594669133823652, 'P_half2': 1.3299798623385302, 'P_floor_pow': 0.9355395970913222}. Best is trial 0 with value: 0.5562543919534721.
[I 2026-05-22 17:32:19,801] Trial 22 finished with value: 0.4713980608603012 and parameters: {'k1': 0.00037340820741767243, 'D_low': 119.58557901065168, 'k2': 0.011168555903206801, 'D_high': 1680.9577779185595, 'fire_exp': 0.5218931188446672, 'P_half': 46.08664762961736, 'pre_dampen_half': 0.7102977517817061, 'gpp_af': 0.22827591169615655, 'gpp_b': 2.2342709575255087e-05, 'gpp_d': 87.72939664473779, 'ign_k': 0.0024137894784495547, 'ign_c': 0.9854086269001601, 'P_wet_supp': 202.36636571834578, 'P_wet_pow': 1.4894791909615552, 'P_half2': 2.63144932996278, 'P_floor_pow': 1.6808489346369335}. Best is trial 0 with value: 0.5562543919534721.
[I 2026-05-22 17:32:20,344] Trial 23 finished with value: 0.4726169832235546 and parameters: {'k1': 0.001992144835771677, 'D_low': 66.44852400401588, 'k2': 0.008253322622355768, 'D_high': 18065.66062516184, 'fire_exp': 0.48207300111912943, 'P_half': 77.88477643746471, 'pre_dampen_half': 12.961265154933711, 'gpp_af': 0.48936410609729813, 'gpp_b': 2.4819511579231516e-05, 'gpp_d': 47.22161620778424, 'ign_k': 0.0011891254369272722, 'ign_c': 423.79826604532724, 'P_wet_supp': 52.01528613799736, 'P_wet_pow': 2.5272372550409816, 'P_half2': 14.582811475139538, 'P_floor_pow': 0.41591775691246613}. Best is trial 0 with value: 0.5562543919534721.
[I 2026-05-22 17:32:20,883] Trial 24 finished with value: 0.4967468106335822 and parameters: {'k1': 0.009040814223641558, 'D_low': 2.8940104940627216, 'k2': 0.04492807385334556, 'D_high': 80151.37072907171, 'fire_exp': 0.43429145434408084, 'P_half': 1.126199120240143, 'pre_dampen_half': 58.70007726151908, 'gpp_af': 0.08589764898942252, 'gpp_b': 0.0006092330307252478, 'gpp_d': 190.5459590967756, 'ign_k': 0.04243555176149897, 'ign_c': 0.7646503180037926, 'P_wet_supp': 20.88091209267671, 'P_wet_pow': 0.4257017141095438, 'P_half2': 1637.8899307722704, 'P_floor_pow': 0.5456364807319094}. Best is trial 0 with value: 0.5562543919534721.
[I 2026-05-22 17:32:21,420] Trial 25 finished with value: 0.5362639512009035 and parameters: {'k1': 0.002561298149946655, 'D_low': 104.86952720094273, 'k2': 8.946185081641959e-05, 'D_high': 39519.91323949522, 'fire_exp': 0.6193140060492853, 'P_half': 0.6681027611985784, 'pre_dampen_half': 1.0739017675453555, 'gpp_af': 0.03275218974393553, 'gpp_b': 0.00021179915922261007, 'gpp_d': 587.46080616551, 'ign_k': 0.002179888350856315, 'ign_c': 4.543442163515887, 'P_wet_supp': 5345.9342797821055, 'P_wet_pow': 1.5870011731028812, 'P_half2': 4.118015908428329, 'P_floor_pow': 2.2191744934776905}. Best is trial 0 with value: 0.5562543919534721.
[I 2026-05-22 17:32:21,958] Trial 26 finished with value: 0.46241983143125026 and parameters: {'k1': 0.009416119588641714, 'D_low': 47.223860465168215, 'k2': 3.0186798933856757e-05, 'D_high': 7606.123191768816, 'fire_exp': 1.8579918184027502, 'P_half': 2.1337810583083865, 'pre_dampen_half': 0.13144018206726896, 'gpp_af': 0.16226153904381604, 'gpp_b': 0.0004981680046551242, 'gpp_d': 87.07462546208453, 'ign_k': 0.0013267346611773763, 'ign_c': 5.479167389445525, 'P_wet_supp': 3312.1858318511267, 'P_wet_pow': 1.6408611086929084, 'P_half2': 1.0041781160018692, 'P_floor_pow': 2.893058341250594}. Best is trial 0 with value: 0.5562543919534721.
[I 2026-05-22 17:32:22,500] Trial 27 finished with value: 0.5477666033372479 and parameters: {'k1': 0.006361625235630311, 'D_low': 69.37408501018828, 'k2': 2.5846563555116974e-05, 'D_high': 74199.59681517188, 'fire_exp': 0.45583169535458573, 'P_half': 0.34537694751677567, 'pre_dampen_half': 0.27271270582462204, 'gpp_af': 0.9941448945510475, 'gpp_b': 3.4064276768905397e-06, 'gpp_d': 604.3447483724347, 'ign_k': 0.008633307094126885, 'ign_c': 5.029180402463623, 'P_wet_supp': 3337.8124105918914, 'P_wet_pow': 1.9435257766372658, 'P_half2': 8.12868537369216, 'P_floor_pow': 0.16670656612822565}. Best is trial 0 with value: 0.5562543919534721.
[I 2026-05-22 17:32:23,038] Trial 28 finished with value: 0.49255691810961405 and parameters: {'k1': 0.0002888527622534857, 'D_low': 323.9157572482927, 'k2': 1.2349843861617809e-05, 'D_high': 93295.5403486119, 'fire_exp': 0.7671509681820854, 'P_half': 0.33313889629951315, 'pre_dampen_half': 0.2658856488613994, 'gpp_af': 2.7406222354129923, 'gpp_b': 1.92174676867032e-06, 'gpp_d': 65.14527375068326, 'ign_k': 0.008721036101589925, 'ign_c': 0.614839060729842, 'P_wet_supp': 746.1560290521419, 'P_wet_pow': 1.4060100185000661, 'P_half2': 52.09861850705703, 'P_floor_pow': 0.4866297430054961}. Best is trial 0 with value: 0.5562543919534721.
[I 2026-05-22 17:32:23,582] Trial 29 finished with value: 0.540133600745347 and parameters: {'k1': 0.030217994550421366, 'D_low': 11.54482380010353, 'k2': 1.022400250885391e-05, 'D_high': 3461.238474585639, 'fire_exp': 0.5166011005833634, 'P_half': 12.334603852723298, 'pre_dampen_half': 3.7366897044399834, 'gpp_af': 0.21904191299300863, 'gpp_b': 7.6233437044419425e-06, 'gpp_d': 418.4538103527108, 'ign_k': 0.019824621621412904, 'ign_c': 1.3213991710380855, 'P_wet_supp': 2569.421719624419, 'P_wet_pow': 2.9343459219381405, 'P_half2': 11.556247763145372, 'P_floor_pow': 0.23022936875095246}. Best is trial 0 with value: 0.5562543919534721.
[I 2026-05-22 17:32:24,128] Trial 30 finished with value: 0.49321511276492 and parameters: {'k1': 0.07660718418268646, 'D_low': 1.3069135354236434, 'k2': 2.4715472361355346e-05, 'D_high': 132.7924269351613, 'fire_exp': 0.48115014194776173, 'P_half': 33.04435131829594, 'pre_dampen_half': 65.52421782956456, 'gpp_af': 0.15610911099807775, 'gpp_b': 5.6814428655074633e-05, 'gpp_d': 83.39405319109643, 'ign_k': 0.02397350236302038, 'ign_c': 0.3759102247926279, 'P_wet_supp': 528.2431106261313, 'P_wet_pow': 3.3372752106580257, 'P_half2': 3.493485368544205, 'P_floor_pow': 1.7613573406192036}. Best is trial 0 with value: 0.5562543919534721.
[I 2026-05-22 17:32:24,665] Trial 31 finished with value: 0.5328592877250469 and parameters: {'k1': 0.00018949164657630096, 'D_low': 13.937650935026479, 'k2': 3.4851421405547266e-05, 'D_high': 16833.516568298677, 'fire_exp': 0.41106996380817384, 'P_half': 2.0105288095427403, 'pre_dampen_half': 30.379304454075186, 'gpp_af': 0.24925359013180695, 'gpp_b': 0.0011498661632099911, 'gpp_d': 499.69485899163374, 'ign_k': 0.003092348974134607, 'ign_c': 15.59339663461052, 'P_wet_supp': 7848.42745297027, 'P_wet_pow': 2.20576443334545, 'P_half2': 33.05633786071421, 'P_floor_pow': 1.7925041778455941}. Best is trial 0 with value: 0.5562543919534721.
[I 2026-05-22 17:32:25,207] Trial 32 finished with value: 0.49904920271934244 and parameters: {'k1': 0.0005396253353149977, 'D_low': 15.496024015597275, 'k2': 1.6575018440254362e-05, 'D_high': 981.0725321551541, 'fire_exp': 0.7028806167419218, 'P_half': 113.23394747487818, 'pre_dampen_half': 0.3124703684829072, 'gpp_af': 0.035877051970875685, 'gpp_b': 7.021955079685104e-05, 'gpp_d': 139.6176491958436, 'ign_k': 0.034338922604466714, 'ign_c': 0.5792830363160244, 'P_wet_supp': 2943.6688522996637, 'P_wet_pow': 3.483058829738556, 'P_half2': 4.16088792618409, 'P_floor_pow': 0.07677128164690464}. Best is trial 0 with value: 0.5562543919534721.
