[I 2026-05-22 17:55:41,684] Trial 70 finished with value: 0.5963580161851684 and parameters: {'WG_amp': 0.8449696518306204, 'WG_Phalf': 2080.098023936316, 'WG_k': 23.780422558652003, 'WG_c': 0.026849013254338795, 'rate_power': 1.2109627824680447}. Best is trial 32 with value: 0.6091129350493659.
[I 2026-05-22 17:55:41,981] Trial 71 finished with value: 0.5797002436560043 and parameters: {'WG_amp': 0.08025078582134954, 'WG_Phalf': 455.9844327883815, 'WG_k': 0.4074869751023915, 'WG_c': 0.7825177815684258, 'rate_power': 0.7047642169814536}. Best is trial 32 with value: 0.6091129350493659.
[I 2026-05-22 17:55:42,273] Trial 72 finished with value: 0.6056281255301457 and parameters: {'WG_amp': 0.7995235119175785, 'WG_Phalf': 3209.7930824051364, 'WG_k': 33.77256736655432, 'WG_c': 1.455684983150838, 'rate_power': 1.0781053762646433}. Best is trial 32 with value: 0.6091129350493659.
[I 2026-05-22 17:55:42,565] Trial 73 finished with value: 0.6059527557241732 and parameters: {'WG_amp': 0.49645460837533184, 'WG_Phalf': 1159.323700982098, 'WG_k': 1.0359223213672888, 'WG_c': 1.2755103102535672, 'rate_power': 1.249541414321601}. Best is trial 32 with value: 0.6091129350493659.
[I 2026-05-22 17:55:42,856] Trial 74 finished with value: 0.5946811755833081 and parameters: {'WG_amp': 0.4173956420570607, 'WG_Phalf': 4832.928073993206, 'WG_k': 0.022190932614010405, 'WG_c': 0.10737332275532205, 'rate_power': 0.8534403623059108}. Best is trial 32 with value: 0.6091129350493659.
[I 2026-05-22 17:55:43,151] Trial 75 finished with value: 0.6002679608603401 and parameters: {'WG_amp': 0.8932115996823837, 'WG_Phalf': 1069.9568023126703, 'WG_k': 30.42592568580937, 'WG_c': 0.2575802484836919, 'rate_power': 1.2673656262219022}. Best is trial 32 with value: 0.6091129350493659.
[I 2026-05-22 17:55:43,442] Trial 76 finished with value: 0.6083020573907173 and parameters: {'WG_amp': 0.6833536427124796, 'WG_Phalf': 2286.1241470251507, 'WG_k': 38.39070011250249, 'WG_c': 0.6367118976847803, 'rate_power': 1.180451004543903}. Best is trial 32 with value: 0.6091129350493659.
[I 2026-05-22 17:55:43,737] Trial 77 finished with value: 0.6023115240657259 and parameters: {'WG_amp': 0.6228261212130821, 'WG_Phalf': 1654.4980458133057, 'WG_k': 27.05030603902281, 'WG_c': 0.1757434348153808, 'rate_power': 1.2995389009111555}. Best is trial 32 with value: 0.6091129350493659.
[I 2026-05-22 17:55:44,029] Trial 78 finished with value: 0.6083055037263542 and parameters: {'WG_amp': 0.8337314752518485, 'WG_Phalf': 3671.0102065472875, 'WG_k': 42.99550447236563, 'WG_c': 0.6744558149149855, 'rate_power': 1.1944944166519427}. Best is trial 32 with value: 0.6091129350493659.
[I 2026-05-22 17:55:44,321] Trial 79 finished with value: 0.6071458504693108 and parameters: {'WG_amp': 0.6293140648282327, 'WG_Phalf': 2481.683970160383, 'WG_k': 78.12713237357681, 'WG_c': 1.265976734606525, 'rate_power': 1.135707833912003}. Best is trial 32 with value: 0.6091129350493659.
[I 2026-05-22 17:55:44,613] Trial 80 finished with value: 0.6049123175036933 and parameters: {'WG_amp': 0.8622180400814231, 'WG_Phalf': 3292.678528398204, 'WG_k': 45.191874822690025, 'WG_c': 0.19712647019665114, 'rate_power': 1.2417125390768127}. Best is trial 32 with value: 0.6091129350493659.
[I 2026-05-22 17:55:44,901] Trial 81 finished with value: 0.6068456269863484 and parameters: {'WG_amp': 0.8898328692618999, 'WG_Phalf': 4052.145793882678, 'WG_k': 87.37316599718802, 'WG_c': 1.7061940030863545, 'rate_power': 1.1643669692707947}. Best is trial 32 with value: 0.6091129350493659.
[I 2026-05-22 17:55:45,193] Trial 82 finished with value: 0.6032964029363899 and parameters: {'WG_amp': 0.8677831861206334, 'WG_Phalf': 3552.841652800355, 'WG_k': 0.06866738187982754, 'WG_c': 0.11970014227578421, 'rate_power': 1.0234170857960052}. Best is trial 32 with value: 0.6091129350493659.
[I 2026-05-22 17:55:45,489] Trial 83 finished with value: 0.6054738581829886 and parameters: {'WG_amp': 0.16452468222466643, 'WG_Phalf': 251.22826654373748, 'WG_k': 3.0922873603489758, 'WG_c': 0.0011914405185136877, 'rate_power': 1.1522910332109622}. Best is trial 32 with value: 0.6091129350493659.
[I 2026-05-22 17:55:45,783] Trial 84 finished with value: 0.604916959484819 and parameters: {'WG_amp': 0.7165895453577705, 'WG_Phalf': 3639.6146334870646, 'WG_k': 7.935280574929964, 'WG_c': 0.11361196261505775, 'rate_power': 1.1138874817295141}. Best is trial 32 with value: 0.6091129350493659.
[I 2026-05-22 17:55:46,079] Trial 85 finished with value: 0.6091243602338557 and parameters: {'WG_amp': 0.715589595696467, 'WG_Phalf': 1097.4946949517907, 'WG_k': 8.901060911800085, 'WG_c': 1.0421161616185848, 'rate_power': 1.2257896170225742}. Best is trial 85 with value: 0.6091243602338557.
[I 2026-05-22 17:55:46,374] Trial 86 finished with value: 0.606918820534865 and parameters: {'WG_amp': 0.8873643782699736, 'WG_Phalf': 1173.8103803256313, 'WG_k': 5.578266365618403, 'WG_c': 2.773656290594968, 'rate_power': 1.1782194933271986}. Best is trial 85 with value: 0.6091243602338557.
[I 2026-05-22 17:55:46,675] Trial 87 finished with value: 0.6061391352172281 and parameters: {'WG_amp': 0.022928547899494056, 'WG_Phalf': 1507.8370551494488, 'WG_k': 90.19054676864516, 'WG_c': 0.16471092371396634, 'rate_power': 1.1174717203659323}. Best is trial 85 with value: 0.6091243602338557.
[I 2026-05-22 17:55:46,969] Trial 88 finished with value: 0.607265814067445 and parameters: {'WG_amp': 0.7023287519378085, 'WG_Phalf': 2185.8779531322566, 'WG_k': 9.881198595813945, 'WG_c': 3.027447175171038, 'rate_power': 1.209683220462146}. Best is trial 85 with value: 0.6091243602338557.
[I 2026-05-22 17:55:47,262] Trial 89 finished with value: 0.5991729138830879 and parameters: {'WG_amp': 0.7798355252507776, 'WG_Phalf': 537.3519373433941, 'WG_k': 0.022448844858629087, 'WG_c': 2.364978993827021, 'rate_power': 1.0541588338722636}. Best is trial 85 with value: 0.6091243602338557.
[I 2026-05-22 17:55:47,555] Trial 90 finished with value: 0.5922011312807173 and parameters: {'WG_amp': 0.6726860702209354, 'WG_Phalf': 118.4949404368533, 'WG_k': 1.740752489406506, 'WG_c': 0.274497287931013, 'rate_power': 1.2218252790312187}. Best is trial 85 with value: 0.6091243602338557.
[I 2026-05-22 17:55:47,852] Trial 91 finished with value: 0.5969879967926703 and parameters: {'WG_amp': 0.5713672794885277, 'WG_Phalf': 691.3932688556916, 'WG_k': 1.0139621672676025, 'WG_c': 3.7385774855248353, 'rate_power': 0.8926707686212589}. Best is trial 85 with value: 0.6091243602338557.
[I 2026-05-22 17:55:48,147] Trial 92 finished with value: 0.6074990866699619 and parameters: {'WG_amp': 0.6916592847136438, 'WG_Phalf': 861.6880817972425, 'WG_k': 21.840415644587306, 'WG_c': 2.0838663136592834, 'rate_power': 1.2739956054797485}. Best is trial 85 with value: 0.6091243602338557.
[I 2026-05-22 17:55:48,437] Trial 93 finished with value: 0.6041749051589927 and parameters: {'WG_amp': 0.18648810981283992, 'WG_Phalf': 697.8068745184542, 'WG_k': 0.013746275109616757, 'WG_c': 0.0001640313455607084, 'rate_power': 1.041045282198387}. Best is trial 85 with value: 0.6091243602338557.
[I 2026-05-22 17:55:48,732] Trial 94 finished with value: 0.6084167481869526 and parameters: {'WG_amp': 0.8154397693720914, 'WG_Phalf': 1114.1875895875655, 'WG_k': 21.61340879182096, 'WG_c': 0.7115391501864105, 'rate_power': 1.0771150330289783}. Best is trial 85 with value: 0.6091243602338557.
[I 2026-05-22 17:55:49,023] Trial 95 finished with value: 0.6050760063845285 and parameters: {'WG_amp': 0.8161624882893761, 'WG_Phalf': 1495.7180852919676, 'WG_k': 7.986072791401942, 'WG_c': 0.4537234373934941, 'rate_power': 0.9703947818635824}. Best is trial 85 with value: 0.6091243602338557.
[I 2026-05-22 17:55:49,319] Trial 96 finished with value: 0.6009243686743772 and parameters: {'WG_amp': 0.7339214685888152, 'WG_Phalf': 1266.396620693234, 'WG_k': 96.2287708137237, 'WG_c': 0.09609777158683275, 'rate_power': 1.020310033125027}. Best is trial 85 with value: 0.6091243602338557.
[I 2026-05-22 17:55:49,615] Trial 97 finished with value: 0.606285492823133 and parameters: {'WG_amp': 0.6353263102227736, 'WG_Phalf': 1543.985406186121, 'WG_k': 3.4677342433174525, 'WG_c': 0.5812032018484166, 'rate_power': 1.2630966839997673}. Best is trial 85 with value: 0.6091243602338557.
[I 2026-05-22 17:55:49,909] Trial 98 finished with value: 0.6063847115161192 and parameters: {'WG_amp': 0.6872914034351643, 'WG_Phalf': 1111.0133904548716, 'WG_k': 81.11039020523116, 'WG_c': 8.815985639778917, 'rate_power': 1.1384668543014673}. Best is trial 85 with value: 0.6091243602338557.
[I 2026-05-22 17:55:50,203] Trial 99 finished with value: 0.5986510128248537 and parameters: {'WG_amp': 0.5911687656303588, 'WG_Phalf': 343.05296191040725, 'WG_k': 5.279123577501687, 'WG_c': 0.0006254098624798283, 'rate_power': 0.9828192740592656}. Best is trial 85 with value: 0.6091243602338557.
[I 2026-05-22 17:55:50,498] Trial 100 finished with value: 0.593799696894257 and parameters: {'WG_amp': 0.8102305255293438, 'WG_Phalf': 719.2078116133827, 'WG_k': 10.85350962334523, 'WG_c': 0.0843587125118075, 'rate_power': 1.1056205265815207}. Best is trial 85 with value: 0.6091243602338557.
[I 2026-05-22 17:55:50,795] Trial 101 finished with value: 0.6059886765039658 and parameters: {'WG_amp': 0.582029709200434, 'WG_Phalf': 454.6328655848357, 'WG_k': 5.8957167533739465, 'WG_c': 1.2374990640910926, 'rate_power': 1.0283270192321823}. Best is trial 85 with value: 0.6091243602338557.
[I 2026-05-22 17:55:51,094] Trial 102 finished with value: 0.6083954876800913 and parameters: {'WG_amp': 0.7259484844409732, 'WG_Phalf': 1041.7018163107919, 'WG_k': 3.5038780279090638, 'WG_c': 1.2854759015762727, 'rate_power': 1.2268094448213396}. Best is trial 85 with value: 0.6091243602338557.
[I 2026-05-22 17:55:51,383] Trial 103 finished with value: 0.583311246207624 and parameters: {'WG_amp': 0.22025608013148953, 'WG_Phalf': 169.56380213678574, 'WG_k': 0.015152748531550997, 'WG_c': 0.15344985976472014, 'rate_power': 0.7090916927709863}. Best is trial 85 with value: 0.6091243602338557.
[I 2026-05-22 17:55:51,675] Trial 104 finished with value: 0.600766669852325 and parameters: {'WG_amp': 0.8089563840574028, 'WG_Phalf': 1219.0237159222206, 'WG_k': 5.316847233551148, 'WG_c': 0.24917175398391744, 'rate_power': 1.2471734385863549}. Best is trial 85 with value: 0.6091243602338557.
[I 2026-05-22 17:55:51,972] Trial 105 finished with value: 0.6054892955724919 and parameters: {'WG_amp': 0.5921409666476933, 'WG_Phalf': 892.5081298569788, 'WG_k': 2.113277874019272, 'WG_c': 7.9234228544113074, 'rate_power': 1.0907278612362523}. Best is trial 85 with value: 0.6091243602338557.
[I 2026-05-22 17:55:52,268] Trial 106 finished with value: 0.6090653681445097 and parameters: {'WG_amp': 0.8341833321385211, 'WG_Phalf': 1050.9905622701276, 'WG_k': 18.328533518838743, 'WG_c': 0.9574266850779708, 'rate_power': 1.1348373280257824}. Best is trial 85 with value: 0.6091243602338557.
[I 2026-05-22 17:55:52,563] Trial 107 finished with value: 0.6078697559303728 and parameters: {'WG_amp': 0.8221875255384616, 'WG_Phalf': 659.8859072370984, 'WG_k': 53.09118187499692, 'WG_c': 0.8866613113406081, 'rate_power': 1.0298619422170734}. Best is trial 85 with value: 0.6091243602338557.
[I 2026-05-22 17:55:52,857] Trial 108 finished with value: 0.603696475350653 and parameters: {'WG_amp': 0.7070534463653952, 'WG_Phalf': 1114.516533925648, 'WG_k': 7.37896211130136, 'WG_c': 0.2459198976974694, 'rate_power': 1.1490000012102388}. Best is trial 85 with value: 0.6091243602338557.
[I 2026-05-22 17:55:53,153] Trial 109 finished with value: 0.6093678241045462 and parameters: {'WG_amp': 0.8065671777068193, 'WG_Phalf': 511.2853738161843, 'WG_k': 5.59318996148842, 'WG_c': 1.0230022445315181, 'rate_power': 1.1967355722207296}. Best is trial 109 with value: 0.6093678241045462.
[I 2026-05-22 17:55:53,448] Trial 110 finished with value: 0.6074101090590873 and parameters: {'WG_amp': 0.8204277514506404, 'WG_Phalf': 600.2247668172267, 'WG_k': 2.510895552027937, 'WG_c': 3.0662370512340873, 'rate_power': 1.2215237723015404}. Best is trial 109 with value: 0.6093678241045462.
[I 2026-05-22 17:55:53,744] Trial 111 finished with value: 0.5989684997326077 and parameters: {'WG_amp': 0.7679821372195808, 'WG_Phalf': 332.7755322312096, 'WG_k': 3.0347944627698804, 'WG_c': 0.26722372236601544, 'rate_power': 1.1002879383933952}. Best is trial 109 with value: 0.6093678241045462.
[I 2026-05-22 17:55:54,036] Trial 112 finished with value: 0.6088842151900169 and parameters: {'WG_amp': 0.868123107436191, 'WG_Phalf': 1101.5973402150269, 'WG_k': 27.069784991875633, 'WG_c': 0.6862309428853453, 'rate_power': 1.140274842524234}. Best is trial 109 with value: 0.6093678241045462.
[I 2026-05-22 17:55:54,331] Trial 113 finished with value: 0.6088926358234902 and parameters: {'WG_amp': 0.8940212025151203, 'WG_Phalf': 1042.3886480048911, 'WG_k': 63.548867943594665, 'WG_c': 1.1200431933850468, 'rate_power': 1.1623510247511837}. Best is trial 109 with value: 0.6093678241045462.
[I 2026-05-22 17:55:54,627] Trial 114 finished with value: 0.6054990032499306 and parameters: {'WG_amp': 0.5877418877764592, 'WG_Phalf': 122.64912306683438, 'WG_k': 31.90628412956573, 'WG_c': 0.3530731145330554, 'rate_power': 1.0313895369486255}. Best is trial 109 with value: 0.6093678241045462.
[I 2026-05-22 17:55:54,920] Trial 115 finished with value: 0.6071238551929962 and parameters: {'WG_amp': 0.7957006352297405, 'WG_Phalf': 944.0341479985028, 'WG_k': 75.76760581137187, 'WG_c': 1.4468656235082056, 'rate_power': 1.139407138832695}. Best is trial 109 with value: 0.6093678241045462.
[I 2026-05-22 17:55:55,216] Trial 116 finished with value: 0.6045431166876037 and parameters: {'WG_amp': 0.8316349348813769, 'WG_Phalf': 803.451915602858, 'WG_k': 7.652593856823011, 'WG_c': 0.3669344015228101, 'rate_power': 1.1423114843042752}. Best is trial 109 with value: 0.6093678241045462.
[I 2026-05-22 17:55:55,509] Trial 117 finished with value: 0.5942891080841842 and parameters: {'WG_amp': 0.6836521042860353, 'WG_Phalf': 151.44621354714133, 'WG_k': 12.246876576685182, 'WG_c': 0.2573355494769258, 'rate_power': 1.2788974940977025}. Best is trial 109 with value: 0.6093678241045462.
[I 2026-05-22 17:55:55,799] Trial 118 finished with value: 0.6079492920575388 and parameters: {'WG_amp': 0.8451457062199459, 'WG_Phalf': 1249.4169311868736, 'WG_k': 14.94938260636456, 'WG_c': 0.5275475899799646, 'rate_power': 1.1279433184584788}. Best is trial 109 with value: 0.6093678241045462.
[I 2026-05-22 17:55:56,092] Trial 119 finished with value: 0.6094587772589308 and parameters: {'WG_amp': 0.752668425591464, 'WG_Phalf': 665.762237286741, 'WG_k': 9.671429777246711, 'WG_c': 0.8716256933063626, 'rate_power': 1.2213922583842838}. Best is trial 119 with value: 0.6094587772589308.
[I 2026-05-22 17:55:56,383] Trial 120 finished with value: 0.606646721168798 and parameters: {'WG_amp': 0.86309803928085, 'WG_Phalf': 527.8945409031222, 'WG_k': 11.758950166981517, 'WG_c': 4.723153425054646, 'rate_power': 1.158362429477697}. Best is trial 119 with value: 0.6094587772589308.
[I 2026-05-22 17:55:56,684] Trial 121 finished with value: 0.5903358698963648 and parameters: {'WG_amp': 0.1831274812356763, 'WG_Phalf': 210.97083140804057, 'WG_k': 17.18129428790619, 'WG_c': 1.2902670386566144, 'rate_power': 0.8060747619788887}. Best is trial 119 with value: 0.6094587772589308.
[I 2026-05-22 17:55:56,979] Trial 122 finished with value: 0.5969581587238845 and parameters: {'WG_amp': 0.6753431744563263, 'WG_Phalf': 458.8643646836191, 'WG_k': 3.9583598423740165, 'WG_c': 0.24002608299280298, 'rate_power': 1.2475998049465495}. Best is trial 119 with value: 0.6094587772589308.
[I 2026-05-22 17:55:57,276] Trial 123 finished with value: 0.6051229662267191 and parameters: {'WG_amp': 0.8634676555616086, 'WG_Phalf': 2077.7660222370996, 'WG_k': 0.6377142747989599, 'WG_c': 1.7631511557924004, 'rate_power': 1.2347944924901741}. Best is trial 119 with value: 0.6094587772589308.
[I 2026-05-22 17:55:57,572] Trial 124 finished with value: 0.6069432345321757 and parameters: {'WG_amp': 0.015580446779311474, 'WG_Phalf': 3998.5298839236384, 'WG_k': 8.554735651699993, 'WG_c': 9.599931496073046, 'rate_power': 1.1812074821413716}. Best is trial 119 with value: 0.6094587772589308.
[I 2026-05-22 17:55:57,867] Trial 125 finished with value: 0.6066464735571692 and parameters: {'WG_amp': 0.6464894467703317, 'WG_Phalf': 557.3964796551401, 'WG_k': 15.277581895316287, 'WG_c': 2.5056030827980162, 'rate_power': 1.158378434204548}. Best is trial 119 with value: 0.6094587772589308.
[I 2026-05-22 17:55:58,162] Trial 126 finished with value: 0.6092697869045705 and parameters: {'WG_amp': 0.8384971301265348, 'WG_Phalf': 467.9693721716984, 'WG_k': 45.846218829182476, 'WG_c': 0.7089493087214602, 'rate_power': 1.1561766203465076}. Best is trial 119 with value: 0.6094587772589308.
[I 2026-05-22 17:55:58,458] Trial 127 finished with value: 0.6096708420449738 and parameters: {'WG_amp': 0.8397038004776787, 'WG_Phalf': 353.1828633774556, 'WG_k': 15.591169432030318, 'WG_c': 0.7560228939405025, 'rate_power': 1.1044663079823838}. Best is trial 127 with value: 0.6096708420449738.
[I 2026-05-22 17:55:58,754] Trial 128 finished with value: 0.6093215090781884 and parameters: {'WG_amp': 0.8204838005376509, 'WG_Phalf': 518.470997065542, 'WG_k': 72.54957298803579, 'WG_c': 0.7481965916576685, 'rate_power': 1.1611773420409817}. Best is trial 127 with value: 0.6096708420449738.
[I 2026-05-22 17:55:59,048] Trial 129 finished with value: 0.5888554599963737 and parameters: {'WG_amp': 0.7936239978127175, 'WG_Phalf': 483.27114421306743, 'WG_k': 13.405054265725562, 'WG_c': 0.08974326200216046, 'rate_power': 1.1454876414570898}. Best is trial 127 with value: 0.6096708420449738.
[I 2026-05-22 17:55:59,346] Trial 130 finished with value: 0.6041389230192746 and parameters: {'WG_amp': 0.8866179016357614, 'WG_Phalf': 282.03663401238657, 'WG_k': 45.05856331027462, 'WG_c': 6.8434888940367875, 'rate_power': 1.04195776635959}. Best is trial 127 with value: 0.6096708420449738.
[I 2026-05-22 17:55:59,644] Trial 131 finished with value: 0.5972843519772315 and parameters: {'WG_amp': 0.7629243694810844, 'WG_Phalf': 282.57283513550914, 'WG_k': 74.34890591311641, 'WG_c': 0.1691715398464533, 'rate_power': 1.0022689806203693}. Best is trial 127 with value: 0.6096708420449738.
[I 2026-05-22 17:55:59,936] Trial 132 finished with value: 0.6068102142323891 and parameters: {'WG_amp': 0.7770581093572949, 'WG_Phalf': 580.9468634607377, 'WG_k': 26.63906848698483, 'WG_c': 0.4952499737701823, 'rate_power': 1.186909197961085}. Best is trial 127 with value: 0.6096708420449738.
[I 2026-05-22 17:56:00,239] Trial 133 finished with value: 0.6091485897639515 and parameters: {'WG_amp': 0.7848183562732121, 'WG_Phalf': 470.13286674233893, 'WG_k': 59.054927086298996, 'WG_c': 0.8798020199992378, 'rate_power': 1.0940952025379467}. Best is trial 127 with value: 0.6096708420449738.
[I 2026-05-22 17:56:00,528] Trial 134 finished with value: 0.6079914431858823 and parameters: {'WG_amp': 0.7581433104882129, 'WG_Phalf': 419.27119468325515, 'WG_k': 65.36816320771348, 'WG_c': 1.226076126229876, 'rate_power': 1.1146546187407902}. Best is trial 127 with value: 0.6096708420449738.
[I 2026-05-22 17:56:00,821] Trial 135 finished with value: 0.6042397102191526 and parameters: {'WG_amp': 0.8507308059139259, 'WG_Phalf': 1335.855039019669, 'WG_k': 49.86352481023191, 'WG_c': 3.0096767123905552, 'rate_power': 1.046019676352482}. Best is trial 127 with value: 0.6096708420449738.
[I 2026-05-22 17:56:01,119] Trial 136 finished with value: 0.604895969355297 and parameters: {'WG_amp': 0.8360078990631393, 'WG_Phalf': 175.293052222461, 'WG_k': 27.608665304290884, 'WG_c': 0.4474822862191452, 'rate_power': 1.0893317983173132}. Best is trial 127 with value: 0.6096708420449738.
[I 2026-05-22 17:56:01,410] Trial 137 finished with value: 0.6041583529114031 and parameters: {'WG_amp': 0.8744798287998822, 'WG_Phalf': 386.68698517910883, 'WG_k': 36.30124933247469, 'WG_c': 0.39115497197837046, 'rate_power': 1.0891184914620478}. Best is trial 127 with value: 0.6096708420449738.
[I 2026-05-22 17:56:01,706] Trial 138 finished with value: 0.6015819467559895 and parameters: {'WG_amp': 0.8867946579292163, 'WG_Phalf': 345.6168295977145, 'WG_k': 21.02739405760506, 'WG_c': 0.3690166014130747, 'rate_power': 1.1824442706444633}. Best is trial 127 with value: 0.6096708420449738.
[I 2026-05-22 17:56:02,004] Trial 139 finished with value: 0.6063733081223264 and parameters: {'WG_amp': 0.8172901523464827, 'WG_Phalf': 671.8643190777585, 'WG_k': 67.17536409746097, 'WG_c': 0.49495532241972073, 'rate_power': 1.2080750626493562}. Best is trial 127 with value: 0.6096708420449738.
[I 2026-05-22 17:56:02,295] Trial 140 finished with value: 0.6082139478071555 and parameters: {'WG_amp': 0.8692712162773808, 'WG_Phalf': 735.9823124280329, 'WG_k': 19.424634932870212, 'WG_c': 1.23088813766353, 'rate_power': 1.1274934526599718}. Best is trial 127 with value: 0.6096708420449738.
[I 2026-05-22 17:56:02,585] Trial 141 finished with value: 0.604761959797471 and parameters: {'WG_amp': 0.8730032598634931, 'WG_Phalf': 1101.0153821574295, 'WG_k': 9.640496290346556, 'WG_c': 1.5661486003289484, 'rate_power': 1.0394664474122188}. Best is trial 127 with value: 0.6096708420449738.
[I 2026-05-22 17:56:02,877] Trial 142 finished with value: 0.6082794001875285 and parameters: {'WG_amp': 0.4747087710034893, 'WG_Phalf': 363.76995685012423, 'WG_k': 15.773241490879377, 'WG_c': 0.6028995598175722, 'rate_power': 1.0963134670307673}. Best is trial 127 with value: 0.6096708420449738.
[I 2026-05-22 17:56:03,169] Trial 143 finished with value: 0.5986646079726394 and parameters: {'WG_amp': 0.8096550116623088, 'WG_Phalf': 636.887203291178, 'WG_k': 3.120283314143269, 'WG_c': 0.41940178979115816, 'rate_power': 1.2993764434033586}. Best is trial 127 with value: 0.6096708420449738.
