[I 2026-05-22 17:43:15,006] Trial 227 finished with value: 0.5657251329935459 and parameters: {'k1': 0.014750147713221695, 'D_low': 18.22706830560714, 'k2': 0.00637627174600198, 'D_high': 1347.8625817597822, 'fire_exp': 0.6033559409951893, 'P_half': 3903.7763863511195, 'pre_dampen_half': 60.650637119812096, 'gpp_af': 0.019389267168905995, 'gpp_b': 1.1362961382687142e-06, 'gpp_d': 9.357340095334092, 'ign_k': 4.561050423950247, 'ign_c': 4.1492198948622665, 'dryanom_half': 0.45320358315514647, 'dry_amp': 0.43723614814174244}. Best is trial 0 with value: 0.6103502735484728.
[I 2026-05-22 17:43:15,484] Trial 228 finished with value: 0.5640897219002531 and parameters: {'k1': 0.01990595156187301, 'D_low': 88.91287117294787, 'k2': 0.0019380275536685677, 'D_high': 1762.2904455062933, 'fire_exp': 0.46693493181772344, 'P_half': 4.642402008889006, 'pre_dampen_half': 15.80645023898689, 'gpp_af': 11.994961634702973, 'gpp_b': 2.854989749201717e-06, 'gpp_d': 39.03490510162452, 'ign_k': 0.823080501377117, 'ign_c': 7.2743682033502255, 'dryanom_half': 112.47391088339535, 'dry_amp': 0.01811603889174241}. Best is trial 0 with value: 0.6103502735484728.
[I 2026-05-22 17:43:15,962] Trial 229 finished with value: 0.5576496604159239 and parameters: {'k1': 0.05575395906637275, 'D_low': 67.16107037723965, 'k2': 0.00024820337171027287, 'D_high': 3643.551382693424, 'fire_exp': 0.4328104398814162, 'P_half': 309.41882086622064, 'pre_dampen_half': 9.56203531360346, 'gpp_af': 0.07646966454126497, 'gpp_b': 1.333638096328233e-05, 'gpp_d': 1.0466539674529274, 'ign_k': 0.06506854489090243, 'ign_c': 8.640017868825044, 'dryanom_half': 11.05420290749022, 'dry_amp': 0.057115911569189895}. Best is trial 0 with value: 0.6103502735484728.
[I 2026-05-22 17:43:16,444] Trial 230 finished with value: 0.3994490055432051 and parameters: {'k1': 0.09536572802290282, 'D_low': 11.372543879889857, 'k2': 0.06625874575260716, 'D_high': 405.32397510412716, 'fire_exp': 0.37795735092771915, 'P_half': 2139.7425915873646, 'pre_dampen_half': 282.7795907788965, 'gpp_af': 0.027222524025826284, 'gpp_b': 6.184398813875066e-05, 'gpp_d': 0.4943179907618223, 'ign_k': 2.5651512439815267, 'ign_c': 108.82947367414013, 'dryanom_half': 0.11273796094784717, 'dry_amp': 0.28983525871974797}. Best is trial 0 with value: 0.6103502735484728.
[I 2026-05-22 17:43:16,922] Trial 231 finished with value: 0.49857489191821236 and parameters: {'k1': 0.009632548461948515, 'D_low': 487.28444478389423, 'k2': 0.07609984903834928, 'D_high': 632.3120487157464, 'fire_exp': 0.5369134751984787, 'P_half': 1.9941872614841898, 'pre_dampen_half': 0.28086637274598486, 'gpp_af': 3.344829751666035, 'gpp_b': 7.109094097763823e-06, 'gpp_d': 195.7036130153708, 'ign_k': 0.16399178896658287, 'ign_c': 0.9367595009262965, 'dryanom_half': 4.3160482391739015, 'dry_amp': 0.1500115706405185}. Best is trial 0 with value: 0.6103502735484728.
[I 2026-05-22 17:43:17,397] Trial 232 finished with value: 0.5355405475923785 and parameters: {'k1': 0.04915926660793527, 'D_low': 334.83667448723514, 'k2': 0.06384976683831257, 'D_high': 20798.216558035074, 'fire_exp': 1.6467469982133227, 'P_half': 20.62888964358951, 'pre_dampen_half': 170.14251963034027, 'gpp_af': 0.0010027551406337995, 'gpp_b': 2.009818106788578e-06, 'gpp_d': 153.72484908722305, 'ign_k': 1.6561939360568478, 'ign_c': 10.719170122060452, 'dryanom_half': 0.5368109852218461, 'dry_amp': 0.2952622931138899}. Best is trial 0 with value: 0.6103502735484728.
[I 2026-05-22 17:43:17,874] Trial 233 finished with value: 0.5602381459381586 and parameters: {'k1': 0.05582924144494829, 'D_low': 6.07618074328404, 'k2': 0.07479484261618323, 'D_high': 1112.9657273903028, 'fire_exp': 0.42274734085938515, 'P_half': 2446.0646264969682, 'pre_dampen_half': 39.163852529987004, 'gpp_af': 0.0017171315373771757, 'gpp_b': 3.3829485777756943e-06, 'gpp_d': 1.199835215126837, 'ign_k': 4.338208390842922, 'ign_c': 4.536263302375676, 'dryanom_half': 0.23217785673951205, 'dry_amp': 0.5511250816013828}. Best is trial 0 with value: 0.6103502735484728.
[I 2026-05-22 17:43:18,355] Trial 234 finished with value: 0.5593392838126677 and parameters: {'k1': 0.004857763143149261, 'D_low': 123.1582737523082, 'k2': 3.0083480171236038e-05, 'D_high': 68.83158915305884, 'fire_exp': 0.3899180182347985, 'P_half': 0.9455828950230959, 'pre_dampen_half': 0.14959752044449126, 'gpp_af': 1.171111943325784, 'gpp_b': 1.309205814039622e-05, 'gpp_d': 0.4907604087563059, 'ign_k': 4.420889967877036, 'ign_c': 1.748420580116525, 'dryanom_half': 2.490654998554028, 'dry_amp': 0.2632088761840541}. Best is trial 0 with value: 0.6103502735484728.
[I 2026-05-22 17:43:18,830] Trial 235 finished with value: 0.3994490055432051 and parameters: {'k1': 0.000755124437304793, 'D_low': 1.4361195278916181, 'k2': 0.001381598674262506, 'D_high': 3683.6822054024556, 'fire_exp': 0.35038104241224555, 'P_half': 412.9606505693283, 'pre_dampen_half': 5.052059956690722, 'gpp_af': 0.0032345091346809318, 'gpp_b': 3.5333089623370427e-06, 'gpp_d': 2.163287362797672, 'ign_k': 8.950776983220514, 'ign_c': 74.7441828475855, 'dryanom_half': 23.02563841170801, 'dry_amp': 0.4081326702671325}. Best is trial 0 with value: 0.6103502735484728.
[I 2026-05-22 17:43:19,308] Trial 236 finished with value: 0.5433070083260526 and parameters: {'k1': 0.0008601272724982486, 'D_low': 21.026582548887323, 'k2': 1.2557954185153762e-05, 'D_high': 148.35049012122477, 'fire_exp': 0.44778478353996665, 'P_half': 68.69216870016207, 'pre_dampen_half': 13.192254754685006, 'gpp_af': 0.20429538325831204, 'gpp_b': 2.563069386651857e-05, 'gpp_d': 189.05407050784842, 'ign_k': 1.9638884344064105, 'ign_c': 0.4514209505292096, 'dryanom_half': 1.1235261839177713, 'dry_amp': 0.5668856370301727}. Best is trial 0 with value: 0.6103502735484728.
[I 2026-05-22 17:43:19,785] Trial 237 finished with value: 0.3994490055432051 and parameters: {'k1': 0.006242503876154909, 'D_low': 193.12626571245417, 'k2': 0.0001377146528159726, 'D_high': 84.99757037807164, 'fire_exp': 0.37375198353741357, 'P_half': 5534.233283049922, 'pre_dampen_half': 102.66995271074693, 'gpp_af': 0.05649500867972587, 'gpp_b': 1.7076885835902458e-05, 'gpp_d': 10.92187974204, 'ign_k': 1.2552402917093606, 'ign_c': 169.36879751792736, 'dryanom_half': 91.22599510337747, 'dry_amp': 0.18247700049355123}. Best is trial 0 with value: 0.6103502735484728.
[I 2026-05-22 17:43:20,264] Trial 238 finished with value: 0.561605049526443 and parameters: {'k1': 0.0014086880090657709, 'D_low': 24.657591616555298, 'k2': 2.628057225192299e-05, 'D_high': 40.2156595176051, 'fire_exp': 0.7970038802706789, 'P_half': 2.316730379980303, 'pre_dampen_half': 6.786302956337421, 'gpp_af': 1.2435541402351593, 'gpp_b': 7.757405979813971e-06, 'gpp_d': 156.47395245380122, 'ign_k': 3.0195884540945066, 'ign_c': 9.531854469983601, 'dryanom_half': 2.8387068365649086, 'dry_amp': 0.7706005875059317}. Best is trial 0 with value: 0.6103502735484728.
[I 2026-05-22 17:43:20,746] Trial 239 finished with value: 0.5568725583663371 and parameters: {'k1': 0.01627189083503002, 'D_low': 2.516542408663625, 'k2': 0.0003578904075672898, 'D_high': 7986.229074052883, 'fire_exp': 0.44023364940106147, 'P_half': 0.8057419925339854, 'pre_dampen_half': 6.2933804153219945, 'gpp_af': 0.10879127513475001, 'gpp_b': 1.944026308599721e-06, 'gpp_d': 168.34711665660728, 'ign_k': 3.736690555907549, 'ign_c': 7.39122060602647, 'dryanom_half': 7.4007080334915205, 'dry_amp': 0.46376745815817294}. Best is trial 0 with value: 0.6103502735484728.
[I 2026-05-22 17:43:21,221] Trial 240 finished with value: 0.40768272765539615 and parameters: {'k1': 0.046324301101718236, 'D_low': 1514.9801577212324, 'k2': 0.010918562424927124, 'D_high': 496.33835061374884, 'fire_exp': 0.7627778834711207, 'P_half': 83.13787060293834, 'pre_dampen_half': 27.604048206259247, 'gpp_af': 0.39988562433025904, 'gpp_b': 8.681681333668103e-06, 'gpp_d': 0.07559196314502364, 'ign_k': 4.603605562607345, 'ign_c': 11.09155368142443, 'dryanom_half': 1.605172602987738, 'dry_amp': 0.8990561838217113}. Best is trial 0 with value: 0.6103502735484728.
[I 2026-05-22 17:43:21,698] Trial 241 finished with value: 0.5338785437685273 and parameters: {'k1': 0.00041569772869923136, 'D_low': 5.259092022339109, 'k2': 3.6671479895365134e-05, 'D_high': 49.919159247238134, 'fire_exp': 0.6002632357148836, 'P_half': 10.432234255152277, 'pre_dampen_half': 0.1569312996314854, 'gpp_af': 3.6022864149167773, 'gpp_b': 1.5551840127820645e-05, 'gpp_d': 182.815073630636, 'ign_k': 2.517184000787142, 'ign_c': 1.8107277727717637, 'dryanom_half': 0.11279576318738777, 'dry_amp': 0.36539334750603547}. Best is trial 0 with value: 0.6103502735484728.
[I 2026-05-22 17:43:22,174] Trial 242 finished with value: 0.5833087751163585 and parameters: {'k1': 0.023084138285537126, 'D_low': 6.055590890870019, 'k2': 2.3985687974058827e-05, 'D_high': 181.49507559579268, 'fire_exp': 0.625106528436515, 'P_half': 6.191415150246497, 'pre_dampen_half': 4.592512713859782, 'gpp_af': 5.850165916625455, 'gpp_b': 9.745203968061956e-06, 'gpp_d': 9.638417455843902, 'ign_k': 5.733049443075329, 'ign_c': 12.496077347144286, 'dryanom_half': 0.41113312768563565, 'dry_amp': 0.4685931811359635}. Best is trial 0 with value: 0.6103502735484728.
[I 2026-05-22 17:43:22,654] Trial 243 finished with value: 0.507699432517131 and parameters: {'k1': 0.022549555642841276, 'D_low': 10.475943759882618, 'k2': 1.003197272122414e-05, 'D_high': 352.42329690469836, 'fire_exp': 1.8340390836878926, 'P_half': 18.613192074119667, 'pre_dampen_half': 81.54790358486063, 'gpp_af': 32.1935503644374, 'gpp_b': 6.554044878118372e-05, 'gpp_d': 12.734353948309682, 'ign_k': 2.612146680222497, 'ign_c': 0.6661036864730864, 'dryanom_half': 0.2361080546937286, 'dry_amp': 0.586497599597857}. Best is trial 0 with value: 0.6103502735484728.
[I 2026-05-22 17:43:23,130] Trial 244 finished with value: 0.5277561988753536 and parameters: {'k1': 0.0070218178415193235, 'D_low': 20.220306390893835, 'k2': 1.1016563020809698e-05, 'D_high': 42.477495089322055, 'fire_exp': 0.8483581854465397, 'P_half': 2.3847077334917435, 'pre_dampen_half': 0.2461124486555208, 'gpp_af': 7.507474451037476, 'gpp_b': 1.5569093681669206e-05, 'gpp_d': 9.108846373146275, 'ign_k': 8.24243464227849, 'ign_c': 11.443559667867257, 'dryanom_half': 1.688208851203476, 'dry_amp': 0.5162143393458151}. Best is trial 0 with value: 0.6103502735484728.
[I 2026-05-22 17:43:23,606] Trial 245 finished with value: 0.3994490055432051 and parameters: {'k1': 0.002871748256568772, 'D_low': 3.8498426538199264, 'k2': 1.2937344196764408e-05, 'D_high': 39.413446681757385, 'fire_exp': 0.3753440088740288, 'P_half': 1.092875145691368, 'pre_dampen_half': 1.7064160066785146, 'gpp_af': 0.026020231613981405, 'gpp_b': 2.6666735789513276e-06, 'gpp_d': 1.7203982078359523, 'ign_k': 1.3799243022112944, 'ign_c': 99.28292604349775, 'dryanom_half': 2.130107019168753, 'dry_amp': 0.6821650935811647}. Best is trial 0 with value: 0.6103502735484728.
[I 2026-05-22 17:43:24,087] Trial 246 finished with value: 0.4587691207557426 and parameters: {'k1': 0.018794906883677184, 'D_low': 7.351511552294046, 'k2': 0.03415602680947592, 'D_high': 120.75570883714617, 'fire_exp': 0.8870951831100543, 'P_half': 31.66892822691496, 'pre_dampen_half': 15.281550117032749, 'gpp_af': 0.020210262439964558, 'gpp_b': 1.6823468205378187e-06, 'gpp_d': 1.9087805072112751, 'ign_k': 3.7646301969524063, 'ign_c': 9.832538083832757, 'dryanom_half': 0.2858285618396982, 'dry_amp': 0.40109333453661683}. Best is trial 0 with value: 0.6103502735484728.
[I 2026-05-22 17:43:24,563] Trial 247 finished with value: 0.5815540753004164 and parameters: {'k1': 0.02550571054973727, 'D_low': 16.128729147259225, 'k2': 0.014444089863562435, 'D_high': 42752.34873325491, 'fire_exp': 1.3571925384875063, 'P_half': 317.96954127122416, 'pre_dampen_half': 16.669801518265153, 'gpp_af': 0.009666969685165096, 'gpp_b': 1.8802235153347928e-06, 'gpp_d': 0.10536050780967028, 'ign_k': 5.683465143704965, 'ign_c': 2.319732257224053, 'dryanom_half': 0.25476004228948435, 'dry_amp': 0.5724378211729386}. Best is trial 0 with value: 0.6103502735484728.
[I 2026-05-22 17:43:25,038] Trial 248 finished with value: 0.46114549244678893 and parameters: {'k1': 0.0011912920552375125, 'D_low': 8.371343676637007, 'k2': 0.007824970688643738, 'D_high': 53046.57868001104, 'fire_exp': 1.3536005390899897, 'P_half': 145.5830543115784, 'pre_dampen_half': 1.1266837899071913, 'gpp_af': 0.0020785784474158745, 'gpp_b': 0.00023292354045579254, 'gpp_d': 2.1960206477615274, 'ign_k': 6.527622691879552, 'ign_c': 24.781199585277744, 'dryanom_half': 1.2416671508358692, 'dry_amp': 0.6820408958643196}. Best is trial 0 with value: 0.6103502735484728.
[I 2026-05-22 17:43:25,518] Trial 249 finished with value: 0.5497277064498616 and parameters: {'k1': 0.005803799585092647, 'D_low': 82.96897897174388, 'k2': 0.06589428844424376, 'D_high': 17632.449546672888, 'fire_exp': 1.341449298362081, 'P_half': 285.8038186016862, 'pre_dampen_half': 3.8992326472386285, 'gpp_af': 0.05262545512688262, 'gpp_b': 1.660069322001148e-06, 'gpp_d': 0.19861883802513033, 'ign_k': 2.0774133727375643, 'ign_c': 0.5015016916243921, 'dryanom_half': 0.4441125069117944, 'dry_amp': 0.46559592340618744}. Best is trial 0 with value: 0.6103502735484728.
[I 2026-05-22 17:43:25,996] Trial 250 finished with value: 0.5555334513502518 and parameters: {'k1': 0.0021275664665023905, 'D_low': 56.73947966215791, 'k2': 0.00039251634040703734, 'D_high': 29.095369257885952, 'fire_exp': 0.3619021405992112, 'P_half': 54.884184512335125, 'pre_dampen_half': 4.203506501318454, 'gpp_af': 5.597307301959824, 'gpp_b': 2.2386094815455728e-05, 'gpp_d': 193.6385896940308, 'ign_k': 1.318861259881486, 'ign_c': 2.934692151875677, 'dryanom_half': 2.360572917754135, 'dry_amp': 0.11772104747485945}. Best is trial 0 with value: 0.6103502735484728.
[I 2026-05-22 17:43:26,478] Trial 251 finished with value: 0.5515393151020608 and parameters: {'k1': 0.006784775483421723, 'D_low': 2.031890564091418, 'k2': 7.544508332318417e-05, 'D_high': 839.0315346184399, 'fire_exp': 0.8087901773836637, 'P_half': 46.45187589858671, 'pre_dampen_half': 1.4094914496121926, 'gpp_af': 0.7962677281824764, 'gpp_b': 3.5798887796085685e-06, 'gpp_d': 4.223286999866224, 'ign_k': 4.007510030384006, 'ign_c': 10.032704464086487, 'dryanom_half': 0.1866053796859829, 'dry_amp': 0.490780460574783}. Best is trial 0 with value: 0.6103502735484728.
[I 2026-05-22 17:43:26,954] Trial 252 finished with value: 0.5465569447257066 and parameters: {'k1': 0.03163967422424491, 'D_low': 18.159868164923694, 'k2': 0.004505591935017817, 'D_high': 6627.03781569909, 'fire_exp': 2.4438796337245132, 'P_half': 90.96911318826486, 'pre_dampen_half': 6.996729522608188, 'gpp_af': 0.004147650525989435, 'gpp_b': 7.986185606139144e-05, 'gpp_d': 3.737409980918055, 'ign_k': 9.14686674482816, 'ign_c': 6.109025540217913, 'dryanom_half': 0.24279076654657064, 'dry_amp': 0.2765370294848927}. Best is trial 0 with value: 0.6103502735484728.
[I 2026-05-22 17:43:27,432] Trial 253 finished with value: 0.5674812006289489 and parameters: {'k1': 0.009423753215723614, 'D_low': 2.2611272264662245, 'k2': 0.0032297249605578787, 'D_high': 17351.100688432118, 'fire_exp': 0.8372331207381929, 'P_half': 43.517042637992596, 'pre_dampen_half': 12.275404924290727, 'gpp_af': 0.002959602336327808, 'gpp_b': 5.469341167551555e-06, 'gpp_d': 28.459852245109055, 'ign_k': 2.0493826217621076, 'ign_c': 1.401244872458213, 'dryanom_half': 0.47109219540390856, 'dry_amp': 0.6376214667975895}. Best is trial 0 with value: 0.6103502735484728.
[I 2026-05-22 17:43:27,908] Trial 254 finished with value: 0.3994490055432051 and parameters: {'k1': 0.08736603257881453, 'D_low': 8.860466425485404, 'k2': 0.01528860459154301, 'D_high': 3731.932156881819, 'fire_exp': 2.0224598338728557, 'P_half': 58.05637523331006, 'pre_dampen_half': 0.4240781770745764, 'gpp_af': 0.5006252384992173, 'gpp_b': 2.960641457452266e-06, 'gpp_d': 0.2546998809083921, 'ign_k': 7.5044023921200855, 'ign_c': 71.453164482522, 'dryanom_half': 0.8158882244240999, 'dry_amp': 0.5547569497018179}. Best is trial 0 with value: 0.6103502735484728.
[I 2026-05-22 17:43:28,387] Trial 255 finished with value: 0.3994490055432051 and parameters: {'k1': 0.0904387632251463, 'D_low': 11.164350650217068, 'k2': 1.7081482591230467e-05, 'D_high': 219.13646093735278, 'fire_exp': 0.3818099748779365, 'P_half': 89.21565640547335, 'pre_dampen_half': 2.5540893704979486, 'gpp_af': 0.13724144034806407, 'gpp_b': 1.2887644140882186e-06, 'gpp_d': 183.42144655690475, 'ign_k': 8.691393310504893, 'ign_c': 85.9195403267268, 'dryanom_half': 34.036647090795896, 'dry_amp': 0.18839888038845462}. Best is trial 0 with value: 0.6103502735484728.
[I 2026-05-22 17:43:28,866] Trial 256 finished with value: 0.3994490055432051 and parameters: {'k1': 0.010621421009807338, 'D_low': 8.350755258645924, 'k2': 0.0001400172883751618, 'D_high': 262.9139202233783, 'fire_exp': 0.5262469169312362, 'P_half': 0.26537878512729757, 'pre_dampen_half': 18.48048902183487, 'gpp_af': 22.7619357695107, 'gpp_b': 7.01031132207085e-05, 'gpp_d': 25.287661452908, 'ign_k': 9.873824891760565, 'ign_c': 44.0883073052514, 'dryanom_half': 0.2553307571602388, 'dry_amp': 0.3523913137226938}. Best is trial 0 with value: 0.6103502735484728.
[I 2026-05-22 17:43:29,339] Trial 257 finished with value: 0.5783223166927993 and parameters: {'k1': 0.027309924259750876, 'D_low': 12.317815236076681, 'k2': 0.005814510879728447, 'D_high': 43800.119207856944, 'fire_exp': 1.0202542366506981, 'P_half': 378.095478003388, 'pre_dampen_half': 9.477375108817872, 'gpp_af': 0.0016354186401110657, 'gpp_b': 3.6546837605256063e-06, 'gpp_d': 0.013490814984779234, 'ign_k': 0.5686821399380771, 'ign_c': 0.603761369658457, 'dryanom_half': 3.040957567777848, 'dry_amp': 0.6174156364855503}. Best is trial 0 with value: 0.6103502735484728.
[I 2026-05-22 17:43:29,812] Trial 258 finished with value: 0.5406484958527144 and parameters: {'k1': 0.07120085631444527, 'D_low': 201.2301090418658, 'k2': 0.006779698908891734, 'D_high': 33453.36640648657, 'fire_exp': 1.3486740409868212, 'P_half': 1271.7629227459477, 'pre_dampen_half': 54.5057249948134, 'gpp_af': 0.0034630229476307205, 'gpp_b': 9.924152660727069e-06, 'gpp_d': 0.18347452599873587, 'ign_k': 2.761033641615223, 'ign_c': 10.178564730867043, 'dryanom_half': 1.795872929791229, 'dry_amp': 0.7452454159961256}. Best is trial 0 with value: 0.6103502735484728.
[I 2026-05-22 17:43:30,291] Trial 259 finished with value: 0.3994490055432051 and parameters: {'k1': 0.009658305448184693, 'D_low': 26.827262997645228, 'k2': 0.058782307575918784, 'D_high': 7811.305446142957, 'fire_exp': 0.5676203281214616, 'P_half': 1.5541309873430975, 'pre_dampen_half': 10.302416030724237, 'gpp_af': 3.4199107655346777, 'gpp_b': 2.1103585415482022e-05, 'gpp_d': 517.4079778705811, 'ign_k': 1.8609804939930654, 'ign_c': 376.78302206548096, 'dryanom_half': 10.392332502464285, 'dry_amp': 0.02741528992224058}. Best is trial 0 with value: 0.6103502735484728.
[I 2026-05-22 17:43:30,767] Trial 260 finished with value: 0.5576130280860562 and parameters: {'k1': 0.010919789564519996, 'D_low': 3.53896154280533, 'k2': 0.0005160466475283267, 'D_high': 9835.573922539763, 'fire_exp': 0.6663430635535779, 'P_half': 15.661379760482259, 'pre_dampen_half': 36.76108916014153, 'gpp_af': 0.003038594766370214, 'gpp_b': 1.606026651409174e-05, 'gpp_d': 0.0342756319391006, 'ign_k': 0.3305734256766707, 'ign_c': 0.20570403096607304, 'dryanom_half': 13.748298249626416, 'dry_amp': 0.7998263716393627}. Best is trial 0 with value: 0.6103502735484728.
[I 2026-05-22 17:43:31,251] Trial 261 finished with value: 0.4027720316149063 and parameters: {'k1': 0.05917469851532521, 'D_low': 2.924302730104572, 'k2': 0.01478640890222986, 'D_high': 812.964363348287, 'fire_exp': 1.178933008705814, 'P_half': 0.71992475870362, 'pre_dampen_half': 8.559066267099745, 'gpp_af': 0.0033885650470784493, 'gpp_b': 1.3216221142550623e-06, 'gpp_d': 62.03793412950927, 'ign_k': 4.014728172767726, 'ign_c': 31.196363695259127, 'dryanom_half': 0.10225172337168272, 'dry_amp': 0.44683217317422536}. Best is trial 0 with value: 0.6103502735484728.
[I 2026-05-22 17:43:31,729] Trial 262 finished with value: 0.4602050467033735 and parameters: {'k1': 0.005706279785603829, 'D_low': 3.0653727948037233, 'k2': 0.010207242689240097, 'D_high': 7562.608491561031, 'fire_exp': 3.095735520468977, 'P_half': 2330.467570739147, 'pre_dampen_half': 21.256250160290698, 'gpp_af': 0.0037232539168344913, 'gpp_b': 5.155062691493201e-05, 'gpp_d': 0.016057234245398334, 'ign_k': 2.027802736655698, 'ign_c': 3.6569806280456496, 'dryanom_half': 1.8733718275452527, 'dry_amp': 0.424061758836375}. Best is trial 0 with value: 0.6103502735484728.
[I 2026-05-22 17:43:32,208] Trial 263 finished with value: 0.5690135352733265 and parameters: {'k1': 0.03463937755879652, 'D_low': 2.04994420555424, 'k2': 0.017383568223479858, 'D_high': 89571.10797548718, 'fire_exp': 0.8995837503425894, 'P_half': 172.64244906871428, 'pre_dampen_half': 14.33307100755011, 'gpp_af': 0.00415964014909651, 'gpp_b': 2.8582559516186354e-06, 'gpp_d': 0.3256503465932387, 'ign_k': 2.921308852286244, 'ign_c': 0.4877773846751513, 'dryanom_half': 0.5379251284416844, 'dry_amp': 0.5734182343781478}. Best is trial 0 with value: 0.6103502735484728.
[I 2026-05-22 17:43:32,689] Trial 264 finished with value: 0.4648106137741649 and parameters: {'k1': 0.03173154356311802, 'D_low': 1.6288433969224654, 'k2': 0.09097748581308011, 'D_high': 370.99834101458515, 'fire_exp': 0.6137715317700271, 'P_half': 253.87508181540773, 'pre_dampen_half': 4.579782487648123, 'gpp_af': 1.7787080169256435, 'gpp_b': 1.111049294212668e-06, 'gpp_d': 0.0848772366305501, 'ign_k': 2.699403628913367, 'ign_c': 0.8157807071862808, 'dryanom_half': 0.5571606827518085, 'dry_amp': 0.8722406680709333}. Best is trial 0 with value: 0.6103502735484728.
