[I 2026-05-22 17:37:46,071] Trial 107 finished with value: 0.5281221974849621 and parameters: {'k1': 0.0726657391989731, 'D_low': 1.8856712346170112, 'k2': 0.004321029598812447, 'D_high': 519.1662983872818, 'fire_exp': 0.38474899439076865, 'P_half': 0.32868253272967457, 'pre_dampen_half': 3.4627582630877534, 'gpp_af': 26.374871353932036, 'gpp_b': 0.00032044374900956244, 'gpp_d': 2.858161825619995, 'ign_k': 0.029731912048910625, 'ign_c': 4.223422841153321, 'ign_k2': 0.801187267332339, 'ign_c2': 8.642135670940315, 'rain_shift': 7.144240405050072}. Best is trial 0 with value: 0.5948382818560959.
[I 2026-05-22 17:37:46,616] Trial 108 finished with value: 0.5681781306512417 and parameters: {'k1': 0.05734324526187404, 'D_low': 5.9601374909952805, 'k2': 0.09873006680197936, 'D_high': 20373.11638949872, 'fire_exp': 0.4320571383814608, 'P_half': 0.27639835289962517, 'pre_dampen_half': 1.1934324726489471, 'gpp_af': 1.5188565948793076, 'gpp_b': 4.768335079451824e-06, 'gpp_d': 214.81185512913726, 'ign_k': 0.37612036783400166, 'ign_c': 18.223495633837956, 'ign_k2': 0.8021650445050639, 'ign_c2': 15.297485629219226, 'rain_shift': 14.430300115517298}. Best is trial 0 with value: 0.5948382818560959.
[I 2026-05-22 17:37:47,164] Trial 109 finished with value: 0.5227979617063335 and parameters: {'k1': 0.00014917741532059222, 'D_low': 21.364658221447904, 'k2': 0.009197314948272894, 'D_high': 1002.2583578337407, 'fire_exp': 1.678877132275479, 'P_half': 101.16090330725106, 'pre_dampen_half': 12.15972970600669, 'gpp_af': 1.0339445281857595, 'gpp_b': 0.0007732788986575319, 'gpp_d': 217.32571360636808, 'ign_k': 6.443928617775884, 'ign_c': 3.081515878861531, 'ign_k2': 2.0284950699315787, 'ign_c2': 0.38115584473688796, 'rain_shift': 7.149963975990431}. Best is trial 0 with value: 0.5948382818560959.
[I 2026-05-22 17:37:47,712] Trial 110 finished with value: 0.46640297483565524 and parameters: {'k1': 0.024308575161397346, 'D_low': 1.4948824843223452, 'k2': 0.006196982046104319, 'D_high': 85823.4904378533, 'fire_exp': 0.4672522835177204, 'P_half': 5.216660716695518, 'pre_dampen_half': 0.036954094651284526, 'gpp_af': 6.572552650465677, 'gpp_b': 1.4739981843404562e-06, 'gpp_d': 43.00825957094881, 'ign_k': 0.3827011262074206, 'ign_c': 22.069908342764194, 'ign_k2': 1.9059493601354989, 'ign_c2': 51.25869188797771, 'rain_shift': 18.272604627979653}. Best is trial 0 with value: 0.5948382818560959.
[I 2026-05-22 17:37:48,269] Trial 111 finished with value: 0.4200421118405364 and parameters: {'k1': 0.007157857223608411, 'D_low': 36.86259501851016, 'k2': 0.02268421740993274, 'D_high': 68672.5872183067, 'fire_exp': 0.36519481157562134, 'P_half': 0.6957318450736193, 'pre_dampen_half': 96.28217873695661, 'gpp_af': 11.510545720767764, 'gpp_b': 1.469452715482975e-06, 'gpp_d': 81.72733682785791, 'ign_k': 0.4751252147698947, 'ign_c': 232.91905860457297, 'ign_k2': 0.2712120454420175, 'ign_c2': 3.9728895152960275, 'rain_shift': 12.399676664155008}. Best is trial 0 with value: 0.5948382818560959.
[I 2026-05-22 17:37:48,819] Trial 112 finished with value: 0.5841730799796009 and parameters: {'k1': 0.010093159179038176, 'D_low': 60.11299701092564, 'k2': 0.0002960298328454423, 'D_high': 24901.190089727126, 'fire_exp': 0.8411954772202103, 'P_half': 11.30054919717891, 'pre_dampen_half': 165.9577799034228, 'gpp_af': 0.28261150513444006, 'gpp_b': 0.0032123086081356006, 'gpp_d': 707.4015287124686, 'ign_k': 0.12862078018306508, 'ign_c': 0.10820448498851064, 'ign_k2': 5.5494401434757386, 'ign_c2': 0.26325776387068656, 'rain_shift': 11.606597253840835}. Best is trial 0 with value: 0.5948382818560959.
[I 2026-05-22 17:37:49,365] Trial 113 finished with value: 0.49690419163369887 and parameters: {'k1': 0.011052412089328941, 'D_low': 10.353295046807855, 'k2': 0.00027788146251173914, 'D_high': 12250.622863479028, 'fire_exp': 1.5967562783005018, 'P_half': 1.2276473602946703, 'pre_dampen_half': 123.18186043944522, 'gpp_af': 0.6653322248424186, 'gpp_b': 0.2872566862023833, 'gpp_d': 31.157059897880366, 'ign_k': 0.025419497673112957, 'ign_c': 3.745436340255763, 'ign_k2': 1.3570276905714151, 'ign_c2': 0.10460180930277024, 'rain_shift': 12.358675075979795}. Best is trial 0 with value: 0.5948382818560959.
[I 2026-05-22 17:37:49,916] Trial 114 finished with value: 0.5578285181233394 and parameters: {'k1': 0.015569439058975319, 'D_low': 243.4899132270542, 'k2': 1.1737217825432382e-05, 'D_high': 43747.047395235466, 'fire_exp': 0.9494914533293813, 'P_half': 16.198202273034397, 'pre_dampen_half': 6.835444005654417, 'gpp_af': 0.3381696251349654, 'gpp_b': 1.2182515812992157e-05, 'gpp_d': 331.12296125168785, 'ign_k': 0.15506910675941493, 'ign_c': 0.1954194101508545, 'ign_k2': 1.7043153831410416, 'ign_c2': 0.28072323810793665, 'rain_shift': 10.686987083646933}. Best is trial 0 with value: 0.5948382818560959.
[I 2026-05-22 17:37:50,462] Trial 115 finished with value: 0.47044150111336697 and parameters: {'k1': 0.0788289403619655, 'D_low': 7.4600957676891255, 'k2': 0.025167871147726475, 'D_high': 7910.195122420509, 'fire_exp': 0.35842827473631506, 'P_half': 6.541138649921742, 'pre_dampen_half': 12.672334689237777, 'gpp_af': 0.7624355748220831, 'gpp_b': 8.924555168338481e-05, 'gpp_d': 919.9452274671279, 'ign_k': 1.2805761355623575, 'ign_c': 14.245604200720813, 'ign_k2': 0.858513591436273, 'ign_c2': 59.63016383188621, 'rain_shift': 16.80010911983375}. Best is trial 0 with value: 0.5948382818560959.
[I 2026-05-22 17:37:51,003] Trial 116 finished with value: 0.44923789866232927 and parameters: {'k1': 0.003076573798406298, 'D_low': 722.4181089607395, 'k2': 9.846603528730602e-05, 'D_high': 7596.398415389603, 'fire_exp': 1.8001946163707838, 'P_half': 7.879584738833188, 'pre_dampen_half': 34.05325633266129, 'gpp_af': 0.009594175281013743, 'gpp_b': 0.08911234022376995, 'gpp_d': 106.57516292659628, 'ign_k': 0.017738996784194116, 'ign_c': 0.18562089659410774, 'ign_k2': 5.523445484139184, 'ign_c2': 0.42291687350691565, 'rain_shift': 12.018928801181518}. Best is trial 0 with value: 0.5948382818560959.
[I 2026-05-22 17:37:51,546] Trial 117 finished with value: 0.45441796944062723 and parameters: {'k1': 0.027942359758760138, 'D_low': 11.118743863044601, 'k2': 0.05898230602162621, 'D_high': 24006.88066009411, 'fire_exp': 1.2020344510345673, 'P_half': 0.14893724263363986, 'pre_dampen_half': 1.635112843056243, 'gpp_af': 0.11339541195068559, 'gpp_b': 1.4862864363757338e-05, 'gpp_d': 6.654827802618585, 'ign_k': 6.176270143321805, 'ign_c': 24.191297349902865, 'ign_k2': 1.1335370719061737, 'ign_c2': 44.03956159738959, 'rain_shift': 12.04004573559302}. Best is trial 0 with value: 0.5948382818560959.
[I 2026-05-22 17:37:52,088] Trial 118 finished with value: 0.5493825092176452 and parameters: {'k1': 0.012044160927926699, 'D_low': 7.141724273742616, 'k2': 1.2747495443600832e-05, 'D_high': 26714.320594220255, 'fire_exp': 1.064418128956867, 'P_half': 10.95306985897668, 'pre_dampen_half': 232.0586582141036, 'gpp_af': 1.4370999482206128, 'gpp_b': 0.008008888145117592, 'gpp_d': 513.3644283037731, 'ign_k': 0.07715068151966226, 'ign_c': 0.13928425213266468, 'ign_k2': 1.6409432539265394, 'ign_c2': 3.3586301770451463, 'rain_shift': 14.48356511824445}. Best is trial 0 with value: 0.5948382818560959.
[I 2026-05-22 17:37:52,635] Trial 119 finished with value: 0.459262748651336 and parameters: {'k1': 0.036187150923600496, 'D_low': 7.405711451767298, 'k2': 0.007628008516250518, 'D_high': 96584.62588930134, 'fire_exp': 0.37591512821877393, 'P_half': 0.5372913273461174, 'pre_dampen_half': 2.1326199091771048, 'gpp_af': 0.015697907167443723, 'gpp_b': 1.2660902376216018e-06, 'gpp_d': 609.1975412268224, 'ign_k': 0.21235235539693834, 'ign_c': 89.99740153002426, 'ign_k2': 1.281310999886287, 'ign_c2': 8.048142097010526, 'rain_shift': 18.059974502362422}. Best is trial 0 with value: 0.5948382818560959.
[I 2026-05-22 17:37:53,180] Trial 120 finished with value: 0.5136306952885047 and parameters: {'k1': 0.027058689375166953, 'D_low': 45.21251890308093, 'k2': 0.00011991263846923993, 'D_high': 4441.752588061544, 'fire_exp': 0.5706977836433438, 'P_half': 752.7925559881153, 'pre_dampen_half': 19.579856747309783, 'gpp_af': 0.3262151216641059, 'gpp_b': 0.07634703610005028, 'gpp_d': 918.833670205709, 'ign_k': 0.0047000268363167836, 'ign_c': 0.43281929583288115, 'ign_k2': 4.803176113222015, 'ign_c2': 0.10355653796573919, 'rain_shift': 15.678266649125572}. Best is trial 0 with value: 0.5948382818560959.
[I 2026-05-22 17:37:53,726] Trial 121 finished with value: 0.5653767425353581 and parameters: {'k1': 0.07079953761825547, 'D_low': 14.08905113070797, 'k2': 0.0225758521907379, 'D_high': 1708.1377499712532, 'fire_exp': 0.5680350705770176, 'P_half': 8437.93255891096, 'pre_dampen_half': 95.1388961915053, 'gpp_af': 0.03374434358109595, 'gpp_b': 0.00021640518292327288, 'gpp_d': 375.09079752303353, 'ign_k': 0.6145700764454386, 'ign_c': 0.6992841868377246, 'ign_k2': 6.4023905697948225, 'ign_c2': 0.6048562439833798, 'rain_shift': 5.437039666768362}. Best is trial 0 with value: 0.5948382818560959.
[I 2026-05-22 17:37:54,274] Trial 122 finished with value: 0.5438887999523702 and parameters: {'k1': 0.014530323061586359, 'D_low': 120.78438369086118, 'k2': 0.0013042177267838994, 'D_high': 43282.2090917348, 'fire_exp': 0.5434019370518035, 'P_half': 5.191906584267079, 'pre_dampen_half': 20.232819383405296, 'gpp_af': 0.8495335980124963, 'gpp_b': 1.90786775814979e-06, 'gpp_d': 830.5201036465795, 'ign_k': 0.6428608064675122, 'ign_c': 0.41414350876299244, 'ign_k2': 3.344078348680047, 'ign_c2': 0.39188158719787963, 'rain_shift': 7.1146296568366845}. Best is trial 0 with value: 0.5948382818560959.
[I 2026-05-22 17:37:54,819] Trial 123 finished with value: 0.5170408666593573 and parameters: {'k1': 3.924772546071224e-05, 'D_low': 21.121724748806763, 'k2': 0.004293541670006659, 'D_high': 4801.057427387229, 'fire_exp': 0.41643242116404633, 'P_half': 615.6203081591073, 'pre_dampen_half': 0.4717540621264369, 'gpp_af': 0.004303260282279838, 'gpp_b': 0.01028649481668964, 'gpp_d': 659.2773666064273, 'ign_k': 3.6036646301842463, 'ign_c': 0.3277133447683804, 'ign_k2': 7.114021683177808, 'ign_c2': 2.4894415763898623, 'rain_shift': 6.6313140259741346}. Best is trial 0 with value: 0.5948382818560959.
[I 2026-05-22 17:37:55,366] Trial 124 finished with value: 0.5673622287603972 and parameters: {'k1': 0.007247690414001941, 'D_low': 506.4324483777976, 'k2': 0.030551389146447918, 'D_high': 6682.317313494866, 'fire_exp': 0.36434980213611656, 'P_half': 103.60436513805364, 'pre_dampen_half': 18.8053680202705, 'gpp_af': 0.0035693071284124255, 'gpp_b': 8.012556698620711e-06, 'gpp_d': 988.7121926044583, 'ign_k': 2.754492120930149, 'ign_c': 1.4120149221485647, 'ign_k2': 2.086781530446217, 'ign_c2': 0.2613325089234248, 'rain_shift': 12.646751520110204}. Best is trial 0 with value: 0.5948382818560959.
[I 2026-05-22 17:37:55,911] Trial 125 finished with value: 0.541956108414046 and parameters: {'k1': 0.008984096194761768, 'D_low': 10.692908751787895, 'k2': 5.4777888361172575e-05, 'D_high': 4322.993624644604, 'fire_exp': 1.4131972932297212, 'P_half': 16.34194398553283, 'pre_dampen_half': 89.98712433283059, 'gpp_af': 0.11480335743712594, 'gpp_b': 0.0011247839324597234, 'gpp_d': 971.0620018045719, 'ign_k': 0.1189888622724524, 'ign_c': 0.4001560094759694, 'ign_k2': 3.1288094802070767, 'ign_c2': 0.17797440797863565, 'rain_shift': 11.201825889948868}. Best is trial 0 with value: 0.5948382818560959.
[I 2026-05-22 17:37:56,458] Trial 126 finished with value: 0.5095277067080883 and parameters: {'k1': 0.0002808082189571258, 'D_low': 1.9158135110917698, 'k2': 0.052583457866749554, 'D_high': 6887.893348797794, 'fire_exp': 0.3814288412641498, 'P_half': 3455.718674552439, 'pre_dampen_half': 6.974367017770513, 'gpp_af': 0.002594295574827344, 'gpp_b': 3.401524855014606e-06, 'gpp_d': 637.3297123862934, 'ign_k': 8.821863105577792, 'ign_c': 0.7376238051213763, 'ign_k2': 2.9199046554987893, 'ign_c2': 0.3297126096640327, 'rain_shift': 3.045874845245621}. Best is trial 0 with value: 0.5948382818560959.
[I 2026-05-22 17:37:57,002] Trial 127 finished with value: 0.4805091666253462 and parameters: {'k1': 0.008810995249505977, 'D_low': 340.1622352827476, 'k2': 0.03565561809667638, 'D_high': 355.82046524368417, 'fire_exp': 0.38899588142050245, 'P_half': 125.57352109043093, 'pre_dampen_half': 400.91809186999154, 'gpp_af': 0.003285798988492999, 'gpp_b': 0.0010047725034521878, 'gpp_d': 534.8963793121136, 'ign_k': 3.8343472911497236, 'ign_c': 4.938877785150844, 'ign_k2': 8.306949322148531, 'ign_c2': 0.11029536623400775, 'rain_shift': 0.9161933133087405}. Best is trial 0 with value: 0.5948382818560959.
[I 2026-05-22 17:37:57,550] Trial 128 finished with value: 0.565658190571392 and parameters: {'k1': 0.08123792022566455, 'D_low': 286.0817265328308, 'k2': 0.09611631948414094, 'D_high': 64488.31422263807, 'fire_exp': 0.39078020792826196, 'P_half': 548.9029590304618, 'pre_dampen_half': 20.187465915108607, 'gpp_af': 0.0241978815865401, 'gpp_b': 1.3367557483481542e-05, 'gpp_d': 6.077856650859061, 'ign_k': 1.7593704708933733, 'ign_c': 0.9386149770465723, 'ign_k2': 2.652299108551665, 'ign_c2': 0.10029771907193162, 'rain_shift': 12.5644334699607}. Best is trial 0 with value: 0.5948382818560959.
[I 2026-05-22 17:37:58,094] Trial 129 finished with value: 0.3994490055432051 and parameters: {'k1': 0.03624539734471877, 'D_low': 1948.0949442846631, 'k2': 0.08420342961974714, 'D_high': 725.9666295907149, 'fire_exp': 0.5602704680870184, 'P_half': 1124.5012925207043, 'pre_dampen_half': 91.60558742574324, 'gpp_af': 0.0024805521150944626, 'gpp_b': 0.00012009385453055376, 'gpp_d': 444.3911573866149, 'ign_k': 6.77316575278815, 'ign_c': 1.6913683174939216, 'ign_k2': 1.9454088499569824, 'ign_c2': 0.13809296570097784, 'rain_shift': 15.674275994256966}. Best is trial 0 with value: 0.5948382818560959.
[I 2026-05-22 17:37:58,641] Trial 130 finished with value: 0.5713249432625868 and parameters: {'k1': 0.00030554928682198723, 'D_low': 40.755661826175796, 'k2': 0.02308941987185682, 'D_high': 5701.321271071477, 'fire_exp': 0.5910935362269597, 'P_half': 1.5148881083289614, 'pre_dampen_half': 89.7566543160777, 'gpp_af': 0.43091796520630743, 'gpp_b': 1.714239074704171e-05, 'gpp_d': 986.148619599668, 'ign_k': 8.687836898298118, 'ign_c': 0.6203061189700789, 'ign_k2': 3.923058036345798, 'ign_c2': 0.4710961447224037, 'rain_shift': 6.834993700726764}. Best is trial 0 with value: 0.5948382818560959.
[I 2026-05-22 17:37:59,189] Trial 131 finished with value: 0.4189190509634486 and parameters: {'k1': 0.04543599331150055, 'D_low': 53.883205540485164, 'k2': 0.015316277378855502, 'D_high': 906.6174214576235, 'fire_exp': 0.7509156745128233, 'P_half': 5.462454532811939, 'pre_dampen_half': 25.814011255115975, 'gpp_af': 0.49205330853142426, 'gpp_b': 1.0420012903021435e-05, 'gpp_d': 294.9745176536123, 'ign_k': 8.34984027923253, 'ign_c': 29.71190319183151, 'ign_k2': 0.26280536857231934, 'ign_c2': 3.0999628734703473, 'rain_shift': 9.118104839586577}. Best is trial 0 with value: 0.5948382818560959.
[I 2026-05-22 17:37:59,737] Trial 132 finished with value: 0.5827513886905757 and parameters: {'k1': 0.00013956993105387384, 'D_low': 13.622399423537997, 'k2': 0.002260769157548144, 'D_high': 2276.296616611984, 'fire_exp': 0.4012406237395177, 'P_half': 0.34434262084011297, 'pre_dampen_half': 220.56893580153272, 'gpp_af': 1.1363879758289785, 'gpp_b': 0.00045574340541999027, 'gpp_d': 283.2495535171805, 'ign_k': 0.24568423418862598, 'ign_c': 0.3858913795739568, 'ign_k2': 1.2532093762186145, 'ign_c2': 0.10142386094605031, 'rain_shift': 10.478763708337818}. Best is trial 0 with value: 0.5948382818560959.
[I 2026-05-22 17:38:00,285] Trial 133 finished with value: 0.5870595650288354 and parameters: {'k1': 7.304001623787117e-05, 'D_low': 26.857555979416183, 'k2': 0.0023877286070717136, 'D_high': 1113.756616708074, 'fire_exp': 0.3787455867674615, 'P_half': 0.1690231845942041, 'pre_dampen_half': 20.461518141182886, 'gpp_af': 5.087586856496702, 'gpp_b': 0.0005421173599888072, 'gpp_d': 235.4290163476049, 'ign_k': 2.478978454336922, 'ign_c': 0.6005769296140233, 'ign_k2': 3.061062745879197, 'ign_c2': 0.25831877777776063, 'rain_shift': 9.77514294518692}. Best is trial 0 with value: 0.5948382818560959.
[I 2026-05-22 17:38:00,831] Trial 134 finished with value: 0.5489102059643595 and parameters: {'k1': 5.24224132062547e-05, 'D_low': 6.33634680249239, 'k2': 0.0012006213875950663, 'D_high': 1204.301661430904, 'fire_exp': 0.6704484503403455, 'P_half': 0.12240251859454182, 'pre_dampen_half': 4.906821896314172, 'gpp_af': 1.0794833824211805, 'gpp_b': 0.003440032547931324, 'gpp_d': 125.86903448233015, 'ign_k': 1.0579802627925483, 'ign_c': 4.686848060442455, 'ign_k2': 1.3393807360959533, 'ign_c2': 0.3354292798046212, 'rain_shift': 13.506130160450422}. Best is trial 0 with value: 0.5948382818560959.
[I 2026-05-22 17:38:01,375] Trial 135 finished with value: 0.5796556650613456 and parameters: {'k1': 7.738125773226065e-05, 'D_low': 2.5351473243609983, 'k2': 0.007984709091367646, 'D_high': 3149.3123950952395, 'fire_exp': 0.3674359577738584, 'P_half': 0.3675744443736873, 'pre_dampen_half': 37.68342515725126, 'gpp_af': 2.4376524321532234, 'gpp_b': 0.00015991379992994978, 'gpp_d': 4.1116513594648305, 'ign_k': 0.07049428985585643, 'ign_c': 0.1649176610782761, 'ign_k2': 3.0792188820931683, 'ign_c2': 0.15772090305697778, 'rain_shift': 9.955620682952732}. Best is trial 0 with value: 0.5948382818560959.
[I 2026-05-22 17:38:01,923] Trial 136 finished with value: 0.5733992055400946 and parameters: {'k1': 1.410373818928537e-05, 'D_low': 4.733063357953208, 'k2': 0.018117233169644635, 'D_high': 1339.7244814226626, 'fire_exp': 0.4694116959066695, 'P_half': 1.317805227512335, 'pre_dampen_half': 42.266598783550414, 'gpp_af': 0.27555965309093283, 'gpp_b': 5.727701334263957e-05, 'gpp_d': 2.6389279497245592, 'ign_k': 0.09563017235355958, 'ign_c': 0.10570748576651065, 'ign_k2': 5.088470866515346, 'ign_c2': 0.4661310471738829, 'rain_shift': 12.22132812822194}. Best is trial 0 with value: 0.5948382818560959.
[I 2026-05-22 17:38:02,470] Trial 137 finished with value: 0.5594967369282448 and parameters: {'k1': 0.0002200000974142816, 'D_low': 1.6301826601497615, 'k2': 0.001992431546636339, 'D_high': 1469.6735123859523, 'fire_exp': 0.44318549144445135, 'P_half': 1.8731787361650167, 'pre_dampen_half': 4.417734527181036, 'gpp_af': 15.995918359490284, 'gpp_b': 0.0007082481502912425, 'gpp_d': 3.558350175489081, 'ign_k': 0.3583894835908564, 'ign_c': 0.44419390815165566, 'ign_k2': 2.6019403253872846, 'ign_c2': 0.15657180166101545, 'rain_shift': 6.6098274551203655}. Best is trial 0 with value: 0.5948382818560959.
[I 2026-05-22 17:38:03,013] Trial 138 finished with value: 0.5567306824766529 and parameters: {'k1': 1.958557296114341e-05, 'D_low': 2.9283934952341006, 'k2': 0.020337202874976777, 'D_high': 6201.6553704101625, 'fire_exp': 0.39047611122598513, 'P_half': 21.051924247342768, 'pre_dampen_half': 0.8746558258003185, 'gpp_af': 0.07121521862488625, 'gpp_b': 0.0025652021995406444, 'gpp_d': 0.38014488175045735, 'ign_k': 0.14699309512690617, 'ign_c': 1.3011800062569414, 'ign_k2': 1.286561827589354, 'ign_c2': 0.7803091167602678, 'rain_shift': 17.797929658739747}. Best is trial 0 with value: 0.5948382818560959.
[I 2026-05-22 17:38:03,561] Trial 139 finished with value: 0.5522283655044589 and parameters: {'k1': 1.3066151197722321e-05, 'D_low': 4.451358184562369, 'k2': 0.019142715185317523, 'D_high': 977.4647489446444, 'fire_exp': 0.42902214093082136, 'P_half': 0.14942379303972295, 'pre_dampen_half': 960.5993275866783, 'gpp_af': 2.987385641037312, 'gpp_b': 0.000735859731434138, 'gpp_d': 1.1127908289470552, 'ign_k': 0.05517795150469003, 'ign_c': 0.7791993585808413, 'ign_k2': 0.5964255968482864, 'ign_c2': 1.90254516122621, 'rain_shift': 11.064284491686559}. Best is trial 0 with value: 0.5948382818560959.
[I 2026-05-22 17:38:04,114] Trial 140 finished with value: 0.46695105885038335 and parameters: {'k1': 0.0008990399959467584, 'D_low': 3.8707497383552627, 'k2': 0.0002686045877682011, 'D_high': 536.635365182079, 'fire_exp': 0.47580527686911095, 'P_half': 0.22668453721841642, 'pre_dampen_half': 84.26492442734961, 'gpp_af': 0.09040056972290292, 'gpp_b': 0.01833819291666919, 'gpp_d': 39.313358486211456, 'ign_k': 0.1364307307181768, 'ign_c': 0.3683178752132915, 'ign_k2': 0.2064305844107606, 'ign_c2': 0.14597745735216197, 'rain_shift': 8.488476766888034}. Best is trial 0 with value: 0.5948382818560959.
[I 2026-05-22 17:38:04,663] Trial 141 finished with value: 0.47657419178696747 and parameters: {'k1': 0.0007318054107101706, 'D_low': 75.30982469175414, 'k2': 0.037391957690571305, 'D_high': 4565.623312110252, 'fire_exp': 0.36239562582988233, 'P_half': 4.589114735579423, 'pre_dampen_half': 47.130732778425056, 'gpp_af': 2.2807015229244483, 'gpp_b': 9.161012237778505e-06, 'gpp_d': 682.2886999415581, 'ign_k': 7.980243543453774, 'ign_c': 4.198514931587728, 'ign_k2': 8.238365795746786, 'ign_c2': 0.24080318829326786, 'rain_shift': 4.05895469795611}. Best is trial 0 with value: 0.5948382818560959.
[I 2026-05-22 17:38:05,212] Trial 142 finished with value: 0.55948718725387 and parameters: {'k1': 8.483625754465615e-05, 'D_low': 13.946280756705434, 'k2': 0.0720652119235992, 'D_high': 1020.2039734482421, 'fire_exp': 0.6365769236845191, 'P_half': 3.971406640858001, 'pre_dampen_half': 11.006526693653182, 'gpp_af': 0.02978618061704102, 'gpp_b': 5.779633756600979e-06, 'gpp_d': 0.1389003357561262, 'ign_k': 0.06189146550919999, 'ign_c': 0.3129575300250355, 'ign_k2': 4.142043733676118, 'ign_c2': 0.15319410336080022, 'rain_shift': 10.356665929250488}. Best is trial 0 with value: 0.5948382818560959.
