[I 2026-05-22 18:12:48,621] Trial 830 finished with value: 0.591505306272254 and parameters: {'P_amp': 0.20715752156218484, 'P_wet': 3947.875777181333, 'P_pow': 4.057109321260506, 'WG_amp': 0.3362609451990084, 'WG_Phalf': 1167.4163002601638, 'WG_k': 0.8907130753680963, 'WG_c': 2.1400507894238014, 'rain_shift': 2.0589352252512656, 'ign_k': 0.8790915667580116, 'rate_power': 0.9452793156659052}. Best is trial 209 with value: 0.6108097453057891.
[I 2026-05-22 18:12:49,084] Trial 831 finished with value: 0.5961717376255367 and parameters: {'P_amp': 0.37069416336638006, 'P_wet': 3166.3667908340844, 'P_pow': 1.3886387541842442, 'WG_amp': 0.4071037174135896, 'WG_Phalf': 1314.960169636688, 'WG_k': 0.3172105424648983, 'WG_c': 5.466349236100858, 'rain_shift': 1.9612959893744881, 'ign_k': 0.46012357751468963, 'rate_power': 0.9800205892092587}. Best is trial 209 with value: 0.6108097453057891.
[I 2026-05-22 18:12:49,549] Trial 832 finished with value: 0.5829140728997441 and parameters: {'P_amp': 0.12900413173113462, 'P_wet': 4248.189395071043, 'P_pow': 0.20776250804435303, 'WG_amp': 0.5329848837913872, 'WG_Phalf': 2465.276476697515, 'WG_k': 0.5987637834152666, 'WG_c': 0.06852820612194431, 'rain_shift': 0.04853607466677057, 'ign_k': 0.2596213205350269, 'rate_power': 0.9466248857205171}. Best is trial 209 with value: 0.6108097453057891.
[I 2026-05-22 18:12:50,017] Trial 833 finished with value: 0.5791838199625854 and parameters: {'P_amp': 0.38183154812700526, 'P_wet': 5344.445889779477, 'P_pow': 2.0835439113992544, 'WG_amp': 0.43516093921227905, 'WG_Phalf': 487.61159147390345, 'WG_k': 91.46141350618257, 'WG_c': 1.6206684214048848, 'rain_shift': 3.659528287785181, 'ign_k': 1.0698797884665732, 'rate_power': 0.7245121999292461}. Best is trial 209 with value: 0.6108097453057891.
[I 2026-05-22 18:12:50,480] Trial 834 finished with value: 0.5855714602620403 and parameters: {'P_amp': 0.18097374843428068, 'P_wet': 3723.5231227867243, 'P_pow': 2.3389743230271143, 'WG_amp': 0.8983077079160129, 'WG_Phalf': 276.8028612597467, 'WG_k': 12.547318448807543, 'WG_c': 1.5377713393217076, 'rain_shift': 2.4716009997317236, 'ign_k': 0.43441495698514326, 'rate_power': 1.1071846368323794}. Best is trial 209 with value: 0.6108097453057891.
[I 2026-05-22 18:12:50,941] Trial 835 finished with value: 0.602805950498377 and parameters: {'P_amp': 0.03671975073645807, 'P_wet': 2221.6495104206024, 'P_pow': 3.9112605972432495, 'WG_amp': 0.6917160267926519, 'WG_Phalf': 1234.2032999552916, 'WG_k': 4.536215125483672, 'WG_c': 1.086922951194541, 'rain_shift': 0.02494425259873101, 'ign_k': 1.229719323005851, 'rate_power': 0.906079233471429}. Best is trial 209 with value: 0.6108097453057891.
[I 2026-05-22 18:12:51,404] Trial 836 finished with value: 0.5967442049598493 and parameters: {'P_amp': 0.2743276378301646, 'P_wet': 3481.3882236027216, 'P_pow': 4.423072183154946, 'WG_amp': 0.7807634110183093, 'WG_Phalf': 422.0807592362598, 'WG_k': 54.70280686639275, 'WG_c': 4.571260663041902, 'rain_shift': 1.5063779096564582, 'ign_k': 0.27115556197850205, 'rate_power': 0.9983201866682083}. Best is trial 209 with value: 0.6108097453057891.
[I 2026-05-22 18:12:51,875] Trial 837 finished with value: 0.6098685364187838 and parameters: {'P_amp': 0.024711199216036123, 'P_wet': 1869.8541013895, 'P_pow': 4.142254187592902, 'WG_amp': 0.40911116350353344, 'WG_Phalf': 432.5429533813127, 'WG_k': 30.736007819148494, 'WG_c': 1.3189721557582161, 'rain_shift': 1.0598259554360838, 'ign_k': 0.6984619419743595, 'rate_power': 0.9418288700421672}. Best is trial 209 with value: 0.6108097453057891.
[I 2026-05-22 18:12:52,342] Trial 838 finished with value: 0.5686165463219675 and parameters: {'P_amp': 0.49844108476147886, 'P_wet': 4694.720444945625, 'P_pow': 1.5091110148731688, 'WG_amp': 0.0740495701773764, 'WG_Phalf': 933.7705160909513, 'WG_k': 1.3634633172797588, 'WG_c': 0.041173820356434694, 'rain_shift': 3.382630411038903, 'ign_k': 0.2850627630768578, 'rate_power': 1.1137212980800621}. Best is trial 209 with value: 0.6108097453057891.
[I 2026-05-22 18:12:52,813] Trial 839 finished with value: 0.6008189991708389 and parameters: {'P_amp': 0.03158845179234422, 'P_wet': 3264.8084392352876, 'P_pow': 0.2053713951602063, 'WG_amp': 0.7823325739602524, 'WG_Phalf': 2008.933673500303, 'WG_k': 8.795826157097055, 'WG_c': 1.2773715015467988, 'rain_shift': 1.1720278026201, 'ign_k': 0.3218716426156744, 'rate_power': 0.9938114507933369}. Best is trial 209 with value: 0.6108097453057891.
[I 2026-05-22 18:12:53,280] Trial 840 finished with value: 0.5697921467807743 and parameters: {'P_amp': 0.061122210124075316, 'P_wet': 521.649067061375, 'P_pow': 1.5829959823310844, 'WG_amp': 0.03763557329751388, 'WG_Phalf': 4722.458385297816, 'WG_k': 9.960258847240501, 'WG_c': 0.4558377983851971, 'rain_shift': 6.373334762295992, 'ign_k': 0.12191759303529796, 'rate_power': 0.872765198901412}. Best is trial 209 with value: 0.6108097453057891.
[I 2026-05-22 18:12:53,748] Trial 841 finished with value: 0.5881598963891714 and parameters: {'P_amp': 0.3453030143259632, 'P_wet': 4032.6370243867837, 'P_pow': 1.3816778610902098, 'WG_amp': 0.2412484518682345, 'WG_Phalf': 354.38420140769665, 'WG_k': 4.055468166621891, 'WG_c': 2.2445573678171, 'rain_shift': 0.37471421055483034, 'ign_k': 0.5731132160567952, 'rate_power': 0.7274299063589773}. Best is trial 209 with value: 0.6108097453057891.
[I 2026-05-22 18:12:54,215] Trial 842 finished with value: 0.6016487533425874 and parameters: {'P_amp': 0.12170638939681692, 'P_wet': 1593.0631661415077, 'P_pow': 4.2202320500379935, 'WG_amp': 0.6966464698042606, 'WG_Phalf': 670.4652967297578, 'WG_k': 44.870617448565405, 'WG_c': 1.5635700482823984, 'rain_shift': 1.514647737356169, 'ign_k': 0.3756946308057972, 'rate_power': 1.0631699399440036}. Best is trial 209 with value: 0.6108097453057891.
[I 2026-05-22 18:12:54,683] Trial 843 finished with value: 0.5577035317615117 and parameters: {'P_amp': 0.05534193482110322, 'P_wet': 5693.350757907861, 'P_pow': 5.191395822020666, 'WG_amp': 0.273349742451226, 'WG_Phalf': 2706.1550445811945, 'WG_k': 0.012429081138985824, 'WG_c': 0.00046770182044223054, 'rain_shift': 5.886320448083356, 'ign_k': 0.2755998449118912, 'rate_power': 0.9531821570662313}. Best is trial 209 with value: 0.6108097453057891.
[I 2026-05-22 18:12:55,151] Trial 844 finished with value: 0.6046913573298383 and parameters: {'P_amp': 0.06268244247630889, 'P_wet': 1490.7283002200306, 'P_pow': 4.2643560824644595, 'WG_amp': 0.44859238877433155, 'WG_Phalf': 281.6624201171247, 'WG_k': 13.92266494601785, 'WG_c': 2.394519810959719, 'rain_shift': 0.8969493540462423, 'ign_k': 0.46373518342496445, 'rate_power': 0.8484391540227793}. Best is trial 209 with value: 0.6108097453057891.
[I 2026-05-22 18:12:55,618] Trial 845 finished with value: 0.5012772759196208 and parameters: {'P_amp': 0.5156143758278002, 'P_wet': 304.4687509290114, 'P_pow': 2.9475366552250715, 'WG_amp': 0.09881002046405979, 'WG_Phalf': 4549.8445886939435, 'WG_k': 1.3208496566255985, 'WG_c': 0.03496343440244814, 'rain_shift': 6.516411144229645, 'ign_k': 0.3143620740038045, 'rate_power': 1.1757177340098437}. Best is trial 209 with value: 0.6108097453057891.
[I 2026-05-22 18:12:56,083] Trial 846 finished with value: 0.5981855937748793 and parameters: {'P_amp': 0.3607726032179768, 'P_wet': 4313.754565563515, 'P_pow': 4.957884409169735, 'WG_amp': 0.45913412516765223, 'WG_Phalf': 398.2061402473864, 'WG_k': 12.9620358737415, 'WG_c': 0.759075615673799, 'rain_shift': 1.0118500645627844, 'ign_k': 2.448160523623922, 'rate_power': 1.2186937185060014}. Best is trial 209 with value: 0.6108097453057891.
[I 2026-05-22 18:12:56,547] Trial 847 finished with value: 0.5351450619421891 and parameters: {'P_amp': 0.06307340645912085, 'P_wet': 365.58967772815754, 'P_pow': 1.1387351881581687, 'WG_amp': 0.8320833122331169, 'WG_Phalf': 3435.636941788918, 'WG_k': 0.23535948567842452, 'WG_c': 3.128249942754875, 'rain_shift': 6.31815029328311, 'ign_k': 0.4207818757277349, 'rate_power': 1.198030519747976}. Best is trial 209 with value: 0.6108097453057891.
[I 2026-05-22 18:12:57,022] Trial 848 finished with value: 0.5514862034245188 and parameters: {'P_amp': 0.4024908613185187, 'P_wet': 1560.5259164171118, 'P_pow': 3.2144165192698257, 'WG_amp': 0.5098728578338405, 'WG_Phalf': 3493.176309291784, 'WG_k': 0.03406965969412477, 'WG_c': 0.19637483227494748, 'rain_shift': 4.613268109093661, 'ign_k': 0.8390683429015352, 'rate_power': 0.9268336494638403}. Best is trial 209 with value: 0.6108097453057891.
[I 2026-05-22 18:12:57,508] Trial 849 finished with value: 0.5898968970862837 and parameters: {'P_amp': 0.3813923006011334, 'P_wet': 3931.3815294596398, 'P_pow': 5.645955113408895, 'WG_amp': 0.4480713898886181, 'WG_Phalf': 4879.5939746435, 'WG_k': 0.10022210873439451, 'WG_c': 0.004333060054163127, 'rain_shift': 3.8554558334319284, 'ign_k': 0.23138747419922148, 'rate_power': 0.7145719042485681}. Best is trial 209 with value: 0.6108097453057891.
[I 2026-05-22 18:12:58,258] Trial 850 finished with value: 0.5924085277504774 and parameters: {'P_amp': 0.1594636908754362, 'P_wet': 2169.9906485966526, 'P_pow': 4.159568778853604, 'WG_amp': 0.2948079739508684, 'WG_Phalf': 279.4852756992256, 'WG_k': 34.6598236329367, 'WG_c': 2.259420977194304, 'rain_shift': 1.8837407468888103, 'ign_k': 1.2664145079220361, 'rate_power': 0.9412616135719076}. Best is trial 209 with value: 0.6108097453057891.
[I 2026-05-22 18:12:58,957] Trial 851 finished with value: 0.5972523575266819 and parameters: {'P_amp': 0.025553422685892918, 'P_wet': 542.0170011980675, 'P_pow': 4.13430239858426, 'WG_amp': 0.3489164904406458, 'WG_Phalf': 614.3378668405516, 'WG_k': 55.48115442339483, 'WG_c': 0.20171571907470312, 'rain_shift': 1.56681194176972, 'ign_k': 0.7359421505869542, 'rate_power': 0.9942926573470737}. Best is trial 209 with value: 0.6108097453057891.
[I 2026-05-22 18:12:59,442] Trial 852 finished with value: 0.5753794265684316 and parameters: {'P_amp': 0.24758207976119995, 'P_wet': 3590.8188335503346, 'P_pow': 5.471438729755414, 'WG_amp': 0.5350776395540671, 'WG_Phalf': 111.51543566232156, 'WG_k': 57.08478763125742, 'WG_c': 2.1207893453027657, 'rain_shift': 2.76665690912639, 'ign_k': 1.2943368286359238, 'rate_power': 0.961111417164305}. Best is trial 209 with value: 0.6108097453057891.
[I 2026-05-22 18:12:59,912] Trial 853 finished with value: 0.6029571243608912 and parameters: {'P_amp': 0.01557622594955951, 'P_wet': 1751.8463410194609, 'P_pow': 4.1148100120564495, 'WG_amp': 0.14464624052646158, 'WG_Phalf': 844.4243658596622, 'WG_k': 16.531838093494336, 'WG_c': 2.1351608868492926, 'rain_shift': 0.657667164931931, 'ign_k': 0.43579495172427635, 'rate_power': 0.9199135854741077}. Best is trial 209 with value: 0.6108097453057891.
[I 2026-05-22 18:13:00,382] Trial 854 finished with value: 0.5884179705138727 and parameters: {'P_amp': 0.04947277618161571, 'P_wet': 1917.7371061695378, 'P_pow': 0.26519421686817723, 'WG_amp': 0.40014999972133064, 'WG_Phalf': 109.20835552249693, 'WG_k': 1.5610704668079871, 'WG_c': 0.22563077370903112, 'rain_shift': 1.011597087797277, 'ign_k': 0.47307774501330446, 'rate_power': 1.2218838979960207}. Best is trial 209 with value: 0.6108097453057891.
[I 2026-05-22 18:13:00,894] Trial 855 finished with value: 0.6028424307372415 and parameters: {'P_amp': 0.10311885483431378, 'P_wet': 3698.5129454816038, 'P_pow': 1.1688746748621281, 'WG_amp': 0.2032170480513239, 'WG_Phalf': 219.07471645161087, 'WG_k': 7.406765345926907, 'WG_c': 0.3343150359879706, 'rain_shift': 0.39050139597949873, 'ign_k': 0.4462364090605291, 'rate_power': 0.9847733609972841}. Best is trial 209 with value: 0.6108097453057891.
[I 2026-05-22 18:13:01,438] Trial 856 finished with value: 0.6055528514278634 and parameters: {'P_amp': 0.023413337728405093, 'P_wet': 1872.5272280760826, 'P_pow': 4.2227671898067065, 'WG_amp': 0.3636281774753258, 'WG_Phalf': 613.3026937193009, 'WG_k': 77.78940425529213, 'WG_c': 0.11986961435419888, 'rain_shift': 0.5730934774208994, 'ign_k': 1.0247423328112315, 'rate_power': 0.985524364105495}. Best is trial 209 with value: 0.6108097453057891.
[I 2026-05-22 18:13:01,929] Trial 857 finished with value: 0.594024997805835 and parameters: {'P_amp': 0.016067552582669703, 'P_wet': 856.1404899718717, 'P_pow': 0.47826266927620464, 'WG_amp': 0.34277781756244663, 'WG_Phalf': 2156.5624564918653, 'WG_k': 2.196296613496887, 'WG_c': 4.706736386043714, 'rain_shift': 2.5576030569756147, 'ign_k': 0.2562204748504602, 'rate_power': 0.8938624456801101}. Best is trial 209 with value: 0.6108097453057891.
[I 2026-05-22 18:13:02,405] Trial 858 finished with value: 0.5162794603577432 and parameters: {'P_amp': 0.040729461872739514, 'P_wet': 3857.129213222385, 'P_pow': 0.6645286620764583, 'WG_amp': 0.663741548708185, 'WG_Phalf': 201.76589513251056, 'WG_k': 0.010032267028213363, 'WG_c': 1.3203810385279684, 'rain_shift': 6.969584138093774, 'ign_k': 0.22973617973701427, 'rate_power': 1.2250503099353076}. Best is trial 209 with value: 0.6108097453057891.
[I 2026-05-22 18:13:02,872] Trial 859 finished with value: 0.6063759463516726 and parameters: {'P_amp': 0.31165394996083484, 'P_wet': 4184.977658401448, 'P_pow': 2.458017694421794, 'WG_amp': 0.10556951266543466, 'WG_Phalf': 658.8749212095335, 'WG_k': 40.17704937756118, 'WG_c': 7.447651451415486, 'rain_shift': 1.708693341990513, 'ign_k': 0.39750518074802654, 'rate_power': 0.8344476382322352}. Best is trial 209 with value: 0.6108097453057891.
[I 2026-05-22 18:13:03,335] Trial 860 finished with value: 0.5844767197828955 and parameters: {'P_amp': 0.17243059396795513, 'P_wet': 4984.973743164056, 'P_pow': 0.7502261104447473, 'WG_amp': 0.3210362336422958, 'WG_Phalf': 291.8651279224512, 'WG_k': 36.78365998697204, 'WG_c': 6.1862988598891135, 'rain_shift': 3.6166071951256162, 'ign_k': 0.22539006547604767, 'rate_power': 0.8782037970246631}. Best is trial 209 with value: 0.6108097453057891.
[I 2026-05-22 18:13:03,807] Trial 861 finished with value: 0.6060301978988629 and parameters: {'P_amp': 0.6888385989087079, 'P_wet': 5722.566057222497, 'P_pow': 3.685341789752199, 'WG_amp': 0.20946911638670862, 'WG_Phalf': 351.013830265971, 'WG_k': 16.01525820482396, 'WG_c': 0.38831136863825827, 'rain_shift': 0.11135022471266598, 'ign_k': 1.9656576675958155, 'rate_power': 1.132995017159466}. Best is trial 209 with value: 0.6108097453057891.
[I 2026-05-22 18:13:04,276] Trial 862 finished with value: 0.6014498026702276 and parameters: {'P_amp': 0.3062264070358482, 'P_wet': 2784.8839442719677, 'P_pow': 4.300390176863877, 'WG_amp': 0.6185130447307244, 'WG_Phalf': 693.4421087262145, 'WG_k': 96.64903928830152, 'WG_c': 0.11163095168412576, 'rain_shift': 0.04372576178370635, 'ign_k': 0.9017785359361398, 'rate_power': 0.9392628488419987}. Best is trial 209 with value: 0.6108097453057891.
[I 2026-05-22 18:13:04,781] Trial 863 finished with value: 0.5965592198313523 and parameters: {'P_amp': 0.04974291624424548, 'P_wet': 705.5383895157537, 'P_pow': 1.4558736070638967, 'WG_amp': 0.45984224302906823, 'WG_Phalf': 4873.4251148392605, 'WG_k': 31.718151180605037, 'WG_c': 0.6863496560594755, 'rain_shift': 0.07825988998008007, 'ign_k': 0.4262267922974452, 'rate_power': 1.0208075625683593}. Best is trial 209 with value: 0.6108097453057891.
[I 2026-05-22 18:13:05,284] Trial 864 finished with value: 0.5271407299681085 and parameters: {'P_amp': 0.5573397609022623, 'P_wet': 3397.7122865619453, 'P_pow': 0.7925632146163446, 'WG_amp': 0.3905406234440419, 'WG_Phalf': 140.4020818351157, 'WG_k': 0.02843670279031116, 'WG_c': 0.00010429718019166333, 'rain_shift': 4.910954426330983, 'ign_k': 0.7511124789653517, 'rate_power': 1.116017147763336}. Best is trial 209 with value: 0.6108097453057891.
[I 2026-05-22 18:13:05,760] Trial 865 finished with value: 0.5736002394367092 and parameters: {'P_amp': 0.004127050165031575, 'P_wet': 1405.4777529825087, 'P_pow': 4.094177209154135, 'WG_amp': 0.478084461278742, 'WG_Phalf': 204.85086701004184, 'WG_k': 72.26210074560558, 'WG_c': 0.7214820856752278, 'rain_shift': 3.4506790440123645, 'ign_k': 0.7099844668265134, 'rate_power': 0.9243941643058362}. Best is trial 209 with value: 0.6108097453057891.
[I 2026-05-22 18:13:06,228] Trial 866 finished with value: 0.5954347499561089 and parameters: {'P_amp': 0.016548736599432942, 'P_wet': 830.3351837653502, 'P_pow': 3.8267373755657164, 'WG_amp': 0.4038183278146288, 'WG_Phalf': 349.7361754533893, 'WG_k': 2.3783699446623876, 'WG_c': 0.12252237117787339, 'rain_shift': 1.3240941816693448, 'ign_k': 1.1092159784544118, 'rate_power': 0.9620391164031797}. Best is trial 209 with value: 0.6108097453057891.
[I 2026-05-22 18:13:06,697] Trial 867 finished with value: 0.5685933256712653 and parameters: {'P_amp': 0.7228757977912394, 'P_wet': 4803.27015436588, 'P_pow': 4.473686114593585, 'WG_amp': 0.37164867785899086, 'WG_Phalf': 2640.4231702926572, 'WG_k': 10.565216029416101, 'WG_c': 0.08444201434569842, 'rain_shift': 5.670505888494204, 'ign_k': 0.07101738882452809, 'rate_power': 0.7048992571935822}. Best is trial 209 with value: 0.6108097453057891.
[I 2026-05-22 18:13:07,168] Trial 868 finished with value: 0.5721918065936022 and parameters: {'P_amp': 0.1498036095622643, 'P_wet': 5783.178103193651, 'P_pow': 3.75134581947461, 'WG_amp': 0.4829735368249193, 'WG_Phalf': 379.9182613167486, 'WG_k': 68.08679251305817, 'WG_c': 0.2314393676694914, 'rain_shift': 1.8186151813346063, 'ign_k': 1.2450242179529254, 'rate_power': 1.2664671124769047}. Best is trial 209 with value: 0.6108097453057891.
[I 2026-05-22 18:13:07,636] Trial 869 finished with value: 0.5389816969600827 and parameters: {'P_amp': 0.6240465818533196, 'P_wet': 1405.491094809496, 'P_pow': 3.7345905376720108, 'WG_amp': 0.08261429639669993, 'WG_Phalf': 982.216945713618, 'WG_k': 0.016766169157951236, 'WG_c': 0.001722844093452882, 'rain_shift': 6.849713827944102, 'ign_k': 1.4401105555933476, 'rate_power': 0.8532550730768103}. Best is trial 209 with value: 0.6108097453057891.
[I 2026-05-22 18:13:08,105] Trial 870 finished with value: 0.5922890388850063 and parameters: {'P_amp': 0.07200701736712614, 'P_wet': 3627.2597863769306, 'P_pow': 1.7627841917206353, 'WG_amp': 0.4210187059675853, 'WG_Phalf': 1112.0959642337882, 'WG_k': 0.4746298843833797, 'WG_c': 0.4193577392645948, 'rain_shift': 2.0488727572185788, 'ign_k': 0.644474809281221, 'rate_power': 0.9508528857424104}. Best is trial 209 with value: 0.6108097453057891.
[I 2026-05-22 18:13:08,572] Trial 871 finished with value: 0.538831198395424 and parameters: {'P_amp': 0.5703818829359959, 'P_wet': 2766.2768355892836, 'P_pow': 5.6061925224058005, 'WG_amp': 0.594049322884824, 'WG_Phalf': 313.2387875620953, 'WG_k': 0.01156767985944996, 'WG_c': 0.16688060635948368, 'rain_shift': 5.897269921703669, 'ign_k': 0.06211009202272364, 'rate_power': 1.2254241210733792}. Best is trial 209 with value: 0.6108097453057891.
[I 2026-05-22 18:13:09,040] Trial 872 finished with value: 0.5774688935800969 and parameters: {'P_amp': 0.20379053039779377, 'P_wet': 5714.924005112268, 'P_pow': 0.2609017994547622, 'WG_amp': 0.27774159561735234, 'WG_Phalf': 758.4031859538454, 'WG_k': 4.706313826979395, 'WG_c': 0.9337073430525771, 'rain_shift': 4.6812689497176105, 'ign_k': 0.2814959879358537, 'rate_power': 0.7772832755307556}. Best is trial 209 with value: 0.6108097453057891.
[I 2026-05-22 18:13:09,504] Trial 873 finished with value: 0.5472199140808108 and parameters: {'P_amp': 0.3014526047651, 'P_wet': 926.311201550917, 'P_pow': 4.393751138917097, 'WG_amp': 0.584099209167799, 'WG_Phalf': 1212.0583418748236, 'WG_k': 8.54614015565006, 'WG_c': 0.03091911746818266, 'rain_shift': 8.513504964363962, 'ign_k': 0.10184738613593872, 'rate_power': 0.8707135538834678}. Best is trial 209 with value: 0.6108097453057891.
[I 2026-05-22 18:13:09,972] Trial 874 finished with value: 0.6062863320622442 and parameters: {'P_amp': 0.04946360590082738, 'P_wet': 2998.6966110402814, 'P_pow': 3.5400612136848153, 'WG_amp': 0.5528075337487668, 'WG_Phalf': 166.2262178461405, 'WG_k': 38.4878663536619, 'WG_c': 0.7752294278862746, 'rain_shift': 0.6978443000331136, 'ign_k': 1.7628194057188593, 'rate_power': 0.9572808926456526}. Best is trial 209 with value: 0.6108097453057891.
[I 2026-05-22 18:13:10,440] Trial 875 finished with value: 0.5785257573039 and parameters: {'P_amp': 0.06733726239860134, 'P_wet': 3826.0452285582624, 'P_pow': 0.23271538710400413, 'WG_amp': 0.5250232578958305, 'WG_Phalf': 1295.24941495163, 'WG_k': 6.015532766305238, 'WG_c': 2.192800817538364, 'rain_shift': 0.23482257095438663, 'ign_k': 0.2716105352995888, 'rate_power': 0.8224300706800083}. Best is trial 209 with value: 0.6108097453057891.
[I 2026-05-22 18:13:10,907] Trial 876 finished with value: 0.5950273580612284 and parameters: {'P_amp': 0.07479659949320064, 'P_wet': 4534.491337055943, 'P_pow': 1.7728833539431972, 'WG_amp': 0.12519508787543068, 'WG_Phalf': 183.18913734176817, 'WG_k': 16.06961059641378, 'WG_c': 1.9878591992440109, 'rain_shift': 1.8341053824901334, 'ign_k': 0.6568369261514343, 'rate_power': 1.0775000900587144}. Best is trial 209 with value: 0.6108097453057891.
[I 2026-05-22 18:13:11,375] Trial 877 finished with value: 0.609144812272959 and parameters: {'P_amp': 0.22233225466607687, 'P_wet': 4012.4076364722223, 'P_pow': 4.118058351609872, 'WG_amp': 0.04967098452606119, 'WG_Phalf': 467.63531753714284, 'WG_k': 9.760715959875677, 'WG_c': 5.062797466184493, 'rain_shift': 0.9936172290119092, 'ign_k': 0.7362957746885113, 'rate_power': 0.9608540932946225}. Best is trial 209 with value: 0.6108097453057891.
[I 2026-05-22 18:13:11,842] Trial 878 finished with value: 0.5996298149708293 and parameters: {'P_amp': 0.045868221039156776, 'P_wet': 4900.467590019855, 'P_pow': 3.130905468616977, 'WG_amp': 0.08053240124504941, 'WG_Phalf': 206.34195228034403, 'WG_k': 0.5245213831258648, 'WG_c': 1.4308867760310706, 'rain_shift': 0.6447855205023317, 'ign_k': 0.3626191383757705, 'rate_power': 0.9965460527332348}. Best is trial 209 with value: 0.6108097453057891.
