[I 2026-05-22 17:34:17,407] Trial 237 finished with value: 0.5163760455467996 and parameters: {'k1': 0.0722945505054378, 'D_low': 3.3106515957211466, 'k2': 0.0009481996076030851, 'D_high': 37275.097731765105, 'fire_exp': 0.40531713995776003, 'P_half': 122.27218545408638, 'pre_dampen_half': 4.267534874442358, 'gpp_af': 0.0013148425607607446, 'gpp_b': 5.324053110969553e-05, 'gpp_d': 0.01360055102316247, 'ign_k': 0.050690296222886545, 'ign_c': 98.95421959813284, 'P_wet_supp': 9569.04821781821, 'P_wet_pow': 2.0585477458793067, 'P_half2': 42.820584051376436, 'P_floor_pow': 1.6838246248932824}. Best is trial 57 with value: 0.5851463522670068.
[I 2026-05-22 17:34:17,960] Trial 238 finished with value: 0.5392114331026986 and parameters: {'k1': 0.006275017865297279, 'D_low': 1.2648842722364295, 'k2': 0.0018337073146479285, 'D_high': 46220.14561059456, 'fire_exp': 0.44046889308636894, 'P_half': 0.5112223228761963, 'pre_dampen_half': 0.23690799592581543, 'gpp_af': 8.302998010550459, 'gpp_b': 2.7135457664100834e-05, 'gpp_d': 674.9386596537754, 'ign_k': 5.246173459096399, 'ign_c': 19.80026859875392, 'P_wet_supp': 638.898206043601, 'P_wet_pow': 3.6582544068493297, 'P_half2': 1.894893891514009, 'P_floor_pow': 1.2670287653052728}. Best is trial 57 with value: 0.5851463522670068.
[I 2026-05-22 17:34:18,510] Trial 239 finished with value: 0.5826238613225091 and parameters: {'k1': 0.0010490737479181553, 'D_low': 27.512595567871557, 'k2': 0.00026373376943693484, 'D_high': 1627.2526023626724, 'fire_exp': 0.4009584369045077, 'P_half': 0.6936491420724362, 'pre_dampen_half': 17.713603292468637, 'gpp_af': 0.7281044806559411, 'gpp_b': 1.2035109755381324e-06, 'gpp_d': 35.039134148658505, 'ign_k': 2.169747408025759, 'ign_c': 22.87075094302048, 'P_wet_supp': 1467.947691276797, 'P_wet_pow': 3.0423824978198466, 'P_half2': 0.7433449678058098, 'P_floor_pow': 2.1356377289729602}. Best is trial 57 with value: 0.5851463522670068.
[I 2026-05-22 17:34:19,061] Trial 240 finished with value: 0.5340375855149562 and parameters: {'k1': 0.025138810049873204, 'D_low': 1.370176076772316, 'k2': 0.00040363744493010327, 'D_high': 16.80384954611711, 'fire_exp': 0.4028993839391064, 'P_half': 405.56162692735467, 'pre_dampen_half': 13.54631686108606, 'gpp_af': 50.798779063642804, 'gpp_b': 8.291588604232106e-05, 'gpp_d': 33.35290351566664, 'ign_k': 0.23263939762704017, 'ign_c': 1.9710832276563583, 'P_wet_supp': 1194.7268699154736, 'P_wet_pow': 3.491767967678498, 'P_half2': 31.264923882342014, 'P_floor_pow': 0.8008212973299997}. Best is trial 57 with value: 0.5851463522670068.
[I 2026-05-22 17:34:19,611] Trial 241 finished with value: 0.5507755927758796 and parameters: {'k1': 0.0001685885270132253, 'D_low': 20.40562738446623, 'k2': 0.00020221472307993993, 'D_high': 347.41568091041125, 'fire_exp': 0.526982058085829, 'P_half': 0.21185859508682278, 'pre_dampen_half': 355.5020709310439, 'gpp_af': 0.21647387881071622, 'gpp_b': 9.443497716700454e-05, 'gpp_d': 1.7926714638681744, 'ign_k': 0.2689408063990347, 'ign_c': 24.839848026690536, 'P_wet_supp': 1756.6223352672118, 'P_wet_pow': 2.6463595546921517, 'P_half2': 1.1488334038286998, 'P_floor_pow': 3.5702970039850013}. Best is trial 57 with value: 0.5851463522670068.
[I 2026-05-22 17:34:20,161] Trial 242 finished with value: 0.5430386312720807 and parameters: {'k1': 0.0004182513192856347, 'D_low': 343.92539839963956, 'k2': 8.482605472043165e-05, 'D_high': 667.8949154786776, 'fire_exp': 0.7038591594905782, 'P_half': 3.6996549653158164, 'pre_dampen_half': 26.269174075910296, 'gpp_af': 0.1111104216546674, 'gpp_b': 2.012560204381954e-06, 'gpp_d': 45.48138114214869, 'ign_k': 0.3311294409193771, 'ign_c': 5.679262491048992, 'P_wet_supp': 2042.1131047833678, 'P_wet_pow': 2.359750806844831, 'P_half2': 20.984057562983256, 'P_floor_pow': 1.9946061419024115}. Best is trial 57 with value: 0.5851463522670068.
[I 2026-05-22 17:34:20,711] Trial 243 finished with value: 0.5695893823322505 and parameters: {'k1': 0.0011204424948343503, 'D_low': 55.80973553305463, 'k2': 0.0008398354031852097, 'D_high': 44448.909954501585, 'fire_exp': 0.5884878344789364, 'P_half': 0.3661159557425832, 'pre_dampen_half': 0.6749974011613583, 'gpp_af': 41.08874640144191, 'gpp_b': 2.4543068691040302e-06, 'gpp_d': 360.81241551631655, 'ign_k': 3.325381714208736, 'ign_c': 2.344727913572837, 'P_wet_supp': 8899.709369497408, 'P_wet_pow': 2.763012150882825, 'P_half2': 24.4679870336145, 'P_floor_pow': 0.4401327435404603}. Best is trial 57 with value: 0.5851463522670068.
[I 2026-05-22 17:34:21,261] Trial 244 finished with value: 0.5633802271696471 and parameters: {'k1': 0.0026029509581265015, 'D_low': 3.6292235663156753, 'k2': 0.03205410080968369, 'D_high': 12809.307230327217, 'fire_exp': 0.41925871795227393, 'P_half': 0.8915154440043899, 'pre_dampen_half': 1.3310914113831693, 'gpp_af': 0.6929745077845806, 'gpp_b': 5.5082799049400865e-06, 'gpp_d': 719.8051035571872, 'ign_k': 0.6063448726794918, 'ign_c': 10.366943123162255, 'P_wet_supp': 4582.17082635252, 'P_wet_pow': 2.9362756312450644, 'P_half2': 1.1412004747725288, 'P_floor_pow': 1.8692300894534384}. Best is trial 57 with value: 0.5851463522670068.
[I 2026-05-22 17:34:21,808] Trial 245 finished with value: 0.46470222015238183 and parameters: {'k1': 0.06612626415156501, 'D_low': 1.3197948178139873, 'k2': 0.002534751155596827, 'D_high': 10491.701271413373, 'fire_exp': 1.2037140125128558, 'P_half': 140.12950371216567, 'pre_dampen_half': 0.1717867770024563, 'gpp_af': 0.05643924334147026, 'gpp_b': 0.0010284259472334387, 'gpp_d': 0.010267388662497951, 'ign_k': 0.04052459787570649, 'ign_c': 3.285372008482815, 'P_wet_supp': 6019.33557513215, 'P_wet_pow': 3.928604005324556, 'P_half2': 0.4198090152037005, 'P_floor_pow': 1.8877768608690266}. Best is trial 57 with value: 0.5851463522670068.
[I 2026-05-22 17:34:22,357] Trial 246 finished with value: 0.5742330661780296 and parameters: {'k1': 0.010235191768773624, 'D_low': 32.14814909125355, 'k2': 0.03761465417305792, 'D_high': 3528.394187800563, 'fire_exp': 0.37274710054812576, 'P_half': 0.6558033480331579, 'pre_dampen_half': 2.0485257899484863, 'gpp_af': 7.154875549815179, 'gpp_b': 2.8980509687659e-05, 'gpp_d': 389.374479055342, 'ign_k': 0.6308282640647487, 'ign_c': 23.617273283199918, 'P_wet_supp': 1047.961450350204, 'P_wet_pow': 2.1424359780160116, 'P_half2': 0.37983582857198556, 'P_floor_pow': 3.0348753063779688}. Best is trial 57 with value: 0.5851463522670068.
[I 2026-05-22 17:34:22,902] Trial 247 finished with value: 0.4663878540872815 and parameters: {'k1': 0.0010304815389138703, 'D_low': 8.59615380265963, 'k2': 0.009651792877707536, 'D_high': 40981.46919106681, 'fire_exp': 0.3943055158532477, 'P_half': 6.425395751286805, 'pre_dampen_half': 1.6228179126097582, 'gpp_af': 0.21866944049456274, 'gpp_b': 1.1930781584964598e-06, 'gpp_d': 893.8863851554576, 'ign_k': 0.1868004416967393, 'ign_c': 79.64313893183729, 'P_wet_supp': 1770.2290663013282, 'P_wet_pow': 3.580101901158807, 'P_half2': 3.47621402583627, 'P_floor_pow': 1.813959189115869}. Best is trial 57 with value: 0.5851463522670068.
[I 2026-05-22 17:34:23,462] Trial 248 finished with value: 0.3994490055432051 and parameters: {'k1': 0.005038856683028112, 'D_low': 10.067150605856844, 'k2': 0.029832906596205196, 'D_high': 131.6777711530945, 'fire_exp': 0.3601413580966282, 'P_half': 10.006339094144193, 'pre_dampen_half': 2.31115525171711, 'gpp_af': 39.346802762794056, 'gpp_b': 0.00023411038483104243, 'gpp_d': 130.79282941797123, 'ign_k': 0.24383816354848448, 'ign_c': 311.4128228331852, 'P_wet_supp': 456.5426220945265, 'P_wet_pow': 1.0110552237497519, 'P_half2': 1.1479796757872396, 'P_floor_pow': 3.3077618166286733}. Best is trial 57 with value: 0.5851463522670068.
[I 2026-05-22 17:34:24,012] Trial 249 finished with value: 0.44159784629890875 and parameters: {'k1': 0.011733378828505905, 'D_low': 153.32747524301547, 'k2': 0.0002531420897799808, 'D_high': 4069.1468436821187, 'fire_exp': 4.563095689252698, 'P_half': 1.1088852883711606, 'pre_dampen_half': 93.23250579222858, 'gpp_af': 0.0015430872699051434, 'gpp_b': 0.0020942447775152946, 'gpp_d': 0.21358273857342094, 'ign_k': 2.436742020895658, 'ign_c': 0.659789464557683, 'P_wet_supp': 3994.750879065975, 'P_wet_pow': 3.6271811184709737, 'P_half2': 776.0460442390132, 'P_floor_pow': 1.4765158278569641}. Best is trial 57 with value: 0.5851463522670068.
[I 2026-05-22 17:34:24,564] Trial 250 finished with value: 0.3994490055432051 and parameters: {'k1': 0.003744236614734879, 'D_low': 47.311351469752246, 'k2': 0.06263711173859697, 'D_high': 40925.375944356005, 'fire_exp': 0.7446530081504635, 'P_half': 0.3163826716894202, 'pre_dampen_half': 0.15724089193527244, 'gpp_af': 0.4941186667633403, 'gpp_b': 1.2412850827422535e-06, 'gpp_d': 327.0114407102381, 'ign_k': 0.5159595905284289, 'ign_c': 314.1205177136652, 'P_wet_supp': 441.1562908783131, 'P_wet_pow': 1.3052892893125472, 'P_half2': 0.15469318279246258, 'P_floor_pow': 3.8311678996608123}. Best is trial 57 with value: 0.5851463522670068.
[I 2026-05-22 17:34:25,116] Trial 251 finished with value: 0.587606512700343 and parameters: {'k1': 0.0034621878229004234, 'D_low': 1.3701941038600587, 'k2': 0.02494706603300085, 'D_high': 2752.8870517382293, 'fire_exp': 0.5245999806463397, 'P_half': 0.10352747753578855, 'pre_dampen_half': 5.973199220797438, 'gpp_af': 0.06382800416329454, 'gpp_b': 3.889110401039474e-06, 'gpp_d': 8.0162137988125, 'ign_k': 0.3437747025031849, 'ign_c': 16.429465230814454, 'P_wet_supp': 5482.320533483857, 'P_wet_pow': 3.89143003051465, 'P_half2': 0.252951983588856, 'P_floor_pow': 2.741477054397748}. Best is trial 251 with value: 0.587606512700343.
[I 2026-05-22 17:34:25,668] Trial 252 finished with value: 0.46479150679683323 and parameters: {'k1': 0.003207995139488436, 'D_low': 1.8767746916175627, 'k2': 0.007891346567753822, 'D_high': 339.2531183620903, 'fire_exp': 0.9965852461885852, 'P_half': 0.26535047101592635, 'pre_dampen_half': 0.013466273736294545, 'gpp_af': 0.03950797970735549, 'gpp_b': 2.8298498018108793e-05, 'gpp_d': 1.6047515778162802, 'ign_k': 0.05412064487695868, 'ign_c': 12.282411331686651, 'P_wet_supp': 5749.832308419001, 'P_wet_pow': 4.5663671098802725, 'P_half2': 0.39343982354317786, 'P_floor_pow': 3.467397433012742}. Best is trial 251 with value: 0.587606512700343.
[I 2026-05-22 17:34:26,220] Trial 253 finished with value: 0.5646536886053211 and parameters: {'k1': 0.00012267001654351752, 'D_low': 10.50709421685809, 'k2': 0.0002025828567804765, 'D_high': 17603.324484290013, 'fire_exp': 0.6723381378195475, 'P_half': 5.529632029979327, 'pre_dampen_half': 0.9104185867679014, 'gpp_af': 1.006607869944643, 'gpp_b': 2.3942473397434592e-06, 'gpp_d': 607.9924954848645, 'ign_k': 3.441874058273351, 'ign_c': 1.5119799457372733, 'P_wet_supp': 6149.356363186998, 'P_wet_pow': 4.518223512589252, 'P_half2': 0.10270546531462486, 'P_floor_pow': 0.4933760232899135}. Best is trial 251 with value: 0.587606512700343.
[I 2026-05-22 17:34:26,773] Trial 254 finished with value: 0.40653998627909615 and parameters: {'k1': 0.08715056232141369, 'D_low': 1164.1416198235186, 'k2': 0.00060244111657306, 'D_high': 14672.213214785026, 'fire_exp': 0.9134827443129362, 'P_half': 971.0773083059682, 'pre_dampen_half': 104.45417748622232, 'gpp_af': 2.8951810154181934, 'gpp_b': 1.2461673433419237e-05, 'gpp_d': 110.15012624618582, 'ign_k': 0.5977158899567837, 'ign_c': 37.7063145093854, 'P_wet_supp': 7839.436120124237, 'P_wet_pow': 1.5354290544781461, 'P_half2': 375.0450282607829, 'P_floor_pow': 0.2001816119637695}. Best is trial 251 with value: 0.587606512700343.
[I 2026-05-22 17:34:27,324] Trial 255 finished with value: 0.5247348622974114 and parameters: {'k1': 0.0005281869195421912, 'D_low': 11.076424154284076, 'k2': 0.03986801310776541, 'D_high': 16912.437851205053, 'fire_exp': 1.1640453617127042, 'P_half': 0.14468305725122263, 'pre_dampen_half': 1.6059677439219044, 'gpp_af': 1.823979354324336, 'gpp_b': 9.413737475880774e-06, 'gpp_d': 12.440977847856793, 'ign_k': 0.028436805643101446, 'ign_c': 2.1941636200461327, 'P_wet_supp': 3016.014538412903, 'P_wet_pow': 2.673230407634758, 'P_half2': 0.41924056619232986, 'P_floor_pow': 1.441945708860604}. Best is trial 251 with value: 0.587606512700343.
[I 2026-05-22 17:34:27,874] Trial 256 finished with value: 0.5689586817652598 and parameters: {'k1': 0.0008194387256641966, 'D_low': 16.632386970606362, 'k2': 0.0008869640232473539, 'D_high': 45436.421602418326, 'fire_exp': 0.3839063426458154, 'P_half': 0.6521362006529638, 'pre_dampen_half': 1.3208597298234808, 'gpp_af': 0.013907121445861665, 'gpp_b': 0.00018542878119111853, 'gpp_d': 250.25941645313048, 'ign_k': 2.5974708078263666, 'ign_c': 9.614841570819083, 'P_wet_supp': 8130.568944024678, 'P_wet_pow': 3.275200151766461, 'P_half2': 0.27910124150906584, 'P_floor_pow': 1.0503370914105619}. Best is trial 251 with value: 0.587606512700343.
[I 2026-05-22 17:34:28,425] Trial 257 finished with value: 0.47302146368196907 and parameters: {'k1': 0.00022522264024975045, 'D_low': 7.518474937006223, 'k2': 5.067385820943558e-05, 'D_high': 8274.169310677322, 'fire_exp': 1.518794002006039, 'P_half': 87.7950071592222, 'pre_dampen_half': 0.23117704541472525, 'gpp_af': 0.4495663581637064, 'gpp_b': 1.3731570723988276e-05, 'gpp_d': 753.5721757569347, 'ign_k': 5.697339570193983, 'ign_c': 1.5354353489904493, 'P_wet_supp': 4284.311394084191, 'P_wet_pow': 4.936769372672757, 'P_half2': 0.3292371738964581, 'P_floor_pow': 1.92626090018301}. Best is trial 251 with value: 0.587606512700343.
[I 2026-05-22 17:34:28,977] Trial 258 finished with value: 0.3993493149628582 and parameters: {'k1': 0.0006091021617368522, 'D_low': 146.5318814040513, 'k2': 0.01611544407498199, 'D_high': 2502.372908046963, 'fire_exp': 0.5776396088446984, 'P_half': 0.7742599839141966, 'pre_dampen_half': 1.06265221943973, 'gpp_af': 1.9877220051712228, 'gpp_b': 9.870453668038281e-05, 'gpp_d': 120.06016567283088, 'ign_k': 4.332578920039425, 'ign_c': 43.4140606542745, 'P_wet_supp': 5233.944729773148, 'P_wet_pow': 1.7633416457081934, 'P_half2': 0.24577780115162506, 'P_floor_pow': 2.493535247679451}. Best is trial 251 with value: 0.587606512700343.
[I 2026-05-22 17:34:29,525] Trial 259 finished with value: 0.5171933034174624 and parameters: {'k1': 0.00022802609769478433, 'D_low': 72.64203287826388, 'k2': 0.004295018117546022, 'D_high': 66932.29978160012, 'fire_exp': 0.48315813150121867, 'P_half': 0.18208029681018487, 'pre_dampen_half': 1.0023121596308766, 'gpp_af': 0.011250662319723404, 'gpp_b': 0.00034930164071645374, 'gpp_d': 95.57916611593326, 'ign_k': 2.391790305123136, 'ign_c': 26.41797169635627, 'P_wet_supp': 5154.360503161813, 'P_wet_pow': 3.0152236039508704, 'P_half2': 1.203050156491991, 'P_floor_pow': 1.6301697781976456}. Best is trial 251 with value: 0.587606512700343.
[I 2026-05-22 17:34:30,077] Trial 260 finished with value: 0.5523023186766242 and parameters: {'k1': 0.0009197417847748099, 'D_low': 166.14367212636552, 'k2': 0.00035355278527635255, 'D_high': 4262.902063355222, 'fire_exp': 0.43347539184538153, 'P_half': 20.333481841592423, 'pre_dampen_half': 3.5577840568537833, 'gpp_af': 0.4298607749855756, 'gpp_b': 4.3726136550560445e-05, 'gpp_d': 192.72849666449295, 'ign_k': 3.7392967783931996, 'ign_c': 0.9433122472721965, 'P_wet_supp': 7469.15360511039, 'P_wet_pow': 4.919779160897038, 'P_half2': 1.2484311577672438, 'P_floor_pow': 1.1214529761319292}. Best is trial 251 with value: 0.587606512700343.
[I 2026-05-22 17:34:30,631] Trial 261 finished with value: 0.5087334591322054 and parameters: {'k1': 2.954502265401444e-05, 'D_low': 3.841778705157025, 'k2': 0.00042746682850836444, 'D_high': 6920.827416548903, 'fire_exp': 0.7766517791022862, 'P_half': 0.6375248105951389, 'pre_dampen_half': 0.03900742962603733, 'gpp_af': 1.3347018943579119, 'gpp_b': 4.182456736833731e-06, 'gpp_d': 338.58566960035046, 'ign_k': 1.8715322972878732, 'ign_c': 1.300287368215321, 'P_wet_supp': 2429.401888000848, 'P_wet_pow': 4.946602981128812, 'P_half2': 0.11004873433552745, 'P_floor_pow': 0.7892030485510535}. Best is trial 251 with value: 0.587606512700343.
[I 2026-05-22 17:34:31,176] Trial 262 finished with value: 0.4775403942162666 and parameters: {'k1': 0.00020952192060870348, 'D_low': 6.523460128414195, 'k2': 0.0003620455517299286, 'D_high': 233.43079226637045, 'fire_exp': 0.7996260242768904, 'P_half': 0.2600659896180109, 'pre_dampen_half': 31.456356820792504, 'gpp_af': 0.15777935854794758, 'gpp_b': 3.4985651946971657e-06, 'gpp_d': 16.116418900897678, 'ign_k': 7.439185181459715, 'ign_c': 14.833006505250028, 'P_wet_supp': 224.02731217928476, 'P_wet_pow': 2.387408469901432, 'P_half2': 1.1155848457748514, 'P_floor_pow': 1.3153642352689867}. Best is trial 251 with value: 0.587606512700343.
[I 2026-05-22 17:34:31,721] Trial 263 finished with value: 0.3994490055432051 and parameters: {'k1': 0.0280908536558587, 'D_low': 1.3456954295738675, 'k2': 0.025183961624378873, 'D_high': 18295.265402921683, 'fire_exp': 0.7519125863383577, 'P_half': 0.8195992348804275, 'pre_dampen_half': 5.953707615014265, 'gpp_af': 0.018216323168621002, 'gpp_b': 3.0596742203838438e-06, 'gpp_d': 8.44711109744891, 'ign_k': 0.4922656359518255, 'ign_c': 236.09076450878035, 'P_wet_supp': 8920.89468436992, 'P_wet_pow': 3.8477251639611736, 'P_half2': 0.1255097673659856, 'P_floor_pow': 2.7871244298507003}. Best is trial 251 with value: 0.587606512700343.
[I 2026-05-22 17:34:32,264] Trial 264 finished with value: 0.5140587338332973 and parameters: {'k1': 0.010489239522146108, 'D_low': 3.0195480756320445, 'k2': 0.0001799237411503854, 'D_high': 29467.95927415272, 'fire_exp': 1.4044959138636848, 'P_half': 81.98118238631731, 'pre_dampen_half': 2.1623283405134046, 'gpp_af': 0.001595812133250146, 'gpp_b': 2.5035630767993704e-05, 'gpp_d': 0.020470040752827535, 'ign_k': 0.07430683437817898, 'ign_c': 0.5280260060087866, 'P_wet_supp': 1324.7705390044982, 'P_wet_pow': 2.9264441849824374, 'P_half2': 0.2297043110503312, 'P_floor_pow': 2.8634812320393355}. Best is trial 251 with value: 0.587606512700343.
[I 2026-05-22 17:34:32,806] Trial 265 finished with value: 0.4875123006787388 and parameters: {'k1': 0.003548953572846615, 'D_low': 135.84688746474157, 'k2': 0.028807391459233424, 'D_high': 197.08929554107638, 'fire_exp': 0.40538738251947376, 'P_half': 0.2903529392822643, 'pre_dampen_half': 0.6988214538536852, 'gpp_af': 8.946927888026764, 'gpp_b': 0.0007217684200986157, 'gpp_d': 424.0159336553346, 'ign_k': 0.4116654001348833, 'ign_c': 1.0378745131476121, 'P_wet_supp': 1347.2428160452048, 'P_wet_pow': 2.074735744402943, 'P_half2': 0.12121460079155134, 'P_floor_pow': 3.267417895389404}. Best is trial 251 with value: 0.587606512700343.
[I 2026-05-22 17:34:33,347] Trial 266 finished with value: 0.5638450293107587 and parameters: {'k1': 0.028366418194226112, 'D_low': 9.605190391716773, 'k2': 0.0013018401979223652, 'D_high': 5103.6443142886765, 'fire_exp': 0.44096123968023054, 'P_half': 0.27671137324200473, 'pre_dampen_half': 0.8073344587709357, 'gpp_af': 85.17027825820097, 'gpp_b': 1.5309101498268205e-06, 'gpp_d': 642.8129644361672, 'ign_k': 0.576235239348982, 'ign_c': 0.32966632714464444, 'P_wet_supp': 3420.8015279249607, 'P_wet_pow': 4.025609028796299, 'P_half2': 2.4216804898279096, 'P_floor_pow': 0.8945869938106312}. Best is trial 251 with value: 0.587606512700343.
[I 2026-05-22 17:34:33,889] Trial 267 finished with value: 0.5251316225603524 and parameters: {'k1': 0.005460615892964129, 'D_low': 4.182180637619929, 'k2': 0.0468398419290555, 'D_high': 1236.838093371458, 'fire_exp': 0.561161034739557, 'P_half': 0.6202683519565294, 'pre_dampen_half': 52.49816002749698, 'gpp_af': 12.150707222794818, 'gpp_b': 7.563877323114221e-05, 'gpp_d': 223.745751410132, 'ign_k': 0.21722573888974273, 'ign_c': 0.16946856374236985, 'P_wet_supp': 2074.0579813476656, 'P_wet_pow': 3.145461812562628, 'P_half2': 0.5023748900750736, 'P_floor_pow': 0.8337162769790311}. Best is trial 251 with value: 0.587606512700343.
[I 2026-05-22 17:34:34,431] Trial 268 finished with value: 0.546033707293619 and parameters: {'k1': 0.0004797950853846171, 'D_low': 192.72538003168992, 'k2': 0.00023040155330291385, 'D_high': 3539.749729659436, 'fire_exp': 0.5775361154816014, 'P_half': 0.5754631241474182, 'pre_dampen_half': 15.019550370954539, 'gpp_af': 14.32000333346546, 'gpp_b': 2.176679099079226e-06, 'gpp_d': 108.18653154444632, 'ign_k': 6.708626593095708, 'ign_c': 1.1309611402390967, 'P_wet_supp': 4189.406865896947, 'P_wet_pow': 2.341721161418337, 'P_half2': 2.680615365610204, 'P_floor_pow': 0.5055435295385373}. Best is trial 251 with value: 0.587606512700343.
[I 2026-05-22 17:34:34,971] Trial 269 finished with value: 0.5601694069341879 and parameters: {'k1': 0.0034118171252861106, 'D_low': 2.1063056283993924, 'k2': 0.004193765571859146, 'D_high': 1855.8975737818091, 'fire_exp': 0.8920633026675933, 'P_half': 0.5203280491573711, 'pre_dampen_half': 15.884741070153574, 'gpp_af': 0.07223036017299206, 'gpp_b': 1.96310288088598e-05, 'gpp_d': 1.94954692726189, 'ign_k': 0.06598712504078683, 'ign_c': 3.5555485279267782, 'P_wet_supp': 7187.304880371685, 'P_wet_pow': 3.428077206133465, 'P_half2': 2.797879965492215, 'P_floor_pow': 3.876793670158247}. Best is trial 251 with value: 0.587606512700343.
[I 2026-05-22 17:34:35,512] Trial 270 finished with value: 0.4514424993191804 and parameters: {'k1': 0.0021811273674269016, 'D_low': 1.3308762584512828, 'k2': 8.18544624085415e-05, 'D_high': 68648.08915240309, 'fire_exp': 0.36868998179216755, 'P_half': 31.77776935294884, 'pre_dampen_half': 0.05536819385752976, 'gpp_af': 0.008854214961312534, 'gpp_b': 3.356367867189568e-05, 'gpp_d': 0.16691857274133423, 'ign_k': 1.537498081836206, 'ign_c': 28.72860634202727, 'P_wet_supp': 2078.104709456388, 'P_wet_pow': 2.761296751596217, 'P_half2': 1399.7385539377929, 'P_floor_pow': 3.057349770144211}. Best is trial 251 with value: 0.587606512700343.
