[I 2026-05-22 17:39:04,602] Trial 251 finished with value: 0.5232728370941212 and parameters: {'k1': 0.02161676468557374, 'D_low': 426.3548898404528, 'k2': 0.060433431182256775, 'D_high': 18605.387081745437, 'fire_exp': 0.7727471343949726, 'P_half': 525.4765445834811, 'pre_dampen_half': 15.47112221500178, 'gpp_af': 0.19322333972116576, 'gpp_b': 0.0002066747123946153, 'gpp_d': 950.2300063000447, 'ign_k': 9.292978207459596, 'ign_c': 2.192567399797666, 'ign_k2': 6.823306151448624, 'ign_c2': 0.297642624010574, 'rain_shift': 3.683655587459693}. Best is trial 0 with value: 0.5948382818560959.
[I 2026-05-22 17:39:05,151] Trial 252 finished with value: 0.5202189891603828 and parameters: {'k1': 0.000929681157388122, 'D_low': 5.589076951547922, 'k2': 0.00091034603447327, 'D_high': 34.06861372445359, 'fire_exp': 0.43117978660423695, 'P_half': 12.164789069122605, 'pre_dampen_half': 214.47023038631292, 'gpp_af': 44.85064334465649, 'gpp_b': 0.4338952130742764, 'gpp_d': 170.05577930676174, 'ign_k': 2.2981956984577, 'ign_c': 9.494892173539261, 'ign_k2': 8.952624864958382, 'ign_c2': 0.1114286346231778, 'rain_shift': 4.146147569506555}. Best is trial 0 with value: 0.5948382818560959.
[I 2026-05-22 17:39:05,696] Trial 253 finished with value: 0.5574293681247412 and parameters: {'k1': 0.00014541085285481363, 'D_low': 553.0960204228544, 'k2': 0.04347465907110111, 'D_high': 2395.4648721991653, 'fire_exp': 1.1035397751111153, 'P_half': 36.829654152302446, 'pre_dampen_half': 35.40703585131795, 'gpp_af': 0.0010638062462429482, 'gpp_b': 2.2424412293114052e-05, 'gpp_d': 45.77236261261648, 'ign_k': 0.900835271342883, 'ign_c': 2.5842234298302023, 'ign_k2': 5.761735818790033, 'ign_c2': 0.5965571632470924, 'rain_shift': 8.627268593688868}. Best is trial 0 with value: 0.5948382818560959.
[I 2026-05-22 17:39:06,244] Trial 254 finished with value: 0.5471902438319586 and parameters: {'k1': 0.07662438242360385, 'D_low': 6.515216985556968, 'k2': 2.9689919804289158e-05, 'D_high': 2530.1313197676864, 'fire_exp': 0.40494079419046713, 'P_half': 17.168440367495013, 'pre_dampen_half': 8.40701606621406, 'gpp_af': 79.8815157940879, 'gpp_b': 0.006471766836701325, 'gpp_d': 18.273090515360206, 'ign_k': 0.001989942171318742, 'ign_c': 1.5612256208234074, 'ign_k2': 6.687412449009931, 'ign_c2': 0.6104649123697298, 'rain_shift': 10.863027534994426}. Best is trial 0 with value: 0.5948382818560959.
[I 2026-05-22 17:39:06,792] Trial 255 finished with value: 0.48841834423475433 and parameters: {'k1': 0.0001124226685023185, 'D_low': 3.184356168492315, 'k2': 0.02091722445836571, 'D_high': 9033.7102067877, 'fire_exp': 0.6745855477938504, 'P_half': 0.4166017114605202, 'pre_dampen_half': 4.522074277643106, 'gpp_af': 0.17780934721339878, 'gpp_b': 0.00016741892274142392, 'gpp_d': 239.6450895416518, 'ign_k': 0.008250850797867486, 'ign_c': 5.3894827836398935, 'ign_k2': 0.17754928856415056, 'ign_c2': 0.12495112694334, 'rain_shift': 12.709052697165454}. Best is trial 0 with value: 0.5948382818560959.
[I 2026-05-22 17:39:07,340] Trial 256 finished with value: 0.4084579325892078 and parameters: {'k1': 0.002984314874789182, 'D_low': 4.038548563920152, 'k2': 8.79422447353326e-05, 'D_high': 173.8596445097096, 'fire_exp': 0.4632154214217659, 'P_half': 0.4768529704030152, 'pre_dampen_half': 176.03141465355813, 'gpp_af': 34.44338136017233, 'gpp_b': 0.0027134168533743345, 'gpp_d': 257.76535337475116, 'ign_k': 7.3963994454604505, 'ign_c': 32.42805163828715, 'ign_k2': 8.79430470910905, 'ign_c2': 0.15563745570084728, 'rain_shift': 11.049482336103582}. Best is trial 0 with value: 0.5948382818560959.
[I 2026-05-22 17:39:07,884] Trial 257 finished with value: 0.5583204676688097 and parameters: {'k1': 0.004958270880257928, 'D_low': 2.1895069558902187, 'k2': 0.0014182522876495553, 'D_high': 617.5966063424827, 'fire_exp': 0.40095811457215924, 'P_half': 479.10350438064887, 'pre_dampen_half': 0.6301693662508425, 'gpp_af': 0.0017752218831731334, 'gpp_b': 2.6509117511622575e-06, 'gpp_d': 71.68703387198381, 'ign_k': 1.1963350538849717, 'ign_c': 0.49843427602308393, 'ign_k2': 1.0949594827348412, 'ign_c2': 0.10882499616355717, 'rain_shift': 13.014626229893263}. Best is trial 0 with value: 0.5948382818560959.
[I 2026-05-22 17:39:08,429] Trial 258 finished with value: 0.5837821288909114 and parameters: {'k1': 0.0010225518557669643, 'D_low': 11.025374291293131, 'k2': 0.004597173535150608, 'D_high': 499.50910307395566, 'fire_exp': 0.5060580991200653, 'P_half': 0.5389297646458935, 'pre_dampen_half': 503.1049917271708, 'gpp_af': 1.103664755952781, 'gpp_b': 0.005535203678005826, 'gpp_d': 115.72373863838308, 'ign_k': 1.1044816117354384, 'ign_c': 0.32503329518141516, 'ign_k2': 5.521063924904332, 'ign_c2': 0.37300641231910353, 'rain_shift': 7.0147102340957845}. Best is trial 0 with value: 0.5948382818560959.
[I 2026-05-22 17:39:08,971] Trial 259 finished with value: 0.5256094446480671 and parameters: {'k1': 0.0016275961800316268, 'D_low': 3.888812310446486, 'k2': 0.0014382578106229213, 'D_high': 1024.1309102449359, 'fire_exp': 0.556214073650283, 'P_half': 2.010135170044896, 'pre_dampen_half': 263.65838860919354, 'gpp_af': 0.39265315036952625, 'gpp_b': 0.11704908767764324, 'gpp_d': 33.06692250502604, 'ign_k': 2.1794285444771857, 'ign_c': 1.3900721495011292, 'ign_k2': 6.675488309597696, 'ign_c2': 0.2146944968588653, 'rain_shift': 4.651150416446188}. Best is trial 0 with value: 0.5948382818560959.
[I 2026-05-22 17:39:09,516] Trial 260 finished with value: 0.5852011680533432 and parameters: {'k1': 0.08697757260473635, 'D_low': 8.590684349199382, 'k2': 0.0016979001096892527, 'D_high': 355.7983230860767, 'fire_exp': 0.4215160902639519, 'P_half': 51.15581388931929, 'pre_dampen_half': 158.98846907953495, 'gpp_af': 0.002407495903485942, 'gpp_b': 1.3684855496598593e-06, 'gpp_d': 13.877107473421143, 'ign_k': 1.0703960666222034, 'ign_c': 11.579615958985848, 'ign_k2': 1.1245920549402033, 'ign_c2': 0.1271781331351363, 'rain_shift': 11.587352767111978}. Best is trial 0 with value: 0.5948382818560959.
[I 2026-05-22 17:39:10,062] Trial 261 finished with value: 0.5156372653770378 and parameters: {'k1': 0.0089872466290148, 'D_low': 4.773783782500791, 'k2': 0.00237362732503327, 'D_high': 1412.8611203181658, 'fire_exp': 0.4570443020062806, 'P_half': 12.324707120703, 'pre_dampen_half': 21.392882657392363, 'gpp_af': 0.0012972524946660933, 'gpp_b': 5.481793628825333e-06, 'gpp_d': 9.48136737236135, 'ign_k': 0.8638031262342086, 'ign_c': 12.825668388574552, 'ign_k2': 0.08120581621552644, 'ign_c2': 0.24493656061353136, 'rain_shift': 8.372842820054816}. Best is trial 0 with value: 0.5948382818560959.
[I 2026-05-22 17:39:10,626] Trial 262 finished with value: 0.5543146341712131 and parameters: {'k1': 0.09324598571084212, 'D_low': 8.25776017518861, 'k2': 1.92210182130705e-05, 'D_high': 2609.129920412655, 'fire_exp': 0.6683852789935537, 'P_half': 87.67100413930824, 'pre_dampen_half': 11.623150699606345, 'gpp_af': 0.0013686892100725507, 'gpp_b': 1.0844413334193917e-06, 'gpp_d': 124.39751530493999, 'ign_k': 0.3131765771863569, 'ign_c': 18.70300371468391, 'ign_k2': 0.8310552778396783, 'ign_c2': 0.36245499411800713, 'rain_shift': 18.590832858958166}. Best is trial 0 with value: 0.5948382818560959.
[I 2026-05-22 17:39:11,168] Trial 263 finished with value: 0.5917444800173326 and parameters: {'k1': 0.026018135087511468, 'D_low': 41.05846014338765, 'k2': 0.0012882734468522916, 'D_high': 846.3281518997686, 'fire_exp': 0.37946867470064255, 'P_half': 3.0530512452380263, 'pre_dampen_half': 118.02945296094451, 'gpp_af': 0.0013854865227862743, 'gpp_b': 1.4408813578066988e-06, 'gpp_d': 32.821182695934226, 'ign_k': 0.13047870966135694, 'ign_c': 5.275692353369402, 'ign_k2': 4.175293878158784, 'ign_c2': 0.19511273181083497, 'rain_shift': 8.55028669346678}. Best is trial 0 with value: 0.5948382818560959.
[I 2026-05-22 17:39:11,709] Trial 264 finished with value: 0.5698688207273356 and parameters: {'k1': 0.06029952363956608, 'D_low': 8.598678351425006, 'k2': 0.003023109776053757, 'D_high': 167.16958378944355, 'fire_exp': 0.3900037739628695, 'P_half': 98.02779910888302, 'pre_dampen_half': 396.0187346071504, 'gpp_af': 0.01103501429169992, 'gpp_b': 8.932322893444452e-06, 'gpp_d': 10.9347919237506, 'ign_k': 0.17402605163590915, 'ign_c': 19.774628729930193, 'ign_k2': 3.48651087983233, 'ign_c2': 0.5552454266527602, 'rain_shift': 10.416046627470111}. Best is trial 0 with value: 0.5948382818560959.
[I 2026-05-22 17:39:12,249] Trial 265 finished with value: 0.5422329783404943 and parameters: {'k1': 0.09895380671026524, 'D_low': 7.532501656890427, 'k2': 0.0004650694872278191, 'D_high': 267.1192648501931, 'fire_exp': 0.8984383721855227, 'P_half': 151.33877183370873, 'pre_dampen_half': 5.236972780964085, 'gpp_af': 0.004714084705745901, 'gpp_b': 2.0029800471579467e-05, 'gpp_d': 2.7962408155755947, 'ign_k': 8.65986720875823, 'ign_c': 4.977979773327899, 'ign_k2': 8.97668850735301, 'ign_c2': 0.17522036995937218, 'rain_shift': 12.342923845380989}. Best is trial 0 with value: 0.5948382818560959.
[I 2026-05-22 17:39:12,788] Trial 266 finished with value: 0.5152604909836688 and parameters: {'k1': 0.001307309727701168, 'D_low': 33.57313454827425, 'k2': 0.008526981291494946, 'D_high': 89.96005103085682, 'fire_exp': 0.43738776052406836, 'P_half': 0.14334900043803442, 'pre_dampen_half': 420.83470712941886, 'gpp_af': 0.4980071670305408, 'gpp_b': 0.02474753240131794, 'gpp_d': 237.72714681317015, 'ign_k': 3.132247653980226, 'ign_c': 0.5953552487531224, 'ign_k2': 7.817956610965295, 'ign_c2': 0.8911085588944639, 'rain_shift': 4.457204991813008}. Best is trial 0 with value: 0.5948382818560959.
[I 2026-05-22 17:39:13,329] Trial 267 finished with value: 0.5704421902304861 and parameters: {'k1': 0.01482186759171354, 'D_low': 216.73382598002297, 'k2': 0.05915021139210222, 'D_high': 26978.488339641826, 'fire_exp': 0.35144275721913726, 'P_half': 8937.050082832153, 'pre_dampen_half': 30.654348232376595, 'gpp_af': 0.016597606510056897, 'gpp_b': 1.4679181286425073e-05, 'gpp_d': 93.00950275956636, 'ign_k': 8.069993818375318, 'ign_c': 1.2106565352839938, 'ign_k2': 9.17725525419637, 'ign_c2': 0.10117473192828087, 'rain_shift': 6.162047400311529}. Best is trial 0 with value: 0.5948382818560959.
[I 2026-05-22 17:39:13,870] Trial 268 finished with value: 0.5868840682687376 and parameters: {'k1': 0.009206109537514051, 'D_low': 23.887479911426357, 'k2': 0.0013738478767943017, 'D_high': 555.5362241838095, 'fire_exp': 0.6912392459586393, 'P_half': 0.6282831606328674, 'pre_dampen_half': 46.363675751465124, 'gpp_af': 3.2356445094779436, 'gpp_b': 0.0064220231902058994, 'gpp_d': 341.8900549237658, 'ign_k': 0.1625024173952193, 'ign_c': 0.18609280767644193, 'ign_k2': 2.8446102717176647, 'ign_c2': 0.3899776070446468, 'rain_shift': 6.358357834118908}. Best is trial 0 with value: 0.5948382818560959.
[I 2026-05-22 17:39:14,408] Trial 269 finished with value: 0.5037933262576955 and parameters: {'k1': 0.06775160649389333, 'D_low': 169.71986236768817, 'k2': 0.07477831310000368, 'D_high': 1051.7761138824565, 'fire_exp': 1.3269033186484853, 'P_half': 882.8047471239154, 'pre_dampen_half': 24.77400736472298, 'gpp_af': 0.01023538862160258, 'gpp_b': 0.00031585255361784404, 'gpp_d': 138.86453791743347, 'ign_k': 0.0480099867405457, 'ign_c': 0.37531222832644584, 'ign_k2': 0.03805617213445513, 'ign_c2': 0.2578687779706871, 'rain_shift': 7.911633311532429}. Best is trial 0 with value: 0.5948382818560959.
[I 2026-05-22 17:39:14,956] Trial 270 finished with value: 0.5585966601723158 and parameters: {'k1': 8.77673700821905e-05, 'D_low': 3.8821469637278265, 'k2': 0.054705360964824465, 'D_high': 2847.2795375418123, 'fire_exp': 0.5862915046882328, 'P_half': 0.3341056129344861, 'pre_dampen_half': 84.56313680294787, 'gpp_af': 13.280453934834933, 'gpp_b': 0.00042941971343473176, 'gpp_d': 11.30463884063029, 'ign_k': 0.021616885906401925, 'ign_c': 0.20748770165908878, 'ign_k2': 1.3306428019097805, 'ign_c2': 0.11041830860798545, 'rain_shift': 9.306112652913619}. Best is trial 0 with value: 0.5948382818560959.
[I 2026-05-22 17:39:15,501] Trial 271 finished with value: 0.5797172197212372 and parameters: {'k1': 0.06293414345051433, 'D_low': 20.388061056743034, 'k2': 0.0046791003829490495, 'D_high': 1158.0561544828238, 'fire_exp': 0.3877909848889732, 'P_half': 288.15997233957154, 'pre_dampen_half': 11.559816415541428, 'gpp_af': 0.03914237933593299, 'gpp_b': 4.504081237874701e-06, 'gpp_d': 216.68013150064422, 'ign_k': 2.768381297295125, 'ign_c': 16.21054573358777, 'ign_k2': 0.08487508343183203, 'ign_c2': 0.14357351938636617, 'rain_shift': 14.322676798912955}. Best is trial 0 with value: 0.5948382818560959.
[I 2026-05-22 17:39:16,045] Trial 272 finished with value: 0.5540094827753462 and parameters: {'k1': 0.0058676053268660955, 'D_low': 192.31691442002318, 'k2': 0.0009143110079451143, 'D_high': 434.5715785756035, 'fire_exp': 0.3997776456812024, 'P_half': 0.6095196734898837, 'pre_dampen_half': 1.1077780288064314, 'gpp_af': 6.000395981508807, 'gpp_b': 0.05863875908743284, 'gpp_d': 101.92214503349706, 'ign_k': 0.1645144494797351, 'ign_c': 0.18177740781065643, 'ign_k2': 8.179702790212545, 'ign_c2': 0.5135350768237408, 'rain_shift': 3.761246175286818}. Best is trial 0 with value: 0.5948382818560959.
[I 2026-05-22 17:39:16,586] Trial 273 finished with value: 0.3994490055432051 and parameters: {'k1': 0.017988201370657285, 'D_low': 1.9034059306888813, 'k2': 0.0004908671500123124, 'D_high': 1237.8878250545088, 'fire_exp': 1.2016867982111967, 'P_half': 1072.8735895258826, 'pre_dampen_half': 23.72235739699004, 'gpp_af': 0.02595595890956381, 'gpp_b': 2.1299843048219607e-05, 'gpp_d': 96.36930143576137, 'ign_k': 5.7836128068337995, 'ign_c': 75.98582761591828, 'ign_k2': 0.006669682461680518, 'ign_c2': 0.3230833614134245, 'rain_shift': 11.313029011208037}. Best is trial 0 with value: 0.5948382818560959.
[I 2026-05-22 17:39:17,127] Trial 274 finished with value: 0.5215609608499846 and parameters: {'k1': 0.053946522273431774, 'D_low': 74.3130105748673, 'k2': 0.0013737877420349058, 'D_high': 217.0393306892065, 'fire_exp': 1.0691010186974372, 'P_half': 0.41199286173108385, 'pre_dampen_half': 65.15997174143796, 'gpp_af': 0.006471312138446324, 'gpp_b': 0.00023500763069799374, 'gpp_d': 0.8499368661891421, 'ign_k': 0.022045608776600664, 'ign_c': 2.026954192635162, 'ign_k2': 0.5024065388109895, 'ign_c2': 0.42545263686963686, 'rain_shift': 9.239551299864415}. Best is trial 0 with value: 0.5948382818560959.
[I 2026-05-22 17:39:17,675] Trial 275 finished with value: 0.5668705326818355 and parameters: {'k1': 0.0158897209526796, 'D_low': 2.877007575610969, 'k2': 0.0008562394154092044, 'D_high': 1324.2429091440556, 'fire_exp': 1.0695918441585748, 'P_half': 1.0606142283992657, 'pre_dampen_half': 169.04171559339775, 'gpp_af': 0.00103604749729038, 'gpp_b': 1.3925162830480449e-06, 'gpp_d': 128.8810714721128, 'ign_k': 0.10712948053539018, 'ign_c': 17.312944486237, 'ign_k2': 1.7187152263500034, 'ign_c2': 0.5454063442132393, 'rain_shift': 4.783673156497589}. Best is trial 0 with value: 0.5948382818560959.
[I 2026-05-22 17:39:18,227] Trial 276 finished with value: 0.3994490055432051 and parameters: {'k1': 0.007662841180728158, 'D_low': 809.2525507932344, 'k2': 0.0021353079377523297, 'D_high': 2537.2270027028835, 'fire_exp': 0.4644434293135752, 'P_half': 1852.467438858231, 'pre_dampen_half': 1.6960297170111496, 'gpp_af': 0.019708690225042586, 'gpp_b': 0.00024965702261549343, 'gpp_d': 102.42517419940283, 'ign_k': 3.860428941900408, 'ign_c': 53.49549028896643, 'ign_k2': 0.17320649244117736, 'ign_c2': 0.3692839758090914, 'rain_shift': 14.630237572854965}. Best is trial 0 with value: 0.5948382818560959.
[I 2026-05-22 17:39:18,775] Trial 277 finished with value: 0.5197894046803307 and parameters: {'k1': 0.006124253363917858, 'D_low': 282.2682111869433, 'k2': 0.0003622871286060523, 'D_high': 339.49288333439017, 'fire_exp': 0.5479847631358127, 'P_half': 1.136566257891966, 'pre_dampen_half': 15.02950813214662, 'gpp_af': 0.005700394927198324, 'gpp_b': 1.70772741223003e-06, 'gpp_d': 16.466446836179355, 'ign_k': 0.32436308150296, 'ign_c': 13.975090667302018, 'ign_k2': 0.5142479501911837, 'ign_c2': 1.0666045109271658, 'rain_shift': 4.784167408304794}. Best is trial 0 with value: 0.5948382818560959.
[I 2026-05-22 17:39:19,324] Trial 278 finished with value: 0.5456115552506737 and parameters: {'k1': 0.0036505224389500475, 'D_low': 641.5504977868376, 'k2': 0.0030882017182082212, 'D_high': 391.19117757479944, 'fire_exp': 0.36760809234885894, 'P_half': 1.6329735554999028, 'pre_dampen_half': 175.23732711005448, 'gpp_af': 0.0011146147353361347, 'gpp_b': 1.2659839258428275e-06, 'gpp_d': 3.660188686397288, 'ign_k': 0.019852656424134835, 'ign_c': 7.18425404553283, 'ign_k2': 6.240887297326693, 'ign_c2': 0.2971323734934989, 'rain_shift': 12.338864027359634}. Best is trial 0 with value: 0.5948382818560959.
[I 2026-05-22 17:39:19,878] Trial 279 finished with value: 0.5349145263374331 and parameters: {'k1': 0.0019214138137618373, 'D_low': 1530.86378332746, 'k2': 9.587531197665451e-05, 'D_high': 8981.547298323016, 'fire_exp': 0.582572299707563, 'P_half': 1.6454144043531422, 'pre_dampen_half': 336.6471505291834, 'gpp_af': 0.8062164158448122, 'gpp_b': 0.004407849171195732, 'gpp_d': 419.31929448284563, 'ign_k': 1.1513355056370602, 'ign_c': 0.33180784859007534, 'ign_k2': 4.081980715057857, 'ign_c2': 0.22442773182415243, 'rain_shift': 12.676577574810615}. Best is trial 0 with value: 0.5948382818560959.
[I 2026-05-22 17:39:20,425] Trial 280 finished with value: 0.4458835289838668 and parameters: {'k1': 0.0017423304729547347, 'D_low': 120.82753310910215, 'k2': 0.04214710103415815, 'D_high': 74.56138982236702, 'fire_exp': 0.8239777926974986, 'P_half': 3.944774959061655, 'pre_dampen_half': 12.022701977252694, 'gpp_af': 0.7231031822290531, 'gpp_b': 1.9591991677997184e-06, 'gpp_d': 9.499686352596044, 'ign_k': 3.0466873444282054, 'ign_c': 0.8960023860841898, 'ign_k2': 6.95173882429268, 'ign_c2': 0.1018361566176837, 'rain_shift': 4.030256898845893}. Best is trial 0 with value: 0.5948382818560959.
[I 2026-05-22 17:39:20,969] Trial 281 finished with value: 0.530258770367812 and parameters: {'k1': 0.05682322148615061, 'D_low': 51.0905462476421, 'k2': 0.002155353007735776, 'D_high': 390.353793788477, 'fire_exp': 0.4053132719320796, 'P_half': 42.34679302258709, 'pre_dampen_half': 14.195485091220453, 'gpp_af': 0.034285099332908436, 'gpp_b': 0.00011066832362523855, 'gpp_d': 350.0654049819424, 'ign_k': 3.6174094941896042, 'ign_c': 14.256944474435494, 'ign_k2': 0.00373066580391581, 'ign_c2': 0.7737513437839867, 'rain_shift': 10.434635572631066}. Best is trial 0 with value: 0.5948382818560959.
[I 2026-05-22 17:39:21,513] Trial 282 finished with value: 0.46322566110504176 and parameters: {'k1': 1.8056109401177863e-05, 'D_low': 24.12972346382601, 'k2': 0.0004161963574672772, 'D_high': 3711.4775149224097, 'fire_exp': 0.5547438017468849, 'P_half': 2.611650933124402, 'pre_dampen_half': 20.459106432273607, 'gpp_af': 0.015173268936872708, 'gpp_b': 1.901949725229354e-05, 'gpp_d': 719.6930622880574, 'ign_k': 0.11935604291693194, 'ign_c': 0.45842703241044247, 'ign_k2': 0.12967059782133206, 'ign_c2': 0.43212852435263677, 'rain_shift': 10.826708854080138}. Best is trial 0 with value: 0.5948382818560959.
[I 2026-05-22 17:39:22,059] Trial 283 finished with value: 0.5564309461956359 and parameters: {'k1': 0.0015554407906571371, 'D_low': 8.753553719099495, 'k2': 0.001429011640586719, 'D_high': 168.73082532829008, 'fire_exp': 0.7547313995662859, 'P_half': 1.591241100542811, 'pre_dampen_half': 253.76362956636433, 'gpp_af': 9.831398633162195, 'gpp_b': 0.006177494524914671, 'gpp_d': 88.63415765132416, 'ign_k': 0.03185497242846857, 'ign_c': 0.25730409822941513, 'ign_k2': 2.1335503489315086, 'ign_c2': 0.7684992570450007, 'rain_shift': 4.638519961756643}. Best is trial 0 with value: 0.5948382818560959.
[I 2026-05-22 17:39:22,603] Trial 284 finished with value: 0.5631444974870883 and parameters: {'k1': 0.0007731152556611357, 'D_low': 510.1623869034215, 'k2': 0.031899381992953245, 'D_high': 2978.5883721433006, 'fire_exp': 1.2558795384900698, 'P_half': 1.5122449752322027, 'pre_dampen_half': 30.892713415262733, 'gpp_af': 0.014257964690645226, 'gpp_b': 2.997803216091611e-06, 'gpp_d': 94.52241669748858, 'ign_k': 4.297774643818183, 'ign_c': 0.7173572476746815, 'ign_k2': 5.382507128881366, 'ign_c2': 0.15843360686305666, 'rain_shift': 5.180820216355606}. Best is trial 0 with value: 0.5948382818560959.
[I 2026-05-22 17:39:23,148] Trial 285 finished with value: 0.47589796223977177 and parameters: {'k1': 0.08102269724977403, 'D_low': 158.3246307780227, 'k2': 0.07632207135154467, 'D_high': 268.9183982193746, 'fire_exp': 1.5058048210590163, 'P_half': 438.55805690365366, 'pre_dampen_half': 25.820378820904878, 'gpp_af': 0.043858125106584864, 'gpp_b': 2.0142544256668482e-05, 'gpp_d': 196.71378404321524, 'ign_k': 1.2184945478311835, 'ign_c': 0.3192253257312425, 'ign_k2': 0.9846849102712234, 'ign_c2': 0.12266598950841359, 'rain_shift': 8.619028458919766}. Best is trial 0 with value: 0.5948382818560959.
[I 2026-05-22 17:39:23,692] Trial 286 finished with value: 0.5239625559784185 and parameters: {'k1': 0.0010901070185716998, 'D_low': 112.37485295282733, 'k2': 0.00014727687055640708, 'D_high': 11929.687972226138, 'fire_exp': 1.149052738809995, 'P_half': 1.6906556653189992, 'pre_dampen_half': 34.270674100835116, 'gpp_af': 6.831368790950002, 'gpp_b': 0.02530570224739123, 'gpp_d': 891.3957914500618, 'ign_k': 0.19269391403491543, 'ign_c': 0.28671272899746, 'ign_k2': 1.743709648965569, 'ign_c2': 0.4577273499915882, 'rain_shift': 4.390385764347606}. Best is trial 0 with value: 0.5948382818560959.
