[I 2026-05-22 17:42:38,795] Trial 151 finished with value: 0.44149815102048695 and parameters: {'k1': 0.022173377286593233, 'D_low': 14.219950840506176, 'k2': 0.0013635331486807844, 'D_high': 811.3682893089339, 'fire_exp': 3.7112472790205735, 'P_half': 9.732693465775679, 'pre_dampen_half': 34.29237947701695, 'gpp_af': 0.39638824077734974, 'gpp_b': 0.0017798167007962514, 'gpp_d': 0.030452040389527618, 'ign_k': 4.358742990088635, 'ign_c': 2.148321306176576, 'dryanom_half': 0.15861447501793563, 'dry_amp': 0.6716166950984755}. Best is trial 0 with value: 0.6103502735484728.
[I 2026-05-22 17:42:39,267] Trial 152 finished with value: 0.5502319908178419 and parameters: {'k1': 0.0012042800114620905, 'D_low': 122.7254133801998, 'k2': 1.2628107895938926e-05, 'D_high': 242.13180938111114, 'fire_exp': 0.4163102822797708, 'P_half': 73.024947163657, 'pre_dampen_half': 0.6197638224417406, 'gpp_af': 3.0645666644287406, 'gpp_b': 0.13135764013119047, 'gpp_d': 51.2265897996857, 'ign_k': 2.9965670030048592, 'ign_c': 1.3397857099118584, 'dryanom_half': 0.7981523311441063, 'dry_amp': 0.7251971718439935}. Best is trial 0 with value: 0.6103502735484728.
[I 2026-05-22 17:42:39,741] Trial 153 finished with value: 0.5616621961768519 and parameters: {'k1': 0.008372151387151984, 'D_low': 17.992182015849444, 'k2': 0.008284399322812126, 'D_high': 4685.988081839951, 'fire_exp': 3.608846585847924, 'P_half': 2.3846905935448977, 'pre_dampen_half': 819.4923548149578, 'gpp_af': 0.0014991837724294813, 'gpp_b': 5.644722637218553e-06, 'gpp_d': 0.26122015368979146, 'ign_k': 0.15060763647087438, 'ign_c': 4.00792828297455, 'dryanom_half': 0.2441149502306046, 'dry_amp': 0.5634342006447327}. Best is trial 0 with value: 0.6103502735484728.
[I 2026-05-22 17:42:40,214] Trial 154 finished with value: 0.510639019035659 and parameters: {'k1': 0.006589608831031591, 'D_low': 154.6325805869873, 'k2': 0.00036935658287377864, 'D_high': 344.0488129331846, 'fire_exp': 0.68051800264946, 'P_half': 6.91876486573642, 'pre_dampen_half': 1.3219666057985309, 'gpp_af': 0.21681923931235658, 'gpp_b': 2.5335957592246087e-06, 'gpp_d': 31.122632185190753, 'ign_k': 1.6179540835226927, 'ign_c': 24.733209534035733, 'dryanom_half': 4.346581727184399, 'dry_amp': 0.3295650089777925}. Best is trial 0 with value: 0.6103502735484728.
[I 2026-05-22 17:42:40,687] Trial 155 finished with value: 0.5394766264457114 and parameters: {'k1': 0.00023052318149250324, 'D_low': 217.91037575878792, 'k2': 8.644253384469341e-05, 'D_high': 1108.5873338610136, 'fire_exp': 0.5284940226634481, 'P_half': 0.3816874514346073, 'pre_dampen_half': 0.4313392886717959, 'gpp_af': 1.6076432135665855, 'gpp_b': 0.009355804289249281, 'gpp_d': 34.57473438466054, 'ign_k': 1.4819513302806162, 'ign_c': 9.901729664142518, 'dryanom_half': 11.436545472334027, 'dry_amp': 0.5055728830050565}. Best is trial 0 with value: 0.6103502735484728.
[I 2026-05-22 17:42:41,160] Trial 156 finished with value: 0.523803515787105 and parameters: {'k1': 0.010049897962867083, 'D_low': 316.86654854910034, 'k2': 5.193168096655869e-05, 'D_high': 29683.364092885542, 'fire_exp': 2.418707807403733, 'P_half': 19.360101433427932, 'pre_dampen_half': 275.5617397812818, 'gpp_af': 0.059479497020907546, 'gpp_b': 0.0009419530699004978, 'gpp_d': 9.736112576561256, 'ign_k': 5.675148932611956, 'ign_c': 1.400282421828804, 'dryanom_half': 0.4027074040385387, 'dry_amp': 0.4773308871232923}. Best is trial 0 with value: 0.6103502735484728.
[I 2026-05-22 17:42:41,628] Trial 157 finished with value: 0.44010989593975824 and parameters: {'k1': 0.010566782930822062, 'D_low': 459.7167574789551, 'k2': 0.0002711940485348282, 'D_high': 1925.6862047780844, 'fire_exp': 3.394542545281903, 'P_half': 26.743997182109293, 'pre_dampen_half': 26.609093005347614, 'gpp_af': 0.016101591899533415, 'gpp_b': 0.0005900038791395762, 'gpp_d': 1.4638775650224325, 'ign_k': 0.6067270651342389, 'ign_c': 25.28251791321469, 'dryanom_half': 2.783884845167084, 'dry_amp': 0.5185348549184206}. Best is trial 0 with value: 0.6103502735484728.
[I 2026-05-22 17:42:42,102] Trial 158 finished with value: 0.469305472861146 and parameters: {'k1': 0.0022096345398152626, 'D_low': 105.01741678205009, 'k2': 0.0017627642090973959, 'D_high': 1093.4965106299458, 'fire_exp': 3.4671086032316323, 'P_half': 1.69558625073788, 'pre_dampen_half': 291.3288433088282, 'gpp_af': 0.23902774278052452, 'gpp_b': 1.479878036662349e-06, 'gpp_d': 1.7643441972145517, 'ign_k': 2.77394074643856, 'ign_c': 20.40833548029034, 'dryanom_half': 0.15537735797391264, 'dry_amp': 0.9156393082261571}. Best is trial 0 with value: 0.6103502735484728.
[I 2026-05-22 17:42:42,574] Trial 159 finished with value: 0.3952974773635532 and parameters: {'k1': 0.07084326531100682, 'D_low': 87.45170705832058, 'k2': 0.0009794153883327479, 'D_high': 569.5238576729844, 'fire_exp': 0.5175855126898371, 'P_half': 72.59281453819989, 'pre_dampen_half': 0.5644627406454118, 'gpp_af': 0.011406653662942913, 'gpp_b': 4.055843055895139e-06, 'gpp_d': 67.84343982856025, 'ign_k': 3.6567790277340646, 'ign_c': 42.62502209032206, 'dryanom_half': 38.15009794659566, 'dry_amp': 0.021899045106121923}. Best is trial 0 with value: 0.6103502735484728.
[I 2026-05-22 17:42:43,048] Trial 160 finished with value: 0.48562009333388145 and parameters: {'k1': 0.0042866533150315335, 'D_low': 2.7444346353561766, 'k2': 0.0006487993489076346, 'D_high': 1795.4009125615705, 'fire_exp': 0.46934487644974215, 'P_half': 47.22792782724207, 'pre_dampen_half': 1.0575079274343009, 'gpp_af': 0.01469150822463249, 'gpp_b': 1.2285331499325202e-06, 'gpp_d': 110.20088718799134, 'ign_k': 0.20881542126646463, 'ign_c': 45.2928353278357, 'dryanom_half': 1.3289423871283816, 'dry_amp': 0.17772927095986318}. Best is trial 0 with value: 0.6103502735484728.
[I 2026-05-22 17:42:43,521] Trial 161 finished with value: 0.47975340232144437 and parameters: {'k1': 0.002074514687885257, 'D_low': 337.93289392910486, 'k2': 2.163468342070961e-05, 'D_high': 338.71639113897476, 'fire_exp': 1.2527187763062084, 'P_half': 38.76814557796926, 'pre_dampen_half': 0.44509189167951896, 'gpp_af': 0.8739740361941792, 'gpp_b': 0.0005777378346842952, 'gpp_d': 835.611015271152, 'ign_k': 9.336976365902263, 'ign_c': 10.143352888277015, 'dryanom_half': 28.488596578857972, 'dry_amp': 0.5566061502377893}. Best is trial 0 with value: 0.6103502735484728.
[I 2026-05-22 17:42:43,995] Trial 162 finished with value: 0.5294944096100015 and parameters: {'k1': 0.09076624606649791, 'D_low': 345.13368915855347, 'k2': 0.03734401270008392, 'D_high': 4980.006285924944, 'fire_exp': 0.7508998892605562, 'P_half': 2.305406343043589, 'pre_dampen_half': 7.228078913580972, 'gpp_af': 0.019023876569476843, 'gpp_b': 9.360566307317644e-05, 'gpp_d': 5.845320183667031, 'ign_k': 0.0152779525399846, 'ign_c': 2.2608002219756216, 'dryanom_half': 0.2775528017291882, 'dry_amp': 0.5526941944136952}. Best is trial 0 with value: 0.6103502735484728.
[I 2026-05-22 17:42:44,471] Trial 163 finished with value: 0.5396511335915953 and parameters: {'k1': 0.008889313437042043, 'D_low': 93.13655879209986, 'k2': 0.016323515435232264, 'D_high': 463.07698838563743, 'fire_exp': 0.46063472052379123, 'P_half': 4.007075995331112, 'pre_dampen_half': 62.83275486447539, 'gpp_af': 0.008058024142168104, 'gpp_b': 7.857691598227529e-06, 'gpp_d': 41.78752481948132, 'ign_k': 1.3229088195176708, 'ign_c': 2.887752171228636, 'dryanom_half': 0.12342416082269816, 'dry_amp': 0.4583008735198972}. Best is trial 0 with value: 0.6103502735484728.
[I 2026-05-22 17:42:44,948] Trial 164 finished with value: 0.5547488941810561 and parameters: {'k1': 0.012913671804998859, 'D_low': 29.90704590426978, 'k2': 0.030893045156720797, 'D_high': 476.85745770666483, 'fire_exp': 0.47725228419306887, 'P_half': 406.346758751559, 'pre_dampen_half': 3.3349688773932895, 'gpp_af': 9.565443475324066, 'gpp_b': 2.1564866865408676e-06, 'gpp_d': 171.5460848776682, 'ign_k': 0.1251510078736726, 'ign_c': 7.378211149492263, 'dryanom_half': 24.64097318170642, 'dry_amp': 0.017799169487929735}. Best is trial 0 with value: 0.6103502735484728.
[I 2026-05-22 17:42:45,426] Trial 165 finished with value: 0.477406617809177 and parameters: {'k1': 0.0589771160506496, 'D_low': 6.703127641780534, 'k2': 0.010003782865750726, 'D_high': 7242.95833153885, 'fire_exp': 1.687458945562773, 'P_half': 532.7955299748585, 'pre_dampen_half': 0.23374067478786134, 'gpp_af': 0.0034310721474985037, 'gpp_b': 1.0824190797569767e-06, 'gpp_d': 29.900883883209595, 'ign_k': 6.175355482721878, 'ign_c': 21.346915399956604, 'dryanom_half': 0.8648169769552068, 'dry_amp': 0.8049986899490662}. Best is trial 0 with value: 0.6103502735484728.
[I 2026-05-22 17:42:45,902] Trial 166 finished with value: 0.4395158837340898 and parameters: {'k1': 0.024334965764046868, 'D_low': 94.65303349731313, 'k2': 0.013574546287502877, 'D_high': 1114.7802278119357, 'fire_exp': 0.43698350658343194, 'P_half': 1.574853862793129, 'pre_dampen_half': 857.0278408634478, 'gpp_af': 0.02971539860015332, 'gpp_b': 1.3808853150193062e-06, 'gpp_d': 31.608903862456444, 'ign_k': 0.41552279146355464, 'ign_c': 109.21837463671032, 'dryanom_half': 0.8937912381788558, 'dry_amp': 0.11107503968949621}. Best is trial 0 with value: 0.6103502735484728.
[I 2026-05-22 17:42:46,381] Trial 167 finished with value: 0.45566690987879827 and parameters: {'k1': 0.002301009553686757, 'D_low': 66.13057892237256, 'k2': 0.00039338854334962603, 'D_high': 2288.9725451634813, 'fire_exp': 9.392769722101503, 'P_half': 37.50614836344825, 'pre_dampen_half': 33.39158898861505, 'gpp_af': 0.00393733854710923, 'gpp_b': 1.2199767566347177e-06, 'gpp_d': 0.855334008320853, 'ign_k': 2.6984931713130864, 'ign_c': 4.179555590609804, 'dryanom_half': 0.2653755689084469, 'dry_amp': 0.5577597708442343}. Best is trial 0 with value: 0.6103502735484728.
[I 2026-05-22 17:42:46,858] Trial 168 finished with value: 0.3994490055432051 and parameters: {'k1': 0.05782280260331499, 'D_low': 935.5339252378313, 'k2': 0.06581009806324899, 'D_high': 218.0319375625401, 'fire_exp': 0.714725986619048, 'P_half': 9.552200753545591, 'pre_dampen_half': 5.24899071671991, 'gpp_af': 0.011453987390569933, 'gpp_b': 7.364371906579524e-06, 'gpp_d': 154.1179117604861, 'ign_k': 1.9294963573171673, 'ign_c': 72.92073489664952, 'dryanom_half': 0.5789016106328255, 'dry_amp': 0.008248524505927113}. Best is trial 0 with value: 0.6103502735484728.
[I 2026-05-22 17:42:47,334] Trial 169 finished with value: 0.4077239953044872 and parameters: {'k1': 0.000648830782164024, 'D_low': 106.37263310786824, 'k2': 0.00016751871570985856, 'D_high': 1689.2956028368649, 'fire_exp': 0.3806258790979078, 'P_half': 28.02100584967348, 'pre_dampen_half': 0.8763112425434224, 'gpp_af': 3.8955771815850664, 'gpp_b': 0.00016549393009467146, 'gpp_d': 1.9047024770944965, 'ign_k': 4.353248462679867, 'ign_c': 36.562851468092326, 'dryanom_half': 2.8153652731207246, 'dry_amp': 0.7142208553641757}. Best is trial 0 with value: 0.6103502735484728.
[I 2026-05-22 17:42:47,807] Trial 170 finished with value: 0.5750286244888513 and parameters: {'k1': 0.006748809852968363, 'D_low': 250.37839792727306, 'k2': 0.015166957621433594, 'D_high': 13377.708906191037, 'fire_exp': 0.9559082034525025, 'P_half': 22.89237659150442, 'pre_dampen_half': 11.448025326054209, 'gpp_af': 0.0026944838055244055, 'gpp_b': 6.854534943951051e-06, 'gpp_d': 643.9884898528064, 'ign_k': 0.1740346469695795, 'ign_c': 20.915980904497726, 'dryanom_half': 1.444993971697016, 'dry_amp': 0.3375682289507872}. Best is trial 0 with value: 0.6103502735484728.
[I 2026-05-22 17:42:48,286] Trial 171 finished with value: 0.48379344209014363 and parameters: {'k1': 0.08101917197924657, 'D_low': 848.9871622896496, 'k2': 0.0009016999865917081, 'D_high': 41057.39319319583, 'fire_exp': 0.7036252130568912, 'P_half': 28.50092330035276, 'pre_dampen_half': 1.555028065466471, 'gpp_af': 0.008987286702863022, 'gpp_b': 2.8606874245694423e-05, 'gpp_d': 769.304131161604, 'ign_k': 1.1532537874615316, 'ign_c': 3.879246165455953, 'dryanom_half': 0.4797718172987646, 'dry_amp': 0.4245927579542855}. Best is trial 0 with value: 0.6103502735484728.
[I 2026-05-22 17:42:48,759] Trial 172 finished with value: 0.5469487542192342 and parameters: {'k1': 0.0012479984391278564, 'D_low': 20.971913698904018, 'k2': 0.0363276140045583, 'D_high': 18205.943866845966, 'fire_exp': 0.4944172858239685, 'P_half': 109.30947615768643, 'pre_dampen_half': 36.4934025144718, 'gpp_af': 0.026090887914929473, 'gpp_b': 1.5801592213832633e-05, 'gpp_d': 277.5379360419431, 'ign_k': 0.18712497706482525, 'ign_c': 16.543997029832084, 'dryanom_half': 3.9393900580892955, 'dry_amp': 0.38587880140167535}. Best is trial 0 with value: 0.6103502735484728.
[I 2026-05-22 17:42:49,242] Trial 173 finished with value: 0.38857717202833064 and parameters: {'k1': 0.04441971765333566, 'D_low': 170.25674262280228, 'k2': 0.002230934304189477, 'D_high': 1211.981434334636, 'fire_exp': 1.755641936849309, 'P_half': 19.101666664182353, 'pre_dampen_half': 228.1016990023971, 'gpp_af': 0.01082774446847281, 'gpp_b': 2.341898859894324e-06, 'gpp_d': 0.23806663983904094, 'ign_k': 3.787064166254186, 'ign_c': 33.21531485610588, 'dryanom_half': 0.17103300348053185, 'dry_amp': 0.49391021503149324}. Best is trial 0 with value: 0.6103502735484728.
[I 2026-05-22 17:42:49,713] Trial 174 finished with value: 0.44619628475037576 and parameters: {'k1': 0.003284007201297666, 'D_low': 283.19150866724095, 'k2': 0.015288638405482233, 'D_high': 18837.763993157805, 'fire_exp': 1.1606862177606418, 'P_half': 61.9753962641452, 'pre_dampen_half': 99.67432359917713, 'gpp_af': 0.0041040525973477715, 'gpp_b': 0.00022029270102216482, 'gpp_d': 148.98908701376843, 'ign_k': 0.09785342165055318, 'ign_c': 85.76343804023278, 'dryanom_half': 0.29451951606811605, 'dry_amp': 0.05839482910883287}. Best is trial 0 with value: 0.6103502735484728.
[I 2026-05-22 17:42:50,189] Trial 175 finished with value: 0.5381328983358112 and parameters: {'k1': 0.03581558238566842, 'D_low': 454.0451649054439, 'k2': 0.029569146301572466, 'D_high': 4843.1928352765835, 'fire_exp': 0.5551546346538642, 'P_half': 7.126567139948012, 'pre_dampen_half': 25.258812168533627, 'gpp_af': 0.0079607786343429, 'gpp_b': 1.7591775939152822e-06, 'gpp_d': 25.898856103990347, 'ign_k': 0.20149902953183688, 'ign_c': 13.851319944901805, 'dryanom_half': 0.6908980621832291, 'dry_amp': 0.5589319331319975}. Best is trial 0 with value: 0.6103502735484728.
[I 2026-05-22 17:42:50,674] Trial 176 finished with value: 0.5785408831041943 and parameters: {'k1': 0.01300658623786147, 'D_low': 1.5119154672349242, 'k2': 1.120103305249294e-05, 'D_high': 11532.495043826306, 'fire_exp': 0.8173571497742256, 'P_half': 24.414687665041296, 'pre_dampen_half': 48.044589533725876, 'gpp_af': 0.07503549936506189, 'gpp_b': 1.0589932129334653e-06, 'gpp_d': 14.816209303866442, 'ign_k': 0.7042206532059332, 'ign_c': 14.906649093935563, 'dryanom_half': 480.48698784757977, 'dry_amp': 0.2664407175066785}. Best is trial 0 with value: 0.6103502735484728.
[I 2026-05-22 17:42:51,152] Trial 177 finished with value: 0.5058242811876495 and parameters: {'k1': 0.06915319410613971, 'D_low': 327.36410728423976, 'k2': 0.009823975725521595, 'D_high': 43583.44507192963, 'fire_exp': 2.8316048770864817, 'P_half': 60.88645124019236, 'pre_dampen_half': 68.34192650233506, 'gpp_af': 0.0026965654448400543, 'gpp_b': 2.4697034806064232e-06, 'gpp_d': 52.78007812314574, 'ign_k': 0.05232464969515742, 'ign_c': 11.11026110195872, 'dryanom_half': 7.724629202237005, 'dry_amp': 0.16993385119073634}. Best is trial 0 with value: 0.6103502735484728.
[I 2026-05-22 17:42:51,630] Trial 178 finished with value: 0.3994490055432051 and parameters: {'k1': 0.01179486919432225, 'D_low': 1.0946568661791758, 'k2': 0.0020679955241521756, 'D_high': 2149.573631857362, 'fire_exp': 0.4726094104472958, 'P_half': 5.4271798445191655, 'pre_dampen_half': 0.25855249888176823, 'gpp_af': 0.0010291948384809652, 'gpp_b': 1.7073868350917033e-06, 'gpp_d': 561.7639788240857, 'ign_k': 7.486254256830126, 'ign_c': 47.84178970972469, 'dryanom_half': 2.7178250114803517, 'dry_amp': 0.005302826264804106}. Best is trial 0 with value: 0.6103502735484728.
[I 2026-05-22 17:42:52,102] Trial 179 finished with value: 0.3994490055432051 and parameters: {'k1': 0.011606261794807537, 'D_low': 5.587056566934462, 'k2': 0.0003695103918427923, 'D_high': 2242.3834443579062, 'fire_exp': 1.656501889051771, 'P_half': 0.6828040041142134, 'pre_dampen_half': 656.843600711079, 'gpp_af': 0.0011366007975883265, 'gpp_b': 0.00023883251308317438, 'gpp_d': 0.35954472310042523, 'ign_k': 2.8362234816990224, 'ign_c': 78.39794177960641, 'dryanom_half': 0.1428184982376388, 'dry_amp': 0.6081496471761246}. Best is trial 0 with value: 0.6103502735484728.
[I 2026-05-22 17:42:52,580] Trial 180 finished with value: 0.5604590975189402 and parameters: {'k1': 0.0963345496811038, 'D_low': 7.375939330922722, 'k2': 3.6009138736700365e-05, 'D_high': 368.34726764167993, 'fire_exp': 0.568979370595949, 'P_half': 35.02045437797708, 'pre_dampen_half': 323.1659768479549, 'gpp_af': 3.6170739148649864, 'gpp_b': 2.461836350936035e-06, 'gpp_d': 169.16752428561304, 'ign_k': 2.985444609348654, 'ign_c': 10.876751521496029, 'dryanom_half': 129.25782660117758, 'dry_amp': 0.4919869105941003}. Best is trial 0 with value: 0.6103502735484728.
[I 2026-05-22 17:42:53,059] Trial 181 finished with value: 0.5448279036586984 and parameters: {'k1': 0.015122595698943305, 'D_low': 1.7496045863486223, 'k2': 3.314972054212467e-05, 'D_high': 1553.700195163248, 'fire_exp': 0.7492637078069438, 'P_half': 34.278110491012505, 'pre_dampen_half': 58.589386177508445, 'gpp_af': 0.009660498175480288, 'gpp_b': 1.3955871292900061e-06, 'gpp_d': 34.96755186496975, 'ign_k': 2.7424717717005564, 'ign_c': 3.812421389787423, 'dryanom_half': 443.029897346321, 'dry_amp': 0.6132710689111229}. Best is trial 0 with value: 0.6103502735484728.
[I 2026-05-22 17:42:53,536] Trial 182 finished with value: 0.5155563096765525 and parameters: {'k1': 0.006905541644030715, 'D_low': 185.90258908369006, 'k2': 0.0008677209174600399, 'D_high': 54.030296890903585, 'fire_exp': 0.5643828252724086, 'P_half': 142.62769108913997, 'pre_dampen_half': 0.18572593773927842, 'gpp_af': 1.895305343079387, 'gpp_b': 0.0002797304331140268, 'gpp_d': 744.9810075148382, 'ign_k': 1.4369662959001863, 'ign_c': 18.221476088312386, 'dryanom_half': 1.0732567311766896, 'dry_amp': 0.6285427980436219}. Best is trial 0 with value: 0.6103502735484728.
[I 2026-05-22 17:42:54,013] Trial 183 finished with value: 0.3994490055432051 and parameters: {'k1': 0.03555599718984896, 'D_low': 22.338010955706515, 'k2': 5.338479633514527e-05, 'D_high': 89.43837506005988, 'fire_exp': 0.6993960762936555, 'P_half': 4410.195871636814, 'pre_dampen_half': 60.09911713104873, 'gpp_af': 0.18474388931215155, 'gpp_b': 0.00046045814461777843, 'gpp_d': 61.72270481936495, 'ign_k': 8.470846163381436, 'ign_c': 41.4708695009726, 'dryanom_half': 21.537215879143126, 'dry_amp': 0.13060264634250177}. Best is trial 0 with value: 0.6103502735484728.
[I 2026-05-22 17:42:54,490] Trial 184 finished with value: 0.3905824668177658 and parameters: {'k1': 0.0013881120835975119, 'D_low': 22.000993577257784, 'k2': 0.00020469940681415382, 'D_high': 640.27135225132, 'fire_exp': 0.4671619579475229, 'P_half': 200.93341901910682, 'pre_dampen_half': 4.4415651997416274, 'gpp_af': 0.023776411861262527, 'gpp_b': 6.2900491484862705e-06, 'gpp_d': 306.32992952385393, 'ign_k': 4.855559525358156, 'ign_c': 36.783671304030506, 'dryanom_half': 43.72630898420581, 'dry_amp': 0.005068385381655854}. Best is trial 0 with value: 0.6103502735484728.
[I 2026-05-22 17:42:54,963] Trial 185 finished with value: 0.571414985285785 and parameters: {'k1': 0.0037161569300036713, 'D_low': 15.99260513958704, 'k2': 0.017978875706716538, 'D_high': 8449.281511289237, 'fire_exp': 0.7274196701525396, 'P_half': 72.76912546292344, 'pre_dampen_half': 28.25845506619622, 'gpp_af': 0.0015918477459826309, 'gpp_b': 1.207394454999665e-06, 'gpp_d': 1.0836740253743433, 'ign_k': 4.411955150082655, 'ign_c': 12.687346766239836, 'dryanom_half': 0.4071970905795194, 'dry_amp': 0.7031659415013609}. Best is trial 0 with value: 0.6103502735484728.
[I 2026-05-22 17:42:55,437] Trial 186 finished with value: 0.3994490055432051 and parameters: {'k1': 0.0022883701950505908, 'D_low': 29.043600423972613, 'k2': 0.02655460011958095, 'D_high': 2420.938832834215, 'fire_exp': 0.6910968783775606, 'P_half': 48.305249710366354, 'pre_dampen_half': 32.21738890464196, 'gpp_af': 0.001486456328764348, 'gpp_b': 2.143427082692278e-06, 'gpp_d': 2.971145005711328, 'ign_k': 6.980548113975451, 'ign_c': 68.73745583955595, 'dryanom_half': 2.464179952946756, 'dry_amp': 0.9526059694152669}. Best is trial 0 with value: 0.6103502735484728.
[I 2026-05-22 17:42:55,919] Trial 187 finished with value: 0.5706565872378999 and parameters: {'k1': 0.002739890197719659, 'D_low': 8.002414761354567, 'k2': 0.006764188580010714, 'D_high': 10959.398066285401, 'fire_exp': 0.8262234122608849, 'P_half': 785.1214158674699, 'pre_dampen_half': 78.53573262097152, 'gpp_af': 0.0022957256196141054, 'gpp_b': 3.410905948002372e-05, 'gpp_d': 0.38270583958139015, 'ign_k': 1.7054823548872242, 'ign_c': 11.481672678418755, 'dryanom_half': 0.43741992342366626, 'dry_amp': 0.349216155767974}. Best is trial 0 with value: 0.6103502735484728.
[I 2026-05-22 17:42:56,393] Trial 188 finished with value: 0.5474747775694501 and parameters: {'k1': 0.0026582284225984657, 'D_low': 5.1905584326138845, 'k2': 1.5781865851735643e-05, 'D_high': 16800.396629005943, 'fire_exp': 0.8265370190276401, 'P_half': 5.512587236347286, 'pre_dampen_half': 31.146279605733767, 'gpp_af': 0.013396425188603114, 'gpp_b': 2.1241116844134687e-06, 'gpp_d': 11.380006123122028, 'ign_k': 0.16175970791636976, 'ign_c': 4.6915334077708435, 'dryanom_half': 188.01167655135387, 'dry_amp': 0.4026856972943347}. Best is trial 0 with value: 0.6103502735484728.
