[I 2026-05-22 18:11:16,152] Trial 634 finished with value: 0.6054863083357123 and parameters: {'P_amp': 0.3072470152646958, 'P_wet': 5476.75936845523, 'P_pow': 1.8504618618627942, 'WG_amp': 0.2311038045979695, 'WG_Phalf': 231.24708250232416, 'WG_k': 46.20966966076359, 'WG_c': 3.1020089038974916, 'rain_shift': 0.9767858237489702, 'ign_k': 0.8541693550285493, 'rate_power': 0.7938933270286374}. Best is trial 209 with value: 0.6108097453057891.
[I 2026-05-22 18:11:16,620] Trial 635 finished with value: 0.5843363137757586 and parameters: {'P_amp': 0.7468938382097212, 'P_wet': 1141.325565019329, 'P_pow': 4.854389810879994, 'WG_amp': 0.14239034333057876, 'WG_Phalf': 4521.915598155039, 'WG_k': 0.010283611309417958, 'WG_c': 0.008404998733238508, 'rain_shift': 1.9414061594376948, 'ign_k': 0.2931282650828214, 'rate_power': 0.856039190880093}. Best is trial 209 with value: 0.6108097453057891.
[I 2026-05-22 18:11:17,087] Trial 636 finished with value: 0.605931528224987 and parameters: {'P_amp': 0.3798525068114551, 'P_wet': 3972.2263983852436, 'P_pow': 3.065964929826267, 'WG_amp': 0.30702619320428703, 'WG_Phalf': 1142.9059024786666, 'WG_k': 14.905037648522544, 'WG_c': 6.855807128436314, 'rain_shift': 0.6969683625268777, 'ign_k': 0.6959978413531537, 'rate_power': 0.8436823341542082}. Best is trial 209 with value: 0.6108097453057891.
[I 2026-05-22 18:11:17,553] Trial 637 finished with value: 0.6002541301517695 and parameters: {'P_amp': 0.19229553372494762, 'P_wet': 4824.112004203637, 'P_pow': 3.1855586384689674, 'WG_amp': 0.7546990850828357, 'WG_Phalf': 1349.201454024249, 'WG_k': 5.834536732784942, 'WG_c': 1.2964023463256422, 'rain_shift': 2.050439844624917, 'ign_k': 0.38425864624310385, 'rate_power': 0.9926078487171496}. Best is trial 209 with value: 0.6108097453057891.
[I 2026-05-22 18:11:18,021] Trial 638 finished with value: 0.6044682332889436 and parameters: {'P_amp': 0.17347275691452857, 'P_wet': 5046.478201776729, 'P_pow': 1.822729258757928, 'WG_amp': 0.42039645203554615, 'WG_Phalf': 745.2448691157059, 'WG_k': 0.20278982552425884, 'WG_c': 0.001775796150161634, 'rain_shift': 1.8233403872932143, 'ign_k': 0.41363654627116414, 'rate_power': 0.7724840859029051}. Best is trial 209 with value: 0.6108097453057891.
[I 2026-05-22 18:11:18,486] Trial 639 finished with value: 0.6088210301381505 and parameters: {'P_amp': 0.24664783319730704, 'P_wet': 3650.779523326869, 'P_pow': 1.68349656805646, 'WG_amp': 0.3073540955073708, 'WG_Phalf': 741.5806897680399, 'WG_k': 23.651482812744366, 'WG_c': 3.215990054450774, 'rain_shift': 2.0926584303514257, 'ign_k': 0.5213159891479673, 'rate_power': 0.7355555996195837}. Best is trial 209 with value: 0.6108097453057891.
[I 2026-05-22 18:11:18,949] Trial 640 finished with value: 0.5948939247954798 and parameters: {'P_amp': 0.14200967475102025, 'P_wet': 1943.6104197390634, 'P_pow': 1.9015849862289504, 'WG_amp': 0.327234284414626, 'WG_Phalf': 618.3751737122731, 'WG_k': 19.298321904854575, 'WG_c': 0.12708153078576823, 'rain_shift': 2.1765219005193415, 'ign_k': 0.8958745154264997, 'rate_power': 0.7570783036460449}. Best is trial 209 with value: 0.6108097453057891.
[I 2026-05-22 18:11:19,418] Trial 641 finished with value: 0.5766356191357189 and parameters: {'P_amp': 0.48364307061072137, 'P_wet': 2004.2541695705243, 'P_pow': 0.8085915230754086, 'WG_amp': 0.5074332115506117, 'WG_Phalf': 134.8135545290807, 'WG_k': 0.1824840545609606, 'WG_c': 1.2132442549530895, 'rain_shift': 2.887917534143091, 'ign_k': 0.18804553212087932, 'rate_power': 0.7216656416048651}. Best is trial 209 with value: 0.6108097453057891.
[I 2026-05-22 18:11:19,881] Trial 642 finished with value: 0.5971137799160982 and parameters: {'P_amp': 0.504501794550146, 'P_wet': 1909.5960879224363, 'P_pow': 2.9368010012379004, 'WG_amp': 0.4380486463302372, 'WG_Phalf': 302.54954495274745, 'WG_k': 0.4795982949174306, 'WG_c': 0.5911365864031604, 'rain_shift': 0.09190851294144897, 'ign_k': 0.5399942807238575, 'rate_power': 0.9670282676635629}. Best is trial 209 with value: 0.6108097453057891.
[I 2026-05-22 18:11:20,338] Trial 643 finished with value: 0.580873243076537 and parameters: {'P_amp': 0.06569431992162893, 'P_wet': 3998.9421898439414, 'P_pow': 4.602421273440302, 'WG_amp': 0.8514427740064695, 'WG_Phalf': 1090.0789986470309, 'WG_k': 4.332274625591909, 'WG_c': 0.21494442640970332, 'rain_shift': 1.5333112529785629, 'ign_k': 0.346336690834369, 'rate_power': 1.1994573076857717}. Best is trial 209 with value: 0.6108097453057891.
[I 2026-05-22 18:11:20,804] Trial 644 finished with value: 0.6088000688395254 and parameters: {'P_amp': 0.0825052759950033, 'P_wet': 4507.25912056419, 'P_pow': 0.6352110247250654, 'WG_amp': 0.49145511800530717, 'WG_Phalf': 1175.5764623157452, 'WG_k': 7.705315456084586, 'WG_c': 1.0731873296718346, 'rain_shift': 0.7659116963156152, 'ign_k': 0.5695819103383049, 'rate_power': 0.9155975741975201}. Best is trial 209 with value: 0.6108097453057891.
[I 2026-05-22 18:11:21,267] Trial 645 finished with value: 0.6077353816126048 and parameters: {'P_amp': 0.27132841113087175, 'P_wet': 3163.9204256314088, 'P_pow': 1.6843153532240702, 'WG_amp': 0.2063195842387508, 'WG_Phalf': 883.9565837110472, 'WG_k': 34.31893425683219, 'WG_c': 1.3778383671104313, 'rain_shift': 1.5932271735986556, 'ign_k': 0.7925020533681155, 'rate_power': 0.7953711246937158}. Best is trial 209 with value: 0.6108097453057891.
[I 2026-05-22 18:11:21,727] Trial 646 finished with value: 0.5861726878603252 and parameters: {'P_amp': 0.06369929798378336, 'P_wet': 2347.6822850632702, 'P_pow': 3.514492946134917, 'WG_amp': 0.45641321254190603, 'WG_Phalf': 903.4792359089877, 'WG_k': 72.87624583531002, 'WG_c': 0.0190612559658988, 'rain_shift': 0.2727819609586014, 'ign_k': 0.3019091734120123, 'rate_power': 1.0662309462126713}. Best is trial 209 with value: 0.6108097453057891.
[I 2026-05-22 18:11:22,185] Trial 647 finished with value: 0.6065326960477679 and parameters: {'P_amp': 0.16976305057683672, 'P_wet': 2002.4537911278765, 'P_pow': 2.625976014886312, 'WG_amp': 0.07534706281429476, 'WG_Phalf': 107.73584295663115, 'WG_k': 10.83403769369494, 'WG_c': 0.1592177639429948, 'rain_shift': 0.19399982365928148, 'ign_k': 0.9089571869047974, 'rate_power': 1.0504749891439313}. Best is trial 209 with value: 0.6108097453057891.
[I 2026-05-22 18:11:22,648] Trial 648 finished with value: 0.5882884524352336 and parameters: {'P_amp': 0.16412095415411876, 'P_wet': 4414.002878712353, 'P_pow': 1.2570520858701206, 'WG_amp': 0.7637015417231923, 'WG_Phalf': 730.1920174366279, 'WG_k': 0.7657848378667564, 'WG_c': 0.08105184664034266, 'rain_shift': 1.8364366903793399, 'ign_k': 0.2728705237358588, 'rate_power': 0.8499063116591701}. Best is trial 209 with value: 0.6108097453057891.
[I 2026-05-22 18:11:23,110] Trial 649 finished with value: 0.5989434800587311 and parameters: {'P_amp': 0.0807740161547501, 'P_wet': 2879.552527589162, 'P_pow': 1.2792504734777992, 'WG_amp': 0.558105336016977, 'WG_Phalf': 1329.897610718959, 'WG_k': 2.9588652884449154, 'WG_c': 7.90161523323752, 'rain_shift': 2.46638668608255, 'ign_k': 0.6887731466985016, 'rate_power': 0.763654494797598}. Best is trial 209 with value: 0.6108097453057891.
[I 2026-05-22 18:11:23,572] Trial 650 finished with value: 0.5973030927767817 and parameters: {'P_amp': 0.24185251343776226, 'P_wet': 3848.394341620012, 'P_pow': 2.0109239328094315, 'WG_amp': 0.22166409996843534, 'WG_Phalf': 1325.60565816858, 'WG_k': 7.3176182407409955, 'WG_c': 4.16771771736364, 'rain_shift': 0.7953483275054074, 'ign_k': 0.5697208849940175, 'rate_power': 0.7082659349099415}. Best is trial 209 with value: 0.6108097453057891.
[I 2026-05-22 18:11:24,035] Trial 651 finished with value: 0.6094898003965273 and parameters: {'P_amp': 0.0648048506610214, 'P_wet': 4077.925913478628, 'P_pow': 2.185749662756265, 'WG_amp': 0.3931809181393052, 'WG_Phalf': 760.6161204467822, 'WG_k': 1.5126840831875672, 'WG_c': 1.855877911233843, 'rain_shift': 0.8892582719655312, 'ign_k': 0.6794307370834508, 'rate_power': 0.9602929124247358}. Best is trial 209 with value: 0.6108097453057891.
[I 2026-05-22 18:11:24,497] Trial 652 finished with value: 0.6070528339306038 and parameters: {'P_amp': 0.046280394189192026, 'P_wet': 3510.0311446157393, 'P_pow': 3.091155015810355, 'WG_amp': 0.3950556558024412, 'WG_Phalf': 1244.847455759447, 'WG_k': 9.440126080209263, 'WG_c': 1.6501949303158643, 'rain_shift': 0.7503487212834177, 'ign_k': 0.6296949454737037, 'rate_power': 0.8653269883039698}. Best is trial 209 with value: 0.6108097453057891.
[I 2026-05-22 18:11:24,959] Trial 653 finished with value: 0.5485220937668899 and parameters: {'P_amp': 0.12047616816829348, 'P_wet': 3988.1586426177673, 'P_pow': 3.8332348845469744, 'WG_amp': 0.6763948221048335, 'WG_Phalf': 1402.9416944530915, 'WG_k': 0.17042684250651496, 'WG_c': 1.9833619484665428, 'rain_shift': 5.219725778967953, 'ign_k': 1.6398680398350418, 'rate_power': 0.8601281240686701}. Best is trial 209 with value: 0.6108097453057891.
[I 2026-05-22 18:11:25,421] Trial 654 finished with value: 0.5969002831818515 and parameters: {'P_amp': 0.013152534042961822, 'P_wet': 5076.874372470293, 'P_pow': 1.4474052248698923, 'WG_amp': 0.532997108290598, 'WG_Phalf': 1837.3251641098632, 'WG_k': 17.21282639788027, 'WG_c': 0.11803138870511691, 'rain_shift': 0.32904168252682714, 'ign_k': 0.4071634338603677, 'rate_power': 0.9690885370718574}. Best is trial 209 with value: 0.6108097453057891.
[I 2026-05-22 18:11:25,885] Trial 655 finished with value: 0.5934527978727756 and parameters: {'P_amp': 0.07927144882782196, 'P_wet': 4371.371612851795, 'P_pow': 0.23632040390615872, 'WG_amp': 0.4732474166610807, 'WG_Phalf': 1123.7827096332564, 'WG_k': 7.8073561618211995, 'WG_c': 0.7641301771630585, 'rain_shift': 2.7238942171217984, 'ign_k': 0.5501057876420032, 'rate_power': 0.8218385649619334}. Best is trial 209 with value: 0.6108097453057891.
[I 2026-05-22 18:11:26,345] Trial 656 finished with value: 0.53655564877802 and parameters: {'P_amp': 0.8565445163931643, 'P_wet': 5730.353881438386, 'P_pow': 3.4498483273687204, 'WG_amp': 0.10869039438405459, 'WG_Phalf': 670.1784625795091, 'WG_k': 0.9831728294449238, 'WG_c': 0.0004512782681836996, 'rain_shift': 7.502728711678759, 'ign_k': 0.15752720846434828, 'rate_power': 1.2487990394357753}. Best is trial 209 with value: 0.6108097453057891.
[I 2026-05-22 18:11:26,809] Trial 657 finished with value: 0.595567633791456 and parameters: {'P_amp': 0.07770001273447096, 'P_wet': 2751.0276135864033, 'P_pow': 0.8361838975775279, 'WG_amp': 0.32481484458238746, 'WG_Phalf': 467.1594753643554, 'WG_k': 1.1637364111772126, 'WG_c': 5.18318608771092, 'rain_shift': 0.4604728130739597, 'ign_k': 0.5029192503014182, 'rate_power': 0.8145633618646251}. Best is trial 209 with value: 0.6108097453057891.
[I 2026-05-22 18:11:27,272] Trial 658 finished with value: 0.585449880885865 and parameters: {'P_amp': 0.09873758681379899, 'P_wet': 5860.864358625258, 'P_pow': 3.3532315005368987, 'WG_amp': 0.8642351214506077, 'WG_Phalf': 635.2444531888445, 'WG_k': 1.2244999772341665, 'WG_c': 0.5025228658848183, 'rain_shift': 0.46065495530478706, 'ign_k': 0.28344559068313663, 'rate_power': 1.1040328193610676}. Best is trial 209 with value: 0.6108097453057891.
[I 2026-05-22 18:11:27,737] Trial 659 finished with value: 0.5562426540094634 and parameters: {'P_amp': 0.769773450794745, 'P_wet': 5337.631541474214, 'P_pow': 1.0234641347766855, 'WG_amp': 0.12353080183617116, 'WG_Phalf': 2524.847404114801, 'WG_k': 99.91474568342043, 'WG_c': 0.0003103426914421545, 'rain_shift': 7.89933046347325, 'ign_k': 0.0727189665047846, 'rate_power': 0.9821838185540825}. Best is trial 209 with value: 0.6108097453057891.
[I 2026-05-22 18:11:28,201] Trial 660 finished with value: 0.5758577736666343 and parameters: {'P_amp': 0.2560827737779872, 'P_wet': 3197.607172321847, 'P_pow': 1.703908664838407, 'WG_amp': 0.2672926290961667, 'WG_Phalf': 575.7174300747596, 'WG_k': 16.075208121910915, 'WG_c': 4.018704952721976, 'rain_shift': 3.2459545234814433, 'ign_k': 1.0767583283393571, 'rate_power': 0.8294289331853001}. Best is trial 209 with value: 0.6108097453057891.
[I 2026-05-22 18:11:28,663] Trial 661 finished with value: 0.535122895562637 and parameters: {'P_amp': 0.04578892484140584, 'P_wet': 514.3156557744362, 'P_pow': 4.64452855428061, 'WG_amp': 0.48980849395929815, 'WG_Phalf': 945.9921204117004, 'WG_k': 0.6609831256170486, 'WG_c': 0.21767325021745562, 'rain_shift': 8.173119661826064, 'ign_k': 1.3833086740715055, 'rate_power': 0.8482011653774607}. Best is trial 209 with value: 0.6108097453057891.
[I 2026-05-22 18:11:29,126] Trial 662 finished with value: 0.5802405966790746 and parameters: {'P_amp': 0.30896014713792425, 'P_wet': 2547.9287060141414, 'P_pow': 1.7050957620447365, 'WG_amp': 0.56672772395153, 'WG_Phalf': 219.6161569800694, 'WG_k': 50.193275520726274, 'WG_c': 2.4791989144451683, 'rain_shift': 1.16576665623543, 'ign_k': 0.25337515258700594, 'rate_power': 0.7036317676335443}. Best is trial 209 with value: 0.6108097453057891.
[I 2026-05-22 18:11:29,585] Trial 663 finished with value: 0.592462627005655 and parameters: {'P_amp': 0.5332041814467052, 'P_wet': 4397.3278867484005, 'P_pow': 3.3781363743507424, 'WG_amp': 0.3883813845408989, 'WG_Phalf': 130.84452210434296, 'WG_k': 4.184447007962848, 'WG_c': 0.03080289484181368, 'rain_shift': 0.3116346937163826, 'ign_k': 0.5145742055944299, 'rate_power': 1.2560132628999134}. Best is trial 209 with value: 0.6108097453057891.
[I 2026-05-22 18:11:30,045] Trial 664 finished with value: 0.5744001787791196 and parameters: {'P_amp': 0.04991288434985516, 'P_wet': 3865.076276064709, 'P_pow': 2.491218433521678, 'WG_amp': 0.25537342115485523, 'WG_Phalf': 523.2267057814178, 'WG_k': 39.406806183337316, 'WG_c': 5.823012280892251, 'rain_shift': 0.11593148225588679, 'ign_k': 0.5047655010375237, 'rate_power': 0.710538894669384}. Best is trial 209 with value: 0.6108097453057891.
[I 2026-05-22 18:11:30,508] Trial 665 finished with value: 0.5992737784611637 and parameters: {'P_amp': 0.20055937365708432, 'P_wet': 5503.210303614531, 'P_pow': 2.768845903278944, 'WG_amp': 0.27731004634587725, 'WG_Phalf': 799.6721457525322, 'WG_k': 3.5911814882950535, 'WG_c': 4.7782284778583755, 'rain_shift': 1.9991033249672405, 'ign_k': 0.31166666226544376, 'rate_power': 0.932471881809834}. Best is trial 209 with value: 0.6108097453057891.
[I 2026-05-22 18:11:30,972] Trial 666 finished with value: 0.5993612661401633 and parameters: {'P_amp': 0.3897833075448416, 'P_wet': 3025.243169032685, 'P_pow': 1.6626123272516848, 'WG_amp': 0.15948469183722608, 'WG_Phalf': 471.72221789415374, 'WG_k': 6.001199964869126, 'WG_c': 1.2131785042587333, 'rain_shift': 2.473696948879769, 'ign_k': 0.31652221785900836, 'rate_power': 0.7199230815108828}. Best is trial 209 with value: 0.6108097453057891.
[I 2026-05-22 18:11:31,435] Trial 667 finished with value: 0.6029280982417754 and parameters: {'P_amp': 0.04553364253464036, 'P_wet': 3472.4102080168755, 'P_pow': 0.3046361563476208, 'WG_amp': 0.4928225786794644, 'WG_Phalf': 1439.198345458919, 'WG_k': 2.6217238537016776, 'WG_c': 2.1841149725093043, 'rain_shift': 0.8586568483251016, 'ign_k': 0.37711069241879946, 'rate_power': 1.0572151093517312}. Best is trial 209 with value: 0.6108097453057891.
[I 2026-05-22 18:11:31,894] Trial 668 finished with value: 0.573271214718232 and parameters: {'P_amp': 0.671503427111875, 'P_wet': 3853.2266215480195, 'P_pow': 3.318107373696826, 'WG_amp': 0.06749903030578674, 'WG_Phalf': 1575.952534546841, 'WG_k': 3.8871581650532967, 'WG_c': 0.3103367110374315, 'rain_shift': 3.1138389904460215, 'ign_k': 0.406367578659979, 'rate_power': 1.1361474858458465}. Best is trial 209 with value: 0.6108097453057891.
[I 2026-05-22 18:11:32,357] Trial 669 finished with value: 0.5450760141866109 and parameters: {'P_amp': 0.6972439766597515, 'P_wet': 524.060336803384, 'P_pow': 1.2197727981456141, 'WG_amp': 0.09600539601149549, 'WG_Phalf': 390.2926918001801, 'WG_k': 0.3479969823972955, 'WG_c': 2.3509429001090583, 'rain_shift': 3.7650654143017155, 'ign_k': 0.48016852799742976, 'rate_power': 0.8385648502250501}. Best is trial 209 with value: 0.6108097453057891.
[I 2026-05-22 18:11:32,815] Trial 670 finished with value: 0.6045627478148002 and parameters: {'P_amp': 0.6103242996633017, 'P_wet': 5221.452127163511, 'P_pow': 3.252575855841335, 'WG_amp': 0.00382242025692206, 'WG_Phalf': 378.6875563234979, 'WG_k': 0.5859697803699261, 'WG_c': 1.6533610157664576, 'rain_shift': 0.8974605889114284, 'ign_k': 1.3343747826232395, 'rate_power': 1.0501339668477414}. Best is trial 209 with value: 0.6108097453057891.
[I 2026-05-22 18:11:33,275] Trial 671 finished with value: 0.6007559410949552 and parameters: {'P_amp': 0.17696351160724894, 'P_wet': 4230.708207478573, 'P_pow': 2.3447118004947294, 'WG_amp': 0.4119608365146332, 'WG_Phalf': 2257.4047644745347, 'WG_k': 0.18870118673338468, 'WG_c': 6.605776710216064, 'rain_shift': 1.0196541263397174, 'ign_k': 0.8985319322776768, 'rate_power': 1.1554832385439595}. Best is trial 209 with value: 0.6108097453057891.
[I 2026-05-22 18:11:33,737] Trial 672 finished with value: 0.5454629594643833 and parameters: {'P_amp': 0.34307772329393227, 'P_wet': 791.7249123853512, 'P_pow': 2.459267097120412, 'WG_amp': 0.04268658365000594, 'WG_Phalf': 366.27355105892786, 'WG_k': 34.48935414139838, 'WG_c': 0.022187178586501155, 'rain_shift': 5.895816651339359, 'ign_k': 0.23543602113614323, 'rate_power': 0.9539430409375564}. Best is trial 209 with value: 0.6108097453057891.
[I 2026-05-22 18:11:34,195] Trial 673 finished with value: 0.5997616064389258 and parameters: {'P_amp': 0.24825319852572242, 'P_wet': 3751.2308763293872, 'P_pow': 3.5490558083736716, 'WG_amp': 0.8417222334277534, 'WG_Phalf': 342.7678472878564, 'WG_k': 18.34696186734816, 'WG_c': 0.30575726550930576, 'rain_shift': 0.10317871465959357, 'ign_k': 0.5098150400570965, 'rate_power': 1.0385499606230484}. Best is trial 209 with value: 0.6108097453057891.
[I 2026-05-22 18:11:34,653] Trial 674 finished with value: 0.5085352582002513 and parameters: {'P_amp': 0.7387248994120336, 'P_wet': 981.4017663744804, 'P_pow': 2.727457922865134, 'WG_amp': 0.718786572047226, 'WG_Phalf': 4464.213437948374, 'WG_k': 7.387077520892444, 'WG_c': 5.330103829112326, 'rain_shift': 9.16306183087851, 'ign_k': 0.7963767093356563, 'rate_power': 1.1580744394925369}. Best is trial 209 with value: 0.6108097453057891.
[I 2026-05-22 18:11:35,115] Trial 675 finished with value: 0.6084376035309915 and parameters: {'P_amp': 0.09640924555901653, 'P_wet': 3387.752407872686, 'P_pow': 3.3143204242338955, 'WG_amp': 0.42123726040943554, 'WG_Phalf': 639.6036847731448, 'WG_k': 1.6220967420210886, 'WG_c': 1.6439280766127355, 'rain_shift': 0.6234078583176504, 'ign_k': 0.6244616279402527, 'rate_power': 0.9417541834059056}. Best is trial 209 with value: 0.6108097453057891.
[I 2026-05-22 18:11:35,574] Trial 676 finished with value: 0.5452088466801889 and parameters: {'P_amp': 0.21048253620877364, 'P_wet': 3462.8370699213074, 'P_pow': 3.864506943064352, 'WG_amp': 0.3926172872536572, 'WG_Phalf': 686.8845614444033, 'WG_k': 98.18547112016786, 'WG_c': 0.3597825479799886, 'rain_shift': 4.9738540122925, 'ign_k': 1.519659895180838, 'rate_power': 1.1228963676307822}. Best is trial 209 with value: 0.6108097453057891.
[I 2026-05-22 18:11:36,034] Trial 677 finished with value: 0.5640752100966047 and parameters: {'P_amp': 0.2135021736972744, 'P_wet': 3156.832430505786, 'P_pow': 2.0152035841457954, 'WG_amp': 0.4690391671230145, 'WG_Phalf': 4713.505302445518, 'WG_k': 0.1913557040603618, 'WG_c': 0.0004060192289047066, 'rain_shift': 5.196527699084005, 'ign_k': 0.0695304866626999, 'rate_power': 1.0576085500079546}. Best is trial 209 with value: 0.6108097453057891.
[I 2026-05-22 18:11:36,498] Trial 678 finished with value: 0.6037232544775778 and parameters: {'P_amp': 0.03825670324191641, 'P_wet': 4053.2421815430075, 'P_pow': 0.42953479735600086, 'WG_amp': 0.3456187571174065, 'WG_Phalf': 564.6530672109506, 'WG_k': 3.0971257840160606, 'WG_c': 4.6975856391773645, 'rain_shift': 2.0449206808648546, 'ign_k': 0.4230161935828666, 'rate_power': 0.9002773181900791}. Best is trial 209 with value: 0.6108097453057891.
[I 2026-05-22 18:11:36,962] Trial 679 finished with value: 0.5699049100891244 and parameters: {'P_amp': 0.8340594172711577, 'P_wet': 2867.9707682011453, 'P_pow': 0.815874535226309, 'WG_amp': 0.5458019977927657, 'WG_Phalf': 1958.4355879391621, 'WG_k': 0.09742171322181806, 'WG_c': 7.9275212554557895, 'rain_shift': 2.934638060364784, 'ign_k': 0.3672707413919932, 'rate_power': 0.9207251703073827}. Best is trial 209 with value: 0.6108097453057891.
[I 2026-05-22 18:11:37,425] Trial 680 finished with value: 0.5955452707121976 and parameters: {'P_amp': 0.14266506535759738, 'P_wet': 2460.2998610526893, 'P_pow': 2.498825085874955, 'WG_amp': 0.8657126048368383, 'WG_Phalf': 302.29118079752345, 'WG_k': 1.835059756511012, 'WG_c': 0.6595872558929581, 'rain_shift': 0.9986988160910262, 'ign_k': 1.993775419278443, 'rate_power': 0.9859845065247405}. Best is trial 209 with value: 0.6108097453057891.
[I 2026-05-22 18:11:37,889] Trial 681 finished with value: 0.599117048792771 and parameters: {'P_amp': 0.006197541419681901, 'P_wet': 2769.0136275706127, 'P_pow': 3.1468001044519163, 'WG_amp': 0.2391584230494043, 'WG_Phalf': 667.2545602085281, 'WG_k': 0.1006623598527214, 'WG_c': 9.51100301160938, 'rain_shift': 1.9757104761086062, 'ign_k': 0.6239382235345682, 'rate_power': 0.9250990800363703}. Best is trial 209 with value: 0.6108097453057891.
[I 2026-05-22 18:11:38,363] Trial 682 finished with value: 0.5356990406370625 and parameters: {'P_amp': 0.4386351724621765, 'P_wet': 5863.277406709246, 'P_pow': 5.1276325850671105, 'WG_amp': 0.33560387254946045, 'WG_Phalf': 3051.3316199988853, 'WG_k': 0.5239207191243699, 'WG_c': 0.0780482549169037, 'rain_shift': 9.527699206414269, 'ign_k': 1.4598948945420944, 'rate_power': 0.8707727138633986}. Best is trial 209 with value: 0.6108097453057891.
