[I 2026-05-22 17:47:23,170] Trial 256 finished with value: 0.5300796231180701 and parameters: {'k1': 0.01247250907342894, 'D_low': 361.453548256649, 'k2': 0.00048638876348205474, 'D_high': 22923.695064708067, 'fire_exp': 0.5348339566783418, 'P_half': 148.46329080525504, 'pre_dampen_half': 0.15301128905366693, 'gpp_af': 5.411369551392652, 'gpp_b': 5.036265578900382e-05, 'gpp_d': 1.2592654273536679, 'ign_k': 0.077135391957855, 'ign_c': 2.195764465366947}. Best is trial 0 with value: 0.6103502735484728.
[I 2026-05-22 17:47:23,598] Trial 257 finished with value: 0.46505222677588554 and parameters: {'k1': 0.06856245882969605, 'D_low': 8.404665953976473, 'k2': 0.00018238269889818006, 'D_high': 4063.4154038899605, 'fire_exp': 0.8520717336262358, 'P_half': 31.63731010028228, 'pre_dampen_half': 5.694725345049687, 'gpp_af': 1.2258922394565375, 'gpp_b': 0.15716113362243941, 'gpp_d': 13.635326441882787, 'ign_k': 0.1777026971354194, 'ign_c': 56.68589889574334}. Best is trial 0 with value: 0.6103502735484728.
[I 2026-05-22 17:47:24,028] Trial 258 finished with value: 0.5685103297138209 and parameters: {'k1': 0.00030319428125573974, 'D_low': 6.150184577081612, 'k2': 0.025627039509067473, 'D_high': 892.0911700263046, 'fire_exp': 0.7654941010230674, 'P_half': 0.1806083406025904, 'pre_dampen_half': 26.09416065720018, 'gpp_af': 1.9491255373689331, 'gpp_b': 0.02684428120984385, 'gpp_d': 2.908489813205973, 'ign_k': 0.7008105615684576, 'ign_c': 13.44070543420086}. Best is trial 0 with value: 0.6103502735484728.
[I 2026-05-22 17:47:24,459] Trial 259 finished with value: 0.5465780659306219 and parameters: {'k1': 0.010895592332707385, 'D_low': 8.01090332262142, 'k2': 3.440363214714983e-05, 'D_high': 16698.95776134372, 'fire_exp': 0.8883085375962033, 'P_half': 8.302752729977081, 'pre_dampen_half': 28.79623533837839, 'gpp_af': 4.281232473996543, 'gpp_b': 5.42279344477234e-05, 'gpp_d': 4.418890527727692, 'ign_k': 6.482395028800378, 'ign_c': 2.0890525398038724}. Best is trial 0 with value: 0.6103502735484728.
[I 2026-05-22 17:47:24,889] Trial 260 finished with value: 0.48211255984217427 and parameters: {'k1': 1.0717470186479008e-05, 'D_low': 7.790904069831208, 'k2': 0.07112396546378318, 'D_high': 476.69387826341324, 'fire_exp': 0.6076488275201425, 'P_half': 0.1757562871633456, 'pre_dampen_half': 0.04525944817777863, 'gpp_af': 3.4338255250720477, 'gpp_b': 2.1138453778800543e-06, 'gpp_d': 4.80223361065169, 'ign_k': 1.0777602571104041, 'ign_c': 17.391965617001375}. Best is trial 0 with value: 0.6103502735484728.
[I 2026-05-22 17:47:25,321] Trial 261 finished with value: 0.4759314603531351 and parameters: {'k1': 0.0030174086577635533, 'D_low': 2.4727456764046445, 'k2': 7.678730525476895e-05, 'D_high': 79954.06347552447, 'fire_exp': 0.5128745947312133, 'P_half': 87.0073625306389, 'pre_dampen_half': 0.12541600745409978, 'gpp_af': 0.724957024699421, 'gpp_b': 0.00420974986383694, 'gpp_d': 1.7843476390819515, 'ign_k': 0.26154473697154795, 'ign_c': 40.62642226624058}. Best is trial 0 with value: 0.6103502735484728.
[I 2026-05-22 17:47:25,752] Trial 262 finished with value: 0.5242705548699907 and parameters: {'k1': 0.0034321413144635404, 'D_low': 97.5619815039127, 'k2': 0.0028691112423112845, 'D_high': 69665.13772386588, 'fire_exp': 0.9842665678824362, 'P_half': 173.3421785779222, 'pre_dampen_half': 0.12119199230390362, 'gpp_af': 4.92146391520221, 'gpp_b': 1.0296180488727191e-06, 'gpp_d': 14.125992505920244, 'ign_k': 5.028284502846526, 'ign_c': 0.40493069096360346}. Best is trial 0 with value: 0.6103502735484728.
[I 2026-05-22 17:47:26,185] Trial 263 finished with value: 0.5316893375044022 and parameters: {'k1': 0.0018533049792970257, 'D_low': 622.3960440307986, 'k2': 0.049702150105472666, 'D_high': 5220.584468177919, 'fire_exp': 0.45780135929177956, 'P_half': 0.9672170416160655, 'pre_dampen_half': 15.636286560213598, 'gpp_af': 0.7582307343551152, 'gpp_b': 2.656936878329337e-06, 'gpp_d': 23.619510352480273, 'ign_k': 0.3412574621136195, 'ign_c': 4.056549886323873}. Best is trial 0 with value: 0.6103502735484728.
[I 2026-05-22 17:47:26,617] Trial 264 finished with value: 0.48917239522108363 and parameters: {'k1': 0.04695320664517306, 'D_low': 687.0075611825192, 'k2': 0.0006679161969750199, 'D_high': 2797.044692634351, 'fire_exp': 0.35192982253570093, 'P_half': 2.2035009805259116, 'pre_dampen_half': 16.652594203108418, 'gpp_af': 1.3948310009979346, 'gpp_b': 1.9934633056730967e-06, 'gpp_d': 268.2939554675475, 'ign_k': 9.409367573345543, 'ign_c': 4.087987091494327}. Best is trial 0 with value: 0.6103502735484728.
[I 2026-05-22 17:47:27,050] Trial 265 finished with value: 0.5575408874467417 and parameters: {'k1': 0.0007719491646206945, 'D_low': 1.1198138661625239, 'k2': 0.024262111642284263, 'D_high': 5168.552259363688, 'fire_exp': 0.4763320857106878, 'P_half': 0.17422846376485404, 'pre_dampen_half': 3.9088908536947202, 'gpp_af': 0.7916876431591009, 'gpp_b': 7.37270775950365e-06, 'gpp_d': 2.0280842570322397, 'ign_k': 0.15201889655877465, 'ign_c': 8.170481468246962}. Best is trial 0 with value: 0.6103502735484728.
[I 2026-05-22 17:47:27,495] Trial 266 finished with value: 0.45980510631821486 and parameters: {'k1': 0.0008333804259175222, 'D_low': 94.8640315276696, 'k2': 0.002384437384762745, 'D_high': 1201.4949140205608, 'fire_exp': 0.8476881993664219, 'P_half': 0.10664026672944774, 'pre_dampen_half': 1.0461750878557505, 'gpp_af': 55.003439020091946, 'gpp_b': 4.220620670223299e-06, 'gpp_d': 1.3418907978618144, 'ign_k': 1.081128002056843, 'ign_c': 2.507469154118659}. Best is trial 0 with value: 0.6103502735484728.
[I 2026-05-22 17:47:27,937] Trial 267 finished with value: 0.4230630517529095 and parameters: {'k1': 0.030712543460634845, 'D_low': 165.2960120049038, 'k2': 2.3582477940560852e-05, 'D_high': 2842.5498981602505, 'fire_exp': 0.5007169834455968, 'P_half': 31.102187204802913, 'pre_dampen_half': 0.3382532358488568, 'gpp_af': 37.2477677766576, 'gpp_b': 1.1059463245712814e-06, 'gpp_d': 12.28660289496189, 'ign_k': 7.903166329721659, 'ign_c': 30.84699874216655}. Best is trial 0 with value: 0.6103502735484728.
[I 2026-05-22 17:47:28,370] Trial 268 finished with value: 0.5656745204532718 and parameters: {'k1': 0.021974676689526906, 'D_low': 6.86856139365891, 'k2': 0.005744316289133398, 'D_high': 1874.4491715960876, 'fire_exp': 0.4060635727247572, 'P_half': 0.35860405690690617, 'pre_dampen_half': 2.0484131099488736, 'gpp_af': 0.41404460514657726, 'gpp_b': 2.838236217965477e-06, 'gpp_d': 488.90901893644025, 'ign_k': 3.4732830619899473, 'ign_c': 2.327984633584708}. Best is trial 0 with value: 0.6103502735484728.
[I 2026-05-22 17:47:28,806] Trial 269 finished with value: 0.5327142263981417 and parameters: {'k1': 0.09729835455912138, 'D_low': 21.6759733127122, 'k2': 0.0004159250814281871, 'D_high': 53692.42038197284, 'fire_exp': 0.36147341769698355, 'P_half': 26.994707138440013, 'pre_dampen_half': 3.582945139517678, 'gpp_af': 0.18247196449062436, 'gpp_b': 0.46336628378754247, 'gpp_d': 0.05637949663495753, 'ign_k': 0.3246358886577047, 'ign_c': 6.811412612464648}. Best is trial 0 with value: 0.6103502735484728.
[I 2026-05-22 17:47:29,238] Trial 270 finished with value: 0.44943724489047127 and parameters: {'k1': 1.5394269997958495e-05, 'D_low': 7.418026061425357, 'k2': 0.018721563142418227, 'D_high': 35.26607248573398, 'fire_exp': 0.38180039377371433, 'P_half': 0.30157316092760394, 'pre_dampen_half': 0.8861486654382709, 'gpp_af': 4.438029689061653, 'gpp_b': 0.01911223189368575, 'gpp_d': 0.3284726476784651, 'ign_k': 0.23524272581159572, 'ign_c': 31.68350458752733}. Best is trial 0 with value: 0.6103502735484728.
[I 2026-05-22 17:47:29,673] Trial 271 finished with value: 0.5685451275797853 and parameters: {'k1': 0.06862163198714598, 'D_low': 6.217763789097504, 'k2': 0.002224192220220267, 'D_high': 26480.007737845444, 'fire_exp': 0.36048923773374614, 'P_half': 322.66885890999527, 'pre_dampen_half': 0.07185478070051168, 'gpp_af': 0.14584778221987627, 'gpp_b': 1.2295944103305633e-05, 'gpp_d': 914.8369045200446, 'ign_k': 4.571083252429614, 'ign_c': 2.535163874628167}. Best is trial 0 with value: 0.6103502735484728.
[I 2026-05-22 17:47:30,107] Trial 272 finished with value: 0.547558415097837 and parameters: {'k1': 0.0334869338189876, 'D_low': 382.0251891286853, 'k2': 8.090374374876397e-05, 'D_high': 50388.958001442326, 'fire_exp': 0.44114069408900664, 'P_half': 4.326877542299859, 'pre_dampen_half': 0.395529791604938, 'gpp_af': 0.2518694988432754, 'gpp_b': 0.00016913068058524658, 'gpp_d': 519.7783422015893, 'ign_k': 0.023613348147221817, 'ign_c': 2.351849930569093}. Best is trial 0 with value: 0.6103502735484728.
[I 2026-05-22 17:47:30,547] Trial 273 finished with value: 0.5597443099553243 and parameters: {'k1': 0.07556878409792177, 'D_low': 87.87671934571264, 'k2': 0.0007173647577634369, 'D_high': 36305.542782770826, 'fire_exp': 0.5536440415518775, 'P_half': 292.3523891007377, 'pre_dampen_half': 0.48672075090079786, 'gpp_af': 71.4929766159351, 'gpp_b': 0.00013120640665998908, 'gpp_d': 75.47263194626896, 'ign_k': 0.181347259115514, 'ign_c': 24.767163227206982}. Best is trial 0 with value: 0.6103502735484728.
[I 2026-05-22 17:47:30,988] Trial 274 finished with value: 0.5659928644923058 and parameters: {'k1': 0.00034146848790394575, 'D_low': 72.17041284954887, 'k2': 0.018529342637761046, 'D_high': 2756.007666409333, 'fire_exp': 0.47345859959597714, 'P_half': 0.24070823754938098, 'pre_dampen_half': 24.769078056799867, 'gpp_af': 1.7622768766491306, 'gpp_b': 2.422299471637546e-06, 'gpp_d': 0.28620877005349, 'ign_k': 7.0623527585407055, 'ign_c': 13.405026831779692}. Best is trial 0 with value: 0.6103502735484728.
[I 2026-05-22 17:47:31,416] Trial 275 finished with value: 0.48964975759940443 and parameters: {'k1': 0.06191113162835698, 'D_low': 25.740741518529152, 'k2': 0.002502793241716928, 'D_high': 60671.55122095954, 'fire_exp': 0.8886652898258286, 'P_half': 747.5491974292514, 'pre_dampen_half': 0.013114516221011676, 'gpp_af': 0.05591709790665547, 'gpp_b': 7.269398881381e-05, 'gpp_d': 361.03766859366993, 'ign_k': 0.27521917858027134, 'ign_c': 9.389124816703589}. Best is trial 0 with value: 0.6103502735484728.
[I 2026-05-22 17:47:31,891] Trial 276 finished with value: 0.5373080197358608 and parameters: {'k1': 0.07878587588857115, 'D_low': 7.209451483758475, 'k2': 5.584608454619241e-05, 'D_high': 36049.9786810363, 'fire_exp': 0.3988064897997625, 'P_half': 142.74191755726602, 'pre_dampen_half': 0.06237671790544864, 'gpp_af': 0.19919212379768336, 'gpp_b': 0.08020294354878738, 'gpp_d': 42.545159243753844, 'ign_k': 1.2457208919939569, 'ign_c': 18.634686550632324}. Best is trial 0 with value: 0.6103502735484728.
[I 2026-05-22 17:47:32,334] Trial 277 finished with value: 0.5123114375483406 and parameters: {'k1': 0.00038060689716650116, 'D_low': 27.278669864853708, 'k2': 0.09087871671168775, 'D_high': 1259.5120716375236, 'fire_exp': 0.35059835285411595, 'P_half': 0.17142318011307425, 'pre_dampen_half': 1.4802539969234119, 'gpp_af': 4.825798773331861, 'gpp_b': 0.0004122665148767149, 'gpp_d': 2.8485472282367597, 'ign_k': 0.07033452997469276, 'ign_c': 64.0786291588239}. Best is trial 0 with value: 0.6103502735484728.
[I 2026-05-22 17:47:32,790] Trial 278 finished with value: 0.5348134889783946 and parameters: {'k1': 1.163660343901787e-05, 'D_low': 9.128249176937942, 'k2': 0.03392347397677788, 'D_high': 837.3628234322391, 'fire_exp': 0.5794169009033375, 'P_half': 0.48963391759267866, 'pre_dampen_half': 2.0689310882657423, 'gpp_af': 7.072783564567412, 'gpp_b': 0.00027574863923589504, 'gpp_d': 87.61585092396253, 'ign_k': 0.07385888194701686, 'ign_c': 23.912944067114783}. Best is trial 0 with value: 0.6103502735484728.
[I 2026-05-22 17:47:33,249] Trial 279 finished with value: 0.5764992528895776 and parameters: {'k1': 0.020506892455979774, 'D_low': 30.610742877375824, 'k2': 0.0004018036244132346, 'D_high': 73179.97763440564, 'fire_exp': 0.47560100633933244, 'P_half': 236.82218461482287, 'pre_dampen_half': 0.37615975504676, 'gpp_af': 12.085060202216754, 'gpp_b': 0.022860464410427647, 'gpp_d': 38.83692483919777, 'ign_k': 4.420538077531459, 'ign_c': 4.070261782901415}. Best is trial 0 with value: 0.6103502735484728.
[I 2026-05-22 17:47:33,682] Trial 280 finished with value: 0.5433451624298988 and parameters: {'k1': 0.014435539544879486, 'D_low': 87.01072960560772, 'k2': 0.0035426998857112217, 'D_high': 9332.37789131845, 'fire_exp': 0.6602621893034867, 'P_half': 84.4107615732759, 'pre_dampen_half': 0.12905578107535337, 'gpp_af': 32.9290875087933, 'gpp_b': 0.06233933658965733, 'gpp_d': 53.64901063170034, 'ign_k': 2.4485668629511896, 'ign_c': 3.572064938126376}. Best is trial 0 with value: 0.6103502735484728.
[I 2026-05-22 17:47:34,117] Trial 281 finished with value: 0.5312232120501649 and parameters: {'k1': 0.07675182587154698, 'D_low': 60.973334776763515, 'k2': 2.2800800701518654e-05, 'D_high': 2615.548124369329, 'fire_exp': 0.8785231130163476, 'P_half': 22.417831891573368, 'pre_dampen_half': 12.190406453157832, 'gpp_af': 1.9473463130839284, 'gpp_b': 6.720215232833858e-05, 'gpp_d': 48.45226087503466, 'ign_k': 8.032309941426837, 'ign_c': 25.42759782960323}. Best is trial 0 with value: 0.6103502735484728.
[I 2026-05-22 17:47:34,552] Trial 282 finished with value: 0.3994490055432051 and parameters: {'k1': 1.4825736019471093e-05, 'D_low': 22.947150953010485, 'k2': 0.028742806605399483, 'D_high': 13681.493479845263, 'fire_exp': 0.6720067131826151, 'P_half': 7.776535813106106, 'pre_dampen_half': 0.9078194193294803, 'gpp_af': 3.0410267260790045, 'gpp_b': 1.914934031243982e-05, 'gpp_d': 13.82316938903073, 'ign_k': 3.9546276527111464, 'ign_c': 121.95572716304085}. Best is trial 0 with value: 0.6103502735484728.
[I 2026-05-22 17:47:34,979] Trial 283 finished with value: 0.46029515674281385 and parameters: {'k1': 0.005699335248709763, 'D_low': 1678.9428042237716, 'k2': 0.0003274440860548586, 'D_high': 38401.13950976911, 'fire_exp': 0.3622101441486261, 'P_half': 12.52673804843053, 'pre_dampen_half': 0.3281910941757569, 'gpp_af': 0.8018196600970996, 'gpp_b': 0.08201676716452977, 'gpp_d': 33.111597960115084, 'ign_k': 0.3061591633854116, 'ign_c': 50.556158882810564}. Best is trial 0 with value: 0.6103502735484728.
[I 2026-05-22 17:47:35,409] Trial 284 finished with value: 0.463195180568707 and parameters: {'k1': 0.0007021668423823224, 'D_low': 35.940244795096866, 'k2': 0.001274124682257359, 'D_high': 3570.1550257343642, 'fire_exp': 0.4715034905106115, 'P_half': 0.22115107156508348, 'pre_dampen_half': 0.5899884749657854, 'gpp_af': 0.09330021373316702, 'gpp_b': 9.430414224429119e-05, 'gpp_d': 2.2230578925755378, 'ign_k': 0.18505363492197693, 'ign_c': 116.84784611066662}. Best is trial 0 with value: 0.6103502735484728.
[I 2026-05-22 17:47:35,889] Trial 285 finished with value: 0.5219237943193968 and parameters: {'k1': 0.010467826497869552, 'D_low': 4.127303672487567, 'k2': 0.00938165598085679, 'D_high': 10557.672670388423, 'fire_exp': 0.801106360052338, 'P_half': 687.5116009149185, 'pre_dampen_half': 335.5945564623015, 'gpp_af': 3.35305294077293, 'gpp_b': 2.9763512879316236e-06, 'gpp_d': 5.314598741423187, 'ign_k': 0.004384049000385275, 'ign_c': 14.464589076766911}. Best is trial 0 with value: 0.6103502735484728.
[I 2026-05-22 17:47:36,322] Trial 286 finished with value: 0.5485655939602728 and parameters: {'k1': 0.005089073362119978, 'D_low': 22.511491262928658, 'k2': 6.833770034063213e-05, 'D_high': 31869.16112410674, 'fire_exp': 0.9641171392561321, 'P_half': 256.7338428570148, 'pre_dampen_half': 1.1618812490885124, 'gpp_af': 0.1435305339434997, 'gpp_b': 6.033802718878008e-06, 'gpp_d': 223.3300958453161, 'ign_k': 1.2396936835714738, 'ign_c': 19.07182363155168}. Best is trial 0 with value: 0.6103502735484728.
[I 2026-05-22 17:47:36,753] Trial 287 finished with value: 0.47618707593059606 and parameters: {'k1': 2.7475319880989895e-05, 'D_low': 149.53065395489352, 'k2': 0.00605183869797914, 'D_high': 4036.28405220834, 'fire_exp': 0.5974540908871784, 'P_half': 0.2783116287124964, 'pre_dampen_half': 3.0783020677716983, 'gpp_af': 0.09451850375466476, 'gpp_b': 0.052861499490466306, 'gpp_d': 25.254097969073364, 'ign_k': 0.4676220439454759, 'ign_c': 29.929019277176117}. Best is trial 0 with value: 0.6103502735484728.
[I 2026-05-22 17:47:37,185] Trial 288 finished with value: 0.44316963664967496 and parameters: {'k1': 0.06720745413191957, 'D_low': 835.7895297710637, 'k2': 0.0005181138610214003, 'D_high': 73173.5018591971, 'fire_exp': 0.5440486341117109, 'P_half': 48.61616251031426, 'pre_dampen_half': 0.06682373454221763, 'gpp_af': 0.5593256854942276, 'gpp_b': 0.0002176275808750898, 'gpp_d': 96.53920059133719, 'ign_k': 0.05072517147085263, 'ign_c': 69.17410943045135}. Best is trial 0 with value: 0.6103502735484728.
[I 2026-05-22 17:47:37,615] Trial 289 finished with value: 0.4718977845991319 and parameters: {'k1': 0.010480871903494558, 'D_low': 24.872819328678563, 'k2': 0.0005475822503591152, 'D_high': 49621.41017260549, 'fire_exp': 0.7491776925169724, 'P_half': 619.4860268555666, 'pre_dampen_half': 0.06506761117034325, 'gpp_af': 11.356733911344543, 'gpp_b': 0.04592967399691741, 'gpp_d': 2.511979906250636, 'ign_k': 2.046548208718497, 'ign_c': 23.969426562876944}. Best is trial 0 with value: 0.6103502735484728.
[I 2026-05-22 17:47:38,045] Trial 290 finished with value: 0.5148496009909094 and parameters: {'k1': 0.09081601474082159, 'D_low': 7.317997873659062, 'k2': 0.00018734410212932059, 'D_high': 70995.82790198694, 'fire_exp': 0.5048066857744861, 'P_half': 5987.640428555755, 'pre_dampen_half': 0.767515751795126, 'gpp_af': 0.2706513024016589, 'gpp_b': 7.742895320092054e-05, 'gpp_d': 29.66647961889145, 'ign_k': 1.2588262802177344, 'ign_c': 23.60463189477463}. Best is trial 0 with value: 0.6103502735484728.
[I 2026-05-22 17:47:38,472] Trial 291 finished with value: 0.3994490055432051 and parameters: {'k1': 0.03271604312263919, 'D_low': 10.664779848988122, 'k2': 9.871315729854636e-05, 'D_high': 35641.043068364546, 'fire_exp': 0.3706398587614229, 'P_half': 3.3355821937991696, 'pre_dampen_half': 4.813059792268125, 'gpp_af': 0.2724915843488099, 'gpp_b': 0.053286946195981476, 'gpp_d': 9.284997343538395, 'ign_k': 1.300002821459888, 'ign_c': 80.38074985183562}. Best is trial 0 with value: 0.6103502735484728.
[I 2026-05-22 17:47:38,902] Trial 292 finished with value: 0.5016311920905475 and parameters: {'k1': 0.043543774517369856, 'D_low': 17.060642757188734, 'k2': 0.0010925558602122888, 'D_high': 82224.81415647114, 'fire_exp': 2.325923538468626, 'P_half': 1988.0433947336169, 'pre_dampen_half': 665.5006205125284, 'gpp_af': 0.03417117540536251, 'gpp_b': 3.88625551440303e-05, 'gpp_d': 1.9835554714066286, 'ign_k': 0.8638419862697087, 'ign_c': 4.907015638051454}. Best is trial 0 with value: 0.6103502735484728.
[I 2026-05-22 17:47:39,334] Trial 293 finished with value: 0.46528109408173024 and parameters: {'k1': 0.08395509200206634, 'D_low': 36.49950633131815, 'k2': 0.0031712774421186764, 'D_high': 42976.48566796001, 'fire_exp': 0.4322509272144285, 'P_half': 78.98852441677306, 'pre_dampen_half': 0.1567984670450664, 'gpp_af': 0.7441277267601311, 'gpp_b': 0.004131693455662648, 'gpp_d': 0.734158482284673, 'ign_k': 0.1412233713359284, 'ign_c': 149.51483641312325}. Best is trial 0 with value: 0.6103502735484728.
[I 2026-05-22 17:47:39,768] Trial 294 finished with value: 0.5570744643451945 and parameters: {'k1': 0.005984193101183665, 'D_low': 87.37731422205677, 'k2': 1.9860648279245996e-05, 'D_high': 80678.09811330837, 'fire_exp': 0.5487974565811095, 'P_half': 33.70989909183085, 'pre_dampen_half': 0.1377455137247467, 'gpp_af': 9.937567611695433, 'gpp_b': 0.010759164442844207, 'gpp_d': 17.65754861159975, 'ign_k': 9.411059489526064, 'ign_c': 3.0815926901724455}. Best is trial 0 with value: 0.6103502735484728.
[I 2026-05-22 17:47:40,201] Trial 295 finished with value: 0.5734450758091022 and parameters: {'k1': 0.008881462802435418, 'D_low': 76.39790876959755, 'k2': 0.0003728338474540394, 'D_high': 34273.981293235076, 'fire_exp': 0.3522034553065086, 'P_half': 0.608958109081649, 'pre_dampen_half': 0.3742370900661419, 'gpp_af': 0.35633444167352546, 'gpp_b': 9.059342726800379e-05, 'gpp_d': 8.418800746802532, 'ign_k': 0.1559139435286276, 'ign_c': 33.50812492022378}. Best is trial 0 with value: 0.6103502735484728.
[I 2026-05-22 17:47:40,630] Trial 296 finished with value: 0.5375314758522018 and parameters: {'k1': 0.0026441148612137235, 'D_low': 102.99258233370102, 'k2': 0.0004805590605633352, 'D_high': 5107.8450570105415, 'fire_exp': 0.8488029714698769, 'P_half': 552.9885145809933, 'pre_dampen_half': 1.5252363517628942, 'gpp_af': 2.3569107682467654, 'gpp_b': 1.3835247835923933e-05, 'gpp_d': 17.159376078334947, 'ign_k': 6.666297477935954, 'ign_c': 6.796239518370052}. Best is trial 0 with value: 0.6103502735484728.
[I 2026-05-22 17:47:41,059] Trial 297 finished with value: 0.5733449529784591 and parameters: {'k1': 0.07015249089067963, 'D_low': 35.39211004110134, 'k2': 0.00038973134833065684, 'D_high': 11709.194715508786, 'fire_exp': 0.4604792644412521, 'P_half': 0.3465509760364235, 'pre_dampen_half': 0.5959049063987366, 'gpp_af': 1.6310536600526095, 'gpp_b': 5.0927459176471865e-06, 'gpp_d': 45.23667024873118, 'ign_k': 1.5608298288938365, 'ign_c': 6.245433208512695}. Best is trial 0 with value: 0.6103502735484728.
[I 2026-05-22 17:47:41,489] Trial 298 finished with value: 0.3994490055432051 and parameters: {'k1': 0.003772039826572139, 'D_low': 95.71592081772309, 'k2': 0.01756812576870144, 'D_high': 65917.42290905048, 'fire_exp': 0.6209453902083342, 'P_half': 6036.849245759701, 'pre_dampen_half': 0.323079784723517, 'gpp_af': 0.14977574282506886, 'gpp_b': 1.2984961337671717e-06, 'gpp_d': 20.879452227229837, 'ign_k': 9.633653908947494, 'ign_c': 58.988105214886204}. Best is trial 0 with value: 0.6103502735484728.
