[I 2026-05-22 18:13:59,225] Trial 977 finished with value: 0.5684808804496575 and parameters: {'P_amp': 0.8672112395929623, 'P_wet': 2022.2872384510551, 'P_pow': 5.312131640210274, 'WG_amp': 0.2745874534646057, 'WG_Phalf': 1210.6702930107115, 'WG_k': 1.7833389459572098, 'WG_c': 2.0572912772836123, 'rain_shift': 0.5132176236338255, 'ign_k': 0.1468544655982684, 'rate_power': 0.7192032926142351}. Best is trial 209 with value: 0.6108097453057891.
[I 2026-05-22 18:13:59,688] Trial 978 finished with value: 0.6077203864377109 and parameters: {'P_amp': 0.01048727142838742, 'P_wet': 1572.837151225775, 'P_pow': 1.1819933497616044, 'WG_amp': 0.30469153476419075, 'WG_Phalf': 164.61248775012916, 'WG_k': 3.676790231703477, 'WG_c': 6.657214747244777, 'rain_shift': 0.2987998015928803, 'ign_k': 1.1666355035649527, 'rate_power': 1.1484443375307256}. Best is trial 209 with value: 0.6108097453057891.
[I 2026-05-22 18:14:00,156] Trial 979 finished with value: 0.5548618484645331 and parameters: {'P_amp': 0.27109688627226236, 'P_wet': 4351.728650138829, 'P_pow': 0.5458518504237624, 'WG_amp': 0.23393621297809838, 'WG_Phalf': 1332.0380937942168, 'WG_k': 0.019142221974434822, 'WG_c': 0.00019037212408029252, 'rain_shift': 8.836231759889616, 'ign_k': 0.3136776475969172, 'rate_power': 0.7402250964224862}. Best is trial 209 with value: 0.6108097453057891.
[I 2026-05-22 18:14:00,625] Trial 980 finished with value: 0.4902152744793197 and parameters: {'P_amp': 0.7169023570526503, 'P_wet': 566.5153593701909, 'P_pow': 4.756328526271019, 'WG_amp': 0.7616546837069933, 'WG_Phalf': 106.14504467942025, 'WG_k': 0.017578727516694703, 'WG_c': 0.12568155201101106, 'rain_shift': 7.399361687861882, 'ign_k': 0.402606766774499, 'rate_power': 0.962894316603235}. Best is trial 209 with value: 0.6108097453057891.
[I 2026-05-22 18:14:01,097] Trial 981 finished with value: 0.6063153477438724 and parameters: {'P_amp': 0.23947577018891908, 'P_wet': 1596.078697361941, 'P_pow': 3.8980639425448755, 'WG_amp': 0.05949452855803936, 'WG_Phalf': 550.9127020563548, 'WG_k': 56.02874780609163, 'WG_c': 4.75145338056835, 'rain_shift': 0.398788368705135, 'ign_k': 0.5675832322438005, 'rate_power': 1.1671957423246997}. Best is trial 209 with value: 0.6108097453057891.
[I 2026-05-22 18:14:01,578] Trial 982 finished with value: 0.5703988974253797 and parameters: {'P_amp': 0.017310550292070973, 'P_wet': 4560.057281429097, 'P_pow': 4.865295022342419, 'WG_amp': 0.7992526318317623, 'WG_Phalf': 1109.6343877272277, 'WG_k': 53.103564093706204, 'WG_c': 0.33740627726999717, 'rain_shift': 3.743005499803967, 'ign_k': 2.6773469045621066, 'rate_power': 0.7207275192539522}. Best is trial 209 with value: 0.6108097453057891.
[I 2026-05-22 18:14:02,051] Trial 983 finished with value: 0.5876761291140988 and parameters: {'P_amp': 0.22463365716011427, 'P_wet': 5132.8336746169525, 'P_pow': 3.460985926994876, 'WG_amp': 0.33418101783435017, 'WG_Phalf': 922.872485843795, 'WG_k': 8.27594406995693, 'WG_c': 0.5122919453501843, 'rain_shift': 1.7765838147438002, 'ign_k': 0.9236997029983692, 'rate_power': 1.1409742667814746}. Best is trial 209 with value: 0.6108097453057891.
[I 2026-05-22 18:14:02,522] Trial 984 finished with value: 0.54048435958074 and parameters: {'P_amp': 0.0886008240920364, 'P_wet': 5079.6712118888845, 'P_pow': 4.920704597809879, 'WG_amp': 0.2399251853229237, 'WG_Phalf': 1644.5377685080641, 'WG_k': 47.60155318281263, 'WG_c': 0.14271291770419944, 'rain_shift': 9.19891065873173, 'ign_k': 0.23645391319794953, 'rate_power': 1.0150163517567505}. Best is trial 209 with value: 0.6108097453057891.
[I 2026-05-22 18:14:02,990] Trial 985 finished with value: 0.6013789569748581 and parameters: {'P_amp': 0.0611012077792626, 'P_wet': 4837.399183157432, 'P_pow': 3.885528529312767, 'WG_amp': 0.01844448507778985, 'WG_Phalf': 380.53726757963517, 'WG_k': 5.712477896068805, 'WG_c': 0.17479987126484997, 'rain_shift': 0.23021455789333867, 'ign_k': 0.826396253018206, 'rate_power': 0.8804381992734914}. Best is trial 209 with value: 0.6108097453057891.
[I 2026-05-22 18:14:03,461] Trial 986 finished with value: 0.5952587315992556 and parameters: {'P_amp': 0.011282722846054603, 'P_wet': 680.846060608767, 'P_pow': 3.510709224038295, 'WG_amp': 0.4619362499888782, 'WG_Phalf': 983.8206535027844, 'WG_k': 81.87837515267489, 'WG_c': 7.391448205361007, 'rain_shift': 0.03722993025246965, 'ign_k': 0.721998371080935, 'rate_power': 0.8773173639536095}. Best is trial 209 with value: 0.6108097453057891.
[I 2026-05-22 18:14:03,963] Trial 987 finished with value: 0.5399254573453294 and parameters: {'P_amp': 0.5594180922513743, 'P_wet': 2089.7047759058137, 'P_pow': 2.7485609180051296, 'WG_amp': 0.8291725832276324, 'WG_Phalf': 594.8199151867022, 'WG_k': 44.45363712720176, 'WG_c': 0.3819506103108442, 'rain_shift': 8.382918186663282, 'ign_k': 0.1041428614841051, 'rate_power': 1.1297006573314445}. Best is trial 209 with value: 0.6108097453057891.
[I 2026-05-22 18:14:04,525] Trial 988 finished with value: 0.5462410043237863 and parameters: {'P_amp': 0.7396361468775566, 'P_wet': 1625.6328220695598, 'P_pow': 2.119511719967478, 'WG_amp': 0.48308114681429487, 'WG_Phalf': 4379.1452432198075, 'WG_k': 12.437086097127334, 'WG_c': 2.6666542520986347, 'rain_shift': 5.758731087691745, 'ign_k': 0.22195387005935754, 'rate_power': 0.9912916534793708}. Best is trial 209 with value: 0.6108097453057891.
[I 2026-05-22 18:14:05,101] Trial 989 finished with value: 0.5987983910589797 and parameters: {'P_amp': 0.40063509501519023, 'P_wet': 3465.354600226594, 'P_pow': 0.9770362289451148, 'WG_amp': 0.5715317761734222, 'WG_Phalf': 2360.6863726507295, 'WG_k': 11.37824023927225, 'WG_c': 2.230031104343406, 'rain_shift': 0.8429725087390056, 'ign_k': 0.3788377593064331, 'rate_power': 0.8738353749279806}. Best is trial 209 with value: 0.6108097453057891.
[I 2026-05-22 18:14:05,703] Trial 990 finished with value: 0.6067327609892506 and parameters: {'P_amp': 0.027718720907955057, 'P_wet': 2318.477375840913, 'P_pow': 4.4248439791495295, 'WG_amp': 0.08257515104644829, 'WG_Phalf': 254.34386165043207, 'WG_k': 7.832136338472181, 'WG_c': 0.4288329874742906, 'rain_shift': 1.0641091349919187, 'ign_k': 0.6226873626721247, 'rate_power': 1.100210516190879}. Best is trial 209 with value: 0.6108097453057891.
[I 2026-05-22 18:14:06,198] Trial 991 finished with value: 0.48979586680850856 and parameters: {'P_amp': 0.5710760219999071, 'P_wet': 644.9698217050969, 'P_pow': 5.36808821738581, 'WG_amp': 0.7680616058948718, 'WG_Phalf': 182.95155853393308, 'WG_k': 38.79242935209978, 'WG_c': 0.04519453594218035, 'rain_shift': 7.6206702776279345, 'ign_k': 0.3194200141061435, 'rate_power': 1.1314251152697854}. Best is trial 209 with value: 0.6108097453057891.
[I 2026-05-22 18:14:06,669] Trial 992 finished with value: 0.5889971997759149 and parameters: {'P_amp': 0.0037121319305760264, 'P_wet': 4640.348935446397, 'P_pow': 1.1770865407186295, 'WG_amp': 0.11935769557048834, 'WG_Phalf': 364.98762774732944, 'WG_k': 0.5033400574242082, 'WG_c': 0.6480212810560516, 'rain_shift': 1.9199299861078487, 'ign_k': 0.8922286022145128, 'rate_power': 1.0318852831811323}. Best is trial 209 with value: 0.6108097453057891.
[I 2026-05-22 18:14:07,135] Trial 993 finished with value: 0.5784541729876578 and parameters: {'P_amp': 0.1818937632206241, 'P_wet': 4745.895656573473, 'P_pow': 1.3400385674791975, 'WG_amp': 0.2992609833415201, 'WG_Phalf': 651.9009494895869, 'WG_k': 9.040811847161478, 'WG_c': 6.964802263382447, 'rain_shift': 3.432995121885381, 'ign_k': 0.7945263736856674, 'rate_power': 0.8065708951267507}. Best is trial 209 with value: 0.6108097453057891.
[I 2026-05-22 18:14:07,620] Trial 994 finished with value: 0.5700272514511898 and parameters: {'P_amp': 0.43742595200417234, 'P_wet': 807.8254742870463, 'P_pow': 5.123389672985261, 'WG_amp': 0.422329104874838, 'WG_Phalf': 1015.9253293996445, 'WG_k': 17.349697851307184, 'WG_c': 0.15285613700102435, 'rain_shift': 2.5023910640932705, 'ign_k': 0.9324784419314223, 'rate_power': 0.8057258598306974}. Best is trial 209 with value: 0.6108097453057891.
[I 2026-05-22 18:14:08,145] Trial 995 finished with value: 0.6027819715704886 and parameters: {'P_amp': 0.27454841124692564, 'P_wet': 3167.5059131619782, 'P_pow': 1.363766917052009, 'WG_amp': 0.4110046357547562, 'WG_Phalf': 292.07244582817185, 'WG_k': 9.904191055082677, 'WG_c': 6.321831149332165, 'rain_shift': 0.793655486564908, 'ign_k': 1.2599120302983233, 'rate_power': 0.7986533681194835}. Best is trial 209 with value: 0.6108097453057891.
[I 2026-05-22 18:14:08,735] Trial 996 finished with value: 0.5940396882848357 and parameters: {'P_amp': 0.3763925572010218, 'P_wet': 898.9996380065763, 'P_pow': 0.8949605203046691, 'WG_amp': 0.21147147848793327, 'WG_Phalf': 889.9359471662474, 'WG_k': 98.02227687179281, 'WG_c': 0.6068194716748443, 'rain_shift': 0.6710252326841553, 'ign_k': 0.49689453322768545, 'rate_power': 1.2061945580209141}. Best is trial 209 with value: 0.6108097453057891.
[I 2026-05-22 18:14:09,223] Trial 997 finished with value: 0.572458116649525 and parameters: {'P_amp': 0.4096175022962814, 'P_wet': 662.1124790015795, 'P_pow': 4.921661257468591, 'WG_amp': 0.841884233679319, 'WG_Phalf': 100.96551585176047, 'WG_k': 3.3786520486954754, 'WG_c': 2.885211967681772, 'rain_shift': 0.11697009983083362, 'ign_k': 0.3437658648475172, 'rate_power': 0.757487237296246}. Best is trial 209 with value: 0.6108097453057891.
[I 2026-05-22 18:14:09,748] Trial 998 finished with value: 0.6049099284352848 and parameters: {'P_amp': 0.15647365890223763, 'P_wet': 1188.411392497152, 'P_pow': 2.208422082659235, 'WG_amp': 0.31682521026982335, 'WG_Phalf': 2425.176457609691, 'WG_k': 29.553500200849022, 'WG_c': 1.8618740090263037, 'rain_shift': 0.265070024152424, 'ign_k': 1.085309940998198, 'rate_power': 0.9292039877603935}. Best is trial 209 with value: 0.6108097453057891.
[I 2026-05-22 18:14:10,248] Trial 999 finished with value: 0.5802754239468954 and parameters: {'P_amp': 0.2707359146485747, 'P_wet': 4448.654997187696, 'P_pow': 5.843960782963078, 'WG_amp': 0.12012419390454038, 'WG_Phalf': 501.3889504475107, 'WG_k': 0.14618434378457743, 'WG_c': 2.6193607710809217, 'rain_shift': 0.9834274627097845, 'ign_k': 0.16932199244315027, 'rate_power': 0.877228113808832}. Best is trial 209 with value: 0.6108097453057891.
[best] 0.6108097453057891 {'overall': 0.6314113890822739, 'bias': 0.712866920656124, 'rmse': 0.3872249868671242, 'seas': 0.852277977635018, 'spatial': 0.7360065418121292} {'bona': {'overall': 0.5752631126496522, 'bias': 0.8341020089398674, 'rmse': 0.36253975259241855, 'seas': 0.7826679364681515, 'spatial': 0.2756272163651902}, 'tena': {'overall': 0.5365592247866303, 'bias': 0.7029365923075486, 'rmse': 0.2936471466193215, 'seas': 0.7409769756564817, 'spatial': 0.48521089520955996}, 'tropics': {'overall': 0.6249172127400944, 'bias': 0.7106823932774183, 'rmse': 0.39908172603227615, 'seas': 0.8732820590495218, 'spatial': 0.6566929787716552}, 'sh': {'overall': 0.5522974491921149, 'bias': 0.7075223066565243, 'rmse': 0.3137927077921734, 'seas': 0.6576910924889675, 'spatial': 0.6134635737663261}} {'P_amp': 0.13713749291045194, 'P_wet': 2901.695250877102, 'P_pow': 4.78158132079521, 'WG_amp': 0.4629573428052369, 'WG_Phalf': 336.1241935079335, 'WG_k': 38.82409034725704, 'WG_c': 0.6529229782160993, 'rain_shift': 1.0952399751380382, 'ign_k': 0.5986605211962788, 'rate_power': 0.9296598534448945}
[write] /Users/adithyasrinivasan/Projects/creativity-docs/exp-workspaces/exp_04/hermes/base/models/research/ED-C2-combined_wet_rain/params.json
[write] /Users/adithyasrinivasan/Projects/creativity-docs/exp-workspaces/exp_04/hermes/base/ilamb/MODELS/ED-C2-combined_wet_rain/burntArea.nc
