[I 2026-05-22 17:42:56,868] Trial 189 finished with value: 0.4670624828523534 and parameters: {'k1': 0.002751163520566091, 'D_low': 13.89381409706461, 'k2': 0.024435754245108878, 'D_high': 214.9521653232645, 'fire_exp': 0.6412753173070748, 'P_half': 1.891308055161923, 'pre_dampen_half': 0.444569159864126, 'gpp_af': 2.1865013249334266, 'gpp_b': 2.6870699094695387e-05, 'gpp_d': 889.9020395948958, 'ign_k': 0.028530808633997394, 'ign_c': 13.28559512491934, 'dryanom_half': 26.226922811751432, 'dry_amp': 0.19088453669756725}. Best is trial 0 with value: 0.6103502735484728.
[I 2026-05-22 17:42:57,350] Trial 190 finished with value: 0.5218988095486207 and parameters: {'k1': 0.0008768240137060924, 'D_low': 4013.859277296613, 'k2': 0.006100928152146892, 'D_high': 51957.522042090975, 'fire_exp': 0.6529451934027938, 'P_half': 142.1946268053763, 'pre_dampen_half': 4.788789950263781, 'gpp_af': 0.002933436853937828, 'gpp_b': 2.5050284986994603e-06, 'gpp_d': 488.33613149052593, 'ign_k': 0.14311979915787, 'ign_c': 2.3874222727041867, 'dryanom_half': 8.20969401861005, 'dry_amp': 0.623085119975789}. Best is trial 0 with value: 0.6103502735484728.
[I 2026-05-22 17:42:57,837] Trial 191 finished with value: 0.42562028186300616 and parameters: {'k1': 0.01097645930910695, 'D_low': 2.6586588459364124, 'k2': 0.006141256963557491, 'D_high': 2463.161680058797, 'fire_exp': 0.7990177759318555, 'P_half': 655.7826286522071, 'pre_dampen_half': 110.15843232270106, 'gpp_af': 0.006433935490584001, 'gpp_b': 3.3674886072366434e-06, 'gpp_d': 0.2345837818095951, 'ign_k': 2.677948613831029, 'ign_c': 32.3139870210394, 'dryanom_half': 0.10632448066075513, 'dry_amp': 0.876600601313773}. Best is trial 0 with value: 0.6103502735484728.
[I 2026-05-22 17:42:58,310] Trial 192 finished with value: 0.5315717601676008 and parameters: {'k1': 0.004128082274504384, 'D_low': 26.968088468409487, 'k2': 2.7949436596973485e-05, 'D_high': 33957.21716948904, 'fire_exp': 0.7136228966347794, 'P_half': 21.480236157048132, 'pre_dampen_half': 494.2062911758734, 'gpp_af': 0.09185428865385531, 'gpp_b': 4.252743071421382e-06, 'gpp_d': 2.9650394233919553, 'ign_k': 1.103632237911724, 'ign_c': 20.16092572361182, 'dryanom_half': 194.05918821919983, 'dry_amp': 0.13464478123007512}. Best is trial 0 with value: 0.6103502735484728.
[I 2026-05-22 17:42:58,786] Trial 193 finished with value: 0.5321554785216898 and parameters: {'k1': 0.0038934984051406368, 'D_low': 118.91290537938923, 'k2': 0.09379647913860799, 'D_high': 16673.56551838347, 'fire_exp': 0.41645125226761603, 'P_half': 14.079880547934648, 'pre_dampen_half': 31.680168874749288, 'gpp_af': 0.0011650816645389838, 'gpp_b': 1.1131790235832556e-05, 'gpp_d': 0.18024405006397534, 'ign_k': 3.0269944413423584, 'ign_c': 2.082478992301513, 'dryanom_half': 0.2421988271116608, 'dry_amp': 0.7030148089360202}. Best is trial 0 with value: 0.6103502735484728.
[I 2026-05-22 17:42:59,265] Trial 194 finished with value: 0.5092974802915807 and parameters: {'k1': 0.020146855970874143, 'D_low': 600.4770407804739, 'k2': 0.00010166525331797404, 'D_high': 4208.6079800266325, 'fire_exp': 0.3786243809136373, 'P_half': 6.334844943278232, 'pre_dampen_half': 10.02056531600072, 'gpp_af': 25.54117559994214, 'gpp_b': 2.6964353454676006e-06, 'gpp_d': 55.30950624436738, 'ign_k': 0.6950323984262295, 'ign_c': 1.5815662624864286, 'dryanom_half': 0.7380216689995887, 'dry_amp': 0.4027768802893387}. Best is trial 0 with value: 0.6103502735484728.
[I 2026-05-22 17:42:59,741] Trial 195 finished with value: 0.5379601598071018 and parameters: {'k1': 0.07572017902834309, 'D_low': 47.35893929303733, 'k2': 0.043640371559378624, 'D_high': 6420.835244390709, 'fire_exp': 0.4868135387158367, 'P_half': 2.6069114650386918, 'pre_dampen_half': 11.871634184352065, 'gpp_af': 0.0026369269142609334, 'gpp_b': 1.967893111716594e-06, 'gpp_d': 7.574794102276383, 'ign_k': 0.2030964520334899, 'ign_c': 4.068200833566891, 'dryanom_half': 0.3033260033756411, 'dry_amp': 0.14434519288822362}. Best is trial 0 with value: 0.6103502735484728.
[I 2026-05-22 17:43:00,215] Trial 196 finished with value: 0.5602585907201425 and parameters: {'k1': 0.0012310514806300457, 'D_low': 13.859659751927257, 'k2': 0.0008332554266935431, 'D_high': 923.8142451735688, 'fire_exp': 0.36319104166069316, 'P_half': 2.5872153363498134, 'pre_dampen_half': 9.043825907584408, 'gpp_af': 2.3098402541843277, 'gpp_b': 0.00041708886155503627, 'gpp_d': 219.64510835620206, 'ign_k': 7.804904761827983, 'ign_c': 3.887989548012912, 'dryanom_half': 4.966020827708617, 'dry_amp': 0.46043736221372744}. Best is trial 0 with value: 0.6103502735484728.
[I 2026-05-22 17:43:00,693] Trial 197 finished with value: 0.3994490055432051 and parameters: {'k1': 0.03361811544540625, 'D_low': 98.12148837972597, 'k2': 0.016601338821832023, 'D_high': 2499.6052321983866, 'fire_exp': 0.5192474897542493, 'P_half': 8.736121966610316, 'pre_dampen_half': 2.5307991494742526, 'gpp_af': 0.0011536164120248735, 'gpp_b': 0.0002821639140364048, 'gpp_d': 15.309221496432054, 'ign_k': 0.615576610098901, 'ign_c': 718.2730941792595, 'dryanom_half': 0.6017917557954114, 'dry_amp': 0.4237635082021254}. Best is trial 0 with value: 0.6103502735484728.
[I 2026-05-22 17:43:01,171] Trial 198 finished with value: 0.3994490055432051 and parameters: {'k1': 0.000532227061443899, 'D_low': 528.0876412927837, 'k2': 0.016137136673616267, 'D_high': 76762.78138275884, 'fire_exp': 0.4305902205810922, 'P_half': 0.7943396484876363, 'pre_dampen_half': 1.375335869773731, 'gpp_af': 0.002360226308743134, 'gpp_b': 1.2409889452745029e-05, 'gpp_d': 859.8849393530915, 'ign_k': 1.5186632163115252, 'ign_c': 64.315321954824, 'dryanom_half': 0.3521297438180691, 'dry_amp': 0.22739559435493745}. Best is trial 0 with value: 0.6103502735484728.
[I 2026-05-22 17:43:01,650] Trial 199 finished with value: 0.5461424820051519 and parameters: {'k1': 0.025782498002910777, 'D_low': 1.2304238000156111, 'k2': 3.2045225585061856e-05, 'D_high': 89416.02893446053, 'fire_exp': 1.3171860310211836, 'P_half': 11.947377633295867, 'pre_dampen_half': 42.23435054103524, 'gpp_af': 0.05436012687856559, 'gpp_b': 5.025760714564884e-06, 'gpp_d': 4.9617945139111495, 'ign_k': 3.1447915861749447, 'ign_c': 4.41156937407296, 'dryanom_half': 292.11976529769305, 'dry_amp': 0.1382949751191198}. Best is trial 0 with value: 0.6103502735484728.
[I 2026-05-22 17:43:02,129] Trial 200 finished with value: 0.5722900358767988 and parameters: {'k1': 0.06049528535956682, 'D_low': 16.994000261233882, 'k2': 0.08653224906693649, 'D_high': 1261.1320136494012, 'fire_exp': 0.5041345857720931, 'P_half': 1047.7340401233953, 'pre_dampen_half': 11.541793835965073, 'gpp_af': 0.010596184317317427, 'gpp_b': 2.9709146310458105e-06, 'gpp_d': 1.497289183882382, 'ign_k': 6.077910203534459, 'ign_c': 3.576633387220477, 'dryanom_half': 0.2522070569807312, 'dry_amp': 0.42688475972487644}. Best is trial 0 with value: 0.6103502735484728.
[I 2026-05-22 17:43:02,608] Trial 201 finished with value: 0.5845420980549423 and parameters: {'k1': 0.008811811067776282, 'D_low': 14.363225144997017, 'k2': 0.03141990278964913, 'D_high': 3598.977004548944, 'fire_exp': 1.065370407179408, 'P_half': 141.4278280491605, 'pre_dampen_half': 4.577021293247633, 'gpp_af': 0.026633143740676136, 'gpp_b': 1.0264108580382618e-06, 'gpp_d': 0.1985085432098825, 'ign_k': 2.2078622964965526, 'ign_c': 9.631846607787464, 'dryanom_half': 0.306401383426923, 'dry_amp': 0.7505711475509532}. Best is trial 0 with value: 0.6103502735484728.
[I 2026-05-22 17:43:03,083] Trial 202 finished with value: 0.5706212376361658 and parameters: {'k1': 0.06863505655122683, 'D_low': 35.922232008435884, 'k2': 0.017419340346844864, 'D_high': 2691.577970136455, 'fire_exp': 0.40050354545514644, 'P_half': 2894.5339247233064, 'pre_dampen_half': 3.71877611757652, 'gpp_af': 0.043033069778093805, 'gpp_b': 2.026585036903459e-06, 'gpp_d': 0.8967084938309338, 'ign_k': 1.0936414120065385, 'ign_c': 2.731174788232555, 'dryanom_half': 2.0599208011578076, 'dry_amp': 0.38506941059266114}. Best is trial 0 with value: 0.6103502735484728.
[I 2026-05-22 17:43:03,560] Trial 203 finished with value: 0.493052516820916 and parameters: {'k1': 9.347180900000006e-05, 'D_low': 206.45114296755156, 'k2': 0.005691500908661355, 'D_high': 22975.621594496755, 'fire_exp': 2.407088456244999, 'P_half': 3.5545042191076535, 'pre_dampen_half': 5.0540805798743165, 'gpp_af': 0.005915967906109717, 'gpp_b': 5.31718805789198e-06, 'gpp_d': 62.315938057809625, 'ign_k': 0.498963816459845, 'ign_c': 11.099430266670183, 'dryanom_half': 2.26960632597163, 'dry_amp': 0.3228834285575411}. Best is trial 0 with value: 0.6103502735484728.
[I 2026-05-22 17:43:04,036] Trial 204 finished with value: 0.5550990335566329 and parameters: {'k1': 0.00429435860969814, 'D_low': 2.3777710805362506, 'k2': 1.540759735599568e-05, 'D_high': 4318.659695322952, 'fire_exp': 0.7211127318204443, 'P_half': 12.101697894834254, 'pre_dampen_half': 9.508289960107497, 'gpp_af': 0.18754955777387572, 'gpp_b': 0.00016114278176451233, 'gpp_d': 198.2827955179702, 'ign_k': 0.33219459299542986, 'ign_c': 2.6630743324687547, 'dryanom_half': 315.37048528991346, 'dry_amp': 0.12343664031071303}. Best is trial 0 with value: 0.6103502735484728.
[I 2026-05-22 17:43:04,516] Trial 205 finished with value: 0.5408609875061937 and parameters: {'k1': 0.017856360407000872, 'D_low': 71.87239968151478, 'k2': 0.03660546085983902, 'D_high': 1984.1784116232348, 'fire_exp': 0.788212270901836, 'P_half': 583.8249577968159, 'pre_dampen_half': 0.7684927662371962, 'gpp_af': 0.009229801157881126, 'gpp_b': 5.84123353586164e-06, 'gpp_d': 0.8407719239122866, 'ign_k': 2.299100206800616, 'ign_c': 2.1306263003344577, 'dryanom_half': 0.13184096703795795, 'dry_amp': 0.7684591429133455}. Best is trial 0 with value: 0.6103502735484728.
[I 2026-05-22 17:43:04,995] Trial 206 finished with value: 0.5425504588903783 and parameters: {'k1': 0.0001841440376063891, 'D_low': 134.96817650940105, 'k2': 0.0002904782096970597, 'D_high': 95.08553710826787, 'fire_exp': 0.3840455101476059, 'P_half': 4.1349467538292135, 'pre_dampen_half': 0.32129017197149146, 'gpp_af': 41.71199414467278, 'gpp_b': 0.0004618311485888521, 'gpp_d': 22.397330177428675, 'ign_k': 6.461762650170519, 'ign_c': 4.057368056279169, 'dryanom_half': 35.76421278663113, 'dry_amp': 0.7263422501535565}. Best is trial 0 with value: 0.6103502735484728.
[I 2026-05-22 17:43:05,472] Trial 207 finished with value: 0.5688644629620864 and parameters: {'k1': 0.0016526354071253213, 'D_low': 8.859475619851791, 'k2': 0.05122893846976183, 'D_high': 8706.668551375304, 'fire_exp': 0.4405506954414586, 'P_half': 3891.020035713059, 'pre_dampen_half': 4.716600088218266, 'gpp_af': 0.006609406697646603, 'gpp_b': 2.2122178803888907e-05, 'gpp_d': 208.44355327403727, 'ign_k': 8.092636030965865, 'ign_c': 11.812505487048512, 'dryanom_half': 0.1364518039374947, 'dry_amp': 0.49912328521468385}. Best is trial 0 with value: 0.6103502735484728.
[I 2026-05-22 17:43:05,947] Trial 208 finished with value: 0.5584274825278019 and parameters: {'k1': 0.0017568644781617013, 'D_low': 17.13709257871443, 'k2': 0.07189109162623417, 'D_high': 642.2191553468023, 'fire_exp': 0.39957190061287107, 'P_half': 929.440939294013, 'pre_dampen_half': 5.120052174646686, 'gpp_af': 2.0123196063339583, 'gpp_b': 3.8042137175282695e-05, 'gpp_d': 2.2947721337728733, 'ign_k': 0.9356643885193165, 'ign_c': 4.6706461284743925, 'dryanom_half': 0.2767722366035119, 'dry_amp': 0.24952342390820795}. Best is trial 0 with value: 0.6103502735484728.
[I 2026-05-22 17:43:06,424] Trial 209 finished with value: 0.4007644220343861 and parameters: {'k1': 0.0036777551515150796, 'D_low': 6.208956324546973, 'k2': 0.02570193556680192, 'D_high': 3099.984749716036, 'fire_exp': 1.235262262388264, 'P_half': 17.717402330804404, 'pre_dampen_half': 17.04758942756197, 'gpp_af': 0.009740017501425956, 'gpp_b': 2.8794187158592308e-06, 'gpp_d': 0.06056467631711938, 'ign_k': 3.199883577810503, 'ign_c': 32.2718981417504, 'dryanom_half': 2.5878850568280636, 'dry_amp': 0.6752453653408135}. Best is trial 0 with value: 0.6103502735484728.
[I 2026-05-22 17:43:06,899] Trial 210 finished with value: 0.5090182897962529 and parameters: {'k1': 0.0041519638432475315, 'D_low': 1302.8982804245147, 'k2': 0.0001120819116755058, 'D_high': 538.0324286354635, 'fire_exp': 0.4537024305109692, 'P_half': 185.9920174156653, 'pre_dampen_half': 25.197362491373077, 'gpp_af': 0.11343104853875799, 'gpp_b': 0.00915272290722065, 'gpp_d': 50.855001152535706, 'ign_k': 1.9151889587260507, 'ign_c': 0.6537128785360914, 'dryanom_half': 198.84862899615206, 'dry_amp': 0.19895692315680868}. Best is trial 0 with value: 0.6103502735484728.
[I 2026-05-22 17:43:07,379] Trial 211 finished with value: 0.6102620595232614 and parameters: {'k1': 0.018594027174042838, 'D_low': 19.2373798578175, 'k2': 0.0008554197069319298, 'D_high': 1488.5033147436457, 'fire_exp': 0.41795528883621, 'P_half': 1.4124041190035057, 'pre_dampen_half': 2.1870505024035003, 'gpp_af': 0.0032619565859662307, 'gpp_b': 1.285193023676722e-06, 'gpp_d': 546.513664813883, 'ign_k': 7.1009438092467425, 'ign_c': 18.849349467402504, 'dryanom_half': 25.318305891965597, 'dry_amp': 0.34848111066211074}. Best is trial 0 with value: 0.6103502735484728.
[I 2026-05-22 17:43:07,857] Trial 212 finished with value: 0.5632039790794315 and parameters: {'k1': 0.09345899612671477, 'D_low': 162.0796581167803, 'k2': 0.0012486298203173813, 'D_high': 1052.6711974779778, 'fire_exp': 0.3847225410192245, 'P_half': 0.22745076730188618, 'pre_dampen_half': 0.10580749914853704, 'gpp_af': 0.0026577126069348166, 'gpp_b': 1.62312017053194e-05, 'gpp_d': 288.24509046075855, 'ign_k': 7.351118275556133, 'ign_c': 15.016121257525004, 'dryanom_half': 11.432013757356, 'dry_amp': 0.20624581555137986}. Best is trial 0 with value: 0.6103502735484728.
[I 2026-05-22 17:43:08,336] Trial 213 finished with value: 0.4682557216027595 and parameters: {'k1': 0.000609413579939887, 'D_low': 3.391069823555698, 'k2': 0.05516841883766318, 'D_high': 1675.012208120298, 'fire_exp': 1.7426357977934142, 'P_half': 1098.1285336789956, 'pre_dampen_half': 2.9611775531763644, 'gpp_af': 0.4702529222789581, 'gpp_b': 1.1206320091028648e-06, 'gpp_d': 0.7291658140512264, 'ign_k': 1.0683583267712142, 'ign_c': 15.054460967546945, 'dryanom_half': 0.6373183067806467, 'dry_amp': 0.7016771216495543}. Best is trial 0 with value: 0.6103502735484728.
[I 2026-05-22 17:43:08,815] Trial 214 finished with value: 0.3994490055432051 and parameters: {'k1': 0.0026669722367870623, 'D_low': 85.53614787665576, 'k2': 0.005120325552400241, 'D_high': 267.5853304214526, 'fire_exp': 0.46575317964162233, 'P_half': 0.13535207594987017, 'pre_dampen_half': 10.092732326451276, 'gpp_af': 0.0019601129028792783, 'gpp_b': 1.3409121459236742e-06, 'gpp_d': 224.59452935691922, 'ign_k': 2.7385411887727877, 'ign_c': 128.19502339476816, 'dryanom_half': 264.77383158854616, 'dry_amp': 0.399964977263379}. Best is trial 0 with value: 0.6103502735484728.
[I 2026-05-22 17:43:09,292] Trial 215 finished with value: 0.5536191608106159 and parameters: {'k1': 0.02721740358431934, 'D_low': 80.63146813683541, 'k2': 0.00021198049860838975, 'D_high': 4702.210533753907, 'fire_exp': 0.49011443844546687, 'P_half': 2.6057168790189573, 'pre_dampen_half': 77.23069903463987, 'gpp_af': 0.0011453471183452205, 'gpp_b': 1.0728434394136623e-05, 'gpp_d': 141.85210505157252, 'ign_k': 2.094956951955912, 'ign_c': 13.526945753348555, 'dryanom_half': 2.9837672069348007, 'dry_amp': 0.3948001595386324}. Best is trial 0 with value: 0.6103502735484728.
[I 2026-05-22 17:43:09,769] Trial 216 finished with value: 0.3994490055432051 and parameters: {'k1': 0.0004039323278460222, 'D_low': 113.09258411694533, 'k2': 2.1975463199318577e-05, 'D_high': 22.243390453235442, 'fire_exp': 0.5169645568100815, 'P_half': 263.3066175717774, 'pre_dampen_half': 4.711013345222231, 'gpp_af': 1.033315898721767, 'gpp_b': 0.005691534876083286, 'gpp_d': 46.96750736673501, 'ign_k': 1.096176529878874, 'ign_c': 419.41554849709036, 'dryanom_half': 5.3118783340059785, 'dry_amp': 0.7621043253852382}. Best is trial 0 with value: 0.6103502735484728.
[I 2026-05-22 17:43:10,245] Trial 217 finished with value: 0.5357711027992139 and parameters: {'k1': 0.001010900165364406, 'D_low': 454.77262868943984, 'k2': 0.001992211343733252, 'D_high': 10482.94992504929, 'fire_exp': 1.5182014733554487, 'P_half': 63.034452389338846, 'pre_dampen_half': 29.16678785268138, 'gpp_af': 0.010103159631109321, 'gpp_b': 2.22186954451421e-05, 'gpp_d': 0.03033591925901389, 'ign_k': 1.0234209179441356, 'ign_c': 17.460061681065767, 'dryanom_half': 0.19127069564179852, 'dry_amp': 0.9147504072575517}. Best is trial 0 with value: 0.6103502735484728.
[I 2026-05-22 17:43:10,721] Trial 218 finished with value: 0.5658832792050928 and parameters: {'k1': 0.0007424220899980882, 'D_low': 149.8626023411578, 'k2': 0.0009794443821897593, 'D_high': 2467.9205409317315, 'fire_exp': 0.3554357015777885, 'P_half': 12.116038702140782, 'pre_dampen_half': 0.9261023871033129, 'gpp_af': 0.0013490075898336177, 'gpp_b': 1.3373859274309408e-05, 'gpp_d': 20.227830547173564, 'ign_k': 3.1051864082742364, 'ign_c': 1.4226860455363606, 'dryanom_half': 2.2460666382213437, 'dry_amp': 0.3472613198533582}. Best is trial 0 with value: 0.6103502735484728.
[I 2026-05-22 17:43:11,198] Trial 219 finished with value: 0.39004035059066783 and parameters: {'k1': 0.014469025229923597, 'D_low': 37.73149957804473, 'k2': 0.001611594619361661, 'D_high': 956.5979411083116, 'fire_exp': 0.9225743612650978, 'P_half': 1.2116462335961815, 'pre_dampen_half': 5.547703974677694, 'gpp_af': 0.034008931312562045, 'gpp_b': 2.1062401998931104e-05, 'gpp_d': 108.0927902163521, 'ign_k': 4.637317379902723, 'ign_c': 33.27467050753193, 'dryanom_half': 68.0936671036632, 'dry_amp': 0.5224452847011521}. Best is trial 0 with value: 0.6103502735484728.
[I 2026-05-22 17:43:11,671] Trial 220 finished with value: 0.5499326325819787 and parameters: {'k1': 0.012671189206652283, 'D_low': 179.61012354554362, 'k2': 0.020790135298665358, 'D_high': 34248.14511286031, 'fire_exp': 1.4565110037469933, 'P_half': 3.514432150498488, 'pre_dampen_half': 3.922891674176385, 'gpp_af': 0.0018818314216569845, 'gpp_b': 4.057332119765579e-06, 'gpp_d': 306.0933068167823, 'ign_k': 0.11054687751902552, 'ign_c': 12.925362236728915, 'dryanom_half': 5.053911483005266, 'dry_amp': 0.45654402313559095}. Best is trial 0 with value: 0.6103502735484728.
[I 2026-05-22 17:43:12,149] Trial 221 finished with value: 0.5500267850864129 and parameters: {'k1': 0.04595071224789957, 'D_low': 68.0280695445381, 'k2': 0.0009491570761310569, 'D_high': 5095.240192150376, 'fire_exp': 0.9452775233012426, 'P_half': 3.5169900662345963, 'pre_dampen_half': 0.36657909255279, 'gpp_af': 0.005340410786989713, 'gpp_b': 2.230813600832792e-06, 'gpp_d': 0.13660918411415834, 'ign_k': 0.44519728108561546, 'ign_c': 17.03663386249735, 'dryanom_half': 0.667086583588565, 'dry_amp': 0.9577916162478919}. Best is trial 0 with value: 0.6103502735484728.
[I 2026-05-22 17:43:12,620] Trial 222 finished with value: 0.5455457148036373 and parameters: {'k1': 0.06068464499421717, 'D_low': 11.110317824106605, 'k2': 0.09745837549261625, 'D_high': 402.14803452491697, 'fire_exp': 1.074562405792379, 'P_half': 127.74092745506302, 'pre_dampen_half': 12.446918924971, 'gpp_af': 0.0011797461268743669, 'gpp_b': 1.7425631871545575e-05, 'gpp_d': 4.049470548031711, 'ign_k': 0.8801049702408951, 'ign_c': 4.699589053987239, 'dryanom_half': 26.007983516131297, 'dry_amp': 0.32857916022518346}. Best is trial 0 with value: 0.6103502735484728.
[I 2026-05-22 17:43:13,099] Trial 223 finished with value: 0.5616904876433993 and parameters: {'k1': 0.016498590090155797, 'D_low': 61.65218718722001, 'k2': 0.0006146999689599511, 'D_high': 512.1984157743241, 'fire_exp': 0.37472254541830946, 'P_half': 2.9812996429632417, 'pre_dampen_half': 10.274854617364765, 'gpp_af': 0.008427075485458792, 'gpp_b': 1.2989247778236633e-06, 'gpp_d': 115.15782269198618, 'ign_k': 1.0223260367540505, 'ign_c': 7.74897875624272, 'dryanom_half': 158.57013751068934, 'dry_amp': 0.14869425785063095}. Best is trial 0 with value: 0.6103502735484728.
[I 2026-05-22 17:43:13,573] Trial 224 finished with value: 0.5389182330869589 and parameters: {'k1': 0.07216502367015835, 'D_low': 1.6598180409236254, 'k2': 0.00012136541899461124, 'D_high': 1757.4337909018043, 'fire_exp': 1.4063813182093372, 'P_half': 20.107570134790077, 'pre_dampen_half': 11.82981610502728, 'gpp_af': 0.4284259471715725, 'gpp_b': 2.0127274469585517e-06, 'gpp_d': 78.79179373204433, 'ign_k': 0.401654803476701, 'ign_c': 5.411431330083402, 'dryanom_half': 158.0560465097439, 'dry_amp': 0.3039068795578649}. Best is trial 0 with value: 0.6103502735484728.
[I 2026-05-22 17:43:14,051] Trial 225 finished with value: 0.3994490055432051 and parameters: {'k1': 0.011586808039866982, 'D_low': 4.997625605586568, 'k2': 0.002466842134512573, 'D_high': 2323.9995593415906, 'fire_exp': 0.42517776189657475, 'P_half': 3.5703883754125445, 'pre_dampen_half': 0.35472405898362896, 'gpp_af': 0.020175681435539085, 'gpp_b': 6.054101458500907e-06, 'gpp_d': 387.6962675552042, 'ign_k': 1.183701314019631, 'ign_c': 244.03059790298386, 'dryanom_half': 231.7077961665781, 'dry_amp': 0.38758652084828865}. Best is trial 0 with value: 0.6103502735484728.
[I 2026-05-22 17:43:14,528] Trial 226 finished with value: 0.3929020306055868 and parameters: {'k1': 0.04686698300647923, 'D_low': 1.5097922040586522, 'k2': 2.184042564421647e-05, 'D_high': 1862.826066037091, 'fire_exp': 0.6029302682359531, 'P_half': 0.8289293793844273, 'pre_dampen_half': 34.875637580436646, 'gpp_af': 0.05078185776438499, 'gpp_b': 4.335486521258104e-06, 'gpp_d': 12.795295589858092, 'ign_k': 2.8147480983216893, 'ign_c': 43.64607459828707, 'dryanom_half': 461.90660811837057, 'dry_amp': 0.21980971577599778}. Best is trial 0 with value: 0.6103502735484728.
