[I 2026-05-22 17:40:23,471] Trial 395 finished with value: 0.49412392284633544 and parameters: {'k1': 0.09521078098121907, 'D_low': 333.08856315737404, 'k2': 0.029876512807771666, 'D_high': 535.3011790560081, 'fire_exp': 0.5826159798151074, 'P_half': 11.11625248070366, 'pre_dampen_half': 665.1878582909169, 'gpp_af': 0.007050484374218528, 'gpp_b': 1.2513585464855116e-06, 'gpp_d': 38.51048015194325, 'ign_k': 0.14349260724888077, 'ign_c': 0.3240977848697292, 'ign_k2': 1.6754034035240868, 'ign_c2': 0.4151031607792259, 'rain_shift': 15.273286267982156}. Best is trial 386 with value: 0.5997988136131467.
[I 2026-05-22 17:40:24,020] Trial 396 finished with value: 0.5419282599659307 and parameters: {'k1': 0.00039215476231834124, 'D_low': 1.416205229764731, 'k2': 0.00022632841838089151, 'D_high': 185.66584194228668, 'fire_exp': 0.5019063421383569, 'P_half': 25.59261957779695, 'pre_dampen_half': 789.0785516680538, 'gpp_af': 62.17712257444663, 'gpp_b': 0.008592696168838211, 'gpp_d': 608.5308596851522, 'ign_k': 0.4125717905396565, 'ign_c': 24.215363665937968, 'ign_k2': 8.194803549554967, 'ign_c2': 0.1693840121915435, 'rain_shift': 12.477387868225964}. Best is trial 386 with value: 0.5997988136131467.
[I 2026-05-22 17:40:24,564] Trial 397 finished with value: 0.5698661081078606 and parameters: {'k1': 0.018710882441966045, 'D_low': 2.5625166807793662, 'k2': 0.000783131800635332, 'D_high': 7743.479177053375, 'fire_exp': 0.4379411505769159, 'P_half': 471.2665475413534, 'pre_dampen_half': 5.120851846949217, 'gpp_af': 0.06763446127091108, 'gpp_b': 0.004691811764206632, 'gpp_d': 636.0250832192327, 'ign_k': 1.5090377833465463, 'ign_c': 2.9612735544614224, 'ign_k2': 0.7200824579320682, 'ign_c2': 10.071053627892484, 'rain_shift': 8.838867488291086}. Best is trial 386 with value: 0.5997988136131467.
[I 2026-05-22 17:40:25,109] Trial 398 finished with value: 0.46211113317967617 and parameters: {'k1': 0.006245635917871371, 'D_low': 359.4611759161569, 'k2': 0.07713693854982709, 'D_high': 604.3644420594925, 'fire_exp': 1.6968657568937777, 'P_half': 267.68743308302527, 'pre_dampen_half': 3.896539017422001, 'gpp_af': 0.029920052167213943, 'gpp_b': 0.030555948254907612, 'gpp_d': 56.496007464842066, 'ign_k': 5.379757493932221, 'ign_c': 0.3416133601488286, 'ign_k2': 6.971160815593167, 'ign_c2': 0.10144530398517745, 'rain_shift': 4.543584689976543}. Best is trial 386 with value: 0.5997988136131467.
[I 2026-05-22 17:40:25,655] Trial 399 finished with value: 0.517757367344978 and parameters: {'k1': 0.06691775628580167, 'D_low': 23.42419670672005, 'k2': 0.0002788773534776965, 'D_high': 27235.439634868155, 'fire_exp': 1.300093606707576, 'P_half': 24.450301370487946, 'pre_dampen_half': 45.018821713458905, 'gpp_af': 2.256872038260073, 'gpp_b': 2.2648826288552307e-05, 'gpp_d': 123.9422374813893, 'ign_k': 0.12146804314879937, 'ign_c': 6.554136734683663, 'ign_k2': 1.3580819248765785, 'ign_c2': 0.9770594464812029, 'rain_shift': 5.177005748154846}. Best is trial 386 with value: 0.5997988136131467.
[I 2026-05-22 17:40:26,199] Trial 400 finished with value: 0.5438639341383211 and parameters: {'k1': 0.05142589500621757, 'D_low': 56.09967659124913, 'k2': 0.06791109257325252, 'D_high': 5246.404102276397, 'fire_exp': 0.5663269776096229, 'P_half': 2.3686940965582606, 'pre_dampen_half': 674.7330978969455, 'gpp_af': 0.001998841548876959, 'gpp_b': 0.003202446298687905, 'gpp_d': 32.819437938122476, 'ign_k': 1.0012087183039775, 'ign_c': 3.1758454655863497, 'ign_k2': 8.425028698984955, 'ign_c2': 0.6327086021779139, 'rain_shift': 5.218645337583952}. Best is trial 386 with value: 0.5997988136131467.
[I 2026-05-22 17:40:26,742] Trial 401 finished with value: 0.5606348018240698 and parameters: {'k1': 0.04525079734238288, 'D_low': 53.2385789040549, 'k2': 0.030408505813289344, 'D_high': 305.77055320598913, 'fire_exp': 0.3754310666222477, 'P_half': 175.57582126826026, 'pre_dampen_half': 31.87712388302729, 'gpp_af': 0.5696249719288431, 'gpp_b': 0.00019296597693609373, 'gpp_d': 638.0405424325418, 'ign_k': 5.92087815802074, 'ign_c': 2.6633250052376614, 'ign_k2': 2.247081688560521, 'ign_c2': 0.22832146012125717, 'rain_shift': 8.200365529236132}. Best is trial 386 with value: 0.5997988136131467.
[I 2026-05-22 17:40:27,286] Trial 402 finished with value: 0.47827207635627844 and parameters: {'k1': 0.04543064252056904, 'D_low': 13.14798537154736, 'k2': 0.00014536307341490084, 'D_high': 9695.934519020797, 'fire_exp': 0.47281128969077274, 'P_half': 649.2167945185594, 'pre_dampen_half': 57.36052224904777, 'gpp_af': 0.03688496099231564, 'gpp_b': 0.2050595659391002, 'gpp_d': 278.2032531563724, 'ign_k': 0.4563768246336913, 'ign_c': 28.14698501629795, 'ign_k2': 5.120785622601719, 'ign_c2': 0.209004336446528, 'rain_shift': 7.360134933545694}. Best is trial 386 with value: 0.5997988136131467.
[I 2026-05-22 17:40:27,826] Trial 403 finished with value: 0.5629586849137468 and parameters: {'k1': 0.02513638191894211, 'D_low': 85.6204660547945, 'k2': 0.015524189808854852, 'D_high': 729.7437686435, 'fire_exp': 1.5527740623916118, 'P_half': 1.2034704177563957, 'pre_dampen_half': 5.138615090251402, 'gpp_af': 3.4883301001890805, 'gpp_b': 0.0032641019364350664, 'gpp_d': 30.252705402406377, 'ign_k': 1.8506289676169814, 'ign_c': 0.15988191661417592, 'ign_k2': 8.636662237577127, 'ign_c2': 0.47524266894150374, 'rain_shift': 7.216551671470178}. Best is trial 386 with value: 0.5997988136131467.
[I 2026-05-22 17:40:28,383] Trial 404 finished with value: 0.5618344485093217 and parameters: {'k1': 0.053204866922574985, 'D_low': 29.27636301538715, 'k2': 0.0036635551241462195, 'D_high': 4736.883501686014, 'fire_exp': 0.6996583672288952, 'P_half': 1662.455969837765, 'pre_dampen_half': 3.3323622711051195, 'gpp_af': 3.361109465379048, 'gpp_b': 3.0467667875133207e-06, 'gpp_d': 19.50848251591452, 'ign_k': 0.8817290413497741, 'ign_c': 1.5065981619513606, 'ign_k2': 3.741997363946866, 'ign_c2': 1.7098470450561323, 'rain_shift': 8.754341624840766}. Best is trial 386 with value: 0.5997988136131467.
[I 2026-05-22 17:40:28,932] Trial 405 finished with value: 0.5967847145336359 and parameters: {'k1': 0.09569994577743017, 'D_low': 3.1435129192949143, 'k2': 0.026912602006361024, 'D_high': 2704.640136098357, 'fire_exp': 0.48915301582856824, 'P_half': 3.4386919103966447, 'pre_dampen_half': 178.72029525337175, 'gpp_af': 0.02728162228975233, 'gpp_b': 4.2211627435808736e-06, 'gpp_d': 18.699587819204208, 'ign_k': 1.4706122747786023, 'ign_c': 12.733541467446587, 'ign_k2': 0.7573364942245807, 'ign_c2': 0.2288209534498127, 'rain_shift': 10.11661265193848}. Best is trial 386 with value: 0.5997988136131467.
[I 2026-05-22 17:40:29,479] Trial 406 finished with value: 0.5574075107094201 and parameters: {'k1': 0.007196319509351007, 'D_low': 164.3748653527888, 'k2': 0.00014544748060236587, 'D_high': 210.9772022175277, 'fire_exp': 0.860749703116025, 'P_half': 0.35104374033215024, 'pre_dampen_half': 82.00607562102218, 'gpp_af': 1.5441000087957208, 'gpp_b': 0.01724382293357125, 'gpp_d': 75.45854569734448, 'ign_k': 0.1335563299143148, 'ign_c': 0.5147143617791762, 'ign_k2': 2.4807526122378065, 'ign_c2': 0.14320937212677187, 'rain_shift': 9.836950331497114}. Best is trial 386 with value: 0.5997988136131467.
[I 2026-05-22 17:40:30,027] Trial 407 finished with value: 0.5527158444084986 and parameters: {'k1': 0.015478737190685087, 'D_low': 1.6523696381461919, 'k2': 0.09670733058726311, 'D_high': 400.8987788186921, 'fire_exp': 0.35900333356760056, 'P_half': 36.01952379717954, 'pre_dampen_half': 82.4900875611837, 'gpp_af': 0.027342075167777084, 'gpp_b': 3.815821353350868e-05, 'gpp_d': 176.73464959163934, 'ign_k': 1.0857003766749094, 'ign_c': 1.8304975506456904, 'ign_k2': 4.081849254471964, 'ign_c2': 0.6676123128542205, 'rain_shift': 11.831221204024708}. Best is trial 386 with value: 0.5997988136131467.
[I 2026-05-22 17:40:30,572] Trial 408 finished with value: 0.5747616586466493 and parameters: {'k1': 0.061424108054817045, 'D_low': 31.547304228769132, 'k2': 0.00044473940112947836, 'D_high': 969.4097956945071, 'fire_exp': 0.41819833401905854, 'P_half': 3.3642170435580048, 'pre_dampen_half': 18.279476246045366, 'gpp_af': 0.15569486234167304, 'gpp_b': 5.349353535248045e-05, 'gpp_d': 776.7694742917814, 'ign_k': 6.9605765420956835, 'ign_c': 3.7567571295354574, 'ign_k2': 1.2997564839562337, 'ign_c2': 0.1710984374655129, 'rain_shift': 16.867150331249196}. Best is trial 386 with value: 0.5997988136131467.
[I 2026-05-22 17:40:31,120] Trial 409 finished with value: 0.584621254904577 and parameters: {'k1': 0.04010477713018135, 'D_low': 4.1250491453718015, 'k2': 0.03389040729508657, 'D_high': 26743.258225138907, 'fire_exp': 1.3173504451914357, 'P_half': 30.766249551188356, 'pre_dampen_half': 263.77235294494614, 'gpp_af': 0.11427625359995199, 'gpp_b': 6.642353631979555e-05, 'gpp_d': 93.9678909731174, 'ign_k': 0.9814837215837832, 'ign_c': 15.546803396979746, 'ign_k2': 0.40591678112771, 'ign_c2': 1.0935077130174005, 'rain_shift': 8.653135828803514}. Best is trial 386 with value: 0.5997988136131467.
[I 2026-05-22 17:40:31,660] Trial 410 finished with value: 0.5145723083530946 and parameters: {'k1': 0.006070307853227713, 'D_low': 7.847847791204136, 'k2': 0.05714596714353747, 'D_high': 66335.85842958771, 'fire_exp': 3.368502849453068, 'P_half': 172.2373919642889, 'pre_dampen_half': 578.6482742134064, 'gpp_af': 0.0470978257784765, 'gpp_b': 0.003645336864035491, 'gpp_d': 11.391591586851947, 'ign_k': 1.4148823912143194, 'ign_c': 4.2473733283161925, 'ign_k2': 0.3534660800693782, 'ign_c2': 0.6586790770363296, 'rain_shift': 13.237803621423597}. Best is trial 386 with value: 0.5997988136131467.
[I 2026-05-22 17:40:32,206] Trial 411 finished with value: 0.46126004829244216 and parameters: {'k1': 0.025275551852908203, 'D_low': 7.9672817536412985, 'k2': 0.05141224352461048, 'D_high': 25496.714703787282, 'fire_exp': 2.2943254639215653, 'P_half': 316.8334102672797, 'pre_dampen_half': 36.32438563783564, 'gpp_af': 1.8830651226300914, 'gpp_b': 0.008641587475497634, 'gpp_d': 33.89612139859978, 'ign_k': 0.034721488378820414, 'ign_c': 64.58118790491629, 'ign_k2': 0.8058582128823792, 'ign_c2': 0.9754015207650705, 'rain_shift': 3.6729063303941194}. Best is trial 386 with value: 0.5997988136131467.
[I 2026-05-22 17:40:32,753] Trial 412 finished with value: 0.5636511092387287 and parameters: {'k1': 0.03772153200676169, 'D_low': 50.426191348642035, 'k2': 5.19264182007915e-05, 'D_high': 728.2340502544756, 'fire_exp': 0.6833599948734299, 'P_half': 17.366353497138206, 'pre_dampen_half': 89.78692840824958, 'gpp_af': 0.1383324322685706, 'gpp_b': 2.8163885381147085e-05, 'gpp_d': 14.93103698016509, 'ign_k': 0.0556672668959973, 'ign_c': 0.13029062147433837, 'ign_k2': 6.928245463656495, 'ign_c2': 0.17310251311692548, 'rain_shift': 6.589271532608488}. Best is trial 386 with value: 0.5997988136131467.
[I 2026-05-22 17:40:33,300] Trial 413 finished with value: 0.4402034229845172 and parameters: {'k1': 0.07368803089914848, 'D_low': 1.0823724664674572, 'k2': 0.0021096879855668246, 'D_high': 387.23153039020843, 'fire_exp': 0.6015958650204224, 'P_half': 0.23358146154220158, 'pre_dampen_half': 327.37715146057957, 'gpp_af': 0.1713265323478453, 'gpp_b': 1.4923262698013476e-06, 'gpp_d': 13.873357472590033, 'ign_k': 0.3911096087712354, 'ign_c': 77.31867614997503, 'ign_k2': 0.40584927265794274, 'ign_c2': 0.18483650811906513, 'rain_shift': 3.7932430280045413}. Best is trial 386 with value: 0.5997988136131467.
[I 2026-05-22 17:40:33,846] Trial 414 finished with value: 0.562187988963349 and parameters: {'k1': 0.08507979839868395, 'D_low': 9.107823421798779, 'k2': 4.5793030133174066e-05, 'D_high': 851.4858801832546, 'fire_exp': 0.35077206350438694, 'P_half': 5.589327073328263, 'pre_dampen_half': 393.2926262455864, 'gpp_af': 0.06992638928431585, 'gpp_b': 0.0002339553415556762, 'gpp_d': 10.833547269334165, 'ign_k': 6.630279861415188, 'ign_c': 0.2663604519852234, 'ign_k2': 3.959508332785799, 'ign_c2': 0.11995899634360124, 'rain_shift': 7.303690771587961}. Best is trial 386 with value: 0.5997988136131467.
[I 2026-05-22 17:40:34,387] Trial 415 finished with value: 0.5756021655903555 and parameters: {'k1': 0.05084347801190319, 'D_low': 5.428331589987309, 'k2': 0.002463109198812539, 'D_high': 18094.65068916379, 'fire_exp': 0.3808464227256137, 'P_half': 10.38418414696714, 'pre_dampen_half': 852.4368374543982, 'gpp_af': 0.24195595031107237, 'gpp_b': 2.994352439982405e-06, 'gpp_d': 6.911032856584202, 'ign_k': 1.617979940803718, 'ign_c': 12.50818839138512, 'ign_k2': 1.5932236238662036, 'ign_c2': 0.1227430356323195, 'rain_shift': 12.494296936075555}. Best is trial 386 with value: 0.5997988136131467.
[I 2026-05-22 17:40:34,931] Trial 416 finished with value: 0.5789311580616933 and parameters: {'k1': 0.02698565228594063, 'D_low': 4.770776212721748, 'k2': 0.004803510989550956, 'D_high': 7143.589837369697, 'fire_exp': 1.7951394379680459, 'P_half': 114.3691841463006, 'pre_dampen_half': 188.4927712178926, 'gpp_af': 0.16253526905054372, 'gpp_b': 2.7340074634106306e-06, 'gpp_d': 150.05838434439374, 'ign_k': 3.1309270736527823, 'ign_c': 5.335134157106192, 'ign_k2': 0.7336576044278089, 'ign_c2': 2.929488035942837, 'rain_shift': 6.887017957156663}. Best is trial 386 with value: 0.5997988136131467.
[I 2026-05-22 17:40:35,475] Trial 417 finished with value: 0.5675950432978001 and parameters: {'k1': 0.07107027529591789, 'D_low': 6.37359890896148, 'k2': 0.007100547120974125, 'D_high': 1144.7253955754813, 'fire_exp': 0.8716140563922665, 'P_half': 86.5986600680697, 'pre_dampen_half': 0.705814812871509, 'gpp_af': 0.007673379164581373, 'gpp_b': 2.714461804212117e-06, 'gpp_d': 7.947948929026833, 'ign_k': 4.085759029723205, 'ign_c': 3.1650043452058654, 'ign_k2': 2.4295207598178865, 'ign_c2': 0.4615268594803564, 'rain_shift': 4.767694302341}. Best is trial 386 with value: 0.5997988136131467.
[I 2026-05-22 17:40:36,026] Trial 418 finished with value: 0.4542317200556079 and parameters: {'k1': 6.838763871787608e-05, 'D_low': 8.459895945453036, 'k2': 0.0015197895610433187, 'D_high': 73.40557186729814, 'fire_exp': 0.6703164348071263, 'P_half': 22.796324642836414, 'pre_dampen_half': 84.15009403465434, 'gpp_af': 50.80006614448762, 'gpp_b': 0.00047188452920028174, 'gpp_d': 293.9201832365055, 'ign_k': 7.585372467421809, 'ign_c': 28.11694930584965, 'ign_k2': 3.6823273738492, 'ign_c2': 0.5771665276593954, 'rain_shift': 4.608690353276093}. Best is trial 386 with value: 0.5997988136131467.
[I 2026-05-22 17:40:36,570] Trial 419 finished with value: 0.5674197537741316 and parameters: {'k1': 0.07578306934391678, 'D_low': 4.126527254357444, 'k2': 0.04953322433580881, 'D_high': 649.7114106802762, 'fire_exp': 0.768599391349878, 'P_half': 4.960282721177471, 'pre_dampen_half': 29.8673436540368, 'gpp_af': 0.023880179032078737, 'gpp_b': 4.1976594109218975e-06, 'gpp_d': 8.690528771465582, 'ign_k': 9.043423851820437, 'ign_c': 2.463687685258779, 'ign_k2': 0.5655190489557133, 'ign_c2': 0.3824949802744652, 'rain_shift': 14.129257929353997}. Best is trial 386 with value: 0.5997988136131467.
[I 2026-05-22 17:40:37,118] Trial 420 finished with value: 0.5136861738455922 and parameters: {'k1': 0.007525408369336269, 'D_low': 5.159534692608439, 'k2': 0.055311332642190195, 'D_high': 18856.250961308324, 'fire_exp': 0.7423783423068999, 'P_half': 957.7414620351875, 'pre_dampen_half': 98.27370751410675, 'gpp_af': 2.0946302778145327, 'gpp_b': 0.0005576339779225918, 'gpp_d': 522.1306840027202, 'ign_k': 2.447398491466997, 'ign_c': 11.384188720774908, 'ign_k2': 0.09973789697197048, 'ign_c2': 1.5376451627815007, 'rain_shift': 7.032473543634319}. Best is trial 386 with value: 0.5997988136131467.
[I 2026-05-22 17:40:37,661] Trial 421 finished with value: 0.5690665508016908 and parameters: {'k1': 0.026403867869523503, 'D_low': 7.165600529308049, 'k2': 0.02054362569684526, 'D_high': 48677.96685542651, 'fire_exp': 0.7813129732022112, 'P_half': 19.794122356445335, 'pre_dampen_half': 112.16016318560749, 'gpp_af': 0.02138958287824378, 'gpp_b': 0.00042686362922703043, 'gpp_d': 61.256863748116004, 'ign_k': 3.5701400319673606, 'ign_c': 11.199518466916913, 'ign_k2': 0.24612184643268264, 'ign_c2': 1.2698586174515138, 'rain_shift': 10.97986189493136}. Best is trial 386 with value: 0.5997988136131467.
[I 2026-05-22 17:40:38,208] Trial 422 finished with value: 0.43283104944127465 and parameters: {'k1': 0.009689980311943175, 'D_low': 10.116710390124931, 'k2': 0.02092555230974214, 'D_high': 14109.492235859312, 'fire_exp': 2.635731522823742, 'P_half': 20.0835422993515, 'pre_dampen_half': 283.4669046879094, 'gpp_af': 0.012942740815449327, 'gpp_b': 4.30283814469586e-05, 'gpp_d': 30.488883708071654, 'ign_k': 0.38422397626957305, 'ign_c': 34.55345741814556, 'ign_k2': 9.385119807498606, 'ign_c2': 0.9865302570894355, 'rain_shift': 6.587162532104513}. Best is trial 386 with value: 0.5997988136131467.
[I 2026-05-22 17:40:38,757] Trial 423 finished with value: 0.4578573900815682 and parameters: {'k1': 0.024020829192765165, 'D_low': 200.84803818376182, 'k2': 0.0026401942613257187, 'D_high': 3842.492341808858, 'fire_exp': 0.8010136881207266, 'P_half': 2.7769554610870286, 'pre_dampen_half': 5.472240587637109, 'gpp_af': 0.7511974278607685, 'gpp_b': 0.0026172955640278556, 'gpp_d': 1.7700938104067994, 'ign_k': 0.5190895985637678, 'ign_c': 35.30612932543631, 'ign_k2': 0.37711078188610153, 'ign_c2': 0.12108434652000455, 'rain_shift': 7.48371839926668}. Best is trial 386 with value: 0.5997988136131467.
[I 2026-05-22 17:40:39,306] Trial 424 finished with value: 0.45455035350982614 and parameters: {'k1': 0.0024985062053289823, 'D_low': 3.577864812078341, 'k2': 0.05700666848006718, 'D_high': 11023.69332771132, 'fire_exp': 0.6434900352423257, 'P_half': 17.141865700157524, 'pre_dampen_half': 317.36273547262005, 'gpp_af': 0.24628547996576447, 'gpp_b': 3.0959612420080176e-05, 'gpp_d': 177.7816342457631, 'ign_k': 0.18310816261171983, 'ign_c': 64.01193545713606, 'ign_k2': 0.49710541277085596, 'ign_c2': 0.2814489590286421, 'rain_shift': 10.414436600360826}. Best is trial 386 with value: 0.5997988136131467.
[I 2026-05-22 17:40:39,856] Trial 425 finished with value: 0.5759485432178334 and parameters: {'k1': 0.028893653317801093, 'D_low': 26.635080819325818, 'k2': 0.005931669354794424, 'D_high': 592.2807570035467, 'fire_exp': 0.5286852499874485, 'P_half': 11.328094830471578, 'pre_dampen_half': 2.3725821136581775, 'gpp_af': 0.022328616006962274, 'gpp_b': 4.377526584547745e-06, 'gpp_d': 37.407417319493845, 'ign_k': 0.06404123110408604, 'ign_c': 0.172067764184757, 'ign_k2': 4.242899285502101, 'ign_c2': 0.1830602098098368, 'rain_shift': 8.918350374393066}. Best is trial 386 with value: 0.5997988136131467.
[I 2026-05-22 17:40:40,405] Trial 426 finished with value: 0.5610291367571368 and parameters: {'k1': 0.0005106842001621514, 'D_low': 55.36214073774015, 'k2': 0.016316449451023955, 'D_high': 1597.0097047703644, 'fire_exp': 0.4143754732653993, 'P_half': 19.988073795024572, 'pre_dampen_half': 6.855021775689055, 'gpp_af': 0.0038621534312752864, 'gpp_b': 1.358504827561673e-05, 'gpp_d': 46.84754761625863, 'ign_k': 5.312464276830973, 'ign_c': 10.825889366471118, 'ign_k2': 9.76994249642646, 'ign_c2': 0.13366548510982162, 'rain_shift': 4.612981080761692}. Best is trial 386 with value: 0.5997988136131467.
[I 2026-05-22 17:40:40,954] Trial 427 finished with value: 0.6004794926702128 and parameters: {'k1': 0.051989527083445, 'D_low': 3.307946627051063, 'k2': 0.0029889653356445158, 'D_high': 6638.453250129056, 'fire_exp': 0.6493889938481203, 'P_half': 2.718594316147976, 'pre_dampen_half': 223.15499703199472, 'gpp_af': 0.0011260916055706243, 'gpp_b': 3.894703213423953e-06, 'gpp_d': 515.6069885481905, 'ign_k': 1.1733533730843548, 'ign_c': 20.77103305828145, 'ign_k2': 2.9661434882621838, 'ign_c2': 0.21250231636566516, 'rain_shift': 10.251421553985631}. Best is trial 427 with value: 0.6004794926702128.
[I 2026-05-22 17:40:41,498] Trial 428 finished with value: 0.5437649982726481 and parameters: {'k1': 0.07422691107276327, 'D_low': 7.2576741549304735, 'k2': 0.0024746871626374323, 'D_high': 4339.7131286184585, 'fire_exp': 0.36564403290635883, 'P_half': 838.3276805308667, 'pre_dampen_half': 16.31940924295591, 'gpp_af': 0.05988823151467717, 'gpp_b': 5.68327987183209e-06, 'gpp_d': 86.70064467114075, 'ign_k': 6.746618990856822, 'ign_c': 2.9768669259124736, 'ign_k2': 5.559896977219921, 'ign_c2': 0.6378022792455266, 'rain_shift': 5.020668373635543}. Best is trial 427 with value: 0.6004794926702128.
[I 2026-05-22 17:40:42,042] Trial 429 finished with value: 0.5693235896187698 and parameters: {'k1': 0.016531869934827324, 'D_low': 9.097728985484858, 'k2': 0.0001834673357537222, 'D_high': 572.900110488211, 'fire_exp': 0.3528659126574558, 'P_half': 2.573875622778527, 'pre_dampen_half': 50.50218772800981, 'gpp_af': 0.003252668225033554, 'gpp_b': 1.4930803666738986e-06, 'gpp_d': 32.48506225294386, 'ign_k': 0.15446795318659334, 'ign_c': 0.7567207158174118, 'ign_k2': 0.8288964876439087, 'ign_c2': 0.2158138176354086, 'rain_shift': 11.045355001621795}. Best is trial 427 with value: 0.6004794926702128.
[I 2026-05-22 17:40:42,599] Trial 430 finished with value: 0.5523577048520123 and parameters: {'k1': 0.07715799429386858, 'D_low': 25.176423204893883, 'k2': 0.03895496764234156, 'D_high': 8045.7675201848815, 'fire_exp': 3.2156387076856023, 'P_half': 107.14425508817273, 'pre_dampen_half': 513.3996118676448, 'gpp_af': 0.07322391506770384, 'gpp_b': 3.7913601340502344e-05, 'gpp_d': 180.04018891690893, 'ign_k': 0.5189454787680972, 'ign_c': 13.811831335053187, 'ign_k2': 0.03617185085277421, 'ign_c2': 0.45756277609007784, 'rain_shift': 9.669241085301508}. Best is trial 427 with value: 0.6004794926702128.
