[setup] family=dry_season_gate model=ED-C1-dry_season_gate trials=500 cap=5.0
[setup] land cells=13826
[baseline internal] 0.6103358188328472 {'overall': 0.6295327635038362, 'bias': 0.7070857034108468, 'rmse': 0.37905444206142713, 'seas': 0.8505057485716704, 'spatial': 0.7544105415067992}
/Users/adithyasrinivasan/Projects/creativity-docs/exp-workspaces/exp_04/hermes/base/scripts/research_model_variants.py:168: ExperimentalWarning: Argument ``multivariate`` is an experimental feature. The interface can change in the future.
  sampler=optuna.samplers.TPESampler(seed=SEED, multivariate=True)
[I 2026-05-22 17:41:26,526] A new study created in memory with name: no-name-331d4af5-cd34-45c7-8336-ee4a9e9df167
[I 2026-05-22 17:41:26,997] Trial 0 finished with value: 0.6103502735484728 and parameters: {'k1': 0.02128012643297453, 'D_low': 33.107928264466416, 'k2': 0.0032479995010666245, 'D_high': 3020.3711370643746, 'fire_exp': 0.5746291131439772, 'P_half': 3.1845074798114754, 'pre_dampen_half': 5.714386941567207, 'gpp_af': 0.4621796973523708, 'gpp_b': 5.190713720036356e-05, 'gpp_d': 128.62113841235993, 'ign_k': 0.8146117322506592, 'ign_c': 20.126441845162326, 'dryanom_half': 7.0710678118654755, 'dry_amp': 0.0}. Best is trial 0 with value: 0.6103502735484728.
[I 2026-05-22 17:41:27,466] Trial 1 finished with value: 0.3994490055432051 and parameters: {'k1': 0.0024588177508408663, 'D_low': 505.76365554531026, 'k2': 0.00015744430785460893, 'D_high': 8374.542128252584, 'fire_exp': 2.4359771925544855, 'P_half': 1109.4004765669947, 'pre_dampen_half': 0.06858711268769915, 'gpp_af': 0.036368454253018066, 'gpp_b': 0.0003202734055529712, 'gpp_d': 2.875653106184188, 'ign_k': 0.09136775591903566, 'ign_c': 378.1286205477457, 'dryanom_half': 0.47285834929590886, 'dry_amp': 0.35393884342537707}. Best is trial 0 with value: 0.6103502735484728.
[I 2026-05-22 17:41:27,935] Trial 2 finished with value: 0.4704332259081153 and parameters: {'k1': 0.01747293419937451, 'D_low': 21.56687982880773, 'k2': 0.0011906989891093689, 'D_high': 111.29634327666197, 'fire_exp': 0.5428632412918669, 'P_half': 0.4093416523081073, 'pre_dampen_half': 5.731743157780468, 'gpp_af': 0.0014025505847489843, 'gpp_b': 0.016573943211147742, 'gpp_d': 56.80828363767336, 'ign_k': 0.009914775233481382, 'ign_c': 0.6176052321048419, 'dryanom_half': 13.275358241608608, 'dry_amp': 0.8837624511913766}. Best is trial 0 with value: 0.6103502735484728.
[I 2026-05-22 17:41:28,409] Trial 3 finished with value: 0.4304360468369279 and parameters: {'k1': 0.0011610896378154052, 'D_low': 40.252658265121426, 'k2': 0.001174786640706779, 'D_high': 56177.74375900673, 'fire_exp': 6.056260498661235, 'P_half': 0.7542490832418942, 'pre_dampen_half': 3.9727909021108863, 'gpp_af': 0.33792611837717407, 'gpp_b': 0.0002753737364226985, 'gpp_d': 0.022605484362884662, 'ign_k': 0.2013390570837119, 'ign_c': 4.044369308675685, 'dryanom_half': 235.12400578771334, 'dry_amp': 0.7927078015073831}. Best is trial 0 with value: 0.6103502735484728.
[I 2026-05-22 17:41:28,880] Trial 4 finished with value: 0.4654566192265369 and parameters: {'k1': 3.374640795891094e-05, 'D_low': 723.5318788392136, 'k2': 0.00024358562717933247, 'D_high': 2868.441271942391, 'fire_exp': 0.9175577123517281, 'P_half': 8469.320186205292, 'pre_dampen_half': 0.2296496996648541, 'gpp_af': 12.501369466687006, 'gpp_b': 0.015725734088218497, 'gpp_d': 40.019702901081, 'ign_k': 6.910359514379183, 'ign_c': 0.23519538960402586, 'dryanom_half': 4.840818967925745, 'dry_amp': 0.864897274671636}. Best is trial 0 with value: 0.6103502735484728.
[I 2026-05-22 17:41:29,350] Trial 5 finished with value: 0.450103758954223 and parameters: {'k1': 0.006177537643722516, 'D_low': 19.27497992587055, 'k2': 0.00028129836988872683, 'D_high': 8601.01739659331, 'fire_exp': 2.8212879483832736, 'P_half': 1.2342691973108084, 'pre_dampen_half': 819.4530660705137, 'gpp_af': 0.10035294625496403, 'gpp_b': 0.10356672648781835, 'gpp_d': 0.33571970756633, 'ign_k': 0.39512837748591284, 'ign_c': 3.133432481753629, 'dryanom_half': 2.2736247373562994, 'dry_amp': 0.024749607024216684}. Best is trial 0 with value: 0.6103502735484728.
[I 2026-05-22 17:41:29,820] Trial 6 finished with value: 0.43607454860669365 and parameters: {'k1': 0.00024675511729869504, 'D_low': 89.27256852289709, 'k2': 0.00036131381929113546, 'D_high': 286.20693232126104, 'fire_exp': 1.8246619220692903, 'P_half': 0.1516354415888156, 'pre_dampen_half': 0.13407536483156432, 'gpp_af': 0.004700314642501022, 'gpp_b': 0.3991439164638959, 'gpp_d': 23.997234032781233, 'ign_k': 0.0034627765140456705, 'ign_c': 13.49220308970169, 'dryanom_half': 69.87811601417758, 'dry_amp': 0.2945065828304384}. Best is trial 0 with value: 0.6103502735484728.
[I 2026-05-22 17:41:30,294] Trial 7 finished with value: 0.4371167344426846 and parameters: {'k1': 0.0004363114144298454, 'D_low': 34.14233119708818, 'k2': 0.08040804735898477, 'D_high': 1419.802120125038, 'fire_exp': 7.407741914034378, 'P_half': 0.8052554883941644, 'pre_dampen_half': 0.25862332121314435, 'gpp_af': 0.0025577142056836762, 'gpp_b': 5.805679632774964e-06, 'gpp_d': 10.127466306065491, 'ign_k': 0.6925100525033566, 'ign_c': 1.9087739945768285, 'dryanom_half': 50.24934569657348, 'dry_amp': 0.8053466993121347}. Best is trial 0 with value: 0.6103502735484728.
[I 2026-05-22 17:41:30,770] Trial 8 finished with value: 0.4541081594060958 and parameters: {'k1': 0.0005169536281081815, 'D_low': 5.275947050160026, 'k2': 2.4744886673258286e-05, 'D_high': 3756.910979257126, 'fire_exp': 3.4109381706912614, 'P_half': 52.70651879009507, 'pre_dampen_half': 0.6648232635006203, 'gpp_af': 0.0026821013073470112, 'gpp_b': 2.1159591335638427e-05, 'gpp_d': 786.7619722195815, 'ign_k': 0.0013109692579218284, 'ign_c': 8.874420781973114, 'dryanom_half': 0.15990499196040237, 'dry_amp': 0.6592524967445438}. Best is trial 0 with value: 0.6103502735484728.
[I 2026-05-22 17:41:31,241] Trial 9 finished with value: 0.3991197133772352 and parameters: {'k1': 7.726846476206575e-05, 'D_low': 8207.105681866542, 'k2': 0.0003624886001313094, 'D_high': 81140.17829670661, 'fire_exp': 3.1709666519525834, 'P_half': 397.7344745429521, 'pre_dampen_half': 17.5626721037711, 'gpp_af': 0.0013751892979050613, 'gpp_b': 0.21602749761308987, 'gpp_d': 35.95941160766872, 'ign_k': 0.09147378028298725, 'ign_c': 4.623952655666689, 'dryanom_half': 12.887051907711005, 'dry_amp': 0.06659507396536411}. Best is trial 0 with value: 0.6103502735484728.
[I 2026-05-22 17:41:31,718] Trial 10 finished with value: 0.5876074232088062 and parameters: {'k1': 0.010307697816975707, 'D_low': 108.9354827146535, 'k2': 0.01921698818914606, 'D_high': 748.18718105369, 'fire_exp': 0.5577359991120311, 'P_half': 3.536971788816709, 'pre_dampen_half': 3.4798793402940693, 'gpp_af': 2.79121950487348, 'gpp_b': 1.7583413640448487e-05, 'gpp_d': 882.0204332557387, 'ign_k': 0.26283960458399813, 'ign_c': 14.413876021068726, 'dryanom_half': 10.26442803124891, 'dry_amp': 0.012006269750554388}. Best is trial 0 with value: 0.6103502735484728.
[I 2026-05-22 17:41:32,194] Trial 11 finished with value: 0.461228709869537 and parameters: {'k1': 0.0052905379722557825, 'D_low': 82.02085388077674, 'k2': 0.04668858674686949, 'D_high': 176.34565258145315, 'fire_exp': 0.49400618984143574, 'P_half': 4.486560080935601, 'pre_dampen_half': 1.9022975792745185, 'gpp_af': 53.84644067254485, 'gpp_b': 1.8039318012287088e-05, 'gpp_d': 294.96381036315057, 'ign_k': 0.017217278219170344, 'ign_c': 86.12385946744891, 'dryanom_half': 2.3935220804046526, 'dry_amp': 0.1498902293489885}. Best is trial 0 with value: 0.6103502735484728.
[I 2026-05-22 17:41:32,671] Trial 12 finished with value: 0.5032024522835651 and parameters: {'k1': 0.01547071913363048, 'D_low': 3.2568043301163576, 'k2': 0.00982278667661528, 'D_high': 2271.794385927702, 'fire_exp': 1.2817820409727594, 'P_half': 2.453484206421263, 'pre_dampen_half': 0.17760696510241994, 'gpp_af': 0.7834475995597213, 'gpp_b': 4.0250430721700334e-05, 'gpp_d': 393.1768388108159, 'ign_k': 0.09812406195984451, 'ign_c': 5.33502996693117, 'dryanom_half': 191.8651532386188, 'dry_amp': 0.2113808604243769}. Best is trial 0 with value: 0.6103502735484728.
[I 2026-05-22 17:41:33,148] Trial 13 finished with value: 0.5793216552998995 and parameters: {'k1': 0.0873460686573034, 'D_low': 70.04897200617721, 'k2': 0.022991973702093327, 'D_high': 1159.9804472911278, 'fire_exp': 0.6023408687860617, 'P_half': 0.7469443260174051, 'pre_dampen_half': 86.94269468464978, 'gpp_af': 0.01394270407239778, 'gpp_b': 1.1109411505582193e-06, 'gpp_d': 18.787588092757645, 'ign_k': 0.27215205703286, 'ign_c': 28.27615722174678, 'dryanom_half': 0.633324059985374, 'dry_amp': 0.06995172630051937}. Best is trial 0 with value: 0.6103502735484728.
[I 2026-05-22 17:41:33,623] Trial 14 finished with value: 0.3994490055432051 and parameters: {'k1': 0.06818149637224882, 'D_low': 6.252530957050763, 'k2': 0.0012574678620857578, 'D_high': 8568.507546871202, 'fire_exp': 0.6944264242491877, 'P_half': 1.3355998629484558, 'pre_dampen_half': 38.29824277703593, 'gpp_af': 1.2713192662786867, 'gpp_b': 0.010051459170404344, 'gpp_d': 717.9145447705253, 'ign_k': 4.344155138848366, 'ign_c': 89.08879397564291, 'dryanom_half': 6.356063819069908, 'dry_amp': 0.23810978051993767}. Best is trial 0 with value: 0.6103502735484728.
[I 2026-05-22 17:41:34,096] Trial 15 finished with value: 0.5327202024665989 and parameters: {'k1': 0.011145829058419248, 'D_low': 28.701889938902234, 'k2': 0.0030600173291880396, 'D_high': 18.70133153707959, 'fire_exp': 0.4071257960162044, 'P_half': 0.28981634122804806, 'pre_dampen_half': 30.62101558741413, 'gpp_af': 0.07338080832981383, 'gpp_b': 0.015262865548966597, 'gpp_d': 43.253289645697045, 'ign_k': 0.27366629510263457, 'ign_c': 1.433822115531756, 'dryanom_half': 9.361970637092767, 'dry_amp': 0.10732561127585157}. Best is trial 0 with value: 0.6103502735484728.
[I 2026-05-22 17:41:34,580] Trial 16 finished with value: 0.5563602267731091 and parameters: {'k1': 0.012723305062744383, 'D_low': 86.84085752764128, 'k2': 0.01046800001529726, 'D_high': 897.2987884596981, 'fire_exp': 0.5736603261560632, 'P_half': 1076.4859917954188, 'pre_dampen_half': 1.5200166488596643, 'gpp_af': 1.6151889844089824, 'gpp_b': 0.021762720820116255, 'gpp_d': 775.9080327714407, 'ign_k': 0.634858080904032, 'ign_c': 13.810623545557958, 'dryanom_half': 0.7083188964660847, 'dry_amp': 0.08382994333473204}. Best is trial 0 with value: 0.6103502735484728.
[I 2026-05-22 17:41:35,056] Trial 17 finished with value: 0.5761044141631892 and parameters: {'k1': 0.015766604652361786, 'D_low': 22.433922126986054, 'k2': 0.00047833081483938017, 'D_high': 548.2169483929686, 'fire_exp': 0.39848022689191853, 'P_half': 4.511624829746421, 'pre_dampen_half': 1.05791719427914, 'gpp_af': 0.06040933661698425, 'gpp_b': 1.1884816625323832e-06, 'gpp_d': 277.09530590707504, 'ign_k': 2.6916556217994763, 'ign_c': 7.569357214024094, 'dryanom_half': 11.243304043315693, 'dry_amp': 0.10500099161824157}. Best is trial 0 with value: 0.6103502735484728.
[I 2026-05-22 17:41:35,529] Trial 18 finished with value: 0.39483147756412434 and parameters: {'k1': 0.0007098924062795086, 'D_low': 4868.89942951445, 'k2': 0.016652045751142774, 'D_high': 4486.691089620781, 'fire_exp': 1.1240439965134748, 'P_half': 0.4752149185277464, 'pre_dampen_half': 0.3797024905830782, 'gpp_af': 1.0007096486671265, 'gpp_b': 0.00013839931119308916, 'gpp_d': 30.14375998126853, 'ign_k': 0.6262324499770332, 'ign_c': 48.55190805323282, 'dryanom_half': 3.208666312530642, 'dry_amp': 0.08833660333906997}. Best is trial 0 with value: 0.6103502735484728.
[I 2026-05-22 17:41:36,006] Trial 19 finished with value: 0.5157834328056788 and parameters: {'k1': 0.038075911642267805, 'D_low': 11.382530034968742, 'k2': 0.02456588006334776, 'D_high': 14977.522361089503, 'fire_exp': 0.55739509289972, 'P_half': 80.87292782445381, 'pre_dampen_half': 27.909194861742677, 'gpp_af': 11.477978121546137, 'gpp_b': 6.434139884706879e-05, 'gpp_d': 149.62011733316015, 'ign_k': 0.4496139524187737, 'ign_c': 0.7196448812336143, 'dryanom_half': 30.324902599897978, 'dry_amp': 0.056510368670679}. Best is trial 0 with value: 0.6103502735484728.
[I 2026-05-22 17:41:36,478] Trial 20 finished with value: 0.3994490055432051 and parameters: {'k1': 0.000950714931688657, 'D_low': 34.30280562890245, 'k2': 0.0002673668387372583, 'D_high': 1152.5605974330256, 'fire_exp': 0.789348118171983, 'P_half': 2.187113406486374, 'pre_dampen_half': 494.31699830510274, 'gpp_af': 9.92350823548108, 'gpp_b': 0.00017356709956095696, 'gpp_d': 2.099037721414938, 'ign_k': 0.4827566445131096, 'ign_c': 121.49008666169341, 'dryanom_half': 20.62900092782967, 'dry_amp': 0.2598266268918182}. Best is trial 0 with value: 0.6103502735484728.
[I 2026-05-22 17:41:36,951] Trial 21 finished with value: 0.48837151739667223 and parameters: {'k1': 0.004493944482724157, 'D_low': 99.41700721821383, 'k2': 0.012191093761799925, 'D_high': 3504.563327353167, 'fire_exp': 0.4642542296878464, 'P_half': 0.49116577426634295, 'pre_dampen_half': 193.459965586058, 'gpp_af': 0.0023713077553318305, 'gpp_b': 4.686107799665544e-06, 'gpp_d': 10.462006719930429, 'ign_k': 0.75409849832841, 'ign_c': 33.594722529687076, 'dryanom_half': 0.25040197305259937, 'dry_amp': 0.13768345319195013}. Best is trial 0 with value: 0.6103502735484728.
[I 2026-05-22 17:41:37,428] Trial 22 finished with value: 0.45719420476737543 and parameters: {'k1': 0.04468294329262974, 'D_low': 307.48135263133753, 'k2': 0.07111580895808359, 'D_high': 332.62441742633627, 'fire_exp': 2.972081113072992, 'P_half': 0.5371293520792825, 'pre_dampen_half': 119.61412558038772, 'gpp_af': 0.44029892036875096, 'gpp_b': 3.141603875676637e-06, 'gpp_d': 131.7704197593929, 'ign_k': 0.2727069956761713, 'ign_c': 1.2238673127545563, 'dryanom_half': 0.46984743544955526, 'dry_amp': 0.2679505156563802}. Best is trial 0 with value: 0.6103502735484728.
[I 2026-05-22 17:41:37,914] Trial 23 finished with value: 0.3994490055432051 and parameters: {'k1': 0.011815793950377608, 'D_low': 18.29162120846502, 'k2': 0.007840201594579349, 'D_high': 135.84120777794865, 'fire_exp': 0.4831667693488917, 'P_half': 0.13732910546803792, 'pre_dampen_half': 172.5884101257346, 'gpp_af': 3.438481719587697, 'gpp_b': 1.0056929409461578e-06, 'gpp_d': 565.1263120591129, 'ign_k': 2.700690763361875, 'ign_c': 129.37196767330994, 'dryanom_half': 14.832742153262574, 'dry_amp': 0.445647470871917}. Best is trial 0 with value: 0.6103502735484728.
[I 2026-05-22 17:41:38,388] Trial 24 finished with value: 0.5153002535087526 and parameters: {'k1': 0.0730320120876637, 'D_low': 40.08248396233394, 'k2': 0.00141524817312804, 'D_high': 22.501679685032233, 'fire_exp': 0.9707632632516421, 'P_half': 2.1766366393465337, 'pre_dampen_half': 94.3951849446617, 'gpp_af': 0.5862404246383639, 'gpp_b': 2.701003314141163e-06, 'gpp_d': 2.4087586393384353, 'ign_k': 0.07668167927888304, 'ign_c': 23.625688384090225, 'dryanom_half': 1.2816582620144181, 'dry_amp': 0.007303025588636922}. Best is trial 0 with value: 0.6103502735484728.
[I 2026-05-22 17:41:38,861] Trial 25 finished with value: 0.41378480616642505 and parameters: {'k1': 0.014131713542555331, 'D_low': 1.8545190014970767, 'k2': 0.03193387150940246, 'D_high': 50.672371315727105, 'fire_exp': 1.3445494018562283, 'P_half': 2.289759586521684, 'pre_dampen_half': 0.8674708038906661, 'gpp_af': 0.006621055047872303, 'gpp_b': 1.5586763287070518e-05, 'gpp_d': 8.408388793050834, 'ign_k': 0.06680364158136444, 'ign_c': 164.22161827025428, 'dryanom_half': 0.2374309004049376, 'dry_amp': 0.012345850544239513}. Best is trial 0 with value: 0.6103502735484728.
[I 2026-05-22 17:41:39,342] Trial 26 finished with value: 0.3994490055432051 and parameters: {'k1': 0.09234002195069445, 'D_low': 40.21956879449291, 'k2': 0.003990678661538334, 'D_high': 941.2306739707492, 'fire_exp': 1.1571927174298757, 'P_half': 53.38067268186087, 'pre_dampen_half': 81.69971000378976, 'gpp_af': 0.01736932044075787, 'gpp_b': 2.959252837013838e-06, 'gpp_d': 10.24709439884321, 'ign_k': 0.04721915489557868, 'ign_c': 823.0145884804786, 'dryanom_half': 0.34960488576992127, 'dry_amp': 0.3562011134954573}. Best is trial 0 with value: 0.6103502735484728.
[I 2026-05-22 17:41:39,819] Trial 27 finished with value: 0.5062280084910271 and parameters: {'k1': 0.03647395719649603, 'D_low': 461.2269578437989, 'k2': 0.04289408871653511, 'D_high': 934.4271613761936, 'fire_exp': 0.6748745950443159, 'P_half': 2.0828692065252765, 'pre_dampen_half': 3.3694967240555393, 'gpp_af': 26.440022257000237, 'gpp_b': 4.562894690529567e-06, 'gpp_d': 870.307359349319, 'ign_k': 3.3614455216514196, 'ign_c': 7.2601321763739906, 'dryanom_half': 0.814472084779223, 'dry_amp': 0.17450628822412895}. Best is trial 0 with value: 0.6103502735484728.
[I 2026-05-22 17:41:40,290] Trial 28 finished with value: 0.3994490055432051 and parameters: {'k1': 0.019038694478171275, 'D_low': 26.90054588828907, 'k2': 0.002004469649350472, 'D_high': 3781.3874486513664, 'fire_exp': 1.4052448253169838, 'P_half': 14.079358224072502, 'pre_dampen_half': 7.5012570112136805, 'gpp_af': 3.3140512604268997, 'gpp_b': 3.608046948951491e-06, 'gpp_d': 167.14794587194888, 'ign_k': 0.45946131720529754, 'ign_c': 74.45071405016982, 'dryanom_half': 5.909325075688818, 'dry_amp': 0.02678232415268252}. Best is trial 0 with value: 0.6103502735484728.
[I 2026-05-22 17:41:40,760] Trial 29 finished with value: 0.5159712954103375 and parameters: {'k1': 0.08983891691225408, 'D_low': 361.17904978446336, 'k2': 0.0007378833109080053, 'D_high': 4824.841220388476, 'fire_exp': 1.9528283850077466, 'P_half': 0.9197998581048872, 'pre_dampen_half': 11.950840620118807, 'gpp_af': 0.010373331773538448, 'gpp_b': 0.00019178374030494888, 'gpp_d': 459.1504080390902, 'ign_k': 0.45162773914429727, 'ign_c': 2.5461904037823966, 'dryanom_half': 3.87218318747766, 'dry_amp': 0.21345422993171723}. Best is trial 0 with value: 0.6103502735484728.
[I 2026-05-22 17:41:41,232] Trial 30 finished with value: 0.5506822331867838 and parameters: {'k1': 0.0026570974132150258, 'D_low': 6.028722445320212, 'k2': 0.007713233764543802, 'D_high': 1262.9636769890017, 'fire_exp': 0.3997669968822774, 'P_half': 0.4803016163514383, 'pre_dampen_half': 32.68496998310507, 'gpp_af': 1.278901132404263, 'gpp_b': 0.00020541654965136472, 'gpp_d': 711.2565666745388, 'ign_k': 0.10730286242049279, 'ign_c': 49.73575098469433, 'dryanom_half': 16.86093294682072, 'dry_amp': 0.027598258653236757}. Best is trial 0 with value: 0.6103502735484728.
[I 2026-05-22 17:41:41,705] Trial 31 finished with value: 0.588315568351913 and parameters: {'k1': 0.006931359189627539, 'D_low': 38.18756976287111, 'k2': 0.0004493386443372052, 'D_high': 141.93016066857294, 'fire_exp': 0.4007227395824652, 'P_half': 2.5318724873963077, 'pre_dampen_half': 1.934671820610414, 'gpp_af': 0.14557689882356636, 'gpp_b': 6.894334352271013e-06, 'gpp_d': 84.73441824807982, 'ign_k': 2.2407803450225554, 'ign_c': 13.076610793759661, 'dryanom_half': 2.2759090246412517, 'dry_amp': 0.26596959548354365}. Best is trial 0 with value: 0.6103502735484728.
[I 2026-05-22 17:41:42,177] Trial 32 finished with value: 0.5174828343125921 and parameters: {'k1': 0.006647168173092895, 'D_low': 125.83672430607243, 'k2': 0.04863611979024191, 'D_high': 387.48814754288696, 'fire_exp': 0.4968001518218534, 'P_half': 1.4061257455171121, 'pre_dampen_half': 185.32200216978165, 'gpp_af': 0.13776863113444, 'gpp_b': 2.408745829151083e-06, 'gpp_d': 31.793366681014458, 'ign_k': 0.024523320762503867, 'ign_c': 21.99500564923523, 'dryanom_half': 1.239319908987998, 'dry_amp': 0.0432798145423342}. Best is trial 0 with value: 0.6103502735484728.
[I 2026-05-22 17:41:42,649] Trial 33 finished with value: 0.5528628870114217 and parameters: {'k1': 0.0015474255858413106, 'D_low': 179.7976031367542, 'k2': 0.00029155413821820887, 'D_high': 264.2222334087089, 'fire_exp': 0.4127744813137394, 'P_half': 3.172173056738222, 'pre_dampen_half': 0.23827530129473146, 'gpp_af': 0.05062282148949012, 'gpp_b': 1.6069429209940367e-05, 'gpp_d': 4.160224031525343, 'ign_k': 3.4541534584376756, 'ign_c': 1.7433274437877422, 'dryanom_half': 0.6513793424725641, 'dry_amp': 0.5742255845681827}. Best is trial 0 with value: 0.6103502735484728.
[I 2026-05-22 17:41:43,127] Trial 34 finished with value: 0.4678815438701233 and parameters: {'k1': 0.03887445794704816, 'D_low': 2.138296072084389, 'k2': 0.021919009314286246, 'D_high': 247.1220295504494, 'fire_exp': 0.42101846671486465, 'P_half': 2.8851579862099617, 'pre_dampen_half': 214.52565110837924, 'gpp_af': 0.019819705515895465, 'gpp_b': 2.3162056004208817e-06, 'gpp_d': 8.67191464902375, 'ign_k': 0.3987804973104285, 'ign_c': 0.1961346249319227, 'dryanom_half': 0.14531381904898077, 'dry_amp': 0.16181925300785627}. Best is trial 0 with value: 0.6103502735484728.
[I 2026-05-22 17:41:43,605] Trial 35 finished with value: 0.3994490055432051 and parameters: {'k1': 0.08714314053367382, 'D_low': 96.33006112167986, 'k2': 0.0036738051009557633, 'D_high': 3763.1336099469736, 'fire_exp': 0.5124811156387071, 'P_half': 0.18764499175263005, 'pre_dampen_half': 1.3300774948160072, 'gpp_af': 0.012863186291013986, 'gpp_b': 2.666923411856851e-06, 'gpp_d': 3.384823949213046, 'ign_k': 0.9211263667897301, 'ign_c': 83.7555615187566, 'dryanom_half': 3.901661113736194, 'dry_amp': 0.052901546676487284}. Best is trial 0 with value: 0.6103502735484728.
[I 2026-05-22 17:41:44,084] Trial 36 finished with value: 0.3994490055432051 and parameters: {'k1': 0.06316631321777233, 'D_low': 17.137615176816606, 'k2': 0.04170383327932785, 'D_high': 2002.8740226194298, 'fire_exp': 0.44094938721298066, 'P_half': 0.562753315413817, 'pre_dampen_half': 36.01713561761133, 'gpp_af': 0.08583855941077789, 'gpp_b': 1.1477948088666245e-05, 'gpp_d': 310.2395379897915, 'ign_k': 2.4429032458989783, 'ign_c': 249.2887066492787, 'dryanom_half': 0.7396369979844422, 'dry_amp': 0.12977848627438857}. Best is trial 0 with value: 0.6103502735484728.
