[I 2026-05-22 18:04:34,704] Trial 716 finished with value: 0.5777841219413337 and parameters: {'rain_shift': 0.18906638395025, 'ign_k': 0.33649842833005195, 'rate_power': 0.7964242443124427}. Best is trial 714 with value: 0.6111263465847875.
[I 2026-05-22 18:04:35,053] Trial 717 finished with value: 0.6094474718075006 and parameters: {'rain_shift': 1.6523677876497436, 'ign_k': 0.7284867770572466, 'rate_power': 0.7741341875073909}. Best is trial 714 with value: 0.6111263465847875.
[I 2026-05-22 18:04:35,403] Trial 718 finished with value: 0.6099354146384516 and parameters: {'rain_shift': 1.8065632471109447, 'ign_k': 0.7707632240152512, 'rate_power': 0.70084692847274}. Best is trial 714 with value: 0.6111263465847875.
[I 2026-05-22 18:04:35,757] Trial 719 finished with value: 0.5865659507086951 and parameters: {'rain_shift': 1.11112628999969, 'ign_k': 0.3240500394300748, 'rate_power': 0.7051875514620746}. Best is trial 714 with value: 0.6111263465847875.
[I 2026-05-22 18:04:36,107] Trial 720 finished with value: 0.6029856493430858 and parameters: {'rain_shift': 2.0735399207462626, 'ign_k': 0.749116663475655, 'rate_power': 0.7951222079846825}. Best is trial 714 with value: 0.6111263465847875.
[I 2026-05-22 18:04:36,457] Trial 721 finished with value: 0.6080907226203941 and parameters: {'rain_shift': 1.887977526195604, 'ign_k': 0.44185461863033887, 'rate_power': 0.7048863303105932}. Best is trial 714 with value: 0.6111263465847875.
[I 2026-05-22 18:04:36,807] Trial 722 finished with value: 0.6025539714172685 and parameters: {'rain_shift': 0.6916840188469144, 'ign_k': 0.700127897587216, 'rate_power': 0.7810174717767882}. Best is trial 714 with value: 0.6111263465847875.
[I 2026-05-22 18:04:37,158] Trial 723 finished with value: 0.5868120398686448 and parameters: {'rain_shift': 3.3797514729600806, 'ign_k': 0.3453105118079692, 'rate_power': 0.8824881767814261}. Best is trial 714 with value: 0.6111263465847875.
[I 2026-05-22 18:04:37,509] Trial 724 finished with value: 0.5814992160066302 and parameters: {'rain_shift': 3.4151651503060045, 'ign_k': 0.8089377434116976, 'rate_power': 0.7771409603099938}. Best is trial 714 with value: 0.6111263465847875.
[I 2026-05-22 18:04:37,860] Trial 725 finished with value: 0.6036200533985987 and parameters: {'rain_shift': 2.0704714763419148, 'ign_k': 1.075048047622399, 'rate_power': 0.7003987577159757}. Best is trial 714 with value: 0.6111263465847875.
[I 2026-05-22 18:04:38,210] Trial 726 finished with value: 0.5971988062401632 and parameters: {'rain_shift': 1.471385177923585, 'ign_k': 0.292698091430177, 'rate_power': 0.8368512462694144}. Best is trial 714 with value: 0.6111263465847875.
[I 2026-05-22 18:04:38,561] Trial 727 finished with value: 0.6081604083333078 and parameters: {'rain_shift': 1.4089944374747627, 'ign_k': 0.9063694592065992, 'rate_power': 0.7746071494387967}. Best is trial 714 with value: 0.6111263465847875.
[I 2026-05-22 18:04:38,911] Trial 728 finished with value: 0.5825839551049108 and parameters: {'rain_shift': 4.334604698587842, 'ign_k': 0.5763658254587425, 'rate_power': 0.7026360615271129}. Best is trial 714 with value: 0.6111263465847875.
[I 2026-05-22 18:04:39,261] Trial 729 finished with value: 0.6047094367909646 and parameters: {'rain_shift': 2.1941781916842653, 'ign_k': 0.6594001559413936, 'rate_power': 0.7701166806251946}. Best is trial 714 with value: 0.6111263465847875.
[I 2026-05-22 18:04:39,611] Trial 730 finished with value: 0.6087890009965814 and parameters: {'rain_shift': 1.678439049528811, 'ign_k': 0.4567073144827329, 'rate_power': 0.7804357900887926}. Best is trial 714 with value: 0.6111263465847875.
[I 2026-05-22 18:04:39,962] Trial 731 finished with value: 0.5969209282027599 and parameters: {'rain_shift': 2.9275810603387358, 'ign_k': 0.4921413968200323, 'rate_power': 0.7710822750266312}. Best is trial 714 with value: 0.6111263465847875.
[I 2026-05-22 18:04:40,312] Trial 732 finished with value: 0.6077159231639911 and parameters: {'rain_shift': 2.274849259068512, 'ign_k': 0.4255703388389382, 'rate_power': 0.7042782090577346}. Best is trial 714 with value: 0.6111263465847875.
[I 2026-05-22 18:04:40,659] Trial 733 finished with value: 0.5905226742610418 and parameters: {'rain_shift': 3.0830126759434995, 'ign_k': 0.9021791820368674, 'rate_power': 0.7001757259512086}. Best is trial 714 with value: 0.6111263465847875.
[I 2026-05-22 18:04:41,005] Trial 734 finished with value: 0.5902673762144105 and parameters: {'rain_shift': 0.1290802486808047, 'ign_k': 0.9905965030289731, 'rate_power': 0.7527278994429969}. Best is trial 714 with value: 0.6111263465847875.
[I 2026-05-22 18:04:41,352] Trial 735 finished with value: 0.5960382474398498 and parameters: {'rain_shift': 2.1312231801409, 'ign_k': 0.9288577588062118, 'rate_power': 0.8462190160608293}. Best is trial 714 with value: 0.6111263465847875.
[I 2026-05-22 18:04:41,699] Trial 736 finished with value: 0.5823976535847697 and parameters: {'rain_shift': 0.049760228875329604, 'ign_k': 0.9758294435645013, 'rate_power': 0.7049966617732245}. Best is trial 714 with value: 0.6111263465847875.
[I 2026-05-22 18:04:42,045] Trial 737 finished with value: 0.6104589432963505 and parameters: {'rain_shift': 1.6496304436583147, 'ign_k': 0.5901630308167605, 'rate_power': 0.70448597908944}. Best is trial 714 with value: 0.6111263465847875.
[I 2026-05-22 18:04:42,392] Trial 738 finished with value: 0.606725518245582 and parameters: {'rain_shift': 2.0968755529084806, 'ign_k': 0.6116776101459477, 'rate_power': 0.7764591198078091}. Best is trial 714 with value: 0.6111263465847875.
[I 2026-05-22 18:04:42,739] Trial 739 finished with value: 0.5596300383201872 and parameters: {'rain_shift': 9.525566894552814, 'ign_k': 0.08000541439759469, 'rate_power': 0.9805970600758341}. Best is trial 714 with value: 0.6111263465847875.
[I 2026-05-22 18:04:43,086] Trial 740 finished with value: 0.5500203950776603 and parameters: {'rain_shift': 9.411409086864541, 'ign_k': 0.5024314148972107, 'rate_power': 0.7838784621954218}. Best is trial 714 with value: 0.6111263465847875.
[I 2026-05-22 18:04:43,434] Trial 741 finished with value: 0.6063492302313728 and parameters: {'rain_shift': 1.2016505674444042, 'ign_k': 0.671763131926866, 'rate_power': 0.7139425486830072}. Best is trial 714 with value: 0.6111263465847875.
[I 2026-05-22 18:04:43,785] Trial 742 finished with value: 0.6022852818846104 and parameters: {'rain_shift': 0.7840458705403704, 'ign_k': 0.5111213054412129, 'rate_power': 0.802504486975868}. Best is trial 714 with value: 0.6111263465847875.
[I 2026-05-22 18:04:44,135] Trial 743 finished with value: 0.5383773605671012 and parameters: {'rain_shift': 8.747560249520895, 'ign_k': 1.5857946337830109, 'rate_power': 0.8824844041926633}. Best is trial 714 with value: 0.6111263465847875.
[I 2026-05-22 18:04:44,484] Trial 744 finished with value: 0.5968685915340426 and parameters: {'rain_shift': 3.0446147883261743, 'ign_k': 0.6207697384884785, 'rate_power': 0.7016310122470173}. Best is trial 714 with value: 0.6111263465847875.
[I 2026-05-22 18:04:44,837] Trial 745 finished with value: 0.6045216150924471 and parameters: {'rain_shift': 1.9845569865607366, 'ign_k': 1.1429337860883568, 'rate_power': 0.7003769979190431}. Best is trial 714 with value: 0.6111263465847875.
[I 2026-05-22 18:04:45,187] Trial 746 finished with value: 0.5814050101898764 and parameters: {'rain_shift': 0.3552153608417521, 'ign_k': 0.5227643618541511, 'rate_power': 0.7045561304219983}. Best is trial 714 with value: 0.6111263465847875.
[I 2026-05-22 18:04:45,538] Trial 747 finished with value: 0.5823560779231665 and parameters: {'rain_shift': 3.141985816486427, 'ign_k': 0.6875420902036989, 'rate_power': 0.8593376153488891}. Best is trial 714 with value: 0.6111263465847875.
[I 2026-05-22 18:04:45,889] Trial 748 finished with value: 0.6053274951810846 and parameters: {'rain_shift': 0.8516813304025828, 'ign_k': 0.6614620942301331, 'rate_power': 0.7924448240090227}. Best is trial 714 with value: 0.6111263465847875.
[I 2026-05-22 18:04:46,240] Trial 749 finished with value: 0.6099806461775307 and parameters: {'rain_shift': 1.674415016983179, 'ign_k': 0.7815874069030758, 'rate_power': 0.7010855662163036}. Best is trial 714 with value: 0.6111263465847875.
[I 2026-05-22 18:04:46,598] Trial 750 finished with value: 0.6003607802767879 and parameters: {'rain_shift': 2.506786296608894, 'ign_k': 0.32408889850429834, 'rate_power': 0.7850771480831549}. Best is trial 714 with value: 0.6111263465847875.
[I 2026-05-22 18:04:46,951] Trial 751 finished with value: 0.6075956905152072 and parameters: {'rain_shift': 1.380164969630163, 'ign_k': 0.5720713271352792, 'rate_power': 0.7021906172993857}. Best is trial 714 with value: 0.6111263465847875.
[I 2026-05-22 18:04:47,300] Trial 752 finished with value: 0.598791745711751 and parameters: {'rain_shift': 1.936605068692511, 'ign_k': 1.1847964226210488, 'rate_power': 0.8147270185496579}. Best is trial 714 with value: 0.6111263465847875.
[I 2026-05-22 18:04:47,650] Trial 753 finished with value: 0.6057235606590708 and parameters: {'rain_shift': 1.3647142223453428, 'ign_k': 1.106907426517132, 'rate_power': 0.7821348313716313}. Best is trial 714 with value: 0.6111263465847875.
[I 2026-05-22 18:04:48,000] Trial 754 finished with value: 0.6100109375572654 and parameters: {'rain_shift': 1.6489098343798139, 'ign_k': 0.5158166974005594, 'rate_power': 0.800321365786098}. Best is trial 714 with value: 0.6111263465847875.
[I 2026-05-22 18:04:48,350] Trial 755 finished with value: 0.5667243940389415 and parameters: {'rain_shift': 4.138256698315175, 'ign_k': 1.25623747713104, 'rate_power': 0.8114401376732374}. Best is trial 714 with value: 0.6111263465847875.
[I 2026-05-22 18:04:48,697] Trial 756 finished with value: 0.5860968827286338 and parameters: {'rain_shift': 1.0881867496267246, 'ign_k': 0.3285970849129447, 'rate_power': 0.7007509894704161}. Best is trial 714 with value: 0.6111263465847875.
[I 2026-05-22 18:04:49,053] Trial 757 finished with value: 0.6066440185321121 and parameters: {'rain_shift': 2.2467024120629073, 'ign_k': 0.5496517435891518, 'rate_power': 0.761744748999196}. Best is trial 714 with value: 0.6111263465847875.
[I 2026-05-22 18:04:49,409] Trial 758 finished with value: 0.6007105212016888 and parameters: {'rain_shift': 2.2587971138101253, 'ign_k': 0.3360785130107636, 'rate_power': 0.8592308851515449}. Best is trial 714 with value: 0.6111263465847875.
[I 2026-05-22 18:04:49,764] Trial 759 finished with value: 0.5812243635584954 and parameters: {'rain_shift': 0.04834510034478279, 'ign_k': 0.4795557250516373, 'rate_power': 0.7992470008539475}. Best is trial 714 with value: 0.6111263465847875.
[I 2026-05-22 18:04:50,120] Trial 760 finished with value: 0.6083181715982633 and parameters: {'rain_shift': 2.047466385775038, 'ign_k': 0.4485645292335461, 'rate_power': 0.766994242176232}. Best is trial 714 with value: 0.6111263465847875.
[I 2026-05-22 18:04:50,473] Trial 761 finished with value: 0.6101287248605181 and parameters: {'rain_shift': 2.1060194716599585, 'ign_k': 0.5396564027364152, 'rate_power': 0.7042103536003294}. Best is trial 714 with value: 0.6111263465847875.
[I 2026-05-22 18:04:50,827] Trial 762 finished with value: 0.6099796964321915 and parameters: {'rain_shift': 1.666204936653527, 'ign_k': 0.7820038150064188, 'rate_power': 0.7011029299457285}. Best is trial 714 with value: 0.6111263465847875.
[I 2026-05-22 18:04:51,179] Trial 763 finished with value: 0.6005428399015624 and parameters: {'rain_shift': 2.3883085882321495, 'ign_k': 0.4772371710019633, 'rate_power': 0.8551507499985795}. Best is trial 714 with value: 0.6111263465847875.
[I 2026-05-22 18:04:51,525] Trial 764 finished with value: 0.5873240860200563 and parameters: {'rain_shift': 2.7841680535871944, 'ign_k': 1.1087671094975122, 'rate_power': 0.7670505374043037}. Best is trial 714 with value: 0.6111263465847875.
[I 2026-05-22 18:04:51,875] Trial 765 finished with value: 0.6073468662076879 and parameters: {'rain_shift': 1.314915990240194, 'ign_k': 0.8950837625217885, 'rate_power': 0.8499679060060301}. Best is trial 714 with value: 0.6111263465847875.
[I 2026-05-22 18:04:52,233] Trial 766 finished with value: 0.6028003887284258 and parameters: {'rain_shift': 2.0707913395146815, 'ign_k': 0.8305829899208793, 'rate_power': 0.773505359879171}. Best is trial 714 with value: 0.6111263465847875.
[I 2026-05-22 18:04:52,584] Trial 767 finished with value: 0.6088132440676458 and parameters: {'rain_shift': 1.72214023506258, 'ign_k': 0.45052022438832673, 'rate_power': 0.7930753142747142}. Best is trial 714 with value: 0.6111263465847875.
[I 2026-05-22 18:04:52,931] Trial 768 finished with value: 0.5933727184181165 and parameters: {'rain_shift': 0.5934128065229707, 'ign_k': 0.6715831616063969, 'rate_power': 0.7000795280992779}. Best is trial 714 with value: 0.6111263465847875.
[I 2026-05-22 18:04:53,277] Trial 769 finished with value: 0.6006561857521654 and parameters: {'rain_shift': 1.2686714801401928, 'ign_k': 0.3713861983433435, 'rate_power': 0.7800174688802256}. Best is trial 714 with value: 0.6111263465847875.
[I 2026-05-22 18:04:53,624] Trial 770 finished with value: 0.5957665670737705 and parameters: {'rain_shift': 3.5065546097389877, 'ign_k': 0.42468632171076076, 'rate_power': 0.7047602813196531}. Best is trial 714 with value: 0.6111263465847875.
[I 2026-05-22 18:04:53,971] Trial 771 finished with value: 0.5360242794344802 and parameters: {'rain_shift': 7.199002376997698, 'ign_k': 0.3466006502398548, 'rate_power': 1.271026776934816}. Best is trial 714 with value: 0.6111263465847875.
[I 2026-05-22 18:04:54,318] Trial 772 finished with value: 0.6095996850811767 and parameters: {'rain_shift': 1.3662983173325838, 'ign_k': 0.6430259278591749, 'rate_power': 0.7673493473548854}. Best is trial 714 with value: 0.6111263465847875.
[I 2026-05-22 18:04:54,666] Trial 773 finished with value: 0.5948907221288038 and parameters: {'rain_shift': 2.4759712612114697, 'ign_k': 0.8551467998472855, 'rate_power': 0.7795879736366985}. Best is trial 714 with value: 0.6111263465847875.
[I 2026-05-22 18:04:55,015] Trial 774 finished with value: 0.6005473806543987 and parameters: {'rain_shift': 2.1293020558212192, 'ign_k': 0.32849202688118334, 'rate_power': 0.7005284506545657}. Best is trial 714 with value: 0.6111263465847875.
[I 2026-05-22 18:04:55,361] Trial 775 finished with value: 0.6048570079896928 and parameters: {'rain_shift': 0.5989786401536548, 'ign_k': 0.7185992900153537, 'rate_power': 0.8520854036935798}. Best is trial 714 with value: 0.6111263465847875.
[I 2026-05-22 18:04:55,714] Trial 776 finished with value: 0.6081578350982788 and parameters: {'rain_shift': 2.2079923335049445, 'ign_k': 0.43773368476577323, 'rate_power': 0.7012913263245072}. Best is trial 714 with value: 0.6111263465847875.
[I 2026-05-22 18:04:56,069] Trial 777 finished with value: 0.5808575404997798 and parameters: {'rain_shift': 3.42354089629165, 'ign_k': 0.7669414066842097, 'rate_power': 0.793462769316561}. Best is trial 714 with value: 0.6111263465847875.
[I 2026-05-22 18:04:56,420] Trial 778 finished with value: 0.6014203224580363 and parameters: {'rain_shift': 1.913439698487191, 'ign_k': 1.7049361579073259, 'rate_power': 0.7026521962961408}. Best is trial 714 with value: 0.6111263465847875.
[I 2026-05-22 18:04:56,774] Trial 779 finished with value: 0.6088377892093351 and parameters: {'rain_shift': 1.3288526090278396, 'ign_k': 0.7209902256552435, 'rate_power': 0.7534671045705075}. Best is trial 714 with value: 0.6111263465847875.
[I 2026-05-22 18:04:57,123] Trial 780 finished with value: 0.5889968555913867 and parameters: {'rain_shift': 3.6686565159287032, 'ign_k': 0.22109057946644692, 'rate_power': 0.80015717416864}. Best is trial 714 with value: 0.6111263465847875.
[I 2026-05-22 18:04:57,472] Trial 781 finished with value: 0.5787754715490044 and parameters: {'rain_shift': 3.674238541426636, 'ign_k': 0.22157017500601317, 'rate_power': 1.0236342883002785}. Best is trial 714 with value: 0.6111263465847875.
[I 2026-05-22 18:04:57,823] Trial 782 finished with value: 0.5918368198525544 and parameters: {'rain_shift': 3.2546715901369776, 'ign_k': 0.5270266069644747, 'rate_power': 0.7676441743347313}. Best is trial 714 with value: 0.6111263465847875.
[I 2026-05-22 18:04:58,171] Trial 783 finished with value: 0.5654171856474842 and parameters: {'rain_shift': 6.103713750418673, 'ign_k': 0.053725460349900715, 'rate_power': 1.0664397469248597}. Best is trial 714 with value: 0.6111263465847875.
[I 2026-05-22 18:04:58,523] Trial 784 finished with value: 0.5701022004601778 and parameters: {'rain_shift': 1.9965515975307002, 'ign_k': 0.12023559145567572, 'rate_power': 0.7054725433189241}. Best is trial 714 with value: 0.6111263465847875.
[I 2026-05-22 18:04:58,874] Trial 785 finished with value: 0.6001963180796968 and parameters: {'rain_shift': 0.9455035871206909, 'ign_k': 0.8803853442759093, 'rate_power': 0.7038694115423981}. Best is trial 714 with value: 0.6111263465847875.
[I 2026-05-22 18:04:59,221] Trial 786 finished with value: 0.6016384513008809 and parameters: {'rain_shift': 1.1180103676556603, 'ign_k': 0.41136166111616385, 'rate_power': 0.7750074430361623}. Best is trial 714 with value: 0.6111263465847875.
[I 2026-05-22 18:04:59,571] Trial 787 finished with value: 0.5977029753449389 and parameters: {'rain_shift': 2.7818088843203865, 'ign_k': 0.7209237189971344, 'rate_power': 0.70540329288154}. Best is trial 714 with value: 0.6111263465847875.
[I 2026-05-22 18:04:59,921] Trial 788 finished with value: 0.6020219874326637 and parameters: {'rain_shift': 0.8573055040301101, 'ign_k': 1.0747250026689712, 'rate_power': 0.7829443488157716}. Best is trial 714 with value: 0.6111263465847875.
[I 2026-05-22 18:05:00,271] Trial 789 finished with value: 0.5811975292000501 and parameters: {'rain_shift': 0.7715267803669299, 'ign_k': 0.3470537507372693, 'rate_power': 0.7030094643171697}. Best is trial 714 with value: 0.6111263465847875.
[I 2026-05-22 18:05:00,621] Trial 790 finished with value: 0.5950556746238074 and parameters: {'rain_shift': 2.554333521128606, 'ign_k': 0.5450091369550027, 'rate_power': 0.8755872794060386}. Best is trial 714 with value: 0.6111263465847875.
[I 2026-05-22 18:05:00,966] Trial 791 finished with value: 0.6086591875004606 and parameters: {'rain_shift': 1.2606194768495218, 'ign_k': 0.6864445631951913, 'rate_power': 0.7663847376305682}. Best is trial 714 with value: 0.6111263465847875.
[I 2026-05-22 18:05:01,316] Trial 792 finished with value: 0.5991419470792235 and parameters: {'rain_shift': 2.2747672695331382, 'ign_k': 0.6398508202116813, 'rate_power': 0.8576803748053161}. Best is trial 714 with value: 0.6111263465847875.
[I 2026-05-22 18:05:01,664] Trial 793 finished with value: 0.5999925998375978 and parameters: {'rain_shift': 2.2171247306702586, 'ign_k': 0.8225933126072695, 'rate_power': 0.7828669839216653}. Best is trial 714 with value: 0.6111263465847875.
[I 2026-05-22 18:05:02,011] Trial 794 finished with value: 0.5852552823761064 and parameters: {'rain_shift': 1.5515338284534528, 'ign_k': 0.207625181455051, 'rate_power': 0.792240951120301}. Best is trial 714 with value: 0.6111263465847875.
[I 2026-05-22 18:05:02,362] Trial 795 finished with value: 0.6015702969714878 and parameters: {'rain_shift': 1.4052176704407553, 'ign_k': 0.3350225795966204, 'rate_power': 0.8688188807906254}. Best is trial 714 with value: 0.6111263465847875.
[I 2026-05-22 18:05:02,712] Trial 796 finished with value: 0.605021930143223 and parameters: {'rain_shift': 1.4783493726841348, 'ign_k': 0.45190760687310827, 'rate_power': 0.7006894093025169}. Best is trial 714 with value: 0.6111263465847875.
[I 2026-05-22 18:05:03,060] Trial 797 finished with value: 0.5977998972367116 and parameters: {'rain_shift': 3.006126629409847, 'ign_k': 0.40465371860899874, 'rate_power': 0.784443927151131}. Best is trial 714 with value: 0.6111263465847875.
[I 2026-05-22 18:05:03,411] Trial 798 finished with value: 0.5654356284080566 and parameters: {'rain_shift': 8.370157591348267, 'ign_k': 0.15858034246541614, 'rate_power': 0.7806888346639422}. Best is trial 714 with value: 0.6111263465847875.
[I 2026-05-22 18:05:03,765] Trial 799 finished with value: 0.6085006956997467 and parameters: {'rain_shift': 1.959299110712895, 'ign_k': 0.7763648301147396, 'rate_power': 0.7053184476747798}. Best is trial 714 with value: 0.6111263465847875.
[I 2026-05-22 18:05:04,115] Trial 800 finished with value: 0.5798956817052312 and parameters: {'rain_shift': 0.04864850344426519, 'ign_k': 0.5044374092869226, 'rate_power': 0.7779600719577692}. Best is trial 714 with value: 0.6111263465847875.
[I 2026-05-22 18:05:04,464] Trial 801 finished with value: 0.6023486057131143 and parameters: {'rain_shift': 1.1359597211477026, 'ign_k': 0.5213098168049456, 'rate_power': 0.7018561066356312}. Best is trial 714 with value: 0.6111263465847875.
[I 2026-05-22 18:05:04,816] Trial 802 finished with value: 0.6070426465602076 and parameters: {'rain_shift': 2.5071540396384346, 'ign_k': 0.5004179964795729, 'rate_power': 0.7035295703394867}. Best is trial 714 with value: 0.6111263465847875.
[I 2026-05-22 18:05:05,166] Trial 803 finished with value: 0.6094192406470652 and parameters: {'rain_shift': 1.68702759168011, 'ign_k': 0.6669456150941123, 'rate_power': 0.8210753689876461}. Best is trial 714 with value: 0.6111263465847875.
[I 2026-05-22 18:05:05,517] Trial 804 finished with value: 0.6055567939938813 and parameters: {'rain_shift': 1.9538303647735982, 'ign_k': 1.0520236456058352, 'rate_power': 0.7011642461684839}. Best is trial 714 with value: 0.6111263465847875.
[I 2026-05-22 18:05:05,866] Trial 805 finished with value: 0.5873331244253416 and parameters: {'rain_shift': 2.477071199846457, 'ign_k': 1.6282702579690147, 'rate_power': 0.7848725739886314}. Best is trial 714 with value: 0.6111263465847875.
