[I 2026-05-22 17:57:29,364] Trial 440 finished with value: 0.6084191755754974 and parameters: {'WG_amp': 0.8755878630725709, 'WG_Phalf': 525.7163832862145, 'WG_k': 10.872413266538153, 'WG_c': 0.712853643505471, 'rate_power': 1.015914547081059}. Best is trial 417 with value: 0.6101767982311472.
[I 2026-05-22 17:57:29,656] Trial 441 finished with value: 0.6073739678602877 and parameters: {'WG_amp': 0.8563177677366316, 'WG_Phalf': 344.5519732082991, 'WG_k': 15.049913277555907, 'WG_c': 1.9303266016778988, 'rate_power': 1.2098293010608208}. Best is trial 417 with value: 0.6101767982311472.
[I 2026-05-22 17:57:29,942] Trial 442 finished with value: 0.6087213694237417 and parameters: {'WG_amp': 0.895356479279942, 'WG_Phalf': 267.3012972909006, 'WG_k': 29.454148921162275, 'WG_c': 1.2724250451355548, 'rate_power': 1.163725757961383}. Best is trial 417 with value: 0.6101767982311472.
[I 2026-05-22 17:57:30,229] Trial 443 finished with value: 0.60359295846089 and parameters: {'WG_amp': 0.7206642605264508, 'WG_Phalf': 215.80048087151363, 'WG_k': 17.801267542957888, 'WG_c': 0.3834927397433337, 'rate_power': 1.18404396562099}. Best is trial 417 with value: 0.6101767982311472.
[I 2026-05-22 17:57:30,531] Trial 444 finished with value: 0.6092764466168 and parameters: {'WG_amp': 0.8954983225466899, 'WG_Phalf': 251.8312223303666, 'WG_k': 8.64372756198356, 'WG_c': 0.9651950527838888, 'rate_power': 1.2997032366181394}. Best is trial 417 with value: 0.6101767982311472.
[I 2026-05-22 17:57:30,827] Trial 445 finished with value: 0.591280594890797 and parameters: {'WG_amp': 0.8589790646796099, 'WG_Phalf': 235.6112898923506, 'WG_k': 16.728147855434017, 'WG_c': 0.22099226188859358, 'rate_power': 1.1990824452375228}. Best is trial 417 with value: 0.6101767982311472.
[I 2026-05-22 17:57:31,119] Trial 446 finished with value: 0.6008189355065294 and parameters: {'WG_amp': 0.6256371109223096, 'WG_Phalf': 766.5378280530639, 'WG_k': 2.309955061713004, 'WG_c': 0.052479570569576875, 'rate_power': 1.13343236968967}. Best is trial 417 with value: 0.6101767982311472.
[I 2026-05-22 17:57:31,409] Trial 447 finished with value: 0.609663140163111 and parameters: {'WG_amp': 0.8823806977441183, 'WG_Phalf': 263.2182301053258, 'WG_k': 13.444652569256567, 'WG_c': 0.7125377088523117, 'rate_power': 1.1192794273645583}. Best is trial 417 with value: 0.6101767982311472.
[I 2026-05-22 17:57:31,705] Trial 448 finished with value: 0.6052073378286698 and parameters: {'WG_amp': 0.8871364406428451, 'WG_Phalf': 575.0915736585015, 'WG_k': 7.288650644322733, 'WG_c': 6.806371181743623, 'rate_power': 1.0790580807047099}. Best is trial 417 with value: 0.6101767982311472.
[I 2026-05-22 17:57:32,001] Trial 449 finished with value: 0.5928914865868071 and parameters: {'WG_amp': 0.8837877892176469, 'WG_Phalf': 114.1263172562612, 'WG_k': 52.725647031626444, 'WG_c': 0.24774021642512145, 'rate_power': 1.108287907223186}. Best is trial 417 with value: 0.6101767982311472.
[I 2026-05-22 17:57:32,308] Trial 450 finished with value: 0.5919598462270728 and parameters: {'WG_amp': 0.8362490428296147, 'WG_Phalf': 339.7175667335998, 'WG_k': 5.2815285368966896, 'WG_c': 0.13861144292432553, 'rate_power': 1.0865597695731717}. Best is trial 417 with value: 0.6101767982311472.
[I 2026-05-22 17:57:32,610] Trial 451 finished with value: 0.5920690170246693 and parameters: {'WG_amp': 0.8668138605336162, 'WG_Phalf': 219.9339055016375, 'WG_k': 3.6880345306545155, 'WG_c': 0.2312730677482699, 'rate_power': 1.1186411014323583}. Best is trial 417 with value: 0.6101767982311472.
[I 2026-05-22 17:57:32,927] Trial 452 finished with value: 0.6087022535420256 and parameters: {'WG_amp': 0.729457435822922, 'WG_Phalf': 298.01083583994097, 'WG_k': 9.521612119594542, 'WG_c': 1.0669997221523577, 'rate_power': 1.0915010437250972}. Best is trial 417 with value: 0.6101767982311472.
[I 2026-05-22 17:57:33,216] Trial 453 finished with value: 0.604780073670263 and parameters: {'WG_amp': 0.19476244233534984, 'WG_Phalf': 128.60796256873203, 'WG_k': 0.7234668735647753, 'WG_c': 0.00010944365079858024, 'rate_power': 1.0497194512460393}. Best is trial 417 with value: 0.6101767982311472.
[I 2026-05-22 17:57:33,507] Trial 454 finished with value: 0.6082414849173555 and parameters: {'WG_amp': 0.7949971697984946, 'WG_Phalf': 397.01012873352545, 'WG_k': 22.344197280605762, 'WG_c': 1.295004745811991, 'rate_power': 1.1457625439778392}. Best is trial 417 with value: 0.6101767982311472.
[I 2026-05-22 17:57:33,797] Trial 455 finished with value: 0.5971014431230693 and parameters: {'WG_amp': 0.7017119048459554, 'WG_Phalf': 276.9835069152318, 'WG_k': 71.86034532651077, 'WG_c': 0.21759812869584022, 'rate_power': 1.1932277454916942}. Best is trial 417 with value: 0.6101767982311472.
[I 2026-05-22 17:57:34,092] Trial 456 finished with value: 0.6024149537499449 and parameters: {'WG_amp': 0.35034027057499467, 'WG_Phalf': 389.1088347044244, 'WG_k': 0.05982434997344557, 'WG_c': 1.177022056823491, 'rate_power': 1.2529281125320808}. Best is trial 417 with value: 0.6101767982311472.
[I 2026-05-22 17:57:34,381] Trial 457 finished with value: 0.606573939401251 and parameters: {'WG_amp': 0.8324364938624313, 'WG_Phalf': 182.09550200320516, 'WG_k': 27.129373290488893, 'WG_c': 3.864716961995465, 'rate_power': 1.153008394518791}. Best is trial 417 with value: 0.6101767982311472.
[I 2026-05-22 17:57:34,671] Trial 458 finished with value: 0.6070209170721828 and parameters: {'WG_amp': 0.793004086872223, 'WG_Phalf': 276.0380799869045, 'WG_k': 14.96889760734176, 'WG_c': 1.6558386378590386, 'rate_power': 1.1570555534403808}. Best is trial 417 with value: 0.6101767982311472.
[I 2026-05-22 17:57:34,955] Trial 459 finished with value: 0.607351870514462 and parameters: {'WG_amp': 0.8825427303597873, 'WG_Phalf': 302.2692694266967, 'WG_k': 68.17755172370259, 'WG_c': 1.9307560172809546, 'rate_power': 1.2088649405256382}. Best is trial 417 with value: 0.6101767982311472.
[I 2026-05-22 17:57:35,244] Trial 460 finished with value: 0.6024076800919022 and parameters: {'WG_amp': 0.07730465203490128, 'WG_Phalf': 4580.818279339276, 'WG_k': 82.727148072334, 'WG_c': 0.2413767088523544, 'rate_power': 0.9908672601869916}. Best is trial 417 with value: 0.6101767982311472.
[I 2026-05-22 17:57:35,563] Trial 461 finished with value: 0.609417823328493 and parameters: {'WG_amp': 0.735373029440046, 'WG_Phalf': 192.81560059653404, 'WG_k': 25.703430844845393, 'WG_c': 0.7737433120062296, 'rate_power': 1.073203815534477}. Best is trial 417 with value: 0.6101767982311472.
[I 2026-05-22 17:57:35,853] Trial 462 finished with value: 0.6101526804262497 and parameters: {'WG_amp': 0.8975379686955257, 'WG_Phalf': 290.30700226473266, 'WG_k': 25.806410148900483, 'WG_c': 0.9668844142688672, 'rate_power': 1.2365997967494917}. Best is trial 417 with value: 0.6101767982311472.
[I 2026-05-22 17:57:36,141] Trial 463 finished with value: 0.6081960061322883 and parameters: {'WG_amp': 0.8915868675546628, 'WG_Phalf': 300.5299138148071, 'WG_k': 3.1481468208748167, 'WG_c': 1.3195807503689816, 'rate_power': 1.0939509915224706}. Best is trial 417 with value: 0.6101767982311472.
[I 2026-05-22 17:57:36,431] Trial 464 finished with value: 0.6020075773389124 and parameters: {'WG_amp': 0.8869594085540092, 'WG_Phalf': 257.3476488742458, 'WG_k': 46.89436263573622, 'WG_c': 0.46698646312922115, 'rate_power': 1.270873574924613}. Best is trial 417 with value: 0.6101767982311472.
[I 2026-05-22 17:57:36,722] Trial 465 finished with value: 0.6099374917319607 and parameters: {'WG_amp': 0.8695372074349058, 'WG_Phalf': 161.81495963048127, 'WG_k': 13.110610516118577, 'WG_c': 0.7574143828789976, 'rate_power': 1.152855629338033}. Best is trial 417 with value: 0.6101767982311472.
[I 2026-05-22 17:57:37,008] Trial 466 finished with value: 0.6098580459689388 and parameters: {'WG_amp': 0.825523520039206, 'WG_Phalf': 169.3541342738322, 'WG_k': 12.982504457507511, 'WG_c': 1.0631049353186977, 'rate_power': 1.2019759811417812}. Best is trial 417 with value: 0.6101767982311472.
[I 2026-05-22 17:57:37,295] Trial 467 finished with value: 0.605067721331617 and parameters: {'WG_amp': 0.8468385268902741, 'WG_Phalf': 143.18232370377228, 'WG_k': 5.306166602073032, 'WG_c': 0.5316639722226588, 'rate_power': 1.139810662955467}. Best is trial 417 with value: 0.6101767982311472.
[I 2026-05-22 17:57:37,578] Trial 468 finished with value: 0.6071819868575306 and parameters: {'WG_amp': 0.7031611661541947, 'WG_Phalf': 179.43451392646318, 'WG_k': 32.67815002143086, 'WG_c': 0.5672294742126576, 'rate_power': 1.1995738177106718}. Best is trial 417 with value: 0.6101767982311472.
[I 2026-05-22 17:57:37,880] Trial 469 finished with value: 0.6071884412127703 and parameters: {'WG_amp': 0.8824983793865956, 'WG_Phalf': 199.5632866706513, 'WG_k': 19.25353804066841, 'WG_c': 2.3637724549106274, 'rate_power': 1.2043105387834163}. Best is trial 417 with value: 0.6101767982311472.
[I 2026-05-22 17:57:38,167] Trial 470 finished with value: 0.606566482000411 and parameters: {'WG_amp': 0.8848001852045204, 'WG_Phalf': 227.2551473365, 'WG_k': 22.282704431430872, 'WG_c': 0.5864067163567159, 'rate_power': 1.2204957947359838}. Best is trial 417 with value: 0.6101767982311472.
[I 2026-05-22 17:57:38,456] Trial 471 finished with value: 0.606706046383842 and parameters: {'WG_amp': 0.8552955972709476, 'WG_Phalf': 109.75598921763641, 'WG_k': 5.673386762453748, 'WG_c': 2.2107958482994943, 'rate_power': 1.1569832565883607}. Best is trial 417 with value: 0.6101767982311472.
[I 2026-05-22 17:57:38,745] Trial 472 finished with value: 0.5989513254045753 and parameters: {'WG_amp': 0.09124563383605422, 'WG_Phalf': 184.86520979615307, 'WG_k': 8.02705568092895, 'WG_c': 0.015854316118678866, 'rate_power': 0.9007975187715489}. Best is trial 417 with value: 0.6101767982311472.
[I 2026-05-22 17:57:39,035] Trial 473 finished with value: 0.6038012239657286 and parameters: {'WG_amp': 0.8344795177669819, 'WG_Phalf': 186.49736117967015, 'WG_k': 21.237416602671072, 'WG_c': 1.2647942379389043, 'rate_power': 0.9627415148465824}. Best is trial 417 with value: 0.6101767982311472.
[I 2026-05-22 17:57:39,323] Trial 474 finished with value: 0.6092317841191409 and parameters: {'WG_amp': 0.7985577408474761, 'WG_Phalf': 216.31030362323784, 'WG_k': 12.865623032069498, 'WG_c': 0.8383850708523035, 'rate_power': 1.2882666023094846}. Best is trial 417 with value: 0.6101767982311472.
[I 2026-05-22 17:57:39,611] Trial 475 finished with value: 0.599233518229425 and parameters: {'WG_amp': 0.87696944279008, 'WG_Phalf': 356.7297800740674, 'WG_k': 27.825059759329054, 'WG_c': 0.2329307183299707, 'rate_power': 1.0017506535516576}. Best is trial 417 with value: 0.6101767982311472.
[I 2026-05-22 17:57:39,901] Trial 476 finished with value: 0.6082245312285175 and parameters: {'WG_amp': 0.8982903655457045, 'WG_Phalf': 494.9218556601259, 'WG_k': 11.641825590634104, 'WG_c': 1.4736360526854393, 'rate_power': 1.2904928061256502}. Best is trial 417 with value: 0.6101767982311472.
[I 2026-05-22 17:57:40,187] Trial 477 finished with value: 0.5951248057391544 and parameters: {'WG_amp': 0.8929365445663188, 'WG_Phalf': 242.80087548752064, 'WG_k': 14.814490177421677, 'WG_c': 0.28515610812230274, 'rate_power': 1.1859967114637395}. Best is trial 417 with value: 0.6101767982311472.
[I 2026-05-22 17:57:40,470] Trial 478 finished with value: 0.564572100866146 and parameters: {'WG_amp': 0.877534049409488, 'WG_Phalf': 108.91309473759348, 'WG_k': 13.80745039036335, 'WG_c': 0.056461977833910444, 'rate_power': 1.1028794834070517}. Best is trial 417 with value: 0.6101767982311472.
[I 2026-05-22 17:57:40,753] Trial 479 finished with value: 0.6071132215579166 and parameters: {'WG_amp': 0.7513615299260215, 'WG_Phalf': 278.5511803962599, 'WG_k': 49.22813160539966, 'WG_c': 2.185479963423287, 'rate_power': 1.1935201053259108}. Best is trial 417 with value: 0.6101767982311472.
[I 2026-05-22 17:57:41,037] Trial 480 finished with value: 0.6074150606711698 and parameters: {'WG_amp': 0.005353101233737945, 'WG_Phalf': 450.6759708311733, 'WG_k': 0.6216278654640565, 'WG_c': 0.0003779174059971916, 'rate_power': 1.2504330803370651}. Best is trial 417 with value: 0.6101767982311472.
[I 2026-05-22 17:57:41,320] Trial 481 finished with value: 0.6074375564315942 and parameters: {'WG_amp': 0.7893655066250671, 'WG_Phalf': 170.3880399666657, 'WG_k': 81.63094575962805, 'WG_c': 7.8831377616191665, 'rate_power': 1.2923625789953888}. Best is trial 417 with value: 0.6101767982311472.
[I 2026-05-22 17:57:41,609] Trial 482 finished with value: 0.6021496989551072 and parameters: {'WG_amp': 0.5411267328982716, 'WG_Phalf': 460.9873743091322, 'WG_k': 0.13627839499444377, 'WG_c': 0.00794573295818524, 'rate_power': 1.0344803923908272}. Best is trial 417 with value: 0.6101767982311472.
[I 2026-05-22 17:57:41,900] Trial 483 finished with value: 0.607756719113747 and parameters: {'WG_amp': 0.8617861782017908, 'WG_Phalf': 487.8378084217084, 'WG_k': 19.80502062105957, 'WG_c': 1.3220424772486241, 'rate_power': 1.1185113715124109}. Best is trial 417 with value: 0.6101767982311472.
[I 2026-05-22 17:57:42,188] Trial 484 finished with value: 0.6018814515456277 and parameters: {'WG_amp': 0.8985532999740995, 'WG_Phalf': 427.2133389905218, 'WG_k': 35.33046262229638, 'WG_c': 0.3978791358271487, 'rate_power': 1.236334808867474}. Best is trial 417 with value: 0.6101767982311472.
[I 2026-05-22 17:57:42,472] Trial 485 finished with value: 0.6102296761406969 and parameters: {'WG_amp': 0.8418072734565423, 'WG_Phalf': 129.9668742298014, 'WG_k': 9.49841512522134, 'WG_c': 0.8764661976222325, 'rate_power': 1.1728713534525752}. Best is trial 485 with value: 0.6102296761406969.
[I 2026-05-22 17:57:42,760] Trial 486 finished with value: 0.6060091405940902 and parameters: {'WG_amp': 0.8992701874666141, 'WG_Phalf': 186.48941244041555, 'WG_k': 19.24766714159424, 'WG_c': 2.6399270113681927, 'rate_power': 1.116666490738945}. Best is trial 485 with value: 0.6102296761406969.
[I 2026-05-22 17:57:43,049] Trial 487 finished with value: 0.6003058163341382 and parameters: {'WG_amp': 0.7083572339256992, 'WG_Phalf': 104.28286578374869, 'WG_k': 1.7330071789544053, 'WG_c': 0.6654112272327959, 'rate_power': 1.2000237814431016}. Best is trial 485 with value: 0.6102296761406969.
[I 2026-05-22 17:57:43,347] Trial 488 finished with value: 0.6069102811949919 and parameters: {'WG_amp': 0.7601398559311321, 'WG_Phalf': 154.4142539708721, 'WG_k': 7.972461577300198, 'WG_c': 3.7455049439705066, 'rate_power': 1.1774526451995597}. Best is trial 485 with value: 0.6102296761406969.
[I 2026-05-22 17:57:43,643] Trial 489 finished with value: 0.6014634161066266 and parameters: {'WG_amp': 0.7331523878682759, 'WG_Phalf': 105.14167552985765, 'WG_k': 6.9292750616658, 'WG_c': 0.37624507611645386, 'rate_power': 1.1568721908726196}. Best is trial 485 with value: 0.6102296761406969.
[I 2026-05-22 17:57:43,934] Trial 490 finished with value: 0.5715920875112264 and parameters: {'WG_amp': 0.8770658846261312, 'WG_Phalf': 123.5334716575879, 'WG_k': 2.713987721991319, 'WG_c': 0.10998024845665923, 'rate_power': 1.2239827269137602}. Best is trial 485 with value: 0.6102296761406969.
[I 2026-05-22 17:57:44,223] Trial 491 finished with value: 0.605660214624604 and parameters: {'WG_amp': 0.7078113025621413, 'WG_Phalf': 149.07783214273329, 'WG_k': 28.62764557341397, 'WG_c': 6.283551547729145, 'rate_power': 1.099572799101735}. Best is trial 485 with value: 0.6102296761406969.
[I 2026-05-22 17:57:44,509] Trial 492 finished with value: 0.6100910248150938 and parameters: {'WG_amp': 0.7794514071301254, 'WG_Phalf': 131.4636250823735, 'WG_k': 12.345874729431467, 'WG_c': 0.8814323372895972, 'rate_power': 1.1290236219257372}. Best is trial 485 with value: 0.6102296761406969.
[I 2026-05-22 17:57:44,964] Trial 493 finished with value: 0.6051625589010454 and parameters: {'WG_amp': 0.782453792968557, 'WG_Phalf': 117.56589315391484, 'WG_k': 16.5585374033536, 'WG_c': 1.640119260085787, 'rate_power': 1.0594599281502273}. Best is trial 485 with value: 0.6102296761406969.
[I 2026-05-22 17:57:45,479] Trial 494 finished with value: 0.5936489258674655 and parameters: {'WG_amp': 0.6916983694462341, 'WG_Phalf': 162.3854881707571, 'WG_k': 16.46651545735565, 'WG_c': 0.14052805845628738, 'rate_power': 1.0724866759619724}. Best is trial 485 with value: 0.6102296761406969.
[I 2026-05-22 17:57:45,773] Trial 495 finished with value: 0.6089090181147294 and parameters: {'WG_amp': 0.8442511616138992, 'WG_Phalf': 203.6808602739194, 'WG_k': 9.724152922083823, 'WG_c': 0.7334597394223454, 'rate_power': 1.2349583798371906}. Best is trial 485 with value: 0.6102296761406969.
[I 2026-05-22 17:57:46,134] Trial 496 finished with value: 0.6014236551893619 and parameters: {'WG_amp': 0.7785221356822811, 'WG_Phalf': 127.0228340112485, 'WG_k': 12.639824798902751, 'WG_c': 0.4131891570220183, 'rate_power': 1.2387557767222188}. Best is trial 485 with value: 0.6102296761406969.
[I 2026-05-22 17:57:46,498] Trial 497 finished with value: 0.5877886193012983 and parameters: {'WG_amp': 0.6568277159360635, 'WG_Phalf': 1869.3010935151365, 'WG_k': 0.1314671778314418, 'WG_c': 0.11842758989916746, 'rate_power': 0.7455101941860387}. Best is trial 485 with value: 0.6102296761406969.
[I 2026-05-22 17:57:46,790] Trial 498 finished with value: 0.6069283872405822 and parameters: {'WG_amp': 0.889311254350325, 'WG_Phalf': 184.6402608763956, 'WG_k': 8.619539971962782, 'WG_c': 2.446254158632739, 'rate_power': 1.1789132289447029}. Best is trial 485 with value: 0.6102296761406969.
[I 2026-05-22 17:57:47,079] Trial 499 finished with value: 0.6072516693881878 and parameters: {'WG_amp': 0.8898359085864076, 'WG_Phalf': 150.62066678627826, 'WG_k': 18.883998830888558, 'WG_c': 5.171176962779283, 'rate_power': 1.207447695178289}. Best is trial 485 with value: 0.6102296761406969.
[I 2026-05-22 17:57:47,406] Trial 500 finished with value: 0.6100086547260927 and parameters: {'WG_amp': 0.8073259341447623, 'WG_Phalf': 144.81914286401695, 'WG_k': 39.328746574078764, 'WG_c': 1.0048258878650622, 'rate_power': 1.157166381241612}. Best is trial 485 with value: 0.6102296761406969.
[I 2026-05-22 17:57:47,702] Trial 501 finished with value: 0.6086200722905767 and parameters: {'WG_amp': 0.7108895296178024, 'WG_Phalf': 180.7239207396818, 'WG_k': 80.5551882329029, 'WG_c': 1.2906746130916416, 'rate_power': 1.1921204332576438}. Best is trial 485 with value: 0.6102296761406969.
[I 2026-05-22 17:57:47,990] Trial 502 finished with value: 0.6034899388592936 and parameters: {'WG_amp': 0.20678578188577157, 'WG_Phalf': 133.46109814465433, 'WG_k': 0.017942686928682068, 'WG_c': 2.186942701687863, 'rate_power': 1.0024976059402375}. Best is trial 485 with value: 0.6102296761406969.
[I 2026-05-22 17:57:48,280] Trial 503 finished with value: 0.6070093793003166 and parameters: {'WG_amp': 0.8835531915727699, 'WG_Phalf': 159.43897494771215, 'WG_k': 14.656396339574252, 'WG_c': 0.6290986829166696, 'rate_power': 1.2370424651659153}. Best is trial 485 with value: 0.6102296761406969.
[I 2026-05-22 17:57:48,571] Trial 504 finished with value: 0.5942218661920569 and parameters: {'WG_amp': 0.4040308908240407, 'WG_Phalf': 279.9269719621298, 'WG_k': 6.4156788026480305, 'WG_c': 0.00044862080990948556, 'rate_power': 0.7591284898921128}. Best is trial 485 with value: 0.6102296761406969.
[I 2026-05-22 17:57:48,936] Trial 505 finished with value: 0.6051487891253343 and parameters: {'WG_amp': 0.852535123340107, 'WG_Phalf': 169.34854793505394, 'WG_k': 24.92660494687336, 'WG_c': 2.0372840103427388, 'rate_power': 1.0743696775203015}. Best is trial 485 with value: 0.6102296761406969.
[I 2026-05-22 17:57:49,259] Trial 506 finished with value: 0.5914842478617841 and parameters: {'WG_amp': 0.8084718774845147, 'WG_Phalf': 110.37863883121817, 'WG_k': 88.3835171455292, 'WG_c': 0.2722587268664893, 'rate_power': 1.269512883040588}. Best is trial 485 with value: 0.6102296761406969.
[I 2026-05-22 17:57:49,552] Trial 507 finished with value: 0.6021137374470035 and parameters: {'WG_amp': 0.7634317351962598, 'WG_Phalf': 190.35385313581241, 'WG_k': 13.369655052652053, 'WG_c': 0.3343697818346094, 'rate_power': 1.1269730407829726}. Best is trial 485 with value: 0.6102296761406969.
[I 2026-05-22 17:57:49,899] Trial 508 finished with value: 0.6074471210450979 and parameters: {'WG_amp': 0.6606516373548378, 'WG_Phalf': 108.10408255497538, 'WG_k': 10.331256537278236, 'WG_c': 2.7769226894788828, 'rate_power': 1.2904423181051372}. Best is trial 485 with value: 0.6102296761406969.
[I 2026-05-22 17:57:50,225] Trial 509 finished with value: 0.5923958748626711 and parameters: {'WG_amp': 0.7080930058452044, 'WG_Phalf': 111.82498275885125, 'WG_k': 33.82477615231024, 'WG_c': 0.1772834662603356, 'rate_power': 1.1548619108134672}. Best is trial 485 with value: 0.6102296761406969.
[I 2026-05-22 17:57:50,514] Trial 510 finished with value: 0.6081461443178168 and parameters: {'WG_amp': 0.7894943862734121, 'WG_Phalf': 101.60943172872052, 'WG_k': 11.513884273061146, 'WG_c': 1.3716660301867156, 'rate_power': 1.1548131887834254}. Best is trial 485 with value: 0.6102296761406969.
[I 2026-05-22 17:57:50,804] Trial 511 finished with value: 0.6066572774623076 and parameters: {'WG_amp': 0.8848487803196008, 'WG_Phalf': 146.49706590834035, 'WG_k': 16.956361468358256, 'WG_c': 0.5227176917258476, 'rate_power': 1.0598162324653941}. Best is trial 485 with value: 0.6102296761406969.
[I 2026-05-22 17:57:51,095] Trial 512 finished with value: 0.6101857747320972 and parameters: {'WG_amp': 0.8235063697997488, 'WG_Phalf': 122.3514709949711, 'WG_k': 14.7602133784468, 'WG_c': 0.9572289831604655, 'rate_power': 1.1862645704657917}. Best is trial 485 with value: 0.6102296761406969.
[I 2026-05-22 17:57:51,384] Trial 513 finished with value: 0.5846340866166652 and parameters: {'WG_amp': 0.528624599181789, 'WG_Phalf': 592.9783781956479, 'WG_k': 61.00045028357666, 'WG_c': 8.939971390977085, 'rate_power': 0.7581690171945984}. Best is trial 485 with value: 0.6102296761406969.
