[setup] targeted family=rain_ignition_shift model=ED-C2-rain_ignition_shift trials=1000
[baseline] 0.6103502735484728 {'overall': 0.6295495002593263, 'bias': 0.7070857028352947, 'rmse': 0.3790544420749578, 'seas': 0.8506061694600666, 'spatial': 0.7544105422753865} {'bona': {'overall': 0.6380885404837499, 'bias': 0.8266567561867596, 'rmse': 0.3211562360062949, 'seas': 0.7797091235325466, 'spatial': 0.7531961349838437}, 'tena': {'overall': 0.47889289658687106, 'bias': 0.6256589426778316, 'rmse': 0.2541252018733317, 'seas': 0.7283824372245481, 'spatial': 0.38540665319435186}, 'tropics': {'overall': 0.6277756025324356, 'bias': 0.7134731917453241, 'rmse': 0.395193788045546, 'seas': 0.875400942730105, 'spatial': 0.6739187128827683}, 'sh': {'overall': 0.498937513734702, 'bias': 0.6419405911472694, 'rmse': 0.28960875792486046, 'seas': 0.6009038105573065, 'spatial': 0.5296225737066459}}
/Users/adithyasrinivasan/Projects/creativity-docs/exp-workspaces/exp_04/hermes/base/scripts/search_targeted_mechanisms.py:82: ExperimentalWarning: Argument ``multivariate`` is an experimental feature. The interface can change in the future.
  sampler=optuna.samplers.TPESampler(seed=SEED,multivariate=True)
[I 2026-05-22 18:00:20,935] A new study created in memory with name: no-name-388634f3-ddd1-4664-a7e3-933972eb0aa7
[I 2026-05-22 18:00:21,268] Trial 0 finished with value: 0.6023892157766694 and parameters: {'rain_shift': 0.0, 'ign_k': 0.8146117322506592, 'rate_power': 1.0}. Best is trial 0 with value: 0.6023892157766694.
[I 2026-05-22 18:00:21,634] Trial 1 finished with value: 0.5736533115529906 and parameters: {'rain_shift': 2.2420617998962666, 'ign_k': 0.14740034757376155, 'rate_power': 1.2864166916877293}. Best is trial 0 with value: 0.6023892157766694.
[I 2026-05-22 18:00:21,992] Trial 2 finished with value: 0.5282080019391743 and parameters: {'rain_shift': 9.929373666331415, 'ign_k': 2.9391141559629843, 'rate_power': 1.0428853227825619}. Best is trial 0 with value: 0.6023892157766694.
[I 2026-05-22 18:00:22,361] Trial 3 finished with value: 0.5596800488752202 and parameters: {'rain_shift': 5.996069991854979, 'ign_k': 0.07984675794060518, 'rate_power': 1.18601423907922}. Best is trial 0 with value: 0.6023892157766694.
[I 2026-05-22 18:00:22,720] Trial 4 finished with value: 0.576378323215906 and parameters: {'rain_shift': 2.3186410511836906, 'ign_k': 2.891980277650163, 'rate_power': 1.0315792738167218}. Best is trial 0 with value: 0.6023892157766694.
[I 2026-05-22 18:00:23,087] Trial 5 finished with value: 0.5707370043717211 and parameters: {'rain_shift': 4.387682921901029, 'ign_k': 0.07139323477374723, 'rate_power': 0.9630177070659328}. Best is trial 0 with value: 0.6023892157766694.
[I 2026-05-22 18:00:23,449] Trial 6 finished with value: 0.5363275947600632 and parameters: {'rain_shift': 8.728442451106014, 'ign_k': 0.2692686030827091, 'rate_power': 1.145959147029285}. Best is trial 0 with value: 0.6023892157766694.
[I 2026-05-22 18:00:23,816] Trial 7 finished with value: 0.5803932516703463 and parameters: {'rain_shift': 2.183452972919725, 'ign_k': 1.769983579298736, 'rate_power': 1.0315701630748217}. Best is trial 0 with value: 0.6023892157766694.
[I 2026-05-22 18:00:24,183] Trial 8 finished with value: 0.5917144310749872 and parameters: {'rain_shift': 1.936829982363506, 'ign_k': 0.2929235927849602, 'rate_power': 1.1526448496400323}. Best is trial 0 with value: 0.6023892157766694.
[I 2026-05-22 18:00:24,540] Trial 9 finished with value: 0.5600300763696746 and parameters: {'rain_shift': 4.646210097566942, 'ign_k': 0.15942845968173824, 'rate_power': 1.2293250540941274}. Best is trial 0 with value: 0.6023892157766694.
[I 2026-05-22 18:00:24,901] Trial 10 finished with value: 0.5615387329112423 and parameters: {'rain_shift': 5.530965743434137, 'ign_k': 0.5697967022572828, 'rate_power': 0.8471189351474959}. Best is trial 0 with value: 0.6023892157766694.
[I 2026-05-22 18:00:25,260] Trial 11 finished with value: 0.5861897116887843 and parameters: {'rain_shift': 0.4445775036495456, 'ign_k': 0.20132451821669245, 'rate_power': 1.0770628846678332}. Best is trial 0 with value: 0.6023892157766694.
[I 2026-05-22 18:00:25,612] Trial 12 finished with value: 0.605303004327658 and parameters: {'rain_shift': 1.261758762702328, 'ign_k': 0.4216487439589186, 'rate_power': 0.8026103631974442}. Best is trial 12 with value: 0.605303004327658.
[I 2026-05-22 18:00:25,978] Trial 13 finished with value: 0.5972819416285248 and parameters: {'rain_shift': 0.7516941714580326, 'ign_k': 0.5655856211491116, 'rate_power': 0.7274401948895046}. Best is trial 12 with value: 0.605303004327658.
[I 2026-05-22 18:00:26,342] Trial 14 finished with value: 0.6089177082115899 and parameters: {'rain_shift': 1.4571292361379473, 'ign_k': 0.6572514957658351, 'rate_power': 0.9180822483938171}. Best is trial 14 with value: 0.6089177082115899.
[I 2026-05-22 18:00:26,699] Trial 15 finished with value: 0.5970416340147756 and parameters: {'rain_shift': 2.375933843997111, 'ign_k': 0.269179640068411, 'rate_power': 0.8293608135910493}. Best is trial 14 with value: 0.6089177082115899.
[I 2026-05-22 18:00:27,057] Trial 16 finished with value: 0.5678332941523923 and parameters: {'rain_shift': 0.11630399691661886, 'ign_k': 0.08068176458776048, 'rate_power': 0.8384552927291055}. Best is trial 14 with value: 0.6089177082115899.
[I 2026-05-22 18:00:27,414] Trial 17 finished with value: 0.5705985661890226 and parameters: {'rain_shift': 6.053917100642918, 'ign_k': 0.07430399557368805, 'rate_power': 0.7220818534391193}. Best is trial 14 with value: 0.6089177082115899.
[I 2026-05-22 18:00:27,779] Trial 18 finished with value: 0.5663358461247552 and parameters: {'rain_shift': 4.3388521651235115, 'ign_k': 0.34387107458494576, 'rate_power': 1.0304939387040293}. Best is trial 14 with value: 0.6089177082115899.
[I 2026-05-22 18:00:28,149] Trial 19 finished with value: 0.5815999257316287 and parameters: {'rain_shift': 2.9714427426451424, 'ign_k': 1.8401709966755726, 'rate_power': 0.7595552156106478}. Best is trial 14 with value: 0.6089177082115899.
[I 2026-05-22 18:00:28,502] Trial 20 finished with value: 0.5951569343300628 and parameters: {'rain_shift': 0.2112407414996027, 'ign_k': 1.9515074632150444, 'rate_power': 0.7868188082482165}. Best is trial 14 with value: 0.6089177082115899.
[I 2026-05-22 18:00:28,862] Trial 21 finished with value: 0.6054395549252057 and parameters: {'rain_shift': 0.11817720870834529, 'ign_k': 0.9213167214439014, 'rate_power': 1.0178789003109256}. Best is trial 14 with value: 0.6089177082115899.
[I 2026-05-22 18:00:29,222] Trial 22 finished with value: 0.6000634887693721 and parameters: {'rain_shift': 1.9831733615909555, 'ign_k': 0.3221910979595924, 'rate_power': 0.9198928940406403}. Best is trial 14 with value: 0.6089177082115899.
[I 2026-05-22 18:00:29,578] Trial 23 finished with value: 0.6079222377024748 and parameters: {'rain_shift': 1.430515486350113, 'ign_k': 0.7536343687204382, 'rate_power': 0.8807648850073246}. Best is trial 14 with value: 0.6089177082115899.
[I 2026-05-22 18:00:29,930] Trial 24 finished with value: 0.5614081735635477 and parameters: {'rain_shift': 4.2188189945143435, 'ign_k': 0.8730232542788149, 'rate_power': 0.9466902449334037}. Best is trial 14 with value: 0.6089177082115899.
[I 2026-05-22 18:00:30,290] Trial 25 finished with value: 0.6024406850311961 and parameters: {'rain_shift': 0.810027532401458, 'ign_k': 1.4852129568795505, 'rate_power': 1.192694559494784}. Best is trial 14 with value: 0.6089177082115899.
[I 2026-05-22 18:00:30,648] Trial 26 finished with value: 0.6054078292182739 and parameters: {'rain_shift': 0.9584093020865163, 'ign_k': 1.0386744776163084, 'rate_power': 0.8778961306257802}. Best is trial 14 with value: 0.6089177082115899.
[I 2026-05-22 18:00:31,009] Trial 27 finished with value: 0.5883717037504993 and parameters: {'rain_shift': 2.1114316553415815, 'ign_k': 0.7649638180577426, 'rate_power': 1.0474212092137347}. Best is trial 14 with value: 0.6089177082115899.
[I 2026-05-22 18:00:31,368] Trial 28 finished with value: 0.5893222674358918 and parameters: {'rain_shift': 2.4327588421653177, 'ign_k': 0.7096639437275057, 'rate_power': 0.9348981245592635}. Best is trial 14 with value: 0.6089177082115899.
[I 2026-05-22 18:00:31,726] Trial 29 finished with value: 0.6084020829339605 and parameters: {'rain_shift': 1.124396157038222, 'ign_k': 0.6730819593905104, 'rate_power': 1.015973920118625}. Best is trial 14 with value: 0.6089177082115899.
[I 2026-05-22 18:00:32,085] Trial 30 finished with value: 0.5987459745862254 and parameters: {'rain_shift': 0.11155336097998014, 'ign_k': 0.5510386302016269, 'rate_power': 0.9681184723517022}. Best is trial 14 with value: 0.6089177082115899.
[I 2026-05-22 18:00:32,451] Trial 31 finished with value: 0.6058176053674831 and parameters: {'rain_shift': 0.714924113016724, 'ign_k': 1.3459893281867787, 'rate_power': 1.010834933236157}. Best is trial 14 with value: 0.6089177082115899.
[I 2026-05-22 18:00:32,810] Trial 32 finished with value: 0.5417903840879135 and parameters: {'rain_shift': 9.144477186314008, 'ign_k': 1.0386088143779633, 'rate_power': 0.8373186071344346}. Best is trial 14 with value: 0.6089177082115899.
[I 2026-05-22 18:00:33,165] Trial 33 finished with value: 0.6046998820129408 and parameters: {'rain_shift': 1.3240747168479474, 'ign_k': 0.856525694627419, 'rate_power': 0.9838651119451747}. Best is trial 14 with value: 0.6089177082115899.
[I 2026-05-22 18:00:33,516] Trial 34 finished with value: 0.5490337581132589 and parameters: {'rain_shift': 4.148723442769973, 'ign_k': 1.496177234678034, 'rate_power': 1.250853373315041}. Best is trial 14 with value: 0.6089177082115899.
[I 2026-05-22 18:00:33,870] Trial 35 finished with value: 0.5678307286810204 and parameters: {'rain_shift': 0.4508852456862593, 'ign_k': 0.055849441732476156, 'rate_power': 1.1841038074535808}. Best is trial 14 with value: 0.6089177082115899.
[I 2026-05-22 18:00:34,223] Trial 36 finished with value: 0.6032610517351004 and parameters: {'rain_shift': 0.8790314731796733, 'ign_k': 1.8348094780506425, 'rate_power': 0.9260349439440363}. Best is trial 14 with value: 0.6089177082115899.
[I 2026-05-22 18:00:34,577] Trial 37 finished with value: 0.5984186856577435 and parameters: {'rain_shift': 2.3008050582054467, 'ign_k': 0.5802085282018953, 'rate_power': 0.8816470787045695}. Best is trial 14 with value: 0.6089177082115899.
[I 2026-05-22 18:00:34,928] Trial 38 finished with value: 0.6020005887885691 and parameters: {'rain_shift': 0.003610686996688317, 'ign_k': 2.708226039943374, 'rate_power': 1.0141997945703711}. Best is trial 14 with value: 0.6089177082115899.
[I 2026-05-22 18:00:35,286] Trial 39 finished with value: 0.5817266675910364 and parameters: {'rain_shift': 2.2758265768887083, 'ign_k': 0.8633279248246355, 'rate_power': 1.0813517514363506}. Best is trial 14 with value: 0.6089177082115899.
[I 2026-05-22 18:00:35,651] Trial 40 finished with value: 0.5705958807936315 and parameters: {'rain_shift': 9.577673578775487, 'ign_k': 0.09623923709744361, 'rate_power': 0.7297966672290488}. Best is trial 14 with value: 0.6089177082115899.
[I 2026-05-22 18:00:36,016] Trial 41 finished with value: 0.6079006605292608 and parameters: {'rain_shift': 0.28873253848855396, 'ign_k': 1.0905600867202454, 'rate_power': 1.0809146455602394}. Best is trial 14 with value: 0.6089177082115899.
[I 2026-05-22 18:00:36,379] Trial 42 finished with value: 0.6067672227987368 and parameters: {'rain_shift': 0.29942524729996356, 'ign_k': 0.5079883759196636, 'rate_power': 1.1785855958372946}. Best is trial 14 with value: 0.6089177082115899.
[I 2026-05-22 18:00:36,736] Trial 43 finished with value: 0.6079652386953603 and parameters: {'rain_shift': 0.4600348267209971, 'ign_k': 0.6129573404577935, 'rate_power': 1.242579391917253}. Best is trial 14 with value: 0.6089177082115899.
[I 2026-05-22 18:00:37,096] Trial 44 finished with value: 0.5946697356400968 and parameters: {'rain_shift': 1.331104549973162, 'ign_k': 0.3425832583199709, 'rate_power': 1.2750442788065484}. Best is trial 14 with value: 0.6089177082115899.
[I 2026-05-22 18:00:37,460] Trial 45 finished with value: 0.6076246798018017 and parameters: {'rain_shift': 0.24637252221695488, 'ign_k': 0.6098158566176061, 'rate_power': 1.2772741463266717}. Best is trial 14 with value: 0.6089177082115899.
[I 2026-05-22 18:00:37,818] Trial 46 finished with value: 0.6066986673268405 and parameters: {'rain_shift': 0.12558784078408633, 'ign_k': 0.9535653118661757, 'rate_power': 1.066859097222678}. Best is trial 14 with value: 0.6089177082115899.
[I 2026-05-22 18:00:38,177] Trial 47 finished with value: 0.604987387779706 and parameters: {'rain_shift': 1.0170327708417553, 'ign_k': 0.38485326575366907, 'rate_power': 0.9919983119823758}. Best is trial 14 with value: 0.6089177082115899.
[I 2026-05-22 18:00:38,550] Trial 48 finished with value: 0.6069953509071576 and parameters: {'rain_shift': 0.08600314666491296, 'ign_k': 0.6461848581784878, 'rate_power': 1.1458449857778517}. Best is trial 14 with value: 0.6089177082115899.
[I 2026-05-22 18:00:38,902] Trial 49 finished with value: 0.5379691353060679 and parameters: {'rain_shift': 6.639478862281155, 'ign_k': 1.364290385969382, 'rate_power': 1.110739296945427}. Best is trial 14 with value: 0.6089177082115899.
[I 2026-05-22 18:00:39,268] Trial 50 finished with value: 0.5892681751785457 and parameters: {'rain_shift': 1.9649888993407116, 'ign_k': 0.5242038030515034, 'rate_power': 1.1896308864527945}. Best is trial 14 with value: 0.6089177082115899.
[I 2026-05-22 18:00:39,621] Trial 51 finished with value: 0.5611828964435521 and parameters: {'rain_shift': 7.0732080100252865, 'ign_k': 0.15415351342603956, 'rate_power': 0.9508216205477051}. Best is trial 14 with value: 0.6089177082115899.
[I 2026-05-22 18:00:39,980] Trial 52 finished with value: 0.604524005084591 and parameters: {'rain_shift': 0.8074424888183502, 'ign_k': 0.532536527055656, 'rate_power': 1.2953645314818596}. Best is trial 14 with value: 0.6089177082115899.
[I 2026-05-22 18:00:40,342] Trial 53 finished with value: 0.6077020523198632 and parameters: {'rain_shift': 0.23204188832634828, 'ign_k': 1.052045878807847, 'rate_power': 1.2252190487175152}. Best is trial 14 with value: 0.6089177082115899.
[I 2026-05-22 18:00:40,699] Trial 54 finished with value: 0.6059658845931404 and parameters: {'rain_shift': 0.021719137505916475, 'ign_k': 1.7498520380234546, 'rate_power': 1.1872579616811436}. Best is trial 14 with value: 0.6089177082115899.
[I 2026-05-22 18:00:41,063] Trial 55 finished with value: 0.5360603379684131 and parameters: {'rain_shift': 9.650417910063794, 'ign_k': 0.45240192960080233, 'rate_power': 1.0222209376442062}. Best is trial 14 with value: 0.6089177082115899.
[I 2026-05-22 18:00:41,417] Trial 56 finished with value: 0.5576456868999821 and parameters: {'rain_shift': 7.978560736254483, 'ign_k': 0.060002962921418705, 'rate_power': 1.148724971336425}. Best is trial 14 with value: 0.6089177082115899.
[I 2026-05-22 18:00:41,781] Trial 57 finished with value: 0.5858850004686504 and parameters: {'rain_shift': 0.007969098156045629, 'ign_k': 0.4970407467489143, 'rate_power': 0.8577162703776969}. Best is trial 14 with value: 0.6089177082115899.
[I 2026-05-22 18:00:42,140] Trial 58 finished with value: 0.5849301422091884 and parameters: {'rain_shift': 1.8382991425760993, 'ign_k': 1.2332296146860304, 'rate_power': 1.1484618030558265}. Best is trial 14 with value: 0.6089177082115899.
[I 2026-05-22 18:00:42,502] Trial 59 finished with value: 0.6036214023967502 and parameters: {'rain_shift': 0.2825880610239823, 'ign_k': 2.640198654369555, 'rate_power': 1.2860671182463503}. Best is trial 14 with value: 0.6089177082115899.
[I 2026-05-22 18:00:42,867] Trial 60 finished with value: 0.6069096317306796 and parameters: {'rain_shift': 0.2818215527040837, 'ign_k': 0.9146061980457367, 'rate_power': 1.2770869305697259}. Best is trial 14 with value: 0.6089177082115899.
[I 2026-05-22 18:00:43,221] Trial 61 finished with value: 0.5932362537951034 and parameters: {'rain_shift': 1.3619592474858904, 'ign_k': 0.9499747474916956, 'rate_power': 1.2445827896934327}. Best is trial 14 with value: 0.6089177082115899.
[I 2026-05-22 18:00:43,577] Trial 62 finished with value: 0.5296532124675295 and parameters: {'rain_shift': 7.8507578561835, 'ign_k': 1.3196792167991647, 'rate_power': 1.2926005320641667}. Best is trial 14 with value: 0.6089177082115899.
[I 2026-05-22 18:00:43,934] Trial 63 finished with value: 0.6084572677081397 and parameters: {'rain_shift': 0.33926914659969143, 'ign_k': 0.6577129725986638, 'rate_power': 1.224756304507539}. Best is trial 14 with value: 0.6089177082115899.
[I 2026-05-22 18:00:44,290] Trial 64 finished with value: 0.6069162332200541 and parameters: {'rain_shift': 0.045037063374523234, 'ign_k': 1.1334171469312804, 'rate_power': 1.1404213627165358}. Best is trial 14 with value: 0.6089177082115899.
[I 2026-05-22 18:00:44,645] Trial 65 finished with value: 0.5983672589282683 and parameters: {'rain_shift': 2.0608377485639178, 'ign_k': 0.8872946891639218, 'rate_power': 0.8401446827332337}. Best is trial 14 with value: 0.6089177082115899.
[I 2026-05-22 18:00:45,002] Trial 66 finished with value: 0.6078941838104092 and parameters: {'rain_shift': 0.4088126422637277, 'ign_k': 0.7563112999615983, 'rate_power': 1.2179624367174278}. Best is trial 14 with value: 0.6089177082115899.
[I 2026-05-22 18:00:45,360] Trial 67 finished with value: 0.6041583210641421 and parameters: {'rain_shift': 0.2671367359046152, 'ign_k': 0.48480456003028616, 'rate_power': 1.0746756867996492}. Best is trial 14 with value: 0.6089177082115899.
[I 2026-05-22 18:00:45,718] Trial 68 finished with value: 0.5717741182462435 and parameters: {'rain_shift': 3.0971828347468087, 'ign_k': 0.4885492937084147, 'rate_power': 1.1598307876704932}. Best is trial 14 with value: 0.6089177082115899.
[I 2026-05-22 18:00:46,085] Trial 69 finished with value: 0.5352417021443739 and parameters: {'rain_shift': 8.255324423430189, 'ign_k': 0.14475257498190583, 'rate_power': 1.2876149914378678}. Best is trial 14 with value: 0.6089177082115899.
[I 2026-05-22 18:00:46,439] Trial 70 finished with value: 0.5854117443241387 and parameters: {'rain_shift': 3.580199094093526, 'ign_k': 0.7005544344683103, 'rate_power': 0.7250195598820122}. Best is trial 14 with value: 0.6089177082115899.
[I 2026-05-22 18:00:46,803] Trial 71 finished with value: 0.6057398995638855 and parameters: {'rain_shift': 0.6184667665665107, 'ign_k': 0.9974767962987652, 'rate_power': 1.1960472723258664}. Best is trial 14 with value: 0.6089177082115899.
[I 2026-05-22 18:00:47,168] Trial 72 finished with value: 0.594101303460938 and parameters: {'rain_shift': 1.4242790765146753, 'ign_k': 0.721890788380128, 'rate_power': 1.2440797164296378}. Best is trial 14 with value: 0.6089177082115899.
[I 2026-05-22 18:00:47,540] Trial 73 finished with value: 0.5937688514472192 and parameters: {'rain_shift': 0.24309604935938037, 'ign_k': 0.29817667423708977, 'rate_power': 1.252603302409185}. Best is trial 14 with value: 0.6089177082115899.
[I 2026-05-22 18:00:47,898] Trial 74 finished with value: 0.6035446498506797 and parameters: {'rain_shift': 0.9304490886031827, 'ign_k': 0.7748738461054858, 'rate_power': 1.1933132480658617}. Best is trial 14 with value: 0.6089177082115899.
[I 2026-05-22 18:00:48,254] Trial 75 finished with value: 0.6030878453060381 and parameters: {'rain_shift': 1.68096388631762, 'ign_k': 0.7156935045859307, 'rate_power': 0.9482689279573779}. Best is trial 14 with value: 0.6089177082115899.
[I 2026-05-22 18:00:48,621] Trial 76 finished with value: 0.6052253903534316 and parameters: {'rain_shift': 0.5021288699304085, 'ign_k': 1.1120385887037092, 'rate_power': 1.2516751683383023}. Best is trial 14 with value: 0.6089177082115899.
[I 2026-05-22 18:00:48,987] Trial 77 finished with value: 0.5940625491891056 and parameters: {'rain_shift': 2.06660482757251, 'ign_k': 0.6306014524004379, 'rate_power': 1.0181715134002989}. Best is trial 14 with value: 0.6089177082115899.
[I 2026-05-22 18:00:49,340] Trial 78 finished with value: 0.6032284427979985 and parameters: {'rain_shift': 0.2266844442402408, 'ign_k': 0.4326306424472633, 'rate_power': 1.214352080679029}. Best is trial 14 with value: 0.6089177082115899.
[I 2026-05-22 18:00:49,700] Trial 79 finished with value: 0.5718351063551671 and parameters: {'rain_shift': 3.2037508889456356, 'ign_k': 1.062987159729695, 'rate_power': 0.9435704680555412}. Best is trial 14 with value: 0.6089177082115899.
[I 2026-05-22 18:00:50,063] Trial 80 finished with value: 0.6080820022325046 and parameters: {'rain_shift': 0.24007975897307743, 'ign_k': 0.8260399511075147, 'rate_power': 1.1692315121658952}. Best is trial 14 with value: 0.6089177082115899.
[I 2026-05-22 18:00:50,428] Trial 81 finished with value: 0.6069727794680487 and parameters: {'rain_shift': 0.07184280176380117, 'ign_k': 0.6048663875286034, 'rate_power': 1.2258957360093505}. Best is trial 14 with value: 0.6089177082115899.
[I 2026-05-22 18:00:50,794] Trial 82 finished with value: 0.606893902529621 and parameters: {'rain_shift': 0.8616970215612093, 'ign_k': 0.7735292751153535, 'rate_power': 1.1231832117301064}. Best is trial 14 with value: 0.6089177082115899.
[I 2026-05-22 18:00:51,162] Trial 83 finished with value: 0.5611061279706687 and parameters: {'rain_shift': 3.0005898330651686, 'ign_k': 1.1295235429680979, 'rate_power': 1.282853783769641}. Best is trial 14 with value: 0.6089177082115899.
[I 2026-05-22 18:00:51,524] Trial 84 finished with value: 0.5923255965988341 and parameters: {'rain_shift': 1.5813633462430525, 'ign_k': 1.1699867241849573, 'rate_power': 1.116514451297768}. Best is trial 14 with value: 0.6089177082115899.
[I 2026-05-22 18:00:51,881] Trial 85 finished with value: 0.6074864533141192 and parameters: {'rain_shift': 0.8794516236872421, 'ign_k': 0.8055016546370449, 'rate_power': 0.8684219883205296}. Best is trial 14 with value: 0.6089177082115899.
