[I 2026-05-22 17:33:21,453] Trial 135 finished with value: 0.5280251410788247 and parameters: {'k1': 0.028313113092025055, 'D_low': 1.2494270344584653, 'k2': 9.257598240996956e-05, 'D_high': 210.83144325364648, 'fire_exp': 0.8885187837179802, 'P_half': 150.19629175913337, 'pre_dampen_half': 22.91252874501599, 'gpp_af': 4.87493626724188, 'gpp_b': 2.4556352151702572e-06, 'gpp_d': 10.319522829423391, 'ign_k': 2.1759063628171655, 'ign_c': 2.580956714688682, 'P_wet_supp': 2474.5109853659765, 'P_wet_pow': 1.6289828222110778, 'P_half2': 331.71229095381136, 'P_floor_pow': 1.6288780554072317}. Best is trial 57 with value: 0.5851463522670068.
[I 2026-05-22 17:33:21,995] Trial 136 finished with value: 0.5396361201866468 and parameters: {'k1': 0.01647559023300061, 'D_low': 3.085213770752933, 'k2': 0.011822894988269026, 'D_high': 4006.4787441289236, 'fire_exp': 0.6683257111446457, 'P_half': 13.175155558071435, 'pre_dampen_half': 1.0363313636001104, 'gpp_af': 0.2690866605919038, 'gpp_b': 0.0001586335529239915, 'gpp_d': 4.053165450266802, 'ign_k': 0.3025375646467676, 'ign_c': 0.20707910505854737, 'P_wet_supp': 892.6322541281684, 'P_wet_pow': 0.7970971296130765, 'P_half2': 0.7607378687817243, 'P_floor_pow': 0.719455454207826}. Best is trial 57 with value: 0.5851463522670068.
[I 2026-05-22 17:33:22,538] Trial 137 finished with value: 0.4830242318740674 and parameters: {'k1': 0.00013785492160470919, 'D_low': 5.503343437102151, 'k2': 0.05532296213471362, 'D_high': 19380.465959375062, 'fire_exp': 0.683226025238441, 'P_half': 1.232369206681053, 'pre_dampen_half': 0.06780658532074606, 'gpp_af': 0.00983379595605645, 'gpp_b': 0.00014055186495772108, 'gpp_d': 119.8796780947188, 'ign_k': 8.674270194940483, 'ign_c': 5.036718686529377, 'P_wet_supp': 7833.445509280277, 'P_wet_pow': 4.102332993964132, 'P_half2': 1344.8795505086346, 'P_floor_pow': 0.7988147434174275}. Best is trial 57 with value: 0.5851463522670068.
[I 2026-05-22 17:33:23,083] Trial 138 finished with value: 0.545254929379202 and parameters: {'k1': 0.0015588154437032396, 'D_low': 3.16060577437932, 'k2': 0.00021733928299361394, 'D_high': 8865.252957129018, 'fire_exp': 0.372763262965213, 'P_half': 1.1306851641462452, 'pre_dampen_half': 0.029489600729275173, 'gpp_af': 0.40010154479972454, 'gpp_b': 0.0011389417640255766, 'gpp_d': 829.1472261918776, 'ign_k': 2.260767146257927, 'ign_c': 3.172944168283104, 'P_wet_supp': 4330.478729566942, 'P_wet_pow': 4.185447737610856, 'P_half2': 202.9003795912629, 'P_floor_pow': 0.6497866340074089}. Best is trial 57 with value: 0.5851463522670068.
[I 2026-05-22 17:33:23,634] Trial 139 finished with value: 0.5396278141807455 and parameters: {'k1': 0.002293872877738246, 'D_low': 54.832105764429045, 'k2': 6.316025976632051e-05, 'D_high': 23632.947299132305, 'fire_exp': 0.8076972584541215, 'P_half': 9.02651309667291, 'pre_dampen_half': 26.766290635836707, 'gpp_af': 54.20608250697409, 'gpp_b': 0.000703512449611904, 'gpp_d': 579.8117773119834, 'ign_k': 0.12052276876667391, 'ign_c': 4.491887266033093, 'P_wet_supp': 9954.796550888239, 'P_wet_pow': 1.8717741731700577, 'P_half2': 29.80589369584541, 'P_floor_pow': 0.21667213267532537}. Best is trial 57 with value: 0.5851463522670068.
[I 2026-05-22 17:33:24,181] Trial 140 finished with value: 0.49818901232416873 and parameters: {'k1': 0.0080458622059099, 'D_low': 8.991721635092846, 'k2': 0.003071093813732747, 'D_high': 2781.8048578725343, 'fire_exp': 1.078010911884822, 'P_half': 0.7076343747498619, 'pre_dampen_half': 14.66937346452936, 'gpp_af': 2.0174938580919926, 'gpp_b': 1.009340322980467e-05, 'gpp_d': 17.51607047656752, 'ign_k': 1.6443997802668802, 'ign_c': 9.260488110432558, 'P_wet_supp': 386.3424184931692, 'P_wet_pow': 2.3713438204861075, 'P_half2': 204.3645118356483, 'P_floor_pow': 0.38525975159409515}. Best is trial 57 with value: 0.5851463522670068.
[I 2026-05-22 17:33:24,728] Trial 141 finished with value: 0.3994490055432051 and parameters: {'k1': 0.018768984151131866, 'D_low': 5.265757075961122, 'k2': 0.09015283578455678, 'D_high': 3018.8301197916962, 'fire_exp': 0.41989396173052407, 'P_half': 8.555847829381586, 'pre_dampen_half': 3.7769433536333348, 'gpp_af': 0.1340635487492119, 'gpp_b': 0.0005755671758285053, 'gpp_d': 679.8460479747866, 'ign_k': 1.3867919400273945, 'ign_c': 86.40016568696818, 'P_wet_supp': 353.711747672686, 'P_wet_pow': 0.11083075242230483, 'P_half2': 7.497096854572903, 'P_floor_pow': 1.0272307480397873}. Best is trial 57 with value: 0.5851463522670068.
[I 2026-05-22 17:33:25,276] Trial 142 finished with value: 0.5378011291119068 and parameters: {'k1': 0.026185171617288967, 'D_low': 4.3036619706950745, 'k2': 0.008367895315549307, 'D_high': 66960.2184264995, 'fire_exp': 0.42845966057430623, 'P_half': 1.6965091800948877, 'pre_dampen_half': 0.015380331113303017, 'gpp_af': 0.0558639483349045, 'gpp_b': 2.3847488932059146e-06, 'gpp_d': 22.83914875413346, 'ign_k': 3.5021120512730164, 'ign_c': 3.7707379732036395, 'P_wet_supp': 5998.531213776044, 'P_wet_pow': 4.8289152075283575, 'P_half2': 222.54166024831304, 'P_floor_pow': 1.4232919451932444}. Best is trial 57 with value: 0.5851463522670068.
[I 2026-05-22 17:33:25,824] Trial 143 finished with value: 0.4733836256408984 and parameters: {'k1': 0.0032637037484983863, 'D_low': 457.937753008511, 'k2': 0.06721433857363088, 'D_high': 166.72512719630637, 'fire_exp': 0.5463037877128474, 'P_half': 3.469936484222574, 'pre_dampen_half': 495.4315522361432, 'gpp_af': 0.01839034069981786, 'gpp_b': 0.0031999454984438782, 'gpp_d': 2.2892687290459866, 'ign_k': 1.2359338060506764, 'ign_c': 17.236189974094252, 'P_wet_supp': 413.83212850320814, 'P_wet_pow': 0.23651450890170217, 'P_half2': 4.26376362354622, 'P_floor_pow': 0.6707485535274571}. Best is trial 57 with value: 0.5851463522670068.
[I 2026-05-22 17:33:26,373] Trial 144 finished with value: 0.5169711277242839 and parameters: {'k1': 0.06464945035914463, 'D_low': 2.1980822310805417, 'k2': 0.0021370723118877433, 'D_high': 1134.617262269177, 'fire_exp': 0.532872744323228, 'P_half': 224.90189146207442, 'pre_dampen_half': 3.5331073257041163, 'gpp_af': 8.05921930250631, 'gpp_b': 0.00013043779242863772, 'gpp_d': 3.1247667418910288, 'ign_k': 0.13737529703942358, 'ign_c': 28.6491992342167, 'P_wet_supp': 8112.692188185718, 'P_wet_pow': 1.8409200749683434, 'P_half2': 210.04587618183567, 'P_floor_pow': 1.029351781662944}. Best is trial 57 with value: 0.5851463522670068.
[I 2026-05-22 17:33:26,923] Trial 145 finished with value: 0.38918522543235384 and parameters: {'k1': 0.023478046877490402, 'D_low': 18.364563416629185, 'k2': 0.007444767581899622, 'D_high': 2522.406772307142, 'fire_exp': 0.37440404154953905, 'P_half': 0.892054413285679, 'pre_dampen_half': 1.0677880467965621, 'gpp_af': 0.28323738923554576, 'gpp_b': 8.42705377192553e-06, 'gpp_d': 126.5858363235826, 'ign_k': 9.050018208845922, 'ign_c': 36.84129414758216, 'P_wet_supp': 1176.3729714290396, 'P_wet_pow': 2.6684071992461913, 'P_half2': 15.313233900955185, 'P_floor_pow': 1.03397477895892}. Best is trial 57 with value: 0.5851463522670068.
[I 2026-05-22 17:33:27,471] Trial 146 finished with value: 0.5321262608334761 and parameters: {'k1': 0.07049122700675262, 'D_low': 23.945966878540453, 'k2': 8.840173160143667e-05, 'D_high': 76.90013595139446, 'fire_exp': 0.5838937417546479, 'P_half': 4927.1529241548815, 'pre_dampen_half': 571.8633363942408, 'gpp_af': 40.239498339149684, 'gpp_b': 0.00015128841393458525, 'gpp_d': 82.92976719653792, 'ign_k': 0.23721244872387534, 'ign_c': 4.054946321680512, 'P_wet_supp': 2990.4411024797105, 'P_wet_pow': 2.353744941406133, 'P_half2': 1.0042461643094693, 'P_floor_pow': 1.1748147010505847}. Best is trial 57 with value: 0.5851463522670068.
[I 2026-05-22 17:33:28,016] Trial 147 finished with value: 0.4794590156905894 and parameters: {'k1': 0.04822729459776522, 'D_low': 1.2663496300746169, 'k2': 0.0026872846610996692, 'D_high': 25461.38916780834, 'fire_exp': 0.6167104421713742, 'P_half': 0.2811786064548744, 'pre_dampen_half': 0.27024660912859105, 'gpp_af': 0.028424329236964904, 'gpp_b': 0.14894907586054187, 'gpp_d': 340.5312450965802, 'ign_k': 2.7579951234122153, 'ign_c': 13.721229281842206, 'P_wet_supp': 5219.216355859688, 'P_wet_pow': 4.027879303419435, 'P_half2': 33.98504655403392, 'P_floor_pow': 0.6418484521295653}. Best is trial 57 with value: 0.5851463522670068.
[I 2026-05-22 17:33:28,556] Trial 148 finished with value: 0.4972889134388866 and parameters: {'k1': 0.07686358847167458, 'D_low': 2.5505160306966554, 'k2': 0.0007631032730745223, 'D_high': 28581.8975685081, 'fire_exp': 1.010326944503362, 'P_half': 0.13999441161292486, 'pre_dampen_half': 0.01568080093911824, 'gpp_af': 0.008874678926031353, 'gpp_b': 6.987243972360282e-06, 'gpp_d': 7.776810626593505, 'ign_k': 6.784477106909193, 'ign_c': 2.3930082208577423, 'P_wet_supp': 1420.7664592957547, 'P_wet_pow': 3.5834797990672707, 'P_half2': 812.4604499755357, 'P_floor_pow': 0.3670674971082877}. Best is trial 57 with value: 0.5851463522670068.
[I 2026-05-22 17:33:29,100] Trial 149 finished with value: 0.4772584387828393 and parameters: {'k1': 0.0008921757744037395, 'D_low': 2.3232619980805533, 'k2': 0.01674422004327269, 'D_high': 1191.9814060552935, 'fire_exp': 0.907205421681832, 'P_half': 0.13726159931129445, 'pre_dampen_half': 0.013181146587038919, 'gpp_af': 0.43296679813582867, 'gpp_b': 8.83665407873476e-06, 'gpp_d': 251.30777038713973, 'ign_k': 6.54293548469399, 'ign_c': 3.6618490085809112, 'P_wet_supp': 1346.508959811141, 'P_wet_pow': 4.763268681485699, 'P_half2': 223.69544522420594, 'P_floor_pow': 0.24632918756466526}. Best is trial 57 with value: 0.5851463522670068.
[I 2026-05-22 17:33:29,646] Trial 150 finished with value: 0.5267951385904418 and parameters: {'k1': 0.006020820395085713, 'D_low': 1.1330726502463238, 'k2': 0.0017440154431385814, 'D_high': 88124.66777781941, 'fire_exp': 0.3678757183231136, 'P_half': 0.7584033884648615, 'pre_dampen_half': 0.7283680200375732, 'gpp_af': 0.041459494159805044, 'gpp_b': 6.364920588031211e-06, 'gpp_d': 2.7177889430723376, 'ign_k': 9.729589630915301, 'ign_c': 2.3293320949089575, 'P_wet_supp': 199.15691173628989, 'P_wet_pow': 3.8430496699186074, 'P_half2': 0.4691510364993086, 'P_floor_pow': 0.14057277253622547}. Best is trial 57 with value: 0.5851463522670068.
[I 2026-05-22 17:33:30,192] Trial 151 finished with value: 0.5620913881305095 and parameters: {'k1': 0.08730894887518441, 'D_low': 9.648612498182622, 'k2': 9.33550370048217e-05, 'D_high': 10164.73702890657, 'fire_exp': 0.5224687725523904, 'P_half': 392.89333212786005, 'pre_dampen_half': 2.26042633850441, 'gpp_af': 1.1819557127570124, 'gpp_b': 2.840847702799245e-06, 'gpp_d': 14.789946313857659, 'ign_k': 0.11371565928860274, 'ign_c': 6.090113546555215, 'P_wet_supp': 8834.401887134884, 'P_wet_pow': 1.3453259009943954, 'P_half2': 42.73889696722291, 'P_floor_pow': 0.7938593239049319}. Best is trial 57 with value: 0.5851463522670068.
[I 2026-05-22 17:33:30,735] Trial 152 finished with value: 0.45384742840626313 and parameters: {'k1': 0.03112957917548153, 'D_low': 1.9439153878328594, 'k2': 8.372132077257301e-05, 'D_high': 3446.716228453364, 'fire_exp': 0.9167099993158514, 'P_half': 660.9425390114969, 'pre_dampen_half': 0.137763938490048, 'gpp_af': 8.62598717923326, 'gpp_b': 4.459313788028889e-06, 'gpp_d': 0.6136598366666752, 'ign_k': 0.012050224010045272, 'ign_c': 1.1235734770266734, 'P_wet_supp': 8912.042962487474, 'P_wet_pow': 2.037767948088779, 'P_half2': 63.509547800906944, 'P_floor_pow': 0.972008173327783}. Best is trial 57 with value: 0.5851463522670068.
[I 2026-05-22 17:33:31,282] Trial 153 finished with value: 0.5153664901082816 and parameters: {'k1': 0.0767271302562241, 'D_low': 39.89851713571348, 'k2': 5.950229059991466e-05, 'D_high': 88151.23102903397, 'fire_exp': 0.8499870242206268, 'P_half': 194.57396136010408, 'pre_dampen_half': 0.3926843484531719, 'gpp_af': 1.3991029445102963, 'gpp_b': 1.0029872227221686e-06, 'gpp_d': 76.39934433594108, 'ign_k': 0.21593628096479603, 'ign_c': 20.36380917943117, 'P_wet_supp': 9863.0395187869, 'P_wet_pow': 0.9314633538383954, 'P_half2': 112.05314805022147, 'P_floor_pow': 2.5262049631754113}. Best is trial 57 with value: 0.5851463522670068.
[I 2026-05-22 17:33:31,828] Trial 154 finished with value: 0.4615110705663007 and parameters: {'k1': 0.0158001594586498, 'D_low': 1070.484225032346, 'k2': 0.04508998837967717, 'D_high': 3189.510076739973, 'fire_exp': 0.7181258965922401, 'P_half': 40.027001905558, 'pre_dampen_half': 5.588751460034775, 'gpp_af': 0.4354235794897856, 'gpp_b': 0.0019613349090133935, 'gpp_d': 15.593060395368125, 'ign_k': 0.09536535300443179, 'ign_c': 16.190696883449668, 'P_wet_supp': 1754.2368642005297, 'P_wet_pow': 0.3520077520037466, 'P_half2': 2.5026192872004414, 'P_floor_pow': 1.0015651424933447}. Best is trial 57 with value: 0.5851463522670068.
[I 2026-05-22 17:33:32,375] Trial 155 finished with value: 0.5394930238973831 and parameters: {'k1': 0.009663539531509195, 'D_low': 274.02717448827883, 'k2': 0.008708485582670497, 'D_high': 1608.5018313878488, 'fire_exp': 0.515473723452026, 'P_half': 0.8014851435316114, 'pre_dampen_half': 75.54372122578272, 'gpp_af': 0.26096121134642425, 'gpp_b': 1.4924847316339716e-05, 'gpp_d': 8.334021051529584, 'ign_k': 1.0279753317368123, 'ign_c': 3.101594234987929, 'P_wet_supp': 3389.21805887152, 'P_wet_pow': 0.9986349313962307, 'P_half2': 27.002637766128114, 'P_floor_pow': 0.15927137389795082}. Best is trial 57 with value: 0.5851463522670068.
[I 2026-05-22 17:33:32,920] Trial 156 finished with value: 0.49115240957160006 and parameters: {'k1': 9.414932017649352e-05, 'D_low': 1.0076707575453963, 'k2': 0.005132086375461469, 'D_high': 20198.441845909627, 'fire_exp': 0.7167949300851907, 'P_half': 0.19681472614791345, 'pre_dampen_half': 0.023246735145066394, 'gpp_af': 0.506660481298846, 'gpp_b': 0.0032260082609564087, 'gpp_d': 23.851952826873166, 'ign_k': 7.496489197689378, 'ign_c': 13.582703287850434, 'P_wet_supp': 1279.984203268966, 'P_wet_pow': 4.467850246162631, 'P_half2': 16.13271261397183, 'P_floor_pow': 1.6070667676042862}. Best is trial 57 with value: 0.5851463522670068.
[I 2026-05-22 17:33:33,463] Trial 157 finished with value: 0.5160454227578836 and parameters: {'k1': 0.027971081989662968, 'D_low': 8.857622238657852, 'k2': 0.0007472747568911648, 'D_high': 31605.065321121016, 'fire_exp': 0.6656570606466916, 'P_half': 0.12360730317589812, 'pre_dampen_half': 2.8630016308263437, 'gpp_af': 1.5749297249953236, 'gpp_b': 2.0126171337759866e-06, 'gpp_d': 58.96459210821219, 'ign_k': 0.8916870147417897, 'ign_c': 8.20905928080839, 'P_wet_supp': 996.2981113801587, 'P_wet_pow': 2.143294767663102, 'P_half2': 691.7781346585095, 'P_floor_pow': 1.5842980829691302}. Best is trial 57 with value: 0.5851463522670068.
[I 2026-05-22 17:33:34,005] Trial 158 finished with value: 0.5285487825621453 and parameters: {'k1': 0.01705424440899895, 'D_low': 77.94778521443033, 'k2': 9.310513949458896e-05, 'D_high': 83092.4175467102, 'fire_exp': 0.5760567386461959, 'P_half': 0.34541401480494016, 'pre_dampen_half': 0.18564886154610183, 'gpp_af': 24.26590012771165, 'gpp_b': 0.007260451018207551, 'gpp_d': 53.527949551154684, 'ign_k': 1.2896495039989246, 'ign_c': 0.9593665707198848, 'P_wet_supp': 1039.7471555066686, 'P_wet_pow': 4.18750309281285, 'P_half2': 62.68968267352596, 'P_floor_pow': 3.3545668302803464}. Best is trial 57 with value: 0.5851463522670068.
[I 2026-05-22 17:33:34,547] Trial 159 finished with value: 0.5669532658722501 and parameters: {'k1': 0.04052544371882105, 'D_low': 4.014362106416915, 'k2': 0.001069435844073455, 'D_high': 3330.0950652845972, 'fire_exp': 0.40508484400001077, 'P_half': 334.26426269400326, 'pre_dampen_half': 0.6122598079279984, 'gpp_af': 1.4799108055314052, 'gpp_b': 0.0002240623598925818, 'gpp_d': 13.75861345203031, 'ign_k': 0.4378559768761028, 'ign_c': 0.2447532942116406, 'P_wet_supp': 7283.738101749461, 'P_wet_pow': 2.472074022521666, 'P_half2': 2.595511710147147, 'P_floor_pow': 1.4349044269024382}. Best is trial 57 with value: 0.5851463522670068.
[I 2026-05-22 17:33:35,094] Trial 160 finished with value: 0.5447254560876652 and parameters: {'k1': 0.059900721634679584, 'D_low': 10.882267275554778, 'k2': 0.0032910288899657045, 'D_high': 21014.231172874253, 'fire_exp': 0.5496180524990955, 'P_half': 480.59259503251326, 'pre_dampen_half': 0.45356762404376116, 'gpp_af': 14.810509203371051, 'gpp_b': 0.007047940438049869, 'gpp_d': 25.233157834062833, 'ign_k': 0.31892186269652806, 'ign_c': 0.4767978095372539, 'P_wet_supp': 1350.224745715603, 'P_wet_pow': 2.538452206645172, 'P_half2': 4.357028084436345, 'P_floor_pow': 1.955629263937213}. Best is trial 57 with value: 0.5851463522670068.
[I 2026-05-22 17:33:35,648] Trial 161 finished with value: 0.5611446108434889 and parameters: {'k1': 0.012341932061526803, 'D_low': 11.568499302101118, 'k2': 0.00012849111423855536, 'D_high': 16052.558133303988, 'fire_exp': 0.8296342855459563, 'P_half': 375.18051109098866, 'pre_dampen_half': 4.0624992279544685, 'gpp_af': 0.21764414163554469, 'gpp_b': 5.276453850765961e-06, 'gpp_d': 65.10136455746985, 'ign_k': 0.6082175700137893, 'ign_c': 0.28220495570781956, 'P_wet_supp': 3661.3698896856326, 'P_wet_pow': 1.065411114774579, 'P_half2': 50.87039961207764, 'P_floor_pow': 0.590294964629018}. Best is trial 57 with value: 0.5851463522670068.
[I 2026-05-22 17:33:36,199] Trial 162 finished with value: 0.4727167542266171 and parameters: {'k1': 0.0026886927496976767, 'D_low': 5.076282239684949, 'k2': 3.0464257122550158e-05, 'D_high': 1214.1101085965877, 'fire_exp': 1.2793535772974678, 'P_half': 122.90392101138204, 'pre_dampen_half': 0.23313317683187504, 'gpp_af': 0.00810709596850735, 'gpp_b': 3.910425747706633e-06, 'gpp_d': 27.87503207130877, 'ign_k': 0.4492792530253418, 'ign_c': 0.16211694467847457, 'P_wet_supp': 2076.3826434165685, 'P_wet_pow': 0.960118518343476, 'P_half2': 57.70282809443882, 'P_floor_pow': 0.9051572598679047}. Best is trial 57 with value: 0.5851463522670068.
[I 2026-05-22 17:33:36,744] Trial 163 finished with value: 0.5393439945713971 and parameters: {'k1': 0.07782056306034638, 'D_low': 2.081247967347661, 'k2': 0.003585045011786324, 'D_high': 801.3062696352646, 'fire_exp': 0.7431290205887545, 'P_half': 5.083993347338301, 'pre_dampen_half': 10.129998724386184, 'gpp_af': 0.18856634611772474, 'gpp_b': 8.251399050484394e-06, 'gpp_d': 43.573044417847164, 'ign_k': 0.12489074892915217, 'ign_c': 0.5077467056846335, 'P_wet_supp': 5202.357732004468, 'P_wet_pow': 0.3482156492696491, 'P_half2': 121.33565871214158, 'P_floor_pow': 2.6424460106465992}. Best is trial 57 with value: 0.5851463522670068.
[I 2026-05-22 17:33:37,295] Trial 164 finished with value: 0.5532840978468708 and parameters: {'k1': 0.007679956097861885, 'D_low': 16.923924802826512, 'k2': 0.00019734219698185388, 'D_high': 31871.316183335683, 'fire_exp': 0.45971965009542415, 'P_half': 1796.077152014588, 'pre_dampen_half': 10.828000322833327, 'gpp_af': 1.7483763789349356, 'gpp_b': 5.791363464549665e-05, 'gpp_d': 258.6513532250138, 'ign_k': 0.14535958012829334, 'ign_c': 0.3428352362411456, 'P_wet_supp': 7805.425336504957, 'P_wet_pow': 1.8408042396239368, 'P_half2': 40.24167165019789, 'P_floor_pow': 0.35155555851483355}. Best is trial 57 with value: 0.5851463522670068.
[I 2026-05-22 17:33:37,846] Trial 165 finished with value: 0.5399018064148674 and parameters: {'k1': 0.033401047681530946, 'D_low': 2.734393309240212, 'k2': 7.786379828630537e-05, 'D_high': 24833.382928667805, 'fire_exp': 0.4849378776973752, 'P_half': 2589.7840348154605, 'pre_dampen_half': 7.8056302121761165, 'gpp_af': 2.75515483239988, 'gpp_b': 2.413244188836467e-06, 'gpp_d': 5.267876137532578, 'ign_k': 0.1208670900615877, 'ign_c': 3.646533335243858, 'P_wet_supp': 4036.4161650516953, 'P_wet_pow': 0.7710227896693181, 'P_half2': 2.063502387381768, 'P_floor_pow': 2.491524539577589}. Best is trial 57 with value: 0.5851463522670068.
[I 2026-05-22 17:33:38,397] Trial 166 finished with value: 0.47754614739633605 and parameters: {'k1': 0.01205554154790892, 'D_low': 3.1714635079290754, 'k2': 0.0017776561508271096, 'D_high': 1135.5468268907412, 'fire_exp': 1.2503050733672814, 'P_half': 434.99121327472466, 'pre_dampen_half': 0.11404477562155514, 'gpp_af': 0.6137459136922802, 'gpp_b': 0.0003192384553636697, 'gpp_d': 53.62250823776599, 'ign_k': 0.09766622807925748, 'ign_c': 1.2798985468580986, 'P_wet_supp': 7993.8892319424185, 'P_wet_pow': 1.9983930685086542, 'P_half2': 31.593444602548605, 'P_floor_pow': 1.4451287970070248}. Best is trial 57 with value: 0.5851463522670068.
[I 2026-05-22 17:33:38,947] Trial 167 finished with value: 0.486502756962249 and parameters: {'k1': 0.027087323795573222, 'D_low': 41.21827777681281, 'k2': 0.00045339158875225754, 'D_high': 1048.2639479475342, 'fire_exp': 0.4197588088442154, 'P_half': 1144.0076814431627, 'pre_dampen_half': 1.1387374131901642, 'gpp_af': 0.10923338277708451, 'gpp_b': 3.139501719059471e-06, 'gpp_d': 51.90895974797913, 'ign_k': 6.415711674851953, 'ign_c': 0.1946472637870924, 'P_wet_supp': 4697.059699841393, 'P_wet_pow': 0.35659442973699274, 'P_half2': 1718.4081027062946, 'P_floor_pow': 1.274847036185617}. Best is trial 57 with value: 0.5851463522670068.
[I 2026-05-22 17:33:39,498] Trial 168 finished with value: 0.39974912648271155 and parameters: {'k1': 0.0012307175421711132, 'D_low': 987.0443234997739, 'k2': 0.0006403941587019383, 'D_high': 1793.2640040180406, 'fire_exp': 0.4181357730443351, 'P_half': 4.936731398601634, 'pre_dampen_half': 4.595335674448331, 'gpp_af': 0.8133298195478402, 'gpp_b': 2.723858952446856e-05, 'gpp_d': 946.7323796175176, 'ign_k': 3.4667009804832385, 'ign_c': 38.81898533135266, 'P_wet_supp': 2701.013195827786, 'P_wet_pow': 2.092744580239375, 'P_half2': 1018.4862577792251, 'P_floor_pow': 0.4577581949129267}. Best is trial 57 with value: 0.5851463522670068.
