[I 2026-05-22 18:00:02,389] Trial 957 finished with value: 0.6059984672410168 and parameters: {'WG_amp': 0.7459114377571534, 'WG_Phalf': 233.58722748994836, 'WG_k': 76.7609175773178, 'WG_c': 1.367359148064454, 'rate_power': 1.0544383627827434}. Best is trial 877 with value: 0.6104607256224537.
[I 2026-05-22 18:00:02,681] Trial 958 finished with value: 0.6071749268407284 and parameters: {'WG_amp': 0.8992199899329234, 'WG_Phalf': 137.48071077380615, 'WG_k': 34.36222778386683, 'WG_c': 7.164761074475104, 'rate_power': 1.2025164910717174}. Best is trial 877 with value: 0.6104607256224537.
[I 2026-05-22 18:00:02,969] Trial 959 finished with value: 0.607444498241025 and parameters: {'WG_amp': 0.8673615924866565, 'WG_Phalf': 261.0994313953872, 'WG_k': 13.389931645482799, 'WG_c': 2.265143695937324, 'rate_power': 1.2906509117962521}. Best is trial 877 with value: 0.6104607256224537.
[I 2026-05-22 18:00:03,259] Trial 960 finished with value: 0.6066667345749964 and parameters: {'WG_amp': 0.8111082739020927, 'WG_Phalf': 199.4181464784822, 'WG_k': 49.70792196008342, 'WG_c': 1.810455238495268, 'rate_power': 1.1466215892508373}. Best is trial 877 with value: 0.6104607256224537.
[I 2026-05-22 18:00:03,545] Trial 961 finished with value: 0.6085267660423902 and parameters: {'WG_amp': 0.8743560417721841, 'WG_Phalf': 275.30704009607075, 'WG_k': 15.585730541352937, 'WG_c': 1.347455289098692, 'rate_power': 1.1874481521695543}. Best is trial 877 with value: 0.6104607256224537.
[I 2026-05-22 18:00:03,836] Trial 962 finished with value: 0.5911328699498115 and parameters: {'WG_amp': 0.8557283204424384, 'WG_Phalf': 145.59819773760938, 'WG_k': 86.81538885661612, 'WG_c': 0.19602583443031205, 'rate_power': 1.100553696376808}. Best is trial 877 with value: 0.6104607256224537.
[I 2026-05-22 18:00:04,127] Trial 963 finished with value: 0.6012820273676647 and parameters: {'WG_amp': 0.28530208990418154, 'WG_Phalf': 384.5607525181433, 'WG_k': 93.88166247826204, 'WG_c': 0.0005782701705330964, 'rate_power': 1.0066495717685329}. Best is trial 877 with value: 0.6104607256224537.
[I 2026-05-22 18:00:04,418] Trial 964 finished with value: 0.6065544221620176 and parameters: {'WG_amp': 0.8845903909922622, 'WG_Phalf': 181.9178807508061, 'WG_k': 83.48099020221846, 'WG_c': 3.905608004465154, 'rate_power': 1.1512172842442674}. Best is trial 877 with value: 0.6104607256224537.
[I 2026-05-22 18:00:04,711] Trial 965 finished with value: 0.6071637573458035 and parameters: {'WG_amp': 0.8829284497502836, 'WG_Phalf': 108.02274173539752, 'WG_k': 64.03043298795717, 'WG_c': 1.9596512298731514, 'rate_power': 1.1898943624727871}. Best is trial 877 with value: 0.6104607256224537.
[I 2026-05-22 18:00:04,996] Trial 966 finished with value: 0.5952700773958122 and parameters: {'WG_amp': 0.7761232422479981, 'WG_Phalf': 117.4696059044478, 'WG_k': 0.47030941772655865, 'WG_c': 0.04337745717935614, 'rate_power': 1.0055249388382583}. Best is trial 877 with value: 0.6104607256224537.
[I 2026-05-22 18:00:05,286] Trial 967 finished with value: 0.6101003350406418 and parameters: {'WG_amp': 0.8955389575447693, 'WG_Phalf': 304.38151375579787, 'WG_k': 14.554685648509087, 'WG_c': 0.922096794409459, 'rate_power': 1.1423503943750006}. Best is trial 877 with value: 0.6104607256224537.
[I 2026-05-22 18:00:05,576] Trial 968 finished with value: 0.6052277513324188 and parameters: {'WG_amp': 0.8936262721204298, 'WG_Phalf': 368.3443139575137, 'WG_k': 46.142198245900985, 'WG_c': 2.0365607259939598, 'rate_power': 1.0779267152098813}. Best is trial 877 with value: 0.6104607256224537.
[I 2026-05-22 18:00:05,865] Trial 969 finished with value: 0.5960786650309347 and parameters: {'WG_amp': 0.8041550057490017, 'WG_Phalf': 297.9706314351664, 'WG_k': 33.28740303593757, 'WG_c': 0.22435669855912588, 'rate_power': 1.1553131632075506}. Best is trial 877 with value: 0.6104607256224537.
[I 2026-05-22 18:00:06,157] Trial 970 finished with value: 0.5928844427122905 and parameters: {'WG_amp': 0.8785519826927112, 'WG_Phalf': 283.29573470169305, 'WG_k': 1.5622317137056754, 'WG_c': 0.36925205811897605, 'rate_power': 1.1763082691021838}. Best is trial 877 with value: 0.6104607256224537.
[I 2026-05-22 18:00:06,446] Trial 971 finished with value: 0.6097947118219704 and parameters: {'WG_amp': 0.8863734422284864, 'WG_Phalf': 283.56114893111095, 'WG_k': 25.707241803761864, 'WG_c': 0.9832222983186325, 'rate_power': 1.1085557249129219}. Best is trial 877 with value: 0.6104607256224537.
[I 2026-05-22 18:00:06,738] Trial 972 finished with value: 0.6057283352420857 and parameters: {'WG_amp': 0.1355597946701556, 'WG_Phalf': 103.39253940314224, 'WG_k': 0.475586291378957, 'WG_c': 0.00023972227789854247, 'rate_power': 1.2412078034496536}. Best is trial 877 with value: 0.6104607256224537.
[I 2026-05-22 18:00:07,029] Trial 973 finished with value: 0.6047418653543383 and parameters: {'WG_amp': 0.8665995883173562, 'WG_Phalf': 346.70689095575364, 'WG_k': 24.42979190501088, 'WG_c': 0.41447587915240275, 'rate_power': 1.0859631257735742}. Best is trial 877 with value: 0.6104607256224537.
[I 2026-05-22 18:00:07,321] Trial 974 finished with value: 0.6089725936222782 and parameters: {'WG_amp': 0.8442772514519853, 'WG_Phalf': 250.04873907838493, 'WG_k': 99.93360736760917, 'WG_c': 0.6894268328572452, 'rate_power': 1.0820866575451953}. Best is trial 877 with value: 0.6104607256224537.
[I 2026-05-22 18:00:07,612] Trial 975 finished with value: 0.5999352182480525 and parameters: {'WG_amp': 0.8242842465765532, 'WG_Phalf': 249.49579027485703, 'WG_k': 9.073207371054776, 'WG_c': 0.31607559388286766, 'rate_power': 1.1370024057117525}. Best is trial 877 with value: 0.6104607256224537.
[I 2026-05-22 18:00:07,903] Trial 976 finished with value: 0.6064878845723317 and parameters: {'WG_amp': 0.5379161658147438, 'WG_Phalf': 108.15603733835523, 'WG_k': 17.247397822563432, 'WG_c': 4.400309613896307, 'rate_power': 1.1464220690944111}. Best is trial 877 with value: 0.6104607256224537.
[I 2026-05-22 18:00:08,190] Trial 977 finished with value: 0.6085109940403426 and parameters: {'WG_amp': 0.8835282150432655, 'WG_Phalf': 192.80879889310808, 'WG_k': 10.51847034970691, 'WG_c': 1.0593289993423702, 'rate_power': 1.037266494647657}. Best is trial 877 with value: 0.6104607256224537.
[I 2026-05-22 18:00:08,481] Trial 978 finished with value: 0.5795583539858574 and parameters: {'WG_amp': 0.7152852008109458, 'WG_Phalf': 243.15768119228537, 'WG_k': 13.53395759508102, 'WG_c': 0.029575209786016993, 'rate_power': 1.1382674572908351}. Best is trial 877 with value: 0.6104607256224537.
[I 2026-05-22 18:00:08,771] Trial 979 finished with value: 0.605856629998328 and parameters: {'WG_amp': 0.8569637362909109, 'WG_Phalf': 204.46341358789456, 'WG_k': 26.192390710609956, 'WG_c': 8.769640886119348, 'rate_power': 1.1090996039853223}. Best is trial 877 with value: 0.6104607256224537.
[I 2026-05-22 18:00:09,055] Trial 980 finished with value: 0.5987049749081604 and parameters: {'WG_amp': 0.8932221885537924, 'WG_Phalf': 211.0923182246258, 'WG_k': 11.373944422384122, 'WG_c': 0.33382451302870614, 'rate_power': 1.1452282608851425}. Best is trial 877 with value: 0.6104607256224537.
[I 2026-05-22 18:00:09,347] Trial 981 finished with value: 0.5912553287741183 and parameters: {'WG_amp': 0.8202120078496438, 'WG_Phalf': 245.29927484518757, 'WG_k': 16.135885966305796, 'WG_c': 0.12680155056667025, 'rate_power': 1.0162279812838417}. Best is trial 877 with value: 0.6104607256224537.
[I 2026-05-22 18:00:09,633] Trial 982 finished with value: 0.6095409563604989 and parameters: {'WG_amp': 0.840212418865654, 'WG_Phalf': 238.53594585562908, 'WG_k': 6.96296493212205, 'WG_c': 1.116369540112521, 'rate_power': 1.1564827407640828}. Best is trial 877 with value: 0.6104607256224537.
[I 2026-05-22 18:00:09,917] Trial 983 finished with value: 0.6044586154743083 and parameters: {'WG_amp': 0.8975932121837585, 'WG_Phalf': 126.5048464640015, 'WG_k': 60.47628423357971, 'WG_c': 3.0674713862081675, 'rate_power': 1.0532892126718894}. Best is trial 877 with value: 0.6104607256224537.
[I 2026-05-22 18:00:10,203] Trial 984 finished with value: 0.6093845415341985 and parameters: {'WG_amp': 0.7862011169778419, 'WG_Phalf': 222.73920173762275, 'WG_k': 7.90010471391457, 'WG_c': 1.0449698887167909, 'rate_power': 1.1227448874729882}. Best is trial 877 with value: 0.6104607256224537.
[I 2026-05-22 18:00:10,494] Trial 985 finished with value: 0.5991947901297479 and parameters: {'WG_amp': 0.5511144504936851, 'WG_Phalf': 522.2679751868673, 'WG_k': 0.07539190043480523, 'WG_c': 0.020613057218034126, 'rate_power': 1.2220893068878738}. Best is trial 877 with value: 0.6104607256224537.
[I 2026-05-22 18:00:10,786] Trial 986 finished with value: 0.6100120387747258 and parameters: {'WG_amp': 0.8588476179347054, 'WG_Phalf': 140.8319040980762, 'WG_k': 45.368321112236856, 'WG_c': 0.9581711016225972, 'rate_power': 1.105018665915296}. Best is trial 877 with value: 0.6104607256224537.
[I 2026-05-22 18:00:11,080] Trial 987 finished with value: 0.6063194149217909 and parameters: {'WG_amp': 0.8338454455784495, 'WG_Phalf': 129.4331120985844, 'WG_k': 65.28926659517766, 'WG_c': 0.5454611421908399, 'rate_power': 1.1353564298343952}. Best is trial 877 with value: 0.6104607256224537.
[I 2026-05-22 18:00:11,376] Trial 988 finished with value: 0.6094042799811134 and parameters: {'WG_amp': 0.8954758089456407, 'WG_Phalf': 304.32581612683725, 'WG_k': 7.333463820044331, 'WG_c': 1.114432888033758, 'rate_power': 1.126001774967376}. Best is trial 877 with value: 0.6104607256224537.
[I 2026-05-22 18:00:11,668] Trial 989 finished with value: 0.6072362169049419 and parameters: {'WG_amp': 0.8988544265354079, 'WG_Phalf': 118.19604302801223, 'WG_k': 6.36800320771964, 'WG_c': 2.176167305624179, 'rate_power': 1.2007919234062219}. Best is trial 877 with value: 0.6104607256224537.
[I 2026-05-22 18:00:11,959] Trial 990 finished with value: 0.6046627150368585 and parameters: {'WG_amp': 0.8977551344128915, 'WG_Phalf': 124.70295425857594, 'WG_k': 24.358971032016296, 'WG_c': 2.657814286619097, 'rate_power': 1.0595572286464077}. Best is trial 877 with value: 0.6104607256224537.
[I 2026-05-22 18:00:12,251] Trial 991 finished with value: 0.6098699545936384 and parameters: {'WG_amp': 0.8804535709534075, 'WG_Phalf': 167.0614237158905, 'WG_k': 19.720644807996514, 'WG_c': 0.8981926664115494, 'rate_power': 1.0746344325012298}. Best is trial 877 with value: 0.6104607256224537.
[I 2026-05-22 18:00:12,540] Trial 992 finished with value: 0.6050512916529414 and parameters: {'WG_amp': 0.8946684821438315, 'WG_Phalf': 184.09676876168427, 'WG_k': 40.08144841726381, 'WG_c': 0.459741719769737, 'rate_power': 1.0425158108807493}. Best is trial 877 with value: 0.6104607256224537.
[I 2026-05-22 18:00:12,869] Trial 993 finished with value: 0.6055415282159491 and parameters: {'WG_amp': 0.8885973579985739, 'WG_Phalf': 103.84640571682868, 'WG_k': 71.13407781782935, 'WG_c': 1.6658912799426346, 'rate_power': 1.0760226554978016}. Best is trial 877 with value: 0.6104607256224537.
[I 2026-05-22 18:00:13,223] Trial 994 finished with value: 0.6093449727613997 and parameters: {'WG_amp': 0.8996947419383344, 'WG_Phalf': 212.55309316608222, 'WG_k': 46.930264068430425, 'WG_c': 1.2201981434223896, 'rate_power': 1.2259420789958744}. Best is trial 877 with value: 0.6104607256224537.
[I 2026-05-22 18:00:13,530] Trial 995 finished with value: 0.6082106740057808 and parameters: {'WG_amp': 0.8956566442863002, 'WG_Phalf': 258.3684211853961, 'WG_k': 81.06394182675334, 'WG_c': 0.6422120548231584, 'rate_power': 1.1430410365569406}. Best is trial 877 with value: 0.6104607256224537.
[I 2026-05-22 18:00:13,818] Trial 996 finished with value: 0.6006017731024161 and parameters: {'WG_amp': 0.8350121859833342, 'WG_Phalf': 356.95935712342583, 'WG_k': 71.57004408759875, 'WG_c': 0.2992480750302651, 'rate_power': 1.1449054071486435}. Best is trial 877 with value: 0.6104607256224537.
[I 2026-05-22 18:00:14,109] Trial 997 finished with value: 0.6059866861857869 and parameters: {'WG_amp': 0.8542392852309437, 'WG_Phalf': 113.23441483987949, 'WG_k': 18.40591019891439, 'WG_c': 1.7558536618552052, 'rate_power': 1.1009912978092267}. Best is trial 877 with value: 0.6104607256224537.
[I 2026-05-22 18:00:14,397] Trial 998 finished with value: 0.5842146262516147 and parameters: {'WG_amp': 0.2514686623281279, 'WG_Phalf': 3513.4039983804373, 'WG_k': 0.012327187842587043, 'WG_c': 0.021626006666388673, 'rate_power': 0.7438934255381314}. Best is trial 877 with value: 0.6104607256224537.
[I 2026-05-22 18:00:14,690] Trial 999 finished with value: 0.6043557176880741 and parameters: {'WG_amp': 0.8801313135348104, 'WG_Phalf': 435.7319621054207, 'WG_k': 17.542962022878307, 'WG_c': 0.48182385190180416, 'rate_power': 1.2575143748901718}. Best is trial 877 with value: 0.6104607256224537.
[best] 0.6104607256224537 {'overall': 0.6318292937678752, 'bias': 0.7159983387567392, 'rmse': 0.38321809285193664, 'seas': 0.8539259796097578, 'spatial': 0.7386169197801424} {'bona': {'overall': 0.633081163609483, 'bias': 0.8493327869456075, 'rmse': 0.3416513993076227, 'seas': 0.7811310404743316, 'spatial': 0.6353875686761052}, 'tena': {'overall': 0.5122398798231592, 'bias': 0.6754572382329922, 'rmse': 0.2739757893427926, 'seas': 0.7333700688302133, 'spatial': 0.4412031549571721}, 'tropics': {'overall': 0.6294732004593083, 'bias': 0.7160768043793078, 'rmse': 0.3970006636689782, 'seas': 0.8759370782691166, 'spatial': 0.6747471883901616}, 'sh': {'overall': 0.5379517488187454, 'bias': 0.6822653982879723, 'rmse': 0.3030767982810196, 'seas': 0.6466580280200137, 'spatial': 0.610368071754475}} {'WG_amp': 0.8961189908975622, 'WG_Phalf': 115.2577724439232, 'WG_k': 23.547110749210646, 'WG_c': 0.9263679918657868, 'rate_power': 1.1420412669916542}
[write] /Users/adithyasrinivasan/Projects/creativity-docs/exp-workspaces/exp_04/hermes/base/models/research/ED-C2-wet_gpp_amp/params.json
[write] /Users/adithyasrinivasan/Projects/creativity-docs/exp-workspaces/exp_04/hermes/base/ilamb/MODELS/ED-C2-wet_gpp_amp/burntArea.nc
