[I 2026-05-22 17:39:24,236] Trial 287 finished with value: 0.5002818222466668 and parameters: {'k1': 0.0012514757702081364, 'D_low': 1.8143744348353201, 'k2': 0.004233263067228046, 'D_high': 97.63074974431123, 'fire_exp': 1.0694024622016982, 'P_half': 3.5644489324814432, 'pre_dampen_half': 657.3144044701104, 'gpp_af': 10.542870410064786, 'gpp_b': 0.0035980620406769618, 'gpp_d': 732.9765266172187, 'ign_k': 2.0943909191398835, 'ign_c': 1.1738750658819306, 'ign_k2': 4.368041734814482, 'ign_c2': 0.14503678319912736, 'rain_shift': 7.598402611840204}. Best is trial 0 with value: 0.5948382818560959.
[I 2026-05-22 17:39:24,780] Trial 288 finished with value: 0.5705262141039107 and parameters: {'k1': 0.0329145042353862, 'D_low': 2.8831969047420594, 'k2': 0.00928834430713651, 'D_high': 2428.7687656211665, 'fire_exp': 0.5348768513963686, 'P_half': 10.285536191909536, 'pre_dampen_half': 2.50583733772848, 'gpp_af': 0.02338650430179715, 'gpp_b': 1.5275126883803022e-06, 'gpp_d': 4.044691792494914, 'ign_k': 1.0094835338859116, 'ign_c': 11.014916322674337, 'ign_k2': 0.16257494874482442, 'ign_c2': 0.22185550991191022, 'rain_shift': 19.685114865920163}. Best is trial 0 with value: 0.5948382818560959.
[I 2026-05-22 17:39:25,325] Trial 289 finished with value: 0.5269848034092278 and parameters: {'k1': 0.00025816556339715, 'D_low': 6.613072245636448, 'k2': 0.0033815134365674637, 'D_high': 17240.186075425005, 'fire_exp': 0.4367529076423793, 'P_half': 0.6445192384756782, 'pre_dampen_half': 25.619125394936482, 'gpp_af': 0.23135943667539982, 'gpp_b': 5.5674498320806746e-06, 'gpp_d': 363.02475430486606, 'ign_k': 0.06438180846258025, 'ign_c': 2.6230122299749814, 'ign_k2': 1.7217799302601067, 'ign_c2': 0.10003479818989477, 'rain_shift': 6.341684229064282}. Best is trial 0 with value: 0.5948382818560959.
[I 2026-05-22 17:39:25,870] Trial 290 finished with value: 0.5655195999828835 and parameters: {'k1': 0.02222185054650798, 'D_low': 3.0931510937887783, 'k2': 0.000766243787309044, 'D_high': 398.4327130851165, 'fire_exp': 0.49351335643630817, 'P_half': 73.50238563985307, 'pre_dampen_half': 41.162421646770284, 'gpp_af': 0.002093585241707004, 'gpp_b': 2.2480257555378806e-06, 'gpp_d': 86.51145449472777, 'ign_k': 0.6257821083358801, 'ign_c': 7.241660103626658, 'ign_k2': 0.5157157052988278, 'ign_c2': 0.3571750845376937, 'rain_shift': 17.191210992115053}. Best is trial 0 with value: 0.5948382818560959.
[I 2026-05-22 17:39:26,415] Trial 291 finished with value: 0.3994490055432051 and parameters: {'k1': 0.04263541853584888, 'D_low': 25.388961560425837, 'k2': 0.008853604322400234, 'D_high': 4176.282163982353, 'fire_exp': 0.6041954586870955, 'P_half': 3944.2453046126398, 'pre_dampen_half': 74.36719925734869, 'gpp_af': 0.029225368962995525, 'gpp_b': 1.1333597067149354e-06, 'gpp_d': 113.37031114481259, 'ign_k': 8.265347250429585, 'ign_c': 557.3668033888387, 'ign_k2': 0.06247118576797424, 'ign_c2': 0.19180188236069715, 'rain_shift': 16.753543932364952}. Best is trial 0 with value: 0.5948382818560959.
[I 2026-05-22 17:39:26,960] Trial 292 finished with value: 0.48884110057971725 and parameters: {'k1': 0.07359308480297128, 'D_low': 335.9170493788052, 'k2': 0.004691139809400933, 'D_high': 254.89000852335838, 'fire_exp': 0.5123365574622938, 'P_half': 640.9170772434795, 'pre_dampen_half': 17.13148246049605, 'gpp_af': 0.7412342881430567, 'gpp_b': 2.249008831100437e-05, 'gpp_d': 285.6849285177212, 'ign_k': 0.8606105673313889, 'ign_c': 0.30276595683273294, 'ign_k2': 0.9967731234180139, 'ign_c2': 0.6585672631788368, 'rain_shift': 14.777526582882356}. Best is trial 0 with value: 0.5948382818560959.
[I 2026-05-22 17:39:27,504] Trial 293 finished with value: 0.5725760166781957 and parameters: {'k1': 0.03270943424401257, 'D_low': 18.373279767302893, 'k2': 0.0010912460208869048, 'D_high': 135.55999438885405, 'fire_exp': 0.5428039849836104, 'P_half': 0.9958563255800251, 'pre_dampen_half': 82.21466996725215, 'gpp_af': 0.0042441252366393735, 'gpp_b': 2.138715691518274e-06, 'gpp_d': 6.971960049893137, 'ign_k': 0.02171543501832545, 'ign_c': 6.130473503495213, 'ign_k2': 8.451498336371507, 'ign_c2': 0.10744587105465704, 'rain_shift': 9.277084244061097}. Best is trial 0 with value: 0.5948382818560959.
[I 2026-05-22 17:39:28,045] Trial 294 finished with value: 0.5584577790838362 and parameters: {'k1': 9.002982288188605e-05, 'D_low': 8.250422257892184, 'k2': 0.013083534263938252, 'D_high': 13443.340243184215, 'fire_exp': 0.3723116717331518, 'P_half': 0.15574463152330453, 'pre_dampen_half': 5.437205139361103, 'gpp_af': 0.004457884059500897, 'gpp_b': 0.005452037240102412, 'gpp_d': 425.07755474599026, 'ign_k': 0.0965472955864795, 'ign_c': 1.3488809283359835, 'ign_k2': 0.8944195607420192, 'ign_c2': 0.11091827103999295, 'rain_shift': 8.468004113766172}. Best is trial 0 with value: 0.5948382818560959.
[I 2026-05-22 17:39:28,590] Trial 295 finished with value: 0.4964690953562625 and parameters: {'k1': 0.0988702121782465, 'D_low': 28.491613664716024, 'k2': 0.00027445321249517073, 'D_high': 425.66370974945033, 'fire_exp': 0.5943654028975552, 'P_half': 0.19901914787769787, 'pre_dampen_half': 42.90963684959466, 'gpp_af': 7.640457349841796, 'gpp_b': 0.00015438204469570094, 'gpp_d': 10.555641820437515, 'ign_k': 0.22325207176883108, 'ign_c': 0.28953833806157026, 'ign_k2': 1.9546025685828459, 'ign_c2': 0.4875545882947857, 'rain_shift': 3.7743620309027364}. Best is trial 0 with value: 0.5948382818560959.
[I 2026-05-22 17:39:29,144] Trial 296 finished with value: 0.5488448270064213 and parameters: {'k1': 0.07014988934553917, 'D_low': 1.2168749418763825, 'k2': 0.02782016127436054, 'D_high': 643.5496732609373, 'fire_exp': 0.48689752494740407, 'P_half': 140.5766399842514, 'pre_dampen_half': 1.399367604221865, 'gpp_af': 0.19657135053401564, 'gpp_b': 2.6307579264488063e-06, 'gpp_d': 288.71969872298007, 'ign_k': 3.5385949059326385, 'ign_c': 14.904494060490153, 'ign_k2': 0.04230426712997295, 'ign_c2': 0.28389673969295764, 'rain_shift': 10.790920158245417}. Best is trial 0 with value: 0.5948382818560959.
[I 2026-05-22 17:39:29,694] Trial 297 finished with value: 0.48543777883077327 and parameters: {'k1': 0.020923908852909092, 'D_low': 3.119156127709211, 'k2': 0.06387175053904938, 'D_high': 2254.817567277828, 'fire_exp': 0.6172553926804326, 'P_half': 265.108502201125, 'pre_dampen_half': 14.553178536996418, 'gpp_af': 81.39994175237152, 'gpp_b': 0.06733585949050715, 'gpp_d': 3.6966495914036246, 'ign_k': 0.01312179057283494, 'ign_c': 0.9388674326715545, 'ign_k2': 5.5273707874821465, 'ign_c2': 0.26267334554956123, 'rain_shift': 11.343171092502711}. Best is trial 0 with value: 0.5948382818560959.
[I 2026-05-22 17:39:30,241] Trial 298 finished with value: 0.4466707187327425 and parameters: {'k1': 0.0677151297143198, 'D_low': 41.97614200658573, 'k2': 0.01988032966618261, 'D_high': 96.7561777834155, 'fire_exp': 0.4303457875097435, 'P_half': 2141.558130047951, 'pre_dampen_half': 10.101751031943053, 'gpp_af': 0.01998275763873699, 'gpp_b': 4.777536460648306e-06, 'gpp_d': 11.71083053507378, 'ign_k': 0.1564814595767042, 'ign_c': 70.07214716723591, 'ign_k2': 0.03849229341687542, 'ign_c2': 0.41851789477596646, 'rain_shift': 9.506604850726204}. Best is trial 0 with value: 0.5948382818560959.
[I 2026-05-22 17:39:30,791] Trial 299 finished with value: 0.5273685990684939 and parameters: {'k1': 0.09194611436940822, 'D_low': 15.085698376893669, 'k2': 0.00024679747507006335, 'D_high': 2693.816433095865, 'fire_exp': 0.48660257984469885, 'P_half': 205.08532619727058, 'pre_dampen_half': 125.86161550645124, 'gpp_af': 0.001960217424885042, 'gpp_b': 8.309749842403668e-06, 'gpp_d': 859.5307151878686, 'ign_k': 0.037454847408467974, 'ign_c': 99.92664065553367, 'ign_k2': 3.196400052278036, 'ign_c2': 0.10561019131196074, 'rain_shift': 7.506465110815896}. Best is trial 0 with value: 0.5948382818560959.
[I 2026-05-22 17:39:31,335] Trial 300 finished with value: 0.565757259762132 and parameters: {'k1': 0.0023513284071974873, 'D_low': 46.629209853412675, 'k2': 0.03093702304282087, 'D_high': 4835.340261667891, 'fire_exp': 0.351490402160237, 'P_half': 36.310629222944954, 'pre_dampen_half': 68.34360907681942, 'gpp_af': 0.005782954997083985, 'gpp_b': 3.5453411807208445e-05, 'gpp_d': 820.4508774178056, 'ign_k': 1.201446646256539, 'ign_c': 5.525797741616215, 'ign_k2': 5.9538499847448785, 'ign_c2': 0.7722738488867393, 'rain_shift': 6.05071877441632}. Best is trial 0 with value: 0.5948382818560959.
[I 2026-05-22 17:39:31,883] Trial 301 finished with value: 0.516328486232884 and parameters: {'k1': 0.0350070456565712, 'D_low': 12.267497221432718, 'k2': 0.0016500023155067028, 'D_high': 3938.6981681663387, 'fire_exp': 1.0635719530885848, 'P_half': 15.31872048738799, 'pre_dampen_half': 11.920463796874003, 'gpp_af': 12.212896462689743, 'gpp_b': 0.005552758815861111, 'gpp_d': 275.9193824372972, 'ign_k': 1.5439713825837393, 'ign_c': 6.740702884405036, 'ign_k2': 0.008600643193732778, 'ign_c2': 2.7337364403574163, 'rain_shift': 16.399787903250225}. Best is trial 0 with value: 0.5948382818560959.
[I 2026-05-22 17:39:32,428] Trial 302 finished with value: 0.5825098920858367 and parameters: {'k1': 0.06293373978413767, 'D_low': 50.03015414386932, 'k2': 0.007311580462460327, 'D_high': 5193.668864793843, 'fire_exp': 0.5170397866245565, 'P_half': 1.1869379000746827, 'pre_dampen_half': 27.38326610578543, 'gpp_af': 0.002644062216224429, 'gpp_b': 5.646220722633292e-06, 'gpp_d': 19.11305107063518, 'ign_k': 0.19225360534439273, 'ign_c': 7.009631988617986, 'ign_k2': 2.216594925304821, 'ign_c2': 0.6283143429078001, 'rain_shift': 7.054189759538384}. Best is trial 0 with value: 0.5948382818560959.
[I 2026-05-22 17:39:32,985] Trial 303 finished with value: 0.4856726707033708 and parameters: {'k1': 0.01054434081456039, 'D_low': 5.751653962336892, 'k2': 0.0005174071645689093, 'D_high': 1921.382256408066, 'fire_exp': 0.5808771378939721, 'P_half': 8.609996668410362, 'pre_dampen_half': 191.03758743096674, 'gpp_af': 3.9003296819345716, 'gpp_b': 1.733707357703785e-05, 'gpp_d': 111.72534306597227, 'ign_k': 0.13637837030084946, 'ign_c': 11.38221369632593, 'ign_k2': 0.21288378465452037, 'ign_c2': 9.274005615048317, 'rain_shift': 11.234099075650274}. Best is trial 0 with value: 0.5948382818560959.
[I 2026-05-22 17:39:33,535] Trial 304 finished with value: 0.3994490055432051 and parameters: {'k1': 0.002867559864652919, 'D_low': 8.277852732316441, 'k2': 0.03832696504308576, 'D_high': 1522.1471311484597, 'fire_exp': 1.5082440299044184, 'P_half': 1.0179875495721733, 'pre_dampen_half': 32.80622814165834, 'gpp_af': 0.046385960018255366, 'gpp_b': 0.00019345215100313663, 'gpp_d': 922.5490596279693, 'ign_k': 0.44274810608731224, 'ign_c': 75.82254921484146, 'ign_k2': 0.12833188067402224, 'ign_c2': 1.9019161232525676, 'rain_shift': 15.131625831834407}. Best is trial 0 with value: 0.5948382818560959.
[I 2026-05-22 17:39:34,083] Trial 305 finished with value: 0.504362837579596 and parameters: {'k1': 0.00011399276037462136, 'D_low': 66.14538634550337, 'k2': 0.08189968925055582, 'D_high': 313.3875740870962, 'fire_exp': 0.8730471481767822, 'P_half': 17.163626742600634, 'pre_dampen_half': 6.441892506673087, 'gpp_af': 0.009006492450104967, 'gpp_b': 1.9240920949633986e-05, 'gpp_d': 9.77072157555097, 'ign_k': 8.942006630230075, 'ign_c': 12.158119187649474, 'ign_k2': 4.637920711328741, 'ign_c2': 0.11249726164207678, 'rain_shift': 9.131770710935623}. Best is trial 0 with value: 0.5948382818560959.
[I 2026-05-22 17:39:34,628] Trial 306 finished with value: 0.5647410201125136 and parameters: {'k1': 0.0351774043977631, 'D_low': 68.25122384901536, 'k2': 0.00574846975266296, 'D_high': 6500.28910214043, 'fire_exp': 0.5820024980529047, 'P_half': 0.582802269613472, 'pre_dampen_half': 57.78962816812978, 'gpp_af': 0.001631678516104424, 'gpp_b': 2.9717959039746026e-06, 'gpp_d': 4.175682660313014, 'ign_k': 1.1877705147010846, 'ign_c': 22.92460019378138, 'ign_k2': 2.3016087492365505, 'ign_c2': 0.780883843506157, 'rain_shift': 4.154696808176899}. Best is trial 0 with value: 0.5948382818560959.
[I 2026-05-22 17:39:35,173] Trial 307 finished with value: 0.4891964103859629 and parameters: {'k1': 0.012280763133229667, 'D_low': 614.7460790684884, 'k2': 0.0008690116942183425, 'D_high': 798.8922014158333, 'fire_exp': 0.9493625741587295, 'P_half': 25.164446004707997, 'pre_dampen_half': 423.54631579546225, 'gpp_af': 0.005866704582630081, 'gpp_b': 6.3821327831481345e-06, 'gpp_d': 42.12549583648678, 'ign_k': 0.31930370385062534, 'ign_c': 1.5447647193213891, 'ign_k2': 1.816910653956092, 'ign_c2': 0.3690681935710695, 'rain_shift': 10.14202032696049}. Best is trial 0 with value: 0.5948382818560959.
[I 2026-05-22 17:39:35,724] Trial 308 finished with value: 0.5797154263775993 and parameters: {'k1': 2.5127837651458564e-05, 'D_low': 20.173643040721295, 'k2': 0.001208368098952665, 'D_high': 1513.8710535074592, 'fire_exp': 0.42898122663738186, 'P_half': 0.14467938278296083, 'pre_dampen_half': 21.158880432585104, 'gpp_af': 33.69227988095103, 'gpp_b': 3.210119307005327e-05, 'gpp_d': 111.96731784652248, 'ign_k': 4.8893898650472805, 'ign_c': 1.1641377233434549, 'ign_k2': 1.3075667202624575, 'ign_c2': 0.18391592235561116, 'rain_shift': 10.360936282871565}. Best is trial 0 with value: 0.5948382818560959.
[I 2026-05-22 17:39:36,270] Trial 309 finished with value: 0.5580570895442875 and parameters: {'k1': 1.4127308444555535e-05, 'D_low': 15.957214080889303, 'k2': 0.001157351795312057, 'D_high': 2968.174834098892, 'fire_exp': 0.5283384241509801, 'P_half': 0.7383059091396208, 'pre_dampen_half': 5.676800912683072, 'gpp_af': 81.67890171737913, 'gpp_b': 0.0007262357010773745, 'gpp_d': 44.791316377383815, 'ign_k': 2.932289908307459, 'ign_c': 1.807490380591506, 'ign_k2': 7.12605073690909, 'ign_c2': 0.4191880837079264, 'rain_shift': 12.382512630336677}. Best is trial 0 with value: 0.5948382818560959.
[I 2026-05-22 17:39:36,817] Trial 310 finished with value: 0.5661612926995311 and parameters: {'k1': 0.003742511293952044, 'D_low': 120.61619613892557, 'k2': 0.0004094844942123566, 'D_high': 4254.85676805295, 'fire_exp': 0.5218017621156533, 'P_half': 0.43272651064951506, 'pre_dampen_half': 23.27116968148496, 'gpp_af': 66.22044043282624, 'gpp_b': 0.016313542056581396, 'gpp_d': 522.6668755495401, 'ign_k': 8.796619617278617, 'ign_c': 0.24664349266542723, 'ign_k2': 0.6503034176752165, 'ign_c2': 0.3372291669961351, 'rain_shift': 12.875284487107482}. Best is trial 0 with value: 0.5948382818560959.
[I 2026-05-22 17:39:37,361] Trial 311 finished with value: 0.5960775436770843 and parameters: {'k1': 0.044876871138383824, 'D_low': 1.5379287523274197, 'k2': 0.061204506703897946, 'D_high': 2251.7939390778392, 'fire_exp': 0.366999331523349, 'P_half': 37.75389184208575, 'pre_dampen_half': 136.8669929531083, 'gpp_af': 0.03726831941469755, 'gpp_b': 0.0002877373024774607, 'gpp_d': 863.2656043336483, 'ign_k': 6.908875576803353, 'ign_c': 1.8906137119495467, 'ign_k2': 6.054981370302049, 'ign_c2': 0.3387418501812889, 'rain_shift': 10.330816630900905}. Best is trial 311 with value: 0.5960775436770843.
[I 2026-05-22 17:39:37,911] Trial 312 finished with value: 0.5602736824133577 and parameters: {'k1': 0.06804644322312933, 'D_low': 2.6965814670233708, 'k2': 0.014670208075389057, 'D_high': 678.9529748567827, 'fire_exp': 1.4379830808808014, 'P_half': 79.75479420504135, 'pre_dampen_half': 185.927666500397, 'gpp_af': 0.44558719707703337, 'gpp_b': 0.0006955624948981829, 'gpp_d': 917.1684566911247, 'ign_k': 5.729528931439839, 'ign_c': 1.9035730924429053, 'ign_k2': 2.349185857170529, 'ign_c2': 0.19766667245584413, 'rain_shift': 13.838612821795659}. Best is trial 311 with value: 0.5960775436770843.
[I 2026-05-22 17:39:38,455] Trial 313 finished with value: 0.5721299485054434 and parameters: {'k1': 0.005072968888227568, 'D_low': 2.810143672413861, 'k2': 0.023694419737400187, 'D_high': 1056.0819274703679, 'fire_exp': 0.5054535450904384, 'P_half': 58.72247211745554, 'pre_dampen_half': 505.77135968629375, 'gpp_af': 0.04191470465863189, 'gpp_b': 0.010029659132552951, 'gpp_d': 318.72148415699644, 'ign_k': 2.4631915919664418, 'ign_c': 0.3037861385103977, 'ign_k2': 0.8115788601068477, 'ign_c2': 0.1342935913170548, 'rain_shift': 10.233310651207335}. Best is trial 311 with value: 0.5960775436770843.
[I 2026-05-22 17:39:38,997] Trial 314 finished with value: 0.585299182424622 and parameters: {'k1': 0.0263435624605385, 'D_low': 1.3832504204596212, 'k2': 0.04654890910285559, 'D_high': 2211.8316969199477, 'fire_exp': 0.6048783557186871, 'P_half': 41.63714113502947, 'pre_dampen_half': 71.75338214989088, 'gpp_af': 0.016882012120043807, 'gpp_b': 0.00011382212088026189, 'gpp_d': 79.00241492367047, 'ign_k': 0.8031996040538233, 'ign_c': 0.6570145085556329, 'ign_k2': 0.7798999012159634, 'ign_c2': 3.4077671257559357, 'rain_shift': 10.185751272665344}. Best is trial 311 with value: 0.5960775436770843.
[I 2026-05-22 17:39:39,548] Trial 315 finished with value: 0.49497714316542213 and parameters: {'k1': 0.0453423458698901, 'D_low': 535.2268324935674, 'k2': 0.0648713679489161, 'D_high': 2244.382569803814, 'fire_exp': 0.6119855975074369, 'P_half': 3.297004726491446, 'pre_dampen_half': 66.41116551068706, 'gpp_af': 0.04177803415655256, 'gpp_b': 3.4281527361853085e-06, 'gpp_d': 9.330708322914623, 'ign_k': 0.08387789300767859, 'ign_c': 19.497785544640045, 'ign_k2': 1.7863506787901011, 'ign_c2': 4.687614936704089, 'rain_shift': 11.248510999399727}. Best is trial 311 with value: 0.5960775436770843.
[I 2026-05-22 17:39:40,091] Trial 316 finished with value: 0.5397058060926001 and parameters: {'k1': 0.011928736888226828, 'D_low': 176.08959946920427, 'k2': 0.00018463248408535817, 'D_high': 4339.401711479249, 'fire_exp': 0.7907580414907773, 'P_half': 29.360854459591565, 'pre_dampen_half': 57.058025166301434, 'gpp_af': 0.8273616289222363, 'gpp_b': 0.36363607574216417, 'gpp_d': 786.5315624994593, 'ign_k': 0.41008351134480303, 'ign_c': 0.21383496229002033, 'ign_k2': 1.2131174120903827, 'ign_c2': 0.5323221174954159, 'rain_shift': 9.795339540373853}. Best is trial 311 with value: 0.5960775436770843.
[I 2026-05-22 17:39:40,636] Trial 317 finished with value: 0.4983466378108264 and parameters: {'k1': 0.02730120842089912, 'D_low': 1.3427764417293104, 'k2': 0.014164854855388273, 'D_high': 1084.3927346086641, 'fire_exp': 0.5640701106201972, 'P_half': 6.296610809792326, 'pre_dampen_half': 388.9077195175451, 'gpp_af': 0.009058014824565083, 'gpp_b': 8.337259288299736e-06, 'gpp_d': 751.0010120587597, 'ign_k': 5.453334647399129, 'ign_c': 25.8583846509859, 'ign_k2': 7.3774023428246585, 'ign_c2': 1.0001648014734559, 'rain_shift': 12.569602445881479}. Best is trial 311 with value: 0.5960775436770843.
[I 2026-05-22 17:39:41,181] Trial 318 finished with value: 0.555953821398298 and parameters: {'k1': 0.05032718893498411, 'D_low': 2.8141553162777293, 'k2': 0.07284250013587479, 'D_high': 9697.55188734708, 'fire_exp': 1.109332582283506, 'P_half': 656.1174945007773, 'pre_dampen_half': 3.3861421177861626, 'gpp_af': 0.02055690671790737, 'gpp_b': 7.0000798646391684e-06, 'gpp_d': 37.160420466737165, 'ign_k': 0.4481357469173109, 'ign_c': 3.1656470075671814, 'ign_k2': 0.7453731444309589, 'ign_c2': 1.2004347994532745, 'rain_shift': 11.749132171174175}. Best is trial 311 with value: 0.5960775436770843.
[I 2026-05-22 17:39:41,723] Trial 319 finished with value: 0.49706147420686353 and parameters: {'k1': 0.016781712331856515, 'D_low': 5.854921796018083, 'k2': 0.04874388844710835, 'D_high': 398.7047830764089, 'fire_exp': 0.6821032844996676, 'P_half': 95.2266690245718, 'pre_dampen_half': 62.52543078765638, 'gpp_af': 0.00429649610119625, 'gpp_b': 0.00030735983702985244, 'gpp_d': 384.9318770225228, 'ign_k': 0.09791298291144476, 'ign_c': 0.299449642546497, 'ign_k2': 0.1971579556091334, 'ign_c2': 3.494642207795551, 'rain_shift': 10.883843270195971}. Best is trial 311 with value: 0.5960775436770843.
[I 2026-05-22 17:39:42,263] Trial 320 finished with value: 0.45063257481444097 and parameters: {'k1': 0.06370665492446954, 'D_low': 1.457979006040624, 'k2': 0.07069426933379697, 'D_high': 102.86225073484705, 'fire_exp': 0.3932054972022621, 'P_half': 19.123875837627562, 'pre_dampen_half': 249.18456488092525, 'gpp_af': 0.02029996357554894, 'gpp_b': 0.007912925096807938, 'gpp_d': 539.9175096507129, 'ign_k': 5.301874347531741, 'ign_c': 3.2569336843661953, 'ign_k2': 0.6909181443852, 'ign_c2': 0.9597969556955538, 'rain_shift': 15.474884262671102}. Best is trial 311 with value: 0.5960775436770843.
[I 2026-05-22 17:39:42,807] Trial 321 finished with value: 0.4641624875055003 and parameters: {'k1': 0.013426431482717726, 'D_low': 58.106216857447755, 'k2': 0.0004330652785362092, 'D_high': 3250.42120263022, 'fire_exp': 0.8158321267013495, 'P_half': 1.0348008241932696, 'pre_dampen_half': 102.53729011790762, 'gpp_af': 0.06181402496021924, 'gpp_b': 0.0007447471901463758, 'gpp_d': 376.56239730435533, 'ign_k': 0.035160922850674806, 'ign_c': 0.12511357581050703, 'ign_k2': 0.05562647422907594, 'ign_c2': 0.9982470918786651, 'rain_shift': 13.220000717556559}. Best is trial 311 with value: 0.5960775436770843.
[I 2026-05-22 17:39:43,346] Trial 322 finished with value: 0.5446619674637831 and parameters: {'k1': 0.08751383598911155, 'D_low': 1.3366731876687512, 'k2': 0.04529796298825144, 'D_high': 9721.325397957353, 'fire_exp': 0.43485329555711894, 'P_half': 51.55716483994271, 'pre_dampen_half': 2.158014861495952, 'gpp_af': 0.014716679802232072, 'gpp_b': 0.0009290383554999292, 'gpp_d': 263.4114171968621, 'ign_k': 1.2427545277741257, 'ign_c': 1.3712074912184424, 'ign_k2': 3.9326319417830335, 'ign_c2': 0.13295171294590563, 'rain_shift': 4.484738761363213}. Best is trial 311 with value: 0.5960775436770843.
