[I 2026-05-22 17:46:27,099] Trial 127 finished with value: 0.4201409282834983 and parameters: {'k1': 0.024405352302982897, 'D_low': 403.71642558583727, 'k2': 0.0006132211424754134, 'D_high': 859.633749880792, 'fire_exp': 0.6112534152353756, 'P_half': 0.35835772003128874, 'pre_dampen_half': 5.749172924955014, 'gpp_af': 1.163980545550717, 'gpp_b': 1.2314869969338062e-06, 'gpp_d': 19.93850080998646, 'ign_k': 2.306505595687685, 'ign_c': 36.7707958639895}. Best is trial 0 with value: 0.6103502735484728.
[I 2026-05-22 17:46:27,529] Trial 128 finished with value: 0.5875742745570203 and parameters: {'k1': 0.03273597391512023, 'D_low': 141.78276119491326, 'k2': 0.0015308222775570568, 'D_high': 60537.104322121675, 'fire_exp': 0.480355950989132, 'P_half': 75.4595655473072, 'pre_dampen_half': 0.22942140468970357, 'gpp_af': 0.2980579101236649, 'gpp_b': 2.4251027962485795e-06, 'gpp_d': 79.12054539174031, 'ign_k': 1.2460093497711535, 'ign_c': 12.145885701644433}. Best is trial 0 with value: 0.6103502735484728.
[I 2026-05-22 17:46:27,958] Trial 129 finished with value: 0.5056564512254098 and parameters: {'k1': 0.017855790954646462, 'D_low': 1360.4029986124278, 'k2': 0.021979994323482566, 'D_high': 26659.303204692267, 'fire_exp': 0.5921861687731264, 'P_half': 154.99402629525116, 'pre_dampen_half': 2.5314008534674013, 'gpp_af': 3.421649775527286, 'gpp_b': 2.111558365341548e-06, 'gpp_d': 3.753861153647206, 'ign_k': 0.2045307959736143, 'ign_c': 12.614369374914377}. Best is trial 0 with value: 0.6103502735484728.
[I 2026-05-22 17:46:28,385] Trial 130 finished with value: 0.3994490055432051 and parameters: {'k1': 0.037322419085174606, 'D_low': 9.61391992097059, 'k2': 0.0006971942946275523, 'D_high': 2996.48088219097, 'fire_exp': 0.8848924598708814, 'P_half': 458.5855669812956, 'pre_dampen_half': 0.08891219454831654, 'gpp_af': 1.8103403237128042, 'gpp_b': 8.034558092025188e-06, 'gpp_d': 3.231484675195037, 'ign_k': 4.690502718113646, 'ign_c': 45.58580900506107}. Best is trial 0 with value: 0.6103502735484728.
[I 2026-05-22 17:46:28,814] Trial 131 finished with value: 0.6032795372625456 and parameters: {'k1': 0.01333936331426252, 'D_low': 11.810046828741608, 'k2': 0.0008144943085724791, 'D_high': 14819.300773125142, 'fire_exp': 0.6757527047153993, 'P_half': 58.184892737701894, 'pre_dampen_half': 2.5136573520853784, 'gpp_af': 0.380804621685733, 'gpp_b': 6.544071671707631e-05, 'gpp_d': 71.5779843845872, 'ign_k': 0.7144823049759692, 'ign_c': 19.7451880233777}. Best is trial 0 with value: 0.6103502735484728.
[I 2026-05-22 17:46:29,243] Trial 132 finished with value: 0.4705308576063596 and parameters: {'k1': 0.007959359912206145, 'D_low': 480.13991113622177, 'k2': 0.0008331907877408386, 'D_high': 54098.610193040164, 'fire_exp': 1.055375195124131, 'P_half': 1102.0336472796444, 'pre_dampen_half': 0.09291809407519816, 'gpp_af': 0.00758036626437, 'gpp_b': 3.78904489981662e-05, 'gpp_d': 96.8767795238479, 'ign_k': 7.213624426912514, 'ign_c': 7.64519747184997}. Best is trial 0 with value: 0.6103502735484728.
[I 2026-05-22 17:46:29,674] Trial 133 finished with value: 0.3994490055432051 and parameters: {'k1': 0.017521707351649297, 'D_low': 143.38377316720286, 'k2': 0.0021048944393146462, 'D_high': 64579.74304317892, 'fire_exp': 0.4144157349131324, 'P_half': 37.47270277034218, 'pre_dampen_half': 0.11197300469887334, 'gpp_af': 0.5124637060413936, 'gpp_b': 1.2873254532615151e-06, 'gpp_d': 6.148977222948421, 'ign_k': 0.8444047775694193, 'ign_c': 266.0923251651782}. Best is trial 0 with value: 0.6103502735484728.
[I 2026-05-22 17:46:30,105] Trial 134 finished with value: 0.565331374033831 and parameters: {'k1': 0.006276827633717684, 'D_low': 2.796536302301712, 'k2': 0.002497791102856404, 'D_high': 12479.269566346484, 'fire_exp': 0.40116536218942567, 'P_half': 10.343859699624142, 'pre_dampen_half': 6.760220504635277, 'gpp_af': 0.42916511926464873, 'gpp_b': 0.00041340532080226224, 'gpp_d': 64.68564357973595, 'ign_k': 0.4501176236296534, 'ign_c': 19.80752345706078}. Best is trial 0 with value: 0.6103502735484728.
[I 2026-05-22 17:46:30,534] Trial 135 finished with value: 0.3994490055432051 and parameters: {'k1': 0.010907768316565826, 'D_low': 12.922961716497275, 'k2': 0.003353434973381985, 'D_high': 5103.846611449313, 'fire_exp': 1.1459197827228722, 'P_half': 16.528826541526318, 'pre_dampen_half': 2.2558422983420914, 'gpp_af': 0.8733482782020079, 'gpp_b': 1.9573121434834275e-06, 'gpp_d': 404.97264216613064, 'ign_k': 1.2962038115502006, 'ign_c': 70.88534820345438}. Best is trial 0 with value: 0.6103502735484728.
[I 2026-05-22 17:46:30,966] Trial 136 finished with value: 0.5516852815128258 and parameters: {'k1': 0.051468118294586834, 'D_low': 239.82731804701362, 'k2': 0.004709744069011582, 'D_high': 2202.6178128770603, 'fire_exp': 0.4585135325830927, 'P_half': 0.6887157493172236, 'pre_dampen_half': 0.07717622651732123, 'gpp_af': 0.4006400530430762, 'gpp_b': 1.097856136192953e-06, 'gpp_d': 178.9082159869747, 'ign_k': 0.19090069571728033, 'ign_c': 4.284723918048655}. Best is trial 0 with value: 0.6103502735484728.
[I 2026-05-22 17:46:31,400] Trial 137 finished with value: 0.5704794872338217 and parameters: {'k1': 0.016375849082177946, 'D_low': 10.541655953255294, 'k2': 0.0009906128897334222, 'D_high': 55853.231980956385, 'fire_exp': 0.6268231918158003, 'P_half': 185.62089642843011, 'pre_dampen_half': 2.534215395128259, 'gpp_af': 0.3754693135914853, 'gpp_b': 1.4561692711617859e-05, 'gpp_d': 168.8053196421034, 'ign_k': 0.2784274336004441, 'ign_c': 1.9414026238253492}. Best is trial 0 with value: 0.6103502735484728.
[I 2026-05-22 17:46:31,833] Trial 138 finished with value: 0.5687903825191095 and parameters: {'k1': 0.015134091229773897, 'D_low': 43.753379782961915, 'k2': 0.0005720975109572129, 'D_high': 58096.624145398164, 'fire_exp': 0.7452262517237119, 'P_half': 243.31713623223462, 'pre_dampen_half': 5.580232488822585, 'gpp_af': 0.44482240420915176, 'gpp_b': 1.220799476020051e-06, 'gpp_d': 177.01928667765424, 'ign_k': 0.19003008529995327, 'ign_c': 0.9849916372973887}. Best is trial 0 with value: 0.6103502735484728.
[I 2026-05-22 17:46:32,265] Trial 139 finished with value: 0.5668192384413698 and parameters: {'k1': 0.03454412873836384, 'D_low': 27.614734434884138, 'k2': 0.0004576850784559125, 'D_high': 80298.28242627172, 'fire_exp': 0.473908631499382, 'P_half': 352.18616552564794, 'pre_dampen_half': 0.3161140405122485, 'gpp_af': 0.4452080236860132, 'gpp_b': 3.4315667170655716e-05, 'gpp_d': 217.7379310560912, 'ign_k': 0.09849402716554953, 'ign_c': 0.5031745653092391}. Best is trial 0 with value: 0.6103502735484728.
[I 2026-05-22 17:46:32,696] Trial 140 finished with value: 0.5760492426326758 and parameters: {'k1': 0.019369375690562164, 'D_low': 22.32284174614208, 'k2': 0.002625515561642503, 'D_high': 19494.17352566053, 'fire_exp': 0.9977017082063895, 'P_half': 1070.8766675973754, 'pre_dampen_half': 31.46319744782556, 'gpp_af': 0.30440131023157285, 'gpp_b': 5.537907944482379e-06, 'gpp_d': 99.76339394370316, 'ign_k': 0.46829636277903036, 'ign_c': 4.864982083721339}. Best is trial 0 with value: 0.6103502735484728.
[I 2026-05-22 17:46:33,126] Trial 141 finished with value: 0.4986242307615625 and parameters: {'k1': 0.018495535670786784, 'D_low': 3.1955138101194955, 'k2': 0.010056664485480935, 'D_high': 89961.12524777277, 'fire_exp': 0.8080436648573811, 'P_half': 243.6453413473396, 'pre_dampen_half': 319.3496309301994, 'gpp_af': 0.7433299935162226, 'gpp_b': 0.00011609348316865308, 'gpp_d': 45.98282387355208, 'ign_k': 0.480597145881852, 'ign_c': 0.20214882512417437}. Best is trial 0 with value: 0.6103502735484728.
[I 2026-05-22 17:46:33,559] Trial 142 finished with value: 0.47569208857592526 and parameters: {'k1': 0.003564244555031632, 'D_low': 3.8037387176051487, 'k2': 0.0006269907533304627, 'D_high': 57342.60849668359, 'fire_exp': 1.3737434295188709, 'P_half': 4028.192774845852, 'pre_dampen_half': 6.7990028770759094, 'gpp_af': 0.3714853466086717, 'gpp_b': 1.152858946724772e-05, 'gpp_d': 63.15221599315337, 'ign_k': 0.1368496189349605, 'ign_c': 2.8150795787279463}. Best is trial 0 with value: 0.6103502735484728.
[I 2026-05-22 17:46:33,994] Trial 143 finished with value: 0.5512539960196176 and parameters: {'k1': 0.02949032582916445, 'D_low': 280.0069029893057, 'k2': 7.076827046459001e-05, 'D_high': 81901.24935082902, 'fire_exp': 0.7796310226775626, 'P_half': 2.4249845946233157, 'pre_dampen_half': 4.378093348507169, 'gpp_af': 0.3885269595010757, 'gpp_b': 1.973585348459653e-06, 'gpp_d': 21.73416531325458, 'ign_k': 7.259338922771098, 'ign_c': 3.2251581334276738}. Best is trial 0 with value: 0.6103502735484728.
[I 2026-05-22 17:46:34,430] Trial 144 finished with value: 0.5370558859476573 and parameters: {'k1': 0.007120089601554599, 'D_low': 23.13165537041786, 'k2': 0.0021104471090108157, 'D_high': 22435.394461238786, 'fire_exp': 0.5179069636409976, 'P_half': 720.2663901946781, 'pre_dampen_half': 28.999964227823252, 'gpp_af': 2.0717990769416033, 'gpp_b': 1.4438521073207755e-06, 'gpp_d': 464.58664436442285, 'ign_k': 0.4011159558327039, 'ign_c': 0.6298527576797153}. Best is trial 0 with value: 0.6103502735484728.
[I 2026-05-22 17:46:34,863] Trial 145 finished with value: 0.5361085115773777 and parameters: {'k1': 0.06816368158247713, 'D_low': 10.77655240904307, 'k2': 0.0010703522945699217, 'D_high': 9244.57328447641, 'fire_exp': 0.6138892493072643, 'P_half': 63.95117555817291, 'pre_dampen_half': 15.98878494898167, 'gpp_af': 0.28213834516499564, 'gpp_b': 8.937310321305556e-05, 'gpp_d': 13.577647236767802, 'ign_k': 1.4783921748069118, 'ign_c': 3.9535350746886624}. Best is trial 0 with value: 0.6103502735484728.
[I 2026-05-22 17:46:35,300] Trial 146 finished with value: 0.4696552725004779 and parameters: {'k1': 0.006272665137000095, 'D_low': 58.97430899718441, 'k2': 0.016812659280656058, 'D_high': 18119.876590119897, 'fire_exp': 2.0797098484869387, 'P_half': 1666.0385152640554, 'pre_dampen_half': 9.00357341404108, 'gpp_af': 3.703006754007347, 'gpp_b': 2.3075411906210067e-05, 'gpp_d': 33.5579572800583, 'ign_k': 2.4722469736408548, 'ign_c': 20.567954192187447}. Best is trial 0 with value: 0.6103502735484728.
[I 2026-05-22 17:46:35,733] Trial 147 finished with value: 0.567746042376797 and parameters: {'k1': 0.01136608995637461, 'D_low': 24.130448014669117, 'k2': 0.0002457591585529332, 'D_high': 3515.1496275658333, 'fire_exp': 0.6054523429049242, 'P_half': 10.616712145707226, 'pre_dampen_half': 1.7882368293044824, 'gpp_af': 0.5130132231495264, 'gpp_b': 5.781742001575035e-06, 'gpp_d': 106.00227287986611, 'ign_k': 0.3201881576414348, 'ign_c': 1.9266400683883038}. Best is trial 0 with value: 0.6103502735484728.
[I 2026-05-22 17:46:36,163] Trial 148 finished with value: 0.5960428581661182 and parameters: {'k1': 0.01004513691891071, 'D_low': 121.58681638476135, 'k2': 0.00030380903080409164, 'D_high': 10749.9311676057, 'fire_exp': 0.3734398428404316, 'P_half': 181.1434828431738, 'pre_dampen_half': 0.2585424088266192, 'gpp_af': 5.744884192360715, 'gpp_b': 1.1444661624370687e-05, 'gpp_d': 118.8097413804481, 'ign_k': 1.7288570793415428, 'ign_c': 16.859043866544926}. Best is trial 0 with value: 0.6103502735484728.
[I 2026-05-22 17:46:36,595] Trial 149 finished with value: 0.4030588077837451 and parameters: {'k1': 0.018430187824983242, 'D_low': 7283.295116321861, 'k2': 0.00025848174430936785, 'D_high': 17430.908058474135, 'fire_exp': 1.7582333329131754, 'P_half': 944.2158587626327, 'pre_dampen_half': 1.0227824527216025, 'gpp_af': 1.719522370055999, 'gpp_b': 5.0792962406471266e-05, 'gpp_d': 314.17439292419596, 'ign_k': 0.27313298031144806, 'ign_c': 3.345482604723127}. Best is trial 0 with value: 0.6103502735484728.
[I 2026-05-22 17:46:37,028] Trial 150 finished with value: 0.4561196278343028 and parameters: {'k1': 0.01018987065644815, 'D_low': 741.5985609047015, 'k2': 0.004919032119116366, 'D_high': 33039.25824442019, 'fire_exp': 2.0714832444371223, 'P_half': 258.1078471225479, 'pre_dampen_half': 0.9483360275120275, 'gpp_af': 0.044414082100801236, 'gpp_b': 5.777662738951187e-06, 'gpp_d': 285.20530682745624, 'ign_k': 0.02111522629242637, 'ign_c': 0.11702452697848378}. Best is trial 0 with value: 0.6103502735484728.
[I 2026-05-22 17:46:37,462] Trial 151 finished with value: 0.4092100299110252 and parameters: {'k1': 0.07525103477619947, 'D_low': 8185.34945104495, 'k2': 0.000557135465698272, 'D_high': 10909.355477462525, 'fire_exp': 0.7121610332646094, 'P_half': 8.310745931583034, 'pre_dampen_half': 0.6131516612553048, 'gpp_af': 0.41143452680632164, 'gpp_b': 1.467727547355474e-06, 'gpp_d': 759.2816821248922, 'ign_k': 1.6309791667719107, 'ign_c': 16.978691160131874}. Best is trial 0 with value: 0.6103502735484728.
[I 2026-05-22 17:46:37,902] Trial 152 finished with value: 0.5624866678529441 and parameters: {'k1': 0.03295231152598984, 'D_low': 138.31702560668307, 'k2': 0.00012171291956538307, 'D_high': 4584.595822113433, 'fire_exp': 0.560309688565165, 'P_half': 680.1248516612632, 'pre_dampen_half': 2.926270531486069, 'gpp_af': 0.7839264316058889, 'gpp_b': 1.0502238709864058e-06, 'gpp_d': 127.33815211095603, 'ign_k': 0.10933615814245641, 'ign_c': 2.0741687607290347}. Best is trial 0 with value: 0.6103502735484728.
[I 2026-05-22 17:46:38,337] Trial 153 finished with value: 0.5493940848265441 and parameters: {'k1': 0.000866318544100496, 'D_low': 2643.189088036912, 'k2': 2.2704376931544494e-05, 'D_high': 9186.172552294456, 'fire_exp': 0.40911364361574115, 'P_half': 93.35313685974346, 'pre_dampen_half': 1.229131338363463, 'gpp_af': 17.31552277798446, 'gpp_b': 3.9816658869553954e-05, 'gpp_d': 13.498951836305016, 'ign_k': 1.3483512167851666, 'ign_c': 1.8144696282614028}. Best is trial 0 with value: 0.6103502735484728.
[I 2026-05-22 17:46:38,767] Trial 154 finished with value: 0.45839842192348856 and parameters: {'k1': 0.0006775547370032337, 'D_low': 201.72967892592706, 'k2': 0.00031709772731317173, 'D_high': 12291.893283339286, 'fire_exp': 0.5391087449941931, 'P_half': 1179.7908160013176, 'pre_dampen_half': 0.26114460500067976, 'gpp_af': 60.20157400326519, 'gpp_b': 2.209839038241602e-05, 'gpp_d': 39.51527751828702, 'ign_k': 0.42243443263895164, 'ign_c': 61.428332989018806}. Best is trial 0 with value: 0.6103502735484728.
[I 2026-05-22 17:46:39,199] Trial 155 finished with value: 0.5733518211477096 and parameters: {'k1': 0.07117190501001318, 'D_low': 6.38419156654262, 'k2': 0.0017633728891720637, 'D_high': 94323.59666757025, 'fire_exp': 0.4039009903707508, 'P_half': 250.03193954419135, 'pre_dampen_half': 0.03780973996752717, 'gpp_af': 0.21177272416605789, 'gpp_b': 8.189348586261183e-05, 'gpp_d': 230.9555651360147, 'ign_k': 3.1972207823964753, 'ign_c': 15.498161837448949}. Best is trial 0 with value: 0.6103502735484728.
[I 2026-05-22 17:46:39,627] Trial 156 finished with value: 0.49600491720021084 and parameters: {'k1': 0.03137478680395069, 'D_low': 1.931929923328112, 'k2': 0.00842939087099221, 'D_high': 15567.089288785042, 'fire_exp': 0.48035076861767695, 'P_half': 1914.1903677532455, 'pre_dampen_half': 0.031014095936148487, 'gpp_af': 0.7941886969464521, 'gpp_b': 0.0006902708901141177, 'gpp_d': 538.0642312962551, 'ign_k': 3.238479236593395, 'ign_c': 23.393545710318318}. Best is trial 0 with value: 0.6103502735484728.
[I 2026-05-22 17:46:40,059] Trial 157 finished with value: 0.4992125879493578 and parameters: {'k1': 0.08501433060370024, 'D_low': 7.955026431564362, 'k2': 0.020136797836269215, 'D_high': 785.784598844523, 'fire_exp': 2.4390924549688706, 'P_half': 899.7245114706458, 'pre_dampen_half': 29.496705316541025, 'gpp_af': 0.509581059247521, 'gpp_b': 1.9241467454337257e-06, 'gpp_d': 308.6387691147489, 'ign_k': 0.8556126439972632, 'ign_c': 5.7064765513830995}. Best is trial 0 with value: 0.6103502735484728.
[I 2026-05-22 17:46:40,489] Trial 158 finished with value: 0.5130758182949279 and parameters: {'k1': 0.02286810307732955, 'D_low': 10.699226018629473, 'k2': 0.0003839615846818217, 'D_high': 68217.72197691696, 'fire_exp': 0.7689664596151669, 'P_half': 672.0214783107325, 'pre_dampen_half': 0.0923506374814179, 'gpp_af': 0.020094382148601885, 'gpp_b': 5.943906527571615e-05, 'gpp_d': 69.05747583208054, 'ign_k': 5.087647340051393, 'ign_c': 3.6585922053207667}. Best is trial 0 with value: 0.6103502735484728.
[I 2026-05-22 17:46:40,918] Trial 159 finished with value: 0.6002464914869167 and parameters: {'k1': 0.05779088802243223, 'D_low': 75.56504378101222, 'k2': 5.264666446814933e-05, 'D_high': 3843.0292762990266, 'fire_exp': 0.43182234009545634, 'P_half': 180.26527228190608, 'pre_dampen_half': 1.7390020179775436, 'gpp_af': 1.7122598161265832, 'gpp_b': 0.0005253952385925987, 'gpp_d': 18.681896458754434, 'ign_k': 1.1520316071013916, 'ign_c': 19.721768683325326}. Best is trial 0 with value: 0.6103502735484728.
[I 2026-05-22 17:46:41,348] Trial 160 finished with value: 0.5610332781217109 and parameters: {'k1': 0.026445916097548594, 'D_low': 138.44918800867003, 'k2': 3.0640468461527645e-05, 'D_high': 240.93961698042318, 'fire_exp': 0.46685327266894316, 'P_half': 44.22055515827935, 'pre_dampen_half': 15.874502980407293, 'gpp_af': 7.410149946466169, 'gpp_b': 0.12054368353890763, 'gpp_d': 283.9625628481757, 'ign_k': 0.292081121095192, 'ign_c': 7.230475097030465}. Best is trial 0 with value: 0.6103502735484728.
[I 2026-05-22 17:46:41,779] Trial 161 finished with value: 0.5608860262991741 and parameters: {'k1': 0.007940633662723292, 'D_low': 84.27434772085782, 'k2': 0.0008858165940722138, 'D_high': 71338.44826314787, 'fire_exp': 0.7416184179292893, 'P_half': 23.03690450697896, 'pre_dampen_half': 0.14893513380573659, 'gpp_af': 0.011653553026629295, 'gpp_b': 1.5371793138845384e-06, 'gpp_d': 217.31719282214146, 'ign_k': 0.539048716263071, 'ign_c': 3.4096316935641244}. Best is trial 0 with value: 0.6103502735484728.
[I 2026-05-22 17:46:42,207] Trial 162 finished with value: 0.42342552720147736 and parameters: {'k1': 0.002958639055716612, 'D_low': 29.928848162467972, 'k2': 0.00016602774871773155, 'D_high': 224.23287474351247, 'fire_exp': 0.35509725939253345, 'P_half': 338.06391265941096, 'pre_dampen_half': 30.67446271071814, 'gpp_af': 0.13373907974202423, 'gpp_b': 1.5451755095947573e-05, 'gpp_d': 653.6041233990607, 'ign_k': 9.180192306242313, 'ign_c': 31.79278953261506}. Best is trial 0 with value: 0.6103502735484728.
[I 2026-05-22 17:46:42,636] Trial 163 finished with value: 0.3994490055432051 and parameters: {'k1': 0.04034968622795974, 'D_low': 340.7319380227533, 'k2': 0.0015933291755737104, 'D_high': 84481.55512559983, 'fire_exp': 0.42929661464643576, 'P_half': 255.2005356783027, 'pre_dampen_half': 0.4459693828880359, 'gpp_af': 37.61382071236994, 'gpp_b': 9.745278739703942e-06, 'gpp_d': 594.9233871873079, 'ign_k': 2.1950328614311614, 'ign_c': 980.6277493365981}. Best is trial 0 with value: 0.6103502735484728.
[I 2026-05-22 17:46:43,065] Trial 164 finished with value: 0.5441259731687929 and parameters: {'k1': 0.0352812424952947, 'D_low': 44.51297811251885, 'k2': 0.0016591654374049623, 'D_high': 12122.455338850072, 'fire_exp': 0.9160460106567484, 'P_half': 3865.7298737717174, 'pre_dampen_half': 55.150857836012285, 'gpp_af': 0.04152327741707579, 'gpp_b': 0.00014971460577750952, 'gpp_d': 173.30692660515538, 'ign_k': 0.2024560093398057, 'ign_c': 3.1423126280439213}. Best is trial 0 with value: 0.6103502735484728.
[I 2026-05-22 17:46:43,494] Trial 165 finished with value: 0.5684172057682406 and parameters: {'k1': 0.010061589400666477, 'D_low': 131.07550923804956, 'k2': 2.1628399466913365e-05, 'D_high': 689.61962012369, 'fire_exp': 0.39154041932955613, 'P_half': 49.87521002579356, 'pre_dampen_half': 1.2101513909946295, 'gpp_af': 1.7720185245748536, 'gpp_b': 9.555845249253804e-05, 'gpp_d': 59.63241994825957, 'ign_k': 0.1352003599281382, 'ign_c': 29.530906751715243}. Best is trial 0 with value: 0.6103502735484728.
[I 2026-05-22 17:46:43,922] Trial 166 finished with value: 0.3994490055432051 and parameters: {'k1': 0.006440979246863667, 'D_low': 25.404356916692844, 'k2': 0.00014227769183472794, 'D_high': 16859.559077923557, 'fire_exp': 0.4687176385858354, 'P_half': 530.8695793696539, 'pre_dampen_half': 0.011707994642861956, 'gpp_af': 0.3835783430884664, 'gpp_b': 2.0753941123148514e-05, 'gpp_d': 255.05871114324145, 'ign_k': 8.723784079712443, 'ign_c': 48.854417368121226}. Best is trial 0 with value: 0.6103502735484728.
[I 2026-05-22 17:46:44,350] Trial 167 finished with value: 0.5525334633783282 and parameters: {'k1': 0.09669967818225501, 'D_low': 28.32679591962892, 'k2': 0.004467966073869584, 'D_high': 49330.54618620393, 'fire_exp': 0.5833192606468462, 'P_half': 31.616631700569453, 'pre_dampen_half': 5.175746200799005, 'gpp_af': 0.1350004681575075, 'gpp_b': 3.7933214892203007e-06, 'gpp_d': 347.61970164081833, 'ign_k': 1.0203920897685315, 'ign_c': 9.534130999582839}. Best is trial 0 with value: 0.6103502735484728.
[I 2026-05-22 17:46:44,780] Trial 168 finished with value: 0.5269824800504187 and parameters: {'k1': 0.02811324086502641, 'D_low': 8.657525479398442, 'k2': 0.0033461328008671048, 'D_high': 77970.30907177668, 'fire_exp': 0.35696886662397476, 'P_half': 42.101642846892794, 'pre_dampen_half': 0.2790461363499844, 'gpp_af': 0.19070802179875987, 'gpp_b': 4.292507807281583e-05, 'gpp_d': 511.2417895975025, 'ign_k': 0.3136764554682967, 'ign_c': 37.87151324826771}. Best is trial 0 with value: 0.6103502735484728.
[I 2026-05-22 17:46:45,209] Trial 169 finished with value: 0.5776213781158442 and parameters: {'k1': 3.64334558793522e-05, 'D_low': 1.491100643957686, 'k2': 0.00973762005438638, 'D_high': 3291.932844385348, 'fire_exp': 0.475492343576367, 'P_half': 0.3541038267212183, 'pre_dampen_half': 0.5568570196738915, 'gpp_af': 8.835826532006935, 'gpp_b': 3.2199373960254095e-05, 'gpp_d': 81.96063222949053, 'ign_k': 0.34902092462334094, 'ign_c': 15.50430594152553}. Best is trial 0 with value: 0.6103502735484728.
