[I 2026-05-22 18:00:52,242] Trial 86 finished with value: 0.6080353627745331 and parameters: {'rain_shift': 0.8822638104826834, 'ign_k': 0.6804395554762523, 'rate_power': 1.1277820072659273}. Best is trial 14 with value: 0.6089177082115899.
[I 2026-05-22 18:00:52,605] Trial 87 finished with value: 0.5834115618999918 and parameters: {'rain_shift': 2.3770097582625676, 'ign_k': 0.6087828369681593, 'rate_power': 1.1154165271323944}. Best is trial 14 with value: 0.6089177082115899.
[I 2026-05-22 18:00:52,970] Trial 88 finished with value: 0.6063434452515413 and parameters: {'rain_shift': 0.6307161666034253, 'ign_k': 1.1757589993656719, 'rate_power': 0.9747102173155137}. Best is trial 14 with value: 0.6089177082115899.
[I 2026-05-22 18:00:53,332] Trial 89 finished with value: 0.6047940874178954 and parameters: {'rain_shift': 0.8783647875595962, 'ign_k': 0.39735211996899844, 'rate_power': 1.1276162173497093}. Best is trial 14 with value: 0.6089177082115899.
[I 2026-05-22 18:00:53,693] Trial 90 finished with value: 0.5943875543073102 and parameters: {'rain_shift': 2.262483619819883, 'ign_k': 0.2815445936323321, 'rate_power': 1.0012847624274053}. Best is trial 14 with value: 0.6089177082115899.
[I 2026-05-22 18:00:54,059] Trial 91 finished with value: 0.6059657811541727 and parameters: {'rain_shift': 0.5892341028849767, 'ign_k': 0.95070582444259, 'rate_power': 1.1981223864012256}. Best is trial 14 with value: 0.6089177082115899.
[I 2026-05-22 18:00:54,421] Trial 92 finished with value: 0.6085044887834611 and parameters: {'rain_shift': 0.39345986408535194, 'ign_k': 0.9644761501027119, 'rate_power': 1.1065227348877693}. Best is trial 14 with value: 0.6089177082115899.
[I 2026-05-22 18:00:54,793] Trial 93 finished with value: 0.6086663415364734 and parameters: {'rain_shift': 0.3692678741241869, 'ign_k': 0.6775403586737386, 'rate_power': 1.106129479213065}. Best is trial 14 with value: 0.6089177082115899.
[I 2026-05-22 18:00:55,154] Trial 94 finished with value: 0.6076251808643659 and parameters: {'rain_shift': 0.5641213565336282, 'ign_k': 1.0563082066824705, 'rate_power': 1.0964449066887632}. Best is trial 14 with value: 0.6089177082115899.
[I 2026-05-22 18:00:55,515] Trial 95 finished with value: 0.6037142106070008 and parameters: {'rain_shift': 0.028656565563006553, 'ign_k': 0.7278299725839229, 'rate_power': 1.0272561055441303}. Best is trial 14 with value: 0.6089177082115899.
[I 2026-05-22 18:00:55,871] Trial 96 finished with value: 0.6049703716696201 and parameters: {'rain_shift': 0.2061131255308416, 'ign_k': 0.5239513529669817, 'rate_power': 1.0895999994068297}. Best is trial 14 with value: 0.6089177082115899.
[I 2026-05-22 18:00:56,228] Trial 97 finished with value: 0.5983876021380587 and parameters: {'rain_shift': 1.5313661164334653, 'ign_k': 0.8053657654476591, 'rate_power': 1.0777023104344357}. Best is trial 14 with value: 0.6089177082115899.
[I 2026-05-22 18:00:56,587] Trial 98 finished with value: 0.5901194521254984 and parameters: {'rain_shift': 1.6189160770884459, 'ign_k': 1.935198878414799, 'rate_power': 1.0788288967929331}. Best is trial 14 with value: 0.6089177082115899.
[I 2026-05-22 18:00:56,960] Trial 99 finished with value: 0.5848937421901652 and parameters: {'rain_shift': 3.8355241398067355, 'ign_k': 0.21259383823674377, 'rate_power': 0.8700543797029908}. Best is trial 14 with value: 0.6089177082115899.
[I 2026-05-22 18:00:57,319] Trial 100 finished with value: 0.607234206352928 and parameters: {'rain_shift': 0.1465962369855019, 'ign_k': 1.0791358456895788, 'rate_power': 1.0896821612701233}. Best is trial 14 with value: 0.6089177082115899.
[I 2026-05-22 18:00:57,681] Trial 101 finished with value: 0.6052139938807181 and parameters: {'rain_shift': 0.08451476473060626, 'ign_k': 0.5467836162974691, 'rate_power': 1.1681180724341316}. Best is trial 14 with value: 0.6089177082115899.
[I 2026-05-22 18:00:58,042] Trial 102 finished with value: 0.5900787322767406 and parameters: {'rain_shift': 1.9911145098488234, 'ign_k': 0.5251272844438637, 'rate_power': 1.1642618862668286}. Best is trial 14 with value: 0.6089177082115899.
[I 2026-05-22 18:00:58,393] Trial 103 finished with value: 0.6067676118480493 and parameters: {'rain_shift': 1.2671507739394607, 'ign_k': 0.4013085185943833, 'rate_power': 0.9229552691218402}. Best is trial 14 with value: 0.6089177082115899.
[I 2026-05-22 18:00:58,758] Trial 104 finished with value: 0.5522952274139757 and parameters: {'rain_shift': 9.563311480123945, 'ign_k': 0.2883411483876128, 'rate_power': 0.8314917059356797}. Best is trial 14 with value: 0.6089177082115899.
[I 2026-05-22 18:00:59,114] Trial 105 finished with value: 0.6073738861245668 and parameters: {'rain_shift': 0.15216372158779623, 'ign_k': 0.61831997394278, 'rate_power': 1.1510882920366672}. Best is trial 14 with value: 0.6089177082115899.
[I 2026-05-22 18:00:59,470] Trial 106 finished with value: 0.5490382163946119 and parameters: {'rain_shift': 4.637729356189563, 'ign_k': 2.8951675415422957, 'rate_power': 1.0637075671498826}. Best is trial 14 with value: 0.6089177082115899.
[I 2026-05-22 18:00:59,832] Trial 107 finished with value: 0.5727702988484301 and parameters: {'rain_shift': 3.9091904317404644, 'ign_k': 0.1348425581143509, 'rate_power': 1.0940755166764642}. Best is trial 14 with value: 0.6089177082115899.
[I 2026-05-22 18:01:00,194] Trial 108 finished with value: 0.583794687180853 and parameters: {'rain_shift': 2.20397784935874, 'ign_k': 1.057517166431528, 'rate_power': 1.025622787345763}. Best is trial 14 with value: 0.6089177082115899.
[I 2026-05-22 18:01:00,555] Trial 109 finished with value: 0.6063494193622038 and parameters: {'rain_shift': 0.09580981835263519, 'ign_k': 0.9031891202202145, 'rate_power': 1.0758131489128757}. Best is trial 14 with value: 0.6089177082115899.
[I 2026-05-22 18:01:00,913] Trial 110 finished with value: 0.5884336141571574 and parameters: {'rain_shift': 2.2250181736096115, 'ign_k': 1.540015779293491, 'rate_power': 0.8542524794688768}. Best is trial 14 with value: 0.6089177082115899.
[I 2026-05-22 18:01:01,275] Trial 111 finished with value: 0.6046945256546594 and parameters: {'rain_shift': 0.6758876627273525, 'ign_k': 1.2866957046937506, 'rate_power': 1.1714520242018562}. Best is trial 14 with value: 0.6089177082115899.
[I 2026-05-22 18:01:01,636] Trial 112 finished with value: 0.6071872239173883 and parameters: {'rain_shift': 0.1596633300302187, 'ign_k': 0.9697350406549824, 'rate_power': 1.2647064889509856}. Best is trial 14 with value: 0.6089177082115899.
[I 2026-05-22 18:01:01,989] Trial 113 finished with value: 0.5977715660561558 and parameters: {'rain_shift': 1.5529082541334254, 'ign_k': 0.5138315793116864, 'rate_power': 1.172955212162068}. Best is trial 14 with value: 0.6089177082115899.
[I 2026-05-22 18:01:02,339] Trial 114 finished with value: 0.6060453419155878 and parameters: {'rain_shift': 0.22749897913321582, 'ign_k': 1.8600103500097775, 'rate_power': 1.117584016400738}. Best is trial 14 with value: 0.6089177082115899.
[I 2026-05-22 18:01:02,703] Trial 115 finished with value: 0.576473631417324 and parameters: {'rain_shift': 2.198875598422005, 'ign_k': 0.7136977820265745, 'rate_power': 1.298204869951391}. Best is trial 14 with value: 0.6089177082115899.
[I 2026-05-22 18:01:03,058] Trial 116 finished with value: 0.608647990515268 and parameters: {'rain_shift': 0.2584239041676686, 'ign_k': 0.6436192877501686, 'rate_power': 1.201763319893307}. Best is trial 14 with value: 0.6089177082115899.
[I 2026-05-22 18:01:03,410] Trial 117 finished with value: 0.5955570087095376 and parameters: {'rain_shift': 0.3065609880426768, 'ign_k': 0.3147544034343315, 'rate_power': 1.1835815597907537}. Best is trial 14 with value: 0.6089177082115899.
[I 2026-05-22 18:01:03,771] Trial 118 finished with value: 0.6079681940866384 and parameters: {'rain_shift': 0.18945255560494662, 'ign_k': 0.770120467535412, 'rate_power': 1.185111739536052}. Best is trial 14 with value: 0.6089177082115899.
[I 2026-05-22 18:01:04,135] Trial 119 finished with value: 0.6090971077739614 and parameters: {'rain_shift': 0.5143699851564221, 'ign_k': 0.7004314129777285, 'rate_power': 1.138394319734025}. Best is trial 119 with value: 0.6090971077739614.
[I 2026-05-22 18:01:04,497] Trial 120 finished with value: 0.598111995254065 and parameters: {'rain_shift': 1.8846272758926506, 'ign_k': 0.4205006772475934, 'rate_power': 1.0757731732200242}. Best is trial 119 with value: 0.6090971077739614.
[I 2026-05-22 18:01:04,859] Trial 121 finished with value: 0.6081854631032313 and parameters: {'rain_shift': 0.5092940855648934, 'ign_k': 1.0210188702359888, 'rate_power': 1.1145298948297064}. Best is trial 119 with value: 0.6090971077739614.
[I 2026-05-22 18:01:05,220] Trial 122 finished with value: 0.6086560640075589 and parameters: {'rain_shift': 0.3801084605900734, 'ign_k': 0.6346508937128582, 'rate_power': 1.14514085734488}. Best is trial 119 with value: 0.6090971077739614.
[I 2026-05-22 18:01:05,583] Trial 123 finished with value: 0.6025257977706232 and parameters: {'rain_shift': 1.344023513443824, 'ign_k': 0.602467579528194, 'rate_power': 1.126992033305519}. Best is trial 119 with value: 0.6090971077739614.
[I 2026-05-22 18:01:05,946] Trial 124 finished with value: 0.6079410762997408 and parameters: {'rain_shift': 0.20842335659030445, 'ign_k': 0.7722937322087934, 'rate_power': 1.1590911484941828}. Best is trial 119 with value: 0.6090971077739614.
[I 2026-05-22 18:01:06,312] Trial 125 finished with value: 0.6000976667061805 and parameters: {'rain_shift': 0.220375813046568, 'ign_k': 0.3956262066740838, 'rate_power': 1.13660741342203}. Best is trial 119 with value: 0.6090971077739614.
[I 2026-05-22 18:01:06,675] Trial 126 finished with value: 0.6068650971889615 and parameters: {'rain_shift': 0.02621208810689013, 'ign_k': 0.7649738226781783, 'rate_power': 1.1440453570632376}. Best is trial 119 with value: 0.6090971077739614.
[I 2026-05-22 18:01:07,035] Trial 127 finished with value: 0.5900297778000755 and parameters: {'rain_shift': 1.851145795775729, 'ign_k': 0.45649312879856163, 'rate_power': 1.2292596339344537}. Best is trial 119 with value: 0.6090971077739614.
[I 2026-05-22 18:01:07,390] Trial 128 finished with value: 0.5641305603408409 and parameters: {'rain_shift': 3.025720851972318, 'ign_k': 0.058104050393675354, 'rate_power': 0.7034983562382489}. Best is trial 119 with value: 0.6090971077739614.
[I 2026-05-22 18:01:07,742] Trial 129 finished with value: 0.5967911838114721 and parameters: {'rain_shift': 1.3784979046251984, 'ign_k': 0.8993014514466255, 'rate_power': 1.1649567944759252}. Best is trial 119 with value: 0.6090971077739614.
[I 2026-05-22 18:01:08,093] Trial 130 finished with value: 0.6076704219991476 and parameters: {'rain_shift': 0.07793747959096675, 'ign_k': 0.7252393243301531, 'rate_power': 1.2130978193444826}. Best is trial 119 with value: 0.6090971077739614.
[I 2026-05-22 18:01:08,445] Trial 131 finished with value: 0.601804739378288 and parameters: {'rain_shift': 1.209174566429872, 'ign_k': 0.7802399498800902, 'rate_power': 1.1336950414169524}. Best is trial 119 with value: 0.6090971077739614.
[I 2026-05-22 18:01:08,807] Trial 132 finished with value: 0.6065956495339206 and parameters: {'rain_shift': 0.02660772458611932, 'ign_k': 1.2103746794349348, 'rate_power': 1.1485267858656962}. Best is trial 119 with value: 0.6090971077739614.
[I 2026-05-22 18:01:09,168] Trial 133 finished with value: 0.6092064541256602 and parameters: {'rain_shift': 0.6475821939869066, 'ign_k': 0.6132066867355079, 'rate_power': 1.1051462988330667}. Best is trial 133 with value: 0.6092064541256602.
[I 2026-05-22 18:01:09,520] Trial 134 finished with value: 0.6066440048835394 and parameters: {'rain_shift': 0.9906457649277343, 'ign_k': 0.4133965883612284, 'rate_power': 1.025489341520794}. Best is trial 133 with value: 0.6092064541256602.
[I 2026-05-22 18:01:09,882] Trial 135 finished with value: 0.6047369269271141 and parameters: {'rain_shift': 0.13985944971872918, 'ign_k': 0.5636067451446786, 'rate_power': 1.0826506119344386}. Best is trial 133 with value: 0.6092064541256602.
[I 2026-05-22 18:01:10,243] Trial 136 finished with value: 0.5443389876182986 and parameters: {'rain_shift': 7.149134037726573, 'ign_k': 1.9572777158925092, 'rate_power': 0.8485946078373567}. Best is trial 133 with value: 0.6092064541256602.
[I 2026-05-22 18:01:10,609] Trial 137 finished with value: 0.5785717426574567 and parameters: {'rain_shift': 2.2337236694955145, 'ign_k': 0.861464695144761, 'rate_power': 1.170425541803459}. Best is trial 133 with value: 0.6092064541256602.
[I 2026-05-22 18:01:10,959] Trial 138 finished with value: 0.6066128011446144 and parameters: {'rain_shift': 0.03968412145968292, 'ign_k': 0.6605575848064106, 'rate_power': 1.1509028508221575}. Best is trial 133 with value: 0.6092064541256602.
[I 2026-05-22 18:01:11,318] Trial 139 finished with value: 0.5999226124996201 and parameters: {'rain_shift': 1.4741646271642321, 'ign_k': 0.7750719297858476, 'rate_power': 1.0781152693354306}. Best is trial 133 with value: 0.6092064541256602.
[I 2026-05-22 18:01:11,681] Trial 140 finished with value: 0.5970185550417854 and parameters: {'rain_shift': 1.4741483555440715, 'ign_k': 0.475030734363211, 'rate_power': 1.2183594556489459}. Best is trial 133 with value: 0.6092064541256602.
[I 2026-05-22 18:01:12,040] Trial 141 finished with value: 0.5991650704179845 and parameters: {'rain_shift': 0.07283285180688448, 'ign_k': 0.4233668626616877, 'rate_power': 1.1289232817680455}. Best is trial 133 with value: 0.6092064541256602.
[I 2026-05-22 18:01:12,392] Trial 142 finished with value: 0.6060320030881641 and parameters: {'rain_shift': 0.10990535824292347, 'ign_k': 0.6001484018645579, 'rate_power': 1.120047270115704}. Best is trial 133 with value: 0.6092064541256602.
[I 2026-05-22 18:01:12,748] Trial 143 finished with value: 0.5653216647147068 and parameters: {'rain_shift': 9.341149450713017, 'ign_k': 0.08142743397910364, 'rate_power': 0.8890655533645551}. Best is trial 133 with value: 0.6092064541256602.
[I 2026-05-22 18:01:13,101] Trial 144 finished with value: 0.5998151101080342 and parameters: {'rain_shift': 1.2844480558009894, 'ign_k': 0.9380648251977499, 'rate_power': 1.123298071015172}. Best is trial 133 with value: 0.6092064541256602.
[I 2026-05-22 18:01:13,456] Trial 145 finished with value: 0.6069338967029301 and parameters: {'rain_shift': 0.4514863965798721, 'ign_k': 0.4907005001874499, 'rate_power': 1.2165985520215683}. Best is trial 133 with value: 0.6092064541256602.
[I 2026-05-22 18:01:13,817] Trial 146 finished with value: 0.6080765663848898 and parameters: {'rain_shift': 0.2563655755142735, 'ign_k': 0.810286304280722, 'rate_power': 1.1797530753753431}. Best is trial 133 with value: 0.6092064541256602.
[I 2026-05-22 18:01:14,189] Trial 147 finished with value: 0.5726371805455321 and parameters: {'rain_shift': 6.532550258441778, 'ign_k': 0.18548094163079998, 'rate_power': 0.7817819098428191}. Best is trial 133 with value: 0.6092064541256602.
[I 2026-05-22 18:01:14,544] Trial 148 finished with value: 0.5906466835975738 and parameters: {'rain_shift': 1.443693379871212, 'ign_k': 1.4137581202945588, 'rate_power': 1.1985387470936024}. Best is trial 133 with value: 0.6092064541256602.
[I 2026-05-22 18:01:14,916] Trial 149 finished with value: 0.6025105575330435 and parameters: {'rain_shift': 0.0014782448635976553, 'ign_k': 0.47566988524582127, 'rate_power': 1.245513036493511}. Best is trial 133 with value: 0.6092064541256602.
[I 2026-05-22 18:01:15,283] Trial 150 finished with value: 0.6052009713817414 and parameters: {'rain_shift': 0.0875523674438966, 'ign_k': 0.8033482576138539, 'rate_power': 1.0394549639641317}. Best is trial 133 with value: 0.6092064541256602.
[I 2026-05-22 18:01:15,643] Trial 151 finished with value: 0.59905944385078 and parameters: {'rain_shift': 1.1339998838164174, 'ign_k': 1.0208466156223728, 'rate_power': 1.180231556397842}. Best is trial 133 with value: 0.6092064541256602.
[I 2026-05-22 18:01:16,000] Trial 152 finished with value: 0.6078072019850962 and parameters: {'rain_shift': 0.168737421393296, 'ign_k': 0.9079760492816523, 'rate_power': 1.150975348583795}. Best is trial 133 with value: 0.6092064541256602.
[I 2026-05-22 18:01:16,351] Trial 153 finished with value: 0.6033469688694645 and parameters: {'rain_shift': 1.005730506228621, 'ign_k': 0.7420128427861734, 'rate_power': 1.1953586551317155}. Best is trial 133 with value: 0.6092064541256602.
[I 2026-05-22 18:01:16,718] Trial 154 finished with value: 0.6010253560617189 and parameters: {'rain_shift': 1.5546688844688825, 'ign_k': 0.6090098076472809, 'rate_power': 1.0828285396674313}. Best is trial 133 with value: 0.6092064541256602.
[I 2026-05-22 18:01:17,083] Trial 155 finished with value: 0.6070222515128024 and parameters: {'rain_shift': 0.04453825115616891, 'ign_k': 1.2338807034233337, 'rate_power': 1.204691353840432}. Best is trial 133 with value: 0.6092064541256602.
[I 2026-05-22 18:01:17,444] Trial 156 finished with value: 0.6079369628529242 and parameters: {'rain_shift': 0.3376631730376716, 'ign_k': 0.8304136767527935, 'rate_power': 1.199411611578345}. Best is trial 133 with value: 0.6092064541256602.
[I 2026-05-22 18:01:17,807] Trial 157 finished with value: 0.5940293127076591 and parameters: {'rain_shift': 1.8032944847300518, 'ign_k': 0.3048173670558665, 'rate_power': 1.139370895643649}. Best is trial 133 with value: 0.6092064541256602.
[I 2026-05-22 18:01:18,163] Trial 158 finished with value: 0.608101361075719 and parameters: {'rain_shift': 0.2649767656604883, 'ign_k': 0.842607834708908, 'rate_power': 1.1230117781515383}. Best is trial 133 with value: 0.6092064541256602.
[I 2026-05-22 18:01:18,515] Trial 159 finished with value: 0.6015880182432467 and parameters: {'rain_shift': 1.1885568923714134, 'ign_k': 1.129235666000808, 'rate_power': 1.0588489799082366}. Best is trial 133 with value: 0.6092064541256602.
[I 2026-05-22 18:01:18,868] Trial 160 finished with value: 0.5962867228390131 and parameters: {'rain_shift': 0.052793768037273314, 'ign_k': 0.5807731663033956, 'rate_power': 0.9379570231595273}. Best is trial 133 with value: 0.6092064541256602.
[I 2026-05-22 18:01:19,225] Trial 161 finished with value: 0.6030928033167392 and parameters: {'rain_shift': 1.4182861213385751, 'ign_k': 0.6420575255526236, 'rate_power': 1.0798073186560608}. Best is trial 133 with value: 0.6092064541256602.
[I 2026-05-22 18:01:19,577] Trial 162 finished with value: 0.6075341844483796 and parameters: {'rain_shift': 0.11877903574014265, 'ign_k': 0.9430585529688953, 'rate_power': 1.134494691182844}. Best is trial 133 with value: 0.6092064541256602.
[I 2026-05-22 18:01:19,930] Trial 163 finished with value: 0.5724263726905768 and parameters: {'rain_shift': 2.515474247854356, 'ign_k': 0.08195646632017112, 'rate_power': 0.9729745325431904}. Best is trial 133 with value: 0.6092064541256602.
[I 2026-05-22 18:01:20,283] Trial 164 finished with value: 0.6085445239237166 and parameters: {'rain_shift': 0.5158051517989234, 'ign_k': 0.577326445763221, 'rate_power': 1.1173303772681396}. Best is trial 133 with value: 0.6092064541256602.
[I 2026-05-22 18:01:20,635] Trial 165 finished with value: 0.588341034165152 and parameters: {'rain_shift': 2.0749671547612683, 'ign_k': 0.675535700479209, 'rate_power': 1.1126076758210328}. Best is trial 133 with value: 0.6092064541256602.
[I 2026-05-22 18:01:20,987] Trial 166 finished with value: 0.5980908958518714 and parameters: {'rain_shift': 0.8640679561306448, 'ign_k': 0.309106312266205, 'rate_power': 1.0500154938599762}. Best is trial 133 with value: 0.6092064541256602.
[I 2026-05-22 18:01:21,338] Trial 167 finished with value: 0.6080302245964968 and parameters: {'rain_shift': 0.35255334301428953, 'ign_k': 0.6660818937812445, 'rate_power': 1.0570875795249564}. Best is trial 133 with value: 0.6092064541256602.
[I 2026-05-22 18:01:21,687] Trial 168 finished with value: 0.6040476208181627 and parameters: {'rain_shift': 1.199193215946376, 'ign_k': 0.8744371586683765, 'rate_power': 1.0452455095499593}. Best is trial 133 with value: 0.6092064541256602.
[I 2026-05-22 18:01:22,037] Trial 169 finished with value: 0.5923146983154289 and parameters: {'rain_shift': 0.05834206551139187, 'ign_k': 0.37203525607649734, 'rate_power': 1.0273429070269755}. Best is trial 133 with value: 0.6092064541256602.
[I 2026-05-22 18:01:22,388] Trial 170 finished with value: 0.6071478884291519 and parameters: {'rain_shift': 1.092413897070552, 'ign_k': 0.6472144192871165, 'rate_power': 1.0933531638502378}. Best is trial 133 with value: 0.6092064541256602.
[I 2026-05-22 18:01:22,740] Trial 171 finished with value: 0.6081151200620585 and parameters: {'rain_shift': 0.978414005969914, 'ign_k': 0.5292669045141566, 'rate_power': 1.1036664778496565}. Best is trial 133 with value: 0.6092064541256602.
[I 2026-05-22 18:01:23,092] Trial 172 finished with value: 0.6043125481718823 and parameters: {'rain_shift': 0.0023020404811616713, 'ign_k': 1.2375185282647199, 'rate_power': 1.0240400453481089}. Best is trial 133 with value: 0.6092064541256602.
[I 2026-05-22 18:01:23,439] Trial 173 finished with value: 0.6040931091007202 and parameters: {'rain_shift': 0.07088365608039071, 'ign_k': 0.5595424966715156, 'rate_power': 1.106079731556641}. Best is trial 133 with value: 0.6092064541256602.
[I 2026-05-22 18:01:23,789] Trial 174 finished with value: 0.5929006713225001 and parameters: {'rain_shift': 2.195568063274909, 'ign_k': 0.6230671071821335, 'rate_power': 0.9985870447966054}. Best is trial 133 with value: 0.6092064541256602.
[I 2026-05-22 18:01:24,137] Trial 175 finished with value: 0.6079789101835359 and parameters: {'rain_shift': 0.9268951673668445, 'ign_k': 0.47732446636648995, 'rate_power': 1.0813967418340746}. Best is trial 133 with value: 0.6092064541256602.
