[I 2026-05-22 17:34:36,053] Trial 271 finished with value: 0.56959849127274 and parameters: {'k1': 0.004319729291701897, 'D_low': 355.0699586860338, 'k2': 0.0028800288307822878, 'D_high': 9969.91128738059, 'fire_exp': 0.5289383849691164, 'P_half': 1.8885164987408993, 'pre_dampen_half': 0.5750140699897746, 'gpp_af': 65.4377465267493, 'gpp_b': 2.6069259557579413e-05, 'gpp_d': 203.08990360010537, 'ign_k': 4.187493190165693, 'ign_c': 4.603488924909319, 'P_wet_supp': 9466.467375438802, 'P_wet_pow': 2.51736547423828, 'P_half2': 19.700110595306484, 'P_floor_pow': 1.0537997072432879}. Best is trial 251 with value: 0.587606512700343.
[I 2026-05-22 17:34:36,599] Trial 272 finished with value: 0.5184782346353506 and parameters: {'k1': 0.004711516263658289, 'D_low': 72.630812763496, 'k2': 0.0005461469168263123, 'D_high': 29515.858009084757, 'fire_exp': 0.7529710720687592, 'P_half': 2.531084853839967, 'pre_dampen_half': 0.03974956113711956, 'gpp_af': 8.762323086549918, 'gpp_b': 7.2511062898423575e-06, 'gpp_d': 923.2696273922014, 'ign_k': 6.898423322932699, 'ign_c': 0.28749493987257435, 'P_wet_supp': 6832.289235288898, 'P_wet_pow': 3.589811733276722, 'P_half2': 150.1704288434906, 'P_floor_pow': 1.607849713891473}. Best is trial 251 with value: 0.587606512700343.
[I 2026-05-22 17:34:37,150] Trial 273 finished with value: 0.5476476073221758 and parameters: {'k1': 0.039873073590595755, 'D_low': 37.5715600927809, 'k2': 0.0054345524862162795, 'D_high': 725.4686000315506, 'fire_exp': 0.5651808415766539, 'P_half': 0.6871204180472399, 'pre_dampen_half': 0.2752307363911972, 'gpp_af': 4.90375548903197, 'gpp_b': 3.6039519912153244e-06, 'gpp_d': 863.6469444284634, 'ign_k': 1.0070257150865598, 'ign_c': 1.059310329504568, 'P_wet_supp': 2616.9005636255724, 'P_wet_pow': 4.8366660577581095, 'P_half2': 5.427180176193218, 'P_floor_pow': 1.662615122521842}. Best is trial 251 with value: 0.587606512700343.
[I 2026-05-22 17:34:37,707] Trial 274 finished with value: 0.5545074473829935 and parameters: {'k1': 0.03628350688117905, 'D_low': 1.939430268725428, 'k2': 0.0004319652309922209, 'D_high': 2877.788002715015, 'fire_exp': 0.4737342391219197, 'P_half': 0.13659431727757268, 'pre_dampen_half': 2.7858308557544698, 'gpp_af': 15.593405214403134, 'gpp_b': 3.91013268622912e-05, 'gpp_d': 18.366499456237744, 'ign_k': 0.10267657170184596, 'ign_c': 0.720650588316952, 'P_wet_supp': 4048.2315023570277, 'P_wet_pow': 4.198104869131957, 'P_half2': 1.973120117388352, 'P_floor_pow': 0.9218101656426069}. Best is trial 251 with value: 0.587606512700343.
[I 2026-05-22 17:34:38,251] Trial 275 finished with value: 0.549227350449232 and parameters: {'k1': 0.00012342533359062518, 'D_low': 2933.233204732756, 'k2': 0.0029219815647485944, 'D_high': 71820.20604002768, 'fire_exp': 0.544340836213811, 'P_half': 4.217254004849456, 'pre_dampen_half': 0.11290940449824742, 'gpp_af': 11.906535470213601, 'gpp_b': 1.3459745457950012e-05, 'gpp_d': 191.85000162545975, 'ign_k': 0.1526107549019273, 'ign_c': 2.917045655309718, 'P_wet_supp': 5134.714215358496, 'P_wet_pow': 2.558105654677966, 'P_half2': 77.52748477888291, 'P_floor_pow': 0.41571844570727046}. Best is trial 251 with value: 0.587606512700343.
[I 2026-05-22 17:34:38,789] Trial 276 finished with value: 0.5368037902087788 and parameters: {'k1': 0.0009469230528238061, 'D_low': 55.57290567129324, 'k2': 4.914985668895994e-05, 'D_high': 30008.86653916536, 'fire_exp': 0.44566156036759147, 'P_half': 1.2163113691774554, 'pre_dampen_half': 0.14453523438293583, 'gpp_af': 0.005554212992915288, 'gpp_b': 0.0002445452356126845, 'gpp_d': 138.4759119229484, 'ign_k': 0.6117522483606878, 'ign_c': 2.595776966313682, 'P_wet_supp': 1395.909831415251, 'P_wet_pow': 4.128924587153358, 'P_half2': 0.49292561777436994, 'P_floor_pow': 0.06910430946105672}. Best is trial 251 with value: 0.587606512700343.
[I 2026-05-22 17:34:39,342] Trial 277 finished with value: 0.5602452432324287 and parameters: {'k1': 0.033833207953060565, 'D_low': 3.935070337412934, 'k2': 0.0005562306551955648, 'D_high': 37805.49268832677, 'fire_exp': 0.4551105689727865, 'P_half': 58.79959393969034, 'pre_dampen_half': 0.25590905188155644, 'gpp_af': 0.45627389544934427, 'gpp_b': 0.023872582580230586, 'gpp_d': 4.41227751510159, 'ign_k': 2.5482613862891124, 'ign_c': 0.13005551957154457, 'P_wet_supp': 2550.582971046545, 'P_wet_pow': 3.6366552249601485, 'P_half2': 1.991397007397443, 'P_floor_pow': 0.12060583222206356}. Best is trial 251 with value: 0.587606512700343.
[I 2026-05-22 17:34:39,886] Trial 278 finished with value: 0.5672967352002454 and parameters: {'k1': 0.07884250461435172, 'D_low': 6.1775771855394455, 'k2': 0.006702377484325188, 'D_high': 41865.824434444374, 'fire_exp': 0.513913115099944, 'P_half': 0.11763187057340478, 'pre_dampen_half': 0.37939128315437637, 'gpp_af': 1.668887987500351, 'gpp_b': 1.396936450478379e-06, 'gpp_d': 124.98328963512039, 'ign_k': 0.3489449742735702, 'ign_c': 27.565550980667936, 'P_wet_supp': 5259.473376092748, 'P_wet_pow': 3.1440805184385114, 'P_half2': 3.587845091045266, 'P_floor_pow': 1.8958191578935204}. Best is trial 251 with value: 0.587606512700343.
[I 2026-05-22 17:34:40,427] Trial 279 finished with value: 0.5165952420819155 and parameters: {'k1': 0.018652230338714722, 'D_low': 20.949284275913495, 'k2': 0.0035405366565706455, 'D_high': 17532.18958852511, 'fire_exp': 0.4404583014018796, 'P_half': 0.44889216484609834, 'pre_dampen_half': 0.2890445136844538, 'gpp_af': 62.07475589436487, 'gpp_b': 2.987351898619815e-06, 'gpp_d': 67.4993766116577, 'ign_k': 0.0518491337712453, 'ign_c': 0.44527195603344816, 'P_wet_supp': 589.473536989213, 'P_wet_pow': 3.569177626314967, 'P_half2': 1.3111721118691955, 'P_floor_pow': 1.7795990432927669}. Best is trial 251 with value: 0.587606512700343.
[I 2026-05-22 17:34:40,964] Trial 280 finished with value: 0.3994490055432051 and parameters: {'k1': 0.0007757501527369136, 'D_low': 286.1110641120792, 'k2': 0.00020528864476751697, 'D_high': 882.3182519313074, 'fire_exp': 0.4509743864831987, 'P_half': 0.9046142890613676, 'pre_dampen_half': 97.16364773009987, 'gpp_af': 0.04405274675014435, 'gpp_b': 1.6730967932285827e-06, 'gpp_d': 647.0173991320685, 'ign_k': 6.2961843813532905, 'ign_c': 95.31186286860284, 'P_wet_supp': 694.9595217204336, 'P_wet_pow': 2.8425735764059037, 'P_half2': 0.47976340506757764, 'P_floor_pow': 2.5458185482013183}. Best is trial 251 with value: 0.587606512700343.
[I 2026-05-22 17:34:41,504] Trial 281 finished with value: 0.5623119962418971 and parameters: {'k1': 0.04624935691682771, 'D_low': 1.3175391122579703, 'k2': 0.0007328162978014802, 'D_high': 4661.752338746458, 'fire_exp': 0.5864687757915603, 'P_half': 6.853223633340049, 'pre_dampen_half': 0.291421217941843, 'gpp_af': 0.0019503743220630775, 'gpp_b': 3.3954908748279777e-06, 'gpp_d': 0.011574571605138063, 'ign_k': 0.10302465784719403, 'ign_c': 2.131349146101138, 'P_wet_supp': 6997.587598326607, 'P_wet_pow': 2.1772093118721014, 'P_half2': 3.932170521316271, 'P_floor_pow': 2.501540806442214}. Best is trial 251 with value: 0.587606512700343.
[I 2026-05-22 17:34:42,045] Trial 282 finished with value: 0.4035777250811601 and parameters: {'k1': 0.0037196600159514663, 'D_low': 6.731575609554317, 'k2': 0.02996334155218864, 'D_high': 1402.3212386787527, 'fire_exp': 0.4025657264743931, 'P_half': 6.177933513552399, 'pre_dampen_half': 0.011639060922599333, 'gpp_af': 0.863595860956832, 'gpp_b': 3.2371969705553295e-05, 'gpp_d': 492.9381189963995, 'ign_k': 2.347431965385573, 'ign_c': 43.657658248330726, 'P_wet_supp': 4549.389684793878, 'P_wet_pow': 3.513318188348576, 'P_half2': 0.2992651319652214, 'P_floor_pow': 2.908988236194334}. Best is trial 251 with value: 0.587606512700343.
[I 2026-05-22 17:34:42,586] Trial 283 finished with value: 0.5637142607935369 and parameters: {'k1': 0.0033845765647613755, 'D_low': 489.2146856258215, 'k2': 0.0007718272339092008, 'D_high': 19584.144827197226, 'fire_exp': 0.4743035583449278, 'P_half': 36.716846209237815, 'pre_dampen_half': 0.3498027432382858, 'gpp_af': 65.84705406969948, 'gpp_b': 4.276260129175784e-06, 'gpp_d': 27.818976121862928, 'ign_k': 1.6425047917891056, 'ign_c': 8.274486589589976, 'P_wet_supp': 7489.823019510759, 'P_wet_pow': 3.050054459337244, 'P_half2': 2.803174329920641, 'P_floor_pow': 1.845949612887679}. Best is trial 251 with value: 0.587606512700343.
[I 2026-05-22 17:34:43,138] Trial 284 finished with value: 0.5591429724188033 and parameters: {'k1': 0.0011463604374327373, 'D_low': 3.9611810937475274, 'k2': 0.0003645106779347109, 'D_high': 91134.82768966725, 'fire_exp': 0.5266391881430242, 'P_half': 1.5643743570577495, 'pre_dampen_half': 10.215313428307681, 'gpp_af': 0.32165594434255934, 'gpp_b': 0.0022635690956077405, 'gpp_d': 7.742410382718907, 'ign_k': 7.02401741677931, 'ign_c': 11.457115726421236, 'P_wet_supp': 2452.562976690381, 'P_wet_pow': 1.4066527508107156, 'P_half2': 1.0070140529546465, 'P_floor_pow': 1.2745950329266245}. Best is trial 251 with value: 0.587606512700343.
[I 2026-05-22 17:34:43,679] Trial 285 finished with value: 0.5366472410123216 and parameters: {'k1': 0.0014898234411222992, 'D_low': 95.89635717208716, 'k2': 0.09438853679112856, 'D_high': 9918.99507752057, 'fire_exp': 0.39565740573229013, 'P_half': 0.25061903812025543, 'pre_dampen_half': 93.4000906821058, 'gpp_af': 26.813776956482986, 'gpp_b': 1.7901380105609732e-06, 'gpp_d': 199.34499432557595, 'ign_k': 0.4885368378164164, 'ign_c': 22.24350016580769, 'P_wet_supp': 479.8946106394967, 'P_wet_pow': 1.4112739339353966, 'P_half2': 0.5605863488086948, 'P_floor_pow': 4.444932087289827}. Best is trial 251 with value: 0.587606512700343.
[I 2026-05-22 17:34:44,222] Trial 286 finished with value: 0.5624540806854721 and parameters: {'k1': 0.0003495650276010407, 'D_low': 20.70559359327727, 'k2': 0.00311965666902239, 'D_high': 1182.2898986943003, 'fire_exp': 0.4547717814522722, 'P_half': 0.2099325450235157, 'pre_dampen_half': 0.6503849008967894, 'gpp_af': 18.212270567246637, 'gpp_b': 1.2432995433375987e-06, 'gpp_d': 120.7996347328182, 'ign_k': 1.3987574612275024, 'ign_c': 3.0884653876807016, 'P_wet_supp': 3201.131092688382, 'P_wet_pow': 3.2031797323618987, 'P_half2': 29.68257534770687, 'P_floor_pow': 0.7448096448074328}. Best is trial 251 with value: 0.587606512700343.
[I 2026-05-22 17:34:44,768] Trial 287 finished with value: 0.5119217583477303 and parameters: {'k1': 0.06452424653854995, 'D_low': 8.41914410299773, 'k2': 0.0029722587870083506, 'D_high': 18168.316865268578, 'fire_exp': 1.2386287296924288, 'P_half': 0.5688164082531066, 'pre_dampen_half': 1.7133523239697552, 'gpp_af': 40.92864764484932, 'gpp_b': 2.0564448591871736e-05, 'gpp_d': 51.76855311677761, 'ign_k': 0.0728814518959439, 'ign_c': 28.12182504335467, 'P_wet_supp': 5093.120238865904, 'P_wet_pow': 2.0231868622158182, 'P_half2': 1.4980943811630354, 'P_floor_pow': 2.5897761761904134}. Best is trial 251 with value: 0.587606512700343.
[I 2026-05-22 17:34:45,320] Trial 288 finished with value: 0.4834367809580438 and parameters: {'k1': 0.022393989590007695, 'D_low': 1420.000627983983, 'k2': 0.0008055073791634518, 'D_high': 30847.8283002992, 'fire_exp': 0.5632892062873929, 'P_half': 104.32926029336605, 'pre_dampen_half': 8.020150859241278, 'gpp_af': 17.607228573480462, 'gpp_b': 3.5605437211365435e-05, 'gpp_d': 8.69807261249371, 'ign_k': 0.12943991442142697, 'ign_c': 2.539002246755415, 'P_wet_supp': 2054.737142755478, 'P_wet_pow': 2.6668411597869968, 'P_half2': 0.5099227255577758, 'P_floor_pow': 2.6756713098256935}. Best is trial 251 with value: 0.587606512700343.
[I 2026-05-22 17:34:45,872] Trial 289 finished with value: 0.541450753262372 and parameters: {'k1': 0.0005588148002590791, 'D_low': 4.994897243854813, 'k2': 0.0036172429384719908, 'D_high': 3853.2116593452834, 'fire_exp': 0.4131449003017591, 'P_half': 0.13499115240334986, 'pre_dampen_half': 53.343821979214255, 'gpp_af': 2.251856890468916, 'gpp_b': 3.877975817948657e-05, 'gpp_d': 351.21109536009993, 'ign_k': 0.6219084322814062, 'ign_c': 12.331304238963723, 'P_wet_supp': 728.9107329722684, 'P_wet_pow': 1.1304837979595357, 'P_half2': 1014.6742457502248, 'P_floor_pow': 0.434450774891041}. Best is trial 251 with value: 0.587606512700343.
[I 2026-05-22 17:34:46,421] Trial 290 finished with value: 0.5244013777412335 and parameters: {'k1': 0.05352007235531299, 'D_low': 2.257939886997513, 'k2': 0.001799264284713771, 'D_high': 66613.86626968427, 'fire_exp': 2.0921296025676903, 'P_half': 0.12444051688663127, 'pre_dampen_half': 152.67414350806496, 'gpp_af': 0.00830202316027816, 'gpp_b': 0.0001933143117293786, 'gpp_d': 3.328935369101863, 'ign_k': 9.433366409711766, 'ign_c': 0.10041414825880086, 'P_wet_supp': 4914.199520490517, 'P_wet_pow': 3.983225299231646, 'P_half2': 36.26114421677629, 'P_floor_pow': 0.4072954476582757}. Best is trial 251 with value: 0.587606512700343.
[I 2026-05-22 17:34:46,974] Trial 291 finished with value: 0.4746383048868875 and parameters: {'k1': 0.02110658318381952, 'D_low': 1629.1788427005113, 'k2': 0.003773675162590929, 'D_high': 18655.519753261706, 'fire_exp': 0.3846737046745057, 'P_half': 602.5625268978787, 'pre_dampen_half': 0.05648246848594377, 'gpp_af': 14.578811067895261, 'gpp_b': 2.1180131610502248e-05, 'gpp_d': 135.88294220207501, 'ign_k': 0.9072903316875662, 'ign_c': 2.0891250652728472, 'P_wet_supp': 2060.6593948788063, 'P_wet_pow': 3.5470630824822087, 'P_half2': 22.326350396643317, 'P_floor_pow': 1.1329356899337195}. Best is trial 251 with value: 0.587606512700343.
[I 2026-05-22 17:34:47,525] Trial 292 finished with value: 0.48130458600355375 and parameters: {'k1': 0.021689250203609685, 'D_low': 1.9303359611140904, 'k2': 0.09664344257246521, 'D_high': 240.42421049145813, 'fire_exp': 0.6871244727962696, 'P_half': 0.12001327654170571, 'pre_dampen_half': 0.6375336292285015, 'gpp_af': 0.0046501388464245865, 'gpp_b': 1.7010075205683028e-06, 'gpp_d': 92.34569504781346, 'ign_k': 0.6125483164718658, 'ign_c': 1.8040909131357714, 'P_wet_supp': 4555.7232023048955, 'P_wet_pow': 3.62599997520988, 'P_half2': 0.26600917645278277, 'P_floor_pow': 1.71356562660493}. Best is trial 251 with value: 0.587606512700343.
[I 2026-05-22 17:34:48,079] Trial 293 finished with value: 0.3960849915508165 and parameters: {'k1': 0.010781270362177103, 'D_low': 1633.7547370588252, 'k2': 0.001516432830583461, 'D_high': 12470.53823285798, 'fire_exp': 1.820880610343099, 'P_half': 10.906204737146297, 'pre_dampen_half': 0.020208204835250425, 'gpp_af': 8.761810784703565, 'gpp_b': 1.5645991311372686e-06, 'gpp_d': 7.802616256511912, 'ign_k': 0.6448329139857094, 'ign_c': 41.583600324401566, 'P_wet_supp': 4741.950921167616, 'P_wet_pow': 1.8941215541162884, 'P_half2': 7.708026052414384, 'P_floor_pow': 3.5181726521629955}. Best is trial 251 with value: 0.587606512700343.
[I 2026-05-22 17:34:48,626] Trial 294 finished with value: 0.5771005635701364 and parameters: {'k1': 0.008093471542579533, 'D_low': 4.529779000167116, 'k2': 0.002501389765906359, 'D_high': 15111.015485301457, 'fire_exp': 0.9059673627468, 'P_half': 1.1697761887053533, 'pre_dampen_half': 1.5052908814985413, 'gpp_af': 43.02234034752558, 'gpp_b': 4.023814890705095e-06, 'gpp_d': 372.44256043608067, 'ign_k': 1.0822384915095082, 'ign_c': 1.191570388672084, 'P_wet_supp': 2120.853541109543, 'P_wet_pow': 4.274211585731822, 'P_half2': 14.016598806504629, 'P_floor_pow': 0.20861108600606604}. Best is trial 251 with value: 0.587606512700343.
[I 2026-05-22 17:34:49,175] Trial 295 finished with value: 0.5799027044646277 and parameters: {'k1': 0.006824826213096086, 'D_low': 1.707112326227379, 'k2': 0.008361440962605089, 'D_high': 43746.39692171203, 'fire_exp': 2.5363559917312157, 'P_half': 0.12452458610027996, 'pre_dampen_half': 20.831179057281407, 'gpp_af': 9.172129093616702, 'gpp_b': 6.140509642937468e-05, 'gpp_d': 426.8651293111375, 'ign_k': 0.13671195445925025, 'ign_c': 0.5673028695518095, 'P_wet_supp': 6601.059833520578, 'P_wet_pow': 4.307503381664402, 'P_half2': 74.9514571743505, 'P_floor_pow': 0.5978515181067316}. Best is trial 251 with value: 0.587606512700343.
[I 2026-05-22 17:34:49,729] Trial 296 finished with value: 0.5245892630402917 and parameters: {'k1': 0.00029235412456972215, 'D_low': 25.305714677666202, 'k2': 0.001770238519749819, 'D_high': 35139.83391853702, 'fire_exp': 2.007096253637684, 'P_half': 0.10251263598011633, 'pre_dampen_half': 0.8133374876652838, 'gpp_af': 59.83545479817629, 'gpp_b': 3.943710964857389e-06, 'gpp_d': 594.8535345401336, 'ign_k': 6.196259581758544, 'ign_c': 8.64010298878149, 'P_wet_supp': 5655.299468040257, 'P_wet_pow': 1.4767669465395465, 'P_half2': 0.6873215968914296, 'P_floor_pow': 0.3625205180929333}. Best is trial 251 with value: 0.587606512700343.
[I 2026-05-22 17:34:50,280] Trial 297 finished with value: 0.562183747668736 and parameters: {'k1': 0.033650041378428204, 'D_low': 1.9397952000389025, 'k2': 6.198527836917226e-05, 'D_high': 49270.525971568386, 'fire_exp': 0.40973072977922353, 'P_half': 94.10981739298137, 'pre_dampen_half': 0.28307917713672065, 'gpp_af': 0.10865051873771517, 'gpp_b': 0.0005573315007783473, 'gpp_d': 6.590040422008607, 'ign_k': 0.15834464510073465, 'ign_c': 0.3368897657012748, 'P_wet_supp': 6224.589985451165, 'P_wet_pow': 2.4510617123296656, 'P_half2': 2.4160732139995247, 'P_floor_pow': 0.8192499621010112}. Best is trial 251 with value: 0.587606512700343.
[I 2026-05-22 17:34:50,828] Trial 298 finished with value: 0.5460002609607314 and parameters: {'k1': 0.04472053351428293, 'D_low': 151.957876810953, 'k2': 0.0001909658520283916, 'D_high': 1926.5089208373283, 'fire_exp': 0.6009117721671411, 'P_half': 47.22560070428772, 'pre_dampen_half': 239.99197176555387, 'gpp_af': 83.54653881994524, 'gpp_b': 0.00010206252326300053, 'gpp_d': 40.70018171905786, 'ign_k': 4.310278574750299, 'ign_c': 8.330312113384196, 'P_wet_supp': 5181.474944962412, 'P_wet_pow': 0.5601345754520276, 'P_half2': 13.286416548683109, 'P_floor_pow': 0.56137611913384}. Best is trial 251 with value: 0.587606512700343.
[I 2026-05-22 17:34:51,371] Trial 299 finished with value: 0.53863292498835 and parameters: {'k1': 0.002808621979092407, 'D_low': 8.542517720771789, 'k2': 0.031494853105003585, 'D_high': 27110.318307880647, 'fire_exp': 3.1081236864688258, 'P_half': 0.26637784323297237, 'pre_dampen_half': 9.16407870519569, 'gpp_af': 3.6832704230371913, 'gpp_b': 0.0014783489064999172, 'gpp_d': 67.10784859271567, 'ign_k': 0.4684802437533478, 'ign_c': 0.12449519267404759, 'P_wet_supp': 8862.887694006993, 'P_wet_pow': 4.751128387709959, 'P_half2': 47.88565211503041, 'P_floor_pow': 0.8266195903222864}. Best is trial 251 with value: 0.587606512700343.
[I 2026-05-22 17:34:51,914] Trial 300 finished with value: 0.4602717382655353 and parameters: {'k1': 0.001572152620990123, 'D_low': 1.0781402255035961, 'k2': 0.002413961398200891, 'D_high': 27872.046936288425, 'fire_exp': 2.493136363828202, 'P_half': 0.3644225289948467, 'pre_dampen_half': 4.506733222455054, 'gpp_af': 59.62729390861373, 'gpp_b': 4.73296787872303e-05, 'gpp_d': 405.2141541486655, 'ign_k': 0.26618027752664863, 'ign_c': 30.930805120971634, 'P_wet_supp': 5682.27641276143, 'P_wet_pow': 4.6733566466693555, 'P_half2': 28.854506395098046, 'P_floor_pow': 0.6353158152330541}. Best is trial 251 with value: 0.587606512700343.
[I 2026-05-22 17:34:52,458] Trial 301 finished with value: 0.5514071644646662 and parameters: {'k1': 0.0006828264598719071, 'D_low': 14.73759193334618, 'k2': 0.00019307648602257785, 'D_high': 52308.62893286354, 'fire_exp': 0.4513266331657779, 'P_half': 0.11332285434975294, 'pre_dampen_half': 0.23695300034527084, 'gpp_af': 6.952980708015817, 'gpp_b': 5.952777885931208e-06, 'gpp_d': 359.5849422618076, 'ign_k': 2.391799966610009, 'ign_c': 25.067236310866736, 'P_wet_supp': 9561.39451482893, 'P_wet_pow': 2.3956247360690885, 'P_half2': 27.23486571081366, 'P_floor_pow': 0.5954948486914582}. Best is trial 251 with value: 0.587606512700343.
[I 2026-05-22 17:34:52,999] Trial 302 finished with value: 0.536000785054516 and parameters: {'k1': 0.0046075330537223794, 'D_low': 77.37633475160368, 'k2': 0.001775397934756948, 'D_high': 65429.07237348952, 'fire_exp': 0.4493141700724935, 'P_half': 172.8592125132653, 'pre_dampen_half': 0.4149761014277932, 'gpp_af': 0.0024162200118483875, 'gpp_b': 3.3031031534000343e-06, 'gpp_d': 0.05178385356759437, 'ign_k': 1.1815797322927828, 'ign_c': 12.697293436104834, 'P_wet_supp': 3586.400515062554, 'P_wet_pow': 2.182702341915028, 'P_half2': 381.1349964548348, 'P_floor_pow': 2.064643525452361}. Best is trial 251 with value: 0.587606512700343.
[I 2026-05-22 17:34:53,540] Trial 303 finished with value: 0.443633410459129 and parameters: {'k1': 0.0045133814667042, 'D_low': 73.85142430454776, 'k2': 0.05052786493443741, 'D_high': 732.3526832161607, 'fire_exp': 0.4425409635729627, 'P_half': 1.0152362382216682, 'pre_dampen_half': 49.032205532375535, 'gpp_af': 0.026916958956236782, 'gpp_b': 1.9942767549373494e-06, 'gpp_d': 7.462465745501746, 'ign_k': 1.2887773290004714, 'ign_c': 41.183849716627385, 'P_wet_supp': 1764.575145548994, 'P_wet_pow': 3.4647757643863315, 'P_half2': 0.10488914324323267, 'P_floor_pow': 2.7955130137361803}. Best is trial 251 with value: 0.587606512700343.
[I 2026-05-22 17:34:54,090] Trial 304 finished with value: 0.5751125889706874 and parameters: {'k1': 0.019565281449466253, 'D_low': 1.4077558589774775, 'k2': 0.026591782050819208, 'D_high': 76004.41675047542, 'fire_exp': 0.5132170561673989, 'P_half': 0.7051823780547074, 'pre_dampen_half': 0.12301726621111524, 'gpp_af': 74.324273232613, 'gpp_b': 4.7781977214867296e-05, 'gpp_d': 102.9154160029496, 'ign_k': 1.9426954441714028, 'ign_c': 3.529331357458345, 'P_wet_supp': 8699.571410896859, 'P_wet_pow': 4.000821053743786, 'P_half2': 4.300929532636911, 'P_floor_pow': 1.985019074335664}. Best is trial 251 with value: 0.587606512700343.
