[I 2026-05-22 17:45:22,970] Trial 493 finished with value: 0.4569886992734814 and parameters: {'k1': 0.0041952113410359485, 'D_low': 589.830350487411, 'k2': 4.32709548835952e-05, 'D_high': 20.45382469583566, 'fire_exp': 1.567478899921612, 'P_half': 4745.896735646645, 'pre_dampen_half': 0.6174891618247329, 'gpp_af': 17.972431796468705, 'gpp_b': 2.1267310991058594e-06, 'gpp_d': 14.956131912849969, 'ign_k': 0.03628056104993119, 'ign_c': 0.14262944699438634, 'dryanom_half': 0.1387514134860707, 'dry_amp': 0.7522808784193924}. Best is trial 0 with value: 0.6103502735484728.
[I 2026-05-22 17:45:23,449] Trial 494 finished with value: 0.5101048268021519 and parameters: {'k1': 0.044245973432972256, 'D_low': 22.416351109419868, 'k2': 8.908457550674769e-05, 'D_high': 882.7459314855903, 'fire_exp': 0.909712560473965, 'P_half': 14.683613551818251, 'pre_dampen_half': 2.1096554351786097, 'gpp_af': 8.973155841039004, 'gpp_b': 1.956266925189939e-05, 'gpp_d': 86.78044842746829, 'ign_k': 4.666870227344391, 'ign_c': 24.352040543349457, 'dryanom_half': 0.21384769821342076, 'dry_amp': 0.25298551832757654}. Best is trial 0 with value: 0.6103502735484728.
[I 2026-05-22 17:45:23,930] Trial 495 finished with value: 0.5457232307213584 and parameters: {'k1': 0.02339886445807912, 'D_low': 123.59099610197887, 'k2': 0.0021971007923146765, 'D_high': 1331.5419891909446, 'fire_exp': 0.5755562048378257, 'P_half': 62.406771868208835, 'pre_dampen_half': 69.255045652808, 'gpp_af': 0.08433689223496643, 'gpp_b': 9.660006420685322e-06, 'gpp_d': 2.513005318229074, 'ign_k': 5.774333472668534, 'ign_c': 3.8075098887948595, 'dryanom_half': 447.18440873045813, 'dry_amp': 0.022123663551064432}. Best is trial 0 with value: 0.6103502735484728.
[I 2026-05-22 17:45:24,408] Trial 496 finished with value: 0.5329654492975093 and parameters: {'k1': 0.027053408425055034, 'D_low': 1.077125752785842, 'k2': 0.017567765457386288, 'D_high': 5412.940879456371, 'fire_exp': 1.7694993925368177, 'P_half': 0.12626707135732881, 'pre_dampen_half': 1.2244557477494067, 'gpp_af': 0.05432596720047074, 'gpp_b': 1.7214402120537558e-06, 'gpp_d': 0.0717855027858075, 'ign_k': 0.18066945194712117, 'ign_c': 0.22144988812345195, 'dryanom_half': 0.40174716881294015, 'dry_amp': 0.053017629784601165}. Best is trial 0 with value: 0.6103502735484728.
[I 2026-05-22 17:45:24,888] Trial 497 finished with value: 0.5867813898423706 and parameters: {'k1': 0.01568952160449593, 'D_low': 23.78678182847664, 'k2': 0.0009994047917144453, 'D_high': 9092.134304166742, 'fire_exp': 0.7459989245963011, 'P_half': 435.26202362594285, 'pre_dampen_half': 5.44141880795827, 'gpp_af': 0.031623084579581885, 'gpp_b': 4.160407122006016e-06, 'gpp_d': 0.6250501888408968, 'ign_k': 2.465045071045313, 'ign_c': 8.593057958605986, 'dryanom_half': 71.45483167916984, 'dry_amp': 0.310134802138092}. Best is trial 0 with value: 0.6103502735484728.
[I 2026-05-22 17:45:25,371] Trial 498 finished with value: 0.392691042632719 and parameters: {'k1': 0.02046898912942011, 'D_low': 30.638134003021715, 'k2': 0.01991861352740549, 'D_high': 15032.464812325083, 'fire_exp': 0.9276473497143379, 'P_half': 7178.0707598340505, 'pre_dampen_half': 17.857585313847377, 'gpp_af': 0.025891421625231555, 'gpp_b': 6.621852236497227e-06, 'gpp_d': 0.05640912764350677, 'ign_k': 9.507958124400005, 'ign_c': 31.441361664459475, 'dryanom_half': 188.1967543893409, 'dry_amp': 0.16172185183858534}. Best is trial 0 with value: 0.6103502735484728.
[I 2026-05-22 17:45:25,856] Trial 499 finished with value: 0.4927033448298277 and parameters: {'k1': 0.06990644734478706, 'D_low': 59.96529825069238, 'k2': 0.08242356733120378, 'D_high': 11883.745621629489, 'fire_exp': 4.255798449601859, 'P_half': 1.1567829953453395, 'pre_dampen_half': 12.531387260696047, 'gpp_af': 0.0028854242198062393, 'gpp_b': 2.589779799603205e-06, 'gpp_d': 0.039996773372203934, 'ign_k': 0.04248378381642762, 'ign_c': 0.6526446182079203, 'dryanom_half': 0.2541066236975824, 'dry_amp': 0.05086460472390606}. Best is trial 0 with value: 0.6103502735484728.
[best] 0.6103502735484728 {'overall': 0.6295495002593263, 'bias': 0.7070857028352947, 'rmse': 0.3790544420749578, 'seas': 0.8506061694600666, 'spatial': 0.7544105422753865}
[regions] {'bona': {'overall': 0.6380885404837499, 'bias': 0.8266567561867596, 'rmse': 0.3211562360062949, 'seas': 0.7797091235325466, 'spatial': 0.7531961349838437}, 'tena': {'overall': 0.47889289658687106, 'bias': 0.6256589426778316, 'rmse': 0.2541252018733317, 'seas': 0.7283824372245481, 'spatial': 0.38540665319435186}, 'tropics': {'overall': 0.6277756025324356, 'bias': 0.7134731917453241, 'rmse': 0.395193788045546, 'seas': 0.875400942730105, 'spatial': 0.6739187128827683}, 'sh': {'overall': 0.498937513734702, 'bias': 0.6419405911472694, 'rmse': 0.28960875792486046, 'seas': 0.6009038105573065, 'spatial': 0.5296225737066459}}
[params] {'k1': 0.02128012643297453, 'D_low': 33.107928264466416, 'k2': 0.0032479995010666245, 'D_high': 3020.3711370643746, 'fire_exp': 0.5746291131439772, 'P_half': 3.1845074798114754, 'pre_dampen_half': 5.714386941567207, 'gpp_af': 0.4621796973523708, 'gpp_b': 5.190713720036356e-05, 'gpp_d': 128.62113841235993, 'ign_k': 0.8146117322506592, 'ign_c': 20.126441845162326, 'dryanom_half': 7.0710678118654755, 'dry_amp': 0.0}
[write] /Users/adithyasrinivasan/Projects/creativity-docs/exp-workspaces/exp_04/hermes/base/models/research/ED-C1-dry_season_gate/params.json
[write] /Users/adithyasrinivasan/Projects/creativity-docs/exp-workspaces/exp_04/hermes/base/ilamb/MODELS/ED-C1-dry_season_gate/burntArea.nc
