[I 2026-05-22 17:32:44,245] Trial 67 finished with value: 0.5114463152596987 and parameters: {'k1': 0.0002707715640313385, 'D_low': 1.7623293873488008, 'k2': 0.044996467692950425, 'D_high': 5319.459924075192, 'fire_exp': 0.3947133925068084, 'P_half': 5.393086839742351, 'pre_dampen_half': 46.9441872835725, 'gpp_af': 4.390175787852781, 'gpp_b': 0.0024475159288375567, 'gpp_d': 13.788552403678077, 'ign_k': 0.29479676037562574, 'ign_c': 18.23019783343143, 'P_wet_supp': 647.8808650627122, 'P_wet_pow': 2.3174620840395947, 'P_half2': 669.0243236187976, 'P_floor_pow': 1.1213228124073031}. Best is trial 57 with value: 0.5851463522670068.
[I 2026-05-22 17:32:44,794] Trial 68 finished with value: 0.5321227230921826 and parameters: {'k1': 7.208934944249677e-05, 'D_low': 64.91345668891339, 'k2': 0.00027555997296867544, 'D_high': 38478.087091060406, 'fire_exp': 0.4016282871539801, 'P_half': 1.9704559074740322, 'pre_dampen_half': 0.2318136322866191, 'gpp_af': 18.994939035046073, 'gpp_b': 3.4692008248342828e-06, 'gpp_d': 77.34499470304124, 'ign_k': 9.515029763656981, 'ign_c': 20.175744757353463, 'P_wet_supp': 1310.5951231910253, 'P_wet_pow': 3.0987906874903652, 'P_half2': 214.1834967271903, 'P_floor_pow': 1.6506190996620211}. Best is trial 57 with value: 0.5851463522670068.
[I 2026-05-22 17:32:45,345] Trial 69 finished with value: 0.3987822401075771 and parameters: {'k1': 0.0002852047919941717, 'D_low': 70.50165640547746, 'k2': 0.016160139280609994, 'D_high': 2710.35588499951, 'fire_exp': 1.7714240521753477, 'P_half': 5.551060357820275, 'pre_dampen_half': 0.5450844346470157, 'gpp_af': 0.4901190071495407, 'gpp_b': 0.002960006773826359, 'gpp_d': 40.670307203812264, 'ign_k': 2.3280816727258578, 'ign_c': 38.42070739095697, 'P_wet_supp': 5064.496274665918, 'P_wet_pow': 1.8148457653299999, 'P_half2': 1500.6026977382087, 'P_floor_pow': 1.9606469218553864}. Best is trial 57 with value: 0.5851463522670068.
[I 2026-05-22 17:32:45,894] Trial 70 finished with value: 0.3994490055432051 and parameters: {'k1': 0.0030884318111630256, 'D_low': 1.4525770492681782, 'k2': 0.00013861635970225603, 'D_high': 4748.847966674791, 'fire_exp': 0.4024975341015453, 'P_half': 0.239028269886034, 'pre_dampen_half': 1.161349486296632, 'gpp_af': 3.5226267293802236, 'gpp_b': 1.1406634327992426e-06, 'gpp_d': 488.4043254521347, 'ign_k': 1.9696996522740204, 'ign_c': 73.91538329878252, 'P_wet_supp': 4827.094034228664, 'P_wet_pow': 3.582868908943882, 'P_half2': 1079.888908192252, 'P_floor_pow': 0.7233376808429779}. Best is trial 57 with value: 0.5851463522670068.
[I 2026-05-22 17:32:46,439] Trial 71 finished with value: 0.5154564314792697 and parameters: {'k1': 0.00041549453724722336, 'D_low': 15.82907430817721, 'k2': 0.00021009634045518892, 'D_high': 7605.986852882082, 'fire_exp': 0.4585904008820001, 'P_half': 0.11096962103332995, 'pre_dampen_half': 0.0818378303737922, 'gpp_af': 2.216647182515949, 'gpp_b': 1.896561888926149e-05, 'gpp_d': 487.1887522172443, 'ign_k': 0.7834583101934081, 'ign_c': 0.17164272511056194, 'P_wet_supp': 891.9670969842559, 'P_wet_pow': 4.493828548574733, 'P_half2': 248.42616736090844, 'P_floor_pow': 0.4414504523100219}. Best is trial 57 with value: 0.5851463522670068.
[I 2026-05-22 17:32:46,980] Trial 72 finished with value: 0.5252640011610096 and parameters: {'k1': 0.00023259821864185637, 'D_low': 8.372092973645612, 'k2': 0.0031112209270220976, 'D_high': 885.944583957461, 'fire_exp': 0.4358952391060864, 'P_half': 1.4300417883390568, 'pre_dampen_half': 3.813911196875111, 'gpp_af': 0.04600313799701382, 'gpp_b': 3.6049665388609e-06, 'gpp_d': 861.215440243057, 'ign_k': 4.812682089910502, 'ign_c': 13.340994646608738, 'P_wet_supp': 5058.900234020109, 'P_wet_pow': 0.5311788794060357, 'P_half2': 996.0863308045313, 'P_floor_pow': 1.1893619280517322}. Best is trial 57 with value: 0.5851463522670068.
[I 2026-05-22 17:32:47,526] Trial 73 finished with value: 0.3994489636086041 and parameters: {'k1': 0.0232460895121973, 'D_low': 57.41640208599935, 'k2': 0.00012789247622652073, 'D_high': 2890.0729819290787, 'fire_exp': 0.3618434292794644, 'P_half': 0.3240896373670037, 'pre_dampen_half': 1.9246435921889173, 'gpp_af': 1.572354463352925, 'gpp_b': 0.00012755866875492088, 'gpp_d': 99.11125531700594, 'ign_k': 0.2773649328820872, 'ign_c': 933.3444445219989, 'P_wet_supp': 105.61532981050948, 'P_wet_pow': 2.799058492978281, 'P_half2': 33.74717124374011, 'P_floor_pow': 0.06458952668203333}. Best is trial 57 with value: 0.5851463522670068.
[I 2026-05-22 17:32:48,070] Trial 74 finished with value: 0.48367027612713176 and parameters: {'k1': 0.007121661031274537, 'D_low': 10.215124270591199, 'k2': 0.0009323011061661692, 'D_high': 5773.952510672879, 'fire_exp': 0.5373649659021107, 'P_half': 40.8175621349202, 'pre_dampen_half': 220.280403791155, 'gpp_af': 0.06962707115638685, 'gpp_b': 5.2017863662541685e-05, 'gpp_d': 20.378256075569343, 'ign_k': 0.12986928692336877, 'ign_c': 3.6982778148140416, 'P_wet_supp': 9959.83277628556, 'P_wet_pow': 3.0678361460006673, 'P_half2': 0.3025311862891431, 'P_floor_pow': 1.9745971769189863}. Best is trial 57 with value: 0.5851463522670068.
[I 2026-05-22 17:32:48,618] Trial 75 finished with value: 0.5198384752383812 and parameters: {'k1': 0.09396659898264192, 'D_low': 300.00451939062447, 'k2': 0.0013425763905438512, 'D_high': 15419.297958567233, 'fire_exp': 0.6178529713333645, 'P_half': 0.4551893230594795, 'pre_dampen_half': 3.174384903394532, 'gpp_af': 12.719294330791737, 'gpp_b': 0.0002694396952554549, 'gpp_d': 43.9591473985988, 'ign_k': 0.3457517026498583, 'ign_c': 3.4373149727405377, 'P_wet_supp': 73.68102645775618, 'P_wet_pow': 0.7295097966228282, 'P_half2': 37.489886970186454, 'P_floor_pow': 0.1349551952001486}. Best is trial 57 with value: 0.5851463522670068.
[I 2026-05-22 17:32:49,168] Trial 76 finished with value: 0.5477486178211394 and parameters: {'k1': 0.0008283294055565431, 'D_low': 4.528937841526921, 'k2': 0.004291616359329314, 'D_high': 35159.813256402624, 'fire_exp': 0.6556885968264535, 'P_half': 0.7000631391559651, 'pre_dampen_half': 6.415797388225732, 'gpp_af': 1.73569029564034, 'gpp_b': 0.0004314716632685438, 'gpp_d': 520.9672798306908, 'ign_k': 9.700310057550626, 'ign_c': 1.2357142962539092, 'P_wet_supp': 7495.528933555278, 'P_wet_pow': 2.721991834108926, 'P_half2': 104.84402966524759, 'P_floor_pow': 0.14463199920982195}. Best is trial 57 with value: 0.5851463522670068.
[I 2026-05-22 17:32:49,708] Trial 77 finished with value: 0.5334121204860315 and parameters: {'k1': 0.028802706049714917, 'D_low': 131.69759593541855, 'k2': 6.636360611909642e-05, 'D_high': 413.3958868543521, 'fire_exp': 0.5136182966777922, 'P_half': 114.15104484194245, 'pre_dampen_half': 64.58738699601119, 'gpp_af': 11.129249471051097, 'gpp_b': 3.079874345536887e-05, 'gpp_d': 162.38628981527924, 'ign_k': 0.0783659694841957, 'ign_c': 31.684248271732162, 'P_wet_supp': 3857.029333051861, 'P_wet_pow': 0.5973234716260633, 'P_half2': 261.3538410304004, 'P_floor_pow': 1.418354070582165}. Best is trial 57 with value: 0.5851463522670068.
[I 2026-05-22 17:32:50,257] Trial 78 finished with value: 0.3994490055432051 and parameters: {'k1': 0.020279252411389007, 'D_low': 8331.998221933214, 'k2': 0.0004398647835711631, 'D_high': 1870.325327393632, 'fire_exp': 1.2741243828378885, 'P_half': 0.37151265262645383, 'pre_dampen_half': 8.210699471759819, 'gpp_af': 22.401520449179706, 'gpp_b': 1.3837131093362324e-05, 'gpp_d': 198.92294048978945, 'ign_k': 1.10175011299003, 'ign_c': 595.2742719423787, 'P_wet_supp': 2195.4221723047062, 'P_wet_pow': 0.839720179774642, 'P_half2': 22.038094213041852, 'P_floor_pow': 0.38391578338253307}. Best is trial 57 with value: 0.5851463522670068.
[I 2026-05-22 17:32:50,804] Trial 79 finished with value: 0.500608298964442 and parameters: {'k1': 0.004351352559255794, 'D_low': 54.86316272599037, 'k2': 0.01209916626316377, 'D_high': 859.4747502158865, 'fire_exp': 0.43233688740851606, 'P_half': 0.727454360998824, 'pre_dampen_half': 6.95701498300539, 'gpp_af': 38.085192986706495, 'gpp_b': 0.4967405488495077, 'gpp_d': 824.6187899739268, 'ign_k': 1.7451517766254336, 'ign_c': 4.56145274572894, 'P_wet_supp': 682.8641487798186, 'P_wet_pow': 3.8242713546956453, 'P_half2': 373.83716412549154, 'P_floor_pow': 0.4578331052714082}. Best is trial 57 with value: 0.5851463522670068.
[I 2026-05-22 17:32:51,347] Trial 80 finished with value: 0.47994139557518223 and parameters: {'k1': 0.006562133862879562, 'D_low': 4.009306751392711, 'k2': 0.004283856023162242, 'D_high': 894.8336808487384, 'fire_exp': 0.5516404939305752, 'P_half': 0.11172241107333794, 'pre_dampen_half': 30.390020498488454, 'gpp_af': 33.431602466224156, 'gpp_b': 0.0012205336608140018, 'gpp_d': 251.16208758478797, 'ign_k': 2.6671617180616627, 'ign_c': 5.508610452307889, 'P_wet_supp': 1189.246006840717, 'P_wet_pow': 0.7473396582512919, 'P_half2': 4380.623346877713, 'P_floor_pow': 1.385481952066014}. Best is trial 57 with value: 0.5851463522670068.
[I 2026-05-22 17:32:51,892] Trial 81 finished with value: 0.3994490055432051 and parameters: {'k1': 0.017471062921171423, 'D_low': 578.6696988504639, 'k2': 0.0016428361426563075, 'D_high': 10545.836751114983, 'fire_exp': 0.6909113339415788, 'P_half': 43.91873098782108, 'pre_dampen_half': 15.479968611962429, 'gpp_af': 95.70537236178235, 'gpp_b': 0.0060037324444778845, 'gpp_d': 12.397908085318296, 'ign_k': 4.3422476934933325, 'ign_c': 63.03144124800722, 'P_wet_supp': 5769.384210687702, 'P_wet_pow': 3.199598153351876, 'P_half2': 17.503699989578056, 'P_floor_pow': 0.5615131448037713}. Best is trial 57 with value: 0.5851463522670068.
[I 2026-05-22 17:32:52,437] Trial 82 finished with value: 0.3994490055432051 and parameters: {'k1': 0.0015835920481195962, 'D_low': 162.23556462972527, 'k2': 0.004210007732471143, 'D_high': 41596.2521354148, 'fire_exp': 0.7679340143381324, 'P_half': 0.484700978768942, 'pre_dampen_half': 0.6576292529850487, 'gpp_af': 0.34989910424115944, 'gpp_b': 0.00016602811927597379, 'gpp_d': 833.5611204989339, 'ign_k': 0.7865911707192821, 'ign_c': 71.42131187468996, 'P_wet_supp': 853.3869152186004, 'P_wet_pow': 1.0483302624536714, 'P_half2': 68.51070260918384, 'P_floor_pow': 0.054293282340683535}. Best is trial 57 with value: 0.5851463522670068.
[I 2026-05-22 17:32:52,974] Trial 83 finished with value: 0.5263879200887128 and parameters: {'k1': 0.02726352618217668, 'D_low': 13.691868575375455, 'k2': 0.00011092842622800923, 'D_high': 1098.293935182228, 'fire_exp': 1.7792908195361006, 'P_half': 16.189419060672897, 'pre_dampen_half': 10.593744589479062, 'gpp_af': 2.0853393163164946, 'gpp_b': 2.582372878594793e-05, 'gpp_d': 126.60591792495437, 'ign_k': 0.718767002511965, 'ign_c': 12.623403146657195, 'P_wet_supp': 7242.585600037029, 'P_wet_pow': 2.3815013891725814, 'P_half2': 0.6343168194082248, 'P_floor_pow': 1.3125153947354855}. Best is trial 57 with value: 0.5851463522670068.
[I 2026-05-22 17:32:53,522] Trial 84 finished with value: 0.465672426628404 and parameters: {'k1': 0.020979694488119788, 'D_low': 18.5447982823575, 'k2': 0.0010400025034417988, 'D_high': 1484.5863459590796, 'fire_exp': 0.4794378464517013, 'P_half': 25.705158567294255, 'pre_dampen_half': 5.7716486492968, 'gpp_af': 69.97167671401799, 'gpp_b': 4.81725146450982e-06, 'gpp_d': 0.752250055698949, 'ign_k': 0.013864131504499682, 'ign_c': 6.063114228699916, 'P_wet_supp': 510.5260323639482, 'P_wet_pow': 2.385766200320928, 'P_half2': 58.53884889541842, 'P_floor_pow': 0.7980334722811316}. Best is trial 57 with value: 0.5851463522670068.
[I 2026-05-22 17:32:54,064] Trial 85 finished with value: 0.5614682372757653 and parameters: {'k1': 0.039380942370846495, 'D_low': 2.1963506781591193, 'k2': 0.007582006765876457, 'D_high': 2086.207309813193, 'fire_exp': 0.4273694761670061, 'P_half': 397.04579650701663, 'pre_dampen_half': 55.64175012828229, 'gpp_af': 6.92214425365358, 'gpp_b': 1.926698041814491e-05, 'gpp_d': 18.007367295832896, 'ign_k': 0.15802410513724038, 'ign_c': 4.919353031197256, 'P_wet_supp': 3415.905536402017, 'P_wet_pow': 1.3360085820529708, 'P_half2': 400.67654410882864, 'P_floor_pow': 1.513882523703781}. Best is trial 57 with value: 0.5851463522670068.
[I 2026-05-22 17:32:54,613] Trial 86 finished with value: 0.44861451093546323 and parameters: {'k1': 0.05470891882352706, 'D_low': 21.420328072371202, 'k2': 0.021083146994986007, 'D_high': 42.846865969535855, 'fire_exp': 0.5281453553256512, 'P_half': 216.32421082355506, 'pre_dampen_half': 251.71008455220314, 'gpp_af': 2.3839485765511887, 'gpp_b': 1.9624526914779103e-05, 'gpp_d': 16.50064894166595, 'ign_k': 0.2712220178375356, 'ign_c': 9.123133760768955, 'P_wet_supp': 1153.365339756722, 'P_wet_pow': 0.6831885964929835, 'P_half2': 254.55574274828965, 'P_floor_pow': 2.129381315406485}. Best is trial 57 with value: 0.5851463522670068.
[I 2026-05-22 17:32:55,163] Trial 87 finished with value: 0.5019880297992022 and parameters: {'k1': 0.02208235458047445, 'D_low': 309.79535765032017, 'k2': 7.521345269240266e-05, 'D_high': 1912.1674373441442, 'fire_exp': 1.0853534905447813, 'P_half': 22.564704440869345, 'pre_dampen_half': 5.909354359689025, 'gpp_af': 12.551646645410882, 'gpp_b': 3.135534263230257e-05, 'gpp_d': 3.3578837306652476, 'ign_k': 0.9389636130174207, 'ign_c': 10.630934896872699, 'P_wet_supp': 3153.9147710718057, 'P_wet_pow': 1.5359846152427554, 'P_half2': 264.1460196413368, 'P_floor_pow': 0.3704151393530215}. Best is trial 57 with value: 0.5851463522670068.
[I 2026-05-22 17:32:55,716] Trial 88 finished with value: 0.4203778190540908 and parameters: {'k1': 0.08631793383987978, 'D_low': 5.0355256279122615, 'k2': 0.009086989754588808, 'D_high': 19880.45937220543, 'fire_exp': 0.5494553884698321, 'P_half': 644.0774307564521, 'pre_dampen_half': 27.374162357970583, 'gpp_af': 98.30260541261896, 'gpp_b': 0.0022380359459892125, 'gpp_d': 0.13628345505605824, 'ign_k': 1.2384699132316792, 'ign_c': 9.278942406006584, 'P_wet_supp': 249.74441180324493, 'P_wet_pow': 1.5766265013476983, 'P_half2': 3394.966111298966, 'P_floor_pow': 2.2364596669717685}. Best is trial 57 with value: 0.5851463522670068.
[I 2026-05-22 17:32:56,266] Trial 89 finished with value: 0.5572575035643887 and parameters: {'k1': 0.001094926354606941, 'D_low': 10.697849705423131, 'k2': 0.00020596091400009692, 'D_high': 31129.99318685292, 'fire_exp': 0.5647686557076014, 'P_half': 0.11561202783519323, 'pre_dampen_half': 0.2206713328891851, 'gpp_af': 8.375379660556058, 'gpp_b': 0.003226286253142438, 'gpp_d': 56.79415822081793, 'ign_k': 1.2128888228484302, 'ign_c': 4.103025610247698, 'P_wet_supp': 2244.518606855019, 'P_wet_pow': 3.618636460972085, 'P_half2': 27.2858908395817, 'P_floor_pow': 2.142958650249603}. Best is trial 57 with value: 0.5851463522670068.
[I 2026-05-22 17:32:56,816] Trial 90 finished with value: 0.4696354160671941 and parameters: {'k1': 0.006895718368316513, 'D_low': 1.7382328604201105, 'k2': 0.011950321050856024, 'D_high': 2316.1252433329487, 'fire_exp': 0.7117855375048052, 'P_half': 5473.5778418098, 'pre_dampen_half': 4.940844477066054, 'gpp_af': 10.906299707768026, 'gpp_b': 3.2788339874976276e-06, 'gpp_d': 325.93836428552214, 'ign_k': 5.558112434587764, 'ign_c': 5.881083545822721, 'P_wet_supp': 488.0180989593033, 'P_wet_pow': 1.641131662473102, 'P_half2': 1199.9865760840373, 'P_floor_pow': 0.8300582909232096}. Best is trial 57 with value: 0.5851463522670068.
[I 2026-05-22 17:32:57,365] Trial 91 finished with value: 0.4681180611426749 and parameters: {'k1': 0.005394044762417101, 'D_low': 11.953899585360093, 'k2': 4.146125915543229e-05, 'D_high': 623.8925548032083, 'fire_exp': 0.8816410640814791, 'P_half': 0.3382473997437719, 'pre_dampen_half': 1.0248765858905118, 'gpp_af': 4.936479199688888, 'gpp_b': 0.017070373826120887, 'gpp_d': 111.16688019416142, 'ign_k': 0.5526056556582665, 'ign_c': 1.143774168502261, 'P_wet_supp': 114.17387365228234, 'P_wet_pow': 3.5957776280286544, 'P_half2': 7.871300019332205, 'P_floor_pow': 2.827497184189986}. Best is trial 57 with value: 0.5851463522670068.
[I 2026-05-22 17:32:57,916] Trial 92 finished with value: 0.5554530733059223 and parameters: {'k1': 0.03271998051852508, 'D_low': 9.843187514296178, 'k2': 0.01191308863005142, 'D_high': 18772.233312517514, 'fire_exp': 0.7560907690110852, 'P_half': 627.138021734363, 'pre_dampen_half': 171.80089978077666, 'gpp_af': 54.55632075304482, 'gpp_b': 2.05657514290754e-05, 'gpp_d': 113.94486790600348, 'ign_k': 0.11756289216186225, 'ign_c': 3.203772397692129, 'P_wet_supp': 5381.441111134214, 'P_wet_pow': 1.9337549219579908, 'P_half2': 385.0880300906979, 'P_floor_pow': 2.3216258003367223}. Best is trial 57 with value: 0.5851463522670068.
[I 2026-05-22 17:32:58,467] Trial 93 finished with value: 0.5511218964389226 and parameters: {'k1': 3.083970680380464e-05, 'D_low': 1.55523992332869, 'k2': 0.0007235311154158798, 'D_high': 2650.546102505172, 'fire_exp': 0.4871925505802971, 'P_half': 0.24347522344172326, 'pre_dampen_half': 7.184323462938948, 'gpp_af': 17.05953123113714, 'gpp_b': 0.0005318857950808333, 'gpp_d': 53.49781121005331, 'ign_k': 0.054906206278066555, 'ign_c': 3.8436874890821495, 'P_wet_supp': 7214.353166631965, 'P_wet_pow': 4.143999243980807, 'P_half2': 37.411030671085705, 'P_floor_pow': 3.2257576168352786}. Best is trial 57 with value: 0.5851463522670068.
[I 2026-05-22 17:32:59,014] Trial 94 finished with value: 0.47648213137225665 and parameters: {'k1': 0.0010409927838061863, 'D_low': 3.243970197428745, 'k2': 1.717999308309818e-05, 'D_high': 44130.530746606484, 'fire_exp': 0.6355467219960449, 'P_half': 0.3705597070564127, 'pre_dampen_half': 0.0886420139324071, 'gpp_af': 0.4625152372612235, 'gpp_b': 0.09440574997621301, 'gpp_d': 975.4994632053246, 'ign_k': 6.059841354292371, 'ign_c': 2.8201784097094498, 'P_wet_supp': 800.81039615141, 'P_wet_pow': 4.020131250744232, 'P_half2': 11.948218649876425, 'P_floor_pow': 2.372193564083582}. Best is trial 57 with value: 0.5851463522670068.
[I 2026-05-22 17:32:59,563] Trial 95 finished with value: 0.3994490055432051 and parameters: {'k1': 0.004427410370215473, 'D_low': 16.634194719900062, 'k2': 0.0013807950170410667, 'D_high': 28372.92424026539, 'fire_exp': 0.3564876676184103, 'P_half': 0.368710179818685, 'pre_dampen_half': 3.9976358639504936, 'gpp_af': 3.385557314676949, 'gpp_b': 0.0030731327905501346, 'gpp_d': 33.71935829345736, 'ign_k': 2.235834470953085, 'ign_c': 127.87318240526994, 'P_wet_supp': 1339.0029573369918, 'P_wet_pow': 2.809574073026807, 'P_half2': 629.0581546612467, 'P_floor_pow': 0.5389071991743067}. Best is trial 57 with value: 0.5851463522670068.
[I 2026-05-22 17:33:00,109] Trial 96 finished with value: 0.393466882006782 and parameters: {'k1': 0.0005814535061152537, 'D_low': 1.210997110506427, 'k2': 0.0018470307174068606, 'D_high': 4815.66880761316, 'fire_exp': 0.4247738942181286, 'P_half': 0.8067491603779824, 'pre_dampen_half': 43.934664838958916, 'gpp_af': 0.09309579968862115, 'gpp_b': 0.022093416708766665, 'gpp_d': 734.5522073320059, 'ign_k': 1.0107387113797204, 'ign_c': 63.193150338315256, 'P_wet_supp': 3690.303813551477, 'P_wet_pow': 2.297659343055122, 'P_half2': 918.4596677657079, 'P_floor_pow': 2.093090864940695}. Best is trial 57 with value: 0.5851463522670068.
[I 2026-05-22 17:33:00,659] Trial 97 finished with value: 0.5359156266223942 and parameters: {'k1': 0.02629407366618236, 'D_low': 25.699087783720064, 'k2': 0.0009308376613333509, 'D_high': 1182.2235293451627, 'fire_exp': 0.39023546162178835, 'P_half': 7.772897305139233, 'pre_dampen_half': 122.66090829308816, 'gpp_af': 0.19818755379215997, 'gpp_b': 5.253151154804126e-06, 'gpp_d': 4.772003832920439, 'ign_k': 0.05423472201401726, 'ign_c': 15.919514962232876, 'P_wet_supp': 2260.032339341113, 'P_wet_pow': 0.8112155628263726, 'P_half2': 332.1588944143907, 'P_floor_pow': 0.14052412223664745}. Best is trial 57 with value: 0.5851463522670068.
[I 2026-05-22 17:33:01,209] Trial 98 finished with value: 0.46413496422175976 and parameters: {'k1': 0.00024299529525649924, 'D_low': 1.594812512040044, 'k2': 7.868137630740722e-05, 'D_high': 11776.945523812676, 'fire_exp': 0.413424755583364, 'P_half': 0.9416404416846457, 'pre_dampen_half': 0.06123264771462318, 'gpp_af': 10.389029753593462, 'gpp_b': 0.02503727417957114, 'gpp_d': 52.40505546098657, 'ign_k': 0.059074147110904994, 'ign_c': 12.01777230327361, 'P_wet_supp': 406.66584789160225, 'P_wet_pow': 2.8503781685313148, 'P_half2': 1446.803731542042, 'P_floor_pow': 2.135665220655235}. Best is trial 57 with value: 0.5851463522670068.
[I 2026-05-22 17:33:01,761] Trial 99 finished with value: 0.5241265240765073 and parameters: {'k1': 0.002762177873423879, 'D_low': 3.1040973746106633, 'k2': 0.0003508863269647228, 'D_high': 9067.562425951699, 'fire_exp': 0.7782546449742892, 'P_half': 0.12233283928079934, 'pre_dampen_half': 0.13900167314610382, 'gpp_af': 40.717212650140794, 'gpp_b': 0.0007509451923943935, 'gpp_d': 16.098992471733485, 'ign_k': 5.857011447004283, 'ign_c': 8.497989346996992, 'P_wet_supp': 3536.315214408124, 'P_wet_pow': 3.6706371286136066, 'P_half2': 6.282360067863941, 'P_floor_pow': 2.2999877984528774}. Best is trial 57 with value: 0.5851463522670068.
[I 2026-05-22 17:33:02,310] Trial 100 finished with value: 0.5244377089098036 and parameters: {'k1': 0.04749136566584545, 'D_low': 23.33318917178879, 'k2': 0.0056864212052115705, 'D_high': 2804.128967885766, 'fire_exp': 1.2919759515874296, 'P_half': 6.576106190008037, 'pre_dampen_half': 6.862864122430838, 'gpp_af': 22.807947503784437, 'gpp_b': 6.197307981797059e-05, 'gpp_d': 85.81593190015647, 'ign_k': 0.1779754373099547, 'ign_c': 12.559824716450429, 'P_wet_supp': 1430.3943353808543, 'P_wet_pow': 0.6416085151740316, 'P_half2': 249.99706594036485, 'P_floor_pow': 1.2578711893756402}. Best is trial 57 with value: 0.5851463522670068.
