[I 2026-05-22 18:12:24,893] Trial 781 finished with value: 0.5718498077344095 and parameters: {'P_amp': 0.17292511952365217, 'P_wet': 4718.377975748429, 'P_pow': 2.1711254182769357, 'WG_amp': 0.23025193506759017, 'WG_Phalf': 329.4209476117892, 'WG_k': 23.318161185277205, 'WG_c': 1.9401961148070437, 'rain_shift': 5.055166312798708, 'ign_k': 0.41885459957673604, 'rate_power': 0.8145770774884331}. Best is trial 209 with value: 0.6108097453057891.
[I 2026-05-22 18:12:25,359] Trial 782 finished with value: 0.548328997755293 and parameters: {'P_amp': 0.21050739478879293, 'P_wet': 4502.109695914109, 'P_pow': 0.8788076699443144, 'WG_amp': 0.48957563751147404, 'WG_Phalf': 762.2365838147767, 'WG_k': 0.45854923765996364, 'WG_c': 1.223390139771905, 'rain_shift': 3.979195923236503, 'ign_k': 1.6889677431739785, 'rate_power': 1.0218800896724969}. Best is trial 209 with value: 0.6108097453057891.
[I 2026-05-22 18:12:25,844] Trial 783 finished with value: 0.5748121317589409 and parameters: {'P_amp': 0.47800119673517283, 'P_wet': 538.4426908109921, 'P_pow': 1.3328487206864494, 'WG_amp': 0.3095372731058442, 'WG_Phalf': 1112.2466068485828, 'WG_k': 0.010069945222483534, 'WG_c': 0.07340221247497822, 'rain_shift': 0.584613998935124, 'ign_k': 1.9003271006329665, 'rate_power': 1.1556246381616107}. Best is trial 209 with value: 0.6108097453057891.
[I 2026-05-22 18:12:26,319] Trial 784 finished with value: 0.5903964011065695 and parameters: {'P_amp': 0.3877415343375971, 'P_wet': 2158.517848075377, 'P_pow': 1.3613301206337112, 'WG_amp': 0.6686703003565561, 'WG_Phalf': 1036.4090962809662, 'WG_k': 55.297378558468814, 'WG_c': 0.16425696869724754, 'rain_shift': 1.6120643705039224, 'ign_k': 0.5658330743288603, 'rate_power': 0.9906675846667569}. Best is trial 209 with value: 0.6108097453057891.
[I 2026-05-22 18:12:26,809] Trial 785 finished with value: 0.6058431194700206 and parameters: {'P_amp': 0.1479703876058362, 'P_wet': 966.1078088258087, 'P_pow': 0.8992893126918774, 'WG_amp': 0.39316425624804385, 'WG_Phalf': 2195.1684692853364, 'WG_k': 7.049407632861614, 'WG_c': 9.796309487127177, 'rain_shift': 0.19458559644121162, 'ign_k': 0.6936738826156708, 'rate_power': 1.17707579090765}. Best is trial 209 with value: 0.6108097453057891.
[I 2026-05-22 18:12:27,277] Trial 786 finished with value: 0.5410729964262169 and parameters: {'P_amp': 0.5501136068417707, 'P_wet': 3428.781018168528, 'P_pow': 0.6462846479110564, 'WG_amp': 0.22262022990622032, 'WG_Phalf': 1992.0398285272902, 'WG_k': 1.4739209561066418, 'WG_c': 0.00022087793626752124, 'rain_shift': 6.606987099957313, 'ign_k': 1.4084286469867717, 'rate_power': 0.8017229379563698}. Best is trial 209 with value: 0.6108097453057891.
[I 2026-05-22 18:12:27,739] Trial 787 finished with value: 0.544523690969154 and parameters: {'P_amp': 0.26608744436569387, 'P_wet': 2341.352623376646, 'P_pow': 5.892175200378311, 'WG_amp': 0.7489428551250493, 'WG_Phalf': 318.6563067436743, 'WG_k': 4.440745421523663, 'WG_c': 0.5126246254424015, 'rain_shift': 9.487251164536088, 'ign_k': 1.4021667074057849, 'rate_power': 0.7110049949837702}. Best is trial 209 with value: 0.6108097453057891.
[I 2026-05-22 18:12:28,207] Trial 788 finished with value: 0.606197116881793 and parameters: {'P_amp': 0.03398118769499877, 'P_wet': 1992.8030287787346, 'P_pow': 5.337496934342962, 'WG_amp': 0.42847032343354824, 'WG_Phalf': 1174.551611425463, 'WG_k': 0.19257054436554263, 'WG_c': 2.843069053028768, 'rain_shift': 0.3473315858416078, 'ign_k': 1.3696885439422193, 'rate_power': 1.007561999264678}. Best is trial 209 with value: 0.6108097453057891.
[I 2026-05-22 18:12:28,669] Trial 789 finished with value: 0.5546744670861659 and parameters: {'P_amp': 0.08145668753833063, 'P_wet': 3030.9974232578884, 'P_pow': 3.374869307480264, 'WG_amp': 0.13184298507140985, 'WG_Phalf': 2238.9563461108373, 'WG_k': 0.021226310331394233, 'WG_c': 0.008290398560727488, 'rain_shift': 9.5556080854895, 'ign_k': 0.17893170917548037, 'rate_power': 0.828333659914266}. Best is trial 209 with value: 0.6108097453057891.
[I 2026-05-22 18:12:29,133] Trial 790 finished with value: 0.5617249330708666 and parameters: {'P_amp': 0.12377384310260625, 'P_wet': 316.03602033768334, 'P_pow': 5.168090815688368, 'WG_amp': 0.5664790704703626, 'WG_Phalf': 280.9546114533715, 'WG_k': 2.1505859246018875, 'WG_c': 0.00024692611990505454, 'rain_shift': 3.6592372775785122, 'ign_k': 0.07320610270933078, 'rate_power': 0.7850263043182774}. Best is trial 209 with value: 0.6108097453057891.
[I 2026-05-22 18:12:29,600] Trial 791 finished with value: 0.6042748823020492 and parameters: {'P_amp': 0.17600605872802721, 'P_wet': 5475.410870928546, 'P_pow': 3.351410435055719, 'WG_amp': 0.05469456426064993, 'WG_Phalf': 289.7872366625356, 'WG_k': 36.755791407175046, 'WG_c': 0.45504621799004924, 'rain_shift': 0.7816694494134266, 'ign_k': 0.8537540042640333, 'rate_power': 1.1952497263777475}. Best is trial 209 with value: 0.6108097453057891.
[I 2026-05-22 18:12:30,069] Trial 792 finished with value: 0.6005305656739586 and parameters: {'P_amp': 0.4252063312075705, 'P_wet': 1899.7595443230257, 'P_pow': 1.1573915638954866, 'WG_amp': 0.6573587556061179, 'WG_Phalf': 3219.8748859767506, 'WG_k': 0.3359886506005607, 'WG_c': 0.5152392757623346, 'rain_shift': 0.6554034246190277, 'ign_k': 0.4736838718563077, 'rate_power': 0.9931099597541949}. Best is trial 209 with value: 0.6108097453057891.
[I 2026-05-22 18:12:30,565] Trial 793 finished with value: 0.6055511847313778 and parameters: {'P_amp': 0.08490620111140848, 'P_wet': 2013.4917351524402, 'P_pow': 1.699802926518192, 'WG_amp': 0.5438960150036848, 'WG_Phalf': 1968.1004687771767, 'WG_k': 1.630538266328565, 'WG_c': 0.3060225539931505, 'rain_shift': 1.3417974871538183, 'ign_k': 0.7601843295674713, 'rate_power': 0.8833617997724071}. Best is trial 209 with value: 0.6108097453057891.
[I 2026-05-22 18:12:31,197] Trial 794 finished with value: 0.6059521912546249 and parameters: {'P_amp': 0.15734756617292725, 'P_wet': 3518.062940774996, 'P_pow': 1.6478736205533933, 'WG_amp': 0.47380418531770524, 'WG_Phalf': 1617.4085761900274, 'WG_k': 5.977842178254099, 'WG_c': 0.18627585220626822, 'rain_shift': 0.265338094263569, 'ign_k': 1.1487174943635552, 'rate_power': 0.948218539320589}. Best is trial 209 with value: 0.6108097453057891.
[I 2026-05-22 18:12:31,672] Trial 795 finished with value: 0.6050766763437639 and parameters: {'P_amp': 0.20154738442239178, 'P_wet': 4223.37688327622, 'P_pow': 3.4044850831205005, 'WG_amp': 0.11559425863975606, 'WG_Phalf': 637.0725199960814, 'WG_k': 1.9417967678277652, 'WG_c': 8.010562046773662, 'rain_shift': 0.8561895235633217, 'ign_k': 1.1251849193287005, 'rate_power': 1.0843397276629638}. Best is trial 209 with value: 0.6108097453057891.
[I 2026-05-22 18:12:32,146] Trial 796 finished with value: 0.5991242667640635 and parameters: {'P_amp': 0.031051385222248547, 'P_wet': 5314.680906986349, 'P_pow': 4.86741184140919, 'WG_amp': 0.11266131570876756, 'WG_Phalf': 177.2042798192349, 'WG_k': 6.418388881199465, 'WG_c': 0.2636633062879105, 'rain_shift': 1.8197912655976514, 'ign_k': 0.3689715667762697, 'rate_power': 1.0105571866951555}. Best is trial 209 with value: 0.6108097453057891.
[I 2026-05-22 18:12:32,624] Trial 797 finished with value: 0.5888317185262898 and parameters: {'P_amp': 0.10070729049650454, 'P_wet': 4821.781941590496, 'P_pow': 0.3982310240362608, 'WG_amp': 0.4114145707440408, 'WG_Phalf': 169.57372053880948, 'WG_k': 0.24775017920011408, 'WG_c': 5.169133047300577, 'rain_shift': 2.084687110389032, 'ign_k': 0.22274679957606927, 'rate_power': 0.8618349147968954}. Best is trial 209 with value: 0.6108097453057891.
[I 2026-05-22 18:12:33,132] Trial 798 finished with value: 0.5739425510391474 and parameters: {'P_amp': 0.7681907257608658, 'P_wet': 3911.0169228641244, 'P_pow': 1.719270052196629, 'WG_amp': 0.2218812809480241, 'WG_Phalf': 534.3671735929262, 'WG_k': 0.02063232539342889, 'WG_c': 0.0026325345825654574, 'rain_shift': 3.703385180344582, 'ign_k': 0.15019307293631318, 'rate_power': 0.9257897729983965}. Best is trial 209 with value: 0.6108097453057891.
[I 2026-05-22 18:12:33,632] Trial 799 finished with value: 0.6062499532673866 and parameters: {'P_amp': 0.4876330841166874, 'P_wet': 2226.878583010896, 'P_pow': 4.861949164116561, 'WG_amp': 0.7020686104802665, 'WG_Phalf': 316.7717216907628, 'WG_k': 32.279031989589235, 'WG_c': 0.8667642478784197, 'rain_shift': 1.536814257652119, 'ign_k': 0.46409056867219245, 'rate_power': 0.9993184154798225}. Best is trial 209 with value: 0.6108097453057891.
[I 2026-05-22 18:12:34,103] Trial 800 finished with value: 0.6056318759270757 and parameters: {'P_amp': 0.2232403361687625, 'P_wet': 5725.456158149433, 'P_pow': 2.7323044995140924, 'WG_amp': 0.14043612612843426, 'WG_Phalf': 293.1570757551779, 'WG_k': 10.560658351040953, 'WG_c': 3.2021652918005015, 'rain_shift': 1.3073729454048326, 'ign_k': 0.6417605351441638, 'rate_power': 1.0547068870682839}. Best is trial 209 with value: 0.6108097453057891.
[I 2026-05-22 18:12:34,579] Trial 801 finished with value: 0.60696562793742 and parameters: {'P_amp': 0.2657272226342008, 'P_wet': 5672.001282729762, 'P_pow': 1.959461934583559, 'WG_amp': 0.0987268521454838, 'WG_Phalf': 330.72603941082787, 'WG_k': 2.4188199624754243, 'WG_c': 0.10948769459927786, 'rain_shift': 0.303428266077442, 'ign_k': 0.6278599506377766, 'rate_power': 1.0245253572566957}. Best is trial 209 with value: 0.6108097453057891.
[I 2026-05-22 18:12:35,082] Trial 802 finished with value: 0.5377855893583546 and parameters: {'P_amp': 0.5260977220510239, 'P_wet': 5481.2475003721975, 'P_pow': 4.954009882294768, 'WG_amp': 0.5192498224200469, 'WG_Phalf': 400.1890853906713, 'WG_k': 0.03266183924347382, 'WG_c': 0.052814399809425955, 'rain_shift': 7.553091737511001, 'ign_k': 0.44475488856659184, 'rate_power': 0.9254939168737617}. Best is trial 209 with value: 0.6108097453057891.
[I 2026-05-22 18:12:35,559] Trial 803 finished with value: 0.5356449487169153 and parameters: {'P_amp': 0.19507216438900077, 'P_wet': 1666.3122833451189, 'P_pow': 5.78206371949518, 'WG_amp': 0.24872368744423584, 'WG_Phalf': 4969.121827370795, 'WG_k': 1.4486915630107084, 'WG_c': 0.0005632063833145906, 'rain_shift': 6.868608317205375, 'ign_k': 0.2342807812790144, 'rate_power': 1.2680334044036057}. Best is trial 209 with value: 0.6108097453057891.
[I 2026-05-22 18:12:36,036] Trial 804 finished with value: 0.5854853859625642 and parameters: {'P_amp': 0.13326439794869133, 'P_wet': 4496.50433903148, 'P_pow': 3.4004696394636267, 'WG_amp': 0.4979661946039825, 'WG_Phalf': 161.52591204337674, 'WG_k': 21.61939696012998, 'WG_c': 0.03204092084724266, 'rain_shift': 0.16153751562198126, 'ign_k': 0.8542466259930044, 'rate_power': 1.2082195522393855}. Best is trial 209 with value: 0.6108097453057891.
[I 2026-05-22 18:12:36,510] Trial 805 finished with value: 0.5997554222375935 and parameters: {'P_amp': 0.09163384667048088, 'P_wet': 4141.824007250491, 'P_pow': 3.3524514178380875, 'WG_amp': 0.06724128291687707, 'WG_Phalf': 314.5112355467344, 'WG_k': 1.6496024828152958, 'WG_c': 2.264600250727304, 'rain_shift': 1.273495338474619, 'ign_k': 0.6969948273941659, 'rate_power': 1.1877864945560304}. Best is trial 209 with value: 0.6108097453057891.
[I 2026-05-22 18:12:36,978] Trial 806 finished with value: 0.5396873651039958 and parameters: {'P_amp': 0.8912656582686066, 'P_wet': 1137.9699214411487, 'P_pow': 0.3285736146612921, 'WG_amp': 0.5541705531916452, 'WG_Phalf': 280.00650366656924, 'WG_k': 1.2297054167414037, 'WG_c': 0.00015891903719542197, 'rain_shift': 7.13681159294104, 'ign_k': 0.16035079026509047, 'rate_power': 0.7005497764670082}. Best is trial 209 with value: 0.6108097453057891.
[I 2026-05-22 18:12:37,458] Trial 807 finished with value: 0.6048478094005875 and parameters: {'P_amp': 0.12302497481521979, 'P_wet': 4674.9549465584105, 'P_pow': 1.7711667509482616, 'WG_amp': 0.31288814903767814, 'WG_Phalf': 480.87035886845405, 'WG_k': 57.78097230717563, 'WG_c': 9.52618423775229, 'rain_shift': 0.4458965288012964, 'ign_k': 0.6911826513467725, 'rate_power': 0.8964946621248713}. Best is trial 209 with value: 0.6108097453057891.
[I 2026-05-22 18:12:37,959] Trial 808 finished with value: 0.5218211558298997 and parameters: {'P_amp': 0.6720028799073733, 'P_wet': 605.0575394348916, 'P_pow': 2.825662754294675, 'WG_amp': 0.011331045452475152, 'WG_Phalf': 155.0982828013887, 'WG_k': 0.05508397655957045, 'WG_c': 4.057588457869975, 'rain_shift': 4.688596838698721, 'ign_k': 2.9150297197753274, 'rate_power': 0.8810135611183214}. Best is trial 209 with value: 0.6108097453057891.
[I 2026-05-22 18:12:38,596] Trial 809 finished with value: 0.6046768340523324 and parameters: {'P_amp': 0.15281265985322878, 'P_wet': 3162.7180382612837, 'P_pow': 5.36161251797271, 'WG_amp': 0.8673307292262007, 'WG_Phalf': 199.3975345801792, 'WG_k': 17.157697884529107, 'WG_c': 9.85870861871514, 'rain_shift': 0.06635985327413696, 'ign_k': 1.2493997093144256, 'rate_power': 1.0014683071800574}. Best is trial 209 with value: 0.6108097453057891.
[I 2026-05-22 18:12:39,151] Trial 810 finished with value: 0.5843779680589 and parameters: {'P_amp': 0.3035832111483658, 'P_wet': 4034.0352744470306, 'P_pow': 0.5154871493837898, 'WG_amp': 0.46324953815393516, 'WG_Phalf': 1619.5721674190477, 'WG_k': 5.033007189089174, 'WG_c': 6.511877173782967, 'rain_shift': 2.105818875721785, 'ign_k': 1.432282944618005, 'rate_power': 0.8959277964523908}. Best is trial 209 with value: 0.6108097453057891.
[I 2026-05-22 18:12:39,626] Trial 811 finished with value: 0.5730441723244941 and parameters: {'P_amp': 0.35157442540671074, 'P_wet': 1917.973510629221, 'P_pow': 1.2702791033923682, 'WG_amp': 0.3458828806244214, 'WG_Phalf': 990.2659924481407, 'WG_k': 1.1276794270154487, 'WG_c': 8.317882026932681, 'rain_shift': 4.8087349323476705, 'ign_k': 0.10972352690768712, 'rate_power': 0.7984992421662962}. Best is trial 209 with value: 0.6108097453057891.
[I 2026-05-22 18:12:40,097] Trial 812 finished with value: 0.5217126004530503 and parameters: {'P_amp': 0.15078935706176644, 'P_wet': 458.8387142986357, 'P_pow': 5.87603407480988, 'WG_amp': 0.5779894404595709, 'WG_Phalf': 274.18051633256226, 'WG_k': 0.062129355019602144, 'WG_c': 0.009644583887421239, 'rain_shift': 4.350021142478895, 'ign_k': 0.5373820520889914, 'rate_power': 1.2648343643475526}. Best is trial 209 with value: 0.6108097453057891.
[I 2026-05-22 18:12:40,564] Trial 813 finished with value: 0.6016254984272307 and parameters: {'P_amp': 0.019410435712733015, 'P_wet': 4730.2192420430265, 'P_pow': 3.5376969890714465, 'WG_amp': 0.0845505492527177, 'WG_Phalf': 393.3073172650089, 'WG_k': 31.008733028311706, 'WG_c': 9.617499876969715, 'rain_shift': 1.013072981874767, 'ign_k': 1.1332276440760398, 'rate_power': 1.1450810759679586}. Best is trial 209 with value: 0.6108097453057891.
[I 2026-05-22 18:12:41,046] Trial 814 finished with value: 0.5246494606301424 and parameters: {'P_amp': 0.7089768297037725, 'P_wet': 379.72009234864987, 'P_pow': 4.085203738195981, 'WG_amp': 0.3859168097680369, 'WG_Phalf': 2339.2251872746974, 'WG_k': 0.023785645392399465, 'WG_c': 0.011682442186738072, 'rain_shift': 0.24982258502013455, 'ign_k': 0.5717378251817286, 'rate_power': 1.1663264938152804}. Best is trial 209 with value: 0.6108097453057891.
[I 2026-05-22 18:12:41,524] Trial 815 finished with value: 0.5428392161265628 and parameters: {'P_amp': 0.7929848066350598, 'P_wet': 1997.2198610747284, 'P_pow': 1.8258515756194131, 'WG_amp': 0.12681104062486814, 'WG_Phalf': 1370.7917765776433, 'WG_k': 0.10216312412466401, 'WG_c': 0.041194350007034065, 'rain_shift': 3.9709760180127507, 'ign_k': 0.051753447588461864, 'rate_power': 1.2990550723840255}. Best is trial 209 with value: 0.6108097453057891.
[I 2026-05-22 18:12:41,994] Trial 816 finished with value: 0.5751992786742124 and parameters: {'P_amp': 0.2906088005751688, 'P_wet': 4411.466002474184, 'P_pow': 4.674200018910856, 'WG_amp': 0.777928016667753, 'WG_Phalf': 681.4861407171591, 'WG_k': 6.36046238226528, 'WG_c': 0.24994942632399178, 'rain_shift': 1.7193985701731485, 'ign_k': 1.433569023432216, 'rate_power': 1.1048857307893427}. Best is trial 209 with value: 0.6108097453057891.
[I 2026-05-22 18:12:42,464] Trial 817 finished with value: 0.5936827872598744 and parameters: {'P_amp': 0.013705109207645436, 'P_wet': 4305.3537824350815, 'P_pow': 2.2298444626879785, 'WG_amp': 0.15566230208008353, 'WG_Phalf': 226.8365518706761, 'WG_k': 3.6099866916734404, 'WG_c': 0.06556699629449092, 'rain_shift': 1.1118558665372065, 'ign_k': 0.2868259580939467, 'rate_power': 1.0937626074424411}. Best is trial 209 with value: 0.6108097453057891.
[I 2026-05-22 18:12:42,937] Trial 818 finished with value: 0.6080030634679462 and parameters: {'P_amp': 0.63699183730821, 'P_wet': 5970.491379568408, 'P_pow': 2.5386814346898277, 'WG_amp': 0.030939415933024336, 'WG_Phalf': 836.9298417294989, 'WG_k': 43.918688922468675, 'WG_c': 6.022659937077653, 'rain_shift': 0.42117134969598974, 'ign_k': 1.1207828246563292, 'rate_power': 1.1243035016389893}. Best is trial 209 with value: 0.6108097453057891.
[I 2026-05-22 18:12:43,429] Trial 819 finished with value: 0.583713356323566 and parameters: {'P_amp': 0.14476017184396547, 'P_wet': 5949.165519161008, 'P_pow': 1.3299023734330304, 'WG_amp': 0.15602807704125443, 'WG_Phalf': 316.9946965832008, 'WG_k': 8.412046092298967, 'WG_c': 4.201872746105229, 'rain_shift': 2.29089438356022, 'ign_k': 1.1487347611601268, 'rate_power': 0.9600158173352245}. Best is trial 209 with value: 0.6108097453057891.
[I 2026-05-22 18:12:43,957] Trial 820 finished with value: 0.6014399456925142 and parameters: {'P_amp': 0.1116861212977964, 'P_wet': 2209.8078942114885, 'P_pow': 2.761595741776749, 'WG_amp': 0.2722328066999579, 'WG_Phalf': 1095.55828786094, 'WG_k': 4.360660605414859, 'WG_c': 8.146168755211395, 'rain_shift': 2.5794521220996716, 'ign_k': 0.37749765403632113, 'rate_power': 0.7921304307809186}. Best is trial 209 with value: 0.6108097453057891.
[I 2026-05-22 18:12:44,417] Trial 821 finished with value: 0.5657229910210718 and parameters: {'P_amp': 0.12113941169536491, 'P_wet': 917.0553824483827, 'P_pow': 5.3302582751550105, 'WG_amp': 0.1908791116342936, 'WG_Phalf': 580.5994047042851, 'WG_k': 0.08414865882014633, 'WG_c': 1.7043577451843805, 'rain_shift': 3.629781049624289, 'ign_k': 0.1130321324900039, 'rate_power': 1.0712276960240523}. Best is trial 209 with value: 0.6108097453057891.
[I 2026-05-22 18:12:44,882] Trial 822 finished with value: 0.5906130640739646 and parameters: {'P_amp': 0.40277817007477695, 'P_wet': 5621.34305232451, 'P_pow': 5.476026800669422, 'WG_amp': 0.7561871949053817, 'WG_Phalf': 350.74177689391234, 'WG_k': 59.36999641114799, 'WG_c': 0.10527490138848737, 'rain_shift': 0.9900047888295623, 'ign_k': 0.5154265590150934, 'rate_power': 1.0108803107065467}. Best is trial 209 with value: 0.6108097453057891.
[I 2026-05-22 18:12:45,350] Trial 823 finished with value: 0.5949260567317953 and parameters: {'P_amp': 0.8470126484717457, 'P_wet': 1232.7398469970553, 'P_pow': 2.2760825905755455, 'WG_amp': 0.043459051391347814, 'WG_Phalf': 1087.3028558768242, 'WG_k': 32.09743766262399, 'WG_c': 0.0026342053270890556, 'rain_shift': 0.6351479444350776, 'ign_k': 0.8229923597040203, 'rate_power': 0.9356844342314665}. Best is trial 209 with value: 0.6108097453057891.
[I 2026-05-22 18:12:45,817] Trial 824 finished with value: 0.600131622155764 and parameters: {'P_amp': 0.0424207253711651, 'P_wet': 1790.3167470614083, 'P_pow': 0.3804945216687038, 'WG_amp': 0.34103679688245664, 'WG_Phalf': 1209.846655483228, 'WG_k': 8.830762243014735, 'WG_c': 6.538157865525885, 'rain_shift': 0.4824117907120967, 'ign_k': 0.8628103172310145, 'rate_power': 0.7865074677332691}. Best is trial 209 with value: 0.6108097453057891.
[I 2026-05-22 18:12:46,285] Trial 825 finished with value: 0.5354449873774867 and parameters: {'P_amp': 0.4154184871682918, 'P_wet': 907.2202999606465, 'P_pow': 3.3375791994872728, 'WG_amp': 0.820223803972466, 'WG_Phalf': 3837.8688918473913, 'WG_k': 0.018729536559479502, 'WG_c': 0.0005978724140709805, 'rain_shift': 6.6666911368621165, 'ign_k': 1.5167171636679264, 'rate_power': 0.8108474772701294}. Best is trial 209 with value: 0.6108097453057891.
[I 2026-05-22 18:12:46,750] Trial 826 finished with value: 0.5628535408482991 and parameters: {'P_amp': 0.09627380708622638, 'P_wet': 1601.6592394621482, 'P_pow': 4.35818510635461, 'WG_amp': 0.3003545707552657, 'WG_Phalf': 614.3996861802166, 'WG_k': 21.966829575455176, 'WG_c': 9.195311976841287, 'rain_shift': 4.924078391401537, 'ign_k': 0.3676970691809719, 'rate_power': 0.9784797607486767}. Best is trial 209 with value: 0.6108097453057891.
[I 2026-05-22 18:12:47,217] Trial 827 finished with value: 0.5583008474451392 and parameters: {'P_amp': 0.318910178474492, 'P_wet': 5825.08159967883, 'P_pow': 4.932979188544682, 'WG_amp': 0.33177669417035627, 'WG_Phalf': 325.7052954387023, 'WG_k': 5.574013315532402, 'WG_c': 0.058275882496083044, 'rain_shift': 2.5749359468642052, 'ign_k': 0.6835385209189463, 'rate_power': 1.2720557487983761}. Best is trial 209 with value: 0.6108097453057891.
[I 2026-05-22 18:12:47,685] Trial 828 finished with value: 0.6016274629649948 and parameters: {'P_amp': 0.21325406269739888, 'P_wet': 3423.7918129375416, 'P_pow': 2.7843860029540672, 'WG_amp': 0.0003365378201246232, 'WG_Phalf': 221.28492977270042, 'WG_k': 6.552974007390862, 'WG_c': 6.377902733047121, 'rain_shift': 1.395377389074834, 'ign_k': 0.9354432043008211, 'rate_power': 1.021644660745501}. Best is trial 209 with value: 0.6108097453057891.
[I 2026-05-22 18:12:48,152] Trial 829 finished with value: 0.5696161437430927 and parameters: {'P_amp': 0.5440433429993461, 'P_wet': 2267.7335764840545, 'P_pow': 5.215872595598322, 'WG_amp': 0.6066405294300676, 'WG_Phalf': 293.2570396171102, 'WG_k': 5.009003844072946, 'WG_c': 0.5415850593903475, 'rain_shift': 8.692551811752928, 'ign_k': 0.06330944786630664, 'rate_power': 0.7994067614573968}. Best is trial 209 with value: 0.6108097453057891.
