[I 2026-05-22 17:55:10,629] Trial 986 finished with value: 0.5722427888456519 and parameters: {'P_amp': 0.7342500871826196, 'P_wet': 432.96220499103663, 'P_pow': 0.21297900895591138, 'rate_power': 1.2583465906248952}. Best is trial 788 with value: 0.608348636891553.
[I 2026-05-22 17:55:10,928] Trial 987 finished with value: 0.5943515174652738 and parameters: {'P_amp': 0.8974818300805191, 'P_wet': 1365.7317372473178, 'P_pow': 5.93722571350834, 'rate_power': 1.2768561818063269}. Best is trial 788 with value: 0.608348636891553.
[I 2026-05-22 17:55:11,226] Trial 988 finished with value: 0.6078453276184732 and parameters: {'P_amp': 0.8942283807093667, 'P_wet': 2066.0298856629956, 'P_pow': 5.9923794003353175, 'rate_power': 1.1638065689238573}. Best is trial 788 with value: 0.608348636891553.
[I 2026-05-22 17:55:11,525] Trial 989 finished with value: 0.6080102870206577 and parameters: {'P_amp': 0.8710883075916775, 'P_wet': 2616.6226746446996, 'P_pow': 5.97368823718265, 'rate_power': 1.1843747200907477}. Best is trial 788 with value: 0.608348636891553.
[I 2026-05-22 17:55:11,824] Trial 990 finished with value: 0.6080034762680492 and parameters: {'P_amp': 0.7268832938579481, 'P_wet': 2194.427358155578, 'P_pow': 5.952039306944264, 'rate_power': 1.190869376372363}. Best is trial 788 with value: 0.608348636891553.
[I 2026-05-22 17:55:12,122] Trial 991 finished with value: 0.6036485975477408 and parameters: {'P_amp': 0.7823358558357084, 'P_wet': 1592.407757616361, 'P_pow': 5.237463524242729, 'rate_power': 1.1586586379814943}. Best is trial 788 with value: 0.608348636891553.
[I 2026-05-22 17:55:12,421] Trial 992 finished with value: 0.6052952871676122 and parameters: {'P_amp': 0.8958959011756343, 'P_wet': 1720.9646132592773, 'P_pow': 5.984112284754035, 'rate_power': 1.0523521044530193}. Best is trial 788 with value: 0.608348636891553.
[I 2026-05-22 17:55:12,720] Trial 993 finished with value: 0.6074192378133689 and parameters: {'P_amp': 0.6965878455570689, 'P_wet': 1944.858998940865, 'P_pow': 5.98958665059582, 'rate_power': 1.2610515861880642}. Best is trial 788 with value: 0.608348636891553.
[I 2026-05-22 17:55:13,019] Trial 994 finished with value: 0.6081253799892057 and parameters: {'P_amp': 0.891383314059875, 'P_wet': 2625.220696563973, 'P_pow': 5.940002265354729, 'rate_power': 1.282466541700169}. Best is trial 788 with value: 0.608348636891553.
[I 2026-05-22 17:55:13,320] Trial 995 finished with value: 0.6074099820826598 and parameters: {'P_amp': 0.7648145489131484, 'P_wet': 2104.0782647648066, 'P_pow': 5.17709164326756, 'rate_power': 1.2379339410721826}. Best is trial 788 with value: 0.608348636891553.
[I 2026-05-22 17:55:13,620] Trial 996 finished with value: 0.5964220935648223 and parameters: {'P_amp': 0.5431726173899062, 'P_wet': 1188.355656506014, 'P_pow': 4.637573070168989, 'rate_power': 0.9148349725762834}. Best is trial 788 with value: 0.608348636891553.
[I 2026-05-22 17:55:13,918] Trial 997 finished with value: 0.6073915945339958 and parameters: {'P_amp': 0.8861184795603063, 'P_wet': 3348.071932507202, 'P_pow': 5.259618797404248, 'rate_power': 1.174180975074445}. Best is trial 788 with value: 0.608348636891553.
[I 2026-05-22 17:55:14,217] Trial 998 finished with value: 0.6079594728277651 and parameters: {'P_amp': 0.7751073317638588, 'P_wet': 2999.635305128694, 'P_pow': 5.900069431966848, 'rate_power': 1.2567127924015717}. Best is trial 788 with value: 0.608348636891553.
[I 2026-05-22 17:55:14,515] Trial 999 finished with value: 0.6080476823919404 and parameters: {'P_amp': 0.8986646481093274, 'P_wet': 2977.37337142547, 'P_pow': 5.491012824950595, 'rate_power': 1.2442927543592845}. Best is trial 788 with value: 0.608348636891553.
[best] 0.608348636891553 {'overall': 0.6297253727503342, 'bias': 0.7145745737991686, 'rmse': 0.3835292623565604, 'seas': 0.8518736217362881, 'spatial': 0.7302709424542597} {'bona': {'overall': 0.6284505347330719, 'bias': 0.8410648439471754, 'rmse': 0.3373961178960429, 'seas': 0.7781863914146188, 'spatial': 0.6355948932973761}, 'tena': {'overall': 0.5116435775982148, 'bias': 0.6703764713677827, 'rmse': 0.2729910997426325, 'seas': 0.7285937768668902, 'spatial': 0.45453254650156777}, 'tropics': {'overall': 0.6259466407479819, 'bias': 0.7156636549921586, 'rmse': 0.39777419425682126, 'seas': 0.8762475015739339, 'spatial': 0.652556644415998}, 'sh': {'overall': 0.535948151620041, 'bias': 0.6869365692842765, 'rmse': 0.3021460480693498, 'seas': 0.6138454382725831, 'spatial': 0.6236782367404101}} {'P_amp': 0.8892825253145448, 'P_wet': 2320.319269005085, 'P_pow': 5.94946409679268, 'rate_power': 1.2105860353271332}
[write] /Users/adithyasrinivasan/Projects/creativity-docs/exp-workspaces/exp_04/hermes/base/models/research/ED-C2-annual_wet_amp/params.json
[write] /Users/adithyasrinivasan/Projects/creativity-docs/exp-workspaces/exp_04/hermes/base/ilamb/MODELS/ED-C2-annual_wet_amp/burntArea.nc
