[I 2026-05-22 17:53:07,810] Trial 573 finished with value: 0.6056439785386831 and parameters: {'P_amp': 0.7653727052621146, 'P_wet': 1773.6983327346043, 'P_pow': 5.074536959957777, 'rate_power': 1.1899188585677463}. Best is trial 415 with value: 0.6083364232243857.
[I 2026-05-22 17:53:08,108] Trial 574 finished with value: 0.6082049337819609 and parameters: {'P_amp': 0.8973658933099775, 'P_wet': 2376.1324538768736, 'P_pow': 5.913117562563996, 'rate_power': 1.195598091063476}. Best is trial 415 with value: 0.6083364232243857.
[I 2026-05-22 17:53:08,403] Trial 575 finished with value: 0.6077465772246664 and parameters: {'P_amp': 0.7809003216235535, 'P_wet': 3265.2441604985934, 'P_pow': 5.202491236138848, 'rate_power': 1.2167688762222149}. Best is trial 415 with value: 0.6083364232243857.
[I 2026-05-22 17:53:08,701] Trial 576 finished with value: 0.550040202217383 and parameters: {'P_amp': 0.759428066163485, 'P_wet': 316.5216935871227, 'P_pow': 1.1697132005309456, 'rate_power': 1.1350977159811573}. Best is trial 415 with value: 0.6083364232243857.
[I 2026-05-22 17:53:08,998] Trial 577 finished with value: 0.6077187585786885 and parameters: {'P_amp': 0.7959446861335685, 'P_wet': 2855.4944665568187, 'P_pow': 5.9838419466053345, 'rate_power': 1.181365079875899}. Best is trial 415 with value: 0.6083364232243857.
[I 2026-05-22 17:53:09,295] Trial 578 finished with value: 0.6031334669644414 and parameters: {'P_amp': 0.13169877693183324, 'P_wet': 679.1037662763769, 'P_pow': 4.882881607424665, 'rate_power': 1.106434301314335}. Best is trial 415 with value: 0.6083364232243857.
[I 2026-05-22 17:53:09,592] Trial 579 finished with value: 0.608005558240335 and parameters: {'P_amp': 0.8984827900583563, 'P_wet': 2788.19569902043, 'P_pow': 5.116794964264334, 'rate_power': 1.224636260630028}. Best is trial 415 with value: 0.6083364232243857.
[I 2026-05-22 17:53:09,888] Trial 580 finished with value: 0.6080370868196754 and parameters: {'P_amp': 0.7930597554339002, 'P_wet': 2828.0825800875955, 'P_pow': 5.925405558161086, 'rate_power': 1.2211113989255062}. Best is trial 415 with value: 0.6083364232243857.
[I 2026-05-22 17:53:10,186] Trial 581 finished with value: 0.6082714010867116 and parameters: {'P_amp': 0.7908172693680198, 'P_wet': 2349.4365887182726, 'P_pow': 5.989526700377557, 'rate_power': 1.2275176451155225}. Best is trial 415 with value: 0.6083364232243857.
[I 2026-05-22 17:53:10,482] Trial 582 finished with value: 0.6047275450812003 and parameters: {'P_amp': 0.6248497378584114, 'P_wet': 1576.977545529579, 'P_pow': 5.9694706198691, 'rate_power': 1.219042454431413}. Best is trial 415 with value: 0.6083364232243857.
[I 2026-05-22 17:53:10,782] Trial 583 finished with value: 0.6073468732173986 and parameters: {'P_amp': 0.881727304477209, 'P_wet': 3379.0755268699268, 'P_pow': 5.969936373645915, 'rate_power': 1.1720170914803336}. Best is trial 415 with value: 0.6083364232243857.
[I 2026-05-22 17:53:11,086] Trial 584 finished with value: 0.6081873084378829 and parameters: {'P_amp': 0.820956104641626, 'P_wet': 2635.024005146778, 'P_pow': 5.998103196170982, 'rate_power': 1.216068657816664}. Best is trial 415 with value: 0.6083364232243857.
[I 2026-05-22 17:53:11,385] Trial 585 finished with value: 0.6068771317781466 and parameters: {'P_amp': 0.6636379451166076, 'P_wet': 1876.8444921379125, 'P_pow': 5.9453042478419365, 'rate_power': 1.2901429589684326}. Best is trial 415 with value: 0.6083364232243857.
[I 2026-05-22 17:53:11,684] Trial 586 finished with value: 0.5917282081209603 and parameters: {'P_amp': 0.8381470432044059, 'P_wet': 1291.7448025292467, 'P_pow': 5.995431191725853, 'rate_power': 1.2858774448693315}. Best is trial 415 with value: 0.6083364232243857.
[I 2026-05-22 17:53:11,981] Trial 587 finished with value: 0.6074983959586326 and parameters: {'P_amp': 0.8788232347165161, 'P_wet': 3847.487676556263, 'P_pow': 5.944713123696509, 'rate_power': 1.2123584949182322}. Best is trial 415 with value: 0.6083364232243857.
[I 2026-05-22 17:53:12,278] Trial 588 finished with value: 0.5872222564787414 and parameters: {'P_amp': 0.6303189702812773, 'P_wet': 1063.5320430020518, 'P_pow': 5.803266432529613, 'rate_power': 0.7702236984831095}. Best is trial 415 with value: 0.6083364232243857.
[I 2026-05-22 17:53:12,573] Trial 589 finished with value: 0.6074335960434795 and parameters: {'P_amp': 0.5955862619718306, 'P_wet': 2713.2338722588343, 'P_pow': 4.88626647810866, 'rate_power': 1.1795184168480253}. Best is trial 415 with value: 0.6083364232243857.
[I 2026-05-22 17:53:12,867] Trial 590 finished with value: 0.6045392927373014 and parameters: {'P_amp': 0.7718599780566359, 'P_wet': 1626.5865804055443, 'P_pow': 5.959007217221319, 'rate_power': 1.2322002919129444}. Best is trial 415 with value: 0.6083364232243857.
[I 2026-05-22 17:53:13,157] Trial 591 finished with value: 0.5161902875011911 and parameters: {'P_amp': 0.8594183119319438, 'P_wet': 375.89848808358414, 'P_pow': 4.3789383623457665, 'rate_power': 1.010749429088611}. Best is trial 415 with value: 0.6083364232243857.
[I 2026-05-22 17:53:13,449] Trial 592 finished with value: 0.6079945021317158 and parameters: {'P_amp': 0.8808074128253877, 'P_wet': 2876.989425823462, 'P_pow': 5.956158251171835, 'rate_power': 1.2069685461799007}. Best is trial 415 with value: 0.6083364232243857.
[I 2026-05-22 17:53:13,746] Trial 593 finished with value: 0.6056351248236644 and parameters: {'P_amp': 0.7990453937527466, 'P_wet': 1691.3017701636816, 'P_pow': 5.909410533683571, 'rate_power': 1.180350601799672}. Best is trial 415 with value: 0.6083364232243857.
[I 2026-05-22 17:53:14,044] Trial 594 finished with value: 0.6067701479162543 and parameters: {'P_amp': 0.7400103733989678, 'P_wet': 1934.454422466068, 'P_pow': 5.098393770906292, 'rate_power': 1.2158650727313436}. Best is trial 415 with value: 0.6083364232243857.
[I 2026-05-22 17:53:14,339] Trial 595 finished with value: 0.6080130558254472 and parameters: {'P_amp': 0.754101019297225, 'P_wet': 2524.929477997286, 'P_pow': 5.928808642103557, 'rate_power': 1.295203904385711}. Best is trial 415 with value: 0.6083364232243857.
[I 2026-05-22 17:53:14,635] Trial 596 finished with value: 0.6080280761448628 and parameters: {'P_amp': 0.6927163308431978, 'P_wet': 2737.85333704298, 'P_pow': 5.979648058146084, 'rate_power': 1.256845447210753}. Best is trial 415 with value: 0.6083364232243857.
[I 2026-05-22 17:53:14,930] Trial 597 finished with value: 0.6081535579864666 and parameters: {'P_amp': 0.8924895149920012, 'P_wet': 2889.80789179513, 'P_pow': 5.91147882469729, 'rate_power': 1.2416741838612824}. Best is trial 415 with value: 0.6083364232243857.
[I 2026-05-22 17:53:15,227] Trial 598 finished with value: 0.6040716084206497 and parameters: {'P_amp': 0.8969643088087944, 'P_wet': 1692.8367660532706, 'P_pow': 5.035421883236673, 'rate_power': 1.1872125185842959}. Best is trial 415 with value: 0.6083364232243857.
[I 2026-05-22 17:53:15,523] Trial 599 finished with value: 0.6069096680085607 and parameters: {'P_amp': 0.7455880947270199, 'P_wet': 2740.145668568949, 'P_pow': 5.1612060161404685, 'rate_power': 1.1219485202440684}. Best is trial 415 with value: 0.6083364232243857.
[I 2026-05-22 17:53:15,821] Trial 600 finished with value: 0.6018746398012942 and parameters: {'P_amp': 0.7041916999138145, 'P_wet': 4127.898409670809, 'P_pow': 0.7835722992247032, 'rate_power': 1.0172674644055029}. Best is trial 415 with value: 0.6083364232243857.
[I 2026-05-22 17:53:16,118] Trial 601 finished with value: 0.6081904023274721 and parameters: {'P_amp': 0.749339023704761, 'P_wet': 2267.1098107322678, 'P_pow': 5.952806101309259, 'rate_power': 1.2097993214369651}. Best is trial 415 with value: 0.6083364232243857.
[I 2026-05-22 17:53:16,414] Trial 602 finished with value: 0.6077046184535102 and parameters: {'P_amp': 0.7825287515207775, 'P_wet': 3380.1573984854867, 'P_pow': 4.820946592456513, 'rate_power': 1.2792478925721176}. Best is trial 415 with value: 0.6083364232243857.
[I 2026-05-22 17:53:16,711] Trial 603 finished with value: 0.6078018032220677 and parameters: {'P_amp': 0.7782447973672737, 'P_wet': 2023.061844765774, 'P_pow': 5.9230393353787685, 'rate_power': 1.2254394155713872}. Best is trial 415 with value: 0.6083364232243857.
[I 2026-05-22 17:53:17,008] Trial 604 finished with value: 0.6075728487727311 and parameters: {'P_amp': 0.8788666527979746, 'P_wet': 3934.400784523286, 'P_pow': 5.012781923915223, 'rate_power': 1.2185239527702862}. Best is trial 415 with value: 0.6083364232243857.
[I 2026-05-22 17:53:17,309] Trial 605 finished with value: 0.6065065537627095 and parameters: {'P_amp': 0.7649226072639854, 'P_wet': 4302.431977802004, 'P_pow': 5.889091335167918, 'rate_power': 1.1362139865276994}. Best is trial 415 with value: 0.6083364232243857.
[I 2026-05-22 17:53:17,605] Trial 606 finished with value: 0.6073213809479356 and parameters: {'P_amp': 0.6166816547223042, 'P_wet': 2130.0555871934357, 'P_pow': 5.914330531946652, 'rate_power': 1.1339875520265088}. Best is trial 415 with value: 0.6083364232243857.
[I 2026-05-22 17:53:17,903] Trial 607 finished with value: 0.6072517872200109 and parameters: {'P_amp': 0.7587738908418565, 'P_wet': 2489.8681817084876, 'P_pow': 5.9621464341275265, 'rate_power': 1.1235826653983956}. Best is trial 415 with value: 0.6083364232243857.
[I 2026-05-22 17:53:18,199] Trial 608 finished with value: 0.607585310094225 and parameters: {'P_amp': 0.7905704138600882, 'P_wet': 1975.827468520268, 'P_pow': 5.874238371051916, 'rate_power': 1.1879923783759854}. Best is trial 415 with value: 0.6083364232243857.
[I 2026-05-22 17:53:18,497] Trial 609 finished with value: 0.5889113776433289 and parameters: {'P_amp': 0.12850017299950167, 'P_wet': 773.7243462107778, 'P_pow': 4.57470230637259, 'rate_power': 0.7813684385600219}. Best is trial 415 with value: 0.6083364232243857.
[I 2026-05-22 17:53:18,787] Trial 610 finished with value: 0.604796481880807 and parameters: {'P_amp': 0.8985123996500367, 'P_wet': 1795.5616570626685, 'P_pow': 4.886367362366979, 'rate_power': 1.224684768220509}. Best is trial 415 with value: 0.6083364232243857.
[I 2026-05-22 17:53:19,079] Trial 611 finished with value: 0.6075782279676651 and parameters: {'P_amp': 0.7960218138988275, 'P_wet': 3077.488085928832, 'P_pow': 5.06433257539284, 'rate_power': 1.1881833494766336}. Best is trial 415 with value: 0.6083364232243857.
[I 2026-05-22 17:53:19,369] Trial 612 finished with value: 0.6080600785257905 and parameters: {'P_amp': 0.8662627002268798, 'P_wet': 2934.6118781531914, 'P_pow': 5.9798993279568275, 'rate_power': 1.2648642835197579}. Best is trial 415 with value: 0.6083364232243857.
[I 2026-05-22 17:53:19,660] Trial 613 finished with value: 0.6077050076352389 and parameters: {'P_amp': 0.7703753405384806, 'P_wet': 2308.870174009316, 'P_pow': 5.017568324059575, 'rate_power': 1.2284168752398719}. Best is trial 415 with value: 0.6083364232243857.
[I 2026-05-22 17:53:19,951] Trial 614 finished with value: 0.595827699119944 and parameters: {'P_amp': 0.8986125688013313, 'P_wet': 1377.500872746735, 'P_pow': 5.938997429189671, 'rate_power': 1.2415376509552563}. Best is trial 415 with value: 0.6083364232243857.
[I 2026-05-22 17:53:20,242] Trial 615 finished with value: 0.6070567161166117 and parameters: {'P_amp': 0.8968677935590388, 'P_wet': 1899.0381961956439, 'P_pow': 5.831494349218758, 'rate_power': 1.1461581689811111}. Best is trial 415 with value: 0.6083364232243857.
[I 2026-05-22 17:53:20,540] Trial 616 finished with value: 0.6072421887524406 and parameters: {'P_amp': 0.7951001399458423, 'P_wet': 1877.4416557698928, 'P_pow': 5.975796583022772, 'rate_power': 1.2221332915055005}. Best is trial 415 with value: 0.6083364232243857.
[I 2026-05-22 17:53:20,837] Trial 617 finished with value: 0.6080763417671737 and parameters: {'P_amp': 0.8913090883403847, 'P_wet': 2538.3951200788306, 'P_pow': 5.274427500937385, 'rate_power': 1.2256327733917511}. Best is trial 415 with value: 0.6083364232243857.
[I 2026-05-22 17:53:21,127] Trial 618 finished with value: 0.5993388936483521 and parameters: {'P_amp': 0.21165413846884795, 'P_wet': 331.31676441561603, 'P_pow': 2.2156800156121843, 'rate_power': 1.1892081456051657}. Best is trial 415 with value: 0.6083364232243857.
[I 2026-05-22 17:53:21,417] Trial 619 finished with value: 0.6082640404104905 and parameters: {'P_amp': 0.895805186197835, 'P_wet': 2337.0455827201627, 'P_pow': 5.873553440343589, 'rate_power': 1.2412426434129997}. Best is trial 415 with value: 0.6083364232243857.
[I 2026-05-22 17:53:21,707] Trial 620 finished with value: 0.607551442889159 and parameters: {'P_amp': 0.8776965240417972, 'P_wet': 1959.02120588221, 'P_pow': 5.8995659652861265, 'rate_power': 1.1934636945626358}. Best is trial 415 with value: 0.6083364232243857.
[I 2026-05-22 17:53:21,997] Trial 621 finished with value: 0.6075078646915698 and parameters: {'P_amp': 0.889956242767338, 'P_wet': 3177.0721463686773, 'P_pow': 5.789917626871403, 'rate_power': 1.1746605853364784}. Best is trial 415 with value: 0.6083364232243857.
[I 2026-05-22 17:53:22,286] Trial 622 finished with value: 0.59760962733605 and parameters: {'P_amp': 0.8167270675326634, 'P_wet': 5570.225221584425, 'P_pow': 2.5205658972516, 'rate_power': 0.9008898887942955}. Best is trial 415 with value: 0.6083364232243857.
[I 2026-05-22 17:53:22,576] Trial 623 finished with value: 0.6047844097954962 and parameters: {'P_amp': 0.8941125918488919, 'P_wet': 3337.7620305006008, 'P_pow': 5.556274669234847, 'rate_power': 1.0411055963321094}. Best is trial 415 with value: 0.6083364232243857.
[I 2026-05-22 17:53:22,865] Trial 624 finished with value: 0.6072324532518778 and parameters: {'P_amp': 0.8669829994424725, 'P_wet': 2560.2825257694803, 'P_pow': 5.966489122228415, 'rate_power': 1.1155968162503194}. Best is trial 415 with value: 0.6083364232243857.
[I 2026-05-22 17:53:23,162] Trial 625 finished with value: 0.6076859222325859 and parameters: {'P_amp': 0.8345955325165068, 'P_wet': 2559.516768507071, 'P_pow': 5.037112741803679, 'rate_power': 1.2970889711984561}. Best is trial 415 with value: 0.6083364232243857.
[I 2026-05-22 17:53:23,460] Trial 626 finished with value: 0.6081106986455593 and parameters: {'P_amp': 0.8951138601315073, 'P_wet': 2223.3174245860746, 'P_pow': 5.973696440955125, 'rate_power': 1.2752007910515353}. Best is trial 415 with value: 0.6083364232243857.
[I 2026-05-22 17:53:23,757] Trial 627 finished with value: 0.6080100232173132 and parameters: {'P_amp': 0.8844230852637478, 'P_wet': 2196.1027493608167, 'P_pow': 5.974917810247888, 'rate_power': 1.1626795890743922}. Best is trial 415 with value: 0.6083364232243857.
[I 2026-05-22 17:53:24,056] Trial 628 finished with value: 0.6075922996975905 and parameters: {'P_amp': 0.8981940961621653, 'P_wet': 4639.489275345343, 'P_pow': 5.265310578559596, 'rate_power': 1.2732437398020342}. Best is trial 415 with value: 0.6083364232243857.
[I 2026-05-22 17:53:24,354] Trial 629 finished with value: 0.6062089496227518 and parameters: {'P_amp': 0.8643684520669133, 'P_wet': 4035.9174431985266, 'P_pow': 3.405312883269972, 'rate_power': 1.1137006498833102}. Best is trial 415 with value: 0.6083364232243857.
[I 2026-05-22 17:53:24,651] Trial 630 finished with value: 0.608267918345804 and parameters: {'P_amp': 0.8945944255267391, 'P_wet': 2167.7752451845654, 'P_pow': 5.99608482359824, 'rate_power': 1.2142706637724199}. Best is trial 415 with value: 0.6083364232243857.
[I 2026-05-22 17:53:24,949] Trial 631 finished with value: 0.5694235761930113 and parameters: {'P_amp': 0.7353193637952798, 'P_wet': 899.0167860158888, 'P_pow': 4.4822547650702, 'rate_power': 1.259976642451281}. Best is trial 415 with value: 0.6083364232243857.
[I 2026-05-22 17:53:25,246] Trial 632 finished with value: 0.5965156793091624 and parameters: {'P_amp': 0.7743057905564644, 'P_wet': 1289.801987382542, 'P_pow': 5.533217619674694, 'rate_power': 1.1195159976367324}. Best is trial 415 with value: 0.6083364232243857.
[I 2026-05-22 17:53:25,542] Trial 633 finished with value: 0.6080869113411246 and parameters: {'P_amp': 0.8705356759241789, 'P_wet': 2432.6164493584024, 'P_pow': 5.99598228515362, 'rate_power': 1.1790318536078168}. Best is trial 415 with value: 0.6083364232243857.
[I 2026-05-22 17:53:25,839] Trial 634 finished with value: 0.60619213606811 and parameters: {'P_amp': 0.7985531617405619, 'P_wet': 1894.9745468228396, 'P_pow': 5.018925112465537, 'rate_power': 1.1272053057976856}. Best is trial 415 with value: 0.6083364232243857.
[I 2026-05-22 17:53:26,137] Trial 635 finished with value: 0.6038785602107428 and parameters: {'P_amp': 0.8022418989144808, 'P_wet': 1734.1619439065898, 'P_pow': 5.088195437946806, 'rate_power': 1.2949038138311344}. Best is trial 415 with value: 0.6083364232243857.
[I 2026-05-22 17:53:26,434] Trial 636 finished with value: 0.6080658699454804 and parameters: {'P_amp': 0.7421132503509952, 'P_wet': 2252.394073750311, 'P_pow': 5.968422313866999, 'rate_power': 1.1995204977882379}. Best is trial 415 with value: 0.6083364232243857.
[I 2026-05-22 17:53:26,729] Trial 637 finished with value: 0.6077566079467588 and parameters: {'P_amp': 0.8940839424899276, 'P_wet': 2696.029907637389, 'P_pow': 5.220577392239562, 'rate_power': 1.173072428030954}. Best is trial 415 with value: 0.6083364232243857.
[I 2026-05-22 17:53:27,021] Trial 638 finished with value: 0.6080517400624026 and parameters: {'P_amp': 0.882379555572566, 'P_wet': 2136.4455437103134, 'P_pow': 5.992588724411885, 'rate_power': 1.2451418379609953}. Best is trial 415 with value: 0.6083364232243857.
[I 2026-05-22 17:53:27,314] Trial 639 finished with value: 0.5997609869852224 and parameters: {'P_amp': 0.8991495737194733, 'P_wet': 1555.5892319125157, 'P_pow': 4.926216708923129, 'rate_power': 1.2655155558911992}. Best is trial 415 with value: 0.6083364232243857.
[I 2026-05-22 17:53:27,608] Trial 640 finished with value: 0.6068258465740217 and parameters: {'P_amp': 0.1843038499525227, 'P_wet': 4772.335016600828, 'P_pow': 3.1399169187535825, 'rate_power': 1.1678366009237688}. Best is trial 415 with value: 0.6083364232243857.
[I 2026-05-22 17:53:27,910] Trial 641 finished with value: 0.6082286015132936 and parameters: {'P_amp': 0.8585887253255956, 'P_wet': 2501.5311478845665, 'P_pow': 5.993780079162502, 'rate_power': 1.2052587522184184}. Best is trial 415 with value: 0.6083364232243857.
[I 2026-05-22 17:53:28,215] Trial 642 finished with value: 0.6077294069561233 and parameters: {'P_amp': 0.531118343217273, 'P_wet': 2582.696090758531, 'P_pow': 4.992096036132899, 'rate_power': 1.2523746494002883}. Best is trial 415 with value: 0.6083364232243857.
[I 2026-05-22 17:53:28,516] Trial 643 finished with value: 0.5852285062769998 and parameters: {'P_amp': 0.792730145624135, 'P_wet': 1129.0390019795973, 'P_pow': 4.986150028951719, 'rate_power': 1.2179097174933193}. Best is trial 415 with value: 0.6083364232243857.
[I 2026-05-22 17:53:28,807] Trial 644 finished with value: 0.6030523644733494 and parameters: {'P_amp': 0.08800406893443047, 'P_wet': 999.7244441493142, 'P_pow': 2.2039531306905067, 'rate_power': 1.0121638380817453}. Best is trial 415 with value: 0.6083364232243857.
[I 2026-05-22 17:53:29,097] Trial 645 finished with value: 0.5998841659995767 and parameters: {'P_amp': 0.8665387042800287, 'P_wet': 1420.1920350197438, 'P_pow': 5.996257112197433, 'rate_power': 1.1446073837516215}. Best is trial 415 with value: 0.6083364232243857.
[I 2026-05-22 17:53:29,387] Trial 646 finished with value: 0.6070732490710493 and parameters: {'P_amp': 0.8984204523617841, 'P_wet': 1866.6605673544314, 'P_pow': 5.964357393231125, 'rate_power': 1.183008002262152}. Best is trial 415 with value: 0.6083364232243857.
[I 2026-05-22 17:53:29,678] Trial 647 finished with value: 0.607308273074442 and parameters: {'P_amp': 0.6861381267619149, 'P_wet': 5087.837556025784, 'P_pow': 5.88233241199837, 'rate_power': 1.2077772511722507}. Best is trial 415 with value: 0.6083364232243857.
[I 2026-05-22 17:53:29,968] Trial 648 finished with value: 0.6074953386598625 and parameters: {'P_amp': 0.8657151259114093, 'P_wet': 4622.677271656699, 'P_pow': 5.9531855571403485, 'rate_power': 1.2967720095751178}. Best is trial 415 with value: 0.6083364232243857.
[I 2026-05-22 17:53:30,265] Trial 649 finished with value: 0.6042937206155515 and parameters: {'P_amp': 0.7496084227711399, 'P_wet': 1576.3481713299716, 'P_pow': 5.959129967277906, 'rate_power': 1.1850897800864588}. Best is trial 415 with value: 0.6083364232243857.
[I 2026-05-22 17:53:30,568] Trial 650 finished with value: 0.6072949241775585 and parameters: {'P_amp': 0.7344812714517452, 'P_wet': 3508.761366038227, 'P_pow': 5.171785530417647, 'rate_power': 1.1801141372807864}. Best is trial 415 with value: 0.6083364232243857.
[I 2026-05-22 17:53:30,868] Trial 651 finished with value: 0.6064275150835249 and parameters: {'P_amp': 0.7808372984440475, 'P_wet': 1910.2118494829965, 'P_pow': 5.203780323480257, 'rate_power': 1.2493904670276421}. Best is trial 415 with value: 0.6083364232243857.
[I 2026-05-22 17:53:31,164] Trial 652 finished with value: 0.607798097918453 and parameters: {'P_amp': 0.7089714642793402, 'P_wet': 2561.5836636161052, 'P_pow': 5.794884734049458, 'rate_power': 1.1802293979170908}. Best is trial 415 with value: 0.6083364232243857.
[I 2026-05-22 17:53:31,461] Trial 653 finished with value: 0.6079371073703236 and parameters: {'P_amp': 0.8992608189861303, 'P_wet': 3050.6317430996974, 'P_pow': 4.963879943272659, 'rate_power': 1.2446225197809158}. Best is trial 415 with value: 0.6083364232243857.
[I 2026-05-22 17:53:31,761] Trial 654 finished with value: 0.6072906690847316 and parameters: {'P_amp': 0.7301370137321649, 'P_wet': 1951.5229513560496, 'P_pow': 5.958225158797491, 'rate_power': 1.13836996964132}. Best is trial 415 with value: 0.6083364232243857.
