[I 2026-05-22 18:13:12,306] Trial 879 finished with value: 0.535106035311228 and parameters: {'P_amp': 0.06513705748731065, 'P_wet': 4725.740119664025, 'P_pow': 4.230872594933546, 'WG_amp': 0.7901015716968869, 'WG_Phalf': 285.26880491156936, 'WG_k': 19.130111372084134, 'WG_c': 0.05013102537722035, 'rain_shift': 4.401992251973975, 'ign_k': 0.10650371033569854, 'rate_power': 1.0876920875156588}. Best is trial 209 with value: 0.6108097453057891.
[I 2026-05-22 18:13:12,769] Trial 880 finished with value: 0.6069631453114495 and parameters: {'P_amp': 0.22487140244698034, 'P_wet': 2802.5728671659635, 'P_pow': 4.658956286915716, 'WG_amp': 0.07115093292512306, 'WG_Phalf': 197.52916006038117, 'WG_k': 13.581335688890185, 'WG_c': 1.0854469041613284, 'rain_shift': 0.454294095932091, 'ign_k': 0.6647746913565517, 'rate_power': 0.9405130597395984}. Best is trial 209 with value: 0.6108097453057891.
[I 2026-05-22 18:13:13,237] Trial 881 finished with value: 0.6090809713761669 and parameters: {'P_amp': 0.06768541642251065, 'P_wet': 4257.505449381705, 'P_pow': 1.2426634612456804, 'WG_amp': 0.35024905464014316, 'WG_Phalf': 823.9314484811855, 'WG_k': 5.664624830935089, 'WG_c': 6.959696200384148, 'rain_shift': 1.8965594133171726, 'ign_k': 0.5677763171582063, 'rate_power': 0.7918151186209998}. Best is trial 209 with value: 0.6108097453057891.
[I 2026-05-22 18:13:13,707] Trial 882 finished with value: 0.603169396242774 and parameters: {'P_amp': 0.15675883681511246, 'P_wet': 2304.7084708240195, 'P_pow': 1.1258515858497857, 'WG_amp': 0.8234269991667063, 'WG_Phalf': 985.559562153981, 'WG_k': 3.180237096801895, 'WG_c': 0.5021498532314463, 'rain_shift': 0.2536780343443321, 'ign_k': 0.6469461823422301, 'rate_power': 0.8547785704723739}. Best is trial 209 with value: 0.6108097453057891.
[I 2026-05-22 18:13:14,175] Trial 883 finished with value: 0.6009916585411643 and parameters: {'P_amp': 0.0062776771115483935, 'P_wet': 4194.094379220736, 'P_pow': 1.5827838815236381, 'WG_amp': 0.24479733828905315, 'WG_Phalf': 568.7077652321403, 'WG_k': 16.485158995975688, 'WG_c': 3.230129488119003, 'rain_shift': 0.44542433134565274, 'ign_k': 1.7730875173017924, 'rate_power': 0.8544832929674853}. Best is trial 209 with value: 0.6108097453057891.
[I 2026-05-22 18:13:14,712] Trial 884 finished with value: 0.6097450416409719 and parameters: {'P_amp': 0.0859087654675254, 'P_wet': 2231.4471251956675, 'P_pow': 5.763779264367022, 'WG_amp': 0.6078143329521366, 'WG_Phalf': 1141.6571062059543, 'WG_k': 54.431689617479755, 'WG_c': 0.34041381777954227, 'rain_shift': 1.441816134794804, 'ign_k': 0.7101320408303896, 'rate_power': 0.7438929784117452}. Best is trial 209 with value: 0.6108097453057891.
[I 2026-05-22 18:13:15,203] Trial 885 finished with value: 0.6004913249443409 and parameters: {'P_amp': 0.04846555829064021, 'P_wet': 2234.2464539416687, 'P_pow': 5.936030138640643, 'WG_amp': 0.7201417236510855, 'WG_Phalf': 753.3866542252396, 'WG_k': 84.18750240188743, 'WG_c': 0.21894681391741766, 'rain_shift': 1.4129676035471022, 'ign_k': 0.7159959383887889, 'rate_power': 0.9189069753346119}. Best is trial 209 with value: 0.6108097453057891.
[I 2026-05-22 18:13:15,685] Trial 886 finished with value: 0.5734076243277197 and parameters: {'P_amp': 0.31943290023113186, 'P_wet': 4146.132779975209, 'P_pow': 2.8455798155757623, 'WG_amp': 0.8988302289657499, 'WG_Phalf': 795.5752012433995, 'WG_k': 39.431920814624114, 'WG_c': 0.09318833953159121, 'rain_shift': 1.420188503054776, 'ign_k': 0.817965163096156, 'rate_power': 1.1448482959761892}. Best is trial 209 with value: 0.6108097453057891.
[I 2026-05-22 18:13:16,153] Trial 887 finished with value: 0.6085995309412212 and parameters: {'P_amp': 0.21431860786838886, 'P_wet': 4838.796750830031, 'P_pow': 4.840423288590484, 'WG_amp': 0.01368039881537896, 'WG_Phalf': 583.8081464546107, 'WG_k': 4.995845090527053, 'WG_c': 5.535259022092891, 'rain_shift': 0.8201858807037057, 'ign_k': 0.5198995246499543, 'rate_power': 1.0891003030018094}. Best is trial 209 with value: 0.6108097453057891.
[I 2026-05-22 18:13:16,621] Trial 888 finished with value: 0.6038117178163369 and parameters: {'P_amp': 0.030911669258579078, 'P_wet': 1583.9861370348917, 'P_pow': 4.5428272932510545, 'WG_amp': 0.5627779157111921, 'WG_Phalf': 577.7506670766434, 'WG_k': 19.128954782831453, 'WG_c': 0.37953134693924984, 'rain_shift': 1.3936271624539136, 'ign_k': 0.4033117880348821, 'rate_power': 0.7166856265315168}. Best is trial 209 with value: 0.6108097453057891.
[I 2026-05-22 18:13:17,112] Trial 889 finished with value: 0.5907487815491481 and parameters: {'P_amp': 0.195106113147705, 'P_wet': 3312.1027261135105, 'P_pow': 5.994692560470602, 'WG_amp': 0.6289739024492528, 'WG_Phalf': 1101.7876826701038, 'WG_k': 6.405381273175142, 'WG_c': 0.31704891348222747, 'rain_shift': 2.5612204015846745, 'ign_k': 0.5659202076647732, 'rate_power': 0.851647630236697}. Best is trial 209 with value: 0.6108097453057891.
[I 2026-05-22 18:13:17,588] Trial 890 finished with value: 0.5985974660232386 and parameters: {'P_amp': 0.143352474464907, 'P_wet': 2099.5662673816596, 'P_pow': 5.660463451027998, 'WG_amp': 0.4775535445905976, 'WG_Phalf': 2215.9100043279072, 'WG_k': 6.4457225328577294, 'WG_c': 0.031918207906488, 'rain_shift': 1.0677818202964589, 'ign_k': 0.4190628547172854, 'rate_power': 0.7189234986618789}. Best is trial 209 with value: 0.6108097453057891.
[I 2026-05-22 18:13:18,064] Trial 891 finished with value: 0.5829090900946435 and parameters: {'P_amp': 0.012471096369662267, 'P_wet': 4603.240202237944, 'P_pow': 1.2904746173053965, 'WG_amp': 0.15732947312983242, 'WG_Phalf': 1054.851111091443, 'WG_k': 21.279469921193986, 'WG_c': 9.428913474917573, 'rain_shift': 3.685130937600618, 'ign_k': 0.5453300412588238, 'rate_power': 0.8001880820050493}. Best is trial 209 with value: 0.6108097453057891.
[I 2026-05-22 18:13:18,537] Trial 892 finished with value: 0.5801613447610345 and parameters: {'P_amp': 0.1164347357491109, 'P_wet': 3981.190320560174, 'P_pow': 0.5040353571308578, 'WG_amp': 0.37493998474385787, 'WG_Phalf': 1186.406448179941, 'WG_k': 52.560553003043935, 'WG_c': 1.8716845615101496, 'rain_shift': 2.991176362440503, 'ign_k': 1.1725328281530394, 'rate_power': 0.7978725548486297}. Best is trial 209 with value: 0.6108097453057891.
[I 2026-05-22 18:13:19,007] Trial 893 finished with value: 0.532250526773862 and parameters: {'P_amp': 0.22438646958211747, 'P_wet': 370.46780503820736, 'P_pow': 5.471918907102904, 'WG_amp': 0.3296732020784017, 'WG_Phalf': 4381.586162240128, 'WG_k': 0.0942627833516639, 'WG_c': 1.7794333418211923, 'rain_shift': 4.927043187268532, 'ign_k': 2.6240458459096216, 'rate_power': 1.0607040487337556}. Best is trial 209 with value: 0.6108097453057891.
[I 2026-05-22 18:13:19,474] Trial 894 finished with value: 0.5448129428922368 and parameters: {'P_amp': 0.3240002154488403, 'P_wet': 330.59920860473045, 'P_pow': 5.251453616486703, 'WG_amp': 0.20344717435472864, 'WG_Phalf': 404.81984221746984, 'WG_k': 44.03717495620416, 'WG_c': 0.25957109163162534, 'rain_shift': 6.609321383277765, 'ign_k': 0.7379771007719151, 'rate_power': 0.7026718468033459}. Best is trial 209 with value: 0.6108097453057891.
[I 2026-05-22 18:13:19,942] Trial 895 finished with value: 0.5934931496720574 and parameters: {'P_amp': 0.20340739763465027, 'P_wet': 3989.9607867057603, 'P_pow': 4.743778821091146, 'WG_amp': 0.14151412588348128, 'WG_Phalf': 774.2798875666382, 'WG_k': 18.950340285172835, 'WG_c': 8.04002849216218, 'rain_shift': 2.436912476839948, 'ign_k': 0.5041806439530258, 'rate_power': 0.9511682107930356}. Best is trial 209 with value: 0.6108097453057891.
[I 2026-05-22 18:13:20,415] Trial 896 finished with value: 0.596143608275952 and parameters: {'P_amp': 0.27992102656034124, 'P_wet': 1570.6607851570186, 'P_pow': 5.865453352059523, 'WG_amp': 0.35920979795458213, 'WG_Phalf': 681.9755358674985, 'WG_k': 2.374568858423408, 'WG_c': 0.046364736691114454, 'rain_shift': 0.15872336528053443, 'ign_k': 0.44934576153051625, 'rate_power': 0.9721019927075121}. Best is trial 209 with value: 0.6108097453057891.
[I 2026-05-22 18:13:20,902] Trial 897 finished with value: 0.5414813595654856 and parameters: {'P_amp': 0.7876649529350532, 'P_wet': 494.4061104322826, 'P_pow': 2.8478461033699776, 'WG_amp': 0.5624170378494048, 'WG_Phalf': 151.47659998060973, 'WG_k': 22.450718863443967, 'WG_c': 0.0001461315321337739, 'rain_shift': 1.4274017526037936, 'ign_k': 0.3066231343256204, 'rate_power': 0.7374642313097184}. Best is trial 209 with value: 0.6108097453057891.
[I 2026-05-22 18:13:21,376] Trial 898 finished with value: 0.6016543953345739 and parameters: {'P_amp': 0.12939847663166065, 'P_wet': 4626.215256251922, 'P_pow': 4.700965706849532, 'WG_amp': 0.0848773831847916, 'WG_Phalf': 442.1598308379343, 'WG_k': 2.2181407982610364, 'WG_c': 8.628726969520356, 'rain_shift': 1.008974825586083, 'ign_k': 1.373823697260391, 'rate_power': 0.7626753251364112}. Best is trial 209 with value: 0.6108097453057891.
[I 2026-05-22 18:13:21,848] Trial 899 finished with value: 0.6079085063593326 and parameters: {'P_amp': 0.17640327695692093, 'P_wet': 3717.6271110575326, 'P_pow': 4.718336044381889, 'WG_amp': 0.6508948493469294, 'WG_Phalf': 499.06032361697646, 'WG_k': 48.0346130219855, 'WG_c': 0.9546081959112034, 'rain_shift': 1.2116554251027896, 'ign_k': 1.0081972842674174, 'rate_power': 0.8081795743298935}. Best is trial 209 with value: 0.6108097453057891.
[I 2026-05-22 18:13:22,317] Trial 900 finished with value: 0.5543235699818201 and parameters: {'P_amp': 0.18490722021182282, 'P_wet': 2138.7708636916054, 'P_pow': 5.082705470764375, 'WG_amp': 0.2359350796814728, 'WG_Phalf': 378.06708874468893, 'WG_k': 62.01123433840923, 'WG_c': 0.06733685310473021, 'rain_shift': 4.8965613955412834, 'ign_k': 0.8305783720397275, 'rate_power': 0.8783594842428704}. Best is trial 209 with value: 0.6108097453057891.
[I 2026-05-22 18:13:22,791] Trial 901 finished with value: 0.606694329845367 and parameters: {'P_amp': 0.0024255036054203205, 'P_wet': 1045.086755832648, 'P_pow': 0.9436326022569664, 'WG_amp': 0.3650788731610579, 'WG_Phalf': 2777.644021757554, 'WG_k': 6.868553223674368, 'WG_c': 0.11403814311885305, 'rain_shift': 0.21125735973425297, 'ign_k': 0.8873672283666999, 'rate_power': 1.147838292623328}. Best is trial 209 with value: 0.6108097453057891.
[I 2026-05-22 18:13:23,261] Trial 902 finished with value: 0.5165424192175907 and parameters: {'P_amp': 0.3222673598659971, 'P_wet': 1504.9334594403626, 'P_pow': 2.98399350304292, 'WG_amp': 0.2934191081597435, 'WG_Phalf': 237.28533056984816, 'WG_k': 5.719742934435937, 'WG_c': 0.0002870341536529816, 'rain_shift': 9.857587898186058, 'ign_k': 0.7305883642742665, 'rate_power': 1.1338693986429471}. Best is trial 209 with value: 0.6108097453057891.
[I 2026-05-22 18:13:23,732] Trial 903 finished with value: 0.5770871700898335 and parameters: {'P_amp': 0.0027765076598338517, 'P_wet': 1806.3808831976992, 'P_pow': 5.979969460166405, 'WG_amp': 0.6175877914425036, 'WG_Phalf': 915.0063318584046, 'WG_k': 32.07285355042656, 'WG_c': 1.2918350221535808, 'rain_shift': 3.586139228281523, 'ign_k': 0.8254019981148641, 'rate_power': 0.8102622829533161}. Best is trial 209 with value: 0.6108097453057891.
[I 2026-05-22 18:13:24,201] Trial 904 finished with value: 0.6069374152153312 and parameters: {'P_amp': 0.18013142161803308, 'P_wet': 3272.2473955045098, 'P_pow': 5.59337891771681, 'WG_amp': 0.6824973558807239, 'WG_Phalf': 2524.9864838011417, 'WG_k': 58.33932982138469, 'WG_c': 0.08891782041131872, 'rain_shift': 1.0776490634925158, 'ign_k': 0.7771578320885367, 'rate_power': 0.7867894101502882}. Best is trial 209 with value: 0.6108097453057891.
[I 2026-05-22 18:13:24,668] Trial 905 finished with value: 0.6040470221258384 and parameters: {'P_amp': 0.039885301609711515, 'P_wet': 2005.5669474295373, 'P_pow': 5.460225574373759, 'WG_amp': 0.625349075762606, 'WG_Phalf': 559.4463297567751, 'WG_k': 82.82513783712707, 'WG_c': 0.08710412588197454, 'rain_shift': 1.497871963317921, 'ign_k': 0.5196958314356882, 'rate_power': 0.7048107255402488}. Best is trial 209 with value: 0.6108097453057891.
[I 2026-05-22 18:13:25,134] Trial 906 finished with value: 0.5994017638462044 and parameters: {'P_amp': 0.11161705593941526, 'P_wet': 4283.2982680215855, 'P_pow': 1.9870395258746791, 'WG_amp': 0.587770356882838, 'WG_Phalf': 2935.741660663005, 'WG_k': 2.4930490170994353, 'WG_c': 0.8970895575743758, 'rain_shift': 1.5113699384814998, 'ign_k': 0.3217226423528082, 'rate_power': 1.0046585463241025}. Best is trial 209 with value: 0.6108097453057891.
[I 2026-05-22 18:13:25,602] Trial 907 finished with value: 0.5976189529240542 and parameters: {'P_amp': 0.007546609064461723, 'P_wet': 2786.4446740317085, 'P_pow': 4.924495898702486, 'WG_amp': 0.031040854272143044, 'WG_Phalf': 567.4867543259074, 'WG_k': 0.6511630034560772, 'WG_c': 5.168610762227504, 'rain_shift': 1.5175827046875734, 'ign_k': 1.6040907085986729, 'rate_power': 0.9590033051421132}. Best is trial 209 with value: 0.6108097453057891.
[I 2026-05-22 18:13:26,076] Trial 908 finished with value: 0.5588940261497615 and parameters: {'P_amp': 0.016870147016521064, 'P_wet': 1743.7784338535125, 'P_pow': 2.1456093887102505, 'WG_amp': 0.4919742858627017, 'WG_Phalf': 3452.372931818851, 'WG_k': 49.09952438881101, 'WG_c': 0.0024338091695013985, 'rain_shift': 7.500723140633758, 'ign_k': 0.4468912823067892, 'rate_power': 0.7294693774211678}. Best is trial 209 with value: 0.6108097453057891.
[I 2026-05-22 18:13:26,565] Trial 909 finished with value: 0.603475016915834 and parameters: {'P_amp': 0.22234505522543777, 'P_wet': 2843.676196085418, 'P_pow': 5.849651225664573, 'WG_amp': 0.5246149656137933, 'WG_Phalf': 1415.963175375763, 'WG_k': 47.52928813949984, 'WG_c': 1.222007824918657, 'rain_shift': 1.2111581265373679, 'ign_k': 1.199558451115065, 'rate_power': 0.7052251339738443}. Best is trial 209 with value: 0.6108097453057891.
[I 2026-05-22 18:13:27,050] Trial 910 finished with value: 0.5420158121795223 and parameters: {'P_amp': 0.4113395249460081, 'P_wet': 359.59246616360593, 'P_pow': 4.662181940127354, 'WG_amp': 0.35007016059837426, 'WG_Phalf': 1248.6868520943767, 'WG_k': 2.914817611225274, 'WG_c': 0.00020242821510404408, 'rain_shift': 1.3418776432211388, 'ign_k': 0.5588335570578339, 'rate_power': 1.266448357454387}. Best is trial 209 with value: 0.6108097453057891.
[I 2026-05-22 18:13:27,533] Trial 911 finished with value: 0.5981155209061211 and parameters: {'P_amp': 0.04912899551647257, 'P_wet': 4322.747543457124, 'P_pow': 1.1263394912008917, 'WG_amp': 0.3508453562906792, 'WG_Phalf': 1149.472535907998, 'WG_k': 0.7734618816430439, 'WG_c': 3.1497696289635777, 'rain_shift': 2.1972818390122915, 'ign_k': 1.0277040642584927, 'rate_power': 0.7518535976909317}. Best is trial 209 with value: 0.6108097453057891.
[I 2026-05-22 18:13:28,016] Trial 912 finished with value: 0.6023811518598532 and parameters: {'P_amp': 0.014869779850189335, 'P_wet': 3599.7174015809487, 'P_pow': 0.3741854018472123, 'WG_amp': 0.32088913983606016, 'WG_Phalf': 1539.5665524448182, 'WG_k': 16.542037848890352, 'WG_c': 1.6023739414529559, 'rain_shift': 2.0775173293281206, 'ign_k': 0.5598327855278995, 'rate_power': 0.8778117748757577}. Best is trial 209 with value: 0.6108097453057891.
[I 2026-05-22 18:13:28,516] Trial 913 finished with value: 0.5144142278724679 and parameters: {'P_amp': 0.4979746851872893, 'P_wet': 4609.0016077526425, 'P_pow': 0.4093147454179178, 'WG_amp': 0.5987854009430771, 'WG_Phalf': 120.23053612031988, 'WG_k': 98.54437695864598, 'WG_c': 0.010074073842865412, 'rain_shift': 5.6464014124260995, 'ign_k': 0.05918502342249368, 'rate_power': 1.1255582653278051}. Best is trial 209 with value: 0.6108097453057891.
[I 2026-05-22 18:13:29,004] Trial 914 finished with value: 0.604728312774509 and parameters: {'P_amp': 0.3066943566928558, 'P_wet': 2247.508652656133, 'P_pow': 3.1490277769990254, 'WG_amp': 0.13893471527352483, 'WG_Phalf': 651.3020354436811, 'WG_k': 60.17406434074212, 'WG_c': 0.43115569316144425, 'rain_shift': 0.9883794389224652, 'ign_k': 1.1395438725616374, 'rate_power': 0.9720899094877086}. Best is trial 209 with value: 0.6108097453057891.
[I 2026-05-22 18:13:29,476] Trial 915 finished with value: 0.5537942786485556 and parameters: {'P_amp': 0.7150607300347578, 'P_wet': 4134.139353820798, 'P_pow': 3.8967776568567727, 'WG_amp': 0.4431603653740344, 'WG_Phalf': 1946.251924838923, 'WG_k': 0.882182683293656, 'WG_c': 5.665911622704186, 'rain_shift': 9.443221461328708, 'ign_k': 0.16929102991321665, 'rate_power': 0.8590947828594276}. Best is trial 209 with value: 0.6108097453057891.
[I 2026-05-22 18:13:29,973] Trial 916 finished with value: 0.5845386930383233 and parameters: {'P_amp': 0.28031538350279406, 'P_wet': 4032.6777915095754, 'P_pow': 3.1631732039026303, 'WG_amp': 0.03620668829007216, 'WG_Phalf': 779.9254716711221, 'WG_k': 6.829636159719885, 'WG_c': 6.557313460230999, 'rain_shift': 0.20606270267078697, 'ign_k': 0.24995951661302365, 'rate_power': 0.9602023746546351}. Best is trial 209 with value: 0.6108097453057891.
[I 2026-05-22 18:13:30,466] Trial 917 finished with value: 0.6031869453100571 and parameters: {'P_amp': 0.12300507235012265, 'P_wet': 2156.0374346018493, 'P_pow': 5.6784093004527465, 'WG_amp': 0.6691648961298374, 'WG_Phalf': 1471.1514611049913, 'WG_k': 71.5932873258732, 'WG_c': 0.2580618899588589, 'rain_shift': 1.8233956710878023, 'ign_k': 0.36640515211816993, 'rate_power': 0.7766958071116016}. Best is trial 209 with value: 0.6108097453057891.
[I 2026-05-22 18:13:30,938] Trial 918 finished with value: 0.607873533613407 and parameters: {'P_amp': 0.31957890622630625, 'P_wet': 5755.329201183995, 'P_pow': 3.926855147912227, 'WG_amp': 0.5707468045244908, 'WG_Phalf': 696.2669523730586, 'WG_k': 30.314715417377474, 'WG_c': 1.4969257556272875, 'rain_shift': 0.13804566580023547, 'ign_k': 1.13940833349027, 'rate_power': 1.1103394665747923}. Best is trial 209 with value: 0.6108097453057891.
[I 2026-05-22 18:13:31,406] Trial 919 finished with value: 0.602592727543948 and parameters: {'P_amp': 0.4797563234723702, 'P_wet': 3719.110849912337, 'P_pow': 1.1834571498880992, 'WG_amp': 0.2887022852242993, 'WG_Phalf': 833.1829169325446, 'WG_k': 27.768245841629728, 'WG_c': 3.88109352321664, 'rain_shift': 2.1455598221455277, 'ign_k': 0.8191410707058969, 'rate_power': 0.710467903765697}. Best is trial 209 with value: 0.6108097453057891.
[I 2026-05-22 18:13:31,873] Trial 920 finished with value: 0.5928048238617685 and parameters: {'P_amp': 0.39464035217051935, 'P_wet': 4409.301859002848, 'P_pow': 2.522435835302841, 'WG_amp': 0.5213512143187905, 'WG_Phalf': 923.5923183135047, 'WG_k': 99.46636410519466, 'WG_c': 0.4862000320415348, 'rain_shift': 1.6208215079022232, 'ign_k': 0.5887488874307496, 'rate_power': 1.1746588470243957}. Best is trial 209 with value: 0.6108097453057891.
[I 2026-05-22 18:13:32,341] Trial 921 finished with value: 0.6035639566151673 and parameters: {'P_amp': 0.11124664035627892, 'P_wet': 5329.033783362431, 'P_pow': 3.295936039428604, 'WG_amp': 0.8701168934682431, 'WG_Phalf': 620.2642107616572, 'WG_k': 23.811938880161772, 'WG_c': 3.3831698098806497, 'rain_shift': 0.019647998644770348, 'ign_k': 0.5539937502450798, 'rate_power': 1.1410151773564696}. Best is trial 209 with value: 0.6108097453057891.
[I 2026-05-22 18:13:32,810] Trial 922 finished with value: 0.6008596495399846 and parameters: {'P_amp': 0.35316967053590365, 'P_wet': 3179.565843538512, 'P_pow': 1.5437598384443392, 'WG_amp': 0.2883423313038783, 'WG_Phalf': 910.004109208807, 'WG_k': 2.3856588692514995, 'WG_c': 9.440653310360018, 'rain_shift': 2.123766474854147, 'ign_k': 0.6337337350573576, 'rate_power': 0.8311252132382048}. Best is trial 209 with value: 0.6108097453057891.
[I 2026-05-22 18:13:33,292] Trial 923 finished with value: 0.5899841216652881 and parameters: {'P_amp': 0.3644303307079964, 'P_wet': 5674.932705264871, 'P_pow': 0.6691521501710995, 'WG_amp': 0.31444493985829, 'WG_Phalf': 4272.362135473559, 'WG_k': 0.1652136487600378, 'WG_c': 0.09322167678476191, 'rain_shift': 2.223430732440082, 'ign_k': 2.56974238300165, 'rate_power': 0.7036451674396826}. Best is trial 209 with value: 0.6108097453057891.
[I 2026-05-22 18:13:33,767] Trial 924 finished with value: 0.6024940854912872 and parameters: {'P_amp': 0.0027167389739431533, 'P_wet': 5676.447285371135, 'P_pow': 1.6266628270591301, 'WG_amp': 0.3976610377823299, 'WG_Phalf': 646.5749295113292, 'WG_k': 54.25441554491534, 'WG_c': 4.428475458037923, 'rain_shift': 1.0197339885923897, 'ign_k': 1.0404750514040053, 'rate_power': 0.7579965535998942}. Best is trial 209 with value: 0.6108097453057891.
[I 2026-05-22 18:13:34,235] Trial 925 finished with value: 0.5847067257289148 and parameters: {'P_amp': 0.25185312915632857, 'P_wet': 3280.010847565199, 'P_pow': 0.42334421149481044, 'WG_amp': 0.017923842393019446, 'WG_Phalf': 152.55490689198405, 'WG_k': 1.222365760525985, 'WG_c': 1.3497873760735253, 'rain_shift': 0.054454489408816364, 'ign_k': 0.2524646222992721, 'rate_power': 1.0036879317870222}. Best is trial 209 with value: 0.6108097453057891.
[I 2026-05-22 18:13:34,703] Trial 926 finished with value: 0.5857731769336454 and parameters: {'P_amp': 0.06726434159666783, 'P_wet': 5704.084447642472, 'P_pow': 0.2874241665523387, 'WG_amp': 0.4185452180111233, 'WG_Phalf': 113.64604899182339, 'WG_k': 2.617459249476272, 'WG_c': 0.37990302501321566, 'rain_shift': 1.9310064776921019, 'ign_k': 0.5583642918745121, 'rate_power': 1.040434581196436}. Best is trial 209 with value: 0.6108097453057891.
[I 2026-05-22 18:13:35,172] Trial 927 finished with value: 0.5940539791372825 and parameters: {'P_amp': 0.32600876677714274, 'P_wet': 2266.6260275959257, 'P_pow': 5.203026481371782, 'WG_amp': 0.39865432940933826, 'WG_Phalf': 643.3027887307211, 'WG_k': 3.6796255493990895, 'WG_c': 3.907115963145682, 'rain_shift': 0.13635777996724918, 'ign_k': 0.314924622985203, 'rate_power': 1.1924181530949525}. Best is trial 209 with value: 0.6108097453057891.
