[I 2026-05-22 18:07:27,178] Trial 144 finished with value: 0.5604733405817146 and parameters: {'P_amp': 0.1587567428417978, 'P_wet': 3378.5926164467273, 'P_pow': 0.34333894436993806, 'WG_amp': 0.20189101472555193, 'WG_Phalf': 115.75401624446383, 'WG_k': 4.689067276892379, 'WG_c': 2.2598063597802858, 'rain_shift': 3.8719539377519596, 'ign_k': 0.6641702224564157, 'rate_power': 1.0210934178527336}. Best is trial 28 with value: 0.609728290596246.
[I 2026-05-22 18:07:27,638] Trial 145 finished with value: 0.6079882274571196 and parameters: {'P_amp': 0.3955892847189183, 'P_wet': 5624.263686028986, 'P_pow': 3.3112132542147865, 'WG_amp': 0.2025030941147138, 'WG_Phalf': 146.6973008017948, 'WG_k': 1.6788611493497305, 'WG_c': 1.3712374246241175, 'rain_shift': 0.19598503753503338, 'ign_k': 0.9593541549671827, 'rate_power': 1.1247478669188253}. Best is trial 28 with value: 0.609728290596246.
[I 2026-05-22 18:07:28,101] Trial 146 finished with value: 0.5969595380614999 and parameters: {'P_amp': 0.10452009528442566, 'P_wet': 4157.548067223727, 'P_pow': 4.137171682438641, 'WG_amp': 0.09748528888256965, 'WG_Phalf': 103.22616587070293, 'WG_k': 61.94784925742969, 'WG_c': 0.09989650732789494, 'rain_shift': 1.7808015821127028, 'ign_k': 0.6300233900139807, 'rate_power': 1.0246735908305746}. Best is trial 28 with value: 0.609728290596246.
[I 2026-05-22 18:07:28,563] Trial 147 finished with value: 0.6086832080127851 and parameters: {'P_amp': 0.44006239639330713, 'P_wet': 5294.178399713717, 'P_pow': 3.5052555652449686, 'WG_amp': 0.4284988685456884, 'WG_Phalf': 157.01177904692327, 'WG_k': 7.689332596103865, 'WG_c': 0.7653464111114248, 'rain_shift': 0.322918437658978, 'ign_k': 1.0093899051662378, 'rate_power': 1.1708959589307113}. Best is trial 28 with value: 0.609728290596246.
[I 2026-05-22 18:07:29,027] Trial 148 finished with value: 0.603940496344824 and parameters: {'P_amp': 0.5608343791196491, 'P_wet': 4850.342215383092, 'P_pow': 4.029241493858202, 'WG_amp': 0.42139385107497085, 'WG_Phalf': 107.59377083450177, 'WG_k': 1.7642603583429244, 'WG_c': 0.20094771524491306, 'rain_shift': 0.1605527939224068, 'ign_k': 0.6910448073829871, 'rate_power': 1.0640952448765386}. Best is trial 28 with value: 0.609728290596246.
[I 2026-05-22 18:07:29,485] Trial 149 finished with value: 0.6080962643167943 and parameters: {'P_amp': 0.09182122726542405, 'P_wet': 4527.296810536507, 'P_pow': 2.2923277574592813, 'WG_amp': 0.03774883995399374, 'WG_Phalf': 112.63353456619065, 'WG_k': 5.939762687742839, 'WG_c': 0.8434507876509033, 'rain_shift': 0.22877775748908058, 'ign_k': 0.6737120342041617, 'rate_power': 1.2342643595551732}. Best is trial 28 with value: 0.609728290596246.
[I 2026-05-22 18:07:29,949] Trial 150 finished with value: 0.6057026387366636 and parameters: {'P_amp': 0.4777704256288744, 'P_wet': 3067.6406048826543, 'P_pow': 2.807821664607826, 'WG_amp': 0.3528800374777627, 'WG_Phalf': 209.6407714312136, 'WG_k': 61.807048992092824, 'WG_c': 0.5475239595678093, 'rain_shift': 0.5493748338971177, 'ign_k': 0.4701637515435022, 'rate_power': 1.179321223710409}. Best is trial 28 with value: 0.609728290596246.
[I 2026-05-22 18:07:30,411] Trial 151 finished with value: 0.5762442307553497 and parameters: {'P_amp': 0.1509958323443295, 'P_wet': 3290.476553394814, 'P_pow': 4.042490838406019, 'WG_amp': 0.08168322786245735, 'WG_Phalf': 131.24778910578664, 'WG_k': 38.06283592968, 'WG_c': 5.041083472138586, 'rain_shift': 1.9174530583552039, 'ign_k': 2.4780126457307037, 'rate_power': 1.2759355803406414}. Best is trial 28 with value: 0.609728290596246.
[I 2026-05-22 18:07:30,875] Trial 152 finished with value: 0.5863070196481623 and parameters: {'P_amp': 0.37953234236380795, 'P_wet': 4471.639510989973, 'P_pow': 3.7101702605140012, 'WG_amp': 0.15922590811165746, 'WG_Phalf': 250.1231111053419, 'WG_k': 0.5697469989097379, 'WG_c': 0.29767094051488624, 'rain_shift': 1.6052159517651492, 'ign_k': 0.9691117472070007, 'rate_power': 1.1703229848616834}. Best is trial 28 with value: 0.609728290596246.
[I 2026-05-22 18:07:31,338] Trial 153 finished with value: 0.6068982048453264 and parameters: {'P_amp': 0.34071270534620823, 'P_wet': 4040.163919505002, 'P_pow': 3.1315751344798057, 'WG_amp': 0.016566281922842523, 'WG_Phalf': 106.89008651526181, 'WG_k': 5.7778487376062255, 'WG_c': 0.3486420982417486, 'rain_shift': 0.6237910058359952, 'ign_k': 0.5823474642014683, 'rate_power': 1.2388977682324476}. Best is trial 28 with value: 0.609728290596246.
[I 2026-05-22 18:07:31,801] Trial 154 finished with value: 0.5975296205235416 and parameters: {'P_amp': 0.7125472413027989, 'P_wet': 2143.751565299163, 'P_pow': 4.2237534580673755, 'WG_amp': 0.25834218034544787, 'WG_Phalf': 349.47461525877145, 'WG_k': 4.67730004445723, 'WG_c': 0.49697070149222045, 'rain_shift': 0.8920324873948495, 'ign_k': 2.0816776447099756, 'rate_power': 1.1818448651831006}. Best is trial 28 with value: 0.609728290596246.
[I 2026-05-22 18:07:32,265] Trial 155 finished with value: 0.60669948554545 and parameters: {'P_amp': 0.19015106156722164, 'P_wet': 5547.691170516838, 'P_pow': 3.1370012323204426, 'WG_amp': 0.0436436716654555, 'WG_Phalf': 109.78863685297684, 'WG_k': 1.021216951600278, 'WG_c': 0.3863759348103158, 'rain_shift': 0.42018812708035574, 'ign_k': 1.3006772290043367, 'rate_power': 0.989747669735353}. Best is trial 28 with value: 0.609728290596246.
[I 2026-05-22 18:07:32,728] Trial 156 finished with value: 0.5754029122545832 and parameters: {'P_amp': 0.5045034869537602, 'P_wet': 5333.479160880683, 'P_pow': 2.3738236380326425, 'WG_amp': 0.41614412739768075, 'WG_Phalf': 233.56802544638546, 'WG_k': 5.993856270276439, 'WG_c': 0.29948398883707844, 'rain_shift': 1.9329572238893429, 'ign_k': 2.5011586629482156, 'rate_power': 1.0754679090750652}. Best is trial 28 with value: 0.609728290596246.
[I 2026-05-22 18:07:33,190] Trial 157 finished with value: 0.5537360563996051 and parameters: {'P_amp': 0.2692470384414195, 'P_wet': 3578.717110920542, 'P_pow': 3.4577334428895727, 'WG_amp': 0.5917285147906975, 'WG_Phalf': 343.6350447434147, 'WG_k': 2.3475925851720727, 'WG_c': 0.3073191690117556, 'rain_shift': 2.6638168674726894, 'ign_k': 1.5767391475019477, 'rate_power': 1.1768438759443474}. Best is trial 28 with value: 0.609728290596246.
[I 2026-05-22 18:07:33,660] Trial 158 finished with value: 0.591253135174478 and parameters: {'P_amp': 0.47423904194297606, 'P_wet': 4606.5445247730595, 'P_pow': 2.383958634784482, 'WG_amp': 0.17562815994567396, 'WG_Phalf': 195.21521058653818, 'WG_k': 0.40360897102613214, 'WG_c': 0.698758681586843, 'rain_shift': 1.5580046085533898, 'ign_k': 0.2730935040122914, 'rate_power': 1.0813485591186183}. Best is trial 28 with value: 0.609728290596246.
[I 2026-05-22 18:07:34,157] Trial 159 finished with value: 0.5666866408032516 and parameters: {'P_amp': 0.4222946367936338, 'P_wet': 3957.840617446568, 'P_pow': 3.7303796216770673, 'WG_amp': 0.4350620813753892, 'WG_Phalf': 229.59080258676792, 'WG_k': 1.404106424231527, 'WG_c': 4.444742297983418, 'rain_shift': 3.5461918192859843, 'ign_k': 0.39941382672721976, 'rate_power': 1.1689880423717405}. Best is trial 28 with value: 0.609728290596246.
[I 2026-05-22 18:07:34,623] Trial 160 finished with value: 0.6048491124631118 and parameters: {'P_amp': 0.4341944242088903, 'P_wet': 3419.666247669537, 'P_pow': 4.490996551081304, 'WG_amp': 0.2987953412202239, 'WG_Phalf': 144.3794289185784, 'WG_k': 0.850892690206629, 'WG_c': 3.02675150836195, 'rain_shift': 0.5278234733375977, 'ign_k': 0.9619481887016287, 'rate_power': 1.2339194376992138}. Best is trial 28 with value: 0.609728290596246.
[I 2026-05-22 18:07:35,090] Trial 161 finished with value: 0.5982319654534747 and parameters: {'P_amp': 0.023046716102017445, 'P_wet': 3640.4312804298506, 'P_pow': 0.990017807156158, 'WG_amp': 0.04371584838218949, 'WG_Phalf': 1626.9320307458363, 'WG_k': 57.36518991155739, 'WG_c': 1.6442725722012026, 'rain_shift': 1.8961873709348798, 'ign_k': 0.3431709903753583, 'rate_power': 1.03828502539236}. Best is trial 28 with value: 0.609728290596246.
[I 2026-05-22 18:07:35,557] Trial 162 finished with value: 0.5698173887612525 and parameters: {'P_amp': 0.0250981403600714, 'P_wet': 5546.087707052823, 'P_pow': 2.0574531954356816, 'WG_amp': 0.02938751570892485, 'WG_Phalf': 430.3949492122256, 'WG_k': 0.19087898227932137, 'WG_c': 1.0021961283753127, 'rain_shift': 2.7879681370331486, 'ign_k': 2.7935303446782016, 'rate_power': 1.0159267074210208}. Best is trial 28 with value: 0.609728290596246.
[I 2026-05-22 18:07:36,028] Trial 163 finished with value: 0.5672415473084788 and parameters: {'P_amp': 0.061826258176803095, 'P_wet': 1608.0625567773545, 'P_pow': 5.98245247595959, 'WG_amp': 0.8824065194097457, 'WG_Phalf': 2031.0712078212175, 'WG_k': 19.699936128477013, 'WG_c': 0.4488835109876675, 'rain_shift': 0.1701760961119385, 'ign_k': 0.07001368176973373, 'rate_power': 0.7494000413463088}. Best is trial 28 with value: 0.609728290596246.
[I 2026-05-22 18:07:36,494] Trial 164 finished with value: 0.5737637473860729 and parameters: {'P_amp': 0.18669935381606576, 'P_wet': 4843.467260407817, 'P_pow': 1.7088151202821389, 'WG_amp': 0.0938891012410552, 'WG_Phalf': 149.12289968958737, 'WG_k': 9.394360556001887, 'WG_c': 1.8246234327796282, 'rain_shift': 2.941238925709881, 'ign_k': 0.3012214144359046, 'rate_power': 1.1946109432273169}. Best is trial 28 with value: 0.609728290596246.
[I 2026-05-22 18:07:36,958] Trial 165 finished with value: 0.5942957208736881 and parameters: {'P_amp': 0.08463849474064533, 'P_wet': 2871.9027796443884, 'P_pow': 1.5369469467397732, 'WG_amp': 0.5053099803237171, 'WG_Phalf': 112.27820110786166, 'WG_k': 2.7705647431009996, 'WG_c': 5.044062774864568, 'rain_shift': 0.24705138126868498, 'ign_k': 0.3123581428073494, 'rate_power': 1.2101068176872913}. Best is trial 28 with value: 0.609728290596246.
[I 2026-05-22 18:07:37,424] Trial 166 finished with value: 0.6061018811352697 and parameters: {'P_amp': 0.4767295228142973, 'P_wet': 4393.8205423692325, 'P_pow': 2.5727544922003367, 'WG_amp': 0.1558147869894967, 'WG_Phalf': 127.66324911039838, 'WG_k': 1.848249210731538, 'WG_c': 7.119748891159777, 'rain_shift': 0.3905334297268538, 'ign_k': 1.80718046849001, 'rate_power': 1.14164668368808}. Best is trial 28 with value: 0.609728290596246.
[I 2026-05-22 18:07:37,906] Trial 167 finished with value: 0.5812986385479431 and parameters: {'P_amp': 0.008439378029116103, 'P_wet': 3267.821267160042, 'P_pow': 3.275388006326918, 'WG_amp': 0.08945493925632865, 'WG_Phalf': 249.02244961464424, 'WG_k': 8.628355369420051, 'WG_c': 0.19411280113261153, 'rain_shift': 2.4649624987920298, 'ign_k': 1.1329837469006003, 'rate_power': 0.9254936420397278}. Best is trial 28 with value: 0.609728290596246.
[I 2026-05-22 18:07:38,369] Trial 168 finished with value: 0.6087995220683587 and parameters: {'P_amp': 0.01880917719670324, 'P_wet': 1341.5830067787917, 'P_pow': 1.1499313835660245, 'WG_amp': 0.2557680574332413, 'WG_Phalf': 154.6310347644035, 'WG_k': 3.4119792488636764, 'WG_c': 1.6231805492132463, 'rain_shift': 0.6689903963777074, 'ign_k': 0.6677414825140067, 'rate_power': 1.134382772040922}. Best is trial 28 with value: 0.609728290596246.
[I 2026-05-22 18:07:38,836] Trial 169 finished with value: 0.608135869308721 and parameters: {'P_amp': 0.10402925924489592, 'P_wet': 1771.984239590649, 'P_pow': 1.0462584317585262, 'WG_amp': 0.4148282293685303, 'WG_Phalf': 286.9829832338889, 'WG_k': 3.8960672294128598, 'WG_c': 1.0703071920785603, 'rain_shift': 0.649222359657314, 'ign_k': 0.6011446397807336, 'rate_power': 1.1103170208706852}. Best is trial 28 with value: 0.609728290596246.
[I 2026-05-22 18:07:39,298] Trial 170 finished with value: 0.5945576625715665 and parameters: {'P_amp': 0.04277696022337965, 'P_wet': 2325.465247881455, 'P_pow': 2.070058986865505, 'WG_amp': 0.16481260490054278, 'WG_Phalf': 240.16249123054087, 'WG_k': 2.338776031152891, 'WG_c': 8.049101096298454, 'rain_shift': 2.3336234130160682, 'ign_k': 0.49767668770571394, 'rate_power': 0.9612127587426526}. Best is trial 28 with value: 0.609728290596246.
[I 2026-05-22 18:07:39,760] Trial 171 finished with value: 0.5748670116493332 and parameters: {'P_amp': 0.08345681141051416, 'P_wet': 1304.131726561388, 'P_pow': 0.20280769242372865, 'WG_amp': 0.4602811152051573, 'WG_Phalf': 254.23390074359534, 'WG_k': 1.3358541272641933, 'WG_c': 2.183326907939607, 'rain_shift': 2.3643911057766602, 'ign_k': 0.67713773551033, 'rate_power': 1.1686983403416187}. Best is trial 28 with value: 0.609728290596246.
[I 2026-05-22 18:07:40,233] Trial 172 finished with value: 0.6045916293149041 and parameters: {'P_amp': 0.05369877057719832, 'P_wet': 1175.8381626349844, 'P_pow': 0.7271147855275357, 'WG_amp': 0.24285073589125977, 'WG_Phalf': 148.78144970327648, 'WG_k': 1.0418456960235718, 'WG_c': 4.498015824579378, 'rain_shift': 0.14221357001772228, 'ign_k': 0.550473962721655, 'rate_power': 1.1053343250943184}. Best is trial 28 with value: 0.609728290596246.
[I 2026-05-22 18:07:40,698] Trial 173 finished with value: 0.596823628641351 and parameters: {'P_amp': 0.425092182378551, 'P_wet': 5953.756191093563, 'P_pow': 3.378848381119548, 'WG_amp': 0.5395027051710585, 'WG_Phalf': 118.45508355696775, 'WG_k': 91.94352896463135, 'WG_c': 1.6519886534028747, 'rain_shift': 1.0615286817127543, 'ign_k': 0.9594689980623209, 'rate_power': 1.2813241684049026}. Best is trial 28 with value: 0.609728290596246.
[I 2026-05-22 18:07:41,158] Trial 174 finished with value: 0.5972995060362445 and parameters: {'P_amp': 0.0074447684605070275, 'P_wet': 812.933218433149, 'P_pow': 1.7194378970714697, 'WG_amp': 0.17144344719135873, 'WG_Phalf': 130.95431306063128, 'WG_k': 1.8366416736876328, 'WG_c': 0.4585764592597238, 'rain_shift': 1.4062619563314926, 'ign_k': 1.0339728483314807, 'rate_power': 1.023962869827213}. Best is trial 28 with value: 0.609728290596246.
[I 2026-05-22 18:07:41,619] Trial 175 finished with value: 0.6060025400176896 and parameters: {'P_amp': 0.219803521715601, 'P_wet': 4800.1765380617, 'P_pow': 1.1527370664661678, 'WG_amp': 0.03143251899495678, 'WG_Phalf': 107.24742397150203, 'WG_k': 2.1660063800638913, 'WG_c': 4.359437108930782, 'rain_shift': 0.3518927389711354, 'ign_k': 1.1446003742136612, 'rate_power': 1.2132231921312935}. Best is trial 28 with value: 0.609728290596246.
[I 2026-05-22 18:07:42,085] Trial 176 finished with value: 0.5737631355202643 and parameters: {'P_amp': 0.5006051622964922, 'P_wet': 1279.389253355125, 'P_pow': 3.034499229360173, 'WG_amp': 0.614824837536666, 'WG_Phalf': 376.8827134082763, 'WG_k': 0.04646616585983533, 'WG_c': 0.3466363282620284, 'rain_shift': 2.118393234837484, 'ign_k': 0.25664881975841486, 'rate_power': 0.919555115443878}. Best is trial 28 with value: 0.609728290596246.
[I 2026-05-22 18:07:42,550] Trial 177 finished with value: 0.5925737053253439 and parameters: {'P_amp': 0.3994325002924941, 'P_wet': 2059.353677575948, 'P_pow': 0.3954696793595085, 'WG_amp': 0.40922971775165967, 'WG_Phalf': 467.723005488545, 'WG_k': 3.429191578888491, 'WG_c': 1.3600677188030112, 'rain_shift': 1.0707276900817106, 'ign_k': 1.11581460530724, 'rate_power': 1.0871090436061144}. Best is trial 28 with value: 0.609728290596246.
[I 2026-05-22 18:07:43,017] Trial 178 finished with value: 0.5803023858245344 and parameters: {'P_amp': 0.17384717041540723, 'P_wet': 4861.378373187235, 'P_pow': 2.221253461842866, 'WG_amp': 0.09915079746889935, 'WG_Phalf': 212.70533723836246, 'WG_k': 24.03842425600075, 'WG_c': 0.03605431632358306, 'rain_shift': 1.6848201168143506, 'ign_k': 1.2679340141418096, 'rate_power': 1.229661379784399}. Best is trial 28 with value: 0.609728290596246.
[I 2026-05-22 18:07:43,483] Trial 179 finished with value: 0.5938930807917359 and parameters: {'P_amp': 0.11514955764929656, 'P_wet': 2414.424336702269, 'P_pow': 2.588190499902409, 'WG_amp': 0.04547827045061304, 'WG_Phalf': 276.0566116987832, 'WG_k': 1.0076902024578251, 'WG_c': 0.341575355529229, 'rain_shift': 0.3907280396787755, 'ign_k': 0.30475909289258624, 'rate_power': 1.2522006957450516}. Best is trial 28 with value: 0.609728290596246.
[I 2026-05-22 18:07:43,945] Trial 180 finished with value: 0.6047788906096945 and parameters: {'P_amp': 0.0812280051178817, 'P_wet': 3391.9586463082246, 'P_pow': 1.4675722356659544, 'WG_amp': 0.12593472796709193, 'WG_Phalf': 124.88143271873876, 'WG_k': 8.397095616797694, 'WG_c': 0.3170990717871281, 'rain_shift': 0.6880396132163213, 'ign_k': 0.7300615463146298, 'rate_power': 1.198867978752332}. Best is trial 28 with value: 0.609728290596246.
[I 2026-05-22 18:07:44,410] Trial 181 finished with value: 0.5792186077739674 and parameters: {'P_amp': 0.04856709014297224, 'P_wet': 5470.086497196645, 'P_pow': 0.6929186352090968, 'WG_amp': 0.021442348290334055, 'WG_Phalf': 1450.952243998839, 'WG_k': 84.92770587508511, 'WG_c': 0.0429352809774254, 'rain_shift': 2.3972415329761727, 'ign_k': 2.2869617094234167, 'rate_power': 0.9167541403367571}. Best is trial 28 with value: 0.609728290596246.
[I 2026-05-22 18:07:44,874] Trial 182 finished with value: 0.6011162103439746 and parameters: {'P_amp': 0.1882199202287403, 'P_wet': 5719.034479143502, 'P_pow': 2.687947867138468, 'WG_amp': 0.1592540012927266, 'WG_Phalf': 323.90808000685837, 'WG_k': 3.8879843219275125, 'WG_c': 1.4600444331285367, 'rain_shift': 0.024124696681924934, 'ign_k': 0.7437826538422849, 'rate_power': 0.9596787635929862}. Best is trial 28 with value: 0.609728290596246.
[I 2026-05-22 18:07:45,339] Trial 183 finished with value: 0.5971717789616935 and parameters: {'P_amp': 0.7742672990882741, 'P_wet': 2104.9844628316273, 'P_pow': 3.9716047345945413, 'WG_amp': 0.3523753743482304, 'WG_Phalf': 975.8807912682241, 'WG_k': 2.3255458791455323, 'WG_c': 0.003220950917528206, 'rain_shift': 1.9228766223858678, 'ign_k': 0.31978423840304787, 'rate_power': 0.7042907375287357}. Best is trial 28 with value: 0.609728290596246.
[I 2026-05-22 18:07:45,804] Trial 184 finished with value: 0.6063870108187361 and parameters: {'P_amp': 0.027672681920003314, 'P_wet': 3296.178167814508, 'P_pow': 3.3317187738878475, 'WG_amp': 0.018183001239324335, 'WG_Phalf': 139.57372221558552, 'WG_k': 4.06550212314305, 'WG_c': 0.3771618788070166, 'rain_shift': 0.005372551495902822, 'ign_k': 1.1703203610539452, 'rate_power': 1.2806969709156788}. Best is trial 28 with value: 0.609728290596246.
[I 2026-05-22 18:07:46,266] Trial 185 finished with value: 0.6058737740491708 and parameters: {'P_amp': 0.009870075366997688, 'P_wet': 3779.7626173209424, 'P_pow': 1.670525292468929, 'WG_amp': 0.017587062259952074, 'WG_Phalf': 370.6215922947456, 'WG_k': 0.752203860800657, 'WG_c': 2.1201555989217478, 'rain_shift': 0.1820774557138219, 'ign_k': 0.9758937082164977, 'rate_power': 0.9985822652917632}. Best is trial 28 with value: 0.609728290596246.
[I 2026-05-22 18:07:46,731] Trial 186 finished with value: 0.58799600675097 and parameters: {'P_amp': 0.23843038356939755, 'P_wet': 602.0643323993761, 'P_pow': 1.4764887269564548, 'WG_amp': 0.5453530152965967, 'WG_Phalf': 3295.519796747662, 'WG_k': 40.45530446837566, 'WG_c': 0.23778569519166504, 'rain_shift': 1.860577714381328, 'ign_k': 0.35939976591940703, 'rate_power': 1.0169554958564986}. Best is trial 28 with value: 0.609728290596246.
[I 2026-05-22 18:07:47,194] Trial 187 finished with value: 0.5938255884813876 and parameters: {'P_amp': 0.04135930482453517, 'P_wet': 3454.792255428568, 'P_pow': 3.08549306988238, 'WG_amp': 0.09175417367881397, 'WG_Phalf': 150.4855750951588, 'WG_k': 17.548469774013558, 'WG_c': 7.719157261832293, 'rain_shift': 0.6239331991378951, 'ign_k': 0.2923608014011161, 'rate_power': 1.2999272407501024}. Best is trial 28 with value: 0.609728290596246.
[I 2026-05-22 18:07:47,658] Trial 188 finished with value: 0.5979568482223534 and parameters: {'P_amp': 0.011256813375370128, 'P_wet': 1322.7795393352937, 'P_pow': 1.0576627419048719, 'WG_amp': 0.2561371558970074, 'WG_Phalf': 271.4857487932203, 'WG_k': 2.542058884052123, 'WG_c': 0.6912600528856737, 'rain_shift': 0.08859583405814186, 'ign_k': 0.3837566362312138, 'rate_power': 1.2057496281381865}. Best is trial 28 with value: 0.609728290596246.
[I 2026-05-22 18:07:48,119] Trial 189 finished with value: 0.5996781602640743 and parameters: {'P_amp': 0.13286088388186298, 'P_wet': 2478.8556168344353, 'P_pow': 2.0456923631627593, 'WG_amp': 0.08640291630561427, 'WG_Phalf': 1533.5040971633307, 'WG_k': 23.224942534551413, 'WG_c': 8.969897221845887, 'rain_shift': 1.8088770903995877, 'ign_k': 0.6250656074180073, 'rate_power': 0.9913431236470267}. Best is trial 28 with value: 0.609728290596246.
[I 2026-05-22 18:07:48,585] Trial 190 finished with value: 0.5741952036811375 and parameters: {'P_amp': 0.3274489118063586, 'P_wet': 4553.385212214028, 'P_pow': 4.369302355969442, 'WG_amp': 0.3776616462487364, 'WG_Phalf': 100.13270205151933, 'WG_k': 12.751180868584077, 'WG_c': 0.2158573929572474, 'rain_shift': 2.0672115466700465, 'ign_k': 1.2869212662855312, 'rate_power': 1.0800117214264016}. Best is trial 28 with value: 0.609728290596246.
[I 2026-05-22 18:07:49,048] Trial 191 finished with value: 0.5956421704800067 and parameters: {'P_amp': 0.11706370583908753, 'P_wet': 2737.4300864955508, 'P_pow': 0.5272811771682313, 'WG_amp': 0.3865624504868935, 'WG_Phalf': 521.1747619871306, 'WG_k': 5.497489241070863, 'WG_c': 0.275901215067576, 'rain_shift': 1.6869682851829881, 'ign_k': 0.4797411155569203, 'rate_power': 1.009591595528248}. Best is trial 28 with value: 0.609728290596246.
[I 2026-05-22 18:07:49,513] Trial 192 finished with value: 0.6085913834618252 and parameters: {'P_amp': 0.06023567349536872, 'P_wet': 5013.854130073883, 'P_pow': 2.5184659469096684, 'WG_amp': 0.029586391903548313, 'WG_Phalf': 236.4746625685889, 'WG_k': 8.306202294621423, 'WG_c': 0.4061222906989289, 'rain_shift': 0.8164160967870245, 'ign_k': 0.6548265475453297, 'rate_power': 1.1183173164964995}. Best is trial 28 with value: 0.609728290596246.
