[I 2026-05-22 17:54:45,912] Trial 903 finished with value: 0.6051949559605488 and parameters: {'P_amp': 0.8860403018133882, 'P_wet': 1691.7827507830473, 'P_pow': 5.844536845499508, 'rate_power': 1.1953845627584379}. Best is trial 788 with value: 0.608348636891553.
[I 2026-05-22 17:54:46,207] Trial 904 finished with value: 0.6077412607978726 and parameters: {'P_amp': 0.7760032097453149, 'P_wet': 2436.4382956978043, 'P_pow': 5.290821154080316, 'rate_power': 1.2955448968441339}. Best is trial 788 with value: 0.608348636891553.
[I 2026-05-22 17:54:46,510] Trial 905 finished with value: 0.5890873521446868 and parameters: {'P_amp': 0.6453265968003924, 'P_wet': 2459.7022757102427, 'P_pow': 0.45204878627665357, 'rate_power': 0.7059187177504356}. Best is trial 788 with value: 0.608348636891553.
[I 2026-05-22 17:54:46,808] Trial 906 finished with value: 0.6067739949506731 and parameters: {'P_amp': 0.755051220741628, 'P_wet': 2477.4896012823137, 'P_pow': 5.112881207151999, 'rate_power': 1.104095601435689}. Best is trial 788 with value: 0.608348636891553.
[I 2026-05-22 17:54:47,107] Trial 907 finished with value: 0.6067752249671947 and parameters: {'P_amp': 0.7821590852171155, 'P_wet': 1806.8456211880866, 'P_pow': 5.945632389611165, 'rate_power': 1.1655412625388029}. Best is trial 788 with value: 0.608348636891553.
[I 2026-05-22 17:54:47,405] Trial 908 finished with value: 0.6080450043266427 and parameters: {'P_amp': 0.7564913590412522, 'P_wet': 2385.5461428458616, 'P_pow': 5.845496801921301, 'rate_power': 1.1995380224241796}. Best is trial 788 with value: 0.608348636891553.
[I 2026-05-22 17:54:47,704] Trial 909 finished with value: 0.6077185956020644 and parameters: {'P_amp': 0.7513743665610237, 'P_wet': 2801.444688547758, 'P_pow': 5.161352302842425, 'rate_power': 1.1963931011372293}. Best is trial 788 with value: 0.608348636891553.
[I 2026-05-22 17:54:48,004] Trial 910 finished with value: 0.6069850183057525 and parameters: {'P_amp': 0.8987767331814609, 'P_wet': 3740.8527660131685, 'P_pow': 5.9082338546052835, 'rate_power': 1.1581180546058243}. Best is trial 788 with value: 0.608348636891553.
[I 2026-05-22 17:54:48,301] Trial 911 finished with value: 0.6080786161722558 and parameters: {'P_amp': 0.8998423326133946, 'P_wet': 2875.6521283168668, 'P_pow': 5.756002892933815, 'rate_power': 1.2142713741795488}. Best is trial 788 with value: 0.608348636891553.
[I 2026-05-22 17:54:48,602] Trial 912 finished with value: 0.6071754468700973 and parameters: {'P_amp': 0.8987585721746639, 'P_wet': 2070.3162890901244, 'P_pow': 5.218271435486251, 'rate_power': 1.1475001315452549}. Best is trial 788 with value: 0.608348636891553.
[I 2026-05-22 17:54:48,902] Trial 913 finished with value: 0.6041336813021282 and parameters: {'P_amp': 0.8709448010185007, 'P_wet': 1677.5415123383937, 'P_pow': 5.984885578779006, 'rate_power': 1.2819454889207387}. Best is trial 788 with value: 0.608348636891553.
[I 2026-05-22 17:54:49,197] Trial 914 finished with value: 0.6077935517166386 and parameters: {'P_amp': 0.8991761095878339, 'P_wet': 2270.0897776967936, 'P_pow': 5.864747354515797, 'rate_power': 1.137986465409478}. Best is trial 788 with value: 0.608348636891553.
[I 2026-05-22 17:54:49,488] Trial 915 finished with value: 0.6074568505144938 and parameters: {'P_amp': 0.7728472977679731, 'P_wet': 2094.586226147702, 'P_pow': 5.268913710116942, 'rate_power': 1.2401637504843108}. Best is trial 788 with value: 0.608348636891553.
[I 2026-05-22 17:54:49,783] Trial 916 finished with value: 0.5990973609632341 and parameters: {'P_amp': 0.8973700434601725, 'P_wet': 1497.0096545448685, 'P_pow': 5.902501342025545, 'rate_power': 1.295123951937402}. Best is trial 788 with value: 0.608348636891553.
[I 2026-05-22 17:54:50,077] Trial 917 finished with value: 0.6073718271582988 and parameters: {'P_amp': 0.7676059478560997, 'P_wet': 2175.517477497058, 'P_pow': 5.243438141419065, 'rate_power': 1.2891127124800146}. Best is trial 788 with value: 0.608348636891553.
[I 2026-05-22 17:54:50,376] Trial 918 finished with value: 0.6082110551109506 and parameters: {'P_amp': 0.8958695060860008, 'P_wet': 2568.361211489936, 'P_pow': 5.643470022842276, 'rate_power': 1.2360599682668214}. Best is trial 788 with value: 0.608348636891553.
[I 2026-05-22 17:54:50,675] Trial 919 finished with value: 0.6080492351737268 and parameters: {'P_amp': 0.8952619424334485, 'P_wet': 2834.310969269845, 'P_pow': 5.277623602000302, 'rate_power': 1.2482250774900276}. Best is trial 788 with value: 0.608348636891553.
[I 2026-05-22 17:54:50,970] Trial 920 finished with value: 0.6072752511274568 and parameters: {'P_amp': 0.8910033712284584, 'P_wet': 4012.774910996666, 'P_pow': 5.9716158521424525, 'rate_power': 1.1910068772595275}. Best is trial 788 with value: 0.608348636891553.
[I 2026-05-22 17:54:51,262] Trial 921 finished with value: 0.6080514284690915 and parameters: {'P_amp': 0.7180327207712437, 'P_wet': 2110.044171178192, 'P_pow': 5.981927489636108, 'rate_power': 1.2070317625391545}. Best is trial 788 with value: 0.608348636891553.
[I 2026-05-22 17:54:51,556] Trial 922 finished with value: 0.60756394656829 and parameters: {'P_amp': 0.7440904900056956, 'P_wet': 4757.829562545209, 'P_pow': 4.846334903074062, 'rate_power': 1.255524448375566}. Best is trial 788 with value: 0.608348636891553.
[I 2026-05-22 17:54:51,851] Trial 923 finished with value: 0.6083065905785228 and parameters: {'P_amp': 0.8827372099505651, 'P_wet': 2397.826294237466, 'P_pow': 5.926075474312351, 'rate_power': 1.2393329716301693}. Best is trial 788 with value: 0.608348636891553.
[I 2026-05-22 17:54:52,146] Trial 924 finished with value: 0.607770845157267 and parameters: {'P_amp': 0.8897963041722945, 'P_wet': 2058.5626133836354, 'P_pow': 5.962138320622485, 'rate_power': 1.2571488215595765}. Best is trial 788 with value: 0.608348636891553.
[I 2026-05-22 17:54:52,440] Trial 925 finished with value: 0.6067237080847921 and parameters: {'P_amp': 0.7546974698209965, 'P_wet': 2304.4238665701287, 'P_pow': 4.0168791033089235, 'rate_power': 1.2374894117918398}. Best is trial 788 with value: 0.608348636891553.
[I 2026-05-22 17:54:52,736] Trial 926 finished with value: 0.6081086895022441 and parameters: {'P_amp': 0.8979133911545745, 'P_wet': 2542.372062600084, 'P_pow': 5.8568434414833686, 'rate_power': 1.1891792414893492}. Best is trial 788 with value: 0.608348636891553.
[I 2026-05-22 17:54:53,035] Trial 927 finished with value: 0.6009315468647779 and parameters: {'P_amp': 0.2385114813123449, 'P_wet': 340.65284853757146, 'P_pow': 0.5217334109174239, 'rate_power': 0.9208276498657724}. Best is trial 788 with value: 0.608348636891553.
[I 2026-05-22 17:54:53,332] Trial 928 finished with value: 0.5969128198492921 and parameters: {'P_amp': 0.7589023452773834, 'P_wet': 1370.175073011842, 'P_pow': 5.121960948926672, 'rate_power': 1.2494763700615443}. Best is trial 788 with value: 0.608348636891553.
[I 2026-05-22 17:54:53,626] Trial 929 finished with value: 0.6074963054780708 and parameters: {'P_amp': 0.7673993399494096, 'P_wet': 2545.193136231348, 'P_pow': 5.249527164659231, 'rate_power': 1.1580240240249426}. Best is trial 788 with value: 0.608348636891553.
[I 2026-05-22 17:54:53,916] Trial 930 finished with value: 0.607655993150145 and parameters: {'P_amp': 0.7651793037878568, 'P_wet': 3541.382421120384, 'P_pow': 5.049978056648991, 'rate_power': 1.289696816392554}. Best is trial 788 with value: 0.608348636891553.
[I 2026-05-22 17:54:54,206] Trial 931 finished with value: 0.6072656173727867 and parameters: {'P_amp': 0.7277600739205716, 'P_wet': 3894.098346113728, 'P_pow': 5.990833579984547, 'rate_power': 1.191869703835227}. Best is trial 788 with value: 0.608348636891553.
[I 2026-05-22 17:54:54,504] Trial 932 finished with value: 0.6060564393245661 and parameters: {'P_amp': 0.8921712812470898, 'P_wet': 1939.8635414592245, 'P_pow': 4.914962339441042, 'rate_power': 1.0926297296112548}. Best is trial 788 with value: 0.608348636891553.
[I 2026-05-22 17:54:54,801] Trial 933 finished with value: 0.6070892881139869 and parameters: {'P_amp': 0.8958387051871914, 'P_wet': 1989.2082095000976, 'P_pow': 5.971057845380378, 'rate_power': 1.29952934275972}. Best is trial 788 with value: 0.608348636891553.
[I 2026-05-22 17:54:55,100] Trial 934 finished with value: 0.6045073078288236 and parameters: {'P_amp': 0.7906363963599697, 'P_wet': 1604.8115618458942, 'P_pow': 5.9530274244358745, 'rate_power': 1.190140435332021}. Best is trial 788 with value: 0.608348636891553.
[I 2026-05-22 17:54:55,399] Trial 935 finished with value: 0.6056744453834574 and parameters: {'P_amp': 0.8839997809268404, 'P_wet': 1716.0529060140836, 'P_pow': 5.9933811439347995, 'rate_power': 1.1998253455521908}. Best is trial 788 with value: 0.608348636891553.
[I 2026-05-22 17:54:55,697] Trial 936 finished with value: 0.6074048236467685 and parameters: {'P_amp': 0.8962221391292646, 'P_wet': 2144.5744055949867, 'P_pow': 5.088300701993457, 'rate_power': 1.2379455095596994}. Best is trial 788 with value: 0.608348636891553.
[I 2026-05-22 17:54:55,996] Trial 937 finished with value: 0.6042360794056691 and parameters: {'P_amp': 0.0018207225545414096, 'P_wet': 967.695915507592, 'P_pow': 0.9547588451562969, 'rate_power': 1.0457568193574334}. Best is trial 788 with value: 0.608348636891553.
[I 2026-05-22 17:54:56,294] Trial 938 finished with value: 0.6077129852595496 and parameters: {'P_amp': 0.815219158733793, 'P_wet': 3445.746352742516, 'P_pow': 5.94427198121718, 'rate_power': 1.2947286137638196}. Best is trial 788 with value: 0.608348636891553.
[I 2026-05-22 17:54:56,591] Trial 939 finished with value: 0.6057175395453323 and parameters: {'P_amp': 0.7636454343542218, 'P_wet': 4624.227597844142, 'P_pow': 4.958627839106566, 'rate_power': 1.0945111204030282}. Best is trial 788 with value: 0.608348636891553.
[I 2026-05-22 17:54:56,890] Trial 940 finished with value: 0.6049989697166378 and parameters: {'P_amp': 0.8976098364113204, 'P_wet': 5595.508386680303, 'P_pow': 5.16268234915924, 'rate_power': 1.0681880149776233}. Best is trial 788 with value: 0.608348636891553.
[I 2026-05-22 17:54:57,186] Trial 941 finished with value: 0.6077018895493562 and parameters: {'P_amp': 0.7379282509702374, 'P_wet': 2119.9476606546727, 'P_pow': 5.9275628474452295, 'rate_power': 1.2958745295774523}. Best is trial 788 with value: 0.608348636891553.
[I 2026-05-22 17:54:57,485] Trial 942 finished with value: 0.6076383835201628 and parameters: {'P_amp': 0.7863194193513072, 'P_wet': 3320.9024411321743, 'P_pow': 4.96483756803128, 'rate_power': 1.2997312530939396}. Best is trial 788 with value: 0.608348636891553.
[I 2026-05-22 17:54:57,784] Trial 943 finished with value: 0.5950031640080214 and parameters: {'P_amp': 0.8932016944108684, 'P_wet': 1308.6796022764943, 'P_pow': 5.9196444583704215, 'rate_power': 1.1392960068620297}. Best is trial 788 with value: 0.608348636891553.
[I 2026-05-22 17:54:58,083] Trial 944 finished with value: 0.6074838596963711 and parameters: {'P_amp': 0.7554591567509213, 'P_wet': 2924.22872520778, 'P_pow': 5.000543772493185, 'rate_power': 1.1734723167896661}. Best is trial 788 with value: 0.608348636891553.
[I 2026-05-22 17:54:58,382] Trial 945 finished with value: 0.6080634486287106 and parameters: {'P_amp': 0.8324834451331897, 'P_wet': 2851.651968557007, 'P_pow': 5.967646991452825, 'rate_power': 1.218479043543079}. Best is trial 788 with value: 0.608348636891553.
[I 2026-05-22 17:54:58,681] Trial 946 finished with value: 0.6074391043899247 and parameters: {'P_amp': 0.7429267718973395, 'P_wet': 1989.108616610445, 'P_pow': 5.996255388046952, 'rate_power': 1.2827289845733294}. Best is trial 788 with value: 0.608348636891553.
[I 2026-05-22 17:54:58,994] Trial 947 finished with value: 0.6076878771518202 and parameters: {'P_amp': 0.8918611030909035, 'P_wet': 3627.011623058045, 'P_pow': 5.297972478551576, 'rate_power': 1.2873465348289006}. Best is trial 788 with value: 0.608348636891553.
[I 2026-05-22 17:54:59,295] Trial 948 finished with value: 0.6070191220094857 and parameters: {'P_amp': 0.5901345611972802, 'P_wet': 2061.292069643835, 'P_pow': 4.906837661468236, 'rate_power': 1.1709566381832934}. Best is trial 788 with value: 0.608348636891553.
[I 2026-05-22 17:54:59,597] Trial 949 finished with value: 0.6070871587048444 and parameters: {'P_amp': 0.7506808271829057, 'P_wet': 2803.4123642583745, 'P_pow': 5.936875054766057, 'rate_power': 1.1302295062610725}. Best is trial 788 with value: 0.608348636891553.
[I 2026-05-22 17:54:59,897] Trial 950 finished with value: 0.6063132362081239 and parameters: {'P_amp': 0.7586116193829834, 'P_wet': 1898.5388865553407, 'P_pow': 5.071734518493154, 'rate_power': 1.2394649402725555}. Best is trial 788 with value: 0.608348636891553.
[I 2026-05-22 17:55:00,196] Trial 951 finished with value: 0.5819734032743445 and parameters: {'P_amp': 0.2183024181860641, 'P_wet': 5050.596349917811, 'P_pow': 0.7020989630421135, 'rate_power': 0.7143283258060653}. Best is trial 788 with value: 0.608348636891553.
[I 2026-05-22 17:55:00,493] Trial 952 finished with value: 0.6080269207471334 and parameters: {'P_amp': 0.8868075756480313, 'P_wet': 3070.0372434349424, 'P_pow': 5.992535998183237, 'rate_power': 1.2408373142544753}. Best is trial 788 with value: 0.608348636891553.
[I 2026-05-22 17:55:00,792] Trial 953 finished with value: 0.6041166727936315 and parameters: {'P_amp': 0.7483825479076104, 'P_wet': 1625.2498492830837, 'P_pow': 5.133501330920885, 'rate_power': 1.1807755407820317}. Best is trial 788 with value: 0.608348636891553.
[I 2026-05-22 17:55:01,092] Trial 954 finished with value: 0.6005360782542326 and parameters: {'P_amp': 0.36106758116847004, 'P_wet': 517.6133350672969, 'P_pow': 0.5672280171875692, 'rate_power': 1.100533190538844}. Best is trial 788 with value: 0.608348636891553.
[I 2026-05-22 17:55:01,391] Trial 955 finished with value: 0.6078171331849054 and parameters: {'P_amp': 0.8897420859808368, 'P_wet': 2434.104779381118, 'P_pow': 4.943188925640255, 'rate_power': 1.2003087265088577}. Best is trial 788 with value: 0.608348636891553.
[I 2026-05-22 17:55:01,690] Trial 956 finished with value: 0.6055145762425886 and parameters: {'P_amp': 0.8923661633266081, 'P_wet': 1716.2681470180557, 'P_pow': 5.912187429391017, 'rate_power': 1.2042818395359722}. Best is trial 788 with value: 0.608348636891553.
[I 2026-05-22 17:55:01,987] Trial 957 finished with value: 0.6081942819126157 and parameters: {'P_amp': 0.8836029660557811, 'P_wet': 2397.6024735857814, 'P_pow': 5.9347680780884, 'rate_power': 1.2789259256262353}. Best is trial 788 with value: 0.608348636891553.
[I 2026-05-22 17:55:02,287] Trial 958 finished with value: 0.6065823292773971 and parameters: {'P_amp': 0.7698733599372867, 'P_wet': 3644.4004375761083, 'P_pow': 5.99651315133049, 'rate_power': 1.1303385956878103}. Best is trial 788 with value: 0.608348636891553.
[I 2026-05-22 17:55:02,581] Trial 959 finished with value: 0.6075904732028615 and parameters: {'P_amp': 0.7608999786033005, 'P_wet': 2535.1509365130632, 'P_pow': 4.994355793712451, 'rate_power': 1.1742529465859013}. Best is trial 788 with value: 0.608348636891553.
[I 2026-05-22 17:55:02,879] Trial 960 finished with value: 0.607836402241713 and parameters: {'P_amp': 0.7527718778234778, 'P_wet': 2385.819248327331, 'P_pow': 5.113050130819847, 'rate_power': 1.2349206576976501}. Best is trial 788 with value: 0.608348636891553.
[I 2026-05-22 17:55:03,178] Trial 961 finished with value: 0.6064452650722904 and parameters: {'P_amp': 0.8861663576445393, 'P_wet': 1998.6602972820267, 'P_pow': 4.901126455622723, 'rate_power': 1.2425795448692831}. Best is trial 788 with value: 0.608348636891553.
[I 2026-05-22 17:55:03,477] Trial 962 finished with value: 0.6079089833860999 and parameters: {'P_amp': 0.8772027429562298, 'P_wet': 3250.9046966026253, 'P_pow': 5.958377142502983, 'rate_power': 1.2581804768583165}. Best is trial 788 with value: 0.608348636891553.
[I 2026-05-22 17:55:03,777] Trial 963 finished with value: 0.6070116266289293 and parameters: {'P_amp': 0.74270895626905, 'P_wet': 1929.976613876086, 'P_pow': 5.321098958400413, 'rate_power': 1.2083136824552438}. Best is trial 788 with value: 0.608348636891553.
[I 2026-05-22 17:55:04,068] Trial 964 finished with value: 0.6079492995904701 and parameters: {'P_amp': 0.7932664738663485, 'P_wet': 2517.599053885251, 'P_pow': 5.1667025341624875, 'rate_power': 1.2458552794392617}. Best is trial 788 with value: 0.608348636891553.
[I 2026-05-22 17:55:04,359] Trial 965 finished with value: 0.607873896291232 and parameters: {'P_amp': 0.7958092486098731, 'P_wet': 2164.94212255893, 'P_pow': 5.986553382158129, 'rate_power': 1.1595711528521848}. Best is trial 788 with value: 0.608348636891553.
[I 2026-05-22 17:55:04,655] Trial 966 finished with value: 0.6052591206721398 and parameters: {'P_amp': 0.12227515243911385, 'P_wet': 3891.1071443989977, 'P_pow': 0.758184053003156, 'rate_power': 1.0879683568848115}. Best is trial 788 with value: 0.608348636891553.
[I 2026-05-22 17:55:04,950] Trial 967 finished with value: 0.6039420625363026 and parameters: {'P_amp': 0.8899271248815521, 'P_wet': 1612.160499771491, 'P_pow': 5.947044732543883, 'rate_power': 1.2007389001636142}. Best is trial 788 with value: 0.608348636891553.
[I 2026-05-22 17:55:05,247] Trial 968 finished with value: 0.6078196347809321 and parameters: {'P_amp': 0.6814627335904145, 'P_wet': 3180.3966142279296, 'P_pow': 5.957977810909803, 'rate_power': 1.2719391450746047}. Best is trial 788 with value: 0.608348636891553.
[I 2026-05-22 17:55:05,546] Trial 969 finished with value: 0.6069791831093737 and parameters: {'P_amp': 0.7605162472881153, 'P_wet': 1962.8582346395178, 'P_pow': 5.914304023951164, 'rate_power': 1.1034303422150036}. Best is trial 788 with value: 0.608348636891553.
[I 2026-05-22 17:55:05,846] Trial 970 finished with value: 0.6077864695921198 and parameters: {'P_amp': 0.7914850818863364, 'P_wet': 2690.9521099024646, 'P_pow': 5.214545733031288, 'rate_power': 1.191354828676258}. Best is trial 788 with value: 0.608348636891553.
[I 2026-05-22 17:55:06,144] Trial 971 finished with value: 0.6070940334556869 and parameters: {'P_amp': 0.8989503462057051, 'P_wet': 2354.413623266548, 'P_pow': 4.243068277492238, 'rate_power': 1.2184282792510244}. Best is trial 788 with value: 0.608348636891553.
[I 2026-05-22 17:55:06,445] Trial 972 finished with value: 0.6064440623718748 and parameters: {'P_amp': 0.8955933888033233, 'P_wet': 3263.9108499143076, 'P_pow': 5.78440671700863, 'rate_power': 1.1060016151413585}. Best is trial 788 with value: 0.608348636891553.
[I 2026-05-22 17:55:06,744] Trial 973 finished with value: 0.6070892422989785 and parameters: {'P_amp': 0.6111076910181896, 'P_wet': 2097.42972869116, 'P_pow': 4.992091915031162, 'rate_power': 1.2788021238584977}. Best is trial 788 with value: 0.608348636891553.
[I 2026-05-22 17:55:07,043] Trial 974 finished with value: 0.5998911806745801 and parameters: {'P_amp': 0.5390478396356558, 'P_wet': 1274.4812690396304, 'P_pow': 5.2499757701894145, 'rate_power': 1.1374761412261547}. Best is trial 788 with value: 0.608348636891553.
[I 2026-05-22 17:55:07,343] Trial 975 finished with value: 0.5368124832677459 and parameters: {'P_amp': 0.6150937074226603, 'P_wet': 359.71572494889904, 'P_pow': 5.365648052301463, 'rate_power': 1.2481375297249515}. Best is trial 788 with value: 0.608348636891553.
[I 2026-05-22 17:55:07,638] Trial 976 finished with value: 0.6075006112430514 and parameters: {'P_amp': 0.7798430729042853, 'P_wet': 4535.271653279848, 'P_pow': 5.115608554772183, 'rate_power': 1.2291401577939702}. Best is trial 788 with value: 0.608348636891553.
[I 2026-05-22 17:55:07,933] Trial 977 finished with value: 0.6074932956180277 and parameters: {'P_amp': 0.7865562477391546, 'P_wet': 2175.542269972213, 'P_pow': 5.491515688503009, 'rate_power': 1.296312017705509}. Best is trial 788 with value: 0.608348636891553.
[I 2026-05-22 17:55:08,230] Trial 978 finished with value: 0.5889345927438454 and parameters: {'P_amp': 0.4434392890108149, 'P_wet': 412.0111254465396, 'P_pow': 3.2692633827345934, 'rate_power': 0.7006441421272002}. Best is trial 788 with value: 0.608348636891553.
[I 2026-05-22 17:55:08,529] Trial 979 finished with value: 0.5726069756265806 and parameters: {'P_amp': 0.6900110740033071, 'P_wet': 340.4921327900434, 'P_pow': 3.3909470871936813, 'rate_power': 0.8159048005941516}. Best is trial 788 with value: 0.608348636891553.
[I 2026-05-22 17:55:08,825] Trial 980 finished with value: 0.6077936251790519 and parameters: {'P_amp': 0.8826115733720076, 'P_wet': 2691.139228759744, 'P_pow': 5.3526082507965285, 'rate_power': 1.175132230898566}. Best is trial 788 with value: 0.608348636891553.
[I 2026-05-22 17:55:09,125] Trial 981 finished with value: 0.6080496287427611 and parameters: {'P_amp': 0.8485775071982683, 'P_wet': 2641.1948226718573, 'P_pow': 5.978680187495243, 'rate_power': 1.1967613565721797}. Best is trial 788 with value: 0.608348636891553.
[I 2026-05-22 17:55:09,431] Trial 982 finished with value: 0.6071103983353033 and parameters: {'P_amp': 0.8832188801951069, 'P_wet': 2503.345358228043, 'P_pow': 5.141732109032881, 'rate_power': 1.1149745300331328}. Best is trial 788 with value: 0.608348636891553.
[I 2026-05-22 17:55:09,730] Trial 983 finished with value: 0.6071357694807566 and parameters: {'P_amp': 0.8970041008895161, 'P_wet': 2048.0001963707114, 'P_pow': 5.116245610691577, 'rate_power': 1.2195601724118237}. Best is trial 788 with value: 0.608348636891553.
[I 2026-05-22 17:55:10,030] Trial 984 finished with value: 0.5989575984097136 and parameters: {'P_amp': 0.2897623091855605, 'P_wet': 304.5442001073884, 'P_pow': 4.049462302192342, 'rate_power': 0.9890046359709123}. Best is trial 788 with value: 0.608348636891553.
[I 2026-05-22 17:55:10,329] Trial 985 finished with value: 0.6077371866133571 and parameters: {'P_amp': 0.8976052336406227, 'P_wet': 2396.1348103687405, 'P_pow': 4.8094993042896, 'rate_power': 1.217268366988023}. Best is trial 788 with value: 0.608348636891553.
