[setup] targeted family=combined_wet_rain model=ED-C2-combined_wet_rain trials=1000
[baseline] 0.6103502735484728 {'overall': 0.6295495002593263, 'bias': 0.7070857028352947, 'rmse': 0.3790544420749578, 'seas': 0.8506061694600666, 'spatial': 0.7544105422753865} {'bona': {'overall': 0.6380885404837499, 'bias': 0.8266567561867596, 'rmse': 0.3211562360062949, 'seas': 0.7797091235325466, 'spatial': 0.7531961349838437}, 'tena': {'overall': 0.47889289658687106, 'bias': 0.6256589426778316, 'rmse': 0.2541252018733317, 'seas': 0.7283824372245481, 'spatial': 0.38540665319435186}, 'tropics': {'overall': 0.6277756025324356, 'bias': 0.7134731917453241, 'rmse': 0.395193788045546, 'seas': 0.875400942730105, 'spatial': 0.6739187128827683}, 'sh': {'overall': 0.498937513734702, 'bias': 0.6419405911472694, 'rmse': 0.28960875792486046, 'seas': 0.6009038105573065, 'spatial': 0.5296225737066459}}
/Users/adithyasrinivasan/Projects/creativity-docs/exp-workspaces/exp_04/hermes/base/scripts/search_targeted_mechanisms.py:82: ExperimentalWarning: Argument ``multivariate`` is an experimental feature. The interface can change in the future.
  sampler=optuna.samplers.TPESampler(seed=SEED,multivariate=True)
[I 2026-05-22 18:06:19,899] A new study created in memory with name: no-name-68f0fa10-7df4-4318-9d22-3f54019f7bd5
[I 2026-05-22 18:06:20,314] Trial 0 finished with value: 0.6023892157766694 and parameters: {'P_amp': 0.0, 'P_wet': 1500.0, 'P_pow': 2.0, 'WG_amp': 0.0, 'WG_Phalf': 1000.0, 'WG_k': 1.0, 'WG_c': 0.03, 'rain_shift': 0.0, 'ign_k': 0.8146117322506592, 'rate_power': 1.0}. Best is trial 0 with value: 0.6023892157766694.
[I 2026-05-22 18:06:20,781] Trial 1 finished with value: 0.5984167330609742 and parameters: {'P_amp': 0.201785561990664, 'P_wet': 661.7041125167399, 'P_pow': 5.868694686314717, 'WG_amp': 0.8936436299698275, 'WG_Phalf': 4902.998221786979, 'WG_k': 1.9315330866045652, 'WG_c': 0.0995485631447778, 'rain_shift': 1.1432507924628887, 'ign_k': 1.3782078393147175, 'rate_power': 0.8391184630710214}. Best is trial 0 with value: 0.6023892157766694.
[I 2026-05-22 18:06:21,235] Trial 2 finished with value: 0.5272999806567301 and parameters: {'P_amp': 0.891939192436167, 'P_wet': 1570.7686444896676, 'P_pow': 2.744856094702597, 'WG_amp': 0.07829387406277738, 'WG_Phalf': 555.6039502759944, 'WG_k': 31.00109117940028, 'WG_c': 0.01137921355838556, 'rain_shift': 7.4326524504880815, 'ign_k': 0.12224214663442662, 'rate_power': 1.2226774379138143}. Best is trial 0 with value: 0.6023892157766694.
[I 2026-05-22 18:06:21,688] Trial 3 finished with value: 0.5132266961443802 and parameters: {'P_amp': 0.4973552446122327, 'P_wet': 535.9307115998552, 'P_pow': 2.704370321054075, 'WG_amp': 0.6789672744600486, 'WG_Phalf': 615.7113493300197, 'WG_k': 0.1357852716112121, 'WG_c': 2.576571018206073, 'rain_shift': 3.4378682393849145, 'ign_k': 2.139474233848494, 'rate_power': 1.1838487361776107}. Best is trial 0 with value: 0.6023892157766694.
[I 2026-05-22 18:06:22,145] Trial 4 finished with value: 0.5656825686202525 and parameters: {'P_amp': 0.3479825840590188, 'P_wet': 497.63507974251235, 'P_pow': 1.2259125124144536, 'WG_amp': 0.025335197413673318, 'WG_Phalf': 115.91620377362857, 'WG_k': 0.19688883870622642, 'WG_c': 0.0003200512313123556, 'rain_shift': 5.295855826670084, 'ign_k': 0.26703808116504163, 'rate_power': 0.7446856631762538}. Best is trial 0 with value: 0.6023892157766694.
[I 2026-05-22 18:06:22,602] Trial 5 finished with value: 0.5301661746225602 and parameters: {'P_amp': 0.4464147131038176, 'P_wet': 2134.3126236074404, 'P_pow': 2.287090607070651, 'WG_amp': 0.18351899134324912, 'WG_Phalf': 2217.8159676301284, 'WG_k': 4.4787395894776205, 'WG_c': 2.6815936238048246, 'rain_shift': 8.317491056216108, 'ign_k': 2.0365023462001903, 'rate_power': 1.0305819210812517}. Best is trial 0 with value: 0.6023892157766694.
[I 2026-05-22 18:06:23,056] Trial 6 finished with value: 0.5690538504059861 and parameters: {'P_amp': 0.2081335461826676, 'P_wet': 5100.887993158364, 'P_pow': 1.7984803531459017, 'WG_amp': 0.307386975333163, 'WG_Phalf': 296.5390757232826, 'WG_k': 31.42428649737037, 'WG_c': 0.002735663612404667, 'rain_shift': 0.5771486471303955, 'ign_k': 0.10242087519427366, 'rate_power': 0.8831433529463588}. Best is trial 0 with value: 0.6023892157766694.
[I 2026-05-22 18:06:23,516] Trial 7 finished with value: 0.5035062637765979 and parameters: {'P_amp': 0.8055350838293046, 'P_wet': 579.0819245556863, 'P_pow': 1.1188336789989075, 'WG_amp': 0.4219967515338074, 'WG_Phalf': 3257.9132605311406, 'WG_k': 10.555471240861342, 'WG_c': 0.9781268130336633, 'rain_shift': 7.8688694473559275, 'ign_k': 0.3031939816201464, 'rate_power': 1.0689871010694465}. Best is trial 0 with value: 0.6023892157766694.
[I 2026-05-22 18:06:23,977] Trial 8 finished with value: 0.5569285042462945 and parameters: {'P_amp': 0.7616890319029681, 'P_wet': 1026.3659023430748, 'P_pow': 1.2410293894686344, 'WG_amp': 0.4305689508062918, 'WG_Phalf': 2163.0119303578213, 'WG_k': 2.453274880086056, 'WG_c': 0.00735716364257143, 'rain_shift': 2.6214831871712283, 'ign_k': 0.16852447454012964, 'rate_power': 0.9512899912284614}. Best is trial 0 with value: 0.6023892157766694.
[I 2026-05-22 18:06:24,432] Trial 9 finished with value: 0.5120463366187497 and parameters: {'P_amp': 0.7842551919453054, 'P_wet': 1122.8543887955916, 'P_pow': 5.1207094128045485, 'WG_amp': 0.4379151606443085, 'WG_Phalf': 261.75439263682523, 'WG_k': 51.935635072992845, 'WG_c': 0.4945767684866337, 'rain_shift': 9.885147646776945, 'ign_k': 0.14758058211474392, 'rate_power': 1.2285367645336494}. Best is trial 0 with value: 0.6023892157766694.
[I 2026-05-22 18:06:24,888] Trial 10 finished with value: 0.5995154865742282 and parameters: {'P_amp': 0.0638254044513188, 'P_wet': 1211.6348645794315, 'P_pow': 4.267531059329808, 'WG_amp': 0.014785839904843716, 'WG_Phalf': 443.07048530843224, 'WG_k': 4.436677114993834, 'WG_c': 0.07671178653931533, 'rain_shift': 1.0013927976414057, 'ign_k': 1.9226824852600692, 'rate_power': 1.1258074472701172}. Best is trial 0 with value: 0.6023892157766694.
[I 2026-05-22 18:06:25,345] Trial 11 finished with value: 0.5860928089800463 and parameters: {'P_amp': 0.13500257763936774, 'P_wet': 933.9588966275129, 'P_pow': 2.672127088295508, 'WG_amp': 0.0695302030670646, 'WG_Phalf': 1438.2724765501587, 'WG_k': 1.698495639605636, 'WG_c': 0.006183684498931752, 'rain_shift': 1.4207157940060418, 'ign_k': 0.21723231559415607, 'rate_power': 1.0609134745623827}. Best is trial 0 with value: 0.6023892157766694.
[I 2026-05-22 18:06:25,806] Trial 12 finished with value: 0.5638941901644686 and parameters: {'P_amp': 0.2939368975038685, 'P_wet': 2321.639198498958, 'P_pow': 3.9837545257453044, 'WG_amp': 0.0002152736318911004, 'WG_Phalf': 183.09485449303278, 'WG_k': 6.138492942296537, 'WG_c': 0.07181720419354368, 'rain_shift': 2.884689143858627, 'ign_k': 0.9853307414130564, 'rate_power': 1.2214088982475795}. Best is trial 0 with value: 0.6023892157766694.
[I 2026-05-22 18:06:26,262] Trial 13 finished with value: 0.6030468507764655 and parameters: {'P_amp': 0.12683290976468242, 'P_wet': 765.097717461102, 'P_pow': 3.0774847305640907, 'WG_amp': 0.042112029539012316, 'WG_Phalf': 803.2699920445249, 'WG_k': 0.756633851250409, 'WG_c': 6.017202397947409, 'rain_shift': 0.19173900406637479, 'ign_k': 2.7777051623652538, 'rate_power': 1.023550837638385}. Best is trial 13 with value: 0.6030468507764655.
[I 2026-05-22 18:06:26,723] Trial 14 finished with value: 0.6081688836102636 and parameters: {'P_amp': 0.00026249354656892254, 'P_wet': 3672.8963132218537, 'P_pow': 0.4644285705149478, 'WG_amp': 0.08008272472159617, 'WG_Phalf': 1577.5517284534994, 'WG_k': 15.563246329991644, 'WG_c': 0.6647263056231948, 'rain_shift': 1.2388048318308615, 'ign_k': 0.7387260847947745, 'rate_power': 0.9491378260408645}. Best is trial 14 with value: 0.6081688836102636.
[I 2026-05-22 18:06:27,181] Trial 15 finished with value: 0.5649705806954239 and parameters: {'P_amp': 0.12039237565885716, 'P_wet': 336.7833054247856, 'P_pow': 2.177250576056027, 'WG_amp': 0.1478080685584312, 'WG_Phalf': 1521.6017592835158, 'WG_k': 0.5405915334304713, 'WG_c': 8.354097292555775, 'rain_shift': 3.225006960247853, 'ign_k': 2.2992911915537237, 'rate_power': 0.8783896973243086}. Best is trial 14 with value: 0.6081688836102636.
[I 2026-05-22 18:06:27,640] Trial 16 finished with value: 0.6054332231646615 and parameters: {'P_amp': 0.4953819708529546, 'P_wet': 5648.449188778422, 'P_pow': 0.20872973542154766, 'WG_amp': 0.021928554313887225, 'WG_Phalf': 1130.9992986540763, 'WG_k': 53.13842452115772, 'WG_c': 0.3300354792449671, 'rain_shift': 0.5052565766426506, 'ign_k': 0.9420896587930704, 'rate_power': 0.9214155071519652}. Best is trial 14 with value: 0.6081688836102636.
[I 2026-05-22 18:06:28,099] Trial 17 finished with value: 0.6041426695604086 and parameters: {'P_amp': 0.4340608322838678, 'P_wet': 5132.763162480227, 'P_pow': 1.0085688230990126, 'WG_amp': 0.19360270621647768, 'WG_Phalf': 833.6941902730598, 'WG_k': 7.989721350102964, 'WG_c': 0.4421487961725677, 'rain_shift': 0.8169142871341946, 'ign_k': 1.2162005781729397, 'rate_power': 0.7912258988780507}. Best is trial 14 with value: 0.6081688836102636.
[I 2026-05-22 18:06:28,557] Trial 18 finished with value: 0.5459662842889216 and parameters: {'P_amp': 0.11335467592530626, 'P_wet': 3949.0961937273837, 'P_pow': 0.46409566272650654, 'WG_amp': 0.0593424942323262, 'WG_Phalf': 347.07164754931455, 'WG_k': 34.74850207755945, 'WG_c': 1.9218133725292068, 'rain_shift': 4.67670255307759, 'ign_k': 2.104724858419744, 'rate_power': 1.0989022112732534}. Best is trial 14 with value: 0.6081688836102636.
[I 2026-05-22 18:06:29,027] Trial 19 finished with value: 0.5615953130733669 and parameters: {'P_amp': 0.00429789045192968, 'P_wet': 3260.7319347901744, 'P_pow': 0.9888374694638015, 'WG_amp': 0.08719477306123184, 'WG_Phalf': 1481.2989350270984, 'WG_k': 7.454116900187443, 'WG_c': 0.49691082671035913, 'rain_shift': 5.785498290290699, 'ign_k': 1.5402367426801824, 'rate_power': 0.7061021842506017}. Best is trial 14 with value: 0.6081688836102636.
[I 2026-05-22 18:06:29,488] Trial 20 finished with value: 0.5664099932321582 and parameters: {'P_amp': 0.5127657417115429, 'P_wet': 2908.2024493944355, 'P_pow': 0.3106716934281145, 'WG_amp': 0.001076757381193557, 'WG_Phalf': 1900.4281338053127, 'WG_k': 46.49395813741043, 'WG_c': 0.6983798187819785, 'rain_shift': 3.589607091181825, 'ign_k': 0.1169991443015591, 'rate_power': 0.9476781096570606}. Best is trial 14 with value: 0.6081688836102636.
[I 2026-05-22 18:06:29,947] Trial 21 finished with value: 0.6008707898679673 and parameters: {'P_amp': 0.709683420661517, 'P_wet': 4424.149767251632, 'P_pow': 1.7219456679509895, 'WG_amp': 0.19772648676544521, 'WG_Phalf': 1530.7134396934102, 'WG_k': 3.787559174229262, 'WG_c': 0.24114889778274312, 'rain_shift': 0.8602925911018892, 'ign_k': 2.0799956609940424, 'rate_power': 0.764806997505543}. Best is trial 14 with value: 0.6081688836102636.
[I 2026-05-22 18:06:30,410] Trial 22 finished with value: 0.6073041970641534 and parameters: {'P_amp': 0.2413105221670383, 'P_wet': 3548.3979188591316, 'P_pow': 0.24283340424710756, 'WG_amp': 0.12486229296254861, 'WG_Phalf': 3106.4755541679597, 'WG_k': 2.010652199645611, 'WG_c': 5.038995532039337, 'rain_shift': 0.9296846636366556, 'ign_k': 0.5687422825394737, 'rate_power': 0.9717322453363012}. Best is trial 14 with value: 0.6081688836102636.
[I 2026-05-22 18:06:30,871] Trial 23 finished with value: 0.5908041696373119 and parameters: {'P_amp': 0.20601570765397875, 'P_wet': 3877.3353364963846, 'P_pow': 0.717539720542285, 'WG_amp': 0.13893869593601837, 'WG_Phalf': 2733.587761969704, 'WG_k': 0.6363917816124103, 'WG_c': 1.8082756090262648, 'rain_shift': 0.46767567240413355, 'ign_k': 0.33989544097194796, 'rate_power': 0.8869956691866692}. Best is trial 14 with value: 0.6081688836102636.
[I 2026-05-22 18:06:31,329] Trial 24 finished with value: 0.6054678570142281 and parameters: {'P_amp': 0.27034096069142294, 'P_wet': 5728.979150367471, 'P_pow': 0.5587136886630963, 'WG_amp': 0.10922206759052822, 'WG_Phalf': 3338.8669768281497, 'WG_k': 2.432472469240501, 'WG_c': 0.9435561181721915, 'rain_shift': 0.2914716914730461, 'ign_k': 0.6518521698012775, 'rate_power': 1.2162174215214199}. Best is trial 14 with value: 0.6081688836102636.
[I 2026-05-22 18:06:31,786] Trial 25 finished with value: 0.600130459426876 and parameters: {'P_amp': 0.47982026879834583, 'P_wet': 5029.423640814149, 'P_pow': 0.8974151020488735, 'WG_amp': 0.32922873195648045, 'WG_Phalf': 2184.696546252873, 'WG_k': 0.7980110793926861, 'WG_c': 0.4151692918793579, 'rain_shift': 0.5065568561704199, 'ign_k': 0.6846907901699377, 'rate_power': 1.2245126415556782}. Best is trial 14 with value: 0.6081688836102636.
[I 2026-05-22 18:06:32,241] Trial 26 finished with value: 0.5421453310877644 and parameters: {'P_amp': 0.06326079403236876, 'P_wet': 5821.484978995877, 'P_pow': 1.8669500890240245, 'WG_amp': 0.10252545559603493, 'WG_Phalf': 4477.294372091428, 'WG_k': 0.5544505278581336, 'WG_c': 0.3383345633549667, 'rain_shift': 6.076194058005346, 'ign_k': 0.5625521796048225, 'rate_power': 1.1791934810085278}. Best is trial 14 with value: 0.6081688836102636.
[I 2026-05-22 18:06:32,701] Trial 27 finished with value: 0.5695586687302594 and parameters: {'P_amp': 0.017772045428237446, 'P_wet': 2700.8237733124242, 'P_pow': 0.598157745779175, 'WG_amp': 0.2814861153710754, 'WG_Phalf': 3171.3687867651824, 'WG_k': 27.347529691009782, 'WG_c': 0.017556684885964575, 'rain_shift': 3.4688305397416146, 'ign_k': 0.42919564983617847, 'rate_power': 1.056538698439128}. Best is trial 14 with value: 0.6081688836102636.
[I 2026-05-22 18:06:33,160] Trial 28 finished with value: 0.609728290596246 and parameters: {'P_amp': 0.04837507534114713, 'P_wet': 2072.772991980325, 'P_pow': 0.31010159257354114, 'WG_amp': 0.2848474543646772, 'WG_Phalf': 1441.3880826159245, 'WG_k': 26.601504883256585, 'WG_c': 5.196243344329437, 'rain_shift': 1.3147383829505264, 'ign_k': 0.5498027327012688, 'rate_power': 0.8690386707661402}. Best is trial 28 with value: 0.609728290596246.
[I 2026-05-22 18:06:33,621] Trial 29 finished with value: 0.5996103565039099 and parameters: {'P_amp': 0.10750667197913823, 'P_wet': 764.3455846772342, 'P_pow': 0.2724056126387354, 'WG_amp': 0.3497295805734441, 'WG_Phalf': 1626.5050882425794, 'WG_k': 82.59339997564098, 'WG_c': 7.539758450802104, 'rain_shift': 1.7257911554201455, 'ign_k': 1.1187970983174946, 'rate_power': 0.8444716276442057}. Best is trial 28 with value: 0.609728290596246.
[I 2026-05-22 18:06:34,085] Trial 30 finished with value: 0.5974030676191513 and parameters: {'P_amp': 0.023547917232235226, 'P_wet': 1518.614978767115, 'P_pow': 0.8068214298164054, 'WG_amp': 0.26381996483871983, 'WG_Phalf': 471.80926354619044, 'WG_k': 12.023152208245428, 'WG_c': 4.168801483967267, 'rain_shift': 1.2226217481399622, 'ign_k': 0.37824018320133646, 'rate_power': 0.72655975400916}. Best is trial 28 with value: 0.609728290596246.
[I 2026-05-22 18:06:34,548] Trial 31 finished with value: 0.608174228478167 and parameters: {'P_amp': 0.014724561771063132, 'P_wet': 5635.326424159474, 'P_pow': 0.28442801796703976, 'WG_amp': 0.06006343755131055, 'WG_Phalf': 709.8116024806288, 'WG_k': 16.684710782299213, 'WG_c': 6.602415304183353, 'rain_shift': 0.8825095927311026, 'ign_k': 0.5026045629068691, 'rate_power': 0.9395083674122127}. Best is trial 28 with value: 0.609728290596246.
[I 2026-05-22 18:06:35,010] Trial 32 finished with value: 0.6065141029186902 and parameters: {'P_amp': 0.008518366032572, 'P_wet': 5586.616962399848, 'P_pow': 0.5097492546785061, 'WG_amp': 0.06513450241154616, 'WG_Phalf': 549.2378113738088, 'WG_k': 1.224663616504809, 'WG_c': 1.8045349309316885, 'rain_shift': 1.783865167719762, 'ign_k': 0.5039998371619917, 'rate_power': 0.916597293695886}. Best is trial 28 with value: 0.609728290596246.
[I 2026-05-22 18:06:35,472] Trial 33 finished with value: 0.581020182977433 and parameters: {'P_amp': 0.17204688799491508, 'P_wet': 5096.717238619935, 'P_pow': 0.6409909508996632, 'WG_amp': 0.4222324544077021, 'WG_Phalf': 1830.2588399139531, 'WG_k': 13.36453241808181, 'WG_c': 1.825095781215837, 'rain_shift': 2.2491720519784955, 'ign_k': 1.2514593694522107, 'rate_power': 0.9793720244877139}. Best is trial 28 with value: 0.609728290596246.
[I 2026-05-22 18:06:35,931] Trial 34 finished with value: 0.5983330792951855 and parameters: {'P_amp': 0.00785888540871953, 'P_wet': 2838.7480505834997, 'P_pow': 0.8062190731901316, 'WG_amp': 0.37408113188379166, 'WG_Phalf': 1740.17585767294, 'WG_k': 88.43191165415021, 'WG_c': 6.608663396003808, 'rain_shift': 1.4936392142323909, 'ign_k': 0.30662453631556874, 'rate_power': 0.8316953144978282}. Best is trial 28 with value: 0.609728290596246.
[I 2026-05-22 18:06:36,399] Trial 35 finished with value: 0.6008296654691658 and parameters: {'P_amp': 0.017191771217965876, 'P_wet': 4018.2821632446226, 'P_pow': 1.1383334636307478, 'WG_amp': 0.15000766885933178, 'WG_Phalf': 1560.3994566654299, 'WG_k': 64.49232194433334, 'WG_c': 3.5712760792415135, 'rain_shift': 1.5673685739164516, 'ign_k': 1.403184382773679, 'rate_power': 0.8780082614824947}. Best is trial 28 with value: 0.609728290596246.
[I 2026-05-22 18:06:36,861] Trial 36 finished with value: 0.6059053982526507 and parameters: {'P_amp': 0.010900735462367608, 'P_wet': 2208.880545045819, 'P_pow': 1.9147647661328009, 'WG_amp': 0.12843059532223453, 'WG_Phalf': 2649.355265788728, 'WG_k': 19.384681830490855, 'WG_c': 0.10318288876492514, 'rain_shift': 0.5385486054431856, 'ign_k': 0.6804968919339387, 'rate_power': 0.8887073766179747}. Best is trial 28 with value: 0.609728290596246.
[I 2026-05-22 18:06:37,321] Trial 37 finished with value: 0.60230168436586 and parameters: {'P_amp': 0.0006878907191918832, 'P_wet': 3012.6824837682957, 'P_pow': 0.2845895515307395, 'WG_amp': 0.026725525675016105, 'WG_Phalf': 850.1912088133649, 'WG_k': 5.837870963917807, 'WG_c': 0.11965295314776335, 'rain_shift': 0.5283581920432238, 'ign_k': 1.9538853824740763, 'rate_power': 0.8897068271688835}. Best is trial 28 with value: 0.609728290596246.
[I 2026-05-22 18:06:37,780] Trial 38 finished with value: 0.5859589533961369 and parameters: {'P_amp': 0.12094882631351392, 'P_wet': 3786.8150486690943, 'P_pow': 1.8070017729920165, 'WG_amp': 0.0876707381649233, 'WG_Phalf': 1458.2417593592586, 'WG_k': 7.622710007839519, 'WG_c': 0.581584772343762, 'rain_shift': 2.4485644615827966, 'ign_k': 0.2594614278095296, 'rate_power': 1.1119036576008323}. Best is trial 28 with value: 0.609728290596246.
[I 2026-05-22 18:06:38,243] Trial 39 finished with value: 0.596713431131474 and parameters: {'P_amp': 0.44675541709171707, 'P_wet': 2056.8814197261736, 'P_pow': 0.38979295449223, 'WG_amp': 0.12019482239947106, 'WG_Phalf': 2430.0940481163966, 'WG_k': 8.738794117588844, 'WG_c': 3.3453211929416793, 'rain_shift': 1.057385336250953, 'ign_k': 0.9011617371919324, 'rate_power': 1.021378617430455}. Best is trial 28 with value: 0.609728290596246.
[I 2026-05-22 18:06:38,709] Trial 40 finished with value: 0.6079104689461508 and parameters: {'P_amp': 0.040795033621478856, 'P_wet': 3656.4595388694092, 'P_pow': 0.37456434884026796, 'WG_amp': 0.05726377070838646, 'WG_Phalf': 705.3692394227089, 'WG_k': 7.1758088786992795, 'WG_c': 9.074769325802466, 'rain_shift': 0.5344662221945713, 'ign_k': 0.6935800497588903, 'rate_power': 0.9625593044650768}. Best is trial 28 with value: 0.609728290596246.
[I 2026-05-22 18:06:39,175] Trial 41 finished with value: 0.6080812576388915 and parameters: {'P_amp': 0.005012123178800157, 'P_wet': 4304.851055501511, 'P_pow': 1.2980600358410945, 'WG_amp': 0.0614401095604461, 'WG_Phalf': 1256.6100585581753, 'WG_k': 42.634967581422316, 'WG_c': 9.810794316841852, 'rain_shift': 1.2367344050599463, 'ign_k': 0.48471353345543505, 'rate_power': 1.024384051969808}. Best is trial 28 with value: 0.609728290596246.
[I 2026-05-22 18:06:39,639] Trial 42 finished with value: 0.5682686999548308 and parameters: {'P_amp': 0.004393433549292121, 'P_wet': 2506.419316646508, 'P_pow': 1.3085558830445736, 'WG_amp': 0.036630180608291346, 'WG_Phalf': 3345.0006561324617, 'WG_k': 40.500061490447735, 'WG_c': 6.839161600171113, 'rain_shift': 2.7240918477727325, 'ign_k': 0.993052380719619, 'rate_power': 1.1886537453004158}. Best is trial 28 with value: 0.609728290596246.
[I 2026-05-22 18:06:40,101] Trial 43 finished with value: 0.5937877829038254 and parameters: {'P_amp': 0.19271662264289657, 'P_wet': 4848.234682427916, 'P_pow': 1.18342487974494, 'WG_amp': 0.10369792844311926, 'WG_Phalf': 992.2494085169443, 'WG_k': 34.221340216185446, 'WG_c': 1.448524291802539, 'rain_shift': 0.7660697282662203, 'ign_k': 0.2984215413888695, 'rate_power': 0.9463152731566223}. Best is trial 28 with value: 0.609728290596246.
[I 2026-05-22 18:06:40,565] Trial 44 finished with value: 0.6083670595894417 and parameters: {'P_amp': 0.03817986876103167, 'P_wet': 2111.1906865188002, 'P_pow': 0.24965712929014153, 'WG_amp': 0.12688222504341007, 'WG_Phalf': 437.1220734048273, 'WG_k': 9.340622217506052, 'WG_c': 4.971828400412317, 'rain_shift': 1.2763838268522623, 'ign_k': 0.5697937851828285, 'rate_power': 0.9892464020145357}. Best is trial 28 with value: 0.609728290596246.
[I 2026-05-22 18:06:41,028] Trial 45 finished with value: 0.5667251958746093 and parameters: {'P_amp': 0.17258541371008615, 'P_wet': 1525.7729782797476, 'P_pow': 0.49045470565697147, 'WG_amp': 0.14257093872951626, 'WG_Phalf': 179.52519090900554, 'WG_k': 41.95648019356921, 'WG_c': 0.9839104232883883, 'rain_shift': 3.3500215165055107, 'ign_k': 0.31743810703023273, 'rate_power': 1.134436765681733}. Best is trial 28 with value: 0.609728290596246.
