[I 2026-05-22 18:11:38,837] Trial 683 finished with value: 0.5434488694460332 and parameters: {'P_amp': 0.5797948225531738, 'P_wet': 543.1349105208632, 'P_pow': 3.234816095780087, 'WG_amp': 0.23250829367960216, 'WG_Phalf': 2179.44322182919, 'WG_k': 4.181004327266664, 'WG_c': 0.00029432580861925235, 'rain_shift': 4.267433796342315, 'ign_k': 0.13083558978660342, 'rate_power': 0.8867483201913524}. Best is trial 209 with value: 0.6108097453057891.
[I 2026-05-22 18:11:39,304] Trial 684 finished with value: 0.5994226732289171 and parameters: {'P_amp': 0.5186223675652314, 'P_wet': 3736.7095263402175, 'P_pow': 4.569016771919813, 'WG_amp': 0.22286387511843148, 'WG_Phalf': 2563.7032590917315, 'WG_k': 45.75033000255142, 'WG_c': 0.9890279348786698, 'rain_shift': 1.3245386356185118, 'ign_k': 1.1725206733446278, 'rate_power': 1.06953685248841}. Best is trial 209 with value: 0.6108097453057891.
[I 2026-05-22 18:11:39,772] Trial 685 finished with value: 0.48195739197160387 and parameters: {'P_amp': 0.5390450025052952, 'P_wet': 357.86410965476523, 'P_pow': 2.409828696539493, 'WG_amp': 0.730787519180196, 'WG_Phalf': 124.00331192904136, 'WG_k': 16.7845891883809, 'WG_c': 0.019383555349803634, 'rain_shift': 8.747270709396773, 'ign_k': 2.3058777007885185, 'rate_power': 1.1154988562844}. Best is trial 209 with value: 0.6108097453057891.
[I 2026-05-22 18:11:40,244] Trial 686 finished with value: 0.6073412584508242 and parameters: {'P_amp': 0.01389313954524693, 'P_wet': 4748.7493253308585, 'P_pow': 2.5846089187295664, 'WG_amp': 0.39827228302937845, 'WG_Phalf': 790.2238885633185, 'WG_k': 4.31832139051491, 'WG_c': 1.6850302196667457, 'rain_shift': 0.20574004250869637, 'ign_k': 0.9220066856716704, 'rate_power': 1.0479137159742196}. Best is trial 209 with value: 0.6108097453057891.
[I 2026-05-22 18:11:40,709] Trial 687 finished with value: 0.5817162058876559 and parameters: {'P_amp': 0.28932143155637374, 'P_wet': 4813.019979179397, 'P_pow': 1.2521848809162048, 'WG_amp': 0.5742526676492752, 'WG_Phalf': 2798.438218990533, 'WG_k': 2.510677179778062, 'WG_c': 1.5202542190787844, 'rain_shift': 2.347092532107057, 'ign_k': 0.9801715674485183, 'rate_power': 0.9743787025204443}. Best is trial 209 with value: 0.6108097453057891.
[I 2026-05-22 18:11:41,176] Trial 688 finished with value: 0.5916675945338664 and parameters: {'P_amp': 0.004073272033416217, 'P_wet': 4795.961838581559, 'P_pow': 1.2225159362882971, 'WG_amp': 0.22860502170779762, 'WG_Phalf': 1099.71635195271, 'WG_k': 6.433079658115206, 'WG_c': 0.9169682031681683, 'rain_shift': 2.587352948990313, 'ign_k': 1.1166816997477382, 'rate_power': 0.7519572189421997}. Best is trial 209 with value: 0.6108097453057891.
[I 2026-05-22 18:11:41,644] Trial 689 finished with value: 0.598550104807818 and parameters: {'P_amp': 0.33232386579525286, 'P_wet': 3033.3081054486265, 'P_pow': 4.3472056245739115, 'WG_amp': 0.3190437037010143, 'WG_Phalf': 1897.3842719567813, 'WG_k': 0.44296973509398047, 'WG_c': 2.3751003836059623, 'rain_shift': 1.7414536602943875, 'ign_k': 0.29601732963262384, 'rate_power': 0.8529498470735085}. Best is trial 209 with value: 0.6108097453057891.
[I 2026-05-22 18:11:42,111] Trial 690 finished with value: 0.6063409834679999 and parameters: {'P_amp': 0.2999143076610663, 'P_wet': 4606.302764800315, 'P_pow': 3.9531076250324917, 'WG_amp': 0.8999774259775735, 'WG_Phalf': 166.1219124914549, 'WG_k': 7.424532966844199, 'WG_c': 6.438544440791922, 'rain_shift': 0.12213194087416135, 'ign_k': 0.5944098493201715, 'rate_power': 1.130696539066285}. Best is trial 209 with value: 0.6108097453057891.
[I 2026-05-22 18:11:42,578] Trial 691 finished with value: 0.596765791344018 and parameters: {'P_amp': 0.6192591007198748, 'P_wet': 5450.250813429873, 'P_pow': 4.72692082413884, 'WG_amp': 0.04613350912663001, 'WG_Phalf': 1951.7328305131039, 'WG_k': 12.098244345388489, 'WG_c': 0.12619011593007806, 'rain_shift': 1.8911545000570722, 'ign_k': 0.3245518131957196, 'rate_power': 1.054727023382929}. Best is trial 209 with value: 0.6108097453057891.
[I 2026-05-22 18:11:43,058] Trial 692 finished with value: 0.5961096755160852 and parameters: {'P_amp': 0.441254216619554, 'P_wet': 5875.998944316094, 'P_pow': 3.3354515755485816, 'WG_amp': 0.02008300334999255, 'WG_Phalf': 1027.4380904300938, 'WG_k': 1.4266227046741773, 'WG_c': 0.11904311986916508, 'rain_shift': 1.3160490711439725, 'ign_k': 1.3333952178344668, 'rate_power': 1.1261181773515754}. Best is trial 209 with value: 0.6108097453057891.
[I 2026-05-22 18:11:43,526] Trial 693 finished with value: 0.6053784077799426 and parameters: {'P_amp': 0.2056143499813401, 'P_wet': 3941.2046613015045, 'P_pow': 1.9524632661142218, 'WG_amp': 0.6779740033452027, 'WG_Phalf': 326.7768691487742, 'WG_k': 12.250994111534977, 'WG_c': 0.9457650213597132, 'rain_shift': 0.6660667977507622, 'ign_k': 0.6461621894759314, 'rate_power': 1.291325227809609}. Best is trial 209 with value: 0.6108097453057891.
[I 2026-05-22 18:11:44,004] Trial 694 finished with value: 0.6053723894261397 and parameters: {'P_amp': 0.2575780563722691, 'P_wet': 5279.605487497601, 'P_pow': 3.2766792202042923, 'WG_amp': 0.7732567424887734, 'WG_Phalf': 320.85624287631214, 'WG_k': 2.7864983236745298, 'WG_c': 2.7682449519006807, 'rain_shift': 0.5942722300676817, 'ign_k': 1.266608755011938, 'rate_power': 0.9268055376329384}. Best is trial 209 with value: 0.6108097453057891.
[I 2026-05-22 18:11:44,471] Trial 695 finished with value: 0.5759794913004581 and parameters: {'P_amp': 0.13968597290908186, 'P_wet': 1806.7875919147411, 'P_pow': 5.221784760678412, 'WG_amp': 0.044517699534829425, 'WG_Phalf': 163.85948020403754, 'WG_k': 3.875559970542451, 'WG_c': 0.0004835610255302254, 'rain_shift': 2.825072302058021, 'ign_k': 0.28159755427087974, 'rate_power': 1.1672647347017013}. Best is trial 209 with value: 0.6108097453057891.
[I 2026-05-22 18:11:44,939] Trial 696 finished with value: 0.6023066222195393 and parameters: {'P_amp': 0.1427672973646034, 'P_wet': 4319.526457227623, 'P_pow': 3.7166381560836497, 'WG_amp': 0.5221705784243773, 'WG_Phalf': 228.77857199032246, 'WG_k': 0.2197386501450506, 'WG_c': 1.6931970588805405, 'rain_shift': 1.0745258369385808, 'ign_k': 1.3426747301268256, 'rate_power': 0.8148806830070137}. Best is trial 209 with value: 0.6108097453057891.
[I 2026-05-22 18:11:45,405] Trial 697 finished with value: 0.5811017065519621 and parameters: {'P_amp': 0.20323779211489013, 'P_wet': 2928.1181674837385, 'P_pow': 3.704563758347589, 'WG_amp': 0.8454813819260468, 'WG_Phalf': 603.0937274967221, 'WG_k': 1.812071633393335, 'WG_c': 0.07844189962094529, 'rain_shift': 0.42700452788558946, 'ign_k': 2.143294724213295, 'rate_power': 1.251353803760479}. Best is trial 209 with value: 0.6108097453057891.
[I 2026-05-22 18:11:45,872] Trial 698 finished with value: 0.6056210217808207 and parameters: {'P_amp': 0.008278366334063494, 'P_wet': 1783.124017815202, 'P_pow': 2.948045071967724, 'WG_amp': 0.46711782969152876, 'WG_Phalf': 877.9565539812911, 'WG_k': 2.9855177802783315, 'WG_c': 4.604176512260204, 'rain_shift': 1.3157339354085367, 'ign_k': 0.4028500246600794, 'rate_power': 1.0298558683400045}. Best is trial 209 with value: 0.6108097453057891.
[I 2026-05-22 18:11:46,341] Trial 699 finished with value: 0.6000890094746865 and parameters: {'P_amp': 0.20566411706187068, 'P_wet': 3046.658643885186, 'P_pow': 2.747567917405551, 'WG_amp': 0.3924503463944044, 'WG_Phalf': 396.21074556213864, 'WG_k': 1.724953155979913, 'WG_c': 0.49385014511447634, 'rain_shift': 0.047988608164824975, 'ign_k': 0.6596334870614167, 'rate_power': 0.903657214867299}. Best is trial 209 with value: 0.6108097453057891.
[I 2026-05-22 18:11:46,809] Trial 700 finished with value: 0.6067376898210487 and parameters: {'P_amp': 0.4467060534246634, 'P_wet': 5705.520170103407, 'P_pow': 3.2067781058093963, 'WG_amp': 0.36536028419023353, 'WG_Phalf': 287.6453895493174, 'WG_k': 8.43248818555997, 'WG_c': 3.4143726299852983, 'rain_shift': 0.40332180403616025, 'ign_k': 0.5472618773622332, 'rate_power': 1.2879303724020037}. Best is trial 209 with value: 0.6108097453057891.
[I 2026-05-22 18:11:47,277] Trial 701 finished with value: 0.608949675296536 and parameters: {'P_amp': 0.14138422778151072, 'P_wet': 2843.2261902394703, 'P_pow': 1.2300471288509942, 'WG_amp': 0.5803406700388882, 'WG_Phalf': 1366.883837968988, 'WG_k': 3.8566885325610283, 'WG_c': 0.7261281616515464, 'rain_shift': 0.6073617129345702, 'ign_k': 0.6761307614199611, 'rate_power': 0.9429037035255865}. Best is trial 209 with value: 0.6108097453057891.
[I 2026-05-22 18:11:47,745] Trial 702 finished with value: 0.6047068731118652 and parameters: {'P_amp': 0.1410116041894553, 'P_wet': 2287.8096149883845, 'P_pow': 0.5260591485472438, 'WG_amp': 0.6399303507510012, 'WG_Phalf': 1180.334935117058, 'WG_k': 2.8932021231164193, 'WG_c': 0.3688533936332133, 'rain_shift': 0.13879480895899843, 'ign_k': 0.7386941753388024, 'rate_power': 1.0280077130700602}. Best is trial 209 with value: 0.6108097453057891.
[I 2026-05-22 18:11:48,214] Trial 703 finished with value: 0.6045599716001874 and parameters: {'P_amp': 0.27728850245107184, 'P_wet': 5488.678423478586, 'P_pow': 0.6775741902840408, 'WG_amp': 0.39431357730919064, 'WG_Phalf': 620.2149380746562, 'WG_k': 3.2718507740047027, 'WG_c': 0.1925056625030918, 'rain_shift': 0.6357285128624958, 'ign_k': 0.7147931565388667, 'rate_power': 1.0122859544811247}. Best is trial 209 with value: 0.6108097453057891.
[I 2026-05-22 18:11:48,675] Trial 704 finished with value: 0.6000344575316549 and parameters: {'P_amp': 0.1335886486433138, 'P_wet': 2901.252097103636, 'P_pow': 2.5002303769086645, 'WG_amp': 0.44831522700671933, 'WG_Phalf': 728.3270884425427, 'WG_k': 0.29855340928007185, 'WG_c': 4.673240173896672, 'rain_shift': 0.10617933891994513, 'ign_k': 0.8232658692807846, 'rate_power': 0.8818105697557074}. Best is trial 209 with value: 0.6108097453057891.
[I 2026-05-22 18:11:49,148] Trial 705 finished with value: 0.6068359806918975 and parameters: {'P_amp': 0.32111268895148093, 'P_wet': 4798.979268614792, 'P_pow': 5.515854231778142, 'WG_amp': 0.5287245590267203, 'WG_Phalf': 458.62032436176855, 'WG_k': 9.871401823415432, 'WG_c': 2.9381242655118034, 'rain_shift': 0.715009828492843, 'ign_k': 1.1137952454916045, 'rate_power': 1.0198348345767534}. Best is trial 209 with value: 0.6108097453057891.
[I 2026-05-22 18:11:49,620] Trial 706 finished with value: 0.6021905453774076 and parameters: {'P_amp': 0.14058788481504217, 'P_wet': 2180.9793204795074, 'P_pow': 2.2131204136674567, 'WG_amp': 0.5203677346579989, 'WG_Phalf': 1528.5336376701277, 'WG_k': 2.8071844186539816, 'WG_c': 1.8699798452121872, 'rain_shift': 1.2208961040106832, 'ign_k': 1.2120327979069034, 'rate_power': 0.9839221759811082}. Best is trial 209 with value: 0.6108097453057891.
[I 2026-05-22 18:11:50,087] Trial 707 finished with value: 0.5616843236216432 and parameters: {'P_amp': 0.18407116595597933, 'P_wet': 380.94310794907767, 'P_pow': 4.027981391887586, 'WG_amp': 0.09781981923850036, 'WG_Phalf': 509.93015785807484, 'WG_k': 0.016612818813484396, 'WG_c': 0.6377792401053212, 'rain_shift': 7.1473301924662955, 'ign_k': 0.07541564499876462, 'rate_power': 0.8412493075748082}. Best is trial 209 with value: 0.6108097453057891.
[I 2026-05-22 18:11:50,557] Trial 708 finished with value: 0.5701478523453922 and parameters: {'P_amp': 0.5693830112285662, 'P_wet': 4708.77143971428, 'P_pow': 1.5194193876560407, 'WG_amp': 0.47174758811698797, 'WG_Phalf': 779.4465189358009, 'WG_k': 44.647664091096765, 'WG_c': 7.992006730780214, 'rain_shift': 3.7767993843771395, 'ign_k': 0.7253530947897764, 'rate_power': 0.8657732476758295}. Best is trial 209 with value: 0.6108097453057891.
[I 2026-05-22 18:11:51,031] Trial 709 finished with value: 0.5857305084500437 and parameters: {'P_amp': 0.0284688630436125, 'P_wet': 2211.0892539097536, 'P_pow': 0.673350406275875, 'WG_amp': 0.6418055808389447, 'WG_Phalf': 2882.4139695470476, 'WG_k': 0.44251696834711585, 'WG_c': 0.9691949096992797, 'rain_shift': 2.4808766374766016, 'ign_k': 0.5486610350958442, 'rate_power': 0.9783351452594508}. Best is trial 209 with value: 0.6108097453057891.
[I 2026-05-22 18:11:51,500] Trial 710 finished with value: 0.5121381042604485 and parameters: {'P_amp': 0.7646527415001069, 'P_wet': 786.2147513206723, 'P_pow': 3.2175124134332465, 'WG_amp': 0.2755970988302383, 'WG_Phalf': 3001.6836414784307, 'WG_k': 0.20010766656833376, 'WG_c': 1.4991058538437574, 'rain_shift': 6.234192311048412, 'ign_k': 0.2122827926093445, 'rate_power': 1.0832150599042716}. Best is trial 209 with value: 0.6108097453057891.
[I 2026-05-22 18:11:51,966] Trial 711 finished with value: 0.5040285919015346 and parameters: {'P_amp': 0.7424737471726022, 'P_wet': 329.19251249326834, 'P_pow': 5.38603044549871, 'WG_amp': 0.20400481870638698, 'WG_Phalf': 284.5620958543312, 'WG_k': 20.985499849480117, 'WG_c': 0.07577808914116999, 'rain_shift': 2.1325018495756525, 'ign_k': 0.5730235396539527, 'rate_power': 1.0423335856104141}. Best is trial 209 with value: 0.6108097453057891.
[I 2026-05-22 18:11:52,434] Trial 712 finished with value: 0.5230186299842314 and parameters: {'P_amp': 0.13904937007430596, 'P_wet': 1148.8669961091432, 'P_pow': 5.821318258840048, 'WG_amp': 0.7846058550058503, 'WG_Phalf': 131.50317366430497, 'WG_k': 0.30862180364353126, 'WG_c': 4.4493073175902165, 'rain_shift': 9.246521566668712, 'ign_k': 0.09830591975857651, 'rate_power': 1.2844266931710626}. Best is trial 209 with value: 0.6108097453057891.
[I 2026-05-22 18:11:52,903] Trial 713 finished with value: 0.5296444111037741 and parameters: {'P_amp': 0.8123274558758702, 'P_wet': 4572.987577775114, 'P_pow': 0.22891054715203385, 'WG_amp': 0.8520237202796007, 'WG_Phalf': 2356.2465262406968, 'WG_k': 75.54574652608058, 'WG_c': 8.731822206752998, 'rain_shift': 9.279522833402833, 'ign_k': 0.10331711698649047, 'rate_power': 0.9926618821790258}. Best is trial 209 with value: 0.6108097453057891.
[I 2026-05-22 18:11:53,371] Trial 714 finished with value: 0.5978811289478125 and parameters: {'P_amp': 0.21549126537915353, 'P_wet': 3369.649864503345, 'P_pow': 0.5323196919675028, 'WG_amp': 0.7327344371427158, 'WG_Phalf': 4058.5906677720654, 'WG_k': 3.986067418706495, 'WG_c': 0.09311045185731993, 'rain_shift': 0.1757816409160346, 'ign_k': 0.6970175288892984, 'rate_power': 0.8049630287132755}. Best is trial 209 with value: 0.6108097453057891.
[I 2026-05-22 18:11:53,840] Trial 715 finished with value: 0.5302036122918795 and parameters: {'P_amp': 0.7154390536098427, 'P_wet': 4390.00728467781, 'P_pow': 0.702329253328799, 'WG_amp': 0.8337878818003228, 'WG_Phalf': 274.5984472558067, 'WG_k': 1.2780079243957914, 'WG_c': 0.00044994877991619536, 'rain_shift': 2.499117353554379, 'ign_k': 2.0769665261481185, 'rate_power': 1.0794240242124489}. Best is trial 209 with value: 0.6108097453057891.
[I 2026-05-22 18:11:54,307] Trial 716 finished with value: 0.6002206986118784 and parameters: {'P_amp': 0.016900548267282003, 'P_wet': 3505.395102872797, 'P_pow': 0.8371941472262192, 'WG_amp': 0.46027516271168456, 'WG_Phalf': 370.64155433213637, 'WG_k': 2.1477968828810194, 'WG_c': 0.09955017131342582, 'rain_shift': 0.017227048791197408, 'ign_k': 0.6541645492705448, 'rate_power': 0.9245128584005953}. Best is trial 209 with value: 0.6108097453057891.
[I 2026-05-22 18:11:54,770] Trial 717 finished with value: 0.5813091979313844 and parameters: {'P_amp': 0.43171448773797694, 'P_wet': 1026.0112096138955, 'P_pow': 0.6343738310605787, 'WG_amp': 0.17221885619939475, 'WG_Phalf': 726.3913654386655, 'WG_k': 68.25854639490385, 'WG_c': 4.256970630130516, 'rain_shift': 1.1052080209551844, 'ign_k': 0.2559230091647445, 'rate_power': 0.7026291870759513}. Best is trial 209 with value: 0.6108097453057891.
[I 2026-05-22 18:11:55,228] Trial 718 finished with value: 0.6050717923623942 and parameters: {'P_amp': 0.0023334936107577697, 'P_wet': 2729.6922945821225, 'P_pow': 2.2295669554651014, 'WG_amp': 0.2791110809603535, 'WG_Phalf': 1010.2025687650848, 'WG_k': 0.5937496506470412, 'WG_c': 0.053265120891869605, 'rain_shift': 0.5810249801038778, 'ign_k': 0.47021396329815646, 'rate_power': 1.093590195326512}. Best is trial 209 with value: 0.6108097453057891.
[I 2026-05-22 18:11:55,691] Trial 719 finished with value: 0.5720524239846548 and parameters: {'P_amp': 0.24243833476125445, 'P_wet': 1965.1009186702754, 'P_pow': 3.866015597372549, 'WG_amp': 0.23147687623539018, 'WG_Phalf': 1711.4418003499036, 'WG_k': 1.4115165781012935, 'WG_c': 0.16328566805260397, 'rain_shift': 3.049173598802886, 'ign_k': 1.3432923063428883, 'rate_power': 0.880200637903967}. Best is trial 209 with value: 0.6108097453057891.
[I 2026-05-22 18:11:56,150] Trial 720 finished with value: 0.5740555061789879 and parameters: {'P_amp': 0.8657976250922724, 'P_wet': 2294.2052285556724, 'P_pow': 3.8585896121439625, 'WG_amp': 0.06694943461257212, 'WG_Phalf': 1556.483369336558, 'WG_k': 2.976393191445827, 'WG_c': 0.01041229157432084, 'rain_shift': 0.32887333785429423, 'ign_k': 0.10758439715695223, 'rate_power': 1.0861589931895361}. Best is trial 209 with value: 0.6108097453057891.
[I 2026-05-22 18:11:56,617] Trial 721 finished with value: 0.604892126105744 and parameters: {'P_amp': 0.21886195192212754, 'P_wet': 5073.696180521502, 'P_pow': 0.6573347087629132, 'WG_amp': 0.5461633081567026, 'WG_Phalf': 869.7089271264568, 'WG_k': 1.0971782766585916, 'WG_c': 0.7753730450800725, 'rain_shift': 0.4383305998569713, 'ign_k': 0.9378478682843973, 'rate_power': 0.8209078691402162}. Best is trial 209 with value: 0.6108097453057891.
[I 2026-05-22 18:11:57,082] Trial 722 finished with value: 0.6024299278230145 and parameters: {'P_amp': 0.5340861880746175, 'P_wet': 5963.9814164933505, 'P_pow': 3.5468774125242457, 'WG_amp': 0.4649555222075897, 'WG_Phalf': 548.4675004828447, 'WG_k': 23.73129875898915, 'WG_c': 2.6835618970617774, 'rain_shift': 1.1651291471468792, 'ign_k': 1.1017427463435694, 'rate_power': 1.0597464721484615}. Best is trial 209 with value: 0.6108097453057891.
[I 2026-05-22 18:11:57,550] Trial 723 finished with value: 0.6033732669723479 and parameters: {'P_amp': 0.19530535541604688, 'P_wet': 3573.6389689872176, 'P_pow': 1.514553393990318, 'WG_amp': 0.3488398803432662, 'WG_Phalf': 861.8035698954284, 'WG_k': 10.136532482759948, 'WG_c': 1.844405160648573, 'rain_shift': 0.48501558805385714, 'ign_k': 0.7308311619923586, 'rate_power': 0.8427797706584792}. Best is trial 209 with value: 0.6108097453057891.
[I 2026-05-22 18:11:58,019] Trial 724 finished with value: 0.601333431568731 and parameters: {'P_amp': 0.2631218123082235, 'P_wet': 3267.7940281210917, 'P_pow': 0.20021533480611903, 'WG_amp': 0.4531277514278488, 'WG_Phalf': 482.34465986331406, 'WG_k': 35.68008074645289, 'WG_c': 2.8012413922309816, 'rain_shift': 1.1039272976292014, 'ign_k': 0.39617147461746566, 'rate_power': 0.7722682136653722}. Best is trial 209 with value: 0.6108097453057891.
[I 2026-05-22 18:11:58,487] Trial 725 finished with value: 0.5464924944806725 and parameters: {'P_amp': 0.3957309013856461, 'P_wet': 3574.633751461013, 'P_pow': 3.776560151134797, 'WG_amp': 0.6312291447221241, 'WG_Phalf': 4902.254646834776, 'WG_k': 2.020621426696172, 'WG_c': 0.7353823680083187, 'rain_shift': 5.405145543711288, 'ign_k': 0.4814099763446102, 'rate_power': 1.1704038263634309}. Best is trial 209 with value: 0.6108097453057891.
[I 2026-05-22 18:11:58,956] Trial 726 finished with value: 0.5849266629987164 and parameters: {'P_amp': 0.19479642533986088, 'P_wet': 2162.444927745325, 'P_pow': 3.4025734184403094, 'WG_amp': 0.4755436276094327, 'WG_Phalf': 456.87625201859817, 'WG_k': 2.0307378045896365, 'WG_c': 3.8565447537735613, 'rain_shift': 1.938844716972996, 'ign_k': 1.926995607838089, 'rate_power': 1.013736690857687}. Best is trial 209 with value: 0.6108097453057891.
[I 2026-05-22 18:11:59,424] Trial 727 finished with value: 0.5715307998226781 and parameters: {'P_amp': 0.10480255093523172, 'P_wet': 1656.5254919214142, 'P_pow': 0.7566481636459756, 'WG_amp': 0.21682761965801456, 'WG_Phalf': 4061.364229405911, 'WG_k': 0.11840428220152287, 'WG_c': 0.007256518536054111, 'rain_shift': 0.7010392569221251, 'ign_k': 0.09047822968662828, 'rate_power': 0.9661559365264064}. Best is trial 209 with value: 0.6108097453057891.
[I 2026-05-22 18:11:59,886] Trial 728 finished with value: 0.6096179901705779 and parameters: {'P_amp': 0.08728709814053172, 'P_wet': 3540.0613490834107, 'P_pow': 1.211919685264567, 'WG_amp': 0.5478762241235535, 'WG_Phalf': 2068.7839941654934, 'WG_k': 3.1916512834140898, 'WG_c': 0.9971687804805954, 'rain_shift': 0.9045085294949786, 'ign_k': 0.6947475682736508, 'rate_power': 0.9558758882605982}. Best is trial 209 with value: 0.6108097453057891.
[I 2026-05-22 18:12:00,344] Trial 729 finished with value: 0.6017085644322006 and parameters: {'P_amp': 0.11979414007125157, 'P_wet': 3271.203100769074, 'P_pow': 1.3888365389608885, 'WG_amp': 0.7826039290532592, 'WG_Phalf': 3750.8027113895832, 'WG_k': 5.112309044297264, 'WG_c': 4.871072219507219, 'rain_shift': 1.122983256925394, 'ign_k': 1.068387466717318, 'rate_power': 1.0746322892510847}. Best is trial 209 with value: 0.6108097453057891.
[I 2026-05-22 18:12:00,804] Trial 730 finished with value: 0.5754342928053371 and parameters: {'P_amp': 0.23290201553848577, 'P_wet': 2507.746536049459, 'P_pow': 1.5679102293907259, 'WG_amp': 0.6795510535577827, 'WG_Phalf': 1731.490013078433, 'WG_k': 4.823638504778194, 'WG_c': 2.942816056898434, 'rain_shift': 3.2998182550500346, 'ign_k': 0.26225979824113044, 'rate_power': 1.0657314093136514}. Best is trial 209 with value: 0.6108097453057891.
[I 2026-05-22 18:12:01,268] Trial 731 finished with value: 0.5849831961779293 and parameters: {'P_amp': 0.021169176160472158, 'P_wet': 625.6126973480054, 'P_pow': 2.8956100188984775, 'WG_amp': 0.1335278270216036, 'WG_Phalf': 112.71920318401123, 'WG_k': 1.6733817039667687, 'WG_c': 7.615117331762203, 'rain_shift': 2.032006794267421, 'ign_k': 0.6443373301182832, 'rate_power': 1.1847886530980003}. Best is trial 209 with value: 0.6108097453057891.
