[I 2026-05-22 17:54:21,308] Trial 820 finished with value: 0.6075475272738119 and parameters: {'P_amp': 0.8286390458083489, 'P_wet': 1940.2877313117717, 'P_pow': 5.975993094609762, 'rate_power': 1.1936820923532794}. Best is trial 788 with value: 0.608348636891553.
[I 2026-05-22 17:54:21,605] Trial 821 finished with value: 0.6070499258491001 and parameters: {'P_amp': 0.7770226122085077, 'P_wet': 2791.9287558441097, 'P_pow': 5.0339420012181355, 'rate_power': 1.1317832092981723}. Best is trial 788 with value: 0.608348636891553.
[I 2026-05-22 17:54:21,904] Trial 822 finished with value: 0.6073229921895881 and parameters: {'P_amp': 0.8984018171561281, 'P_wet': 1969.8519553565984, 'P_pow': 5.634331246478541, 'rate_power': 1.1708804065134386}. Best is trial 788 with value: 0.608348636891553.
[I 2026-05-22 17:54:22,203] Trial 823 finished with value: 0.5846034693620169 and parameters: {'P_amp': 0.5757045848560841, 'P_wet': 3855.3417363448298, 'P_pow': 4.004665958852323, 'rate_power': 0.751773302845716}. Best is trial 788 with value: 0.608348636891553.
[I 2026-05-22 17:54:22,501] Trial 824 finished with value: 0.6078109513720447 and parameters: {'P_amp': 0.8923153469343109, 'P_wet': 2962.8394291027826, 'P_pow': 5.939566601556005, 'rate_power': 1.1909994344032915}. Best is trial 788 with value: 0.608348636891553.
[I 2026-05-22 17:54:22,799] Trial 825 finished with value: 0.6039803613729884 and parameters: {'P_amp': 0.67814620221897, 'P_wet': 1567.3040825596656, 'P_pow': 5.994802240061691, 'rate_power': 1.0445910472659157}. Best is trial 788 with value: 0.608348636891553.
[I 2026-05-22 17:54:23,092] Trial 826 finished with value: 0.6049572479103268 and parameters: {'P_amp': 0.8895687129722857, 'P_wet': 1769.5251462997414, 'P_pow': 5.0226126397199, 'rate_power': 1.2063186424984296}. Best is trial 788 with value: 0.608348636891553.
[I 2026-05-22 17:54:23,389] Trial 827 finished with value: 0.6061536830581684 and parameters: {'P_amp': 0.8871934352923728, 'P_wet': 3482.0772881082794, 'P_pow': 4.503929064315782, 'rate_power': 1.0978718605526263}. Best is trial 788 with value: 0.608348636891553.
[I 2026-05-22 17:54:23,688] Trial 828 finished with value: 0.6057886346171445 and parameters: {'P_amp': 0.7083955179016629, 'P_wet': 1927.5970197454003, 'P_pow': 4.831204791916269, 'rate_power': 1.2941775226638994}. Best is trial 788 with value: 0.608348636891553.
[I 2026-05-22 17:54:23,986] Trial 829 finished with value: 0.60791241161106 and parameters: {'P_amp': 0.7828974822786829, 'P_wet': 2712.32775935275, 'P_pow': 5.057237753951698, 'rate_power': 1.219461269158031}. Best is trial 788 with value: 0.608348636891553.
[I 2026-05-22 17:54:24,284] Trial 830 finished with value: 0.6077784032883521 and parameters: {'P_amp': 0.8904584174942304, 'P_wet': 2600.5940809173926, 'P_pow': 4.908024652306853, 'rate_power': 1.1942731226183112}. Best is trial 788 with value: 0.608348636891553.
[I 2026-05-22 17:54:24,582] Trial 831 finished with value: 0.6079196333687531 and parameters: {'P_amp': 0.8974025931700246, 'P_wet': 2157.535125429572, 'P_pow': 5.9920180817888875, 'rate_power': 1.1545832610831543}. Best is trial 788 with value: 0.608348636891553.
[I 2026-05-22 17:54:24,886] Trial 832 finished with value: 0.6081096614554287 and parameters: {'P_amp': 0.8770359356867069, 'P_wet': 2878.3335810165336, 'P_pow': 5.970659962498039, 'rate_power': 1.2618246314200334}. Best is trial 788 with value: 0.608348636891553.
[I 2026-05-22 17:54:25,185] Trial 833 finished with value: 0.6075785192369807 and parameters: {'P_amp': 0.8890053438992086, 'P_wet': 3578.6973012436033, 'P_pow': 5.308282466378179, 'rate_power': 1.2053050038919901}. Best is trial 788 with value: 0.608348636891553.
[I 2026-05-22 17:54:25,484] Trial 834 finished with value: 0.6081055138216961 and parameters: {'P_amp': 0.7091206565272306, 'P_wet': 2252.1066198846243, 'P_pow': 5.974278711244829, 'rate_power': 1.257266523665804}. Best is trial 788 with value: 0.608348636891553.
[I 2026-05-22 17:54:25,784] Trial 835 finished with value: 0.5759797517570105 and parameters: {'P_amp': 0.8448029702268745, 'P_wet': 1075.1602742206771, 'P_pow': 5.053249356822881, 'rate_power': 1.284788550071476}. Best is trial 788 with value: 0.608348636891553.
[I 2026-05-22 17:54:26,084] Trial 836 finished with value: 0.6018023084162327 and parameters: {'P_amp': 0.8972269855817807, 'P_wet': 1506.9626980491707, 'P_pow': 5.871718870744919, 'rate_power': 1.157208380453696}. Best is trial 788 with value: 0.608348636891553.
[I 2026-05-22 17:54:26,383] Trial 837 finished with value: 0.6076039072765431 and parameters: {'P_amp': 0.8992813331495052, 'P_wet': 3825.2227814214266, 'P_pow': 5.06437825757547, 'rate_power': 1.2188900403803566}. Best is trial 788 with value: 0.608348636891553.
[I 2026-05-22 17:54:26,683] Trial 838 finished with value: 0.6079159033569307 and parameters: {'P_amp': 0.7740504858724966, 'P_wet': 2900.345223502397, 'P_pow': 5.9565070602396, 'rate_power': 1.2957828155133166}. Best is trial 788 with value: 0.608348636891553.
[I 2026-05-22 17:54:26,982] Trial 839 finished with value: 0.606035425234738 and parameters: {'P_amp': 0.4427472795058109, 'P_wet': 1669.24682113506, 'P_pow': 5.789610019171776, 'rate_power': 1.2541481084242294}. Best is trial 788 with value: 0.608348636891553.
[I 2026-05-22 17:54:27,282] Trial 840 finished with value: 0.6039621421874426 and parameters: {'P_amp': 0.4457294134963886, 'P_wet': 5384.184137825914, 'P_pow': 5.907958976222223, 'rate_power': 1.0357722632065913}. Best is trial 788 with value: 0.608348636891553.
[I 2026-05-22 17:54:27,581] Trial 841 finished with value: 0.6065926437310241 and parameters: {'P_amp': 0.7406773409350838, 'P_wet': 1897.5734410289772, 'P_pow': 5.149572695945076, 'rate_power': 1.2156035622623746}. Best is trial 788 with value: 0.608348636891553.
[I 2026-05-22 17:54:27,879] Trial 842 finished with value: 0.5887613351103786 and parameters: {'P_amp': 0.8852355678399658, 'P_wet': 1203.9463100246167, 'P_pow': 5.947967203953588, 'rate_power': 1.1645319079506917}. Best is trial 788 with value: 0.608348636891553.
[I 2026-05-22 17:54:28,178] Trial 843 finished with value: 0.6060694741786089 and parameters: {'P_amp': 0.5382816899451581, 'P_wet': 5181.365249807009, 'P_pow': 4.03789162641599, 'rate_power': 1.1151835422556302}. Best is trial 788 with value: 0.608348636891553.
[I 2026-05-22 17:54:28,477] Trial 844 finished with value: 0.6062078443438695 and parameters: {'P_amp': 0.7690672868430012, 'P_wet': 2175.3639063125606, 'P_pow': 4.790978812743951, 'rate_power': 1.078281046215273}. Best is trial 788 with value: 0.608348636891553.
[I 2026-05-22 17:54:28,777] Trial 845 finished with value: 0.6072335760078162 and parameters: {'P_amp': 0.8100800617292262, 'P_wet': 5459.957674705245, 'P_pow': 5.930842128140122, 'rate_power': 1.204553736236158}. Best is trial 788 with value: 0.608348636891553.
[I 2026-05-22 17:54:29,078] Trial 846 finished with value: 0.607757245069265 and parameters: {'P_amp': 0.6651553051809054, 'P_wet': 1984.3062717396247, 'P_pow': 5.986971510380214, 'rate_power': 1.2053787134691087}. Best is trial 788 with value: 0.608348636891553.
[I 2026-05-22 17:54:29,377] Trial 847 finished with value: 0.604696498055777 and parameters: {'P_amp': 0.7441044892940145, 'P_wet': 1602.9012670668078, 'P_pow': 5.992069588046352, 'rate_power': 1.1973309565002481}. Best is trial 788 with value: 0.608348636891553.
[I 2026-05-22 17:54:29,676] Trial 848 finished with value: 0.6079911627208645 and parameters: {'P_amp': 0.8491320353160738, 'P_wet': 2857.3954567244405, 'P_pow': 5.982114973360571, 'rate_power': 1.208795358609608}. Best is trial 788 with value: 0.608348636891553.
[I 2026-05-22 17:54:29,973] Trial 849 finished with value: 0.6082069505405648 and parameters: {'P_amp': 0.8962995365640375, 'P_wet': 2216.548407328828, 'P_pow': 5.991902587805833, 'rate_power': 1.1873767750102349}. Best is trial 788 with value: 0.608348636891553.
[I 2026-05-22 17:54:30,268] Trial 850 finished with value: 0.5905394051952639 and parameters: {'P_amp': 0.8984239602687104, 'P_wet': 1311.2255013144431, 'P_pow': 5.265583917612321, 'rate_power': 1.2782678072815314}. Best is trial 788 with value: 0.608348636891553.
[I 2026-05-22 17:54:30,561] Trial 851 finished with value: 0.6062829602159343 and parameters: {'P_amp': 0.8863898607785147, 'P_wet': 3683.1337752957475, 'P_pow': 5.801314963168629, 'rate_power': 1.1106774900540424}. Best is trial 788 with value: 0.608348636891553.
[I 2026-05-22 17:54:30,853] Trial 852 finished with value: 0.6058227303153979 and parameters: {'P_amp': 0.05805177750772089, 'P_wet': 798.5438970865953, 'P_pow': 3.1836979429117536, 'rate_power': 1.275911764199278}. Best is trial 788 with value: 0.608348636891553.
[I 2026-05-22 17:54:31,152] Trial 853 finished with value: 0.6078128526570958 and parameters: {'P_amp': 0.7462226993576669, 'P_wet': 2747.963202405146, 'P_pow': 4.921857531475739, 'rate_power': 1.2702518396603117}. Best is trial 788 with value: 0.608348636891553.
[I 2026-05-22 17:54:31,446] Trial 854 finished with value: 0.5779827093752182 and parameters: {'P_amp': 0.7351606215013653, 'P_wet': 996.1957550876054, 'P_pow': 5.933766376432335, 'rate_power': 1.223833382831202}. Best is trial 788 with value: 0.608348636891553.
[I 2026-05-22 17:54:31,737] Trial 855 finished with value: 0.6009314004906787 and parameters: {'P_amp': 0.8938357689888332, 'P_wet': 1567.430681678426, 'P_pow': 5.247164516034352, 'rate_power': 1.2591545808534006}. Best is trial 788 with value: 0.608348636891553.
[I 2026-05-22 17:54:32,026] Trial 856 finished with value: 0.6068260434028504 and parameters: {'P_amp': 0.8941312449277685, 'P_wet': 3367.32586254799, 'P_pow': 5.94300679343638, 'rate_power': 1.1324445297048433}. Best is trial 788 with value: 0.608348636891553.
[I 2026-05-22 17:54:32,324] Trial 857 finished with value: 0.6079014772280367 and parameters: {'P_amp': 0.8973670498859566, 'P_wet': 3130.357722947038, 'P_pow': 5.987965809674648, 'rate_power': 1.2847088250877674}. Best is trial 788 with value: 0.608348636891553.
[I 2026-05-22 17:54:32,624] Trial 858 finished with value: 0.607238184538857 and parameters: {'P_amp': 0.7843972291843311, 'P_wet': 1863.3755588333136, 'P_pow': 5.997070716845994, 'rate_power': 1.2113393090036355}. Best is trial 788 with value: 0.608348636891553.
[I 2026-05-22 17:54:32,924] Trial 859 finished with value: 0.6063692325667249 and parameters: {'P_amp': 0.774240357844149, 'P_wet': 1861.3285987502331, 'P_pow': 5.228647884089272, 'rate_power': 1.1592795524527122}. Best is trial 788 with value: 0.608348636891553.
[I 2026-05-22 17:54:33,222] Trial 860 finished with value: 0.6072306662612289 and parameters: {'P_amp': 0.7747328190366088, 'P_wet': 2586.275834619096, 'P_pow': 5.959557496039994, 'rate_power': 1.126624571497096}. Best is trial 788 with value: 0.608348636891553.
[I 2026-05-22 17:54:33,513] Trial 861 finished with value: 0.6075645241887478 and parameters: {'P_amp': 0.8917307864763758, 'P_wet': 3789.527036503929, 'P_pow': 4.095969310780317, 'rate_power': 1.2264331238913668}. Best is trial 788 with value: 0.608348636891553.
[I 2026-05-22 17:54:33,804] Trial 862 finished with value: 0.6074428758817632 and parameters: {'P_amp': 0.7644243873158502, 'P_wet': 3517.209742556998, 'P_pow': 5.9252526638667025, 'rate_power': 1.198348846116529}. Best is trial 788 with value: 0.608348636891553.
[I 2026-05-22 17:54:34,097] Trial 863 finished with value: 0.6075919386069734 and parameters: {'P_amp': 0.745011454983155, 'P_wet': 2837.2891128379592, 'P_pow': 5.963218038335011, 'rate_power': 1.1704338305906197}. Best is trial 788 with value: 0.608348636891553.
[I 2026-05-22 17:54:34,389] Trial 864 finished with value: 0.6059826397196948 and parameters: {'P_amp': 0.8921637973435153, 'P_wet': 1829.8227305099424, 'P_pow': 5.468512379974892, 'rate_power': 1.2323686294455949}. Best is trial 788 with value: 0.608348636891553.
[I 2026-05-22 17:54:34,682] Trial 865 finished with value: 0.6067477608422617 and parameters: {'P_amp': 0.8884339505671919, 'P_wet': 1953.4169441203983, 'P_pow': 5.8042241450722365, 'rate_power': 1.2948117911202157}. Best is trial 788 with value: 0.608348636891553.
[I 2026-05-22 17:54:34,981] Trial 866 finished with value: 0.5856834693726203 and parameters: {'P_amp': 0.2704743877079117, 'P_wet': 5218.852865721753, 'P_pow': 3.0525121288339347, 'rate_power': 0.7662700916145249}. Best is trial 788 with value: 0.608348636891553.
[I 2026-05-22 17:54:35,280] Trial 867 finished with value: 0.6078374545283175 and parameters: {'P_amp': 0.7491742338034342, 'P_wet': 2550.255485303345, 'P_pow': 5.134000076387789, 'rate_power': 1.2740535836781501}. Best is trial 788 with value: 0.608348636891553.
[I 2026-05-22 17:54:35,578] Trial 868 finished with value: 0.6079789558102379 and parameters: {'P_amp': 0.8945012684855316, 'P_wet': 2803.9357891023687, 'P_pow': 5.9169059310548215, 'rate_power': 1.1989340413924803}. Best is trial 788 with value: 0.608348636891553.
[I 2026-05-22 17:54:35,878] Trial 869 finished with value: 0.6079138460270521 and parameters: {'P_amp': 0.8153303953908984, 'P_wet': 2442.028790142015, 'P_pow': 5.105912456416969, 'rate_power': 1.215916663522787}. Best is trial 788 with value: 0.608348636891553.
[I 2026-05-22 17:54:36,177] Trial 870 finished with value: 0.6082399656529669 and parameters: {'P_amp': 0.8916907734472448, 'P_wet': 2218.17331292617, 'P_pow': 5.916541620865975, 'rate_power': 1.233966257927812}. Best is trial 788 with value: 0.608348636891553.
[I 2026-05-22 17:54:36,477] Trial 871 finished with value: 0.6074272842210251 and parameters: {'P_amp': 0.8949209266938846, 'P_wet': 1952.6502038907045, 'P_pow': 5.9254109653977025, 'rate_power': 1.154312328167254}. Best is trial 788 with value: 0.608348636891553.
[I 2026-05-22 17:54:36,776] Trial 872 finished with value: 0.6074158231426585 and parameters: {'P_amp': 0.8901750014319016, 'P_wet': 3835.4656275054854, 'P_pow': 5.158857982073361, 'rate_power': 1.199586087349295}. Best is trial 788 with value: 0.608348636891553.
[I 2026-05-22 17:54:37,076] Trial 873 finished with value: 0.6081843464424717 and parameters: {'P_amp': 0.8997653142399986, 'P_wet': 2283.0375255812787, 'P_pow': 5.710725444173808, 'rate_power': 1.2046932692447163}. Best is trial 788 with value: 0.608348636891553.
[I 2026-05-22 17:54:37,374] Trial 874 finished with value: 0.6076946940447607 and parameters: {'P_amp': 0.8997885094574021, 'P_wet': 2821.3482634251945, 'P_pow': 4.7283923319022385, 'rate_power': 1.2909063521138424}. Best is trial 788 with value: 0.608348636891553.
[I 2026-05-22 17:54:37,675] Trial 875 finished with value: 0.60803148235187 and parameters: {'P_amp': 0.882920252813318, 'P_wet': 2713.944502558672, 'P_pow': 5.197680070468859, 'rate_power': 1.2347729843372777}. Best is trial 788 with value: 0.608348636891553.
[I 2026-05-22 17:54:37,967] Trial 876 finished with value: 0.6004246860456701 and parameters: {'P_amp': 0.8987412273615041, 'P_wet': 1512.4219013161985, 'P_pow': 5.073102813971909, 'rate_power': 1.1875138822455924}. Best is trial 788 with value: 0.608348636891553.
[I 2026-05-22 17:54:38,259] Trial 877 finished with value: 0.6034391351576768 and parameters: {'P_amp': 0.14291450220880442, 'P_wet': 910.3568933672539, 'P_pow': 5.975517582132807, 'rate_power': 1.171271516735001}. Best is trial 788 with value: 0.608348636891553.
[I 2026-05-22 17:54:38,551] Trial 878 finished with value: 0.6069359258752899 and parameters: {'P_amp': 0.8984806152588249, 'P_wet': 2064.4296526898147, 'P_pow': 5.348725379507762, 'rate_power': 1.2849281492895663}. Best is trial 788 with value: 0.608348636891553.
[I 2026-05-22 17:54:38,846] Trial 879 finished with value: 0.6076783889007 and parameters: {'P_amp': 0.8950424011775948, 'P_wet': 2084.08978172508, 'P_pow': 5.9913394196539675, 'rate_power': 1.2839347466795854}. Best is trial 788 with value: 0.608348636891553.
[I 2026-05-22 17:54:39,139] Trial 880 finished with value: 0.608169012934377 and parameters: {'P_amp': 0.8441048367867731, 'P_wet': 2157.29721709895, 'P_pow': 5.988212021719079, 'rate_power': 1.230272238667324}. Best is trial 788 with value: 0.608348636891553.
[I 2026-05-22 17:54:39,430] Trial 881 finished with value: 0.6073661683904537 and parameters: {'P_amp': 0.7805445622105008, 'P_wet': 2932.939270542172, 'P_pow': 5.071142373231993, 'rate_power': 1.1637120857536498}. Best is trial 788 with value: 0.608348636891553.
[I 2026-05-22 17:54:39,719] Trial 882 finished with value: 0.6082167852111218 and parameters: {'P_amp': 0.8918009014691934, 'P_wet': 2279.5840720826545, 'P_pow': 5.981077498230471, 'rate_power': 1.1883953686460034}. Best is trial 788 with value: 0.608348636891553.
[I 2026-05-22 17:54:40,012] Trial 883 finished with value: 0.5216135022638629 and parameters: {'P_amp': 0.8735286268193098, 'P_wet': 331.1592817472733, 'P_pow': 2.7738033754852824, 'rate_power': 0.9695293987559394}. Best is trial 788 with value: 0.608348636891553.
[I 2026-05-22 17:54:40,303] Trial 884 finished with value: 0.6078986802690065 and parameters: {'P_amp': 0.8955082656667056, 'P_wet': 2385.5979795826147, 'P_pow': 5.214693227259756, 'rate_power': 1.192214729345417}. Best is trial 788 with value: 0.608348636891553.
[I 2026-05-22 17:54:40,595] Trial 885 finished with value: 0.6066061836616506 and parameters: {'P_amp': 0.776783091714361, 'P_wet': 1946.209205671396, 'P_pow': 5.8726939291401, 'rate_power': 1.0798043895508254}. Best is trial 788 with value: 0.608348636891553.
[I 2026-05-22 17:54:40,886] Trial 886 finished with value: 0.6074011395973209 and parameters: {'P_amp': 0.8971437354536175, 'P_wet': 2468.4880885090665, 'P_pow': 5.080984425312262, 'rate_power': 1.1363734806010088}. Best is trial 788 with value: 0.608348636891553.
[I 2026-05-22 17:54:41,179] Trial 887 finished with value: 0.6080010724282867 and parameters: {'P_amp': 0.7802094809179186, 'P_wet': 2082.038361960861, 'P_pow': 5.949737060352477, 'rate_power': 1.2024404677214608}. Best is trial 788 with value: 0.608348636891553.
[I 2026-05-22 17:54:41,474] Trial 888 finished with value: 0.6076335803074809 and parameters: {'P_amp': 0.7084438784554008, 'P_wet': 3763.4047880644266, 'P_pow': 5.970362684265853, 'rate_power': 1.2545439097627795}. Best is trial 788 with value: 0.608348636891553.
[I 2026-05-22 17:54:41,774] Trial 889 finished with value: 0.607802379141702 and parameters: {'P_amp': 0.7659469795255284, 'P_wet': 2896.5322048166895, 'P_pow': 5.956542010277047, 'rate_power': 1.200604233742544}. Best is trial 788 with value: 0.608348636891553.
[I 2026-05-22 17:54:42,071] Trial 890 finished with value: 0.6017119743292605 and parameters: {'P_amp': 0.30306446592853276, 'P_wet': 1237.9515249598953, 'P_pow': 1.941504096140548, 'rate_power': 1.2348006613360376}. Best is trial 788 with value: 0.608348636891553.
[I 2026-05-22 17:54:42,369] Trial 891 finished with value: 0.5931144128758501 and parameters: {'P_amp': 0.7504688053134634, 'P_wet': 1230.57211816729, 'P_pow': 5.973376430416567, 'rate_power': 1.2087871093386393}. Best is trial 788 with value: 0.608348636891553.
[I 2026-05-22 17:54:42,668] Trial 892 finished with value: 0.604179966259978 and parameters: {'P_amp': 0.7559440759229461, 'P_wet': 1568.855194959172, 'P_pow': 5.962692464781443, 'rate_power': 1.1465029935640936}. Best is trial 788 with value: 0.608348636891553.
[I 2026-05-22 17:54:42,968] Trial 893 finished with value: 0.6076759488768132 and parameters: {'P_amp': 0.5337748906967261, 'P_wet': 2992.5650800038707, 'P_pow': 5.820809484175356, 'rate_power': 1.2987601041249246}. Best is trial 788 with value: 0.608348636891553.
[I 2026-05-22 17:54:43,265] Trial 894 finished with value: 0.5989977520920644 and parameters: {'P_amp': 0.706659625903183, 'P_wet': 1358.2504713536566, 'P_pow': 5.043162340139549, 'rate_power': 1.164433847130244}. Best is trial 788 with value: 0.608348636891553.
[I 2026-05-22 17:54:43,560] Trial 895 finished with value: 0.6076378170996577 and parameters: {'P_amp': 0.8939923890728423, 'P_wet': 2319.0884513797882, 'P_pow': 4.945719724097599, 'rate_power': 1.2447444558641643}. Best is trial 788 with value: 0.608348636891553.
[I 2026-05-22 17:54:43,851] Trial 896 finished with value: 0.596649415863246 and parameters: {'P_amp': 0.8390178215513261, 'P_wet': 1429.7451356916652, 'P_pow': 3.83023843729907, 'rate_power': 1.1837508606836495}. Best is trial 788 with value: 0.608348636891553.
[I 2026-05-22 17:54:44,142] Trial 897 finished with value: 0.60044365282732 and parameters: {'P_amp': 0.7675837923329851, 'P_wet': 1493.044216386923, 'P_pow': 5.713907268730897, 'rate_power': 1.2925320907346962}. Best is trial 788 with value: 0.608348636891553.
[I 2026-05-22 17:54:44,433] Trial 898 finished with value: 0.6074617985577189 and parameters: {'P_amp': 0.8953539214034295, 'P_wet': 5604.2243783042795, 'P_pow': 5.937189654750605, 'rate_power': 1.2288404677135734}. Best is trial 788 with value: 0.608348636891553.
[I 2026-05-22 17:54:44,732] Trial 899 finished with value: 0.6076920742768062 and parameters: {'P_amp': 0.7893463849800216, 'P_wet': 3663.21284195674, 'P_pow': 5.99917148967564, 'rate_power': 1.258311752992262}. Best is trial 788 with value: 0.608348636891553.
[I 2026-05-22 17:54:45,031] Trial 900 finished with value: 0.6028913489628454 and parameters: {'P_amp': 0.7620405043156101, 'P_wet': 1561.6571056501084, 'P_pow': 5.961470162980093, 'rate_power': 1.2727623709453728}. Best is trial 788 with value: 0.608348636891553.
[I 2026-05-22 17:54:45,325] Trial 901 finished with value: 0.5991592251364855 and parameters: {'P_amp': 0.896639632069319, 'P_wet': 1459.4280422720533, 'P_pow': 5.406103833279515, 'rate_power': 1.2021863135563582}. Best is trial 788 with value: 0.608348636891553.
[I 2026-05-22 17:54:45,618] Trial 902 finished with value: 0.6079482590183173 and parameters: {'P_amp': 0.7594764798817757, 'P_wet': 2555.255257771645, 'P_pow': 5.964086767638089, 'rate_power': 1.187358671374965}. Best is trial 788 with value: 0.608348636891553.
