[I 2026-05-22 17:57:51,678] Trial 514 finished with value: 0.6082721042133975 and parameters: {'WG_amp': 0.7228352420783274, 'WG_Phalf': 147.31726647801943, 'WG_k': 68.57850697429623, 'WG_c': 1.1772242341419739, 'rate_power': 1.1038439418794794}. Best is trial 485 with value: 0.6102296761406969.
[I 2026-05-22 17:57:51,963] Trial 515 finished with value: 0.5983224862514278 and parameters: {'WG_amp': 0.43871139758383004, 'WG_Phalf': 164.38619994018035, 'WG_k': 0.011059138865091047, 'WG_c': 0.0005822945779491426, 'rate_power': 1.2490841536549238}. Best is trial 485 with value: 0.6102296761406969.
[I 2026-05-22 17:57:52,252] Trial 516 finished with value: 0.5931667695314369 and parameters: {'WG_amp': 0.8260018597049812, 'WG_Phalf': 103.03160100791128, 'WG_k': 12.47414869752276, 'WG_c': 0.2497138170792482, 'rate_power': 1.1420768135452954}. Best is trial 485 with value: 0.6102296761406969.
[I 2026-05-22 17:57:52,541] Trial 517 finished with value: 0.6064799110426915 and parameters: {'WG_amp': 0.7825582089688076, 'WG_Phalf': 102.11228298310405, 'WG_k': 44.732743863381216, 'WG_c': 4.299586526065436, 'rate_power': 1.145827820094149}. Best is trial 485 with value: 0.6102296761406969.
[I 2026-05-22 17:57:52,829] Trial 518 finished with value: 0.6081173387354001 and parameters: {'WG_amp': 0.7459073416087403, 'WG_Phalf': 225.45092845888266, 'WG_k': 5.513657369009876, 'WG_c': 1.4565009642956657, 'rate_power': 1.1698661744686265}. Best is trial 485 with value: 0.6102296761406969.
[I 2026-05-22 17:57:53,118] Trial 519 finished with value: 0.5828386573334933 and parameters: {'WG_amp': 0.8995658606819852, 'WG_Phalf': 250.06834621618574, 'WG_k': 11.48120251075115, 'WG_c': 0.11919037801533323, 'rate_power': 1.096395532185034}. Best is trial 485 with value: 0.6102296761406969.
[I 2026-05-22 17:57:53,409] Trial 520 finished with value: 0.5944811206229449 and parameters: {'WG_amp': 0.897237838027164, 'WG_Phalf': 222.60777419032306, 'WG_k': 35.83151643135544, 'WG_c': 0.23930209504445468, 'rate_power': 1.1112243910653739}. Best is trial 485 with value: 0.6102296761406969.
[I 2026-05-22 17:57:53,705] Trial 521 finished with value: 0.5980058642749396 and parameters: {'WG_amp': 0.7459416812877931, 'WG_Phalf': 1133.1469587484924, 'WG_k': 13.09602726766611, 'WG_c': 0.0001252915016661795, 'rate_power': 1.0004986812483623}. Best is trial 485 with value: 0.6102296761406969.
[I 2026-05-22 17:57:53,992] Trial 522 finished with value: 0.6073387532450697 and parameters: {'WG_amp': 0.7446447526412845, 'WG_Phalf': 103.28679656381517, 'WG_k': 6.781939454795363, 'WG_c': 0.6285766406197573, 'rate_power': 1.1903056177518698}. Best is trial 485 with value: 0.6102296761406969.
[I 2026-05-22 17:57:54,282] Trial 523 finished with value: 0.6100781863185084 and parameters: {'WG_amp': 0.7693731321389906, 'WG_Phalf': 124.38398869826814, 'WG_k': 15.481178238302592, 'WG_c': 0.8644794679577359, 'rate_power': 1.1780539660807336}. Best is trial 485 with value: 0.6102296761406969.
[I 2026-05-22 17:57:54,568] Trial 524 finished with value: 0.6022995043605262 and parameters: {'WG_amp': 0.5838161718849542, 'WG_Phalf': 142.48183343260516, 'WG_k': 3.641955400569474, 'WG_c': 0.3234625705869254, 'rate_power': 1.118851763179622}. Best is trial 485 with value: 0.6102296761406969.
[I 2026-05-22 17:57:54,853] Trial 525 finished with value: 0.6089567568022604 and parameters: {'WG_amp': 0.8101762839423303, 'WG_Phalf': 116.75642074640302, 'WG_k': 83.50847024880439, 'WG_c': 0.6945160151695207, 'rate_power': 1.1382138718719803}. Best is trial 485 with value: 0.6102296761406969.
[I 2026-05-22 17:57:55,141] Trial 526 finished with value: 0.5917933262333887 and parameters: {'WG_amp': 0.8866111347272636, 'WG_Phalf': 140.214370460269, 'WG_k': 11.010952766876466, 'WG_c': 0.28248363042433583, 'rate_power': 1.2064905041553073}. Best is trial 485 with value: 0.6102296761406969.
[I 2026-05-22 17:57:55,432] Trial 527 finished with value: 0.5968528850272593 and parameters: {'WG_amp': 0.43246151620003925, 'WG_Phalf': 542.6856678813868, 'WG_k': 65.6009154392653, 'WG_c': 0.0012815706317310211, 'rate_power': 0.8527510156481991}. Best is trial 485 with value: 0.6102296761406969.
[I 2026-05-22 17:57:55,720] Trial 528 finished with value: 0.606825961460323 and parameters: {'WG_amp': 0.7884407541919114, 'WG_Phalf': 165.90962396269873, 'WG_k': 22.911825263130584, 'WG_c': 1.867635903824067, 'rate_power': 1.1618168570698808}. Best is trial 485 with value: 0.6102296761406969.
[I 2026-05-22 17:57:56,006] Trial 529 finished with value: 0.6020351111953062 and parameters: {'WG_amp': 0.038359377099865866, 'WG_Phalf': 311.6152127953628, 'WG_k': 29.627543473774526, 'WG_c': 1.907921434342398, 'rate_power': 0.9919037632668337}. Best is trial 485 with value: 0.6102296761406969.
[I 2026-05-22 17:57:56,294] Trial 530 finished with value: 0.5813386363341783 and parameters: {'WG_amp': 0.5098790394585132, 'WG_Phalf': 130.5178272780375, 'WG_k': 9.528229919982536, 'WG_c': 0.023227750668962013, 'rate_power': 1.2979042001375563}. Best is trial 485 with value: 0.6102296761406969.
[I 2026-05-22 17:57:56,577] Trial 531 finished with value: 0.6091764644083579 and parameters: {'WG_amp': 0.8763664631123488, 'WG_Phalf': 255.92546174380092, 'WG_k': 16.417034079683276, 'WG_c': 0.6758091853674998, 'rate_power': 1.125698549609864}. Best is trial 485 with value: 0.6102296761406969.
[I 2026-05-22 17:57:56,865] Trial 532 finished with value: 0.5945135574488541 and parameters: {'WG_amp': 0.7646534481490325, 'WG_Phalf': 156.30501511861786, 'WG_k': 3.825134027429708, 'WG_c': 0.2350783804895251, 'rate_power': 1.1227387328314002}. Best is trial 485 with value: 0.6102296761406969.
[I 2026-05-22 17:57:57,157] Trial 533 finished with value: 0.6075632016896753 and parameters: {'WG_amp': 0.709895301594565, 'WG_Phalf': 154.84099979573236, 'WG_k': 2.7788741810455884, 'WG_c': 1.502313957545748, 'rate_power': 1.093787717405284}. Best is trial 485 with value: 0.6102296761406969.
[I 2026-05-22 17:57:57,450] Trial 534 finished with value: 0.6080361962199621 and parameters: {'WG_amp': 0.736906518278867, 'WG_Phalf': 244.8072397647686, 'WG_k': 44.638004589799806, 'WG_c': 1.141938463295878, 'rate_power': 1.0772414600787052}. Best is trial 485 with value: 0.6102296761406969.
[I 2026-05-22 17:57:57,737] Trial 535 finished with value: 0.5921651345461431 and parameters: {'WG_amp': 0.8913374154336329, 'WG_Phalf': 824.2266110579649, 'WG_k': 22.287586234124685, 'WG_c': 0.0025677459167805037, 'rate_power': 0.7806888346639422}. Best is trial 485 with value: 0.6102296761406969.
[I 2026-05-22 17:57:58,034] Trial 536 finished with value: 0.5989433321658437 and parameters: {'WG_amp': 0.8826801656341303, 'WG_Phalf': 166.65391425145995, 'WG_k': 65.93363762408096, 'WG_c': 0.3294784773648427, 'rate_power': 1.1278406642380212}. Best is trial 485 with value: 0.6102296761406969.
[I 2026-05-22 17:57:58,324] Trial 537 finished with value: 0.5777423020882826 and parameters: {'WG_amp': 0.8619703662522226, 'WG_Phalf': 373.64163830709106, 'WG_k': 5.6070117637245955, 'WG_c': 0.06469562513977387, 'rate_power': 1.2186608802939898}. Best is trial 485 with value: 0.6102296761406969.
[I 2026-05-22 17:57:58,620] Trial 538 finished with value: 0.6095307613089915 and parameters: {'WG_amp': 0.679555434344874, 'WG_Phalf': 136.82198502002498, 'WG_k': 18.058092969302134, 'WG_c': 0.7600124249125058, 'rate_power': 1.1907012749512236}. Best is trial 485 with value: 0.6102296761406969.
[I 2026-05-22 17:57:58,911] Trial 539 finished with value: 0.6072110772036194 and parameters: {'WG_amp': 0.8335956400011567, 'WG_Phalf': 110.76654185810024, 'WG_k': 36.783386455297794, 'WG_c': 1.9012023277100394, 'rate_power': 1.1918548613440034}. Best is trial 485 with value: 0.6102296761406969.
[I 2026-05-22 17:57:59,199] Trial 540 finished with value: 0.5997182940395198 and parameters: {'WG_amp': 0.5371721442190507, 'WG_Phalf': 3168.2729413283296, 'WG_k': 38.1050861121507, 'WG_c': 0.0002791014547872636, 'rate_power': 0.9190362678439226}. Best is trial 485 with value: 0.6102296761406969.
[I 2026-05-22 17:57:59,488] Trial 541 finished with value: 0.6038650346082011 and parameters: {'WG_amp': 0.8964232230956437, 'WG_Phalf': 1111.2129244739997, 'WG_k': 2.0802794228740993, 'WG_c': 0.46626017911065193, 'rate_power': 1.1220701286105343}. Best is trial 485 with value: 0.6102296761406969.
[I 2026-05-22 17:57:59,775] Trial 542 finished with value: 0.6074555226010403 and parameters: {'WG_amp': 0.8886650803622658, 'WG_Phalf': 103.31276058270801, 'WG_k': 13.1628945444111, 'WG_c': 3.1995048524298957, 'rate_power': 1.266786887227746}. Best is trial 485 with value: 0.6102296761406969.
[I 2026-05-22 17:58:00,065] Trial 543 finished with value: 0.5947772777630577 and parameters: {'WG_amp': 0.6730608272265459, 'WG_Phalf': 160.8375202122679, 'WG_k': 7.5557490568007655, 'WG_c': 0.07741487887270897, 'rate_power': 0.9760121989795276}. Best is trial 485 with value: 0.6102296761406969.
[I 2026-05-22 17:58:00,357] Trial 544 finished with value: 0.6029033361029293 and parameters: {'WG_amp': 0.35402474469067424, 'WG_Phalf': 103.62651235297564, 'WG_k': 0.2162372457158439, 'WG_c': 0.005250123959479651, 'rate_power': 1.1392661806087199}. Best is trial 485 with value: 0.6102296761406969.
[I 2026-05-22 17:58:00,645] Trial 545 finished with value: 0.6063477208002118 and parameters: {'WG_amp': 0.8624413249800562, 'WG_Phalf': 336.4708575466575, 'WG_k': 17.44195430416214, 'WG_c': 1.4500481767555387, 'rate_power': 1.075937933653025}. Best is trial 485 with value: 0.6102296761406969.
[I 2026-05-22 17:58:00,934] Trial 546 finished with value: 0.6080669899262884 and parameters: {'WG_amp': 0.7366558641663159, 'WG_Phalf': 244.60008987706928, 'WG_k': 9.590059488251313, 'WG_c': 1.559655025168478, 'rate_power': 1.2560223967338677}. Best is trial 485 with value: 0.6102296761406969.
[I 2026-05-22 17:58:01,223] Trial 547 finished with value: 0.6032029322298096 and parameters: {'WG_amp': 0.8519162062755131, 'WG_Phalf': 111.76974415547328, 'WG_k': 16.606272874289594, 'WG_c': 0.43626767653017134, 'rate_power': 1.149083286644581}. Best is trial 485 with value: 0.6102296761406969.
[I 2026-05-22 17:58:01,512] Trial 548 finished with value: 0.5845705464537594 and parameters: {'WG_amp': 0.6664918498406425, 'WG_Phalf': 403.13233381577584, 'WG_k': 9.854056395079793, 'WG_c': 0.0002322314257967551, 'rate_power': 1.1861012633106753}. Best is trial 485 with value: 0.6102296761406969.
[I 2026-05-22 17:58:01,812] Trial 549 finished with value: 0.6062810621384642 and parameters: {'WG_amp': 0.8429296408035464, 'WG_Phalf': 100.78426138062949, 'WG_k': 8.371055312949453, 'WG_c': 0.5551127262659711, 'rate_power': 1.152435038841734}. Best is trial 485 with value: 0.6102296761406969.
[I 2026-05-22 17:58:02,102] Trial 550 finished with value: 0.607158952777646 and parameters: {'WG_amp': 0.6729883801807953, 'WG_Phalf': 181.59025868304045, 'WG_k': 4.509446202372797, 'WG_c': 2.058662991187747, 'rate_power': 1.1814272406915485}. Best is trial 485 with value: 0.6102296761406969.
[I 2026-05-22 17:58:02,390] Trial 551 finished with value: 0.6077428835102293 and parameters: {'WG_amp': 0.8977982293604477, 'WG_Phalf': 543.3873962019561, 'WG_k': 11.076806350893683, 'WG_c': 1.5379925411186766, 'rate_power': 1.1783245975556855}. Best is trial 485 with value: 0.6102296761406969.
[I 2026-05-22 17:58:02,679] Trial 552 finished with value: 0.6078592812147893 and parameters: {'WG_amp': 0.6966572287759671, 'WG_Phalf': 303.8506038924, 'WG_k': 13.444326298421851, 'WG_c': 0.8855554819261441, 'rate_power': 1.0207184293101785}. Best is trial 485 with value: 0.6102296761406969.
[I 2026-05-22 17:58:02,965] Trial 553 finished with value: 0.607405104900515 and parameters: {'WG_amp': 0.8847808085690442, 'WG_Phalf': 258.10905396930104, 'WG_k': 3.293592776497603, 'WG_c': 7.355289553615831, 'rate_power': 1.2224138544906027}. Best is trial 485 with value: 0.6102296761406969.
[I 2026-05-22 17:58:03,255] Trial 554 finished with value: 0.6048201091861514 and parameters: {'WG_amp': 0.7415631473211576, 'WG_Phalf': 118.33041026381301, 'WG_k': 3.197561940934855, 'WG_c': 0.4652671027380779, 'rate_power': 0.9550875241598197}. Best is trial 485 with value: 0.6102296761406969.
[I 2026-05-22 17:58:03,546] Trial 555 finished with value: 0.6083761312708597 and parameters: {'WG_amp': 0.8878827639831668, 'WG_Phalf': 150.67953628492324, 'WG_k': 3.767029868673731, 'WG_c': 0.909260847188851, 'rate_power': 1.176668620229676}. Best is trial 485 with value: 0.6102296761406969.
[I 2026-05-22 17:58:03,837] Trial 556 finished with value: 0.6101179676982084 and parameters: {'WG_amp': 0.8855743412112147, 'WG_Phalf': 311.8346517695992, 'WG_k': 14.641612261068186, 'WG_c': 0.8218850649072056, 'rate_power': 1.1155176608285717}. Best is trial 485 with value: 0.6102296761406969.
[I 2026-05-22 17:58:04,127] Trial 557 finished with value: 0.6061053374133869 and parameters: {'WG_amp': 0.8236415340935938, 'WG_Phalf': 257.24402700496523, 'WG_k': 40.66227652675935, 'WG_c': 5.469399502274467, 'rate_power': 1.1226094722895479}. Best is trial 485 with value: 0.6102296761406969.
[I 2026-05-22 17:58:04,416] Trial 558 finished with value: 0.5988205220158614 and parameters: {'WG_amp': 0.8888929147263804, 'WG_Phalf': 433.8836382598973, 'WG_k': 20.83630509791656, 'WG_c': 2.8536641166348384, 'rate_power': 0.9298173557904338}. Best is trial 485 with value: 0.6102296761406969.
[I 2026-05-22 17:58:04,855] Trial 559 finished with value: 0.6040065462097801 and parameters: {'WG_amp': 0.28711236658263994, 'WG_Phalf': 1520.2818791051461, 'WG_k': 0.17320914966424075, 'WG_c': 0.012315995829888262, 'rate_power': 1.0350251130012955}. Best is trial 485 with value: 0.6102296761406969.
[I 2026-05-22 17:58:05,260] Trial 560 finished with value: 0.6062952866937072 and parameters: {'WG_amp': 0.8901834506500839, 'WG_Phalf': 175.2070735076907, 'WG_k': 23.40180458772609, 'WG_c': 0.5551437513981322, 'rate_power': 1.162400759577701}. Best is trial 485 with value: 0.6102296761406969.
[I 2026-05-22 17:58:05,686] Trial 561 finished with value: 0.5937400175258395 and parameters: {'WG_amp': 0.6469318319743803, 'WG_Phalf': 241.60854218565277, 'WG_k': 1.1898019286904453, 'WG_c': 0.3142124420825782, 'rate_power': 1.2620940264136018}. Best is trial 485 with value: 0.6102296761406969.
[I 2026-05-22 17:58:06,035] Trial 562 finished with value: 0.6052185913817273 and parameters: {'WG_amp': 0.891694970319763, 'WG_Phalf': 517.3703099102383, 'WG_k': 10.111081740327473, 'WG_c': 0.41176733696092305, 'rate_power': 1.0992125198424745}. Best is trial 485 with value: 0.6102296761406969.
[I 2026-05-22 17:58:06,361] Trial 563 finished with value: 0.6056974903695627 and parameters: {'WG_amp': 0.7135316494030004, 'WG_Phalf': 277.9176283656312, 'WG_k': 12.860144874860735, 'WG_c': 6.594693450267579, 'rate_power': 1.1011375140238768}. Best is trial 485 with value: 0.6102296761406969.
[I 2026-05-22 17:58:06,710] Trial 564 finished with value: 0.6004864651423506 and parameters: {'WG_amp': 0.8478179754116204, 'WG_Phalf': 111.5967205653943, 'WG_k': 1.3121844636753675, 'WG_c': 0.6732012018329884, 'rate_power': 1.060721715290399}. Best is trial 485 with value: 0.6102296761406969.
[I 2026-05-22 17:58:07,185] Trial 565 finished with value: 0.6088655800652976 and parameters: {'WG_amp': 0.7795899306831804, 'WG_Phalf': 232.83619749390124, 'WG_k': 6.615576310583199, 'WG_c': 0.7119210990529814, 'rate_power': 1.1768955402470775}. Best is trial 485 with value: 0.6102296761406969.
[I 2026-05-22 17:58:07,561] Trial 566 finished with value: 0.6074908740165254 and parameters: {'WG_amp': 0.8949030857060659, 'WG_Phalf': 383.7496791108057, 'WG_k': 29.08379418059003, 'WG_c': 1.2561554554794485, 'rate_power': 1.0735455258413333}. Best is trial 485 with value: 0.6102296761406969.
[I 2026-05-22 17:58:07,865] Trial 567 finished with value: 0.5883344285406793 and parameters: {'WG_amp': 0.8962579415040983, 'WG_Phalf': 401.0146263992403, 'WG_k': 9.548908060720976, 'WG_c': 0.09738248810797803, 'rate_power': 1.0446493031829094}. Best is trial 485 with value: 0.6102296761406969.
[I 2026-05-22 17:58:08,205] Trial 568 finished with value: 0.6047837355607772 and parameters: {'WG_amp': 0.8777810457622277, 'WG_Phalf': 267.0467982953744, 'WG_k': 6.6819955294943725, 'WG_c': 2.3956370262710194, 'rate_power': 1.0627806806798636}. Best is trial 485 with value: 0.6102296761406969.
[I 2026-05-22 17:58:08,520] Trial 569 finished with value: 0.5949456470160929 and parameters: {'WG_amp': 0.7089995805413829, 'WG_Phalf': 216.36119544441212, 'WG_k': 26.857593590857853, 'WG_c': 0.2039981483205649, 'rate_power': 1.2005360555341291}. Best is trial 485 with value: 0.6102296761406969.
[I 2026-05-22 17:58:08,959] Trial 570 finished with value: 0.6075022244880403 and parameters: {'WG_amp': 0.7806915785084555, 'WG_Phalf': 100.4798568507661, 'WG_k': 16.496346629900334, 'WG_c': 1.204639278878028, 'rate_power': 1.05007537505711}. Best is trial 485 with value: 0.6102296761406969.
[I 2026-05-22 17:58:09,344] Trial 571 finished with value: 0.5827563218155919 and parameters: {'WG_amp': 0.8154351052661316, 'WG_Phalf': 167.27477411374684, 'WG_k': 79.9282539143588, 'WG_c': 0.0593137065389477, 'rate_power': 1.0004627147562146}. Best is trial 485 with value: 0.6102296761406969.
[I 2026-05-22 17:58:09,679] Trial 572 finished with value: 0.607480690109941 and parameters: {'WG_amp': 0.8584474325065735, 'WG_Phalf': 351.4265069018605, 'WG_k': 14.124379143317833, 'WG_c': 6.610419530515461, 'rate_power': 1.2719054596655448}. Best is trial 485 with value: 0.6102296761406969.
[I 2026-05-22 17:58:10,058] Trial 573 finished with value: 0.6048124665451089 and parameters: {'WG_amp': 0.7391255304312554, 'WG_Phalf': 250.88798882727673, 'WG_k': 14.88512841108599, 'WG_c': 0.41762762708326684, 'rate_power': 1.1686930429756637}. Best is trial 485 with value: 0.6102296761406969.
[I 2026-05-22 17:58:10,417] Trial 574 finished with value: 0.6078359312676782 and parameters: {'WG_amp': 0.8749022585473472, 'WG_Phalf': 206.7801451670266, 'WG_k': 85.79478758202198, 'WG_c': 0.6427294620168105, 'rate_power': 1.175258550636744}. Best is trial 485 with value: 0.6102296761406969.
[I 2026-05-22 17:58:10,786] Trial 575 finished with value: 0.5991842099621549 and parameters: {'WG_amp': 0.898740774450105, 'WG_Phalf': 233.9390715749821, 'WG_k': 10.446335733973468, 'WG_c': 0.3255386058560126, 'rate_power': 1.1157108382741252}. Best is trial 485 with value: 0.6102296761406969.
[I 2026-05-22 17:58:11,149] Trial 576 finished with value: 0.6042250512254264 and parameters: {'WG_amp': 0.6005229554254745, 'WG_Phalf': 1984.2003582218626, 'WG_k': 0.012214998700757098, 'WG_c': 1.1953719566537075, 'rate_power': 1.1271687941982915}. Best is trial 485 with value: 0.6102296761406969.
[I 2026-05-22 17:58:11,562] Trial 577 finished with value: 0.5978913301897674 and parameters: {'WG_amp': 0.8737424426134012, 'WG_Phalf': 123.89957441865032, 'WG_k': 2.1114923364925877, 'WG_c': 0.7412892521681407, 'rate_power': 1.2809152532812715}. Best is trial 485 with value: 0.6102296761406969.
[I 2026-05-22 17:58:11,916] Trial 578 finished with value: 0.5860325837555783 and parameters: {'WG_amp': 0.212158382699165, 'WG_Phalf': 1050.959764445841, 'WG_k': 1.6723795600403233, 'WG_c': 0.00015431118618023667, 'rate_power': 0.7411011853397736}. Best is trial 485 with value: 0.6102296761406969.
[I 2026-05-22 17:58:12,288] Trial 579 finished with value: 0.6102826150053956 and parameters: {'WG_amp': 0.8691728201932767, 'WG_Phalf': 195.57476635795558, 'WG_k': 13.490563748862929, 'WG_c': 0.8762453489497044, 'rate_power': 1.1645003750044711}. Best is trial 579 with value: 0.6102826150053956.
[I 2026-05-22 17:58:12,656] Trial 580 finished with value: 0.6069550149801397 and parameters: {'WG_amp': 0.8896739554227695, 'WG_Phalf': 183.70670246703628, 'WG_k': 21.596348184367294, 'WG_c': 3.229621723814205, 'rate_power': 1.1825991174049277}. Best is trial 579 with value: 0.6102826150053956.
[I 2026-05-22 17:58:12,993] Trial 581 finished with value: 0.604397216258038 and parameters: {'WG_amp': 0.8626906901424481, 'WG_Phalf': 124.99491769584712, 'WG_k': 3.2381909765262256, 'WG_c': 9.401715037049751, 'rate_power': 1.0511309152806012}. Best is trial 579 with value: 0.6102826150053956.
[I 2026-05-22 17:58:13,365] Trial 582 finished with value: 0.5969373759402561 and parameters: {'WG_amp': 0.7606496235782149, 'WG_Phalf': 282.0773856953319, 'WG_k': 10.421941042549182, 'WG_c': 0.2780661619988106, 'rate_power': 1.2342104171655113}. Best is trial 579 with value: 0.6102826150053956.
[I 2026-05-22 17:58:13,693] Trial 583 finished with value: 0.6089057364168989 and parameters: {'WG_amp': 0.7235460619166718, 'WG_Phalf': 159.76686232838478, 'WG_k': 21.032575584729535, 'WG_c': 0.6547534555209801, 'rate_power': 1.1392109239789467}. Best is trial 579 with value: 0.6102826150053956.
[I 2026-05-22 17:58:14,061] Trial 584 finished with value: 0.6098036315489002 and parameters: {'WG_amp': 0.7213339976705722, 'WG_Phalf': 115.19813580301768, 'WG_k': 18.486601578931705, 'WG_c': 0.8158569012041216, 'rate_power': 1.2119358935854851}. Best is trial 579 with value: 0.6102826150053956.
[I 2026-05-22 17:58:14,511] Trial 585 finished with value: 0.6082497258885703 and parameters: {'WG_amp': 0.8046087537427205, 'WG_Phalf': 162.81844397607367, 'WG_k': 6.047016783870961, 'WG_c': 1.5077862412502414, 'rate_power': 1.200533595671908}. Best is trial 579 with value: 0.6102826150053956.
[I 2026-05-22 17:58:14,888] Trial 586 finished with value: 0.6068449379044691 and parameters: {'WG_amp': 0.6576893895523366, 'WG_Phalf': 168.65739802012283, 'WG_k': 20.092923211526674, 'WG_c': 2.050718040875031, 'rate_power': 1.167390824100341}. Best is trial 579 with value: 0.6102826150053956.
[I 2026-05-22 17:58:15,176] Trial 587 finished with value: 0.5911610027142044 and parameters: {'WG_amp': 0.5651000636156853, 'WG_Phalf': 107.90790414224386, 'WG_k': 16.517703347362872, 'WG_c': 0.09449155687118997, 'rate_power': 1.1525058919239706}. Best is trial 579 with value: 0.6102826150053956.
