[I 2026-05-22 18:05:06,215] Trial 806 finished with value: 0.6097632856654083 and parameters: {'rain_shift': 1.8078252383893267, 'ign_k': 0.5181491391503021, 'rate_power': 0.789117259279654}. Best is trial 714 with value: 0.6111263465847875.
[I 2026-05-22 18:05:06,563] Trial 807 finished with value: 0.6057854319488905 and parameters: {'rain_shift': 1.122496288045768, 'ign_k': 0.9190928647192671, 'rate_power': 0.7745864754913198}. Best is trial 714 with value: 0.6111263465847875.
[I 2026-05-22 18:05:06,912] Trial 808 finished with value: 0.5983800603766396 and parameters: {'rain_shift': 2.7334343548346247, 'ign_k': 0.3012933497498573, 'rate_power': 0.7871820394517617}. Best is trial 714 with value: 0.6111263465847875.
[I 2026-05-22 18:05:07,266] Trial 809 finished with value: 0.598411579161842 and parameters: {'rain_shift': 2.590141587327448, 'ign_k': 0.6074645507731661, 'rate_power': 0.7875521537309287}. Best is trial 714 with value: 0.6111263465847875.
[I 2026-05-22 18:05:07,617] Trial 810 finished with value: 0.5995265028525638 and parameters: {'rain_shift': 0.37519684890503413, 'ign_k': 1.0185873755927932, 'rate_power': 0.8022497209335006}. Best is trial 714 with value: 0.6111263465847875.
[I 2026-05-22 18:05:07,965] Trial 811 finished with value: 0.5683058907822689 and parameters: {'rain_shift': 3.933608274340825, 'ign_k': 0.051899349371895, 'rate_power': 0.9064203469065992}. Best is trial 714 with value: 0.6111263465847875.
[I 2026-05-22 18:05:08,315] Trial 812 finished with value: 0.6095775131086736 and parameters: {'rain_shift': 2.2443577752068284, 'ign_k': 0.5363519304924996, 'rate_power': 0.7018309896912235}. Best is trial 714 with value: 0.6111263465847875.
[I 2026-05-22 18:05:08,664] Trial 813 finished with value: 0.5856235777407095 and parameters: {'rain_shift': 2.9311959374277508, 'ign_k': 0.8848262546888651, 'rate_power': 0.7943335122758679}. Best is trial 714 with value: 0.6111263465847875.
[I 2026-05-22 18:05:09,014] Trial 814 finished with value: 0.6078424342328805 and parameters: {'rain_shift': 1.4781228615675341, 'ign_k': 0.4678931847874465, 'rate_power': 0.7565779804937602}. Best is trial 714 with value: 0.6111263465847875.
[I 2026-05-22 18:05:09,365] Trial 815 finished with value: 0.593833207885604 and parameters: {'rain_shift': 2.6186548145083055, 'ign_k': 1.1713168596341679, 'rate_power': 0.7072799218536633}. Best is trial 714 with value: 0.6111263465847875.
[I 2026-05-22 18:05:09,713] Trial 816 finished with value: 0.6096217579432669 and parameters: {'rain_shift': 1.529880265996915, 'ign_k': 0.5020862952485987, 'rate_power': 0.8538735568798463}. Best is trial 714 with value: 0.6111263465847875.
[I 2026-05-22 18:05:10,064] Trial 817 finished with value: 0.5935442299634083 and parameters: {'rain_shift': 3.2889454186812705, 'ign_k': 0.6328675278754383, 'rate_power': 0.7013679204114277}. Best is trial 714 with value: 0.6111263465847875.
[I 2026-05-22 18:05:10,413] Trial 818 finished with value: 0.5898736693791975 and parameters: {'rain_shift': 0.9657091815546796, 'ign_k': 0.322915486802132, 'rate_power': 0.774203265673043}. Best is trial 714 with value: 0.6111263465847875.
[I 2026-05-22 18:05:10,763] Trial 819 finished with value: 0.6099454320722407 and parameters: {'rain_shift': 1.5699965488848342, 'ign_k': 0.6289416204725891, 'rate_power': 0.7022826426906057}. Best is trial 714 with value: 0.6111263465847875.
[I 2026-05-22 18:05:11,112] Trial 820 finished with value: 0.5911386923263457 and parameters: {'rain_shift': 3.0002829345922963, 'ign_k': 0.22382778825634295, 'rate_power': 0.7022598572446216}. Best is trial 714 with value: 0.6111263465847875.
[I 2026-05-22 18:05:11,462] Trial 821 finished with value: 0.6007691666808046 and parameters: {'rain_shift': 2.0091744002685483, 'ign_k': 0.7510390214403069, 'rate_power': 0.8607263235290069}. Best is trial 714 with value: 0.6111263465847875.
[I 2026-05-22 18:05:11,811] Trial 822 finished with value: 0.602494596479488 and parameters: {'rain_shift': 0.763706631269782, 'ign_k': 0.7321778548931074, 'rate_power': 0.7602709571119223}. Best is trial 714 with value: 0.6111263465847875.
[I 2026-05-22 18:05:12,165] Trial 823 finished with value: 0.5962908622473659 and parameters: {'rain_shift': 0.7399083638592041, 'ign_k': 1.0454661153165583, 'rate_power': 0.700146958710254}. Best is trial 714 with value: 0.6111263465847875.
[I 2026-05-22 18:05:12,512] Trial 824 finished with value: 0.606510640242721 and parameters: {'rain_shift': 2.3303731298479655, 'ign_k': 0.4432424278268883, 'rate_power': 0.7655664400066737}. Best is trial 714 with value: 0.6111263465847875.
[I 2026-05-22 18:05:12,862] Trial 825 finished with value: 0.6059509794154533 and parameters: {'rain_shift': 1.734023428277166, 'ign_k': 0.9377799080987397, 'rate_power': 0.7736041448683821}. Best is trial 714 with value: 0.6111263465847875.
[I 2026-05-22 18:05:13,211] Trial 826 finished with value: 0.6054213042108317 and parameters: {'rain_shift': 1.5525337177959428, 'ign_k': 0.39216475824108266, 'rate_power': 0.7772690647956937}. Best is trial 714 with value: 0.6111263465847875.
[I 2026-05-22 18:05:13,560] Trial 827 finished with value: 0.5807122620117481 and parameters: {'rain_shift': 3.5164037261082144, 'ign_k': 0.9504724226884034, 'rate_power': 0.7472877457157844}. Best is trial 714 with value: 0.6111263465847875.
[I 2026-05-22 18:05:13,906] Trial 828 finished with value: 0.6077158015005409 and parameters: {'rain_shift': 0.8933750555866993, 'ign_k': 0.5944950603407605, 'rate_power': 0.8611511811386681}. Best is trial 714 with value: 0.6111263465847875.
[I 2026-05-22 18:05:14,256] Trial 829 finished with value: 0.5681456690888816 and parameters: {'rain_shift': 4.875000048539643, 'ign_k': 0.61217708603442, 'rate_power': 0.8069892110870175}. Best is trial 714 with value: 0.6111263465847875.
[I 2026-05-22 18:05:14,605] Trial 830 finished with value: 0.6054732015359539 and parameters: {'rain_shift': 1.1771389934783942, 'ign_k': 0.6893465172625909, 'rate_power': 0.7018910188770147}. Best is trial 714 with value: 0.6111263465847875.
[I 2026-05-22 18:05:14,954] Trial 831 finished with value: 0.604859267494769 and parameters: {'rain_shift': 1.3419652325736133, 'ign_k': 0.4893260009528887, 'rate_power': 0.7031770899698266}. Best is trial 714 with value: 0.6111263465847875.
[I 2026-05-22 18:05:15,303] Trial 832 finished with value: 0.5891766769854863 and parameters: {'rain_shift': 2.1518284143194943, 'ign_k': 1.3836832724102337, 'rate_power': 0.8855577524708556}. Best is trial 714 with value: 0.6111263465847875.
[I 2026-05-22 18:05:15,654] Trial 833 finished with value: 0.5925894413187485 and parameters: {'rain_shift': 3.781386389223305, 'ign_k': 0.4409077705416675, 'rate_power': 0.7000839021258515}. Best is trial 714 with value: 0.6111263465847875.
[I 2026-05-22 18:05:16,003] Trial 834 finished with value: 0.6008931945389467 and parameters: {'rain_shift': 2.6556210898008707, 'ign_k': 0.682247683078859, 'rate_power': 0.7018179833135585}. Best is trial 714 with value: 0.6111263465847875.
[I 2026-05-22 18:05:16,351] Trial 835 finished with value: 0.5936839411874482 and parameters: {'rain_shift': 3.0897459051510907, 'ign_k': 0.4623792872925903, 'rate_power': 0.7971151108642656}. Best is trial 714 with value: 0.6111263465847875.
[I 2026-05-22 18:05:16,709] Trial 836 finished with value: 0.6067694455998333 and parameters: {'rain_shift': 1.979259993788888, 'ign_k': 0.7082751932033746, 'rate_power': 0.7744524060307694}. Best is trial 714 with value: 0.6111263465847875.
[I 2026-05-22 18:05:17,064] Trial 837 finished with value: 0.6072815935531376 and parameters: {'rain_shift': 2.1036922988922813, 'ign_k': 0.6000787161141251, 'rate_power': 0.7684331287737619}. Best is trial 714 with value: 0.6111263465847875.
[I 2026-05-22 18:05:17,418] Trial 838 finished with value: 0.5760783315574807 and parameters: {'rain_shift': 5.229689424655339, 'ign_k': 0.10586781287301643, 'rate_power': 0.8204209982202786}. Best is trial 714 with value: 0.6111263465847875.
[I 2026-05-22 18:05:17,771] Trial 839 finished with value: 0.5898314960179543 and parameters: {'rain_shift': 0.781985914269157, 'ign_k': 0.445794314797653, 'rate_power': 0.7017190578579715}. Best is trial 714 with value: 0.6111263465847875.
[I 2026-05-22 18:05:18,124] Trial 840 finished with value: 0.6036881244580883 and parameters: {'rain_shift': 0.8058033522222484, 'ign_k': 0.8573568986070027, 'rate_power': 0.7885621996434597}. Best is trial 714 with value: 0.6111263465847875.
[I 2026-05-22 18:05:18,481] Trial 841 finished with value: 0.6004226154601839 and parameters: {'rain_shift': 1.7460852552707942, 'ign_k': 1.7230407423185707, 'rate_power': 0.7763866841592164}. Best is trial 714 with value: 0.6111263465847875.
[I 2026-05-22 18:05:18,836] Trial 842 finished with value: 0.5837049565564445 and parameters: {'rain_shift': 0.06496383587533061, 'ign_k': 0.5835012060814958, 'rate_power': 0.783849150107592}. Best is trial 714 with value: 0.6111263465847875.
[I 2026-05-22 18:05:19,192] Trial 843 finished with value: 0.6014147987301875 and parameters: {'rain_shift': 1.814975612466143, 'ign_k': 0.995589857642548, 'rate_power': 0.8531334995024983}. Best is trial 714 with value: 0.6111263465847875.
[I 2026-05-22 18:05:19,547] Trial 844 finished with value: 0.6041596325758242 and parameters: {'rain_shift': 2.3438204362725363, 'ign_k': 0.3765920172397602, 'rate_power': 0.7628485382278253}. Best is trial 714 with value: 0.6111263465847875.
[I 2026-05-22 18:05:19,901] Trial 845 finished with value: 0.5688496588655106 and parameters: {'rain_shift': 0.13285543391945387, 'ign_k': 0.15463867195513173, 'rate_power': 0.7842370274106003}. Best is trial 714 with value: 0.6111263465847875.
[I 2026-05-22 18:05:20,253] Trial 846 finished with value: 0.5937454478921242 and parameters: {'rain_shift': 2.5434522367056003, 'ign_k': 0.8228280482147466, 'rate_power': 0.7870615421668925}. Best is trial 714 with value: 0.6111263465847875.
[I 2026-05-22 18:05:20,603] Trial 847 finished with value: 0.5969066023389865 and parameters: {'rain_shift': 2.514596005982764, 'ign_k': 0.7715615121934111, 'rate_power': 0.7662388968140533}. Best is trial 714 with value: 0.6111263465847875.
[I 2026-05-22 18:05:20,955] Trial 848 finished with value: 0.597279510080923 and parameters: {'rain_shift': 1.501820976841919, 'ign_k': 0.3200910553334432, 'rate_power': 0.7680026402443132}. Best is trial 714 with value: 0.6111263465847875.
[I 2026-05-22 18:05:21,313] Trial 849 finished with value: 0.6095333455608561 and parameters: {'rain_shift': 1.3812489580277945, 'ign_k': 0.5553938097813572, 'rate_power': 0.7805913181406726}. Best is trial 714 with value: 0.6111263465847875.
[I 2026-05-22 18:05:21,666] Trial 850 finished with value: 0.5942656281713251 and parameters: {'rain_shift': 0.07092372054697704, 'ign_k': 2.8777773505299202, 'rate_power': 0.8110830491607666}. Best is trial 714 with value: 0.6111263465847875.
[I 2026-05-22 18:05:22,019] Trial 851 finished with value: 0.6099919642955997 and parameters: {'rain_shift': 1.624348336660763, 'ign_k': 0.7453713798386866, 'rate_power': 0.7002190214119692}. Best is trial 714 with value: 0.6111263465847875.
[I 2026-05-22 18:05:22,370] Trial 852 finished with value: 0.6094374272597654 and parameters: {'rain_shift': 1.18435859494371, 'ign_k': 0.6348829038189173, 'rate_power': 0.8259940363397551}. Best is trial 714 with value: 0.6111263465847875.
[I 2026-05-22 18:05:22,725] Trial 853 finished with value: 0.5842626942313138 and parameters: {'rain_shift': 0.23060638691865343, 'ign_k': 0.676333210274504, 'rate_power': 0.713897899840722}. Best is trial 714 with value: 0.6111263465847875.
[I 2026-05-22 18:05:23,075] Trial 854 finished with value: 0.598232519697993 and parameters: {'rain_shift': 2.4583947012157767, 'ign_k': 1.0073860022260068, 'rate_power': 0.7035612779627195}. Best is trial 714 with value: 0.6111263465847875.
[I 2026-05-22 18:05:23,431] Trial 855 finished with value: 0.5897050021971678 and parameters: {'rain_shift': 0.4124701084143607, 'ign_k': 0.3915007345190281, 'rate_power': 0.8428952345580899}. Best is trial 714 with value: 0.6111263465847875.
[I 2026-05-22 18:05:23,781] Trial 856 finished with value: 0.6100933824048792 and parameters: {'rain_shift': 1.873335008324783, 'ign_k': 0.5530833900027037, 'rate_power': 0.7658619466480281}. Best is trial 714 with value: 0.6111263465847875.
[I 2026-05-22 18:05:24,131] Trial 857 finished with value: 0.5699132654392111 and parameters: {'rain_shift': 5.683200474558109, 'ign_k': 0.14967138664635682, 'rate_power': 0.9600330324905626}. Best is trial 714 with value: 0.6111263465847875.
[I 2026-05-22 18:05:24,484] Trial 858 finished with value: 0.5933379297733177 and parameters: {'rain_shift': 2.8818208524596716, 'ign_k': 0.6713223791243075, 'rate_power': 0.7645250157207688}. Best is trial 714 with value: 0.6111263465847875.
[I 2026-05-22 18:05:24,839] Trial 859 finished with value: 0.606135941700945 and parameters: {'rain_shift': 2.034383128115176, 'ign_k': 0.49631538872798475, 'rate_power': 0.8565602659751899}. Best is trial 714 with value: 0.6111263465847875.
[I 2026-05-22 18:05:25,187] Trial 860 finished with value: 0.6047995130676707 and parameters: {'rain_shift': 2.2156563309886708, 'ign_k': 0.37695678919084874, 'rate_power': 0.7517214940022083}. Best is trial 714 with value: 0.6111263465847875.
[I 2026-05-22 18:05:25,537] Trial 861 finished with value: 0.6014201669663379 and parameters: {'rain_shift': 0.8469668014429753, 'ign_k': 1.329751440748385, 'rate_power': 0.7815823460468059}. Best is trial 714 with value: 0.6111263465847875.
[I 2026-05-22 18:05:25,894] Trial 862 finished with value: 0.6064692715652255 and parameters: {'rain_shift': 1.5935357665097487, 'ign_k': 1.0427256599262782, 'rate_power': 0.7558349280941238}. Best is trial 714 with value: 0.6111263465847875.
[I 2026-05-22 18:05:26,251] Trial 863 finished with value: 0.5975530055341323 and parameters: {'rain_shift': 3.1220662420369467, 'ign_k': 0.3745154725383857, 'rate_power': 0.77750686313493}. Best is trial 714 with value: 0.6111263465847875.
[I 2026-05-22 18:05:26,606] Trial 864 finished with value: 0.5588940674999541 and parameters: {'rain_shift': 3.844270465480205, 'ign_k': 2.7797534481132087, 'rate_power': 0.9611206190867353}. Best is trial 714 with value: 0.6111263465847875.
[I 2026-05-22 18:05:26,956] Trial 865 finished with value: 0.5968677823855127 and parameters: {'rain_shift': 0.13588859455704094, 'ign_k': 0.7763515517095703, 'rate_power': 0.8554879559522452}. Best is trial 714 with value: 0.6111263465847875.
[I 2026-05-22 18:05:27,305] Trial 866 finished with value: 0.5864706801646027 and parameters: {'rain_shift': 3.3478594991458532, 'ign_k': 0.9031546361346657, 'rate_power': 0.7063295542311785}. Best is trial 714 with value: 0.6111263465847875.
[I 2026-05-22 18:05:27,663] Trial 867 finished with value: 0.595291424192202 and parameters: {'rain_shift': 1.337942055441924, 'ign_k': 0.36333412798447995, 'rate_power': 0.7001004827540342}. Best is trial 714 with value: 0.6111263465847875.
[I 2026-05-22 18:05:28,013] Trial 868 finished with value: 0.6108289399248876 and parameters: {'rain_shift': 1.6508408803631, 'ign_k': 0.6143029888979977, 'rate_power': 0.7484258745890464}. Best is trial 714 with value: 0.6111263465847875.
[I 2026-05-22 18:05:28,361] Trial 869 finished with value: 0.5748120228273114 and parameters: {'rain_shift': 0.1365867633340192, 'ign_k': 0.3279603572159155, 'rate_power': 0.7801940632966584}. Best is trial 714 with value: 0.6111263465847875.
[I 2026-05-22 18:05:28,709] Trial 870 finished with value: 0.5770509953843321 and parameters: {'rain_shift': 3.308435804553419, 'ign_k': 0.9024472361761883, 'rate_power': 0.848739210119756}. Best is trial 714 with value: 0.6111263465847875.
[I 2026-05-22 18:05:29,058] Trial 871 finished with value: 0.6082784942600679 and parameters: {'rain_shift': 1.1990497718313646, 'ign_k': 0.7556473564672558, 'rate_power': 0.7767060543783875}. Best is trial 714 with value: 0.6111263465847875.
[I 2026-05-22 18:05:29,407] Trial 872 finished with value: 0.6051697358494519 and parameters: {'rain_shift': 1.9309237275685949, 'ign_k': 0.3758886954027848, 'rate_power': 0.8287794276583178}. Best is trial 714 with value: 0.6111263465847875.
[I 2026-05-22 18:05:29,754] Trial 873 finished with value: 0.5808170057506362 and parameters: {'rain_shift': 0.01421438424049315, 'ign_k': 0.9815972351918031, 'rate_power': 0.7012436484505381}. Best is trial 714 with value: 0.6111263465847875.
[I 2026-05-22 18:05:30,104] Trial 874 finished with value: 0.5936768485500731 and parameters: {'rain_shift': 2.679844963422385, 'ign_k': 0.5069986758567429, 'rate_power': 0.8775877761473273}. Best is trial 714 with value: 0.6111263465847875.
[I 2026-05-22 18:05:30,455] Trial 875 finished with value: 0.606389156639649 and parameters: {'rain_shift': 2.5872390118944057, 'ign_k': 0.4613042024429585, 'rate_power': 0.7059566826591355}. Best is trial 714 with value: 0.6111263465847875.
[I 2026-05-22 18:05:30,807] Trial 876 finished with value: 0.6067886017616467 and parameters: {'rain_shift': 1.0244094139420188, 'ign_k': 0.5695655051740822, 'rate_power': 0.7974292753114978}. Best is trial 714 with value: 0.6111263465847875.
[I 2026-05-22 18:05:31,158] Trial 877 finished with value: 0.6102511918073206 and parameters: {'rain_shift': 1.641969408100798, 'ign_k': 0.660893189381829, 'rate_power': 0.8076748373807083}. Best is trial 714 with value: 0.6111263465847875.
[I 2026-05-22 18:05:31,509] Trial 878 finished with value: 0.6049963148853227 and parameters: {'rain_shift': 1.4692668292504323, 'ign_k': 1.0422277410520655, 'rate_power': 0.8559103367779677}. Best is trial 714 with value: 0.6111263465847875.
[I 2026-05-22 18:05:31,859] Trial 879 finished with value: 0.6103938027560883 and parameters: {'rain_shift': 1.470802533418715, 'ign_k': 0.6441296048261542, 'rate_power': 0.7815141235596976}. Best is trial 714 with value: 0.6111263465847875.
[I 2026-05-22 18:05:32,205] Trial 880 finished with value: 0.6072984753131302 and parameters: {'rain_shift': 1.3495302201994204, 'ign_k': 0.43716560979761593, 'rate_power': 0.8362566014826709}. Best is trial 714 with value: 0.6111263465847875.
[I 2026-05-22 18:05:32,554] Trial 881 finished with value: 0.6063780145601192 and parameters: {'rain_shift': 1.0534857844647656, 'ign_k': 0.48717633110096925, 'rate_power': 0.8246826944925776}. Best is trial 714 with value: 0.6111263465847875.
[I 2026-05-22 18:05:32,904] Trial 882 finished with value: 0.5959111196471667 and parameters: {'rain_shift': 2.8088170379789323, 'ign_k': 0.4373828858950404, 'rate_power': 0.8405396758457876}. Best is trial 714 with value: 0.6111263465847875.
[I 2026-05-22 18:05:33,254] Trial 883 finished with value: 0.5951325516825393 and parameters: {'rain_shift': 2.1297337969247203, 'ign_k': 1.0096614065088774, 'rate_power': 0.845802805647574}. Best is trial 714 with value: 0.6111263465847875.
[I 2026-05-22 18:05:33,604] Trial 884 finished with value: 0.5834002547800157 and parameters: {'rain_shift': 0.11520226719557702, 'ign_k': 0.28826911740170696, 'rate_power': 0.9201815945496962}. Best is trial 714 with value: 0.6111263465847875.
[I 2026-05-22 18:05:33,955] Trial 885 finished with value: 0.6080918324195375 and parameters: {'rain_shift': 1.1017248562878792, 'ign_k': 0.7976802334800749, 'rate_power': 0.8549182612146421}. Best is trial 714 with value: 0.6111263465847875.
[I 2026-05-22 18:05:34,304] Trial 886 finished with value: 0.6046081344972967 and parameters: {'rain_shift': 0.8976798729382728, 'ign_k': 0.5840315306878021, 'rate_power': 0.7867623639559185}. Best is trial 714 with value: 0.6111263465847875.
[I 2026-05-22 18:05:34,654] Trial 887 finished with value: 0.5928938702061207 and parameters: {'rain_shift': 1.6951672374242048, 'ign_k': 0.2519356592581288, 'rate_power': 0.8106595726031451}. Best is trial 714 with value: 0.6111263465847875.
[I 2026-05-22 18:05:35,004] Trial 888 finished with value: 0.6084831312103516 and parameters: {'rain_shift': 1.353997698711437, 'ign_k': 0.509553778236297, 'rate_power': 0.778782926581854}. Best is trial 714 with value: 0.6111263465847875.
[I 2026-05-22 18:05:35,353] Trial 889 finished with value: 0.6011274457865107 and parameters: {'rain_shift': 2.554465725258495, 'ign_k': 0.5260806331452433, 'rate_power': 0.7804101568009278}. Best is trial 714 with value: 0.6111263465847875.
[I 2026-05-22 18:05:35,702] Trial 890 finished with value: 0.6007453029056524 and parameters: {'rain_shift': 2.2926032141044423, 'ign_k': 0.6569340434799994, 'rate_power': 0.8160126841800948}. Best is trial 714 with value: 0.6111263465847875.
[I 2026-05-22 18:05:36,052] Trial 891 finished with value: 0.5882369672034659 and parameters: {'rain_shift': 1.8049880299595467, 'ign_k': 0.24861192650323746, 'rate_power': 0.712387306814245}. Best is trial 714 with value: 0.6111263465847875.
[I 2026-05-22 18:05:36,402] Trial 892 finished with value: 0.608261046992492 and parameters: {'rain_shift': 1.709278083089612, 'ign_k': 0.804044131700769, 'rate_power': 0.7660148686780184}. Best is trial 714 with value: 0.6111263465847875.
[I 2026-05-22 18:05:36,754] Trial 893 finished with value: 0.5857744819080379 and parameters: {'rain_shift': 0.4872021521200345, 'ign_k': 0.409738397886953, 'rate_power': 0.7608756587061273}. Best is trial 714 with value: 0.6111263465847875.
[I 2026-05-22 18:05:37,105] Trial 894 finished with value: 0.598601647608476 and parameters: {'rain_shift': 0.3573261468741422, 'ign_k': 0.7786534799266599, 'rate_power': 0.8103156422938395}. Best is trial 714 with value: 0.6111263465847875.
[I 2026-05-22 18:05:37,456] Trial 895 finished with value: 0.6095991327529804 and parameters: {'rain_shift': 1.5949697804077556, 'ign_k': 0.49564317945712, 'rate_power': 0.7737469731310763}. Best is trial 714 with value: 0.6111263465847875.
