[I 2026-05-22 17:45:49,862] Trial 41 finished with value: 0.5430217314206351 and parameters: {'k1': 0.0014772020092026566, 'D_low': 16.483546878913387, 'k2': 0.09168164384585041, 'D_high': 6479.599810418081, 'fire_exp': 0.9964764353798747, 'P_half': 1163.5558675085808, 'pre_dampen_half': 39.14844086695461, 'gpp_af': 6.470270552371264, 'gpp_b': 2.5283122315210642e-05, 'gpp_d': 108.0789715389924, 'ign_k': 9.515068562450082, 'ign_c': 0.4631319029686433}. Best is trial 0 with value: 0.6103502735484728.
[I 2026-05-22 17:45:50,296] Trial 42 finished with value: 0.5269167540971001 and parameters: {'k1': 0.0002954340848632878, 'D_low': 18.345787629846093, 'k2': 0.004350136485214446, 'D_high': 13683.733142583646, 'fire_exp': 0.40061542466995353, 'P_half': 606.4635965528837, 'pre_dampen_half': 5.384098877372892, 'gpp_af': 11.587523893800773, 'gpp_b': 1.7559981370037825e-05, 'gpp_d': 350.29620562490913, 'ign_k': 0.43625551040503524, 'ign_c': 33.39780441706392}. Best is trial 0 with value: 0.6103502735484728.
[I 2026-05-22 17:45:50,726] Trial 43 finished with value: 0.4488189103368785 and parameters: {'k1': 0.0003021412818266073, 'D_low': 258.4052380008004, 'k2': 0.001135550484560326, 'D_high': 3932.9720851619354, 'fire_exp': 3.627059207818797, 'P_half': 3718.7193673032043, 'pre_dampen_half': 0.5378730621388514, 'gpp_af': 24.303884231397554, 'gpp_b': 1.3264641672973575e-06, 'gpp_d': 831.0234919311578, 'ign_k': 2.635669255487787, 'ign_c': 1.302794958765807}. Best is trial 0 with value: 0.6103502735484728.
[I 2026-05-22 17:45:51,158] Trial 44 finished with value: 0.5028839873073994 and parameters: {'k1': 0.012576200465973596, 'D_low': 1197.4052143734468, 'k2': 0.060818691839767444, 'D_high': 19301.929268667714, 'fire_exp': 0.4136120637533864, 'P_half': 577.2294614771911, 'pre_dampen_half': 0.2543740139540429, 'gpp_af': 69.8504603587884, 'gpp_b': 7.28827426738255e-06, 'gpp_d': 51.66522643453847, 'ign_k': 9.066855859577466, 'ign_c': 0.5150578420506852}. Best is trial 0 with value: 0.6103502735484728.
[I 2026-05-22 17:45:51,591] Trial 45 finished with value: 0.4857300780981397 and parameters: {'k1': 0.011725758474174213, 'D_low': 8.236120275479704, 'k2': 0.0008689003930877008, 'D_high': 761.2722110494875, 'fire_exp': 1.7438042988961961, 'P_half': 29.99087229056999, 'pre_dampen_half': 0.8492050713740287, 'gpp_af': 0.43375158269147923, 'gpp_b': 2.1124919069352588e-05, 'gpp_d': 502.3164837650653, 'ign_k': 0.2767790244990763, 'ign_c': 5.179253017828932}. Best is trial 0 with value: 0.6103502735484728.
[I 2026-05-22 17:45:52,019] Trial 46 finished with value: 0.45791430439352193 and parameters: {'k1': 0.07774903734865095, 'D_low': 606.0367416695201, 'k2': 0.07201545931422271, 'D_high': 3987.3578793208885, 'fire_exp': 0.788466477302785, 'P_half': 0.519922236566481, 'pre_dampen_half': 6.63101504870462, 'gpp_af': 0.003673770026869946, 'gpp_b': 0.0053291416004844884, 'gpp_d': 758.9349698617357, 'ign_k': 9.514751126233534, 'ign_c': 1.2425853900079107}. Best is trial 0 with value: 0.6103502735484728.
[I 2026-05-22 17:45:52,451] Trial 47 finished with value: 0.5124275264364043 and parameters: {'k1': 0.000586247549300214, 'D_low': 112.82799371589621, 'k2': 0.03546137500533435, 'D_high': 52627.39218196591, 'fire_exp': 0.5553770733253686, 'P_half': 6989.461464849825, 'pre_dampen_half': 1.4154622249926025, 'gpp_af': 3.717988313960468, 'gpp_b': 1.589072185668921e-05, 'gpp_d': 135.66313488278655, 'ign_k': 4.1325529117745, 'ign_c': 0.7707487008241377}. Best is trial 0 with value: 0.6103502735484728.
[I 2026-05-22 17:45:52,879] Trial 48 finished with value: 0.4485376598116053 and parameters: {'k1': 0.058952312322331925, 'D_low': 1735.6209271044363, 'k2': 0.019033895577400234, 'D_high': 26389.494584777833, 'fire_exp': 0.45440193059258804, 'P_half': 11.498413969207204, 'pre_dampen_half': 4.28220187994946, 'gpp_af': 0.0012286151443111468, 'gpp_b': 0.0005145602033900144, 'gpp_d': 352.6483561471968, 'ign_k': 0.10486661805990163, 'ign_c': 0.4812048521878612}. Best is trial 0 with value: 0.6103502735484728.
[I 2026-05-22 17:45:53,306] Trial 49 finished with value: 0.5250575377492211 and parameters: {'k1': 0.0001866463240820748, 'D_low': 2267.7233065750397, 'k2': 0.0015834041585999592, 'D_high': 10257.494695066627, 'fire_exp': 0.48260729817571046, 'P_half': 225.93073979951495, 'pre_dampen_half': 55.83797790520042, 'gpp_af': 2.419764354164747, 'gpp_b': 0.00010517092926061859, 'gpp_d': 304.7366653154682, 'ign_k': 1.821007181107415, 'ign_c': 1.4890525530819334}. Best is trial 0 with value: 0.6103502735484728.
[I 2026-05-22 17:45:53,731] Trial 50 finished with value: 0.4983070335854579 and parameters: {'k1': 0.011221472604480146, 'D_low': 3.205204272090882, 'k2': 0.008117579440159641, 'D_high': 1185.9516324255067, 'fire_exp': 0.5036393046237689, 'P_half': 1.9523622741880549, 'pre_dampen_half': 95.57597686804108, 'gpp_af': 0.3948056288164276, 'gpp_b': 0.004520220936918902, 'gpp_d': 304.0615271143568, 'ign_k': 2.2631615706432986, 'ign_c': 3.559485168097074}. Best is trial 0 with value: 0.6103502735484728.
[I 2026-05-22 17:45:54,160] Trial 51 finished with value: 0.52753356832653 and parameters: {'k1': 0.00015908337381019563, 'D_low': 193.18284483127258, 'k2': 0.03659365314094896, 'D_high': 7800.440889599101, 'fire_exp': 0.5891190594066966, 'P_half': 0.6520337214377612, 'pre_dampen_half': 0.5886162718944826, 'gpp_af': 20.762354336006982, 'gpp_b': 2.3821107566133176e-06, 'gpp_d': 411.6483477243399, 'ign_k': 0.004769268023284783, 'ign_c': 6.258012829963682}. Best is trial 0 with value: 0.6103502735484728.
[I 2026-05-22 17:45:54,589] Trial 52 finished with value: 0.5116441011796191 and parameters: {'k1': 0.0004499817938251493, 'D_low': 105.24899747076296, 'k2': 0.06505191725723984, 'D_high': 96275.45670611574, 'fire_exp': 0.36264497362577797, 'P_half': 4.644376181905877, 'pre_dampen_half': 14.550424203132467, 'gpp_af': 1.2458537765844446, 'gpp_b': 0.001109031895857065, 'gpp_d': 53.45572643042464, 'ign_k': 0.1517027829956104, 'ign_c': 0.12625451973935392}. Best is trial 0 with value: 0.6103502735484728.
[I 2026-05-22 17:45:55,019] Trial 53 finished with value: 0.5451770873441887 and parameters: {'k1': 4.690854911971105e-05, 'D_low': 224.16501562875948, 'k2': 0.0036034551856178277, 'D_high': 5047.1333772367, 'fire_exp': 0.9611367549181333, 'P_half': 0.5492153396710621, 'pre_dampen_half': 1.831427117798017, 'gpp_af': 0.5874888030809313, 'gpp_b': 0.00014660750345439126, 'gpp_d': 292.2503741618721, 'ign_k': 6.581057722559784, 'ign_c': 5.795882654298032}. Best is trial 0 with value: 0.6103502735484728.
[I 2026-05-22 17:45:55,450] Trial 54 finished with value: 0.5681221521355988 and parameters: {'k1': 7.910322566506285e-05, 'D_low': 104.93304857509449, 'k2': 0.015303679102313247, 'D_high': 2093.262716812728, 'fire_exp': 0.5170787701062138, 'P_half': 0.15648718463716657, 'pre_dampen_half': 3.2483164405167027, 'gpp_af': 0.33818063147137783, 'gpp_b': 3.139826144583302e-05, 'gpp_d': 114.30952220212174, 'ign_k': 4.228496774151523, 'ign_c': 3.465934428095678}. Best is trial 0 with value: 0.6103502735484728.
[I 2026-05-22 17:45:55,882] Trial 55 finished with value: 0.5650087457623251 and parameters: {'k1': 2.1088114452625012e-05, 'D_low': 153.0221491908605, 'k2': 0.0019499337899278886, 'D_high': 1901.8500588515599, 'fire_exp': 0.505640853258645, 'P_half': 0.10390507437974057, 'pre_dampen_half': 1.8158587439174536, 'gpp_af': 0.14519018984375331, 'gpp_b': 4.813128671962444e-05, 'gpp_d': 858.7403647312027, 'ign_k': 6.742862465961989, 'ign_c': 0.7316927420670546}. Best is trial 0 with value: 0.6103502735484728.
[I 2026-05-22 17:45:56,321] Trial 56 finished with value: 0.5219446693780672 and parameters: {'k1': 0.0001168114430934016, 'D_low': 92.1539549273532, 'k2': 0.0007486871875762941, 'D_high': 1048.2977235904314, 'fire_exp': 1.0883165614636847, 'P_half': 0.11453275013066049, 'pre_dampen_half': 10.267608086654578, 'gpp_af': 0.2875612905220513, 'gpp_b': 2.8603374649165268e-05, 'gpp_d': 44.87132127766976, 'ign_k': 9.81695789338132, 'ign_c': 0.17107556546992844}. Best is trial 0 with value: 0.6103502735484728.
[I 2026-05-22 17:45:56,770] Trial 57 finished with value: 0.3994490055432051 and parameters: {'k1': 0.0004175877737574064, 'D_low': 17.468024303381487, 'k2': 0.06645696094204259, 'D_high': 1192.106003004499, 'fire_exp': 0.6248505107695824, 'P_half': 0.16837619672224766, 'pre_dampen_half': 34.9288845511862, 'gpp_af': 0.05701225337524055, 'gpp_b': 2.3888156417500885e-05, 'gpp_d': 6.071190043792571, 'ign_k': 1.0874673231418175, 'ign_c': 61.65819603434566}. Best is trial 0 with value: 0.6103502735484728.
[I 2026-05-22 17:45:57,202] Trial 58 finished with value: 0.5510890453037113 and parameters: {'k1': 1.0588203908084354e-05, 'D_low': 21.178019418943983, 'k2': 0.000319918132892222, 'D_high': 11444.606256144007, 'fire_exp': 0.573103461760984, 'P_half': 0.41721222642756306, 'pre_dampen_half': 0.22362322997232978, 'gpp_af': 0.4952561455382465, 'gpp_b': 0.00015393686327706975, 'gpp_d': 191.5731145662036, 'ign_k': 5.126181200699572, 'ign_c': 0.616280851613293}. Best is trial 0 with value: 0.6103502735484728.
[I 2026-05-22 17:45:57,639] Trial 59 finished with value: 0.5518395453317787 and parameters: {'k1': 0.00046338819712571995, 'D_low': 199.85464879499096, 'k2': 0.0012985136655660476, 'D_high': 17619.347829334696, 'fire_exp': 0.36871727210823463, 'P_half': 0.8153381486524203, 'pre_dampen_half': 0.7506271753891668, 'gpp_af': 0.0713684551759571, 'gpp_b': 2.808882388280428e-06, 'gpp_d': 457.11553196366793, 'ign_k': 0.4799114159712247, 'ign_c': 3.592965667370034}. Best is trial 0 with value: 0.6103502735484728.
[I 2026-05-22 17:45:58,076] Trial 60 finished with value: 0.535245613432947 and parameters: {'k1': 2.851465773558038e-05, 'D_low': 12.959711614513603, 'k2': 0.009285475964002296, 'D_high': 872.9406461337908, 'fire_exp': 0.6970819132742837, 'P_half': 0.14504374511708143, 'pre_dampen_half': 0.8962199101744969, 'gpp_af': 0.8210151184439529, 'gpp_b': 3.5750550172549996e-05, 'gpp_d': 129.61999106765836, 'ign_k': 0.19828451132664768, 'ign_c': 0.8220503175906344}. Best is trial 0 with value: 0.6103502735484728.
[I 2026-05-22 17:45:58,510] Trial 61 finished with value: 0.5314162123239247 and parameters: {'k1': 0.00040662301470613355, 'D_low': 81.90819980353366, 'k2': 0.0038699300943467914, 'D_high': 35679.64673310304, 'fire_exp': 0.37654935730671213, 'P_half': 0.3886445027014602, 'pre_dampen_half': 5.753577016398751, 'gpp_af': 0.427557608270714, 'gpp_b': 1.3024264773653975e-05, 'gpp_d': 565.555352206613, 'ign_k': 0.6594981088997304, 'ign_c': 10.859324405706905}. Best is trial 0 with value: 0.6103502735484728.
[I 2026-05-22 17:45:58,973] Trial 62 finished with value: 0.5473649808474812 and parameters: {'k1': 0.0002110670556694212, 'D_low': 19.934543912992535, 'k2': 0.00012891757811271708, 'D_high': 90386.51388092189, 'fire_exp': 0.3908933360308504, 'P_half': 13.381693867497447, 'pre_dampen_half': 0.037232603621518534, 'gpp_af': 0.33441258425687553, 'gpp_b': 1.824488356815268e-06, 'gpp_d': 63.35080967211886, 'ign_k': 0.06471436309385083, 'ign_c': 28.966307997081085}. Best is trial 0 with value: 0.6103502735484728.
[I 2026-05-22 17:45:59,416] Trial 63 finished with value: 0.5666955263554037 and parameters: {'k1': 6.967413267157612e-05, 'D_low': 2778.4834806016124, 'k2': 0.0011510620327688556, 'D_high': 53021.598566854926, 'fire_exp': 0.44161118929096815, 'P_half': 1.7826440367609326, 'pre_dampen_half': 0.7353994504549742, 'gpp_af': 0.08669576724285946, 'gpp_b': 9.20306403841542e-06, 'gpp_d': 85.935977714609, 'ign_k': 0.2094834664220733, 'ign_c': 8.889592460666593}. Best is trial 0 with value: 0.6103502735484728.
[I 2026-05-22 17:45:59,843] Trial 64 finished with value: 0.5406475234349504 and parameters: {'k1': 0.012543576537722796, 'D_low': 123.00905307255773, 'k2': 0.03268046670812759, 'D_high': 2762.131231353899, 'fire_exp': 0.4539370750879347, 'P_half': 19.864922236451932, 'pre_dampen_half': 15.815260806307549, 'gpp_af': 0.0036538219404207662, 'gpp_b': 0.00010926476359706399, 'gpp_d': 3.0248274195242737, 'ign_k': 0.24401116081593094, 'ign_c': 0.6537203040091962}. Best is trial 0 with value: 0.6103502735484728.
[I 2026-05-22 17:46:00,269] Trial 65 finished with value: 0.5386408634670964 and parameters: {'k1': 4.793581880599345e-05, 'D_low': 3614.9525690249725, 'k2': 0.0002656222176554108, 'D_high': 21732.23124844077, 'fire_exp': 0.8488576583328261, 'P_half': 6.172191913014519, 'pre_dampen_half': 0.8737078222468245, 'gpp_af': 0.0674726138556588, 'gpp_b': 6.141627489728005e-05, 'gpp_d': 47.912804831202706, 'ign_k': 0.13814060829169691, 'ign_c': 1.2001604261803092}. Best is trial 0 with value: 0.6103502735484728.
[I 2026-05-22 17:46:00,708] Trial 66 finished with value: 0.5402192568679415 and parameters: {'k1': 5.2703405134147455e-05, 'D_low': 4926.147949822312, 'k2': 0.0024119048570587767, 'D_high': 70500.49489851216, 'fire_exp': 0.7376297201400783, 'P_half': 4.575331229612819, 'pre_dampen_half': 0.11613593008629988, 'gpp_af': 2.853824561097691, 'gpp_b': 3.855628936289032e-06, 'gpp_d': 197.18624681158462, 'ign_k': 0.4433254269991661, 'ign_c': 9.898506313539805}. Best is trial 0 with value: 0.6103502735484728.
[I 2026-05-22 17:46:01,141] Trial 67 finished with value: 0.5326624122484889 and parameters: {'k1': 0.026935104177417953, 'D_low': 425.9857418037227, 'k2': 0.012287198908989608, 'D_high': 1566.0355638145393, 'fire_exp': 0.4064206094210519, 'P_half': 5.2493734118153474, 'pre_dampen_half': 1.362689047898616, 'gpp_af': 0.7176253043977536, 'gpp_b': 0.0023915161768522826, 'gpp_d': 20.42842741333244, 'ign_k': 0.009840415856036351, 'ign_c': 0.18675360800212415}. Best is trial 0 with value: 0.6103502735484728.
[I 2026-05-22 17:46:01,573] Trial 68 finished with value: 0.3994490055432051 and parameters: {'k1': 1.4353979011242642e-05, 'D_low': 2197.680642413286, 'k2': 0.0006934468560942978, 'D_high': 1205.2658690273095, 'fire_exp': 0.3620295930040139, 'P_half': 3.307841976191047, 'pre_dampen_half': 4.8998177057918815, 'gpp_af': 0.1842078232839241, 'gpp_b': 4.058041604051512e-06, 'gpp_d': 5.888162041047988, 'ign_k': 0.6167900524786771, 'ign_c': 497.62292258253945}. Best is trial 0 with value: 0.6103502735484728.
[I 2026-05-22 17:46:02,003] Trial 69 finished with value: 0.5139407771455548 and parameters: {'k1': 2.5520714228974344e-05, 'D_low': 1820.527119677773, 'k2': 0.0025219674348482745, 'D_high': 123.5629179392509, 'fire_exp': 0.5320047365962433, 'P_half': 1.0740909349406853, 'pre_dampen_half': 0.5627116808939426, 'gpp_af': 2.0479284314618407, 'gpp_b': 8.564063904936332e-06, 'gpp_d': 241.9873191192074, 'ign_k': 5.913598947219503, 'ign_c': 0.5654035191539329}. Best is trial 0 with value: 0.6103502735484728.
[I 2026-05-22 17:46:02,434] Trial 70 finished with value: 0.530989560211136 and parameters: {'k1': 3.314558757696818e-05, 'D_low': 1561.572500077038, 'k2': 0.0015809090534911576, 'D_high': 19261.036106187563, 'fire_exp': 0.6979020660926806, 'P_half': 0.17900569066451533, 'pre_dampen_half': 0.23343874030878786, 'gpp_af': 0.01561782087527324, 'gpp_b': 7.207521583987463e-06, 'gpp_d': 55.579832269193815, 'ign_k': 1.9333043350668155, 'ign_c': 19.86320346719367}. Best is trial 0 with value: 0.6103502735484728.
[I 2026-05-22 17:46:02,863] Trial 71 finished with value: 0.5192738583322244 and parameters: {'k1': 0.0004400776288132261, 'D_low': 5810.811969427021, 'k2': 0.0025175425623393337, 'D_high': 33316.141635791064, 'fire_exp': 0.6212698344787301, 'P_half': 0.7640824039704206, 'pre_dampen_half': 9.239326876060698, 'gpp_af': 0.02854669512424135, 'gpp_b': 0.00028477499264977234, 'gpp_d': 4.221152455228141, 'ign_k': 0.01670923972124537, 'ign_c': 15.035726113093634}. Best is trial 0 with value: 0.6103502735484728.
[I 2026-05-22 17:46:03,293] Trial 72 finished with value: 0.5474398237640856 and parameters: {'k1': 1.2191557465472517e-05, 'D_low': 66.15780830760558, 'k2': 0.0035547059722209414, 'D_high': 424.8083611738133, 'fire_exp': 0.4076757932272022, 'P_half': 0.29540588925084243, 'pre_dampen_half': 18.239576900701113, 'gpp_af': 0.00623078690245338, 'gpp_b': 2.0082269960087957e-05, 'gpp_d': 693.3774128374885, 'ign_k': 3.9589284196457784, 'ign_c': 7.156383178770484}. Best is trial 0 with value: 0.6103502735484728.
[I 2026-05-22 17:46:03,721] Trial 73 finished with value: 0.48863540512429277 and parameters: {'k1': 0.0002861270951752724, 'D_low': 2594.0259507946657, 'k2': 0.0013879334293025994, 'D_high': 11260.016677736314, 'fire_exp': 0.657562232209563, 'P_half': 15.681661955539145, 'pre_dampen_half': 0.05772799086431027, 'gpp_af': 0.017737972777776435, 'gpp_b': 1.154048097465673e-06, 'gpp_d': 965.0072454741435, 'ign_k': 0.0905133710347748, 'ign_c': 32.5097558497136}. Best is trial 0 with value: 0.6103502735484728.
[I 2026-05-22 17:46:04,149] Trial 74 finished with value: 0.5682183992571717 and parameters: {'k1': 3.565345145775972e-05, 'D_low': 236.99875808817484, 'k2': 0.03203933585571662, 'D_high': 3508.8103577285137, 'fire_exp': 0.44396182423301084, 'P_half': 0.27080485404657534, 'pre_dampen_half': 0.5462674555052077, 'gpp_af': 0.9877813836832604, 'gpp_b': 8.021000945983079e-06, 'gpp_d': 38.09804055231352, 'ign_k': 5.593599792640829, 'ign_c': 4.6952220445818575}. Best is trial 0 with value: 0.6103502735484728.
[I 2026-05-22 17:46:04,605] Trial 75 finished with value: 0.5891573361857888 and parameters: {'k1': 0.0003293251330622055, 'D_low': 383.20089750267215, 'k2': 0.03131106988519401, 'D_high': 1742.0036988752934, 'fire_exp': 0.38970254237233587, 'P_half': 0.3914973069118282, 'pre_dampen_half': 1.9729226291602915, 'gpp_af': 0.9974660824704635, 'gpp_b': 6.536024465718388e-06, 'gpp_d': 6.461737892943091, 'ign_k': 9.8849054439846, 'ign_c': 13.212013477384922}. Best is trial 0 with value: 0.6103502735484728.
[I 2026-05-22 17:46:05,059] Trial 76 finished with value: 0.5710564416372743 and parameters: {'k1': 0.0001987037583096215, 'D_low': 63.21964745309299, 'k2': 0.042134389123497554, 'D_high': 1390.3734873533185, 'fire_exp': 0.40625342498985517, 'P_half': 5.056402612657026, 'pre_dampen_half': 0.3835058299210433, 'gpp_af': 1.4143188919251821, 'gpp_b': 0.00014751657234132154, 'gpp_d': 62.86554272418558, 'ign_k': 7.702013121597465, 'ign_c': 10.408684216236402}. Best is trial 0 with value: 0.6103502735484728.
[I 2026-05-22 17:46:05,490] Trial 77 finished with value: 0.45627495415682995 and parameters: {'k1': 0.00022323498443842124, 'D_low': 268.1333914997275, 'k2': 0.017061956376181384, 'D_high': 939.3554818626665, 'fire_exp': 0.4812086848107078, 'P_half': 3.6907859951610082, 'pre_dampen_half': 0.1401247585677611, 'gpp_af': 5.537858659665039, 'gpp_b': 0.002080679849157507, 'gpp_d': 9.763685296172483, 'ign_k': 0.5193490752635893, 'ign_c': 62.5521761979926}. Best is trial 0 with value: 0.6103502735484728.
[I 2026-05-22 17:46:05,939] Trial 78 finished with value: 0.4621751434979272 and parameters: {'k1': 4.475772130397766e-05, 'D_low': 427.3500441496072, 'k2': 0.0601090336906951, 'D_high': 225.99767861070865, 'fire_exp': 0.8209346713944126, 'P_half': 0.5845209638300024, 'pre_dampen_half': 1.5177363365255412, 'gpp_af': 1.1854265874248933, 'gpp_b': 2.066114141814832e-06, 'gpp_d': 7.140742001750523, 'ign_k': 2.4726786910121614, 'ign_c': 12.559059531774507}. Best is trial 0 with value: 0.6103502735484728.
[I 2026-05-22 17:46:06,368] Trial 79 finished with value: 0.5852886748572415 and parameters: {'k1': 1.4510687641130035e-05, 'D_low': 13.525220615393918, 'k2': 0.022142672964129313, 'D_high': 2836.9562666222764, 'fire_exp': 0.4950368718823853, 'P_half': 1.2075197274662133, 'pre_dampen_half': 3.6966974659535503, 'gpp_af': 2.6685481674458016, 'gpp_b': 0.0003500759626717825, 'gpp_d': 19.38525554892591, 'ign_k': 2.430350540127415, 'ign_c': 11.397598116181051}. Best is trial 0 with value: 0.6103502735484728.
[I 2026-05-22 17:46:06,801] Trial 80 finished with value: 0.5717428479003215 and parameters: {'k1': 4.017745276386907e-05, 'D_low': 4.564181028936197, 'k2': 0.026505207700510982, 'D_high': 8399.855436958473, 'fire_exp': 0.4876646455617363, 'P_half': 3.9360915174032844, 'pre_dampen_half': 0.6776954850754737, 'gpp_af': 15.55819784952252, 'gpp_b': 0.00020369984657211718, 'gpp_d': 32.64865076762951, 'ign_k': 1.9559111676335916, 'ign_c': 6.87630521717835}. Best is trial 0 with value: 0.6103502735484728.
[I 2026-05-22 17:46:07,232] Trial 81 finished with value: 0.5496035370369868 and parameters: {'k1': 1.570581881959845e-05, 'D_low': 14.793893017573577, 'k2': 0.012974271598146089, 'D_high': 2213.968129147355, 'fire_exp': 0.5298762924267777, 'P_half': 5.125645257918383, 'pre_dampen_half': 0.3197379126610166, 'gpp_af': 1.9461144139840594, 'gpp_b': 0.00016135497503698916, 'gpp_d': 10.416136000765157, 'ign_k': 4.392828214490459, 'ign_c': 2.434689728456808}. Best is trial 0 with value: 0.6103502735484728.
[I 2026-05-22 17:46:07,666] Trial 82 finished with value: 0.3893335960251997 and parameters: {'k1': 0.0001757187124817184, 'D_low': 3808.9592679097277, 'k2': 0.07805195968942998, 'D_high': 5791.140387971725, 'fire_exp': 0.5328469089459217, 'P_half': 0.1251584009691061, 'pre_dampen_half': 0.13673353610483155, 'gpp_af': 5.859043330872568, 'gpp_b': 7.78272706433764e-06, 'gpp_d': 51.92565896717842, 'ign_k': 9.805789553871383, 'ign_c': 35.07164452479105}. Best is trial 0 with value: 0.6103502735484728.
[I 2026-05-22 17:46:08,102] Trial 83 finished with value: 0.3994490055432051 and parameters: {'k1': 0.00020415951910365997, 'D_low': 1.0735898029635018, 'k2': 0.016369511854710507, 'D_high': 13347.652329507262, 'fire_exp': 0.6246527298907764, 'P_half': 5.676698806101964, 'pre_dampen_half': 0.03476170513016949, 'gpp_af': 4.0784391094422405, 'gpp_b': 0.00020547400148473874, 'gpp_d': 19.39016175866275, 'ign_k': 6.792367621500692, 'ign_c': 126.93035378102148}. Best is trial 0 with value: 0.6103502735484728.
