[I 2026-05-22 17:42:20,703] Trial 113 finished with value: 0.566966443970174 and parameters: {'k1': 0.013169803432172729, 'D_low': 3.462014994183682, 'k2': 0.00026687348367144566, 'D_high': 813.3264948457473, 'fire_exp': 0.598476843567777, 'P_half': 344.3521017844502, 'pre_dampen_half': 2.260963864918819, 'gpp_af': 0.01495657239420793, 'gpp_b': 5.976773438199631e-06, 'gpp_d': 96.52113141561529, 'ign_k': 8.95425754056345, 'ign_c': 4.356462234057851, 'dryanom_half': 11.064852794602444, 'dry_amp': 0.5189869044633355}. Best is trial 0 with value: 0.6103502735484728.
[I 2026-05-22 17:42:21,179] Trial 114 finished with value: 0.5173371231017643 and parameters: {'k1': 0.06299174360307233, 'D_low': 1.4546175261389946, 'k2': 0.00020093680976760226, 'D_high': 2644.318264734481, 'fire_exp': 1.224398073251961, 'P_half': 361.2936454078862, 'pre_dampen_half': 6.469154786362303, 'gpp_af': 2.433613410683518, 'gpp_b': 4.383881487729278e-05, 'gpp_d': 57.27735027350037, 'ign_k': 0.11248331060774187, 'ign_c': 1.515910739359808, 'dryanom_half': 50.56367184017002, 'dry_amp': 0.6753570363995162}. Best is trial 0 with value: 0.6103502735484728.
[I 2026-05-22 17:42:21,653] Trial 115 finished with value: 0.3994490055432051 and parameters: {'k1': 0.037544645856491525, 'D_low': 3.7493756912703025, 'k2': 0.000378660556963513, 'D_high': 158.28141153689597, 'fire_exp': 0.4306406066000057, 'P_half': 55.677402437948324, 'pre_dampen_half': 16.469857928922714, 'gpp_af': 0.21783695868358496, 'gpp_b': 5.668249551548566e-06, 'gpp_d': 39.28073290334725, 'ign_k': 4.506020170369486, 'ign_c': 49.67817916462024, 'dryanom_half': 15.352174416857503, 'dry_amp': 0.05525208885903707}. Best is trial 0 with value: 0.6103502735484728.
[I 2026-05-22 17:42:22,127] Trial 116 finished with value: 0.5698652818558632 and parameters: {'k1': 0.031004661685166447, 'D_low': 11.534352651429543, 'k2': 0.008180107008094826, 'D_high': 2295.2475564043634, 'fire_exp': 0.8052417907361566, 'P_half': 3.7181416467623594, 'pre_dampen_half': 3.9463773496850094, 'gpp_af': 0.18510028457719388, 'gpp_b': 0.0013103658763176454, 'gpp_d': 7.62084036578185, 'ign_k': 0.06608228802341663, 'ign_c': 6.249846540608144, 'dryanom_half': 0.5681333269371819, 'dry_amp': 0.09430635067890322}. Best is trial 0 with value: 0.6103502735484728.
[I 2026-05-22 17:42:22,600] Trial 117 finished with value: 0.4500348213757555 and parameters: {'k1': 0.009226575145141011, 'D_low': 847.9902067043724, 'k2': 0.00880806548503903, 'D_high': 401.3527164111603, 'fire_exp': 0.5374476756193717, 'P_half': 2.6768274809685577, 'pre_dampen_half': 9.672000689814235, 'gpp_af': 0.8002327637020242, 'gpp_b': 4.517589383215091e-05, 'gpp_d': 595.9020001691915, 'ign_k': 0.47421944538087174, 'ign_c': 47.13476518544321, 'dryanom_half': 9.626153332384082, 'dry_amp': 0.10249584397527933}. Best is trial 0 with value: 0.6103502735484728.
[I 2026-05-22 17:42:23,076] Trial 118 finished with value: 0.42596965648367896 and parameters: {'k1': 0.01745763206981607, 'D_low': 17.45504156220203, 'k2': 0.014045734468641798, 'D_high': 99.9572789690162, 'fire_exp': 0.8013065682064053, 'P_half': 4.258138005866824, 'pre_dampen_half': 39.66793120387956, 'gpp_af': 0.0010117978658763277, 'gpp_b': 3.236434113626573e-06, 'gpp_d': 35.27438682462345, 'ign_k': 0.21027466771196138, 'ign_c': 105.11919970428357, 'dryanom_half': 5.133167276231977, 'dry_amp': 0.07446655275626757}. Best is trial 0 with value: 0.6103502735484728.
[I 2026-05-22 17:42:23,552] Trial 119 finished with value: 0.5680647218650992 and parameters: {'k1': 0.003557460384443046, 'D_low': 128.32295303151454, 'k2': 0.0006766970105565637, 'D_high': 7872.976056696071, 'fire_exp': 0.5263097664918595, 'P_half': 2.1901749595418942, 'pre_dampen_half': 11.252316156019578, 'gpp_af': 0.012648744463150832, 'gpp_b': 1.7089235096333849e-06, 'gpp_d': 157.7522960214864, 'ign_k': 0.42383057046925027, 'ign_c': 12.767167771827506, 'dryanom_half': 284.6986738251225, 'dry_amp': 0.32699408814559383}. Best is trial 0 with value: 0.6103502735484728.
[I 2026-05-22 17:42:24,035] Trial 120 finished with value: 0.5542344062965037 and parameters: {'k1': 0.005392426727206224, 'D_low': 20.92304411089977, 'k2': 0.004457720061895531, 'D_high': 454.904982876382, 'fire_exp': 0.35270862391996877, 'P_half': 27.03446299506874, 'pre_dampen_half': 0.8335160671701115, 'gpp_af': 0.03371665144634078, 'gpp_b': 1.4851435888050001e-06, 'gpp_d': 6.310168522021439, 'ign_k': 0.07434669940975268, 'ign_c': 17.53011593363075, 'dryanom_half': 69.4050241329886, 'dry_amp': 0.08389431502292614}. Best is trial 0 with value: 0.6103502735484728.
[I 2026-05-22 17:42:24,515] Trial 121 finished with value: 0.5304767180915768 and parameters: {'k1': 0.04609441110070159, 'D_low': 5.760141187924642, 'k2': 0.00013413508727813818, 'D_high': 74.34924765513314, 'fire_exp': 0.59694464650935, 'P_half': 7.4761293661677986, 'pre_dampen_half': 577.2217332389667, 'gpp_af': 3.2912308210713603, 'gpp_b': 0.001047135681025867, 'gpp_d': 291.67161454931266, 'ign_k': 0.5910037981337152, 'ign_c': 30.29332186008456, 'dryanom_half': 0.19984479899201865, 'dry_amp': 0.46495282617064}. Best is trial 0 with value: 0.6103502735484728.
[I 2026-05-22 17:42:24,993] Trial 122 finished with value: 0.47371908456054274 and parameters: {'k1': 0.0009080045129174353, 'D_low': 422.871201604437, 'k2': 2.094443296293409e-05, 'D_high': 79.40129615131606, 'fire_exp': 1.2396213160892648, 'P_half': 0.9907673850052872, 'pre_dampen_half': 10.319674334403002, 'gpp_af': 0.6210952277577889, 'gpp_b': 0.00026113596342606404, 'gpp_d': 130.72979913180595, 'ign_k': 0.9364837454200111, 'ign_c': 26.010747261568582, 'dryanom_half': 0.7008991382913065, 'dry_amp': 0.49894164263800056}. Best is trial 0 with value: 0.6103502735484728.
[I 2026-05-22 17:42:25,474] Trial 123 finished with value: 0.5709672542969001 and parameters: {'k1': 0.0034690299297782078, 'D_low': 21.79715104390722, 'k2': 1.2647517955603071e-05, 'D_high': 45.07927083067336, 'fire_exp': 0.480810878388556, 'P_half': 3.3935454922486854, 'pre_dampen_half': 0.8731328487362134, 'gpp_af': 0.5505820322187092, 'gpp_b': 3.925289953827073e-06, 'gpp_d': 12.04016007555438, 'ign_k': 3.62698607884327, 'ign_c': 5.909258827199769, 'dryanom_half': 1.2040217174098937, 'dry_amp': 0.5112224641901008}. Best is trial 0 with value: 0.6103502735484728.
[I 2026-05-22 17:42:25,951] Trial 124 finished with value: 0.550619050302723 and parameters: {'k1': 0.003615890957478097, 'D_low': 7.561843365816768, 'k2': 0.0037033761734546256, 'D_high': 261.9468344644738, 'fire_exp': 0.4455405737548413, 'P_half': 9.497629859444416, 'pre_dampen_half': 1.2769702815693766, 'gpp_af': 0.0042171206585377, 'gpp_b': 2.2571293664368606e-06, 'gpp_d': 212.92316930027593, 'ign_k': 6.0195445678845845, 'ign_c': 1.9379664337909934, 'dryanom_half': 66.21193254083006, 'dry_amp': 0.30586022834627696}. Best is trial 0 with value: 0.6103502735484728.
[I 2026-05-22 17:42:26,429] Trial 125 finished with value: 0.3994490055432051 and parameters: {'k1': 0.00012170132335763629, 'D_low': 8.549137511857234, 'k2': 9.441465248842213e-05, 'D_high': 656.9101325039834, 'fire_exp': 0.436158049714981, 'P_half': 2.752244115876475, 'pre_dampen_half': 2.774696510900068, 'gpp_af': 3.0710058689198925, 'gpp_b': 2.8993102845263876e-05, 'gpp_d': 414.1096854933918, 'ign_k': 5.0412984079191085, 'ign_c': 97.43416192780637, 'dryanom_half': 0.16584077495158586, 'dry_amp': 0.5262834910143664}. Best is trial 0 with value: 0.6103502735484728.
[I 2026-05-22 17:42:26,903] Trial 126 finished with value: 0.5066512669965655 and parameters: {'k1': 0.005639314177034532, 'D_low': 1.9856993452002558, 'k2': 0.0011818066055904399, 'D_high': 53.95854673578667, 'fire_exp': 0.49498154867782873, 'P_half': 1.5874709717667723, 'pre_dampen_half': 4.145743950597156, 'gpp_af': 0.002199570660623597, 'gpp_b': 6.47129916376215e-05, 'gpp_d': 1.5211286857327724, 'ign_k': 1.1246892936728736, 'ign_c': 26.747249928036503, 'dryanom_half': 46.76096078987203, 'dry_amp': 0.4294789453986937}. Best is trial 0 with value: 0.6103502735484728.
[I 2026-05-22 17:42:27,377] Trial 127 finished with value: 0.5715099560808912 and parameters: {'k1': 0.0012840162051465744, 'D_low': 261.6942923570322, 'k2': 0.00015386043059236175, 'D_high': 234.3660372265789, 'fire_exp': 0.3612786895193927, 'P_half': 14.058669789924444, 'pre_dampen_half': 0.3000152013037442, 'gpp_af': 2.5961493935610807, 'gpp_b': 0.0008241199003249971, 'gpp_d': 80.53050430767203, 'ign_k': 3.3565844518734758, 'ign_c': 13.102081942508649, 'dryanom_half': 3.7837398917679788, 'dry_amp': 0.6810948769015452}. Best is trial 0 with value: 0.6103502735484728.
[I 2026-05-22 17:42:27,855] Trial 128 finished with value: 0.5708741036426209 and parameters: {'k1': 0.034008111966386916, 'D_low': 3.114558508549608, 'k2': 9.601404942971762e-05, 'D_high': 1519.791803522597, 'fire_exp': 0.5008353918924128, 'P_half': 118.02038501970598, 'pre_dampen_half': 2.6612781997152823, 'gpp_af': 0.024162384380020285, 'gpp_b': 5.09947817505981e-06, 'gpp_d': 6.043147455147015, 'ign_k': 6.92744791384174, 'ign_c': 4.951225074737265, 'dryanom_half': 43.01253977858759, 'dry_amp': 0.14338526535587554}. Best is trial 0 with value: 0.6103502735484728.
[I 2026-05-22 17:42:28,331] Trial 129 finished with value: 0.5511424008342185 and parameters: {'k1': 0.019127799991565043, 'D_low': 29.57770527883707, 'k2': 0.00016709226130044423, 'D_high': 503.14685268337513, 'fire_exp': 1.1784839698258427, 'P_half': 1.9544624298852014, 'pre_dampen_half': 8.54866695955101, 'gpp_af': 10.091265324451301, 'gpp_b': 0.006613362036879431, 'gpp_d': 68.78385524989419, 'ign_k': 0.39403153451493367, 'ign_c': 5.495945250387563, 'dryanom_half': 1.3459518070967977, 'dry_amp': 0.4057593837461368}. Best is trial 0 with value: 0.6103502735484728.
[I 2026-05-22 17:42:28,807] Trial 130 finished with value: 0.5567366341520049 and parameters: {'k1': 0.031984229196202814, 'D_low': 5.0626415311398345, 'k2': 6.4527552292387e-05, 'D_high': 445.1940625152956, 'fire_exp': 0.4200516091676941, 'P_half': 11.3375517170868, 'pre_dampen_half': 6.301291189814829, 'gpp_af': 1.1011101909167793, 'gpp_b': 0.00014229156225833116, 'gpp_d': 149.1769835802627, 'ign_k': 0.7236569748766858, 'ign_c': 4.230137533482357, 'dryanom_half': 1.43544553665725, 'dry_amp': 0.613884091453401}. Best is trial 0 with value: 0.6103502735484728.
[I 2026-05-22 17:42:29,280] Trial 131 finished with value: 0.5378198286419934 and parameters: {'k1': 0.00819864445406812, 'D_low': 41.34932008192065, 'k2': 0.00015143284571840436, 'D_high': 315.5261320275728, 'fire_exp': 0.7754055397788913, 'P_half': 2.568718746792174, 'pre_dampen_half': 1.4833310140043068, 'gpp_af': 0.11661907376819854, 'gpp_b': 0.0011602364147447785, 'gpp_d': 16.02806568124137, 'ign_k': 6.586636046414607, 'ign_c': 17.33111693143959, 'dryanom_half': 16.580663042461268, 'dry_amp': 0.849526593108545}. Best is trial 0 with value: 0.6103502735484728.
[I 2026-05-22 17:42:29,749] Trial 132 finished with value: 0.5448851811973329 and parameters: {'k1': 0.0001800874257699057, 'D_low': 211.25247405305785, 'k2': 0.0007137900931919145, 'D_high': 175.35086448280592, 'fire_exp': 0.6061774162954197, 'P_half': 13.021625119949766, 'pre_dampen_half': 14.572583862570559, 'gpp_af': 1.1000454726995903, 'gpp_b': 0.032082065291240726, 'gpp_d': 203.13531786926137, 'ign_k': 1.4754163566833407, 'ign_c': 2.109308721964916, 'dryanom_half': 3.89289522794732, 'dry_amp': 0.7549270822941704}. Best is trial 0 with value: 0.6103502735484728.
[I 2026-05-22 17:42:30,223] Trial 133 finished with value: 0.4806069945402398 and parameters: {'k1': 0.003931830996080012, 'D_low': 2968.0979424969682, 'k2': 7.3985236530648e-05, 'D_high': 448.5554908097169, 'fire_exp': 0.7484123023208533, 'P_half': 1.5566825889187976, 'pre_dampen_half': 0.5947001637347973, 'gpp_af': 14.957843810721823, 'gpp_b': 0.00013311737987867635, 'gpp_d': 136.2660638048787, 'ign_k': 0.8401845626179806, 'ign_c': 4.592747131379857, 'dryanom_half': 3.601657417517523, 'dry_amp': 0.8956649893762225}. Best is trial 0 with value: 0.6103502735484728.
[I 2026-05-22 17:42:30,695] Trial 134 finished with value: 0.5546425412160775 and parameters: {'k1': 0.0044815357929845565, 'D_low': 20.732067623291357, 'k2': 6.803519625028635e-05, 'D_high': 1214.1192522504489, 'fire_exp': 0.45868042646313023, 'P_half': 18.343248782287745, 'pre_dampen_half': 0.09690783131367268, 'gpp_af': 1.8478151609312212, 'gpp_b': 0.0003539881705234576, 'gpp_d': 164.97112925162105, 'ign_k': 0.4427198499498952, 'ign_c': 12.570361906283543, 'dryanom_half': 1.7555680248959251, 'dry_amp': 0.70968555360692}. Best is trial 0 with value: 0.6103502735484728.
[I 2026-05-22 17:42:31,168] Trial 135 finished with value: 0.5391220071321267 and parameters: {'k1': 0.01855334306816567, 'D_low': 40.436517744820314, 'k2': 2.9040858556571926e-05, 'D_high': 369.5935153643187, 'fire_exp': 0.35061695928638054, 'P_half': 6.330258762663841, 'pre_dampen_half': 1.5913061319229052, 'gpp_af': 43.34813569743471, 'gpp_b': 3.12819529268479e-05, 'gpp_d': 221.0076961913483, 'ign_k': 4.565438056562198, 'ign_c': 27.06918154446436, 'dryanom_half': 22.476089897697893, 'dry_amp': 0.44192263334575266}. Best is trial 0 with value: 0.6103502735484728.
[I 2026-05-22 17:42:31,641] Trial 136 finished with value: 0.5611746286988127 and parameters: {'k1': 0.008243278337853965, 'D_low': 33.997565984704885, 'k2': 0.0005413715970417027, 'D_high': 293.22306861134814, 'fire_exp': 0.4446357648814879, 'P_half': 0.3648128337848342, 'pre_dampen_half': 8.90399121567293, 'gpp_af': 1.0186831289103886, 'gpp_b': 2.6538150324898063e-05, 'gpp_d': 2.1653930066616534, 'ign_k': 0.5822659760132147, 'ign_c': 2.06903999958186, 'dryanom_half': 1.0404528548925935, 'dry_amp': 0.3519008546038183}. Best is trial 0 with value: 0.6103502735484728.
[I 2026-05-22 17:42:32,118] Trial 137 finished with value: 0.4059376746778596 and parameters: {'k1': 6.776450953082501e-05, 'D_low': 331.6056503344914, 'k2': 0.00017864022068810035, 'D_high': 213.06543642020418, 'fire_exp': 0.4803305870866504, 'P_half': 13.84231192855414, 'pre_dampen_half': 0.02366851064194359, 'gpp_af': 22.897947568011855, 'gpp_b': 0.008867553712459607, 'gpp_d': 269.16107761390384, 'ign_k': 2.3637167682045357, 'ign_c': 39.886716813105664, 'dryanom_half': 0.8679867830168081, 'dry_amp': 0.5835608314547588}. Best is trial 0 with value: 0.6103502735484728.
[I 2026-05-22 17:42:32,593] Trial 138 finished with value: 0.5710235159249601 and parameters: {'k1': 0.07178781113722468, 'D_low': 80.58844131882815, 'k2': 0.02606334699733129, 'D_high': 1389.8507334232593, 'fire_exp': 0.5761692194253775, 'P_half': 4.529268411963185, 'pre_dampen_half': 27.154676130148435, 'gpp_af': 0.002150243437207811, 'gpp_b': 1.3271166482524702e-06, 'gpp_d': 26.97418181253834, 'ign_k': 0.6286312503178902, 'ign_c': 12.58170690033498, 'dryanom_half': 0.3704029384809581, 'dry_amp': 0.23555606062715417}. Best is trial 0 with value: 0.6103502735484728.
[I 2026-05-22 17:42:33,068] Trial 139 finished with value: 0.5524654329014413 and parameters: {'k1': 0.0037053884737886793, 'D_low': 75.82672315098286, 'k2': 0.004678813623142952, 'D_high': 2418.5240280732623, 'fire_exp': 0.40138607749144234, 'P_half': 0.30155542638159993, 'pre_dampen_half': 4.207472132910389, 'gpp_af': 0.5229688313474667, 'gpp_b': 3.3706012043172427e-06, 'gpp_d': 80.00766267463483, 'ign_k': 0.13751170588203032, 'ign_c': 5.574085613964279, 'dryanom_half': 0.8182721426101393, 'dry_amp': 0.048984783977340886}. Best is trial 0 with value: 0.6103502735484728.
[I 2026-05-22 17:42:33,543] Trial 140 finished with value: 0.5581942199598718 and parameters: {'k1': 0.015182299628608993, 'D_low': 9.535218737169835, 'k2': 1.4798586809829433e-05, 'D_high': 121.0491440417103, 'fire_exp': 0.5146379799284693, 'P_half': 13.713009902107078, 'pre_dampen_half': 0.17931686976907754, 'gpp_af': 0.0029811488651297386, 'gpp_b': 1.444004427183565e-06, 'gpp_d': 677.8471033910092, 'ign_k': 6.619606922406568, 'ign_c': 5.6021259818745355, 'dryanom_half': 4.899363512472306, 'dry_amp': 7.522484407385122e-06}. Best is trial 0 with value: 0.6103502735484728.
[I 2026-05-22 17:42:34,023] Trial 141 finished with value: 0.57926536850678 and parameters: {'k1': 0.031138386309366432, 'D_low': 8.904834130727833, 'k2': 0.011790600638773588, 'D_high': 616.7293677155707, 'fire_exp': 1.4246402336426411, 'P_half': 20.277320120577734, 'pre_dampen_half': 26.98064507856593, 'gpp_af': 0.004623848294226161, 'gpp_b': 3.2578317040653577e-06, 'gpp_d': 3.5529399917250073, 'ign_k': 8.074529025482674, 'ign_c': 11.169912823489586, 'dryanom_half': 0.2845241330789881, 'dry_amp': 0.4719170691055513}. Best is trial 0 with value: 0.6103502735484728.
[I 2026-05-22 17:42:34,495] Trial 142 finished with value: 0.43192861490188306 and parameters: {'k1': 0.08689088168097281, 'D_low': 5.659075619772303, 'k2': 0.005687350456329363, 'D_high': 107.25916041449965, 'fire_exp': 3.974226302503722, 'P_half': 31.03247912420393, 'pre_dampen_half': 35.44295715637494, 'gpp_af': 0.002339913947931144, 'gpp_b': 0.0019045943481282553, 'gpp_d': 0.6486627731145584, 'ign_k': 3.854836241345382, 'ign_c': 1.1090618246069064, 'dryanom_half': 1.0547666057567522, 'dry_amp': 0.31137002142809367}. Best is trial 0 with value: 0.6103502735484728.
[I 2026-05-22 17:42:34,975] Trial 143 finished with value: 0.5859563253801393 and parameters: {'k1': 0.02055854032606264, 'D_low': 49.08524772736391, 'k2': 0.0010031539424422017, 'D_high': 2436.193182921159, 'fire_exp': 3.4145180198441105, 'P_half': 4.630326644833975, 'pre_dampen_half': 239.4245809805594, 'gpp_af': 0.014980097819490999, 'gpp_b': 4.1774370345752726e-05, 'gpp_d': 0.404525504639508, 'ign_k': 3.9059018243196384, 'ign_c': 16.5390569074884, 'dryanom_half': 0.1610154856396945, 'dry_amp': 0.5338919025562063}. Best is trial 0 with value: 0.6103502735484728.
[I 2026-05-22 17:42:35,454] Trial 144 finished with value: 0.3994490055432051 and parameters: {'k1': 0.01900608805147128, 'D_low': 28.29051693427606, 'k2': 0.03553715638977164, 'D_high': 1018.8405230376909, 'fire_exp': 2.8401210637444714, 'P_half': 8.495901619224181, 'pre_dampen_half': 45.368487488091304, 'gpp_af': 0.05871589598986174, 'gpp_b': 2.9170244046121284e-05, 'gpp_d': 1.1511277592347506, 'ign_k': 5.916560731692122, 'ign_c': 51.609899810447, 'dryanom_half': 0.28685880327447927, 'dry_amp': 0.43812293863080637}. Best is trial 0 with value: 0.6103502735484728.
[I 2026-05-22 17:42:35,933] Trial 145 finished with value: 0.5270796720614808 and parameters: {'k1': 0.032135845000210446, 'D_low': 5.036268779342698, 'k2': 0.07313329257857269, 'D_high': 372.80939757581604, 'fire_exp': 2.3314020129693334, 'P_half': 30.166946741804132, 'pre_dampen_half': 20.41423349764371, 'gpp_af': 0.0021973200752745474, 'gpp_b': 2.5528447756976814e-05, 'gpp_d': 3.627575091035765, 'ign_k': 1.1737670874611956, 'ign_c': 1.6312298966298802, 'dryanom_half': 0.32032012874959287, 'dry_amp': 0.7105229568513903}. Best is trial 0 with value: 0.6103502735484728.
[I 2026-05-22 17:42:36,412] Trial 146 finished with value: 0.3994490055432051 and parameters: {'k1': 0.013531520040023311, 'D_low': 9.275993246474599, 'k2': 0.00045694696058182053, 'D_high': 3123.946042589457, 'fire_exp': 2.520427097478294, 'P_half': 44.071736759286566, 'pre_dampen_half': 597.6677437694007, 'gpp_af': 0.2067781259419848, 'gpp_b': 0.0003090004735703133, 'gpp_d': 0.4275721247861035, 'ign_k': 1.8094927861912344, 'ign_c': 48.0950322378839, 'dryanom_half': 0.13730579133399115, 'dry_amp': 0.422774297138952}. Best is trial 0 with value: 0.6103502735484728.
[I 2026-05-22 17:42:36,890] Trial 147 finished with value: 0.3908190212584391 and parameters: {'k1': 0.006615869894335042, 'D_low': 12.110283302902817, 'k2': 0.0006829899413076563, 'D_high': 2623.8093980422636, 'fire_exp': 5.833110288211087, 'P_half': 0.1729057871427343, 'pre_dampen_half': 11.176036475078137, 'gpp_af': 0.055254400687499663, 'gpp_b': 2.882699294361744e-06, 'gpp_d': 0.3707134108552814, 'ign_k': 5.371023754296018, 'ign_c': 31.90708136992131, 'dryanom_half': 0.23949133127163352, 'dry_amp': 0.52361457069855}. Best is trial 0 with value: 0.6103502735484728.
[I 2026-05-22 17:42:37,367] Trial 148 finished with value: 0.3996344128739701 and parameters: {'k1': 0.08697264783701945, 'D_low': 3.323658901585942, 'k2': 0.0010075030604563269, 'D_high': 224.17664178098747, 'fire_exp': 0.8394077795707747, 'P_half': 28.421523649964612, 'pre_dampen_half': 84.52498876631165, 'gpp_af': 0.0038222548025298375, 'gpp_b': 1.2345074545675174e-05, 'gpp_d': 0.7682322526045576, 'ign_k': 6.026240085887394, 'ign_c': 31.44610436931693, 'dryanom_half': 0.2507213198132152, 'dry_amp': 0.3969971308492971}. Best is trial 0 with value: 0.6103502735484728.
[I 2026-05-22 17:42:37,845] Trial 149 finished with value: 0.5536897566846057 and parameters: {'k1': 0.01574791761429002, 'D_low': 13.049451187936038, 'k2': 0.01385239366622703, 'D_high': 8129.365388374169, 'fire_exp': 0.7360648238010398, 'P_half': 1.9034971642506633, 'pre_dampen_half': 10.874053603948544, 'gpp_af': 0.061570257948107804, 'gpp_b': 7.430489530358135e-05, 'gpp_d': 366.5321273236995, 'ign_k': 1.336916283146105, 'ign_c': 2.5878906766812175, 'dryanom_half': 2.6312672285861622, 'dry_amp': 0.005755729967390551}. Best is trial 0 with value: 0.6103502735484728.
[I 2026-05-22 17:42:38,321] Trial 150 finished with value: 0.44478373334945603 and parameters: {'k1': 0.03171236458691862, 'D_low': 78.5041030186666, 'k2': 0.004524537298846957, 'D_high': 84.72021954685773, 'fire_exp': 5.238701607565462, 'P_half': 0.5462076635364344, 'pre_dampen_half': 175.44706980548668, 'gpp_af': 0.00386531106590204, 'gpp_b': 3.654618088032899e-05, 'gpp_d': 1.5059256141519042, 'ign_k': 9.658194540109507, 'ign_c': 8.26514778280121, 'dryanom_half': 0.1291743353208006, 'dry_amp': 0.5832868777365966}. Best is trial 0 with value: 0.6103502735484728.
