[I 2026-05-22 18:09:44,632] Trial 438 finished with value: 0.6015059897898459 and parameters: {'P_amp': 0.04961978299914882, 'P_wet': 3707.7553304365815, 'P_pow': 4.228853887277909, 'WG_amp': 0.38820482987639593, 'WG_Phalf': 507.44818385292933, 'WG_k': 6.306002417363882, 'WG_c': 0.18046150892215906, 'rain_shift': 1.288052819702449, 'ign_k': 0.3678273347449335, 'rate_power': 0.8330104916876585}. Best is trial 209 with value: 0.6108097453057891.
[I 2026-05-22 18:09:45,106] Trial 439 finished with value: 0.595755773408198 and parameters: {'P_amp': 0.002416511407947738, 'P_wet': 616.5493199750532, 'P_pow': 1.7670054550510685, 'WG_amp': 0.4263891181007783, 'WG_Phalf': 1643.384704412265, 'WG_k': 0.9043167482805851, 'WG_c': 0.42911109074024095, 'rain_shift': 1.445995362494263, 'ign_k': 0.6837105121401703, 'rate_power': 1.1146090535151316}. Best is trial 209 with value: 0.6108097453057891.
[I 2026-05-22 18:09:45,576] Trial 440 finished with value: 0.5801309189168906 and parameters: {'P_amp': 0.0078055990311241, 'P_wet': 413.91782021529707, 'P_pow': 1.9397465504821108, 'WG_amp': 0.6566230542644196, 'WG_Phalf': 159.86379915270666, 'WG_k': 35.44041827498442, 'WG_c': 0.0006021824817184821, 'rain_shift': 0.02155898385208399, 'ign_k': 0.42371260395039584, 'rate_power': 0.7736114160461497}. Best is trial 209 with value: 0.6108097453057891.
[I 2026-05-22 18:09:46,044] Trial 441 finished with value: 0.6079614390037978 and parameters: {'P_amp': 0.03411845536394122, 'P_wet': 1630.201751835235, 'P_pow': 0.5515078656899447, 'WG_amp': 0.0653986266741208, 'WG_Phalf': 346.7689957189189, 'WG_k': 11.40200418849976, 'WG_c': 6.0911148865728375, 'rain_shift': 0.7365267094527612, 'ign_k': 0.48429145901375154, 'rate_power': 1.0360902108719707}. Best is trial 209 with value: 0.6108097453057891.
[I 2026-05-22 18:09:46,514] Trial 442 finished with value: 0.5684738519764202 and parameters: {'P_amp': 0.018866746459697048, 'P_wet': 2160.053271036376, 'P_pow': 1.8216901579574176, 'WG_amp': 0.16066234099315102, 'WG_Phalf': 453.79185663551937, 'WG_k': 0.4073731582293046, 'WG_c': 0.006440262722391712, 'rain_shift': 3.108192050864283, 'ign_k': 1.2754331782268944, 'rate_power': 0.9414968502847656}. Best is trial 209 with value: 0.6108097453057891.
[I 2026-05-22 18:09:46,984] Trial 443 finished with value: 0.593874253293091 and parameters: {'P_amp': 0.05077274218939205, 'P_wet': 3275.619320421264, 'P_pow': 0.6186700635689814, 'WG_amp': 0.20059311921515524, 'WG_Phalf': 1133.1898807573239, 'WG_k': 43.327343280773015, 'WG_c': 3.212101673561297, 'rain_shift': 3.3949826303614223, 'ign_k': 0.2819421062064607, 'rate_power': 0.7448528651073673}. Best is trial 209 with value: 0.6108097453057891.
[I 2026-05-22 18:09:47,455] Trial 444 finished with value: 0.6060061663594641 and parameters: {'P_amp': 0.2121670431688638, 'P_wet': 4308.156287090321, 'P_pow': 4.355195053335607, 'WG_amp': 0.761376263390303, 'WG_Phalf': 489.25676320794093, 'WG_k': 59.79407886153333, 'WG_c': 1.7877504996749012, 'rain_shift': 0.7142961012980493, 'ign_k': 1.3415718342627925, 'rate_power': 0.9721128863136154}. Best is trial 209 with value: 0.6108097453057891.
[I 2026-05-22 18:09:47,926] Trial 445 finished with value: 0.5946576415402003 and parameters: {'P_amp': 0.07655497074204284, 'P_wet': 2301.1530015035205, 'P_pow': 0.49128375351465453, 'WG_amp': 0.34233937151433635, 'WG_Phalf': 1743.0341455889982, 'WG_k': 9.54010288521351, 'WG_c': 4.119531811035429, 'rain_shift': 2.3983872952748135, 'ign_k': 0.5611489149917563, 'rate_power': 0.8955432397364161}. Best is trial 209 with value: 0.6108097453057891.
[I 2026-05-22 18:09:48,397] Trial 446 finished with value: 0.5642140236323149 and parameters: {'P_amp': 0.2658273682720856, 'P_wet': 1145.9997864523432, 'P_pow': 1.440258765575111, 'WG_amp': 0.18392604076034078, 'WG_Phalf': 1092.6845404676405, 'WG_k': 57.374097338375066, 'WG_c': 5.240619369743502, 'rain_shift': 3.2325056677682804, 'ign_k': 0.9571869605830654, 'rate_power': 0.9600548944791786}. Best is trial 209 with value: 0.6108097453057891.
[I 2026-05-22 18:09:48,863] Trial 447 finished with value: 0.5992191626967839 and parameters: {'P_amp': 0.023365769034400033, 'P_wet': 3414.2922524281184, 'P_pow': 0.6496677011257862, 'WG_amp': 0.023907427807430347, 'WG_Phalf': 134.9929801578204, 'WG_k': 46.54733041930785, 'WG_c': 2.2469861295333136, 'rain_shift': 1.3269745056854674, 'ign_k': 1.178990673706844, 'rate_power': 1.0612687003915906}. Best is trial 209 with value: 0.6108097453057891.
[I 2026-05-22 18:09:49,334] Trial 448 finished with value: 0.5761796799318226 and parameters: {'P_amp': 0.03920025795006749, 'P_wet': 5147.533241138217, 'P_pow': 0.6224364494432321, 'WG_amp': 0.06713193153339708, 'WG_Phalf': 497.5767461793723, 'WG_k': 89.4451255284836, 'WG_c': 5.785789310077692, 'rain_shift': 3.322117642287617, 'ign_k': 0.9798026357756494, 'rate_power': 0.8352587654523356}. Best is trial 209 with value: 0.6108097453057891.
[I 2026-05-22 18:09:49,800] Trial 449 finished with value: 0.5949905827583982 and parameters: {'P_amp': 0.43755437741004566, 'P_wet': 5197.594916088579, 'P_pow': 2.120263213678035, 'WG_amp': 0.7938677994896495, 'WG_Phalf': 887.4318930431325, 'WG_k': 2.2144800726953955, 'WG_c': 0.29578434217922467, 'rain_shift': 0.4482277916855053, 'ign_k': 2.7924109212177948, 'rate_power': 1.157529285025296}. Best is trial 209 with value: 0.6108097453057891.
[I 2026-05-22 18:09:50,262] Trial 450 finished with value: 0.6033136067973673 and parameters: {'P_amp': 0.7221066223909309, 'P_wet': 4806.439164417819, 'P_pow': 5.941407101843654, 'WG_amp': 0.3267277391357757, 'WG_Phalf': 298.6896872274422, 'WG_k': 14.005294800757705, 'WG_c': 1.5153212457535314, 'rain_shift': 1.0057943673973142, 'ign_k': 0.3790655068288529, 'rate_power': 0.8935278188478328}. Best is trial 209 with value: 0.6108097453057891.
[I 2026-05-22 18:09:50,729] Trial 451 finished with value: 0.6043068435518995 and parameters: {'P_amp': 0.6799745782844494, 'P_wet': 4119.082838278378, 'P_pow': 2.1315054852171462, 'WG_amp': 0.006736426968753123, 'WG_Phalf': 1390.1776528322675, 'WG_k': 0.11985469765747907, 'WG_c': 0.02750630255304157, 'rain_shift': 0.35709440596131786, 'ign_k': 0.5821933182685918, 'rate_power': 0.9556322782939957}. Best is trial 209 with value: 0.6108097453057891.
[I 2026-05-22 18:09:51,190] Trial 452 finished with value: 0.6072362001850506 and parameters: {'P_amp': 0.31478135808507945, 'P_wet': 5054.051481900174, 'P_pow': 3.0727233652126347, 'WG_amp': 0.5582409144950223, 'WG_Phalf': 1671.2496418949302, 'WG_k': 6.472377908789079, 'WG_c': 0.48843683130173127, 'rain_shift': 0.34593979084262577, 'ign_k': 0.6465820833744287, 'rate_power': 1.2244879682231429}. Best is trial 209 with value: 0.6108097453057891.
[I 2026-05-22 18:09:51,659] Trial 453 finished with value: 0.5998809086685196 and parameters: {'P_amp': 0.07302460137823512, 'P_wet': 3366.8915350275943, 'P_pow': 4.789502045936252, 'WG_amp': 0.408775218197653, 'WG_Phalf': 308.57107953869144, 'WG_k': 92.54397163989287, 'WG_c': 0.31310574006544667, 'rain_shift': 0.007833885452406486, 'ign_k': 1.081247114876296, 'rate_power': 0.81899050239924}. Best is trial 209 with value: 0.6108097453057891.
[I 2026-05-22 18:09:52,131] Trial 454 finished with value: 0.6069333600105857 and parameters: {'P_amp': 0.3713051179401846, 'P_wet': 4204.842088280016, 'P_pow': 2.2847157700790217, 'WG_amp': 0.12815612961937312, 'WG_Phalf': 167.79423245688182, 'WG_k': 1.3400400603385716, 'WG_c': 0.018882043955208722, 'rain_shift': 0.4007356001492809, 'ign_k': 0.7989067994763056, 'rate_power': 1.1093214848821018}. Best is trial 209 with value: 0.6108097453057891.
[I 2026-05-22 18:09:52,603] Trial 455 finished with value: 0.603333325935898 and parameters: {'P_amp': 0.1712346119106385, 'P_wet': 337.51370640055245, 'P_pow': 2.0072897548205626, 'WG_amp': 0.3408704059002713, 'WG_Phalf': 4367.41291435059, 'WG_k': 31.16878037706127, 'WG_c': 1.9088333369067039, 'rain_shift': 0.22930314076275685, 'ign_k': 1.4622399209570733, 'rate_power': 1.0999071372286007}. Best is trial 209 with value: 0.6108097453057891.
[I 2026-05-22 18:09:53,074] Trial 456 finished with value: 0.5990138936221382 and parameters: {'P_amp': 0.04206955288498972, 'P_wet': 4840.275134685213, 'P_pow': 0.7538265858488437, 'WG_amp': 0.09063369092891242, 'WG_Phalf': 637.345949690277, 'WG_k': 22.14524214361471, 'WG_c': 0.9510648386706576, 'rain_shift': 0.6479021513490955, 'ign_k': 0.4950264031276307, 'rate_power': 0.7992028241239764}. Best is trial 209 with value: 0.6108097453057891.
[I 2026-05-22 18:09:53,550] Trial 457 finished with value: 0.5971005441574182 and parameters: {'P_amp': 0.4290525087135752, 'P_wet': 5550.6496184494445, 'P_pow': 2.1584902303729008, 'WG_amp': 0.49929694869591634, 'WG_Phalf': 415.623002121618, 'WG_k': 3.3360306014327574, 'WG_c': 0.17684772201046858, 'rain_shift': 0.592415833071908, 'ign_k': 0.43237032733651015, 'rate_power': 0.7799804228114656}. Best is trial 209 with value: 0.6108097453057891.
[I 2026-05-22 18:09:54,017] Trial 458 finished with value: 0.5849015996788839 and parameters: {'P_amp': 0.5021950843460118, 'P_wet': 5293.199660060226, 'P_pow': 4.067777056741256, 'WG_amp': 0.05646008772155893, 'WG_Phalf': 729.4130601200505, 'WG_k': 4.464182913167879, 'WG_c': 4.43571262946789, 'rain_shift': 1.7564967707580645, 'ign_k': 1.661288562229624, 'rate_power': 1.154418154949353}. Best is trial 209 with value: 0.6108097453057891.
[I 2026-05-22 18:09:54,484] Trial 459 finished with value: 0.5167788149901484 and parameters: {'P_amp': 0.20571807296613626, 'P_wet': 805.0007571230478, 'P_pow': 3.02675565181033, 'WG_amp': 0.8422719960979507, 'WG_Phalf': 437.3301061591577, 'WG_k': 0.37113325184789525, 'WG_c': 0.05508293048735336, 'rain_shift': 7.095399160873215, 'ign_k': 0.9279392802170392, 'rate_power': 1.0067889877361897}. Best is trial 209 with value: 0.6108097453057891.
[I 2026-05-22 18:09:54,942] Trial 460 finished with value: 0.5965339830620486 and parameters: {'P_amp': 0.3924574595484567, 'P_wet': 5597.584474564793, 'P_pow': 3.7235242413429392, 'WG_amp': 0.06514638847222237, 'WG_Phalf': 173.4659859484904, 'WG_k': 9.105605182453429, 'WG_c': 0.14013568418599145, 'rain_shift': 1.7972447146054442, 'ign_k': 0.7277392333215076, 'rate_power': 1.0032399062488055}. Best is trial 209 with value: 0.6108097453057891.
[I 2026-05-22 18:09:55,407] Trial 461 finished with value: 0.5923105506881203 and parameters: {'P_amp': 0.22205846107227517, 'P_wet': 384.38567189129236, 'P_pow': 1.1594846609239613, 'WG_amp': 0.6155093139086851, 'WG_Phalf': 266.5638136793792, 'WG_k': 0.011072273630435182, 'WG_c': 0.0011951747390420095, 'rain_shift': 0.4316032053349259, 'ign_k': 0.4551131634579362, 'rate_power': 0.920009597742928}. Best is trial 209 with value: 0.6108097453057891.
[I 2026-05-22 18:09:55,871] Trial 462 finished with value: 0.6077053862659484 and parameters: {'P_amp': 0.5943002568442536, 'P_wet': 5817.143159962573, 'P_pow': 3.9048743771250347, 'WG_amp': 0.6956597652265492, 'WG_Phalf': 115.37021597385476, 'WG_k': 4.35141330819532, 'WG_c': 3.0499378110257176, 'rain_shift': 0.14451518605899033, 'ign_k': 0.7599888969578535, 'rate_power': 1.277472160499409}. Best is trial 209 with value: 0.6108097453057891.
[I 2026-05-22 18:09:56,337] Trial 463 finished with value: 0.6025013686160501 and parameters: {'P_amp': 0.2661589421022675, 'P_wet': 5051.368334690761, 'P_pow': 2.2904277649878195, 'WG_amp': 0.2617812279589614, 'WG_Phalf': 1429.2987833298453, 'WG_k': 1.5750803294242064, 'WG_c': 0.13250672741978037, 'rain_shift': 0.3577067185005155, 'ign_k': 0.5921879264364942, 'rate_power': 0.8953933835290886}. Best is trial 209 with value: 0.6108097453057891.
[I 2026-05-22 18:09:56,807] Trial 464 finished with value: 0.5425466815896833 and parameters: {'P_amp': 0.08146311045170374, 'P_wet': 724.9467372582117, 'P_pow': 3.752393010858324, 'WG_amp': 0.5829564558286748, 'WG_Phalf': 119.81824397282708, 'WG_k': 0.12503999428648088, 'WG_c': 0.08242705562598719, 'rain_shift': 9.026396837067416, 'ign_k': 0.20247004039133987, 'rate_power': 0.7803001915331675}. Best is trial 209 with value: 0.6108097453057891.
[I 2026-05-22 18:09:57,271] Trial 465 finished with value: 0.5887362210146742 and parameters: {'P_amp': 0.40649753094957825, 'P_wet': 5735.129778763682, 'P_pow': 1.396610400966197, 'WG_amp': 0.48819461753490084, 'WG_Phalf': 1265.9723137615983, 'WG_k': 1.8252196388089477, 'WG_c': 0.8557521614607945, 'rain_shift': 3.489754204638977, 'ign_k': 0.22585925343075497, 'rate_power': 0.7464632769835454}. Best is trial 209 with value: 0.6108097453057891.
[I 2026-05-22 18:09:57,738] Trial 466 finished with value: 0.4923062390854833 and parameters: {'P_amp': 0.8618181801963907, 'P_wet': 550.2121011343559, 'P_pow': 1.4220542510592986, 'WG_amp': 0.7034680076989015, 'WG_Phalf': 2680.8043303373224, 'WG_k': 0.15401556322138305, 'WG_c': 0.0009306078972029957, 'rain_shift': 7.245011735303788, 'ign_k': 0.13382402125762002, 'rate_power': 1.170514133628024}. Best is trial 209 with value: 0.6108097453057891.
[I 2026-05-22 18:09:58,203] Trial 467 finished with value: 0.5216084083278952 and parameters: {'P_amp': 0.49900974424361993, 'P_wet': 2455.982955703908, 'P_pow': 0.3461818841048374, 'WG_amp': 0.7714373389976883, 'WG_Phalf': 2394.3382695019523, 'WG_k': 0.6611622594646981, 'WG_c': 0.0005665366025541804, 'rain_shift': 5.299713360270976, 'ign_k': 0.34788991827831556, 'rate_power': 1.2320905682063517}. Best is trial 209 with value: 0.6108097453057891.
[I 2026-05-22 18:09:58,669] Trial 468 finished with value: 0.5836184851176659 and parameters: {'P_amp': 0.03179528951327498, 'P_wet': 4010.698323888948, 'P_pow': 1.8603421795358515, 'WG_amp': 0.44118237170115504, 'WG_Phalf': 452.63847322522986, 'WG_k': 11.38335801279792, 'WG_c': 3.746580545023069, 'rain_shift': 2.797784822172713, 'ign_k': 0.7248023894074591, 'rate_power': 0.9139849330118015}. Best is trial 209 with value: 0.6108097453057891.
[I 2026-05-22 18:09:59,134] Trial 469 finished with value: 0.5144049279817962 and parameters: {'P_amp': 0.5866151982312356, 'P_wet': 958.9133790805718, 'P_pow': 5.620137116105209, 'WG_amp': 0.564807073548522, 'WG_Phalf': 370.2168827043421, 'WG_k': 0.5654765080505705, 'WG_c': 0.001900725898051703, 'rain_shift': 4.968849849783437, 'ign_k': 2.7743854800827954, 'rate_power': 1.1356256316428708}. Best is trial 209 with value: 0.6108097453057891.
[I 2026-05-22 18:09:59,597] Trial 470 finished with value: 0.5988748259193719 and parameters: {'P_amp': 0.6210341338652486, 'P_wet': 3071.268388117857, 'P_pow': 4.000352719177547, 'WG_amp': 0.49040741062583865, 'WG_Phalf': 329.8905283557059, 'WG_k': 16.25695505833976, 'WG_c': 9.465890046889864, 'rain_shift': 1.4731162047348312, 'ign_k': 0.8979384750783094, 'rate_power': 1.0634577367362548}. Best is trial 209 with value: 0.6108097453057891.
[I 2026-05-22 18:10:00,062] Trial 471 finished with value: 0.6072930307071276 and parameters: {'P_amp': 0.5877227798832114, 'P_wet': 5752.426825154761, 'P_pow': 2.593219692842688, 'WG_amp': 0.35245861883286256, 'WG_Phalf': 198.0651994533483, 'WG_k': 7.650099731327858, 'WG_c': 1.3020626119765217, 'rain_shift': 1.1068938423332728, 'ign_k': 0.47014968363432147, 'rate_power': 1.0849947951254593}. Best is trial 209 with value: 0.6108097453057891.
[I 2026-05-22 18:10:00,527] Trial 472 finished with value: 0.5920891615130469 and parameters: {'P_amp': 0.35622068320121536, 'P_wet': 5445.124808316925, 'P_pow': 5.84637551907494, 'WG_amp': 0.7869989964130235, 'WG_Phalf': 259.9338966040176, 'WG_k': 31.695763479621053, 'WG_c': 4.109957761949991, 'rain_shift': 2.298835383874839, 'ign_k': 0.5115247110974156, 'rate_power': 1.0214269336994894}. Best is trial 209 with value: 0.6108097453057891.
[I 2026-05-22 18:10:00,995] Trial 473 finished with value: 0.5888377182756463 and parameters: {'P_amp': 0.047548358076888286, 'P_wet': 4318.173054420282, 'P_pow': 2.317471199683766, 'WG_amp': 0.08238052839201401, 'WG_Phalf': 574.5737082093898, 'WG_k': 28.487344679999893, 'WG_c': 0.009078731258825301, 'rain_shift': 0.42111191863395603, 'ign_k': 0.34872256678609564, 'rate_power': 0.8625646126607114}. Best is trial 209 with value: 0.6108097453057891.
[I 2026-05-22 18:10:01,464] Trial 474 finished with value: 0.5922605526900828 and parameters: {'P_amp': 0.36051830026798914, 'P_wet': 2540.456407135486, 'P_pow': 0.20302170359482785, 'WG_amp': 0.0809612147073037, 'WG_Phalf': 235.720384395577, 'WG_k': 1.9406714929697946, 'WG_c': 1.7803346978039636, 'rain_shift': 2.042599748164893, 'ign_k': 0.7414123231816605, 'rate_power': 0.8531439041526208}. Best is trial 209 with value: 0.6108097453057891.
[I 2026-05-22 18:10:01,930] Trial 475 finished with value: 0.605265449159592 and parameters: {'P_amp': 0.09309190287173622, 'P_wet': 4258.219809247086, 'P_pow': 0.755711871250369, 'WG_amp': 0.18070739883730474, 'WG_Phalf': 331.6141382168325, 'WG_k': 0.18855717484830883, 'WG_c': 0.10191960181287905, 'rain_shift': 0.325043081415107, 'ign_k': 0.5838417023610402, 'rate_power': 1.123979905706429}. Best is trial 209 with value: 0.6108097453057891.
[I 2026-05-22 18:10:02,396] Trial 476 finished with value: 0.5180446129110933 and parameters: {'P_amp': 0.8955045313489169, 'P_wet': 1005.579285483361, 'P_pow': 1.2700113777481221, 'WG_amp': 0.5678705439831897, 'WG_Phalf': 407.3764029605948, 'WG_k': 0.025274842957389618, 'WG_c': 1.4396328254767206, 'rain_shift': 9.590344406695383, 'ign_k': 0.055800364730453876, 'rate_power': 1.000233637864985}. Best is trial 209 with value: 0.6108097453057891.
[I 2026-05-22 18:10:02,862] Trial 477 finished with value: 0.6050427075299076 and parameters: {'P_amp': 0.2379421384847783, 'P_wet': 4292.982536339547, 'P_pow': 2.333767238295807, 'WG_amp': 0.009089129871850933, 'WG_Phalf': 366.43792328306887, 'WG_k': 23.48209428770414, 'WG_c': 0.3946802965661319, 'rain_shift': 1.6362644015018886, 'ign_k': 0.396956114543733, 'rate_power': 0.9464021016938347}. Best is trial 209 with value: 0.6108097453057891.
[I 2026-05-22 18:10:03,326] Trial 478 finished with value: 0.5966157596242544 and parameters: {'P_amp': 0.07735332807369649, 'P_wet': 2708.633615124746, 'P_pow': 4.788006036735559, 'WG_amp': 0.3581323340962691, 'WG_Phalf': 230.34357243619175, 'WG_k': 5.178001746191873, 'WG_c': 1.3647871979700157, 'rain_shift': 1.9354059697154415, 'ign_k': 0.7422916304687399, 'rate_power': 0.9742384771367361}. Best is trial 209 with value: 0.6108097453057891.
[I 2026-05-22 18:10:03,793] Trial 479 finished with value: 0.5452258510288033 and parameters: {'P_amp': 0.8114328530590635, 'P_wet': 887.2496490574491, 'P_pow': 5.849879091770528, 'WG_amp': 0.609381104114676, 'WG_Phalf': 484.99888187476097, 'WG_k': 13.645709081349297, 'WG_c': 0.009365022173759487, 'rain_shift': 3.806834603587431, 'ign_k': 0.327450679001056, 'rate_power': 0.741523270270119}. Best is trial 209 with value: 0.6108097453057891.
[I 2026-05-22 18:10:04,259] Trial 480 finished with value: 0.6052927883474994 and parameters: {'P_amp': 0.18745034187578447, 'P_wet': 2236.897348985269, 'P_pow': 1.1780707313112861, 'WG_amp': 0.24118723911853168, 'WG_Phalf': 997.7780365613831, 'WG_k': 21.635289797761917, 'WG_c': 0.6583325311060345, 'rain_shift': 1.6721106098522553, 'ign_k': 0.5664606689547402, 'rate_power': 0.9085244582147385}. Best is trial 209 with value: 0.6108097453057891.
[I 2026-05-22 18:10:04,727] Trial 481 finished with value: 0.5152800277004778 and parameters: {'P_amp': 0.4556194034992237, 'P_wet': 864.5423069693079, 'P_pow': 5.033859910281601, 'WG_amp': 0.8424561233651761, 'WG_Phalf': 1005.3984264910661, 'WG_k': 1.4487690827408557, 'WG_c': 0.5882543067048915, 'rain_shift': 7.423399110800838, 'ign_k': 0.37548774630349663, 'rate_power': 1.1286940262503258}. Best is trial 209 with value: 0.6108097453057891.
[I 2026-05-22 18:10:05,192] Trial 482 finished with value: 0.6083838245049347 and parameters: {'P_amp': 0.6253469167892205, 'P_wet': 5126.728823460301, 'P_pow': 3.8705009278473783, 'WG_amp': 0.023083160372826386, 'WG_Phalf': 1853.7722315634326, 'WG_k': 5.952996831940984, 'WG_c': 0.16531301461866912, 'rain_shift': 0.7475423093862739, 'ign_k': 0.5358577287798219, 'rate_power': 1.1102566935005262}. Best is trial 209 with value: 0.6108097453057891.
[I 2026-05-22 18:10:05,654] Trial 483 finished with value: 0.5820618502387126 and parameters: {'P_amp': 0.04720502392033671, 'P_wet': 752.7923220048096, 'P_pow': 2.294097711348402, 'WG_amp': 0.3813640600388068, 'WG_Phalf': 876.0981980876653, 'WG_k': 5.010255872412074, 'WG_c': 0.0053507027017899176, 'rain_shift': 4.359836738120355, 'ign_k': 0.22593959147718726, 'rate_power': 0.715106981699046}. Best is trial 209 with value: 0.6108097453057891.
[I 2026-05-22 18:10:06,111] Trial 484 finished with value: 0.6076418279509829 and parameters: {'P_amp': 0.6721218167799947, 'P_wet': 3019.123380259242, 'P_pow': 4.359522528117312, 'WG_amp': 0.014322395780340702, 'WG_Phalf': 1493.781505901628, 'WG_k': 1.9931083986320866, 'WG_c': 0.19400775473309648, 'rain_shift': 0.06921300658380147, 'ign_k': 1.0228853919649485, 'rate_power': 1.1357251963851736}. Best is trial 209 with value: 0.6108097453057891.
[I 2026-05-22 18:10:06,568] Trial 485 finished with value: 0.605738069375992 and parameters: {'P_amp': 0.030846203509161313, 'P_wet': 1816.9988791699757, 'P_pow': 3.224680430093416, 'WG_amp': 0.23010995546801724, 'WG_Phalf': 194.27761151667656, 'WG_k': 99.72066464003457, 'WG_c': 5.516989580443228, 'rain_shift': 0.49873824232103103, 'ign_k': 0.4673290986072243, 'rate_power': 1.0313267058065498}. Best is trial 209 with value: 0.6108097453057891.
[I 2026-05-22 18:10:07,026] Trial 486 finished with value: 0.5923095761663296 and parameters: {'P_amp': 0.5357318342598053, 'P_wet': 4911.836919434633, 'P_pow': 4.971539471814948, 'WG_amp': 0.19259711540105562, 'WG_Phalf': 1980.5955478834383, 'WG_k': 11.845847086182502, 'WG_c': 0.8123365954376751, 'rain_shift': 1.2050834858536292, 'ign_k': 0.22896076822940628, 'rate_power': 1.0214996892974162}. Best is trial 209 with value: 0.6108097453057891.
