[I 2026-05-22 17:34:54,642] Trial 305 finished with value: 0.4658813707101275 and parameters: {'k1': 0.0013507870860215221, 'D_low': 163.85405609754503, 'k2': 0.0008019034318690716, 'D_high': 454.237127425304, 'fire_exp': 0.698967388998073, 'P_half': 2.259224235542821, 'pre_dampen_half': 2.807746570859825, 'gpp_af': 7.614208022349919, 'gpp_b': 3.4915842040404086e-06, 'gpp_d': 121.50955012463359, 'ign_k': 0.6786839260896154, 'ign_c': 27.38791375145463, 'P_wet_supp': 913.6966442900975, 'P_wet_pow': 3.4943701854501263, 'P_half2': 0.2422191981188683, 'P_floor_pow': 1.85415402504439}. Best is trial 251 with value: 0.587606512700343.
[I 2026-05-22 17:34:55,193] Trial 306 finished with value: 0.5418405363894389 and parameters: {'k1': 0.008755605327550422, 'D_low': 2.1427123293925803, 'k2': 0.01418400296164531, 'D_high': 80994.14971772535, 'fire_exp': 3.4230184775022527, 'P_half': 0.35866632162484147, 'pre_dampen_half': 896.0498399687353, 'gpp_af': 56.52110125203085, 'gpp_b': 2.9657675851476663e-06, 'gpp_d': 261.13776358436377, 'ign_k': 0.32358124579717057, 'ign_c': 0.19729372658767377, 'P_wet_supp': 6895.4345229513365, 'P_wet_pow': 4.7234451974286396, 'P_half2': 2219.287898545553, 'P_floor_pow': 0.37113773423814406}. Best is trial 251 with value: 0.587606512700343.
[I 2026-05-22 17:34:55,744] Trial 307 finished with value: 0.5940954180843564 and parameters: {'k1': 0.06900629240345378, 'D_low': 5.632076504921879, 'k2': 0.04794862879820736, 'D_high': 31870.928225690197, 'fire_exp': 0.36416124754991064, 'P_half': 0.24300545282671554, 'pre_dampen_half': 0.28342828692674454, 'gpp_af': 73.57254824609738, 'gpp_b': 1.667615290699395e-05, 'gpp_d': 328.30302410075143, 'ign_k': 8.92853109118944, 'ign_c': 17.83519287861066, 'P_wet_supp': 3604.8773854034234, 'P_wet_pow': 2.6971284372168913, 'P_half2': 0.12815045625559537, 'P_floor_pow': 1.6422552151660275}. Best is trial 307 with value: 0.5940954180843564.
[I 2026-05-22 17:34:56,292] Trial 308 finished with value: 0.45678586430868984 and parameters: {'k1': 0.05822229434107627, 'D_low': 450.94425668727973, 'k2': 0.0002443374758198688, 'D_high': 85540.81342078805, 'fire_exp': 2.8714113351887387, 'P_half': 0.13328259929190212, 'pre_dampen_half': 0.49367025722570107, 'gpp_af': 0.0010071168644384054, 'gpp_b': 3.511820376277711e-05, 'gpp_d': 0.10145973937364926, 'ign_k': 0.4417568486314978, 'ign_c': 6.38391329588175, 'P_wet_supp': 6080.311171738098, 'P_wet_pow': 1.5782605594639318, 'P_half2': 48.47568744249666, 'P_floor_pow': 1.9084452381589234}. Best is trial 307 with value: 0.5940954180843564.
[I 2026-05-22 17:34:56,843] Trial 309 finished with value: 0.3994490055432051 and parameters: {'k1': 0.026597523430495953, 'D_low': 1.6170066818997622, 'k2': 0.0218996351855327, 'D_high': 76554.43630410885, 'fire_exp': 0.38570469451704953, 'P_half': 5.513951018936176, 'pre_dampen_half': 4.3558085790800956, 'gpp_af': 16.811477525094677, 'gpp_b': 3.7806322145418013e-06, 'gpp_d': 21.293556891376834, 'ign_k': 9.725161403766087, 'ign_c': 88.42861822957074, 'P_wet_supp': 5864.842719624379, 'P_wet_pow': 2.8900696435381663, 'P_half2': 0.19829556829936945, 'P_floor_pow': 1.3382449171040252}. Best is trial 307 with value: 0.5940954180843564.
[I 2026-05-22 17:34:57,402] Trial 310 finished with value: 0.47517540838491457 and parameters: {'k1': 0.05855938580645161, 'D_low': 842.5370663582804, 'k2': 0.0003207514100154516, 'D_high': 33700.733204040516, 'fire_exp': 1.1974639288592406, 'P_half': 1.6565998578107717, 'pre_dampen_half': 63.24506433609186, 'gpp_af': 0.002122794361604857, 'gpp_b': 5.303973786488906e-06, 'gpp_d': 2.606299704585837, 'ign_k': 0.012944064029902298, 'ign_c': 3.430798661059372, 'P_wet_supp': 9344.66864826431, 'P_wet_pow': 2.5274727126292196, 'P_half2': 1.151627480590979, 'P_floor_pow': 2.119490720130625}. Best is trial 307 with value: 0.5940954180843564.
[I 2026-05-22 17:34:57,954] Trial 311 finished with value: 0.528836951481612 and parameters: {'k1': 0.015819034945614506, 'D_low': 1.6363561543090042, 'k2': 0.007973718461680228, 'D_high': 32565.94072744012, 'fire_exp': 0.6450569111123365, 'P_half': 6.169014309329378, 'pre_dampen_half': 0.2878826101969759, 'gpp_af': 62.923718671661916, 'gpp_b': 3.358464214514709e-05, 'gpp_d': 7.924192459364577, 'ign_k': 8.436767601874932, 'ign_c': 0.712309009059424, 'P_wet_supp': 6981.194495534152, 'P_wet_pow': 3.839250467519202, 'P_half2': 40.470828152612164, 'P_floor_pow': 2.287644563623423}. Best is trial 307 with value: 0.5940954180843564.
[I 2026-05-22 17:34:58,506] Trial 312 finished with value: 0.5348999107934614 and parameters: {'k1': 0.0008743092520553037, 'D_low': 19.440367023456236, 'k2': 7.161333104204475e-05, 'D_high': 3134.013403799275, 'fire_exp': 0.5346119513848533, 'P_half': 0.10973809957346657, 'pre_dampen_half': 70.01793781449209, 'gpp_af': 4.081016272136034, 'gpp_b': 1.5988786101497872e-06, 'gpp_d': 4.89775578711375, 'ign_k': 4.425621573560012, 'ign_c': 10.402236800738693, 'P_wet_supp': 4498.22971830016, 'P_wet_pow': 3.5354665738491002, 'P_half2': 0.2292173899905384, 'P_floor_pow': 2.588139653273026}. Best is trial 307 with value: 0.5940954180843564.
[I 2026-05-22 17:34:59,059] Trial 313 finished with value: 0.4569574852125841 and parameters: {'k1': 0.05943453802830762, 'D_low': 59.771490806908275, 'k2': 0.05113265167202748, 'D_high': 781.7848034551563, 'fire_exp': 0.4152943335050317, 'P_half': 0.9144857942456979, 'pre_dampen_half': 0.4700095045457845, 'gpp_af': 10.388868762159197, 'gpp_b': 6.430211746157105e-05, 'gpp_d': 7.7737374813487365, 'ign_k': 0.6029888298275672, 'ign_c': 42.90528735048035, 'P_wet_supp': 581.9457858293014, 'P_wet_pow': 2.4746374909352213, 'P_half2': 0.7609885899062822, 'P_floor_pow': 2.638676275891571}. Best is trial 307 with value: 0.5940954180843564.
[I 2026-05-22 17:34:59,607] Trial 314 finished with value: 0.48891233766986 and parameters: {'k1': 0.005265718267484186, 'D_low': 1.3870846506582533, 'k2': 0.026623861563036148, 'D_high': 11847.663227350506, 'fire_exp': 1.4025472267207009, 'P_half': 0.15459133739862796, 'pre_dampen_half': 0.6188269675739213, 'gpp_af': 9.453469137080582, 'gpp_b': 1.9121235256625593e-06, 'gpp_d': 131.07446687660885, 'ign_k': 0.03549323139810681, 'ign_c': 0.9526017045675622, 'P_wet_supp': 1960.4548897818775, 'P_wet_pow': 3.7918201323362086, 'P_half2': 634.4533816621052, 'P_floor_pow': 0.8636934200430069}. Best is trial 307 with value: 0.5940954180843564.
[I 2026-05-22 17:35:00,153] Trial 315 finished with value: 0.5726016524184168 and parameters: {'k1': 0.02643408418499785, 'D_low': 1.2745503790129329, 'k2': 0.07824641121137486, 'D_high': 81120.37817525842, 'fire_exp': 0.4920239455760565, 'P_half': 0.7892000676458698, 'pre_dampen_half': 0.156609223160599, 'gpp_af': 25.146676556493386, 'gpp_b': 0.0007085372368544336, 'gpp_d': 514.5798167526018, 'ign_k': 0.9518378624442325, 'ign_c': 9.10907602946661, 'P_wet_supp': 1458.2526332865702, 'P_wet_pow': 3.477301475350376, 'P_half2': 0.13930478658982795, 'P_floor_pow': 1.42062832770143}. Best is trial 307 with value: 0.5940954180843564.
[I 2026-05-22 17:35:00,706] Trial 316 finished with value: 0.3994490055432051 and parameters: {'k1': 0.01858129224201611, 'D_low': 1.4661848546760419, 'k2': 0.07169551355674478, 'D_high': 19333.354561543652, 'fire_exp': 0.8745841048932945, 'P_half': 90.50812460217438, 'pre_dampen_half': 0.09101075282589287, 'gpp_af': 22.451415131350135, 'gpp_b': 0.005313797744343293, 'gpp_d': 685.4293792847174, 'ign_k': 0.49843571357684324, 'ign_c': 106.10253896595674, 'P_wet_supp': 5858.741795351507, 'P_wet_pow': 2.488642402547578, 'P_half2': 0.4758321454454365, 'P_floor_pow': 1.4961723504006514}. Best is trial 307 with value: 0.5940954180843564.
[I 2026-05-22 17:35:01,258] Trial 317 finished with value: 0.568341529339657 and parameters: {'k1': 0.005802849465217085, 'D_low': 36.95698269132559, 'k2': 0.003791134391718477, 'D_high': 1334.041787829232, 'fire_exp': 0.607254477396655, 'P_half': 41.24250588679439, 'pre_dampen_half': 2.4526069953356173, 'gpp_af': 1.9798208406625528, 'gpp_b': 0.00026280283952837685, 'gpp_d': 7.008530586356808, 'ign_k': 0.1973785278278987, 'ign_c': 0.24970490708544085, 'P_wet_supp': 4890.356421679273, 'P_wet_pow': 2.136618397083393, 'P_half2': 12.014836029136092, 'P_floor_pow': 1.1157021063283465}. Best is trial 307 with value: 0.5940954180843564.
[I 2026-05-22 17:35:01,810] Trial 318 finished with value: 0.5090990501371483 and parameters: {'k1': 0.005825021134797333, 'D_low': 1.0110176678800826, 'k2': 0.008545093668512678, 'D_high': 11532.885813398554, 'fire_exp': 1.8930998821492508, 'P_half': 0.1607373276060624, 'pre_dampen_half': 759.3504106863899, 'gpp_af': 6.713622104836739, 'gpp_b': 7.700130578274472e-05, 'gpp_d': 800.5731769989718, 'ign_k': 0.07348924615154488, 'ign_c': 0.12961836957778486, 'P_wet_supp': 5280.045331250596, 'P_wet_pow': 4.557873600341675, 'P_half2': 8.844348477344733, 'P_floor_pow': 0.6510788870810739}. Best is trial 307 with value: 0.5940954180843564.
[I 2026-05-22 17:35:02,364] Trial 319 finished with value: 0.5515207454701008 and parameters: {'k1': 0.026389678317299135, 'D_low': 3.7030354158380603, 'k2': 0.008876867230296355, 'D_high': 59473.44483705722, 'fire_exp': 0.6884859151961519, 'P_half': 0.1206077219481299, 'pre_dampen_half': 4.194397868291442, 'gpp_af': 5.316167594282724, 'gpp_b': 0.00034996164194685026, 'gpp_d': 321.12408684836487, 'ign_k': 0.7725991087381266, 'ign_c': 2.887843529116178, 'P_wet_supp': 5095.492819037613, 'P_wet_pow': 3.3751483842956196, 'P_half2': 0.4911969617912645, 'P_floor_pow': 0.9510908196641872}. Best is trial 307 with value: 0.5940954180843564.
[I 2026-05-22 17:35:02,915] Trial 320 finished with value: 0.5727395301794111 and parameters: {'k1': 0.05013538230584412, 'D_low': 38.91387927147158, 'k2': 0.0026884773274810383, 'D_high': 61107.20678921498, 'fire_exp': 0.3846805715738132, 'P_half': 0.3843437473319386, 'pre_dampen_half': 0.03354691471658936, 'gpp_af': 0.06879955311271695, 'gpp_b': 3.1845439832774996e-05, 'gpp_d': 578.2463941574013, 'ign_k': 1.234430254251722, 'ign_c': 6.269699603014916, 'P_wet_supp': 9642.419394274664, 'P_wet_pow': 4.0282027240402485, 'P_half2': 0.5782256411904918, 'P_floor_pow': 2.0292800608953248}. Best is trial 307 with value: 0.5940954180843564.
[I 2026-05-22 17:35:03,466] Trial 321 finished with value: 0.5712683870639599 and parameters: {'k1': 0.0021718756132289747, 'D_low': 1.8069477307331152, 'k2': 0.038752432353864164, 'D_high': 13889.8124625266, 'fire_exp': 0.3595732325820037, 'P_half': 0.19991721107963648, 'pre_dampen_half': 1.390557725327374, 'gpp_af': 0.05988798983715428, 'gpp_b': 4.574107169278643e-05, 'gpp_d': 1.085055071946172, 'ign_k': 0.23256698659105896, 'ign_c': 19.997149805404412, 'P_wet_supp': 2079.3144590477705, 'P_wet_pow': 2.323562780582212, 'P_half2': 0.1394977512470248, 'P_floor_pow': 2.313768434839935}. Best is trial 307 with value: 0.5940954180843564.
[I 2026-05-22 17:35:04,018] Trial 322 finished with value: 0.5473165335841327 and parameters: {'k1': 0.0122662070828573, 'D_low': 1.5819521638288978, 'k2': 0.09754480372919837, 'D_high': 83962.43036488393, 'fire_exp': 0.8037590491889416, 'P_half': 0.22582243552257564, 'pre_dampen_half': 0.07034648527971467, 'gpp_af': 44.714857989368326, 'gpp_b': 0.013773757403007651, 'gpp_d': 115.2479620626086, 'ign_k': 3.5120836315107278, 'ign_c': 3.135795563055258, 'P_wet_supp': 1825.5434784239137, 'P_wet_pow': 4.768952682756597, 'P_half2': 2.52250916082858, 'P_floor_pow': 0.47149862523610253}. Best is trial 307 with value: 0.5940954180843564.
[I 2026-05-22 17:35:04,567] Trial 323 finished with value: 0.44264090744753537 and parameters: {'k1': 0.00020168762434669385, 'D_low': 2.434878622192949, 'k2': 0.008586421828757558, 'D_high': 6491.255621333688, 'fire_exp': 0.4966326939628786, 'P_half': 9.431504205862547, 'pre_dampen_half': 7.599364595305411, 'gpp_af': 0.009738060510973255, 'gpp_b': 3.5631711992344366e-05, 'gpp_d': 0.35689663078118794, 'ign_k': 0.5824067056541915, 'ign_c': 45.342055829899984, 'P_wet_supp': 284.7934703490317, 'P_wet_pow': 1.232696030731083, 'P_half2': 0.7688930373216885, 'P_floor_pow': 1.9843507747211837}. Best is trial 307 with value: 0.5940954180843564.
[I 2026-05-22 17:35:05,111] Trial 324 finished with value: 0.5615155668350469 and parameters: {'k1': 0.0002694466107398985, 'D_low': 6.66266131444861, 'k2': 0.03003390652668749, 'D_high': 76854.18390678265, 'fire_exp': 0.3696575261493471, 'P_half': 0.19129262577674225, 'pre_dampen_half': 2.9204859141898796, 'gpp_af': 0.3957485939717639, 'gpp_b': 6.308683836697984e-05, 'gpp_d': 1.4550235938132028, 'ign_k': 0.6395629402709928, 'ign_c': 16.140115131928397, 'P_wet_supp': 1006.0097862636304, 'P_wet_pow': 1.3405852390563702, 'P_half2': 0.6777317797059915, 'P_floor_pow': 2.6859231475827086}. Best is trial 307 with value: 0.5940954180843564.
[I 2026-05-22 17:35:05,651] Trial 325 finished with value: 0.4656928882605322 and parameters: {'k1': 0.05447564191173738, 'D_low': 2.0414274952132607, 'k2': 0.09851932684445475, 'D_high': 6196.140462022899, 'fire_exp': 0.39078800623631715, 'P_half': 0.43763445619510005, 'pre_dampen_half': 0.26366749077556645, 'gpp_af': 7.5099102469846, 'gpp_b': 3.404788927329448e-05, 'gpp_d': 90.43332614485877, 'ign_k': 1.0054054970076889, 'ign_c': 24.00271596258421, 'P_wet_supp': 97.13551964972544, 'P_wet_pow': 2.940051757104723, 'P_half2': 0.23358709330953698, 'P_floor_pow': 1.256479064143736}. Best is trial 307 with value: 0.5940954180843564.
[I 2026-05-22 17:35:06,194] Trial 326 finished with value: 0.46248045632978346 and parameters: {'k1': 0.07661233341567433, 'D_low': 2.3210844908681945, 'k2': 0.00040430020918979967, 'D_high': 85693.13619045957, 'fire_exp': 0.6298145432801038, 'P_half': 8236.215435303755, 'pre_dampen_half': 0.019841084373496857, 'gpp_af': 0.0057861749307869656, 'gpp_b': 3.397981125702596e-05, 'gpp_d': 0.12697160431709045, 'ign_k': 0.027587887441094475, 'ign_c': 0.2577192760743952, 'P_wet_supp': 347.23376393443016, 'P_wet_pow': 2.3888997549262605, 'P_half2': 25.826913129874047, 'P_floor_pow': 3.2792552769344825}. Best is trial 307 with value: 0.5940954180843564.
[I 2026-05-22 17:35:06,739] Trial 327 finished with value: 0.5568408122905095 and parameters: {'k1': 0.014952459019645986, 'D_low': 10.316443651818167, 'k2': 0.09572387730963072, 'D_high': 8237.39322736698, 'fire_exp': 0.37846413904822784, 'P_half': 0.2221767470575846, 'pre_dampen_half': 0.25022393523670144, 'gpp_af': 0.005550616332430368, 'gpp_b': 7.536866406239313e-06, 'gpp_d': 1.4338378740764477, 'ign_k': 0.16046244404683208, 'ign_c': 34.11984039549495, 'P_wet_supp': 4330.1988311733685, 'P_wet_pow': 2.17483887896674, 'P_half2': 0.1509837557128889, 'P_floor_pow': 1.9387515390052255}. Best is trial 307 with value: 0.5940954180843564.
[I 2026-05-22 17:35:07,284] Trial 328 finished with value: 0.5457687818867523 and parameters: {'k1': 0.008611836640406573, 'D_low': 76.24792143271307, 'k2': 2.0381163954155072e-05, 'D_high': 24872.136898111094, 'fire_exp': 0.3601036059941856, 'P_half': 1.1206637770143175, 'pre_dampen_half': 3.7435499770452094, 'gpp_af': 0.016463894812566292, 'gpp_b': 0.00012323963898002246, 'gpp_d': 0.535272805601108, 'ign_k': 0.018987798842133547, 'ign_c': 10.803552429999687, 'P_wet_supp': 2598.6910594112983, 'P_wet_pow': 2.146459737588287, 'P_half2': 25.339312775898502, 'P_floor_pow': 1.5442685816557138}. Best is trial 307 with value: 0.5940954180843564.
[I 2026-05-22 17:35:07,828] Trial 329 finished with value: 0.491349992741841 and parameters: {'k1': 0.030747458552471133, 'D_low': 649.5188313068288, 'k2': 0.004128705330931506, 'D_high': 7418.2721891827705, 'fire_exp': 0.586113724247168, 'P_half': 0.4188301662998722, 'pre_dampen_half': 0.037073088653867485, 'gpp_af': 0.1191524030959714, 'gpp_b': 1.4609860115505849e-05, 'gpp_d': 52.44161522365682, 'ign_k': 1.8605255982485496, 'ign_c': 12.197794830613223, 'P_wet_supp': 6773.562599660356, 'P_wet_pow': 3.8972656529018446, 'P_half2': 0.576953719111645, 'P_floor_pow': 1.6621216002959078}. Best is trial 307 with value: 0.5940954180843564.
[I 2026-05-22 17:35:08,372] Trial 330 finished with value: 0.5258336920256795 and parameters: {'k1': 0.002008087051110889, 'D_low': 1.3290436252879871, 'k2': 0.016647735018304334, 'D_high': 4689.6312088257655, 'fire_exp': 0.44155171838452056, 'P_half': 0.15312586699979414, 'pre_dampen_half': 20.466433298689605, 'gpp_af': 0.009127344360715774, 'gpp_b': 3.31794916038418e-05, 'gpp_d': 0.09623933165779688, 'ign_k': 0.34389669802148476, 'ign_c': 1.511453862547176, 'P_wet_supp': 5261.624946846843, 'P_wet_pow': 1.9804125529211474, 'P_half2': 0.7050319918489151, 'P_floor_pow': 3.0965568557624206}. Best is trial 307 with value: 0.5940954180843564.
[I 2026-05-22 17:35:08,924] Trial 331 finished with value: 0.5545459995695066 and parameters: {'k1': 0.013291749917833844, 'D_low': 6.5632247762453915, 'k2': 0.029046355543108346, 'D_high': 15047.126513794736, 'fire_exp': 0.5081254879182123, 'P_half': 0.6322610595606926, 'pre_dampen_half': 0.03361856624257536, 'gpp_af': 43.954795386080605, 'gpp_b': 0.0002609477592873351, 'gpp_d': 555.3113757808277, 'ign_k': 1.383062559234672, 'ign_c': 2.673642494621013, 'P_wet_supp': 1803.2733440877996, 'P_wet_pow': 4.173929712760652, 'P_half2': 0.11617321521020799, 'P_floor_pow': 2.0486295234030525}. Best is trial 307 with value: 0.5940954180843564.
[I 2026-05-22 17:35:09,465] Trial 332 finished with value: 0.5101912582730855 and parameters: {'k1': 0.08722216366849511, 'D_low': 52.090023243019445, 'k2': 0.0007205814880878445, 'D_high': 10053.736655649385, 'fire_exp': 0.5404002785241486, 'P_half': 16.51629432042306, 'pre_dampen_half': 0.10535859814939305, 'gpp_af': 0.08321719745073665, 'gpp_b': 7.928461217098965e-05, 'gpp_d': 88.00179326880753, 'ign_k': 0.4535118242878703, 'ign_c': 6.061180416106422, 'P_wet_supp': 819.3090422023112, 'P_wet_pow': 3.625657046917254, 'P_half2': 37.21852136960441, 'P_floor_pow': 3.846382345705161}. Best is trial 307 with value: 0.5940954180843564.
[I 2026-05-22 17:35:10,007] Trial 333 finished with value: 0.46004300123472275 and parameters: {'k1': 0.0011656386815835837, 'D_low': 1.5646182340362365, 'k2': 0.047863708540711904, 'D_high': 3751.451626379416, 'fire_exp': 0.6144489255837122, 'P_half': 0.16997772782726006, 'pre_dampen_half': 9.769411982938315, 'gpp_af': 0.19811574590928932, 'gpp_b': 7.8890969666464e-05, 'gpp_d': 14.116791905804293, 'ign_k': 0.11464513207753133, 'ign_c': 102.20600682399647, 'P_wet_supp': 5412.161425838641, 'P_wet_pow': 1.8745176778982036, 'P_half2': 0.1924581430578646, 'P_floor_pow': 3.109013742424729}. Best is trial 307 with value: 0.5940954180843564.
[I 2026-05-22 17:35:10,548] Trial 334 finished with value: 0.4466625424393223 and parameters: {'k1': 0.061680288648362794, 'D_low': 20.527243172478183, 'k2': 0.004847632210495335, 'D_high': 33215.45022033366, 'fire_exp': 0.4714821290089725, 'P_half': 30.04463009415724, 'pre_dampen_half': 0.014152855267563123, 'gpp_af': 0.0012221782184181698, 'gpp_b': 6.370947511881587e-06, 'gpp_d': 0.014321132695278972, 'ign_k': 1.5996619641421204, 'ign_c': 32.51242911992182, 'P_wet_supp': 1207.5371930483439, 'P_wet_pow': 4.288760945367053, 'P_half2': 32.80588247526521, 'P_floor_pow': 2.7102750072039146}. Best is trial 307 with value: 0.5940954180843564.
[I 2026-05-22 17:35:11,096] Trial 335 finished with value: 0.45114775457068695 and parameters: {'k1': 0.002233370625159908, 'D_low': 105.94247692619645, 'k2': 0.007835226153582588, 'D_high': 1247.45452028041, 'fire_exp': 0.6489286260940362, 'P_half': 188.98915324008257, 'pre_dampen_half': 0.22417083642514007, 'gpp_af': 90.90514073398641, 'gpp_b': 1.6265275541114205e-05, 'gpp_d': 0.988755809296946, 'ign_k': 0.4454431589053106, 'ign_c': 0.18828582666455915, 'P_wet_supp': 6535.45200328233, 'P_wet_pow': 2.08337578269978, 'P_half2': 2.339037916036868, 'P_floor_pow': 0.3990223871300024}. Best is trial 307 with value: 0.5940954180843564.
[I 2026-05-22 17:35:11,636] Trial 336 finished with value: 0.504019358852078 and parameters: {'k1': 0.028351547880899428, 'D_low': 628.6268832224987, 'k2': 0.0017458861408149908, 'D_high': 16093.304931180639, 'fire_exp': 1.105129145512571, 'P_half': 1.8520060496319564, 'pre_dampen_half': 16.963362196295435, 'gpp_af': 40.507752637468805, 'gpp_b': 9.656014087007343e-05, 'gpp_d': 634.938700531221, 'ign_k': 2.771004414809005, 'ign_c': 25.286791721972936, 'P_wet_supp': 1742.77814421333, 'P_wet_pow': 2.9715107287488394, 'P_half2': 43.94587118380827, 'P_floor_pow': 1.7083583539211338}. Best is trial 307 with value: 0.5940954180843564.
[I 2026-05-22 17:35:12,182] Trial 337 finished with value: 0.5719573971778178 and parameters: {'k1': 0.0019898907071007822, 'D_low': 28.872651667376253, 'k2': 0.04503444070914263, 'D_high': 64050.9002223065, 'fire_exp': 0.5948773575861714, 'P_half': 1.9658793402191423, 'pre_dampen_half': 0.5899798584841653, 'gpp_af': 55.47671479677358, 'gpp_b': 1.1316665828389797e-05, 'gpp_d': 151.32720602062963, 'ign_k': 0.5249854839396002, 'ign_c': 3.5995538513198277, 'P_wet_supp': 9298.731686259494, 'P_wet_pow': 1.34464967617279, 'P_half2': 23.70438204648309, 'P_floor_pow': 0.7359758302130501}. Best is trial 307 with value: 0.5940954180843564.
[I 2026-05-22 17:35:12,720] Trial 338 finished with value: 0.3994490055432051 and parameters: {'k1': 0.003123088198127677, 'D_low': 1.7541084855279951, 'k2': 0.0006435106877339259, 'D_high': 13690.95077279097, 'fire_exp': 1.1405173214141293, 'P_half': 17.70541318536403, 'pre_dampen_half': 8.58660563551824, 'gpp_af': 0.00646818795782426, 'gpp_b': 2.785631552187362e-06, 'gpp_d': 0.0211483697878008, 'ign_k': 0.8233301188237009, 'ign_c': 102.42195704615375, 'P_wet_supp': 3210.1968769552223, 'P_wet_pow': 3.155296025258323, 'P_half2': 35.98503759197481, 'P_floor_pow': 3.1936134912065786}. Best is trial 307 with value: 0.5940954180843564.
