[I 2026-05-22 17:33:40,050] Trial 169 finished with value: 0.542287844630809 and parameters: {'k1': 0.07452598843561026, 'D_low': 2.9494053792881285, 'k2': 0.010214315732656194, 'D_high': 2886.5613430260723, 'fire_exp': 0.44643156265131384, 'P_half': 661.7212985456633, 'pre_dampen_half': 0.17586259877567448, 'gpp_af': 2.655945732818454, 'gpp_b': 0.00018866919993993888, 'gpp_d': 17.173891734169512, 'ign_k': 0.03295181708931335, 'ign_c': 0.45902161319957696, 'P_wet_supp': 5002.597946022233, 'P_wet_pow': 2.7601772842499046, 'P_half2': 0.444466167128943, 'P_floor_pow': 0.46421854502329263}. Best is trial 57 with value: 0.5851463522670068.
[I 2026-05-22 17:33:40,601] Trial 170 finished with value: 0.5550746961035554 and parameters: {'k1': 0.04894760977137193, 'D_low': 70.0837968594992, 'k2': 5.549148166526651e-05, 'D_high': 20325.910838776497, 'fire_exp': 0.8052391604984261, 'P_half': 230.947985253617, 'pre_dampen_half': 28.629749365705877, 'gpp_af': 0.26943197970781524, 'gpp_b': 4.375954763131032e-06, 'gpp_d': 0.7115978465025828, 'ign_k': 0.7500003291112336, 'ign_c': 5.7564265479763295, 'P_wet_supp': 3143.7482963457405, 'P_wet_pow': 0.08234657379543919, 'P_half2': 11.490399657096448, 'P_floor_pow': 0.05022100177339772}. Best is trial 57 with value: 0.5851463522670068.
[I 2026-05-22 17:33:41,151] Trial 171 finished with value: 0.3978675913959364 and parameters: {'k1': 0.01787386508413286, 'D_low': 1.4749342654663018, 'k2': 0.0017372686141263122, 'D_high': 13659.074003499683, 'fire_exp': 0.3727237678218653, 'P_half': 0.7062664196131334, 'pre_dampen_half': 1.178323050128467, 'gpp_af': 0.011223375050769585, 'gpp_b': 5.485102063317931e-05, 'gpp_d': 53.73818384790059, 'ign_k': 7.122780044164756, 'ign_c': 34.45777464109928, 'P_wet_supp': 2384.678903877022, 'P_wet_pow': 4.216242725625007, 'P_half2': 5.376765947678103, 'P_floor_pow': 0.4888863563575618}. Best is trial 57 with value: 0.5851463522670068.
[I 2026-05-22 17:33:41,700] Trial 172 finished with value: 0.5380357704936434 and parameters: {'k1': 0.0032480119870628376, 'D_low': 8.852142064023624, 'k2': 0.00026933434353631336, 'D_high': 42429.69691587903, 'fire_exp': 0.7784822025759802, 'P_half': 822.2989197797654, 'pre_dampen_half': 12.137394992861697, 'gpp_af': 0.023860613123028, 'gpp_b': 1.1451414258087988e-06, 'gpp_d': 52.45938656257804, 'ign_k': 1.789073964859208, 'ign_c': 1.3662198368867609, 'P_wet_supp': 1182.2493007798444, 'P_wet_pow': 1.4161688666454453, 'P_half2': 24.660156399898995, 'P_floor_pow': 1.2839287218568671}. Best is trial 57 with value: 0.5851463522670068.
[I 2026-05-22 17:33:42,251] Trial 173 finished with value: 0.5045584488251633 and parameters: {'k1': 0.008544326044103911, 'D_low': 1.78788114416314, 'k2': 0.0023444756303443244, 'D_high': 7306.1885696563895, 'fire_exp': 0.43504014240272193, 'P_half': 887.7618477265529, 'pre_dampen_half': 331.09131184382903, 'gpp_af': 2.331141002832257, 'gpp_b': 6.5101640677624035e-06, 'gpp_d': 6.025296104097052, 'ign_k': 0.058111513189408145, 'ign_c': 1.2005806380977362, 'P_wet_supp': 1849.2501866924115, 'P_wet_pow': 1.1360546535882619, 'P_half2': 2062.6632922105127, 'P_floor_pow': 1.2155283600403168}. Best is trial 57 with value: 0.5851463522670068.
[I 2026-05-22 17:33:42,801] Trial 174 finished with value: 0.3994490055432051 and parameters: {'k1': 0.0027891819356100985, 'D_low': 1.120842396732648, 'k2': 0.006399228494340059, 'D_high': 96890.57549093285, 'fire_exp': 0.5747855325953228, 'P_half': 0.10044398902281768, 'pre_dampen_half': 0.462642369414548, 'gpp_af': 0.9018120529630596, 'gpp_b': 5.820816859356328e-05, 'gpp_d': 29.53212993091034, 'ign_k': 2.06185602484333, 'ign_c': 76.47027274323693, 'P_wet_supp': 1766.7806458635848, 'P_wet_pow': 4.106123454662106, 'P_half2': 858.6626699018301, 'P_floor_pow': 1.6094787519411173}. Best is trial 57 with value: 0.5851463522670068.
[I 2026-05-22 17:33:43,351] Trial 175 finished with value: 0.4344723437624565 and parameters: {'k1': 0.04158495499578226, 'D_low': 315.51927268594943, 'k2': 0.0035483347910923824, 'D_high': 2269.054710236179, 'fire_exp': 0.8002683736643792, 'P_half': 15.752902001273235, 'pre_dampen_half': 0.09723884961093142, 'gpp_af': 0.671792116345303, 'gpp_b': 3.7686330807142355e-06, 'gpp_d': 231.81230315008762, 'ign_k': 1.3021852135157614, 'ign_c': 35.63821072099893, 'P_wet_supp': 215.36872697750886, 'P_wet_pow': 0.6991342936314259, 'P_half2': 43.75259915220297, 'P_floor_pow': 0.262643490827814}. Best is trial 57 with value: 0.5851463522670068.
[I 2026-05-22 17:33:43,902] Trial 176 finished with value: 0.4402652064997914 and parameters: {'k1': 0.0002659046679576089, 'D_low': 31.586203048972962, 'k2': 0.01275829391932737, 'D_high': 8690.10861126272, 'fire_exp': 0.7306765477295513, 'P_half': 26.01815957810016, 'pre_dampen_half': 17.066052089358575, 'gpp_af': 1.1716017153976004, 'gpp_b': 8.566263754863751e-05, 'gpp_d': 36.02651088642789, 'ign_k': 3.6778554557847993, 'ign_c': 28.013496710907287, 'P_wet_supp': 4206.106222338474, 'P_wet_pow': 1.9979095585485256, 'P_half2': 9751.029783008451, 'P_floor_pow': 0.821607989144739}. Best is trial 57 with value: 0.5851463522670068.
[I 2026-05-22 17:33:44,452] Trial 177 finished with value: 0.5209199644273395 and parameters: {'k1': 3.395622875848957e-05, 'D_low': 91.76473665104584, 'k2': 0.02874640442549687, 'D_high': 6790.399058389441, 'fire_exp': 0.5816754858415286, 'P_half': 0.49870437293439857, 'pre_dampen_half': 97.89285339173041, 'gpp_af': 7.591661704671805, 'gpp_b': 0.0020565166220305937, 'gpp_d': 33.96480742021798, 'ign_k': 0.6459443107739816, 'ign_c': 1.8540532872718662, 'P_wet_supp': 1201.8783121778818, 'P_wet_pow': 2.4299024355610603, 'P_half2': 938.3383737153936, 'P_floor_pow': 1.3207274026324078}. Best is trial 57 with value: 0.5851463522670068.
[I 2026-05-22 17:33:45,002] Trial 178 finished with value: 0.5570099820383649 and parameters: {'k1': 0.047889312291685866, 'D_low': 9.00405617254146, 'k2': 0.00021488379462895868, 'D_high': 3048.8580801369717, 'fire_exp': 0.5472358520020917, 'P_half': 236.53804811889339, 'pre_dampen_half': 0.5731784670585819, 'gpp_af': 0.9477852663275121, 'gpp_b': 1.8865072257275042e-06, 'gpp_d': 13.418640103465439, 'ign_k': 0.13354936302543485, 'ign_c': 0.35676643172423605, 'P_wet_supp': 6940.197427380069, 'P_wet_pow': 2.931808989300596, 'P_half2': 12.848119724521883, 'P_floor_pow': 1.806424405333477}. Best is trial 57 with value: 0.5851463522670068.
[I 2026-05-22 17:33:45,554] Trial 179 finished with value: 0.5652263255291897 and parameters: {'k1': 0.02614488921937277, 'D_low': 2.419637112152128, 'k2': 0.0003137750888696246, 'D_high': 16411.138268449868, 'fire_exp': 0.41213040012926083, 'P_half': 65.18050845858014, 'pre_dampen_half': 0.444510757234488, 'gpp_af': 0.6639511220519921, 'gpp_b': 8.328612337175963e-05, 'gpp_d': 2.765887211601645, 'ign_k': 0.7607473226352368, 'ign_c': 0.1878797766768257, 'P_wet_supp': 5531.419815783222, 'P_wet_pow': 2.6936833374151266, 'P_half2': 4.759824275763311, 'P_floor_pow': 0.9929637861210698}. Best is trial 57 with value: 0.5851463522670068.
[I 2026-05-22 17:33:46,105] Trial 180 finished with value: 0.5321013178841048 and parameters: {'k1': 0.049482263057639746, 'D_low': 5.993858092901452, 'k2': 0.0012118303511605016, 'D_high': 38755.6064000612, 'fire_exp': 0.7156220187301359, 'P_half': 4.245360267170731, 'pre_dampen_half': 0.010782854861990345, 'gpp_af': 1.6175244823637567, 'gpp_b': 1.9177729982588208e-05, 'gpp_d': 11.556690797449795, 'ign_k': 1.338232997583899, 'ign_c': 0.4865005668808064, 'P_wet_supp': 3284.63717269039, 'P_wet_pow': 1.7907517778879471, 'P_half2': 1.4084568566549847, 'P_floor_pow': 2.0382402759892972}. Best is trial 57 with value: 0.5851463522670068.
[I 2026-05-22 17:33:46,657] Trial 181 finished with value: 0.5851297539470169 and parameters: {'k1': 0.0005037100645619796, 'D_low': 16.9672868624737, 'k2': 0.0008284373174808117, 'D_high': 25761.5591906551, 'fire_exp': 0.37528818699115685, 'P_half': 0.3298720362911847, 'pre_dampen_half': 1.0354033054321288, 'gpp_af': 21.550594432467268, 'gpp_b': 1.2416676167225136e-06, 'gpp_d': 433.86353734336535, 'ign_k': 1.5424032055507384, 'ign_c': 18.189900292264575, 'P_wet_supp': 4749.670645527447, 'P_wet_pow': 3.0803066751637074, 'P_half2': 9.48136669545154, 'P_floor_pow': 0.543607198323661}. Best is trial 57 with value: 0.5851463522670068.
[I 2026-05-22 17:33:47,207] Trial 182 finished with value: 0.5232715450834354 and parameters: {'k1': 0.04379371927878748, 'D_low': 13.64067624544858, 'k2': 0.0005055092665833485, 'D_high': 10036.890489963465, 'fire_exp': 0.6224004297952804, 'P_half': 834.8826779894863, 'pre_dampen_half': 0.24961063143183454, 'gpp_af': 1.7913483142747642, 'gpp_b': 2.703233308724944e-06, 'gpp_d': 0.8604498564168866, 'ign_k': 0.5093484810264443, 'ign_c': 0.48366391204387876, 'P_wet_supp': 3665.7873812679395, 'P_wet_pow': 2.4648213690162137, 'P_half2': 10.755722625905705, 'P_floor_pow': 1.205972121723599}. Best is trial 57 with value: 0.5851463522670068.
[I 2026-05-22 17:33:47,758] Trial 183 finished with value: 0.5410357073878145 and parameters: {'k1': 0.032197187724539146, 'D_low': 3.7163412876467192, 'k2': 5.7124573095725685e-05, 'D_high': 15690.022587208652, 'fire_exp': 0.6316449736415523, 'P_half': 68.2000157644991, 'pre_dampen_half': 0.4689990769083728, 'gpp_af': 0.39659573657042024, 'gpp_b': 5.867648391305483e-05, 'gpp_d': 113.95036162951723, 'ign_k': 0.058937115627166345, 'ign_c': 7.124052902691231, 'P_wet_supp': 2304.2094991809977, 'P_wet_pow': 1.8417582228286813, 'P_half2': 149.28949638623368, 'P_floor_pow': 0.38090773270228995}. Best is trial 57 with value: 0.5851463522670068.
[I 2026-05-22 17:33:48,300] Trial 184 finished with value: 0.5577008168331639 and parameters: {'k1': 0.03895734945316577, 'D_low': 1.373428574542489, 'k2': 0.00029907691783954526, 'D_high': 22814.34255398881, 'fire_exp': 1.0597533134110964, 'P_half': 26.772269106822975, 'pre_dampen_half': 21.46447155213072, 'gpp_af': 0.009776235870517298, 'gpp_b': 0.0003667988664030252, 'gpp_d': 1.136141797264784, 'ign_k': 0.29395486637625023, 'ign_c': 0.3692918084388944, 'P_wet_supp': 6160.524006957425, 'P_wet_pow': 4.72818313019891, 'P_half2': 10.66409640277458, 'P_floor_pow': 0.5590988508505359}. Best is trial 57 with value: 0.5851463522670068.
[I 2026-05-22 17:33:48,850] Trial 185 finished with value: 0.5249800900979708 and parameters: {'k1': 0.010351489201357492, 'D_low': 1.4073464582644575, 'k2': 0.000118949837913984, 'D_high': 7215.607888788164, 'fire_exp': 1.3980272656257389, 'P_half': 108.69722567797538, 'pre_dampen_half': 6.060740356287369, 'gpp_af': 0.039318562989974715, 'gpp_b': 0.0001299374530922567, 'gpp_d': 3.878048284769388, 'ign_k': 1.3280727378215664, 'ign_c': 6.472418500582115, 'P_wet_supp': 1484.3322597752751, 'P_wet_pow': 4.810180038894224, 'P_half2': 55.40794383301574, 'P_floor_pow': 1.68899396521202}. Best is trial 57 with value: 0.5851463522670068.
[I 2026-05-22 17:33:49,400] Trial 186 finished with value: 0.5620259249420124 and parameters: {'k1': 2.3819212099681026e-05, 'D_low': 4.494987914052252, 'k2': 0.002338742406613586, 'D_high': 9241.850514084723, 'fire_exp': 0.5104932849998048, 'P_half': 18.678604236752577, 'pre_dampen_half': 9.300534373012244, 'gpp_af': 11.671407851928596, 'gpp_b': 1.9621551128673277e-06, 'gpp_d': 84.95066097875154, 'ign_k': 2.633762820493804, 'ign_c': 9.326023705493887, 'P_wet_supp': 3887.197294258943, 'P_wet_pow': 3.7069773065033615, 'P_half2': 2.08358480538288, 'P_floor_pow': 0.459252580466593}. Best is trial 57 with value: 0.5851463522670068.
[I 2026-05-22 17:33:49,955] Trial 187 finished with value: 0.46317742482238955 and parameters: {'k1': 0.00010359949234256291, 'D_low': 48.62490643603142, 'k2': 0.00048293788080189373, 'D_high': 37354.63293420168, 'fire_exp': 0.42103807921221054, 'P_half': 0.22446906416622725, 'pre_dampen_half': 0.49369000150811504, 'gpp_af': 83.69207797725747, 'gpp_b': 3.135967645518323e-06, 'gpp_d': 699.1865137312534, 'ign_k': 0.3730460634796431, 'ign_c': 48.80963090077486, 'P_wet_supp': 2860.9608541340554, 'P_wet_pow': 3.5789861574613284, 'P_half2': 0.35350075478790943, 'P_floor_pow': 1.0790890472235644}. Best is trial 57 with value: 0.5851463522670068.
[I 2026-05-22 17:33:50,504] Trial 188 finished with value: 0.5615893390539695 and parameters: {'k1': 1.9097276925972473e-05, 'D_low': 5.184101768871291, 'k2': 0.0011251763658106117, 'D_high': 10684.73898060122, 'fire_exp': 0.40494763756514474, 'P_half': 13.431113253175988, 'pre_dampen_half': 0.6171922425594583, 'gpp_af': 27.005108652771035, 'gpp_b': 1.2639909954465972e-05, 'gpp_d': 90.3801801840879, 'ign_k': 0.38064492834780556, 'ign_c': 3.8971658450640554, 'P_wet_supp': 7831.6304892862345, 'P_wet_pow': 3.646254341630833, 'P_half2': 0.5418384083395542, 'P_floor_pow': 0.5017434255801388}. Best is trial 57 with value: 0.5851463522670068.
[I 2026-05-22 17:33:51,047] Trial 189 finished with value: 0.5083406413555273 and parameters: {'k1': 0.004941727547430188, 'D_low': 7.915899316264523, 'k2': 0.0027397881633062986, 'D_high': 80963.23114313085, 'fire_exp': 0.8775917328209112, 'P_half': 35.81843025742489, 'pre_dampen_half': 267.62770273960024, 'gpp_af': 0.0035112510252015426, 'gpp_b': 0.006209148696107245, 'gpp_d': 0.0813674457407839, 'ign_k': 0.3923740561716601, 'ign_c': 0.1127790790147288, 'P_wet_supp': 7639.55567397796, 'P_wet_pow': 4.335831185780297, 'P_half2': 2.654339306106245, 'P_floor_pow': 0.9753158136015742}. Best is trial 57 with value: 0.5851463522670068.
[I 2026-05-22 17:33:51,596] Trial 190 finished with value: 0.5635654510521433 and parameters: {'k1': 0.0666606939879765, 'D_low': 3.790664923085239, 'k2': 0.0006204629188704245, 'D_high': 34267.50624803703, 'fire_exp': 1.4086911314051327, 'P_half': 0.5878833776895125, 'pre_dampen_half': 12.888917296324026, 'gpp_af': 0.003254273748332205, 'gpp_b': 0.00025181952680333687, 'gpp_d': 1.8973878190448377, 'ign_k': 0.44919312297350594, 'ign_c': 0.1317956836395339, 'P_wet_supp': 7965.455916039324, 'P_wet_pow': 4.213714461673508, 'P_half2': 173.65200282446793, 'P_floor_pow': 0.722674709505412}. Best is trial 57 with value: 0.5851463522670068.
[I 2026-05-22 17:33:52,150] Trial 191 finished with value: 0.5141273482685388 and parameters: {'k1': 9.847071981000966e-05, 'D_low': 2.429960992585737, 'k2': 0.015356401692807423, 'D_high': 2123.5824088507143, 'fire_exp': 0.6091021852356318, 'P_half': 17.00089399251763, 'pre_dampen_half': 0.6849467705045738, 'gpp_af': 38.08649090762795, 'gpp_b': 1.7495744092334696e-06, 'gpp_d': 8.044965587105604, 'ign_k': 1.5247137897018055, 'ign_c': 9.493807159574782, 'P_wet_supp': 2623.5064542418413, 'P_wet_pow': 3.617743093086853, 'P_half2': 1.4333320362751032, 'P_floor_pow': 1.4053491179176985}. Best is trial 57 with value: 0.5851463522670068.
[I 2026-05-22 17:33:52,701] Trial 192 finished with value: 0.5705233295263754 and parameters: {'k1': 0.05304935011988663, 'D_low': 34.79775794080394, 'k2': 0.0002477332043282973, 'D_high': 68370.7105412369, 'fire_exp': 0.652998121814065, 'P_half': 2.678944777718259, 'pre_dampen_half': 3.7010615923029384, 'gpp_af': 0.0022007797370532808, 'gpp_b': 2.4847088160286937e-05, 'gpp_d': 0.6821169490586394, 'ign_k': 0.13255587077690956, 'ign_c': 2.4935732928017584, 'P_wet_supp': 4259.638736661321, 'P_wet_pow': 2.479513501143249, 'P_half2': 18.52859871600011, 'P_floor_pow': 1.5559194508823184}. Best is trial 57 with value: 0.5851463522670068.
[I 2026-05-22 17:33:53,250] Trial 193 finished with value: 0.5468773702236679 and parameters: {'k1': 0.099989525415922, 'D_low': 20.639652494308834, 'k2': 3.599967316668585e-05, 'D_high': 3110.30689915175, 'fire_exp': 0.8573561491260433, 'P_half': 0.416051156472293, 'pre_dampen_half': 18.170318342695165, 'gpp_af': 0.012800574061562413, 'gpp_b': 0.0005211348169852215, 'gpp_d': 5.075027557451334, 'ign_k': 0.10787722753395806, 'ign_c': 1.5687319026610902, 'P_wet_supp': 6964.826658386216, 'P_wet_pow': 4.463022079053717, 'P_half2': 690.7799949556398, 'P_floor_pow': 0.6102605975852583}. Best is trial 57 with value: 0.5851463522670068.
[I 2026-05-22 17:33:53,798] Trial 194 finished with value: 0.48831929835848575 and parameters: {'k1': 0.08169242910133659, 'D_low': 8.7586324193669, 'k2': 0.005230778419811614, 'D_high': 44906.359909479, 'fire_exp': 1.7451864146545695, 'P_half': 1.304249261480427, 'pre_dampen_half': 4.136545191854232, 'gpp_af': 0.0035048308027198004, 'gpp_b': 0.0025792361088953207, 'gpp_d': 0.5449482665843566, 'ign_k': 0.4430572178560896, 'ign_c': 0.3024208234598087, 'P_wet_supp': 2486.2212175370496, 'P_wet_pow': 4.674156306655313, 'P_half2': 5.9981721212332015, 'P_floor_pow': 0.4578510323983111}. Best is trial 57 with value: 0.5851463522670068.
[I 2026-05-22 17:33:54,349] Trial 195 finished with value: 0.5456300946386536 and parameters: {'k1': 1.5136506626742803e-05, 'D_low': 6.4625340626920265, 'k2': 0.0003999739920132432, 'D_high': 920.8660752584562, 'fire_exp': 0.8325420021896627, 'P_half': 5.0130741851628144, 'pre_dampen_half': 31.88122250041519, 'gpp_af': 2.1848040292273847, 'gpp_b': 3.433537831736012e-05, 'gpp_d': 66.63922185122907, 'ign_k': 0.16599940602389118, 'ign_c': 5.443528572907495, 'P_wet_supp': 8699.726005529345, 'P_wet_pow': 4.738762287338969, 'P_half2': 0.38943376707739463, 'P_floor_pow': 0.8191320774046531}. Best is trial 57 with value: 0.5851463522670068.
[I 2026-05-22 17:33:54,899] Trial 196 finished with value: 0.5845790979356639 and parameters: {'k1': 0.016289335368130466, 'D_low': 2.5682664602956122, 'k2': 0.001066616898479114, 'D_high': 86477.42342999873, 'fire_exp': 0.4274267957759259, 'P_half': 71.56637619582543, 'pre_dampen_half': 0.5178818882139297, 'gpp_af': 0.0018770824864458339, 'gpp_b': 1.8577569766815666e-05, 'gpp_d': 0.06093486077508126, 'ign_k': 0.5322918204249635, 'ign_c': 12.61194178479387, 'P_wet_supp': 4953.729775148718, 'P_wet_pow': 3.116403442782855, 'P_half2': 57.77284543135256, 'P_floor_pow': 1.9754411228627302}. Best is trial 57 with value: 0.5851463522670068.
[I 2026-05-22 17:33:55,448] Trial 197 finished with value: 0.5576894214000447 and parameters: {'k1': 0.010324561213981894, 'D_low': 10.854643160855762, 'k2': 0.000424548915976403, 'D_high': 59385.64562057454, 'fire_exp': 0.4436406868633555, 'P_half': 32.090926897818804, 'pre_dampen_half': 0.29769955762747013, 'gpp_af': 0.0014014123619733396, 'gpp_b': 8.662274356897651e-06, 'gpp_d': 0.07965058060746907, 'ign_k': 0.04618750101279793, 'ign_c': 4.735208128234276, 'P_wet_supp': 3163.547204604865, 'P_wet_pow': 4.4884227916992545, 'P_half2': 22.04933187039169, 'P_floor_pow': 1.3437417018480835}. Best is trial 57 with value: 0.5851463522670068.
[I 2026-05-22 17:33:55,999] Trial 198 finished with value: 0.5605093468776045 and parameters: {'k1': 0.009943289025503158, 'D_low': 1.174471029760652, 'k2': 0.00027120118398804474, 'D_high': 79659.8911275579, 'fire_exp': 0.822339355837598, 'P_half': 0.40033299905494507, 'pre_dampen_half': 4.478872619609099, 'gpp_af': 0.0013446381804666594, 'gpp_b': 8.395941277041306e-06, 'gpp_d': 0.2437361472970144, 'ign_k': 0.03277934010371069, 'ign_c': 3.354197069593096, 'P_wet_supp': 6412.002247036745, 'P_wet_pow': 1.8673858361918567, 'P_half2': 13.211891068240288, 'P_floor_pow': 0.628276379202291}. Best is trial 57 with value: 0.5851463522670068.
[I 2026-05-22 17:33:56,556] Trial 199 finished with value: 0.5100783356587906 and parameters: {'k1': 0.0013233009394412554, 'D_low': 1.128352268288856, 'k2': 0.0019537683346543765, 'D_high': 37081.19993728228, 'fire_exp': 0.7681225200576424, 'P_half': 2.2558645683302165, 'pre_dampen_half': 0.05411964661460659, 'gpp_af': 0.006592537700001046, 'gpp_b': 7.300933507871606e-06, 'gpp_d': 0.27145915954418137, 'ign_k': 0.05078123194684149, 'ign_c': 4.283976238330038, 'P_wet_supp': 7419.451186286213, 'P_wet_pow': 1.2871330588048644, 'P_half2': 7.7092901276006, 'P_floor_pow': 1.620963165202948}. Best is trial 57 with value: 0.5851463522670068.
[I 2026-05-22 17:33:57,103] Trial 200 finished with value: 0.5600384476848912 and parameters: {'k1': 0.013775752768855952, 'D_low': 4.047908128415224, 'k2': 0.00026978942993200307, 'D_high': 29751.921756074553, 'fire_exp': 0.407628063037477, 'P_half': 156.17405167188744, 'pre_dampen_half': 3.6966426800327734, 'gpp_af': 0.001183737882790492, 'gpp_b': 0.000164848885753915, 'gpp_d': 0.3368500119287586, 'ign_k': 4.1635663617159295, 'ign_c': 8.575681998757313, 'P_wet_supp': 1690.2677579686558, 'P_wet_pow': 1.7414455449715271, 'P_half2': 17.672134609426784, 'P_floor_pow': 2.4671068825007896}. Best is trial 57 with value: 0.5851463522670068.
[I 2026-05-22 17:33:57,651] Trial 201 finished with value: 0.5145863301761797 and parameters: {'k1': 0.0041598547466967515, 'D_low': 7.727913008710491, 'k2': 0.00583750395922544, 'D_high': 16975.463079883488, 'fire_exp': 1.1111515670340182, 'P_half': 224.23010229786908, 'pre_dampen_half': 2.379884409405567, 'gpp_af': 0.0012718731798440819, 'gpp_b': 0.00010257296442244667, 'gpp_d': 0.058954217716294166, 'ign_k': 6.6122984901232025, 'ign_c': 2.9066422065525668, 'P_wet_supp': 1554.6701219168785, 'P_wet_pow': 2.6015284893665114, 'P_half2': 7.840048870359848, 'P_floor_pow': 3.0843531288934236}. Best is trial 57 with value: 0.5851463522670068.
[I 2026-05-22 17:33:58,198] Trial 202 finished with value: 0.4834322313820344 and parameters: {'k1': 0.01846098817599488, 'D_low': 2.5480870736835666, 'k2': 3.691555515961108e-05, 'D_high': 64959.63748414177, 'fire_exp': 0.5961817440943518, 'P_half': 59.78565284597491, 'pre_dampen_half': 0.9985562426086478, 'gpp_af': 0.001137241207694414, 'gpp_b': 0.0007284295013899103, 'gpp_d': 9.747128926252671, 'ign_k': 1.6712814721588738, 'ign_c': 0.5593612223447764, 'P_wet_supp': 420.3429436259888, 'P_wet_pow': 1.6214022203300917, 'P_half2': 2.5972387695018093, 'P_floor_pow': 2.1078312486465043}. Best is trial 57 with value: 0.5851463522670068.
