[I 2026-05-22 18:02:27,955] Trial 356 finished with value: 0.6001938195953243 and parameters: {'rain_shift': 2.8122887759933928, 'ign_k': 0.3212672648119506, 'rate_power': 0.726576651556491}. Best is trial 316 with value: 0.6106382345283041.
[I 2026-05-22 18:02:28,308] Trial 357 finished with value: 0.6028317715178708 and parameters: {'rain_shift': 2.1147929137153194, 'ign_k': 0.7810686897729493, 'rate_power': 0.7752892603204504}. Best is trial 316 with value: 0.6106382345283041.
[I 2026-05-22 18:02:28,662] Trial 358 finished with value: 0.6030692308269954 and parameters: {'rain_shift': 2.256404136617853, 'ign_k': 0.7994588492349087, 'rate_power': 0.7260232284360314}. Best is trial 316 with value: 0.6106382345283041.
[I 2026-05-22 18:02:29,012] Trial 359 finished with value: 0.5902280989477029 and parameters: {'rain_shift': 0.4813225577769331, 'ign_k': 0.5849387619491644, 'rate_power': 0.7258982731026977}. Best is trial 316 with value: 0.6106382345283041.
[I 2026-05-22 18:02:29,372] Trial 360 finished with value: 0.6067482660623429 and parameters: {'rain_shift': 2.5590950041129332, 'ign_k': 0.4798790270682266, 'rate_power': 0.706527890668072}. Best is trial 316 with value: 0.6106382345283041.
[I 2026-05-22 18:02:29,726] Trial 361 finished with value: 0.5510756737105462 and parameters: {'rain_shift': 7.886066319482155, 'ign_k': 1.9762173391475593, 'rate_power': 0.7130441435662485}. Best is trial 316 with value: 0.6106382345283041.
[I 2026-05-22 18:02:30,081] Trial 362 finished with value: 0.6064282233603611 and parameters: {'rain_shift': 1.2655606375040185, 'ign_k': 0.7729436876643827, 'rate_power': 0.7015120716885395}. Best is trial 316 with value: 0.6106382345283041.
[I 2026-05-22 18:02:30,460] Trial 363 finished with value: 0.6105924233342654 and parameters: {'rain_shift': 1.5663206071082478, 'ign_k': 0.6167122044148119, 'rate_power': 0.7992959095762702}. Best is trial 316 with value: 0.6106382345283041.
[I 2026-05-22 18:02:30,818] Trial 364 finished with value: 0.6057016349197913 and parameters: {'rain_shift': 1.312348295595526, 'ign_k': 0.43411630422288217, 'rate_power': 0.7871467032806534}. Best is trial 316 with value: 0.6106382345283041.
[I 2026-05-22 18:02:31,184] Trial 365 finished with value: 0.6052303639741132 and parameters: {'rain_shift': 1.9577542579676166, 'ign_k': 0.38252444454421747, 'rate_power': 0.8345431085889459}. Best is trial 316 with value: 0.6106382345283041.
[I 2026-05-22 18:02:31,543] Trial 366 finished with value: 0.5371491546915572 and parameters: {'rain_shift': 7.074656332631095, 'ign_k': 2.757051544041068, 'rate_power': 1.0281498452292406}. Best is trial 316 with value: 0.6106382345283041.
[I 2026-05-22 18:02:31,908] Trial 367 finished with value: 0.5803121534397956 and parameters: {'rain_shift': 0.03296388292217034, 'ign_k': 0.5334672810107166, 'rate_power': 0.775551639641457}. Best is trial 316 with value: 0.6106382345283041.
[I 2026-05-22 18:02:32,272] Trial 368 finished with value: 0.6015921808718036 and parameters: {'rain_shift': 2.32690536356934, 'ign_k': 0.6067241414261398, 'rate_power': 0.8072152499571459}. Best is trial 316 with value: 0.6106382345283041.
[I 2026-05-22 18:02:32,626] Trial 369 finished with value: 0.6080873567188196 and parameters: {'rain_shift': 1.0960301802417969, 'ign_k': 0.7356422021372536, 'rate_power': 0.8003174164043605}. Best is trial 316 with value: 0.6106382345283041.
[I 2026-05-22 18:02:32,987] Trial 370 finished with value: 0.5889378653230712 and parameters: {'rain_shift': 2.393919995201864, 'ign_k': 0.22602403687145184, 'rate_power': 0.7027976484429383}. Best is trial 316 with value: 0.6106382345283041.
[I 2026-05-22 18:02:33,338] Trial 371 finished with value: 0.5862031204676658 and parameters: {'rain_shift': 3.3718192033507863, 'ign_k': 0.482879842203989, 'rate_power': 0.8422749444965195}. Best is trial 316 with value: 0.6106382345283041.
[I 2026-05-22 18:02:33,689] Trial 372 finished with value: 0.5950204024741672 and parameters: {'rain_shift': 0.04106640039794418, 'ign_k': 1.4057524124323937, 'rate_power': 0.8215612250313759}. Best is trial 316 with value: 0.6106382345283041.
[I 2026-05-22 18:02:34,042] Trial 373 finished with value: 0.5835353977987867 and parameters: {'rain_shift': 2.972134692880849, 'ign_k': 0.5675334249405797, 'rate_power': 0.9454037413037522}. Best is trial 316 with value: 0.6106382345283041.
[I 2026-05-22 18:02:34,395] Trial 374 finished with value: 0.5912839682665252 and parameters: {'rain_shift': 1.140846126609219, 'ign_k': 0.2847657333983114, 'rate_power': 0.8102185383488839}. Best is trial 316 with value: 0.6106382345283041.
[I 2026-05-22 18:02:34,745] Trial 375 finished with value: 0.5692103747223184 and parameters: {'rain_shift': 3.4307528118382793, 'ign_k': 1.6591667722097323, 'rate_power': 0.8839189833578395}. Best is trial 316 with value: 0.6106382345283041.
[I 2026-05-22 18:02:35,089] Trial 376 finished with value: 0.5963292812514258 and parameters: {'rain_shift': 2.533816027410726, 'ign_k': 0.5809490109590633, 'rate_power': 0.848252239154225}. Best is trial 316 with value: 0.6106382345283041.
[I 2026-05-22 18:02:35,437] Trial 377 finished with value: 0.5977581157080546 and parameters: {'rain_shift': 1.8815801550467353, 'ign_k': 1.3525396236837701, 'rate_power': 0.8278214287561994}. Best is trial 316 with value: 0.6106382345283041.
[I 2026-05-22 18:02:35,787] Trial 378 finished with value: 0.6104026872948913 and parameters: {'rain_shift': 1.6232759161955475, 'ign_k': 0.6168108643311713, 'rate_power': 0.8119809819313063}. Best is trial 316 with value: 0.6106382345283041.
[I 2026-05-22 18:02:36,140] Trial 379 finished with value: 0.6035554209227074 and parameters: {'rain_shift': 2.5029159272348585, 'ign_k': 0.410789911456041, 'rate_power': 0.7948737248721697}. Best is trial 316 with value: 0.6106382345283041.
[I 2026-05-22 18:02:36,487] Trial 380 finished with value: 0.6103333581958045 and parameters: {'rain_shift': 1.729436803110156, 'ign_k': 0.5432000632812531, 'rate_power': 0.774699531555091}. Best is trial 316 with value: 0.6106382345283041.
[I 2026-05-22 18:02:36,831] Trial 381 finished with value: 0.5987420640733455 and parameters: {'rain_shift': 1.634342267941666, 'ign_k': 0.34879638135997937, 'rate_power': 0.7067143307365704}. Best is trial 316 with value: 0.6106382345283041.
[I 2026-05-22 18:02:37,188] Trial 382 finished with value: 0.6071237331198963 and parameters: {'rain_shift': 1.1900746220753557, 'ign_k': 0.5238123858910596, 'rate_power': 0.7727783493686521}. Best is trial 316 with value: 0.6106382345283041.
[I 2026-05-22 18:02:37,538] Trial 383 finished with value: 0.6006262887848477 and parameters: {'rain_shift': 3.0064343842332026, 'ign_k': 0.48865506443965523, 'rate_power': 0.7042741068977223}. Best is trial 316 with value: 0.6106382345283041.
[I 2026-05-22 18:02:37,902] Trial 384 finished with value: 0.6016946289891061 and parameters: {'rain_shift': 2.36856446610553, 'ign_k': 0.535896123973373, 'rate_power': 0.8168291050750562}. Best is trial 316 with value: 0.6106382345283041.
[I 2026-05-22 18:02:38,254] Trial 385 finished with value: 0.5713352165435744 and parameters: {'rain_shift': 5.167519638759517, 'ign_k': 0.07877069944222953, 'rate_power': 0.9510544909487259}. Best is trial 316 with value: 0.6106382345283041.
[I 2026-05-22 18:02:38,603] Trial 386 finished with value: 0.571327066448669 and parameters: {'rain_shift': 0.12489728570473968, 'ign_k': 0.4055438751223582, 'rate_power': 0.7145453880031268}. Best is trial 316 with value: 0.6106382345283041.
[I 2026-05-22 18:02:38,955] Trial 387 finished with value: 0.6104622972119639 and parameters: {'rain_shift': 1.5125916938024693, 'ign_k': 0.60099040237084, 'rate_power': 0.8160307389127897}. Best is trial 316 with value: 0.6106382345283041.
[I 2026-05-22 18:02:39,310] Trial 388 finished with value: 0.6099642649377636 and parameters: {'rain_shift': 1.3817947573091445, 'ign_k': 0.6618167009701383, 'rate_power': 0.7890561588048434}. Best is trial 316 with value: 0.6106382345283041.
[I 2026-05-22 18:02:39,663] Trial 389 finished with value: 0.6079777862079161 and parameters: {'rain_shift': 1.8823109099618898, 'ign_k': 0.7004807292506878, 'rate_power': 0.7755411994386154}. Best is trial 316 with value: 0.6106382345283041.
[I 2026-05-22 18:02:40,014] Trial 390 finished with value: 0.6044194970116287 and parameters: {'rain_shift': 2.1339870346281, 'ign_k': 0.370753851457888, 'rate_power': 0.7893329226869652}. Best is trial 316 with value: 0.6106382345283041.
[I 2026-05-22 18:02:40,365] Trial 391 finished with value: 0.6067690889925499 and parameters: {'rain_shift': 0.9805350586628938, 'ign_k': 0.6534164390018019, 'rate_power': 0.7933843831742927}. Best is trial 316 with value: 0.6106382345283041.
[I 2026-05-22 18:02:40,719] Trial 392 finished with value: 0.5979543461246223 and parameters: {'rain_shift': 2.152926454823033, 'ign_k': 0.9181142035881136, 'rate_power': 0.8073090262818884}. Best is trial 316 with value: 0.6106382345283041.
[I 2026-05-22 18:02:41,073] Trial 393 finished with value: 0.5961658449825545 and parameters: {'rain_shift': 2.7853144498661075, 'ign_k': 0.6162531475726373, 'rate_power': 0.7717321989147927}. Best is trial 316 with value: 0.6106382345283041.
[I 2026-05-22 18:02:41,423] Trial 394 finished with value: 0.6084517644630003 and parameters: {'rain_shift': 1.617840632745449, 'ign_k': 0.471153289441163, 'rate_power': 0.7371624902867236}. Best is trial 316 with value: 0.6106382345283041.
[I 2026-05-22 18:02:41,777] Trial 395 finished with value: 0.6011451347519677 and parameters: {'rain_shift': 2.501380149230082, 'ign_k': 0.7878092638271771, 'rate_power': 0.7038255750619512}. Best is trial 316 with value: 0.6106382345283041.
[I 2026-05-22 18:02:42,126] Trial 396 finished with value: 0.6088094575839303 and parameters: {'rain_shift': 1.3291272258385043, 'ign_k': 0.5308520493952237, 'rate_power': 0.7841985460096766}. Best is trial 316 with value: 0.6106382345283041.
[I 2026-05-22 18:02:42,473] Trial 397 finished with value: 0.5916650645336727 and parameters: {'rain_shift': 0.4662069245316812, 'ign_k': 0.4148553233203783, 'rate_power': 0.8264251965259578}. Best is trial 316 with value: 0.6106382345283041.
[I 2026-05-22 18:02:42,821] Trial 398 finished with value: 0.5866536390520729 and parameters: {'rain_shift': 2.6164121394607553, 'ign_k': 0.9929367589623374, 'rate_power': 0.8433283553624675}. Best is trial 316 with value: 0.6106382345283041.
[I 2026-05-22 18:02:43,186] Trial 399 finished with value: 0.6050912539947331 and parameters: {'rain_shift': 0.9691295237140541, 'ign_k': 0.9268952558608371, 'rate_power': 0.8098301644764035}. Best is trial 316 with value: 0.6106382345283041.
[I 2026-05-22 18:02:43,540] Trial 400 finished with value: 0.6086648331264193 and parameters: {'rain_shift': 1.881981773572693, 'ign_k': 0.4554743806718934, 'rate_power': 0.7916863851532585}. Best is trial 316 with value: 0.6106382345283041.
[I 2026-05-22 18:02:43,888] Trial 401 finished with value: 0.592032064397108 and parameters: {'rain_shift': 2.7959241362935745, 'ign_k': 0.31817792651750554, 'rate_power': 0.9418644216327736}. Best is trial 316 with value: 0.6106382345283041.
[I 2026-05-22 18:02:44,245] Trial 402 finished with value: 0.6079087960007176 and parameters: {'rain_shift': 2.132646182176625, 'ign_k': 0.6972795283611408, 'rate_power': 0.7081861016755203}. Best is trial 316 with value: 0.6106382345283041.
[I 2026-05-22 18:02:44,596] Trial 403 finished with value: 0.590586279261918 and parameters: {'rain_shift': 2.303585800265975, 'ign_k': 0.2101310226511427, 'rate_power': 0.8435765773637934}. Best is trial 316 with value: 0.6106382345283041.
[I 2026-05-22 18:02:44,945] Trial 404 finished with value: 0.5903703342868422 and parameters: {'rain_shift': 0.1258565677695087, 'ign_k': 0.5575932615389145, 'rate_power': 0.842305148707489}. Best is trial 316 with value: 0.6106382345283041.
[I 2026-05-22 18:02:45,299] Trial 405 finished with value: 0.5905250571381426 and parameters: {'rain_shift': 0.9218976856068404, 'ign_k': 0.39902722813413355, 'rate_power': 0.7053768855197381}. Best is trial 316 with value: 0.6106382345283041.
[I 2026-05-22 18:02:45,649] Trial 406 finished with value: 0.5902237092541819 and parameters: {'rain_shift': 2.566581774112312, 'ign_k': 0.8722790115866864, 'rate_power': 0.8235835255816398}. Best is trial 316 with value: 0.6106382345283041.
[I 2026-05-22 18:02:45,997] Trial 407 finished with value: 0.6091976258143782 and parameters: {'rain_shift': 1.4396095225011658, 'ign_k': 0.7438024367833751, 'rate_power': 0.7863240342967834}. Best is trial 316 with value: 0.6106382345283041.
[I 2026-05-22 18:02:46,347] Trial 408 finished with value: 0.610003327559735 and parameters: {'rain_shift': 1.9901623511099749, 'ign_k': 0.5057677894259152, 'rate_power': 0.7091609995797581}. Best is trial 316 with value: 0.6106382345283041.
[I 2026-05-22 18:02:46,697] Trial 409 finished with value: 0.5900375535691255 and parameters: {'rain_shift': 3.7149997919516564, 'ign_k': 0.4088688290787575, 'rate_power': 0.7537059573023914}. Best is trial 316 with value: 0.6106382345283041.
[I 2026-05-22 18:02:47,045] Trial 410 finished with value: 0.6109037913262729 and parameters: {'rain_shift': 1.833054966423121, 'ign_k': 0.5888389899373793, 'rate_power': 0.7009604619195126}. Best is trial 410 with value: 0.6109037913262729.
[I 2026-05-22 18:02:47,393] Trial 411 finished with value: 0.5912001298944326 and parameters: {'rain_shift': 3.8285188197154585, 'ign_k': 0.4659497119572152, 'rate_power': 0.7023447226272637}. Best is trial 410 with value: 0.6109037913262729.
[I 2026-05-22 18:02:47,740] Trial 412 finished with value: 0.5697434599543973 and parameters: {'rain_shift': 7.41315208611309, 'ign_k': 0.06777399273715445, 'rate_power': 0.7071602896977336}. Best is trial 410 with value: 0.6109037913262729.
[I 2026-05-22 18:02:48,087] Trial 413 finished with value: 0.5951048289015667 and parameters: {'rain_shift': 2.0970601141238983, 'ign_k': 0.2789068567367295, 'rate_power': 0.7144175618353403}. Best is trial 410 with value: 0.6109037913262729.
[I 2026-05-22 18:02:48,479] Trial 414 finished with value: 0.6071076668956279 and parameters: {'rain_shift': 1.4400161175540225, 'ign_k': 0.46552019523936455, 'rate_power': 0.7444676476068826}. Best is trial 410 with value: 0.6109037913262729.
[I 2026-05-22 18:02:48,877] Trial 415 finished with value: 0.5716860505571346 and parameters: {'rain_shift': 4.122081955458583, 'ign_k': 0.8534601107452434, 'rate_power': 0.7965862459115103}. Best is trial 410 with value: 0.6109037913262729.
[I 2026-05-22 18:02:49,234] Trial 416 finished with value: 0.602134047494036 and parameters: {'rain_shift': 2.1864653694430243, 'ign_k': 1.0033385883679171, 'rate_power': 0.7062381627894734}. Best is trial 410 with value: 0.6109037913262729.
[I 2026-05-22 18:02:49,585] Trial 417 finished with value: 0.5876358258098606 and parameters: {'rain_shift': 3.171809207735051, 'ign_k': 0.616883632635813, 'rate_power': 0.8036536892498528}. Best is trial 410 with value: 0.6109037913262729.
[I 2026-05-22 18:02:49,938] Trial 418 finished with value: 0.6101493693723178 and parameters: {'rain_shift': 1.5932640109101173, 'ign_k': 0.5845191796840643, 'rate_power': 0.7073682711186712}. Best is trial 410 with value: 0.6109037913262729.
[I 2026-05-22 18:02:50,287] Trial 419 finished with value: 0.6045916639358547 and parameters: {'rain_shift': 2.37679952542422, 'ign_k': 0.7013132764729023, 'rate_power': 0.7048726304850038}. Best is trial 410 with value: 0.6109037913262729.
[I 2026-05-22 18:02:50,642] Trial 420 finished with value: 0.6042085762926326 and parameters: {'rain_shift': 2.3388034539163867, 'ign_k': 0.3704618794879558, 'rate_power': 0.707559952310212}. Best is trial 410 with value: 0.6109037913262729.
[I 2026-05-22 18:02:50,992] Trial 421 finished with value: 0.5911654787520757 and parameters: {'rain_shift': 1.4465536067717046, 'ign_k': 0.3127444049658129, 'rate_power': 0.7040363335094776}. Best is trial 410 with value: 0.6109037913262729.
[I 2026-05-22 18:02:51,345] Trial 422 finished with value: 0.5869257140100133 and parameters: {'rain_shift': 0.25995778586612217, 'ign_k': 0.6669325858249444, 'rate_power': 0.7316790753779904}. Best is trial 410 with value: 0.6109037913262729.
[I 2026-05-22 18:02:51,704] Trial 423 finished with value: 0.6085273025592711 and parameters: {'rain_shift': 2.364062324034231, 'ign_k': 0.5022609657529176, 'rate_power': 0.7020915501386301}. Best is trial 410 with value: 0.6109037913262729.
[I 2026-05-22 18:02:52,061] Trial 424 finished with value: 0.5994518243395728 and parameters: {'rain_shift': 0.7904782515044139, 'ign_k': 0.685016372269233, 'rate_power': 0.7115889751640125}. Best is trial 410 with value: 0.6109037913262729.
[I 2026-05-22 18:02:52,409] Trial 425 finished with value: 0.6012708753470971 and parameters: {'rain_shift': 1.00965547887533, 'ign_k': 1.253177760137388, 'rate_power': 0.7417845601175135}. Best is trial 410 with value: 0.6109037913262729.
[I 2026-05-22 18:02:52,759] Trial 426 finished with value: 0.5412537387067259 and parameters: {'rain_shift': 6.035197698791385, 'ign_k': 0.6166743603247248, 'rate_power': 1.2048243550895408}. Best is trial 410 with value: 0.6109037913262729.
[I 2026-05-22 18:02:53,111] Trial 427 finished with value: 0.6052760355437051 and parameters: {'rain_shift': 2.506706230688716, 'ign_k': 0.4210264305765737, 'rate_power': 0.7509911968054317}. Best is trial 410 with value: 0.6109037913262729.
[I 2026-05-22 18:02:53,456] Trial 428 finished with value: 0.5669087847064953 and parameters: {'rain_shift': 4.624445287722331, 'ign_k': 1.4432899367880534, 'rate_power': 0.7339738828878506}. Best is trial 410 with value: 0.6109037913262729.
[I 2026-05-22 18:02:53,805] Trial 429 finished with value: 0.6042307735571469 and parameters: {'rain_shift': 1.0913931251596711, 'ign_k': 0.7746109347683158, 'rate_power': 0.715364871249611}. Best is trial 410 with value: 0.6109037913262729.
[I 2026-05-22 18:02:54,155] Trial 430 finished with value: 0.6054283140695053 and parameters: {'rain_shift': 2.34837809969653, 'ign_k': 0.6766729469173387, 'rate_power': 0.7134658337412987}. Best is trial 410 with value: 0.6109037913262729.
[I 2026-05-22 18:02:54,509] Trial 431 finished with value: 0.6104393408503872 and parameters: {'rain_shift': 1.9933213461240316, 'ign_k': 0.5398314877112687, 'rate_power': 0.7041865908487522}. Best is trial 410 with value: 0.6109037913262729.
[I 2026-05-22 18:02:54,853] Trial 432 finished with value: 0.6043921462356463 and parameters: {'rain_shift': 2.251998298444734, 'ign_k': 0.7693573559703836, 'rate_power': 0.7183209978435219}. Best is trial 410 with value: 0.6109037913262729.
[I 2026-05-22 18:02:55,205] Trial 433 finished with value: 0.6108220246006493 and parameters: {'rain_shift': 1.6961879638245951, 'ign_k': 0.6914125997571677, 'rate_power': 0.7019591089583492}. Best is trial 410 with value: 0.6109037913262729.
[I 2026-05-22 18:02:55,556] Trial 434 finished with value: 0.5958561120942233 and parameters: {'rain_shift': 0.6777885281589342, 'ign_k': 0.6594551339139267, 'rate_power': 0.7027765826609457}. Best is trial 410 with value: 0.6109037913262729.
[I 2026-05-22 18:02:55,908] Trial 435 finished with value: 0.6005939667553976 and parameters: {'rain_shift': 2.881743275055154, 'ign_k': 0.330375399138969, 'rate_power': 0.7025258437542091}. Best is trial 410 with value: 0.6109037913262729.
[I 2026-05-22 18:02:56,257] Trial 436 finished with value: 0.6091005689363588 and parameters: {'rain_shift': 2.0921873839670293, 'ign_k': 0.46525925588284534, 'rate_power': 0.7180115905959761}. Best is trial 410 with value: 0.6109037913262729.
[I 2026-05-22 18:02:56,603] Trial 437 finished with value: 0.5687605791643747 and parameters: {'rain_shift': 0.09433578955086275, 'ign_k': 0.39229864947876136, 'rate_power': 0.7029609683611795}. Best is trial 410 with value: 0.6109037913262729.
[I 2026-05-22 18:02:56,977] Trial 438 finished with value: 0.6062314029718732 and parameters: {'rain_shift': 2.40062438032883, 'ign_k': 0.5916114035065223, 'rate_power': 0.7179132432393748}. Best is trial 410 with value: 0.6109037913262729.
[I 2026-05-22 18:02:57,334] Trial 439 finished with value: 0.6078765451726088 and parameters: {'rain_shift': 1.8712355720104776, 'ign_k': 0.8668929562502017, 'rate_power': 0.710173817325471}. Best is trial 410 with value: 0.6109037913262729.
[I 2026-05-22 18:02:57,689] Trial 440 finished with value: 0.5677578444151856 and parameters: {'rain_shift': 2.743713761231434, 'ign_k': 0.07589511100296578, 'rate_power': 1.1883300226168552}. Best is trial 410 with value: 0.6109037913262729.
[I 2026-05-22 18:02:58,037] Trial 441 finished with value: 0.5779775039656007 and parameters: {'rain_shift': 4.189266152460844, 'ign_k': 0.7399946072610979, 'rate_power': 0.7274871085034306}. Best is trial 410 with value: 0.6109037913262729.
[I 2026-05-22 18:02:58,382] Trial 442 finished with value: 0.5923839030113662 and parameters: {'rain_shift': 3.147213608149886, 'ign_k': 0.4833568984334735, 'rate_power': 0.795840495080973}. Best is trial 410 with value: 0.6109037913262729.
[I 2026-05-22 18:02:58,727] Trial 443 finished with value: 0.6102176168624269 and parameters: {'rain_shift': 2.103820523878952, 'ign_k': 0.623370272366916, 'rate_power': 0.7079245297272779}. Best is trial 410 with value: 0.6109037913262729.
[I 2026-05-22 18:02:59,076] Trial 444 finished with value: 0.5883215104385984 and parameters: {'rain_shift': 2.762109256454573, 'ign_k': 1.0342668316322563, 'rate_power': 0.770798057311377}. Best is trial 410 with value: 0.6109037913262729.
[I 2026-05-22 18:02:59,425] Trial 445 finished with value: 0.6063992855860825 and parameters: {'rain_shift': 1.526954034457455, 'ign_k': 0.41497312925176977, 'rate_power': 0.7710235073963847}. Best is trial 410 with value: 0.6109037913262729.
