[I 2026-05-22 17:52:43,653] Trial 491 finished with value: 0.6037429081105943 and parameters: {'P_amp': 0.8985992156254472, 'P_wet': 1700.6130079051939, 'P_pow': 4.793947928273836, 'rate_power': 1.190348373623697}. Best is trial 415 with value: 0.6083364232243857.
[I 2026-05-22 17:52:43,945] Trial 492 finished with value: 0.6081053187893165 and parameters: {'P_amp': 0.6889592130097812, 'P_wet': 2502.3890699241174, 'P_pow': 5.986412382356788, 'rate_power': 1.2171962440677242}. Best is trial 415 with value: 0.6083364232243857.
[I 2026-05-22 17:52:44,235] Trial 493 finished with value: 0.6080086127014441 and parameters: {'P_amp': 0.8929962387939521, 'P_wet': 2908.256703456912, 'P_pow': 5.151042900068297, 'rate_power': 1.2321951017049182}. Best is trial 415 with value: 0.6083364232243857.
[I 2026-05-22 17:52:44,526] Trial 494 finished with value: 0.6067499014255393 and parameters: {'P_amp': 0.7620282562299456, 'P_wet': 2146.3398246713173, 'P_pow': 4.7874618246568525, 'rate_power': 1.2962860817737627}. Best is trial 415 with value: 0.6083364232243857.
[I 2026-05-22 17:52:44,817] Trial 495 finished with value: 0.6061837599546974 and parameters: {'P_amp': 0.8984666026880886, 'P_wet': 1800.2150735443834, 'P_pow': 5.642929908930884, 'rate_power': 1.1790206931716865}. Best is trial 415 with value: 0.6083364232243857.
[I 2026-05-22 17:52:45,108] Trial 496 finished with value: 0.6070648967329884 and parameters: {'P_amp': 0.8238553938513515, 'P_wet': 1965.7739814412644, 'P_pow': 5.984151895492878, 'rate_power': 1.299644258469394}. Best is trial 415 with value: 0.6083364232243857.
[I 2026-05-22 17:52:45,406] Trial 497 finished with value: 0.6073697593459817 and parameters: {'P_amp': 0.8999571548614262, 'P_wet': 3856.205582433093, 'P_pow': 5.992593494974111, 'rate_power': 1.1975180430307175}. Best is trial 415 with value: 0.6083364232243857.
[I 2026-05-22 17:52:45,705] Trial 498 finished with value: 0.6073170013572874 and parameters: {'P_amp': 0.7855627116361062, 'P_wet': 3719.3381691502254, 'P_pow': 5.075755811730054, 'rate_power': 1.18658239085826}. Best is trial 415 with value: 0.6083364232243857.
[I 2026-05-22 17:52:46,002] Trial 499 finished with value: 0.6077370372674514 and parameters: {'P_amp': 0.7638815559456134, 'P_wet': 3463.4160437046858, 'P_pow': 5.220576447899047, 'rate_power': 1.2721709059950825}. Best is trial 415 with value: 0.6083364232243857.
[I 2026-05-22 17:52:46,298] Trial 500 finished with value: 0.6080626545598538 and parameters: {'P_amp': 0.8824458643176006, 'P_wet': 3007.1063964871328, 'P_pow': 5.807179409976554, 'rate_power': 1.2439037024057278}. Best is trial 415 with value: 0.6083364232243857.
[I 2026-05-22 17:52:46,595] Trial 501 finished with value: 0.6079923446059835 and parameters: {'P_amp': 0.8801858780703672, 'P_wet': 2101.4520942814797, 'P_pow': 5.9280790083524675, 'rate_power': 1.1901527819460969}. Best is trial 415 with value: 0.6083364232243857.
[I 2026-05-22 17:52:46,893] Trial 502 finished with value: 0.607529251568951 and parameters: {'P_amp': 0.8842714483511557, 'P_wet': 4686.184154130194, 'P_pow': 4.9527475543748976, 'rate_power': 1.295230847516857}. Best is trial 415 with value: 0.6083364232243857.
[I 2026-05-22 17:52:47,191] Trial 503 finished with value: 0.6081785249881337 and parameters: {'P_amp': 0.8870769609642235, 'P_wet': 2752.0054412041236, 'P_pow': 5.897996337256453, 'rate_power': 1.2250760580368454}. Best is trial 415 with value: 0.6083364232243857.
[I 2026-05-22 17:52:47,489] Trial 504 finished with value: 0.6056584832117531 and parameters: {'P_amp': 0.8923685687814371, 'P_wet': 1726.0045835451426, 'P_pow': 5.949827696314115, 'rate_power': 1.0954631744631613}. Best is trial 415 with value: 0.6083364232243857.
[I 2026-05-22 17:52:47,787] Trial 505 finished with value: 0.6073531121914281 and parameters: {'P_amp': 0.8989641038012666, 'P_wet': 2046.850178077735, 'P_pow': 5.922151602440644, 'rate_power': 1.2978663719200685}. Best is trial 415 with value: 0.6083364232243857.
[I 2026-05-22 17:52:48,085] Trial 506 finished with value: 0.6068613463472898 and parameters: {'P_amp': 0.7228160231919081, 'P_wet': 2871.1518460929346, 'P_pow': 5.841504885438481, 'rate_power': 1.1223243836263361}. Best is trial 415 with value: 0.6083364232243857.
[I 2026-05-22 17:52:48,379] Trial 507 finished with value: 0.6082716153072708 and parameters: {'P_amp': 0.8892235690162613, 'P_wet': 2502.5141048651076, 'P_pow': 5.922613061395173, 'rate_power': 1.2568216116577458}. Best is trial 415 with value: 0.6083364232243857.
[I 2026-05-22 17:52:48,669] Trial 508 finished with value: 0.6070301232235252 and parameters: {'P_amp': 0.8908909929380115, 'P_wet': 2126.79902607486, 'P_pow': 4.745600063098779, 'rate_power': 1.181474878265624}. Best is trial 415 with value: 0.6083364232243857.
[I 2026-05-22 17:52:48,970] Trial 509 finished with value: 0.6071925450081059 and parameters: {'P_amp': 0.729100476005575, 'P_wet': 1861.2375504026484, 'P_pow': 5.940868025554396, 'rate_power': 1.2172043658709009}. Best is trial 415 with value: 0.6083364232243857.
[I 2026-05-22 17:52:49,268] Trial 510 finished with value: 0.6080405932673957 and parameters: {'P_amp': 0.7586435959263407, 'P_wet': 2772.710135114134, 'P_pow': 5.9818503715479645, 'rate_power': 1.2168291140341163}. Best is trial 415 with value: 0.6083364232243857.
[I 2026-05-22 17:52:49,564] Trial 511 finished with value: 0.6049846556819497 and parameters: {'P_amp': 0.17440543989426938, 'P_wet': 1407.9161558674944, 'P_pow': 2.542559820052704, 'rate_power': 1.1323797676346996}. Best is trial 415 with value: 0.6083364232243857.
[I 2026-05-22 17:52:49,864] Trial 512 finished with value: 0.607981909367334 and parameters: {'P_amp': 0.890451071276093, 'P_wet': 2145.417256161881, 'P_pow': 5.900178419419405, 'rate_power': 1.267077003706078}. Best is trial 415 with value: 0.6083364232243857.
[I 2026-05-22 17:52:50,160] Trial 513 finished with value: 0.6081048400809503 and parameters: {'P_amp': 0.8897938298527086, 'P_wet': 2579.851364426207, 'P_pow': 5.931588508030699, 'rate_power': 1.1910370536526147}. Best is trial 415 with value: 0.6083364232243857.
[I 2026-05-22 17:52:50,458] Trial 514 finished with value: 0.607562712129437 and parameters: {'P_amp': 0.8911321126719086, 'P_wet': 2319.4954078787487, 'P_pow': 4.903484383930995, 'rate_power': 1.1745428263290387}. Best is trial 415 with value: 0.6083364232243857.
[I 2026-05-22 17:52:50,756] Trial 515 finished with value: 0.6075426102783492 and parameters: {'P_amp': 0.8347264158578697, 'P_wet': 4396.273058524842, 'P_pow': 5.978131360791791, 'rate_power': 1.2820744314654282}. Best is trial 415 with value: 0.6083364232243857.
[I 2026-05-22 17:52:51,048] Trial 516 finished with value: 0.6080035132045155 and parameters: {'P_amp': 0.8859371575384168, 'P_wet': 3079.3366317171167, 'P_pow': 5.896282632021257, 'rate_power': 1.256092457513261}. Best is trial 415 with value: 0.6083364232243857.
[I 2026-05-22 17:52:51,342] Trial 517 finished with value: 0.6078800352150078 and parameters: {'P_amp': 0.8949413786127641, 'P_wet': 3340.094975838915, 'P_pow': 5.958589075496121, 'rate_power': 1.269603061417788}. Best is trial 415 with value: 0.6083364232243857.
[I 2026-05-22 17:52:51,632] Trial 518 finished with value: 0.6067095949500734 and parameters: {'P_amp': 0.8916501282157858, 'P_wet': 1973.290549733953, 'P_pow': 5.265336758201427, 'rate_power': 1.2489410365931304}. Best is trial 415 with value: 0.6083364232243857.
[I 2026-05-22 17:52:51,926] Trial 519 finished with value: 0.6076024489086932 and parameters: {'P_amp': 0.8931427062295486, 'P_wet': 3069.7712885397796, 'P_pow': 5.92388311599066, 'rate_power': 1.175531267398744}. Best is trial 415 with value: 0.6083364232243857.
[I 2026-05-22 17:52:52,217] Trial 520 finished with value: 0.607523278083336 and parameters: {'P_amp': 0.8997158995510738, 'P_wet': 2287.410177354039, 'P_pow': 5.260329454413785, 'rate_power': 1.2974847027237344}. Best is trial 415 with value: 0.6083364232243857.
[I 2026-05-22 17:52:52,508] Trial 521 finished with value: 0.6080651972632866 and parameters: {'P_amp': 0.8802115800257952, 'P_wet': 2374.7345866160194, 'P_pow': 5.974024069749518, 'rate_power': 1.297233682497312}. Best is trial 415 with value: 0.6083364232243857.
[I 2026-05-22 17:52:52,801] Trial 522 finished with value: 0.6050966142199548 and parameters: {'P_amp': 0.8927395007068984, 'P_wet': 1732.9599610815765, 'P_pow': 5.917074085959924, 'rate_power': 1.263867294318987}. Best is trial 415 with value: 0.6083364232243857.
[I 2026-05-22 17:52:53,095] Trial 523 finished with value: 0.607141749135493 and parameters: {'P_amp': 0.773811829798901, 'P_wet': 2002.8230894450153, 'P_pow': 5.227625861792117, 'rate_power': 1.179882761343198}. Best is trial 415 with value: 0.6083364232243857.
[I 2026-05-22 17:52:53,386] Trial 524 finished with value: 0.607545371746284 and parameters: {'P_amp': 0.8944778512491401, 'P_wet': 2935.490465138392, 'P_pow': 5.051069349686799, 'rate_power': 1.1687265587104465}. Best is trial 415 with value: 0.6083364232243857.
[I 2026-05-22 17:52:53,677] Trial 525 finished with value: 0.6077187201511681 and parameters: {'P_amp': 0.8828353052874582, 'P_wet': 2363.469648152652, 'P_pow': 5.926837899348337, 'rate_power': 1.135824868115314}. Best is trial 415 with value: 0.6083364232243857.
[I 2026-05-22 17:52:53,968] Trial 526 finished with value: 0.6054768188519851 and parameters: {'P_amp': 0.6754681912930144, 'P_wet': 2689.3095291386967, 'P_pow': 3.847067194367029, 'rate_power': 1.0660217835064267}. Best is trial 415 with value: 0.6083364232243857.
[I 2026-05-22 17:52:54,267] Trial 527 finished with value: 0.5990259196910829 and parameters: {'P_amp': 0.3467693507688084, 'P_wet': 3954.412125665147, 'P_pow': 0.4076118707350531, 'rate_power': 0.8861078791946825}. Best is trial 415 with value: 0.6083364232243857.
[I 2026-05-22 17:52:54,564] Trial 528 finished with value: 0.592875321995399 and parameters: {'P_amp': 0.43008201524271633, 'P_wet': 747.5628003870065, 'P_pow': 0.5185161143465775, 'rate_power': 1.2874382090965748}. Best is trial 415 with value: 0.6083364232243857.
[I 2026-05-22 17:52:54,862] Trial 529 finished with value: 0.6076365898847033 and parameters: {'P_amp': 0.7218422819249191, 'P_wet': 2284.2698442695432, 'P_pow': 5.113224070168617, 'rate_power': 1.265617404818209}. Best is trial 415 with value: 0.6083364232243857.
[I 2026-05-22 17:52:55,160] Trial 530 finished with value: 0.6078715595134573 and parameters: {'P_amp': 0.8746791259255549, 'P_wet': 3151.8644293735283, 'P_pow': 5.997746566765355, 'rate_power': 1.2949651175061776}. Best is trial 415 with value: 0.6083364232243857.
[I 2026-05-22 17:52:55,456] Trial 531 finished with value: 0.6020368407219863 and parameters: {'P_amp': 0.7075993567367466, 'P_wet': 1438.1144884491557, 'P_pow': 5.974788875289936, 'rate_power': 1.1482738796706398}. Best is trial 415 with value: 0.6083364232243857.
[I 2026-05-22 17:52:55,753] Trial 532 finished with value: 0.6030556486747868 and parameters: {'P_amp': 0.7724970009186763, 'P_wet': 1645.1920513416626, 'P_pow': 5.332197073025908, 'rate_power': 1.2962863927090869}. Best is trial 415 with value: 0.6083364232243857.
[I 2026-05-22 17:52:56,050] Trial 533 finished with value: 0.5907114973637232 and parameters: {'P_amp': 0.7218963410103924, 'P_wet': 1108.3213641482205, 'P_pow': 4.12768826059758, 'rate_power': 1.0841716673660657}. Best is trial 415 with value: 0.6083364232243857.
[I 2026-05-22 17:52:56,347] Trial 534 finished with value: 0.6075092813058653 and parameters: {'P_amp': 0.7690665443849198, 'P_wet': 2208.9899440590643, 'P_pow': 4.889936602188876, 'rate_power': 1.2108030495872342}. Best is trial 415 with value: 0.6083364232243857.
[I 2026-05-22 17:52:56,645] Trial 535 finished with value: 0.5852770896348735 and parameters: {'P_amp': 0.7709915044922765, 'P_wet': 3795.8815821272733, 'P_pow': 5.88633753456206, 'rate_power': 0.7596754767327777}. Best is trial 415 with value: 0.6083364232243857.
[I 2026-05-22 17:52:56,939] Trial 536 finished with value: 0.6073224991406747 and parameters: {'P_amp': 0.7403685766673165, 'P_wet': 3840.797893256808, 'P_pow': 5.7873711128385406, 'rate_power': 1.1966942439207982}. Best is trial 415 with value: 0.6083364232243857.
[I 2026-05-22 17:52:57,235] Trial 537 finished with value: 0.6051500509640014 and parameters: {'P_amp': 0.879846301286079, 'P_wet': 1759.1563954323817, 'P_pow': 5.22551913322577, 'rate_power': 1.210418575335339}. Best is trial 415 with value: 0.6083364232243857.
[I 2026-05-22 17:52:57,534] Trial 538 finished with value: 0.6078755087239142 and parameters: {'P_amp': 0.8852006945547546, 'P_wet': 2786.7617556738514, 'P_pow': 4.971159976484776, 'rate_power': 1.2057302323095622}. Best is trial 415 with value: 0.6083364232243857.
[I 2026-05-22 17:52:57,831] Trial 539 finished with value: 0.6059363338058179 and parameters: {'P_amp': 0.8978223929612112, 'P_wet': 1807.3717466432036, 'P_pow': 5.650959566052625, 'rate_power': 1.2364787484777204}. Best is trial 415 with value: 0.6083364232243857.
[I 2026-05-22 17:52:58,132] Trial 540 finished with value: 0.6072387353745835 and parameters: {'P_amp': 0.8996314452934803, 'P_wet': 2006.5775376676509, 'P_pow': 5.993109821765473, 'rate_power': 1.297086047254644}. Best is trial 415 with value: 0.6083364232243857.
[I 2026-05-22 17:52:58,431] Trial 541 finished with value: 0.6079106764771328 and parameters: {'P_amp': 0.764701761947409, 'P_wet': 2958.3143367501048, 'P_pow': 5.306019453683808, 'rate_power': 1.2529541409855134}. Best is trial 415 with value: 0.6083364232243857.
[I 2026-05-22 17:52:58,724] Trial 542 finished with value: 0.6080105495525928 and parameters: {'P_amp': 0.7613365633720869, 'P_wet': 2937.894414169075, 'P_pow': 5.933989622832858, 'rate_power': 1.24116440816044}. Best is trial 415 with value: 0.6083364232243857.
[I 2026-05-22 17:52:59,012] Trial 543 finished with value: 0.6063175767149837 and parameters: {'P_amp': 0.7308511082272858, 'P_wet': 2066.610458339002, 'P_pow': 4.840522299966619, 'rate_power': 1.0927143290010137}. Best is trial 415 with value: 0.6083364232243857.
[I 2026-05-22 17:52:59,302] Trial 544 finished with value: 0.6079164179192765 and parameters: {'P_amp': 0.8894873055462923, 'P_wet': 3021.0986814858575, 'P_pow': 5.994515706987451, 'rate_power': 1.209680208711652}. Best is trial 415 with value: 0.6083364232243857.
[I 2026-05-22 17:52:59,592] Trial 545 finished with value: 0.6063798027922025 and parameters: {'P_amp': 0.8104888323347308, 'P_wet': 1767.8935859076464, 'P_pow': 5.992370913019373, 'rate_power': 1.2163233111202423}. Best is trial 415 with value: 0.6083364232243857.
[I 2026-05-22 17:52:59,882] Trial 546 finished with value: 0.6072512734363383 and parameters: {'P_amp': 0.8808117909770599, 'P_wet': 2313.637669720132, 'P_pow': 4.92564707202078, 'rate_power': 1.2993187491736877}. Best is trial 415 with value: 0.6083364232243857.
[I 2026-05-22 17:53:00,172] Trial 547 finished with value: 0.6074826245890361 and parameters: {'P_amp': 0.7271083346978364, 'P_wet': 3247.2907510461223, 'P_pow': 5.990248774307452, 'rate_power': 1.1887385080964357}. Best is trial 415 with value: 0.6083364232243857.
[I 2026-05-22 17:53:00,466] Trial 548 finished with value: 0.6032548694200294 and parameters: {'P_amp': 0.39964057514953405, 'P_wet': 5451.655221102341, 'P_pow': 0.21582801832189968, 'rate_power': 1.0783849646967827}. Best is trial 415 with value: 0.6083364232243857.
[I 2026-05-22 17:53:00,756] Trial 549 finished with value: 0.6057051807924092 and parameters: {'P_amp': 0.8829461307607401, 'P_wet': 1742.5164256195703, 'P_pow': 5.686125160497057, 'rate_power': 1.1728153555553815}. Best is trial 415 with value: 0.6083364232243857.
[I 2026-05-22 17:53:01,052] Trial 550 finished with value: 0.5933684178393502 and parameters: {'P_amp': 0.4279645596310698, 'P_wet': 1416.3685293585468, 'P_pow': 0.4752636718334555, 'rate_power': 0.7765040271982186}. Best is trial 415 with value: 0.6083364232243857.
[I 2026-05-22 17:53:01,342] Trial 551 finished with value: 0.6080108915814747 and parameters: {'P_amp': 0.7709907120879259, 'P_wet': 2083.993462409099, 'P_pow': 5.907341280458166, 'rate_power': 1.2049948211477406}. Best is trial 415 with value: 0.6083364232243857.
[I 2026-05-22 17:53:01,632] Trial 552 finished with value: 0.6059982948877708 and parameters: {'P_amp': 0.5819018913271279, 'P_wet': 5129.455687737834, 'P_pow': 2.5565962140015914, 'rate_power': 1.1154671286034674}. Best is trial 415 with value: 0.6083364232243857.
[I 2026-05-22 17:53:01,922] Trial 553 finished with value: 0.5890796450452523 and parameters: {'P_amp': 0.88955554611444, 'P_wet': 1243.4379400778082, 'P_pow': 5.987948510409688, 'rate_power': 1.2348715851735232}. Best is trial 415 with value: 0.6083364232243857.
[I 2026-05-22 17:53:02,211] Trial 554 finished with value: 0.608233340614985 and parameters: {'P_amp': 0.8955396227979405, 'P_wet': 2691.4501938553694, 'P_pow': 5.8995693333523755, 'rate_power': 1.2534717665995085}. Best is trial 415 with value: 0.6083364232243857.
[I 2026-05-22 17:53:02,501] Trial 555 finished with value: 0.6076643723729718 and parameters: {'P_amp': 0.8952831149214963, 'P_wet': 3910.5795499971105, 'P_pow': 5.23970113752884, 'rate_power': 1.273930214720388}. Best is trial 415 with value: 0.6083364232243857.
[I 2026-05-22 17:53:02,789] Trial 556 finished with value: 0.6068616881609814 and parameters: {'P_amp': 0.7972484517328349, 'P_wet': 4329.396585350331, 'P_pow': 5.182650163315477, 'rate_power': 1.1612983612259413}. Best is trial 415 with value: 0.6083364232243857.
[I 2026-05-22 17:53:03,082] Trial 557 finished with value: 0.6026196854875011 and parameters: {'P_amp': 0.39841161263256214, 'P_wet': 1601.4372202541554, 'P_pow': 0.3250358328273584, 'rate_power': 1.0452528120332854}. Best is trial 415 with value: 0.6083364232243857.
[I 2026-05-22 17:53:03,372] Trial 558 finished with value: 0.6073712662224404 and parameters: {'P_amp': 0.8979099163197992, 'P_wet': 2243.6800924690137, 'P_pow': 5.978263839151616, 'rate_power': 1.101429995498163}. Best is trial 415 with value: 0.6083364232243857.
[I 2026-05-22 17:53:03,662] Trial 559 finished with value: 0.5508835319561032 and parameters: {'P_amp': 0.6619451995940053, 'P_wet': 487.3736233285256, 'P_pow': 5.78361827573324, 'rate_power': 1.0919078962072863}. Best is trial 415 with value: 0.6083364232243857.
[I 2026-05-22 17:53:03,950] Trial 560 finished with value: 0.607628203702465 and parameters: {'P_amp': 0.89417815456733, 'P_wet': 2200.459640457844, 'P_pow': 5.18752405767901, 'rate_power': 1.1759782323123051}. Best is trial 415 with value: 0.6083364232243857.
[I 2026-05-22 17:53:04,241] Trial 561 finished with value: 0.6080257321680756 and parameters: {'P_amp': 0.7554696426775941, 'P_wet': 2853.176524217537, 'P_pow': 5.983453987176425, 'rate_power': 1.27005753665499}. Best is trial 415 with value: 0.6083364232243857.
[I 2026-05-22 17:53:04,530] Trial 562 finished with value: 0.6071758973813779 and parameters: {'P_amp': 0.8872022271652009, 'P_wet': 5041.487412501584, 'P_pow': 5.7356119826525545, 'rate_power': 1.1985242085897345}. Best is trial 415 with value: 0.6083364232243857.
[I 2026-05-22 17:53:04,828] Trial 563 finished with value: 0.6072592635654368 and parameters: {'P_amp': 0.7573889850527165, 'P_wet': 1936.1991137989603, 'P_pow': 5.859543819371965, 'rate_power': 1.150063950650281}. Best is trial 415 with value: 0.6083364232243857.
[I 2026-05-22 17:53:05,126] Trial 564 finished with value: 0.6067444985699307 and parameters: {'P_amp': 0.7784983311850533, 'P_wet': 3403.5258486433104, 'P_pow': 5.372629851291118, 'rate_power': 1.1321754577737635}. Best is trial 415 with value: 0.6083364232243857.
[I 2026-05-22 17:53:05,423] Trial 565 finished with value: 0.6077537305115014 and parameters: {'P_amp': 0.7577400999458049, 'P_wet': 2933.791539431049, 'P_pow': 5.023440444125638, 'rate_power': 1.2902048987956822}. Best is trial 415 with value: 0.6083364232243857.
[I 2026-05-22 17:53:05,722] Trial 566 finished with value: 0.6063094451448291 and parameters: {'P_amp': 0.8847289741661154, 'P_wet': 2672.368830763893, 'P_pow': 5.044027704764725, 'rate_power': 1.0768821833219495}. Best is trial 415 with value: 0.6083364232243857.
[I 2026-05-22 17:53:06,020] Trial 567 finished with value: 0.607660900393573 and parameters: {'P_amp': 0.8965229444290687, 'P_wet': 2304.3682163462104, 'P_pow': 5.070182244237184, 'rate_power': 1.1721597277150921}. Best is trial 415 with value: 0.6083364232243857.
[I 2026-05-22 17:53:06,318] Trial 568 finished with value: 0.6074965385693029 and parameters: {'P_amp': 0.7326987954699473, 'P_wet': 2950.5439244079707, 'P_pow': 5.905826912186051, 'rate_power': 1.1707015436779065}. Best is trial 415 with value: 0.6083364232243857.
[I 2026-05-22 17:53:06,616] Trial 569 finished with value: 0.60821400416631 and parameters: {'P_amp': 0.7691848865185493, 'P_wet': 2221.562490069594, 'P_pow': 5.985295519302365, 'rate_power': 1.2163483262830632}. Best is trial 415 with value: 0.6083364232243857.
[I 2026-05-22 17:53:06,915] Trial 570 finished with value: 0.5938637118697911 and parameters: {'P_amp': 0.40268904346184636, 'P_wet': 665.386861752343, 'P_pow': 2.366629959293433, 'rate_power': 0.8188169203078972}. Best is trial 415 with value: 0.6083364232243857.
[I 2026-05-22 17:53:07,214] Trial 571 finished with value: 0.5953916523408506 and parameters: {'P_amp': 0.7007111643844464, 'P_wet': 326.5911287413562, 'P_pow': 0.2644666010343495, 'rate_power': 0.9134614585702836}. Best is trial 415 with value: 0.6083364232243857.
[I 2026-05-22 17:53:07,513] Trial 572 finished with value: 0.5998562070380635 and parameters: {'P_amp': 0.671341359655616, 'P_wet': 1385.2195836411242, 'P_pow': 5.2789184251728924, 'rate_power': 1.2077969362947458}. Best is trial 415 with value: 0.6083364232243857.
