[I 2026-05-22 17:38:44,950] Trial 215 finished with value: 0.5675655773366394 and parameters: {'k1': 0.00732268480626568, 'D_low': 1.7809879361475285, 'k2': 0.009106630390694809, 'D_high': 4288.42307759664, 'fire_exp': 0.4067373486611189, 'P_half': 144.68013045702443, 'pre_dampen_half': 0.15946932015844167, 'gpp_af': 0.05207387587015172, 'gpp_b': 2.7856024860481043e-05, 'gpp_d': 741.4767369215982, 'ign_k': 8.151129356635252, 'ign_c': 0.2835212081384174, 'ign_k2': 0.8943728577448211, 'ign_c2': 0.3060330997556618, 'rain_shift': 11.440465824120514}. Best is trial 0 with value: 0.5948382818560959.
[I 2026-05-22 17:38:45,499] Trial 216 finished with value: 0.5758656538015329 and parameters: {'k1': 0.0037359282874989976, 'D_low': 32.383479761119794, 'k2': 0.012251827014875205, 'D_high': 27827.586490742982, 'fire_exp': 0.4431912952548044, 'P_half': 100.22573540065838, 'pre_dampen_half': 0.9015947795904209, 'gpp_af': 0.002967133528692514, 'gpp_b': 8.784229767056195e-06, 'gpp_d': 752.2381024972374, 'ign_k': 4.014492607249419, 'ign_c': 0.31929802952093356, 'ign_k2': 5.157737993998564, 'ign_c2': 0.280713826495449, 'rain_shift': 10.28464561035939}. Best is trial 0 with value: 0.5948382818560959.
[I 2026-05-22 17:38:46,044] Trial 217 finished with value: 0.45005203532107946 and parameters: {'k1': 0.00886318900399587, 'D_low': 23.39625072327567, 'k2': 0.03719170379127532, 'D_high': 1942.984797532863, 'fire_exp': 0.4910037922736995, 'P_half': 285.8810749591413, 'pre_dampen_half': 712.8200994713445, 'gpp_af': 0.0318695526524393, 'gpp_b': 3.876610110360511e-06, 'gpp_d': 354.310668416373, 'ign_k': 4.4470553257771614, 'ign_c': 0.1045122826560203, 'ign_k2': 0.08425873398568154, 'ign_c2': 0.35171638049669873, 'rain_shift': 7.939033493153123}. Best is trial 0 with value: 0.5948382818560959.
[I 2026-05-22 17:38:46,590] Trial 218 finished with value: 0.5549376444679639 and parameters: {'k1': 0.03368778249022786, 'D_low': 123.57099264504107, 'k2': 0.00043956787745708315, 'D_high': 45698.433636888774, 'fire_exp': 1.6323633499835222, 'P_half': 61.63722743032415, 'pre_dampen_half': 232.7005903133144, 'gpp_af': 0.08372601836227657, 'gpp_b': 0.008671272745275719, 'gpp_d': 71.17891558636796, 'ign_k': 0.783371421769022, 'ign_c': 0.11982299243000066, 'ign_k2': 6.724177124158552, 'ign_c2': 0.2957282897423718, 'rain_shift': 12.698410026706567}. Best is trial 0 with value: 0.5948382818560959.
[I 2026-05-22 17:38:47,147] Trial 219 finished with value: 0.4901230138187833 and parameters: {'k1': 0.003355394189750324, 'D_low': 303.71117083375054, 'k2': 0.00032170417846118856, 'D_high': 47060.49858386849, 'fire_exp': 0.459430596379783, 'P_half': 0.5198491755915886, 'pre_dampen_half': 7.572783838730168, 'gpp_af': 22.27090544399574, 'gpp_b': 0.05340870022320047, 'gpp_d': 37.6212487883716, 'ign_k': 0.005111662304284242, 'ign_c': 1.306125516118633, 'ign_k2': 7.908076848367965, 'ign_c2': 1.2706365053714015, 'rain_shift': 2.095858985656742}. Best is trial 0 with value: 0.5948382818560959.
[I 2026-05-22 17:38:47,694] Trial 220 finished with value: 0.5742594043188465 and parameters: {'k1': 0.04182208539596762, 'D_low': 164.95330786673662, 'k2': 0.014883691045981291, 'D_high': 11192.644717364656, 'fire_exp': 0.36890432108144033, 'P_half': 21.27650358226926, 'pre_dampen_half': 2.7914732620507916, 'gpp_af': 8.6468554188573, 'gpp_b': 0.0022435139163068467, 'gpp_d': 54.47485594864627, 'ign_k': 0.005174245852610897, 'ign_c': 1.0832995566525319, 'ign_k2': 5.817067933728089, 'ign_c2': 0.11773620267722071, 'rain_shift': 9.956768227034424}. Best is trial 0 with value: 0.5948382818560959.
[I 2026-05-22 17:38:48,241] Trial 221 finished with value: 0.566019144269578 and parameters: {'k1': 0.001059737093878122, 'D_low': 2.9799951137800598, 'k2': 0.017780170809293155, 'D_high': 23624.165242668605, 'fire_exp': 0.5052730185247635, 'P_half': 768.1637605060234, 'pre_dampen_half': 24.18932693908014, 'gpp_af': 0.0013708127382061218, 'gpp_b': 1.549963481141159e-05, 'gpp_d': 470.08734505759037, 'ign_k': 4.189408006647424, 'ign_c': 0.6838590648292543, 'ign_k2': 1.9495200551038405, 'ign_c2': 0.19036452934774267, 'rain_shift': 13.162520781625442}. Best is trial 0 with value: 0.5948382818560959.
[I 2026-05-22 17:38:48,784] Trial 222 finished with value: 0.4769723520189275 and parameters: {'k1': 0.00011062892988044279, 'D_low': 2.2618689270142225, 'k2': 0.014812717867930807, 'D_high': 9500.347706065557, 'fire_exp': 0.7393029732496506, 'P_half': 0.38513574102906584, 'pre_dampen_half': 4.678627032964243, 'gpp_af': 3.41794921989655, 'gpp_b': 0.35043711288661683, 'gpp_d': 0.3282176823396361, 'ign_k': 0.020697339789434204, 'ign_c': 0.4188512960396207, 'ign_k2': 1.8697429984407126, 'ign_c2': 0.3346539979127388, 'rain_shift': 11.20348849137317}. Best is trial 0 with value: 0.5948382818560959.
[I 2026-05-22 17:38:49,333] Trial 223 finished with value: 0.5700839333827977 and parameters: {'k1': 0.006753544386810497, 'D_low': 2.000138421910438, 'k2': 0.0011231069444839195, 'D_high': 1630.2230335212937, 'fire_exp': 0.41565382195093575, 'P_half': 8.665613187681696, 'pre_dampen_half': 448.9689111746751, 'gpp_af': 0.645444931458573, 'gpp_b': 0.009293552286973315, 'gpp_d': 685.5663787254388, 'ign_k': 1.1812069864218426, 'ign_c': 0.3909430566866869, 'ign_k2': 5.043748280536464, 'ign_c2': 0.8261072468223161, 'rain_shift': 18.359254348128474}. Best is trial 0 with value: 0.5948382818560959.
[I 2026-05-22 17:38:49,887] Trial 224 finished with value: 0.5865745511816742 and parameters: {'k1': 0.049873286397556955, 'D_low': 6.6269208835789195, 'k2': 0.005648790260445434, 'D_high': 1321.784822533192, 'fire_exp': 0.3920193275881865, 'P_half': 36.696644056752085, 'pre_dampen_half': 15.921646044019687, 'gpp_af': 0.012882048629275323, 'gpp_b': 1.503172921679877e-06, 'gpp_d': 111.66720651668976, 'ign_k': 2.7138879437635297, 'ign_c': 0.6286171880217903, 'ign_k2': 1.51058961268781, 'ign_c2': 0.16639957030089642, 'rain_shift': 6.907167152949873}. Best is trial 0 with value: 0.5948382818560959.
[I 2026-05-22 17:38:50,435] Trial 225 finished with value: 0.5853714278378652 and parameters: {'k1': 0.09713765162331321, 'D_low': 130.26377869837484, 'k2': 0.013996681094602371, 'D_high': 6994.180355922827, 'fire_exp': 0.8204981510420306, 'P_half': 79.94212121257175, 'pre_dampen_half': 217.783756355738, 'gpp_af': 0.0310026558950697, 'gpp_b': 6.5027302506169685e-06, 'gpp_d': 322.944410541338, 'ign_k': 0.28786125648026406, 'ign_c': 0.3851152722097478, 'ign_k2': 1.2913715999634003, 'ign_c2': 0.16531302858365673, 'rain_shift': 11.276615244170195}. Best is trial 0 with value: 0.5948382818560959.
[I 2026-05-22 17:38:50,975] Trial 226 finished with value: 0.5578704091839148 and parameters: {'k1': 0.013778669963592106, 'D_low': 61.008380984378384, 'k2': 0.0015842991620962708, 'D_high': 1128.2547215064567, 'fire_exp': 0.539312473345139, 'P_half': 187.80931968339118, 'pre_dampen_half': 6.465037746976078, 'gpp_af': 0.002265413050230563, 'gpp_b': 0.0007169406828737903, 'gpp_d': 241.50029294978177, 'ign_k': 3.1327457425265903, 'ign_c': 0.2655825195364725, 'ign_k2': 1.8436072931693508, 'ign_c2': 0.22955423365500582, 'rain_shift': 10.194430132133027}. Best is trial 0 with value: 0.5948382818560959.
[I 2026-05-22 17:38:51,517] Trial 227 finished with value: 0.5636783255731221 and parameters: {'k1': 0.023395050758194914, 'D_low': 9.018669597412602, 'k2': 0.008003114355277646, 'D_high': 13176.669654345751, 'fire_exp': 0.446842650052978, 'P_half': 340.6876890868116, 'pre_dampen_half': 5.0191174810129, 'gpp_af': 0.028404146882259854, 'gpp_b': 3.403077334037889e-06, 'gpp_d': 17.84103794638646, 'ign_k': 1.6679957757046526, 'ign_c': 0.10240906690893284, 'ign_k2': 1.9111645590623214, 'ign_c2': 0.1495690536529836, 'rain_shift': 6.614489352324368}. Best is trial 0 with value: 0.5948382818560959.
[I 2026-05-22 17:38:52,059] Trial 228 finished with value: 0.5837863817378584 and parameters: {'k1': 0.0035351809143474625, 'D_low': 65.14848570095108, 'k2': 0.087205932473076, 'D_high': 1718.4402599888938, 'fire_exp': 0.35544137225259215, 'P_half': 765.1605523097638, 'pre_dampen_half': 193.4144413016436, 'gpp_af': 0.016374051572505592, 'gpp_b': 6.876003576275533e-05, 'gpp_d': 850.8211393219553, 'ign_k': 3.312900843774934, 'ign_c': 0.7660105214791891, 'ign_k2': 3.5939785921093983, 'ign_c2': 0.36026701151038315, 'rain_shift': 9.631159128954028}. Best is trial 0 with value: 0.5948382818560959.
[I 2026-05-22 17:38:52,596] Trial 229 finished with value: 0.5423494079735673 and parameters: {'k1': 0.006722626234875711, 'D_low': 1.7411208352197793, 'k2': 0.011375647998077556, 'D_high': 8503.85084336688, 'fire_exp': 1.0088384781057955, 'P_half': 0.9096995657552058, 'pre_dampen_half': 1.1668326474770911, 'gpp_af': 0.020251848395922235, 'gpp_b': 0.000552404767943875, 'gpp_d': 184.34263533957161, 'ign_k': 0.009532558493400409, 'ign_c': 0.4150211508364441, 'ign_k2': 1.3910421106738624, 'ign_c2': 0.18167702612599557, 'rain_shift': 5.779812576474901}. Best is trial 0 with value: 0.5948382818560959.
[I 2026-05-22 17:38:53,135] Trial 230 finished with value: 0.5007556147069342 and parameters: {'k1': 0.0011510273844367285, 'D_low': 6.39462345554717, 'k2': 0.028162875832679242, 'D_high': 207.53439285989617, 'fire_exp': 0.37342099736598716, 'P_half': 861.5161807826794, 'pre_dampen_half': 40.15824806691988, 'gpp_af': 0.018557375801373455, 'gpp_b': 4.634131169964049e-06, 'gpp_d': 221.386466439091, 'ign_k': 4.307986177267598, 'ign_c': 0.15505536473563813, 'ign_k2': 1.0305253635709808, 'ign_c2': 0.167943707895965, 'rain_shift': 19.224637218443053}. Best is trial 0 with value: 0.5948382818560959.
[I 2026-05-22 17:38:53,677] Trial 231 finished with value: 0.5745461800051086 and parameters: {'k1': 0.0017361013842888847, 'D_low': 4.036490289105348, 'k2': 0.027065144015140048, 'D_high': 1318.6676335641014, 'fire_exp': 0.4306411280649354, 'P_half': 132.65545487882636, 'pre_dampen_half': 4.349119977998945, 'gpp_af': 0.05186434101892136, 'gpp_b': 1.5173907401664485e-06, 'gpp_d': 336.692675918195, 'ign_k': 0.49931808258282745, 'ign_c': 0.16044679683029606, 'ign_k2': 1.0011456542795636, 'ign_c2': 0.21011608201798498, 'rain_shift': 10.826300593978798}. Best is trial 0 with value: 0.5948382818560959.
[I 2026-05-22 17:38:54,217] Trial 232 finished with value: 0.5716044738951346 and parameters: {'k1': 0.005878237164275574, 'D_low': 20.6569145356466, 'k2': 0.07286914654039692, 'D_high': 4657.109443417919, 'fire_exp': 1.2555750529922307, 'P_half': 57.09186401658516, 'pre_dampen_half': 212.47375083948378, 'gpp_af': 0.06858839651051915, 'gpp_b': 3.4832141604335937e-06, 'gpp_d': 176.03193777645066, 'ign_k': 0.11094593861995197, 'ign_c': 0.38667949685821906, 'ign_k2': 0.553641228158434, 'ign_c2': 0.15608139032424218, 'rain_shift': 12.346284257367845}. Best is trial 0 with value: 0.5948382818560959.
[I 2026-05-22 17:38:54,762] Trial 233 finished with value: 0.5865403432857846 and parameters: {'k1': 0.0008467854133326487, 'D_low': 5.161261756022069, 'k2': 0.0006735556536816035, 'D_high': 162.51694968072778, 'fire_exp': 0.42790264045549975, 'P_half': 2.1475904035151117, 'pre_dampen_half': 427.64852112238646, 'gpp_af': 43.81946828257522, 'gpp_b': 0.01842163154579701, 'gpp_d': 592.3837875960438, 'ign_k': 3.624551376738158, 'ign_c': 13.311729264299013, 'ign_k2': 8.195968594018902, 'ign_c2': 0.14892663106225734, 'rain_shift': 8.020741470565262}. Best is trial 0 with value: 0.5948382818560959.
[I 2026-05-22 17:38:55,308] Trial 234 finished with value: 0.3931810874696658 and parameters: {'k1': 0.0009010555798939472, 'D_low': 11.108004759197794, 'k2': 0.0005945991540709574, 'D_high': 28.380150847405, 'fire_exp': 0.8280272836484732, 'P_half': 32.575835958478436, 'pre_dampen_half': 17.48975231517895, 'gpp_af': 19.971855335144863, 'gpp_b': 0.05026339314111211, 'gpp_d': 207.8553459956158, 'ign_k': 0.37551354062787484, 'ign_c': 80.05718216829192, 'ign_k2': 6.339607788174317, 'ign_c2': 0.1905666194218078, 'rain_shift': 4.3899846786945025}. Best is trial 0 with value: 0.5948382818560959.
[I 2026-05-22 17:38:55,850] Trial 235 finished with value: 0.5502470505580929 and parameters: {'k1': 0.04952384891589457, 'D_low': 14.577558901900767, 'k2': 0.0030172384138631206, 'D_high': 60730.03188974809, 'fire_exp': 0.396895994968757, 'P_half': 2.003976026461805, 'pre_dampen_half': 25.669666779073715, 'gpp_af': 1.0578801841301702, 'gpp_b': 0.036695650027036085, 'gpp_d': 108.722683054508, 'ign_k': 0.0014111143697090273, 'ign_c': 4.193851875407294, 'ign_k2': 0.8525299834716543, 'ign_c2': 0.2892957366987812, 'rain_shift': 6.93261481766513}. Best is trial 0 with value: 0.5948382818560959.
[I 2026-05-22 17:38:56,396] Trial 236 finished with value: 0.5056490494764377 and parameters: {'k1': 0.07754923049469085, 'D_low': 503.91311107966624, 'k2': 0.018223192600353596, 'D_high': 35701.710961424695, 'fire_exp': 1.973923823731994, 'P_half': 17.326703275380407, 'pre_dampen_half': 491.241800335899, 'gpp_af': 0.009163028068057716, 'gpp_b': 5.1895201785833916e-06, 'gpp_d': 154.62507454214173, 'ign_k': 0.0643102031247958, 'ign_c': 1.6604449340946696, 'ign_k2': 2.287807765020827, 'ign_c2': 0.18552846593348568, 'rain_shift': 12.832340209533097}. Best is trial 0 with value: 0.5948382818560959.
[I 2026-05-22 17:38:56,941] Trial 237 finished with value: 0.5636697218910908 and parameters: {'k1': 0.002952280359832077, 'D_low': 47.60533523158651, 'k2': 0.04179710931992354, 'D_high': 2681.751149636873, 'fire_exp': 0.4030340698740208, 'P_half': 1690.24777453229, 'pre_dampen_half': 101.83829432641589, 'gpp_af': 0.025469539357787844, 'gpp_b': 0.00010569688011940377, 'gpp_d': 226.67321010555298, 'ign_k': 8.162656390773247, 'ign_c': 0.7099072179262725, 'ign_k2': 8.355538267181888, 'ign_c2': 0.5647846327981887, 'rain_shift': 13.174270915008096}. Best is trial 0 with value: 0.5948382818560959.
[I 2026-05-22 17:38:57,487] Trial 238 finished with value: 0.5424044949991762 and parameters: {'k1': 0.006529151794189814, 'D_low': 68.73820764643526, 'k2': 0.05317143514098302, 'D_high': 534.9361041980391, 'fire_exp': 0.6671412283384363, 'P_half': 2947.7634435099812, 'pre_dampen_half': 10.442760388479874, 'gpp_af': 0.04398903288033109, 'gpp_b': 1.059268748013761e-06, 'gpp_d': 799.7827133766601, 'ign_k': 2.870720986807084, 'ign_c': 10.688150484590954, 'ign_k2': 7.03752455437234, 'ign_c2': 0.19763620789043862, 'rain_shift': 5.7827201041888365}. Best is trial 0 with value: 0.5948382818560959.
[I 2026-05-22 17:38:58,032] Trial 239 finished with value: 0.44512079432082835 and parameters: {'k1': 0.020886227895709385, 'D_low': 6.284023265433163, 'k2': 0.026189705888816667, 'D_high': 4740.710050046345, 'fire_exp': 0.4422354813619966, 'P_half': 7.192832761957647, 'pre_dampen_half': 61.94346183142067, 'gpp_af': 0.039169162995597175, 'gpp_b': 5.377848525676229e-06, 'gpp_d': 284.7629162494657, 'ign_k': 0.7098870992860266, 'ign_c': 2.1874614182116856, 'ign_k2': 0.9300541887385887, 'ign_c2': 0.32417148269595336, 'rain_shift': 4.19591887969065}. Best is trial 0 with value: 0.5948382818560959.
[I 2026-05-22 17:38:58,578] Trial 240 finished with value: 0.5847119330744496 and parameters: {'k1': 0.000783652371327977, 'D_low': 85.50493556267902, 'k2': 0.030537744976633755, 'D_high': 899.8120854093988, 'fire_exp': 0.6082533398513708, 'P_half': 19.744813651866416, 'pre_dampen_half': 8.427658936508005, 'gpp_af': 0.004179101457922538, 'gpp_b': 2.1703508681186952e-06, 'gpp_d': 95.10022389340507, 'ign_k': 7.159904312675187, 'ign_c': 1.3295402152061737, 'ign_k2': 9.333732949238392, 'ign_c2': 0.13018522035729213, 'rain_shift': 6.695770778162533}. Best is trial 0 with value: 0.5948382818560959.
[I 2026-05-22 17:38:59,120] Trial 241 finished with value: 0.5682017777229513 and parameters: {'k1': 0.0003102560702979709, 'D_low': 43.48334057245889, 'k2': 0.0002218585748073182, 'D_high': 211.79624649183262, 'fire_exp': 0.47204238324066244, 'P_half': 0.4168276533080735, 'pre_dampen_half': 160.3973854152966, 'gpp_af': 26.723041452284903, 'gpp_b': 0.7173390800538364, 'gpp_d': 649.8333785442521, 'ign_k': 2.639138404898797, 'ign_c': 17.829498459568484, 'ign_k2': 5.245805188989642, 'ign_c2': 0.30745918901851393, 'rain_shift': 10.771069689939907}. Best is trial 0 with value: 0.5948382818560959.
[I 2026-05-22 17:38:59,672] Trial 242 finished with value: 0.5589610588423038 and parameters: {'k1': 0.02310304816983334, 'D_low': 150.51929059086737, 'k2': 0.00011581762706132017, 'D_high': 62203.3990236794, 'fire_exp': 0.47458023988197734, 'P_half': 1.93537760853989, 'pre_dampen_half': 365.4005810983644, 'gpp_af': 2.0545070364762985, 'gpp_b': 0.8608430706184839, 'gpp_d': 154.0469770687108, 'ign_k': 0.001004889582632376, 'ign_c': 0.4688304502363591, 'ign_k2': 0.5534228971250358, 'ign_c2': 2.8393904085870196, 'rain_shift': 10.378139147068463}. Best is trial 0 with value: 0.5948382818560959.
[I 2026-05-22 17:39:00,222] Trial 243 finished with value: 0.47973972043435514 and parameters: {'k1': 0.0021520950983192353, 'D_low': 214.3777466718969, 'k2': 0.0031931905084056043, 'D_high': 239.42593938206613, 'fire_exp': 0.3870915755546167, 'P_half': 7.558569313871693, 'pre_dampen_half': 5.552861309524542, 'gpp_af': 0.0016523354344462852, 'gpp_b': 1.33188190910196e-06, 'gpp_d': 90.37249357489719, 'ign_k': 0.7127273676337514, 'ign_c': 0.21383004924732665, 'ign_k2': 0.8769853953414756, 'ign_c2': 0.16176481648739294, 'rain_shift': 2.964422181280342}. Best is trial 0 with value: 0.5948382818560959.
[I 2026-05-22 17:39:00,765] Trial 244 finished with value: 0.3994490055432051 and parameters: {'k1': 0.0003986095625975113, 'D_low': 1.153148760790658, 'k2': 8.745377774974178e-05, 'D_high': 895.8943443133657, 'fire_exp': 1.5868480296685683, 'P_half': 2.163572974302026, 'pre_dampen_half': 502.5441082076714, 'gpp_af': 31.55816130126653, 'gpp_b': 0.030431999789228125, 'gpp_d': 11.026850306830932, 'ign_k': 3.723573142515154, 'ign_c': 80.29844592020669, 'ign_k2': 4.640105957727375, 'ign_c2': 0.16495195018328435, 'rain_shift': 7.827823856901069}. Best is trial 0 with value: 0.5948382818560959.
[I 2026-05-22 17:39:01,314] Trial 245 finished with value: 0.572783513531608 and parameters: {'k1': 0.04289255311281329, 'D_low': 73.55395236764905, 'k2': 0.0062689250865438665, 'D_high': 25892.3758048856, 'fire_exp': 0.7698406271368952, 'P_half': 792.1292382313437, 'pre_dampen_half': 113.84955798817667, 'gpp_af': 0.0036706714390702493, 'gpp_b': 3.5502984120072077e-06, 'gpp_d': 611.2729432501143, 'ign_k': 0.6974619060443131, 'ign_c': 0.12328891834173812, 'ign_k2': 1.3412588000140722, 'ign_c2': 0.23790513083193662, 'rain_shift': 13.406323829670553}. Best is trial 0 with value: 0.5948382818560959.
[I 2026-05-22 17:39:01,863] Trial 246 finished with value: 0.4029148969159037 and parameters: {'k1': 0.0907563414382892, 'D_low': 3629.6314581806982, 'k2': 0.005629069992154611, 'D_high': 402.47676338152564, 'fire_exp': 0.6785281618574839, 'P_half': 15.886869083794176, 'pre_dampen_half': 12.471932711991492, 'gpp_af': 0.022273276212639265, 'gpp_b': 6.208722377833913e-06, 'gpp_d': 443.7885554808174, 'ign_k': 0.0824382353719052, 'ign_c': 0.17934898764373527, 'ign_k2': 0.3861695491696809, 'ign_c2': 0.7897381557285708, 'rain_shift': 6.828823128856875}. Best is trial 0 with value: 0.5948382818560959.
[I 2026-05-22 17:39:02,407] Trial 247 finished with value: 0.5625673289821369 and parameters: {'k1': 5.118344793250264e-05, 'D_low': 10.553533934317102, 'k2': 0.009453366125327673, 'D_high': 322.14270247480033, 'fire_exp': 0.5538893046800989, 'P_half': 0.23549854147697982, 'pre_dampen_half': 315.7553488579872, 'gpp_af': 16.357832365639823, 'gpp_b': 0.0033201665415596585, 'gpp_d': 332.0962783819433, 'ign_k': 3.5366651990301063, 'ign_c': 4.984384800118829, 'ign_k2': 2.006184692282461, 'ign_c2': 0.12498187389114254, 'rain_shift': 6.558747929866192}. Best is trial 0 with value: 0.5948382818560959.
[I 2026-05-22 17:39:02,953] Trial 248 finished with value: 0.5603623678373325 and parameters: {'k1': 2.7825337998335458e-05, 'D_low': 8.614521302189978, 'k2': 0.00021924571600448058, 'D_high': 1377.5845527264848, 'fire_exp': 0.6448154968035895, 'P_half': 2.4438710669229473, 'pre_dampen_half': 134.53102518141577, 'gpp_af': 53.067101362343976, 'gpp_b': 6.233285069102844e-05, 'gpp_d': 582.1576548350937, 'ign_k': 1.314898681861343, 'ign_c': 0.14330270401421794, 'ign_k2': 5.361247030369311, 'ign_c2': 0.6366137321362874, 'rain_shift': 13.904811324986905}. Best is trial 0 with value: 0.5948382818560959.
[I 2026-05-22 17:39:03,502] Trial 249 finished with value: 0.5831676658173822 and parameters: {'k1': 0.02414328090577522, 'D_low': 108.3025213495033, 'k2': 0.09552014977805873, 'D_high': 9473.462533078726, 'fire_exp': 0.4396523216602344, 'P_half': 3331.020918952887, 'pre_dampen_half': 31.901175405504638, 'gpp_af': 0.02651033237334659, 'gpp_b': 4.363131552730668e-05, 'gpp_d': 559.6306531057829, 'ign_k': 8.850398935410778, 'ign_c': 0.24258738054508386, 'ign_k2': 9.259107947771867, 'ign_c2': 0.16393551283444593, 'rain_shift': 6.709295032670404}. Best is trial 0 with value: 0.5948382818560959.
[I 2026-05-22 17:39:04,051] Trial 250 finished with value: 0.536768420354977 and parameters: {'k1': 0.00042092755123422605, 'D_low': 91.89814108905745, 'k2': 0.01508065339597103, 'D_high': 214.35167772036218, 'fire_exp': 0.4069302600843506, 'P_half': 10.456544801959787, 'pre_dampen_half': 5.760249719171184, 'gpp_af': 0.008319907569980323, 'gpp_b': 4.824093295422302e-05, 'gpp_d': 255.0481489545883, 'ign_k': 7.865041414940349, 'ign_c': 0.1729722482079835, 'ign_k2': 8.218793271316951, 'ign_c2': 0.4025048908992221, 'rain_shift': 8.519063666699266}. Best is trial 0 with value: 0.5948382818560959.
