[I 2026-05-22 17:46:08,532] Trial 84 finished with value: 0.5287657267070826 and parameters: {'k1': 1.2175424222823976e-05, 'D_low': 19.949238526028804, 'k2': 0.05087296181931537, 'D_high': 715.9309605650557, 'fire_exp': 0.6160982040937809, 'P_half': 2.895314800128095, 'pre_dampen_half': 3.287104304724234, 'gpp_af': 0.6454528416394482, 'gpp_b': 0.00497351892295352, 'gpp_d': 110.59522407029048, 'ign_k': 4.706559328614076, 'ign_c': 22.99187772865503}. Best is trial 0 with value: 0.6103502735484728.
[I 2026-05-22 17:46:08,965] Trial 85 finished with value: 0.5630054036585086 and parameters: {'k1': 6.901812991525397e-05, 'D_low': 7.732465117319617, 'k2': 0.06339073334357721, 'D_high': 8492.457969059218, 'fire_exp': 0.6977014568618138, 'P_half': 2.4480215222752912, 'pre_dampen_half': 50.44607539598344, 'gpp_af': 76.25106809391693, 'gpp_b': 0.0002207079346833783, 'gpp_d': 28.501432807390177, 'ign_k': 0.7683030668818825, 'ign_c': 24.20258119265265}. Best is trial 0 with value: 0.6103502735484728.
[I 2026-05-22 17:46:09,411] Trial 86 finished with value: 0.5584068422664691 and parameters: {'k1': 1.0206455862008881e-05, 'D_low': 352.88480406333264, 'k2': 0.008864424243237124, 'D_high': 1673.9922987085165, 'fire_exp': 0.3584690913009123, 'P_half': 0.2927349523765352, 'pre_dampen_half': 1.330785006435287, 'gpp_af': 0.15558280915451866, 'gpp_b': 8.163164684224531e-06, 'gpp_d': 363.85512530656615, 'ign_k': 0.5709637283325617, 'ign_c': 0.5356271972653837}. Best is trial 0 with value: 0.6103502735484728.
[I 2026-05-22 17:46:09,845] Trial 87 finished with value: 0.5656967596068228 and parameters: {'k1': 0.0007017924089797106, 'D_low': 105.87043718582005, 'k2': 0.09802726982757763, 'D_high': 9273.432863955968, 'fire_exp': 0.39504029226818027, 'P_half': 0.136907990687061, 'pre_dampen_half': 1.649304928356654, 'gpp_af': 4.649014821175135, 'gpp_b': 0.00013007176865377474, 'gpp_d': 14.58678615126449, 'ign_k': 6.480089744166122, 'ign_c': 8.28335536199455}. Best is trial 0 with value: 0.6103502735484728.
[I 2026-05-22 17:46:10,286] Trial 88 finished with value: 0.4241670253087916 and parameters: {'k1': 0.0001364976234522087, 'D_low': 1635.6640237592937, 'k2': 0.049704783484775576, 'D_high': 4811.118599461288, 'fire_exp': 0.3578088802156051, 'P_half': 0.14730005910715802, 'pre_dampen_half': 105.1598528794046, 'gpp_af': 1.89604165223829, 'gpp_b': 0.0001364691008545328, 'gpp_d': 0.13077085414117304, 'ign_k': 2.786420410509704, 'ign_c': 40.90168127213346}. Best is trial 0 with value: 0.6103502735484728.
[I 2026-05-22 17:46:10,716] Trial 89 finished with value: 0.39101698659699774 and parameters: {'k1': 0.0006630952507979299, 'D_low': 1139.3051342987226, 'k2': 0.0288749765831789, 'D_high': 3844.1622358063983, 'fire_exp': 0.37149034765233574, 'P_half': 3.0935636859604134, 'pre_dampen_half': 8.867347506011283, 'gpp_af': 0.01931820375041769, 'gpp_b': 3.0610935378904345e-06, 'gpp_d': 15.417300694830072, 'ign_k': 2.9823987832476497, 'ign_c': 48.26206038476259}. Best is trial 0 with value: 0.6103502735484728.
[I 2026-05-22 17:46:11,146] Trial 90 finished with value: 0.5615787768728797 and parameters: {'k1': 0.002558543616610519, 'D_low': 426.1067887728896, 'k2': 0.007100121545689452, 'D_high': 4414.123842000421, 'fire_exp': 0.35160928622802207, 'P_half': 0.16420009004176006, 'pre_dampen_half': 1.4304635600169233, 'gpp_af': 4.40485905209993, 'gpp_b': 0.0008743323235594618, 'gpp_d': 26.548565650161645, 'ign_k': 5.505309303448184, 'ign_c': 4.263245156386901}. Best is trial 0 with value: 0.6103502735484728.
[I 2026-05-22 17:46:11,574] Trial 91 finished with value: 0.49497913283992967 and parameters: {'k1': 0.00026800969977537864, 'D_low': 57.76515681188735, 'k2': 0.02445322588868828, 'D_high': 45241.277746252876, 'fire_exp': 0.40751363915358346, 'P_half': 0.3648631218790681, 'pre_dampen_half': 0.3199066727963024, 'gpp_af': 21.578432453395063, 'gpp_b': 0.004189289923197988, 'gpp_d': 35.123586928860846, 'ign_k': 3.568248235145809, 'ign_c': 28.55121365259675}. Best is trial 0 with value: 0.6103502735484728.
[I 2026-05-22 17:46:12,001] Trial 92 finished with value: 0.5728310533024936 and parameters: {'k1': 9.169375867997955e-05, 'D_low': 55.38157103909757, 'k2': 0.022878133398087308, 'D_high': 1152.8998787812345, 'fire_exp': 0.40532397028991834, 'P_half': 0.2751585163147019, 'pre_dampen_half': 22.776920954347506, 'gpp_af': 1.3010352775796812, 'gpp_b': 1.2044536726871286e-05, 'gpp_d': 28.76079633813509, 'ign_k': 4.3562860305197635, 'ign_c': 19.506780284138497}. Best is trial 0 with value: 0.6103502735484728.
[I 2026-05-22 17:46:12,428] Trial 93 finished with value: 0.5676896373249746 and parameters: {'k1': 3.3489004689398844e-05, 'D_low': 1.1881645009691355, 'k2': 0.030790016514313998, 'D_high': 25986.03648196323, 'fire_exp': 0.441977129798613, 'P_half': 15.69225010231642, 'pre_dampen_half': 0.6572979061709459, 'gpp_af': 20.963839840395675, 'gpp_b': 0.004677354402214561, 'gpp_d': 305.9707381415314, 'ign_k': 2.5535508827881888, 'ign_c': 3.9964453323862106}. Best is trial 0 with value: 0.6103502735484728.
[I 2026-05-22 17:46:12,883] Trial 94 finished with value: 0.5401131945680535 and parameters: {'k1': 7.89034950323633e-05, 'D_low': 153.02672352668895, 'k2': 0.004418861311683868, 'D_high': 769.9764226876005, 'fire_exp': 0.4514707654232703, 'P_half': 0.1592814844588658, 'pre_dampen_half': 35.38103954639425, 'gpp_af': 0.9615420611922764, 'gpp_b': 1.892204087410466e-05, 'gpp_d': 14.169837120063155, 'ign_k': 0.8116265223905011, 'ign_c': 6.97914647823747}. Best is trial 0 with value: 0.6103502735484728.
[I 2026-05-22 17:46:13,315] Trial 95 finished with value: 0.5582732230475036 and parameters: {'k1': 1.1438962520613601e-05, 'D_low': 3.7897690115730045, 'k2': 0.07211983117368957, 'D_high': 3452.3135669719986, 'fire_exp': 0.4366336672386688, 'P_half': 20.118623105596807, 'pre_dampen_half': 4.629566998732553, 'gpp_af': 79.14968193102145, 'gpp_b': 0.19284333758817998, 'gpp_d': 198.52050827456904, 'ign_k': 0.6254989407607959, 'ign_c': 0.26034931069580114}. Best is trial 0 with value: 0.6103502735484728.
[I 2026-05-22 17:46:13,752] Trial 96 finished with value: 0.5878720506476345 and parameters: {'k1': 2.8530626543650613e-05, 'D_low': 1.9825754165938152, 'k2': 0.03614761503157658, 'D_high': 50775.502130532426, 'fire_exp': 0.38438424721411196, 'P_half': 10.230530938358578, 'pre_dampen_half': 0.55796844036272, 'gpp_af': 26.05339756809198, 'gpp_b': 4.7362914414371355e-05, 'gpp_d': 822.4714922445206, 'ign_k': 0.7430565121105422, 'ign_c': 23.749362967364544}. Best is trial 0 with value: 0.6103502735484728.
[I 2026-05-22 17:46:14,184] Trial 97 finished with value: 0.3994490055432051 and parameters: {'k1': 4.0471531518584956e-05, 'D_low': 1.032036304026102, 'k2': 0.007509625906316585, 'D_high': 24342.7585583555, 'fire_exp': 0.3598437822594774, 'P_half': 20.311975505306563, 'pre_dampen_half': 5.229266677008807, 'gpp_af': 17.40760860708264, 'gpp_b': 3.642703895504419e-05, 'gpp_d': 125.14896670457408, 'ign_k': 7.665510467067545, 'ign_c': 209.96182226488463}. Best is trial 0 with value: 0.6103502735484728.
[I 2026-05-22 17:46:14,612] Trial 98 finished with value: 0.5681406639371274 and parameters: {'k1': 0.0003549956652871115, 'D_low': 1.950247450252573, 'k2': 0.02267955435975641, 'D_high': 18198.04399756592, 'fire_exp': 0.3999436362557994, 'P_half': 101.34832024319364, 'pre_dampen_half': 0.39319730606665493, 'gpp_af': 85.54688074825526, 'gpp_b': 0.014300696995456039, 'gpp_d': 94.88528898067452, 'ign_k': 1.5883004019678268, 'ign_c': 2.6591422198213235}. Best is trial 0 with value: 0.6103502735484728.
[I 2026-05-22 17:46:15,041] Trial 99 finished with value: 0.5589684193079695 and parameters: {'k1': 0.0010497890300708507, 'D_low': 4.348415382583634, 'k2': 0.0760452628142963, 'D_high': 21181.30104592181, 'fire_exp': 0.376914671178915, 'P_half': 6.623659735629152, 'pre_dampen_half': 0.03728195475614775, 'gpp_af': 0.3582377865235765, 'gpp_b': 1.899835344795447e-06, 'gpp_d': 25.348012058089942, 'ign_k': 1.4279374251304298, 'ign_c': 1.1211722345786985}. Best is trial 0 with value: 0.6103502735484728.
[I 2026-05-22 17:46:15,470] Trial 100 finished with value: 0.5462150052111304 and parameters: {'k1': 4.635195689867183e-05, 'D_low': 98.39080179954313, 'k2': 0.07040010338336096, 'D_high': 13575.912380919106, 'fire_exp': 0.5191665531895469, 'P_half': 0.5746138630051502, 'pre_dampen_half': 0.06610322432301118, 'gpp_af': 0.1423132188467374, 'gpp_b': 2.1971850021727493e-06, 'gpp_d': 6.762340159559845, 'ign_k': 5.086919005410706, 'ign_c': 7.952489636234668}. Best is trial 0 with value: 0.6103502735484728.
[I 2026-05-22 17:46:15,899] Trial 101 finished with value: 0.5239788949191019 and parameters: {'k1': 0.00030518333542849167, 'D_low': 2.579937509855571, 'k2': 0.01083192869148627, 'D_high': 39020.41159916375, 'fire_exp': 0.6655732705729949, 'P_half': 513.3871532593447, 'pre_dampen_half': 2.2459749478672832, 'gpp_af': 37.5898804982053, 'gpp_b': 0.0010228149331959566, 'gpp_d': 5.157396711069918, 'ign_k': 6.849794748597517, 'ign_c': 1.5683295336178558}. Best is trial 0 with value: 0.6103502735484728.
[I 2026-05-22 17:46:16,330] Trial 102 finished with value: 0.5192136104045526 and parameters: {'k1': 9.929697519842523e-05, 'D_low': 3.3304324325164436, 'k2': 0.008532203760271657, 'D_high': 12723.664976928672, 'fire_exp': 1.0795691035822852, 'P_half': 129.54809089669516, 'pre_dampen_half': 2.883184552554765, 'gpp_af': 20.770503915788833, 'gpp_b': 0.35200030360601736, 'gpp_d': 64.5525023749942, 'ign_k': 7.725545532377243, 'ign_c': 10.34796445630399}. Best is trial 0 with value: 0.6103502735484728.
[I 2026-05-22 17:46:16,761] Trial 103 finished with value: 0.47979382792536074 and parameters: {'k1': 5.6395458032777984e-05, 'D_low': 3.9075780605448265, 'k2': 0.029213885140452183, 'D_high': 6917.103018210665, 'fire_exp': 0.47928675465585596, 'P_half': 144.12264571138414, 'pre_dampen_half': 0.015848936160977604, 'gpp_af': 82.7101284475309, 'gpp_b': 0.20224343840715334, 'gpp_d': 5.879569009408037, 'ign_k': 1.8802857703535316, 'ign_c': 4.3854714666765755}. Best is trial 0 with value: 0.6103502735484728.
[I 2026-05-22 17:46:17,189] Trial 104 finished with value: 0.5129869160643775 and parameters: {'k1': 0.002411473323096956, 'D_low': 2.5185743410241357, 'k2': 0.03502608355880241, 'D_high': 6790.695636777946, 'fire_exp': 0.6373272575507807, 'P_half': 377.3248922359133, 'pre_dampen_half': 0.029481638434085133, 'gpp_af': 61.27511238223568, 'gpp_b': 0.008030270320296677, 'gpp_d': 301.1334988806209, 'ign_k': 0.6440039574249339, 'ign_c': 1.79618137055209}. Best is trial 0 with value: 0.6103502735484728.
[I 2026-05-22 17:46:17,621] Trial 105 finished with value: 0.5599899526504205 and parameters: {'k1': 0.0001980528910755577, 'D_low': 3.4957410425340965, 'k2': 0.021707595637379017, 'D_high': 18748.601578793445, 'fire_exp': 0.5630885684748487, 'P_half': 47.85314871515916, 'pre_dampen_half': 0.275529995810362, 'gpp_af': 13.054019462924, 'gpp_b': 0.0006218364386906439, 'gpp_d': 68.38703125265137, 'ign_k': 0.9613826504014702, 'ign_c': 6.263507328867071}. Best is trial 0 with value: 0.6103502735484728.
[I 2026-05-22 17:46:18,059] Trial 106 finished with value: 0.4462200385033241 and parameters: {'k1': 3.3999828901941664e-05, 'D_low': 2.968152499498097, 'k2': 0.07599736958638266, 'D_high': 87222.26886342718, 'fire_exp': 0.6659695515841083, 'P_half': 6.063293300130387, 'pre_dampen_half': 0.18690601043738136, 'gpp_af': 46.69815912116091, 'gpp_b': 0.00029812411558243716, 'gpp_d': 330.35837830263233, 'ign_k': 1.1545692587400644, 'ign_c': 34.095074826996864}. Best is trial 0 with value: 0.6103502735484728.
[I 2026-05-22 17:46:18,492] Trial 107 finished with value: 0.5478923093258853 and parameters: {'k1': 0.0002183496085053673, 'D_low': 1.6454960072998466, 'k2': 0.016747062470670395, 'D_high': 29317.04086782448, 'fire_exp': 0.626124811292476, 'P_half': 1.5109040178248805, 'pre_dampen_half': 0.129381428051316, 'gpp_af': 2.3360281415223914, 'gpp_b': 0.0006096779541422152, 'gpp_d': 705.2867527169836, 'ign_k': 0.714387584167867, 'ign_c': 0.889839914566407}. Best is trial 0 with value: 0.6103502735484728.
[I 2026-05-22 17:46:18,923] Trial 108 finished with value: 0.4261977250650562 and parameters: {'k1': 3.8597939218165064e-05, 'D_low': 9.608978624775116, 'k2': 0.009937866472455705, 'D_high': 59.71495744555531, 'fire_exp': 1.1311507119516184, 'P_half': 0.7115234808582692, 'pre_dampen_half': 66.37043058009239, 'gpp_af': 19.557097998020286, 'gpp_b': 0.000237445062954722, 'gpp_d': 4.120736447408353, 'ign_k': 4.475240242763008, 'ign_c': 26.99324324058934}. Best is trial 0 with value: 0.6103502735484728.
[I 2026-05-22 17:46:19,351] Trial 109 finished with value: 0.5701071964106825 and parameters: {'k1': 4.93301203722486e-05, 'D_low': 2.3593920974332967, 'k2': 0.009158718137795006, 'D_high': 1012.2072119134874, 'fire_exp': 0.40227808661881803, 'P_half': 9.041213694958094, 'pre_dampen_half': 0.820784234490734, 'gpp_af': 15.275411021254625, 'gpp_b': 1.2185299102715929e-05, 'gpp_d': 240.21304262321945, 'ign_k': 0.23803692757996942, 'ign_c': 11.814383007344901}. Best is trial 0 with value: 0.6103502735484728.
[I 2026-05-22 17:46:19,782] Trial 110 finished with value: 0.5133814000278393 and parameters: {'k1': 1.6699245384392903e-05, 'D_low': 1.4063913735659794, 'k2': 0.0006585917237572883, 'D_high': 186.30772485470024, 'fire_exp': 0.4015686922354571, 'P_half': 83.25380060067059, 'pre_dampen_half': 0.13595247186302797, 'gpp_af': 4.443344878889123, 'gpp_b': 3.7963265342668826e-06, 'gpp_d': 523.648724385884, 'ign_k': 0.09872753887730178, 'ign_c': 32.47370598390848}. Best is trial 0 with value: 0.6103502735484728.
[I 2026-05-22 17:46:20,212] Trial 111 finished with value: 0.5316876860507701 and parameters: {'k1': 1.0563171160967637e-05, 'D_low': 4.24713610733414, 'k2': 0.0010871598299725417, 'D_high': 6528.4291396380695, 'fire_exp': 0.9575574779906709, 'P_half': 0.4038279817610749, 'pre_dampen_half': 1.2979787710318829, 'gpp_af': 60.472413029033845, 'gpp_b': 0.008798861860858327, 'gpp_d': 94.9128467029592, 'ign_k': 0.3272901770711832, 'ign_c': 5.268121014992735}. Best is trial 0 with value: 0.6103502735484728.
[I 2026-05-22 17:46:20,644] Trial 112 finished with value: 0.5274359844981844 and parameters: {'k1': 4.856462044982706e-05, 'D_low': 2.892735335692652, 'k2': 0.01592999678804225, 'D_high': 694.1795345174834, 'fire_exp': 0.3929805706097638, 'P_half': 10.252329051348125, 'pre_dampen_half': 1.0732301217134395, 'gpp_af': 10.986464319653713, 'gpp_b': 3.904357907290823e-06, 'gpp_d': 22.326259115503085, 'ign_k': 0.13980751598967103, 'ign_c': 36.62025244827323}. Best is trial 0 with value: 0.6103502735484728.
[I 2026-05-22 17:46:21,072] Trial 113 finished with value: 0.5407750004546513 and parameters: {'k1': 6.679463460555659e-05, 'D_low': 117.70651318279978, 'k2': 0.04537069173180881, 'D_high': 1088.53332482269, 'fire_exp': 0.43381557196309667, 'P_half': 0.554116007182152, 'pre_dampen_half': 132.78319835390266, 'gpp_af': 1.3529979871094624, 'gpp_b': 1.2114389728492921e-05, 'gpp_d': 293.9412839334416, 'ign_k': 6.775183614518453, 'ign_c': 26.492924000614885}. Best is trial 0 with value: 0.6103502735484728.
[I 2026-05-22 17:46:21,506] Trial 114 finished with value: 0.5258195381228019 and parameters: {'k1': 0.0005758579722881359, 'D_low': 1.0419711161448888, 'k2': 0.004064508782498631, 'D_high': 278.069475738414, 'fire_exp': 0.6694189836334001, 'P_half': 7.652692561710517, 'pre_dampen_half': 5.660628308034886, 'gpp_af': 5.770699304648292, 'gpp_b': 5.293293334945263e-05, 'gpp_d': 251.3836046979059, 'ign_k': 0.4678883725040492, 'ign_c': 0.9829054381882116}. Best is trial 0 with value: 0.6103502735484728.
[I 2026-05-22 17:46:21,930] Trial 115 finished with value: 0.529972740749027 and parameters: {'k1': 7.125970434288622e-05, 'D_low': 2.9505046885549695, 'k2': 0.0026039977535786893, 'D_high': 20602.561497756025, 'fire_exp': 0.5631071499304549, 'P_half': 7.070901206556497, 'pre_dampen_half': 68.46029856480045, 'gpp_af': 0.4407005816834576, 'gpp_b': 0.0012749345126847474, 'gpp_d': 3.2147384189266393, 'ign_k': 2.4493878673427574, 'ign_c': 28.559979647726593}. Best is trial 0 with value: 0.6103502735484728.
[I 2026-05-22 17:46:22,356] Trial 116 finished with value: 0.604605895661856 and parameters: {'k1': 0.0283418384809322, 'D_low': 113.3405428356878, 'k2': 0.0008905422978635546, 'D_high': 2818.7527076514793, 'fire_exp': 0.5057620213923392, 'P_half': 2.531596948924329, 'pre_dampen_half': 2.6703294503221757, 'gpp_af': 0.5076606745318688, 'gpp_b': 1.1618169937461566e-06, 'gpp_d': 217.17155705877005, 'ign_k': 1.7025290479044175, 'ign_c': 16.283302697813124}. Best is trial 0 with value: 0.6103502735484728.
[I 2026-05-22 17:46:22,782] Trial 117 finished with value: 0.3994490055432051 and parameters: {'k1': 0.006306594510148921, 'D_low': 201.89323068211482, 'k2': 0.00030639382082568896, 'D_high': 3796.677412258864, 'fire_exp': 0.3861503504960392, 'P_half': 10.275525369432907, 'pre_dampen_half': 0.22625186245066495, 'gpp_af': 0.08145063840953956, 'gpp_b': 1.2257326564516348e-05, 'gpp_d': 416.5749449608415, 'ign_k': 1.5506704541624283, 'ign_c': 448.0529320860468}. Best is trial 0 with value: 0.6103502735484728.
[I 2026-05-22 17:46:23,209] Trial 118 finished with value: 0.4657481713817839 and parameters: {'k1': 0.010363356793104503, 'D_low': 427.5713757488236, 'k2': 0.02016042303430169, 'D_high': 314.94846872788753, 'fire_exp': 1.0129220447914824, 'P_half': 0.39313973208522507, 'pre_dampen_half': 0.6867928727259447, 'gpp_af': 0.30358959529826113, 'gpp_b': 5.491976306685692e-05, 'gpp_d': 3.4630210300528486, 'ign_k': 4.5465447002293, 'ign_c': 4.719218739091487}. Best is trial 0 with value: 0.6103502735484728.
[I 2026-05-22 17:46:23,641] Trial 119 finished with value: 0.504733024003387 and parameters: {'k1': 0.0007679415720958359, 'D_low': 205.84546700203856, 'k2': 0.01597785172932147, 'D_high': 296.849240279839, 'fire_exp': 0.41793259045268194, 'P_half': 135.31962492769938, 'pre_dampen_half': 0.11410977480101424, 'gpp_af': 2.001235780583883, 'gpp_b': 0.000376094911453361, 'gpp_d': 802.7060987826187, 'ign_k': 6.653968991482738, 'ign_c': 2.4795190417432704}. Best is trial 0 with value: 0.6103502735484728.
[I 2026-05-22 17:46:24,073] Trial 120 finished with value: 0.40920804662920524 and parameters: {'k1': 2.527532365671299e-05, 'D_low': 1.4556169742853926, 'k2': 0.090007880034001, 'D_high': 34.811023766160226, 'fire_exp': 0.38297250688662615, 'P_half': 3.595825054720817, 'pre_dampen_half': 0.2454197677345255, 'gpp_af': 48.242848993253446, 'gpp_b': 2.4711428910796797e-05, 'gpp_d': 698.2113365404985, 'ign_k': 0.8906390309052686, 'ign_c': 15.689088964920586}. Best is trial 0 with value: 0.6103502735484728.
[I 2026-05-22 17:46:24,504] Trial 121 finished with value: 0.3944351267204064 and parameters: {'k1': 0.003594723474585883, 'D_low': 76.5596255652324, 'k2': 0.09926588655577342, 'D_high': 801.89068211334, 'fire_exp': 0.5536322092181573, 'P_half': 16.683127509930625, 'pre_dampen_half': 0.20715667906785643, 'gpp_af': 1.9765169296324787, 'gpp_b': 5.504686075633998e-05, 'gpp_d': 16.100035901293747, 'ign_k': 5.473910015708249, 'ign_c': 33.484229268520465}. Best is trial 0 with value: 0.6103502735484728.
[I 2026-05-22 17:46:24,937] Trial 122 finished with value: 0.5171305916676244 and parameters: {'k1': 0.04443411070892837, 'D_low': 58.20810009885072, 'k2': 0.0001490354393399434, 'D_high': 2125.0801051331828, 'fire_exp': 1.0687050884187612, 'P_half': 1.191555782906193, 'pre_dampen_half': 0.40338135096255096, 'gpp_af': 1.848387778191388, 'gpp_b': 0.0005194704341471775, 'gpp_d': 16.39555041425566, 'ign_k': 1.7717468407175048, 'ign_c': 6.773695391561915}. Best is trial 0 with value: 0.6103502735484728.
[I 2026-05-22 17:46:25,365] Trial 123 finished with value: 0.47657032326173643 and parameters: {'k1': 1.7833747002504175e-05, 'D_low': 13.719864585695657, 'k2': 0.022089888857165486, 'D_high': 86783.16648626431, 'fire_exp': 0.38275190100922185, 'P_half': 262.173652296888, 'pre_dampen_half': 1.7454222133621577, 'gpp_af': 48.80985374925881, 'gpp_b': 6.0127333936435215e-05, 'gpp_d': 904.8034652828098, 'ign_k': 0.514107992479323, 'ign_c': 38.18324471596164}. Best is trial 0 with value: 0.6103502735484728.
[I 2026-05-22 17:46:25,798] Trial 124 finished with value: 0.5587761258438649 and parameters: {'k1': 0.0001332414874800059, 'D_low': 822.233983234864, 'k2': 0.026033341711378197, 'D_high': 1056.5674646786867, 'fire_exp': 0.3844251106568248, 'P_half': 0.26154559055136356, 'pre_dampen_half': 0.49178056005230397, 'gpp_af': 0.5005069917247388, 'gpp_b': 3.79199425563652e-06, 'gpp_d': 5.524337981405367, 'ign_k': 2.687153163984338, 'ign_c': 1.4782974698387166}. Best is trial 0 with value: 0.6103502735484728.
[I 2026-05-22 17:46:26,232] Trial 125 finished with value: 0.5035982952426485 and parameters: {'k1': 1.6462727853960235e-05, 'D_low': 10.161847972859793, 'k2': 0.022361263909948272, 'D_high': 11426.605400028617, 'fire_exp': 0.4692249470258944, 'P_half': 0.16720756256762087, 'pre_dampen_half': 4.116578410252543, 'gpp_af': 21.306447089243054, 'gpp_b': 2.862955340495519e-06, 'gpp_d': 0.13588940900119006, 'ign_k': 1.1955468559365103, 'ign_c': 5.017957411069683}. Best is trial 0 with value: 0.6103502735484728.
[I 2026-05-22 17:46:26,666] Trial 126 finished with value: 0.5474534541597953 and parameters: {'k1': 1.5562627884629056e-05, 'D_low': 1.3365415389378539, 'k2': 0.009970120165341217, 'D_high': 68212.73684134253, 'fire_exp': 0.44256784397688853, 'P_half': 2.062242833823048, 'pre_dampen_half': 0.05760448951981321, 'gpp_af': 12.04141602113679, 'gpp_b': 0.06051082020687793, 'gpp_d': 897.0862161269833, 'ign_k': 3.1839334258863166, 'ign_c': 2.3515319929939977}. Best is trial 0 with value: 0.6103502735484728.
