[I 2026-05-22 17:53:56,090] Trial 737 finished with value: 0.6049809989573571 and parameters: {'P_amp': 0.8994040180718605, 'P_wet': 1776.597132100869, 'P_pow': 4.901534020933116, 'rate_power': 1.1817373413748409}. Best is trial 655 with value: 0.6083457591837299.
[I 2026-05-22 17:53:56,381] Trial 738 finished with value: 0.6078217742000442 and parameters: {'P_amp': 0.8536308601209296, 'P_wet': 2125.863291824922, 'P_pow': 5.951781898612662, 'rate_power': 1.2815243294945269}. Best is trial 655 with value: 0.6083457591837299.
[I 2026-05-22 17:53:56,765] Trial 739 finished with value: 0.6080127989319156 and parameters: {'P_amp': 0.8907199252648077, 'P_wet': 2641.2216591971946, 'P_pow': 5.59910064048946, 'rate_power': 1.194299737898867}. Best is trial 655 with value: 0.6083457591837299.
[I 2026-05-22 17:53:57,061] Trial 740 finished with value: 0.6077948033011116 and parameters: {'P_amp': 0.8872017518010398, 'P_wet': 2503.2588590067394, 'P_pow': 5.221848964950702, 'rate_power': 1.2946923324472486}. Best is trial 655 with value: 0.6083457591837299.
[I 2026-05-22 17:53:57,365] Trial 741 finished with value: 0.6076185828981903 and parameters: {'P_amp': 0.8824905214470253, 'P_wet': 2039.546461519963, 'P_pow': 5.995361999567804, 'rate_power': 1.2783417134722534}. Best is trial 655 with value: 0.6083457591837299.
[I 2026-05-22 17:53:57,673] Trial 742 finished with value: 0.6078679619344042 and parameters: {'P_amp': 0.8948791449481679, 'P_wet': 2133.672864295956, 'P_pow': 5.76822686757212, 'rate_power': 1.1655134219874947}. Best is trial 655 with value: 0.6083457591837299.
[I 2026-05-22 17:53:57,981] Trial 743 finished with value: 0.607658413049006 and parameters: {'P_amp': 0.8856462738129404, 'P_wet': 4123.258425790078, 'P_pow': 5.9221432790232384, 'rate_power': 1.2507842991027722}. Best is trial 655 with value: 0.6083457591837299.
[I 2026-05-22 17:53:58,288] Trial 744 finished with value: 0.6077720914987436 and parameters: {'P_amp': 0.765027349824996, 'P_wet': 2822.149160007074, 'P_pow': 5.401116120220069, 'rate_power': 1.1982599465644714}. Best is trial 655 with value: 0.6083457591837299.
[I 2026-05-22 17:53:58,603] Trial 745 finished with value: 0.6081597940644975 and parameters: {'P_amp': 0.8145630966391022, 'P_wet': 2664.660458771321, 'P_pow': 5.9926747979433195, 'rate_power': 1.2149430227711806}. Best is trial 655 with value: 0.6083457591837299.
[I 2026-05-22 17:53:58,908] Trial 746 finished with value: 0.6061242244918428 and parameters: {'P_amp': 0.8932926362829273, 'P_wet': 4061.9091249948438, 'P_pow': 5.975209536706622, 'rate_power': 1.1100726571879254}. Best is trial 655 with value: 0.6083457591837299.
[I 2026-05-22 17:53:59,206] Trial 747 finished with value: 0.6076408041359711 and parameters: {'P_amp': 0.8996347238054322, 'P_wet': 3775.4451063388105, 'P_pow': 5.7823947806372775, 'rate_power': 1.2814111927324616}. Best is trial 655 with value: 0.6083457591837299.
[I 2026-05-22 17:53:59,510] Trial 748 finished with value: 0.6080208358034745 and parameters: {'P_amp': 0.8926348185194583, 'P_wet': 2934.8442216191975, 'P_pow': 5.8639657518673785, 'rate_power': 1.287094814279422}. Best is trial 655 with value: 0.6083457591837299.
[I 2026-05-22 17:53:59,817] Trial 749 finished with value: 0.6045500928685821 and parameters: {'P_amp': 0.8977480663841084, 'P_wet': 1667.8261005354964, 'P_pow': 5.964830781744655, 'rate_power': 1.2297746571159265}. Best is trial 655 with value: 0.6083457591837299.
[I 2026-05-22 17:54:00,118] Trial 750 finished with value: 0.6079497746760344 and parameters: {'P_amp': 0.779343077368848, 'P_wet': 2884.180268511063, 'P_pow': 5.983071190932907, 'rate_power': 1.2844126572057002}. Best is trial 655 with value: 0.6083457591837299.
[I 2026-05-22 17:54:00,423] Trial 751 finished with value: 0.6065487524470228 and parameters: {'P_amp': 0.747136861194672, 'P_wet': 3038.8820914008907, 'P_pow': 5.982645457307857, 'rate_power': 1.109884805804111}. Best is trial 655 with value: 0.6083457591837299.
[I 2026-05-22 17:54:00,726] Trial 752 finished with value: 0.606784432540861 and parameters: {'P_amp': 0.7861532860665439, 'P_wet': 1977.4843290513963, 'P_pow': 5.051295602003657, 'rate_power': 1.2242473227366848}. Best is trial 655 with value: 0.6083457591837299.
[I 2026-05-22 17:54:01,027] Trial 753 finished with value: 0.6075712750841811 and parameters: {'P_amp': 0.7689623411394042, 'P_wet': 3786.7102782010816, 'P_pow': 5.095213549287851, 'rate_power': 1.218142452009717}. Best is trial 655 with value: 0.6083457591837299.
[I 2026-05-22 17:54:01,331] Trial 754 finished with value: 0.6017173412369465 and parameters: {'P_amp': 0.35084766049295457, 'P_wet': 2098.68697919178, 'P_pow': 0.24267164809652497, 'rate_power': 1.1970885627573897}. Best is trial 655 with value: 0.6083457591837299.
[I 2026-05-22 17:54:01,633] Trial 755 finished with value: 0.607945732038516 and parameters: {'P_amp': 0.8824663586308873, 'P_wet': 2385.2223855843044, 'P_pow': 5.203161349644072, 'rate_power': 1.2303490468718101}. Best is trial 655 with value: 0.6083457591837299.
[I 2026-05-22 17:54:01,936] Trial 756 finished with value: 0.6080839218188111 and parameters: {'P_amp': 0.8602683214004354, 'P_wet': 2707.030264090757, 'P_pow': 5.898612581310938, 'rate_power': 1.2046785971749363}. Best is trial 655 with value: 0.6083457591837299.
[I 2026-05-22 17:54:02,241] Trial 757 finished with value: 0.6016976038226325 and parameters: {'P_amp': 0.8970229023478157, 'P_wet': 1511.8500765705453, 'P_pow': 5.357135360531634, 'rate_power': 1.0852520930084448}. Best is trial 655 with value: 0.6083457591837299.
[I 2026-05-22 17:54:02,548] Trial 758 finished with value: 0.607179834530642 and parameters: {'P_amp': 0.561611374566775, 'P_wet': 3606.2622672509433, 'P_pow': 5.91575396184302, 'rate_power': 1.1804134953891472}. Best is trial 655 with value: 0.6083457591837299.
[I 2026-05-22 17:54:02,855] Trial 759 finished with value: 0.5922841975891161 and parameters: {'P_amp': 0.34326154635381934, 'P_wet': 758.182238550204, 'P_pow': 4.243835588382736, 'rate_power': 0.8213860454974758}. Best is trial 655 with value: 0.6083457591837299.
[I 2026-05-22 17:54:03,156] Trial 760 finished with value: 0.6076893689168417 and parameters: {'P_amp': 0.8939259008426153, 'P_wet': 2512.881134479407, 'P_pow': 5.250235037556621, 'rate_power': 1.1631389067499205}. Best is trial 655 with value: 0.6083457591837299.
[I 2026-05-22 17:54:03,455] Trial 761 finished with value: 0.6070488945408368 and parameters: {'P_amp': 0.7933682951747033, 'P_wet': 1874.3638132862382, 'P_pow': 5.939723566538119, 'rate_power': 1.1377598569881444}. Best is trial 655 with value: 0.6083457591837299.
[I 2026-05-22 17:54:03,756] Trial 762 finished with value: 0.607536822973304 and parameters: {'P_amp': 0.7603210731596532, 'P_wet': 2635.40689295494, 'P_pow': 5.842520306442255, 'rate_power': 1.155484885903512}. Best is trial 655 with value: 0.6083457591837299.
[I 2026-05-22 17:54:04,062] Trial 763 finished with value: 0.6078408673725177 and parameters: {'P_amp': 0.7633489074137191, 'P_wet': 2444.4273376435735, 'P_pow': 5.186597814448619, 'rate_power': 1.271219827341905}. Best is trial 655 with value: 0.6083457591837299.
[I 2026-05-22 17:54:04,366] Trial 764 finished with value: 0.6079130678279244 and parameters: {'P_amp': 0.8985432405335887, 'P_wet': 2812.147382425024, 'P_pow': 5.3322557335094585, 'rate_power': 1.2951357973772886}. Best is trial 655 with value: 0.6083457591837299.
[I 2026-05-22 17:54:04,679] Trial 765 finished with value: 0.6076721789149021 and parameters: {'P_amp': 0.8866362442407839, 'P_wet': 2393.77737430632, 'P_pow': 5.1559290779656965, 'rate_power': 1.1644540836733985}. Best is trial 655 with value: 0.6083457591837299.
[I 2026-05-22 17:54:04,974] Trial 766 finished with value: 0.6044023786422416 and parameters: {'P_amp': 0.43417734646209766, 'P_wet': 1923.2974765508911, 'P_pow': 2.985443188070156, 'rate_power': 1.2791142262157948}. Best is trial 655 with value: 0.6083457591837299.
[I 2026-05-22 17:54:05,277] Trial 767 finished with value: 0.599312894113437 and parameters: {'P_amp': 0.7709487160614582, 'P_wet': 1453.4688395895332, 'P_pow': 5.872498476552136, 'rate_power': 1.2983693230265454}. Best is trial 655 with value: 0.6083457591837299.
[I 2026-05-22 17:54:05,576] Trial 768 finished with value: 0.5984271821758456 and parameters: {'P_amp': 0.03907351930575875, 'P_wet': 371.82862233836914, 'P_pow': 3.4049490782475704, 'rate_power': 0.910417532139833}. Best is trial 655 with value: 0.6083457591837299.
[I 2026-05-22 17:54:05,879] Trial 769 finished with value: 0.5981768360883382 and parameters: {'P_amp': 0.8760806651596075, 'P_wet': 2388.178596816725, 'P_pow': 2.9538664322677213, 'rate_power': 0.8822879597809384}. Best is trial 655 with value: 0.6083457591837299.
[I 2026-05-22 17:54:06,177] Trial 770 finished with value: 0.6074451326671565 and parameters: {'P_amp': 0.7644396566556293, 'P_wet': 3607.942079999016, 'P_pow': 5.990731212764919, 'rate_power': 1.2028729860103742}. Best is trial 655 with value: 0.6083457591837299.
[I 2026-05-22 17:54:06,473] Trial 771 finished with value: 0.6066881110326001 and parameters: {'P_amp': 0.8966176437959591, 'P_wet': 1865.6596342607852, 'P_pow': 5.965640575683916, 'rate_power': 1.0918106369637584}. Best is trial 655 with value: 0.6083457591837299.
[I 2026-05-22 17:54:06,773] Trial 772 finished with value: 0.6074882170259315 and parameters: {'P_amp': 0.8831722508029379, 'P_wet': 2321.1527886227564, 'P_pow': 5.993550145018034, 'rate_power': 1.1140833995203394}. Best is trial 655 with value: 0.6083457591837299.
[I 2026-05-22 17:54:07,078] Trial 773 finished with value: 0.6081830752919852 and parameters: {'P_amp': 0.7611956863116275, 'P_wet': 2263.12106196799, 'P_pow': 5.977495534795371, 'rate_power': 1.2345870037352829}. Best is trial 655 with value: 0.6083457591837299.
[I 2026-05-22 17:54:07,383] Trial 774 finished with value: 0.6081679210014266 and parameters: {'P_amp': 0.8893751024097934, 'P_wet': 2763.957800608491, 'P_pow': 5.8543353526047675, 'rate_power': 1.2264717338542734}. Best is trial 655 with value: 0.6083457591837299.
[I 2026-05-22 17:54:07,688] Trial 775 finished with value: 0.6065042598853958 and parameters: {'P_amp': 0.8926897809781889, 'P_wet': 2317.1457237749846, 'P_pow': 4.001784131519565, 'rate_power': 1.246037735492168}. Best is trial 655 with value: 0.6083457591837299.
[I 2026-05-22 17:54:07,994] Trial 776 finished with value: 0.6077039877148787 and parameters: {'P_amp': 0.8964203535190208, 'P_wet': 2716.2959844655825, 'P_pow': 5.959901825258756, 'rate_power': 1.1601119007766256}. Best is trial 655 with value: 0.6083457591837299.
[I 2026-05-22 17:54:08,304] Trial 777 finished with value: 0.6072250044585696 and parameters: {'P_amp': 0.8519027261695433, 'P_wet': 2072.400409713529, 'P_pow': 5.082401228536145, 'rate_power': 1.2209514604505234}. Best is trial 655 with value: 0.6083457591837299.
[I 2026-05-22 17:54:08,604] Trial 778 finished with value: 0.5916945902331143 and parameters: {'P_amp': 0.8021536333757329, 'P_wet': 1236.6052515226716, 'P_pow': 5.2528691196910255, 'rate_power': 1.2032347492032358}. Best is trial 655 with value: 0.6083457591837299.
[I 2026-05-22 17:54:08,902] Trial 779 finished with value: 0.6068532615088298 and parameters: {'P_amp': 0.8857853377687618, 'P_wet': 1906.5014552876587, 'P_pow': 5.995269258278904, 'rate_power': 1.2767449035181877}. Best is trial 655 with value: 0.6083457591837299.
[I 2026-05-22 17:54:09,198] Trial 780 finished with value: 0.6050261062013732 and parameters: {'P_amp': 0.8972682440087275, 'P_wet': 1935.920911802936, 'P_pow': 4.702353130185543, 'rate_power': 1.2937994075171977}. Best is trial 655 with value: 0.6083457591837299.
[I 2026-05-22 17:54:09,506] Trial 781 finished with value: 0.5728768249149824 and parameters: {'P_amp': 0.8485776555313884, 'P_wet': 854.216235753466, 'P_pow': 0.6825488533321056, 'rate_power': 1.1762772344308294}. Best is trial 655 with value: 0.6083457591837299.
[I 2026-05-22 17:54:09,820] Trial 782 finished with value: 0.6063607571211351 and parameters: {'P_amp': 0.8975967198039462, 'P_wet': 1972.4695708479155, 'P_pow': 4.9221018888723025, 'rate_power': 1.2334246135668212}. Best is trial 655 with value: 0.6083457591837299.
[I 2026-05-22 17:54:10,121] Trial 783 finished with value: 0.6070207341166171 and parameters: {'P_amp': 0.8939492125016395, 'P_wet': 3243.9422080808745, 'P_pow': 5.015519312643042, 'rate_power': 1.1404006490512362}. Best is trial 655 with value: 0.6083457591837299.
[I 2026-05-22 17:54:10,418] Trial 784 finished with value: 0.5973008159978289 and parameters: {'P_amp': 0.8997365970090284, 'P_wet': 1423.477356725003, 'P_pow': 5.994289691233131, 'rate_power': 1.2631951980879947}. Best is trial 655 with value: 0.6083457591837299.
[I 2026-05-22 17:54:10,722] Trial 785 finished with value: 0.5971218392405988 and parameters: {'P_amp': 0.3381516026783883, 'P_wet': 690.9104493211355, 'P_pow': 0.31701173185955733, 'rate_power': 0.830466755724976}. Best is trial 655 with value: 0.6083457591837299.
[I 2026-05-22 17:54:11,029] Trial 786 finished with value: 0.6073600757047958 and parameters: {'P_amp': 0.8829810835860916, 'P_wet': 3360.348048648386, 'P_pow': 5.87164699416852, 'rate_power': 1.17198419673089}. Best is trial 655 with value: 0.6083457591837299.
[I 2026-05-22 17:54:11,337] Trial 787 finished with value: 0.6079895013178491 and parameters: {'P_amp': 0.7577639721017472, 'P_wet': 2391.969307710471, 'P_pow': 5.4058384036889775, 'rate_power': 1.2145141367296852}. Best is trial 655 with value: 0.6083457591837299.
[I 2026-05-22 17:54:11,644] Trial 788 finished with value: 0.608348636891553 and parameters: {'P_amp': 0.8892825253145448, 'P_wet': 2320.319269005085, 'P_pow': 5.94946409679268, 'rate_power': 1.2105860353271332}. Best is trial 788 with value: 0.608348636891553.
[I 2026-05-22 17:54:11,947] Trial 789 finished with value: 0.603007277482946 and parameters: {'P_amp': 0.8151733003790879, 'P_wet': 1586.949755984763, 'P_pow': 5.040680681162418, 'rate_power': 1.1731448557082214}. Best is trial 788 with value: 0.608348636891553.
[I 2026-05-22 17:54:12,249] Trial 790 finished with value: 0.6078619150967637 and parameters: {'P_amp': 0.8991294937159564, 'P_wet': 2324.4732124217558, 'P_pow': 5.153189497014901, 'rate_power': 1.2313386031154447}. Best is trial 788 with value: 0.608348636891553.
[I 2026-05-22 17:54:12,556] Trial 791 finished with value: 0.607549653898041 and parameters: {'P_amp': 0.8922630630869991, 'P_wet': 1974.0487540860388, 'P_pow': 5.84614888494687, 'rate_power': 1.22357792734751}. Best is trial 788 with value: 0.608348636891553.
[I 2026-05-22 17:54:12,869] Trial 792 finished with value: 0.5974175404893263 and parameters: {'P_amp': 0.2597182739533654, 'P_wet': 1949.7776764782031, 'P_pow': 2.214422343957191, 'rate_power': 0.8918320074778994}. Best is trial 788 with value: 0.608348636891553.
[I 2026-05-22 17:54:13,169] Trial 793 finished with value: 0.6082253418444538 and parameters: {'P_amp': 0.7531917084167593, 'P_wet': 2339.6468016520766, 'P_pow': 5.983051471420841, 'rate_power': 1.222531117818556}. Best is trial 788 with value: 0.608348636891553.
[I 2026-05-22 17:54:13,469] Trial 794 finished with value: 0.6076237595054168 and parameters: {'P_amp': 0.6329982433726796, 'P_wet': 2183.9090431965847, 'P_pow': 5.193099784309272, 'rate_power': 1.2043491008910745}. Best is trial 788 with value: 0.608348636891553.
[I 2026-05-22 17:54:13,771] Trial 795 finished with value: 0.5824396905764238 and parameters: {'P_amp': 0.8972357511579169, 'P_wet': 1111.0975399916838, 'P_pow': 5.029206282852533, 'rate_power': 1.1389798243949096}. Best is trial 788 with value: 0.608348636891553.
[I 2026-05-22 17:54:14,072] Trial 796 finished with value: 0.6047591668241638 and parameters: {'P_amp': 0.6963411959896378, 'P_wet': 3361.212089414867, 'P_pow': 4.999773041823147, 'rate_power': 1.0455287221627645}. Best is trial 788 with value: 0.608348636891553.
[I 2026-05-22 17:54:14,372] Trial 797 finished with value: 0.6071898171642154 and parameters: {'P_amp': 0.6540009987703894, 'P_wet': 2399.263592060569, 'P_pow': 5.174053208500526, 'rate_power': 1.1395610064556687}. Best is trial 788 with value: 0.608348636891553.
[I 2026-05-22 17:54:14,683] Trial 798 finished with value: 0.6003037829207483 and parameters: {'P_amp': 0.3260782112848903, 'P_wet': 1715.9303879245792, 'P_pow': 3.9530692846956983, 'rate_power': 0.938465880755461}. Best is trial 788 with value: 0.608348636891553.
[I 2026-05-22 17:54:14,989] Trial 799 finished with value: 0.607204396417269 and parameters: {'P_amp': 0.8974709933491575, 'P_wet': 2072.188938631754, 'P_pow': 5.173380158519946, 'rate_power': 1.1594922603625093}. Best is trial 788 with value: 0.608348636891553.
[I 2026-05-22 17:54:15,296] Trial 800 finished with value: 0.6079182656850773 and parameters: {'P_amp': 0.8106320127165609, 'P_wet': 2179.1751353730833, 'P_pow': 5.969030315121611, 'rate_power': 1.1643033752418575}. Best is trial 788 with value: 0.608348636891553.
[I 2026-05-22 17:54:15,600] Trial 801 finished with value: 0.6080787781947966 and parameters: {'P_amp': 0.8742846616625808, 'P_wet': 2951.2158780879354, 'P_pow': 5.9447051120086725, 'rate_power': 1.2323329256688316}. Best is trial 788 with value: 0.608348636891553.
[I 2026-05-22 17:54:15,897] Trial 802 finished with value: 0.6049960706117523 and parameters: {'P_amp': 0.7670882685427723, 'P_wet': 1702.1246993377276, 'P_pow': 5.3006052690154695, 'rate_power': 1.215372416074944}. Best is trial 788 with value: 0.608348636891553.
[I 2026-05-22 17:54:16,197] Trial 803 finished with value: 0.607537969310305 and parameters: {'P_amp': 0.7436611894857906, 'P_wet': 3276.953069062956, 'P_pow': 5.841564401835505, 'rate_power': 1.197761728236042}. Best is trial 788 with value: 0.608348636891553.
[I 2026-05-22 17:54:16,495] Trial 804 finished with value: 0.6072290796612643 and parameters: {'P_amp': 0.7357526130438268, 'P_wet': 3622.7206362780958, 'P_pow': 5.08831816996555, 'rate_power': 1.1772247598408083}. Best is trial 788 with value: 0.608348636891553.
[I 2026-05-22 17:54:16,793] Trial 805 finished with value: 0.6077551930561291 and parameters: {'P_amp': 0.8807981795690862, 'P_wet': 3359.896845406552, 'P_pow': 5.914201074834238, 'rate_power': 1.2140955285365795}. Best is trial 788 with value: 0.608348636891553.
[I 2026-05-22 17:54:17,096] Trial 806 finished with value: 0.607096709155988 and parameters: {'P_amp': 0.6672218625263548, 'P_wet': 2472.757526327775, 'P_pow': 5.977044138051162, 'rate_power': 1.1213949115488986}. Best is trial 788 with value: 0.608348636891553.
[I 2026-05-22 17:54:17,399] Trial 807 finished with value: 0.6068551141868113 and parameters: {'P_amp': 0.8326634178273563, 'P_wet': 1812.838438313401, 'P_pow': 5.969662618324583, 'rate_power': 1.1959490451641972}. Best is trial 788 with value: 0.608348636891553.
[I 2026-05-22 17:54:17,703] Trial 808 finished with value: 0.5810611947839094 and parameters: {'P_amp': 0.7526858402694949, 'P_wet': 2987.5793623611476, 'P_pow': 2.8466256564002217, 'rate_power': 0.7028329562877743}. Best is trial 788 with value: 0.608348636891553.
[I 2026-05-22 17:54:18,007] Trial 809 finished with value: 0.6073654370107642 and parameters: {'P_amp': 0.7588982209166666, 'P_wet': 2580.118487636274, 'P_pow': 5.922121226221113, 'rate_power': 1.1364393849457324}. Best is trial 788 with value: 0.608348636891553.
[I 2026-05-22 17:54:18,310] Trial 810 finished with value: 0.5812773028286925 and parameters: {'P_amp': 0.4069335848569441, 'P_wet': 5353.976698951844, 'P_pow': 5.315424297493971, 'rate_power': 0.7278343512665135}. Best is trial 788 with value: 0.608348636891553.
[I 2026-05-22 17:54:18,616] Trial 811 finished with value: 0.6071663208410565 and parameters: {'P_amp': 0.7534311540124226, 'P_wet': 2012.4090053647653, 'P_pow': 5.2315847518247045, 'rate_power': 1.1709577748740858}. Best is trial 788 with value: 0.608348636891553.
[I 2026-05-22 17:54:18,915] Trial 812 finished with value: 0.6069777395111371 and parameters: {'P_amp': 0.8796723882791675, 'P_wet': 1876.5506610326024, 'P_pow': 5.938811711090398, 'rate_power': 1.2343171853542867}. Best is trial 788 with value: 0.608348636891553.
[I 2026-05-22 17:54:19,214] Trial 813 finished with value: 0.6071020241812056 and parameters: {'P_amp': 0.7261622970688518, 'P_wet': 1870.3863019880157, 'P_pow': 5.959079441227116, 'rate_power': 1.2434754128721128}. Best is trial 788 with value: 0.608348636891553.
[I 2026-05-22 17:54:19,513] Trial 814 finished with value: 0.597809637723138 and parameters: {'P_amp': 0.8367523211043221, 'P_wet': 1377.9551189236406, 'P_pow': 5.970155962803873, 'rate_power': 1.2076649532988855}. Best is trial 788 with value: 0.608348636891553.
[I 2026-05-22 17:54:19,813] Trial 815 finished with value: 0.6056298492873915 and parameters: {'P_amp': 0.09487067358410606, 'P_wet': 1163.085296246122, 'P_pow': 0.5217937693877421, 'rate_power': 1.2989416640412488}. Best is trial 788 with value: 0.608348636891553.
[I 2026-05-22 17:54:20,112] Trial 816 finished with value: 0.6075509576459663 and parameters: {'P_amp': 0.7701686631631314, 'P_wet': 3452.8059708053643, 'P_pow': 4.956453698979187, 'rate_power': 1.2039313567057945}. Best is trial 788 with value: 0.608348636891553.
[I 2026-05-22 17:54:20,410] Trial 817 finished with value: 0.6081020766358354 and parameters: {'P_amp': 0.7092077459047781, 'P_wet': 2549.352444155222, 'P_pow': 5.936480490796322, 'rate_power': 1.2182729620732478}. Best is trial 788 with value: 0.608348636891553.
[I 2026-05-22 17:54:20,711] Trial 818 finished with value: 0.5864170663788636 and parameters: {'P_amp': 0.5099118810071847, 'P_wet': 416.1589231640469, 'P_pow': 4.267682488285278, 'rate_power': 0.8983395208720869}. Best is trial 788 with value: 0.608348636891553.
[I 2026-05-22 17:54:21,010] Trial 819 finished with value: 0.5971366171865422 and parameters: {'P_amp': 0.5891543839480031, 'P_wet': 1263.7531564857713, 'P_pow': 1.2046202830955137, 'rate_power': 0.8658554581646415}. Best is trial 788 with value: 0.608348636891553.
