[I 2026-05-22 17:33:02,861] Trial 101 finished with value: 0.4602012370103342 and parameters: {'k1': 0.05741092480370607, 'D_low': 115.40356433455446, 'k2': 0.039649021887068335, 'D_high': 12787.105358421202, 'fire_exp': 0.824809196412237, 'P_half': 494.82351570684557, 'pre_dampen_half': 118.53626806407219, 'gpp_af': 3.2978882640723883, 'gpp_b': 2.693451786983753e-05, 'gpp_d': 744.9835056304915, 'ign_k': 0.010418971353741922, 'ign_c': 22.751605858868253, 'P_wet_supp': 684.2819987741688, 'P_wet_pow': 1.1400484670996103, 'P_half2': 3059.953570023162, 'P_floor_pow': 2.6555665159916253}. Best is trial 57 with value: 0.5851463522670068.
[I 2026-05-22 17:33:03,411] Trial 102 finished with value: 0.5159756096837976 and parameters: {'k1': 0.022948144873436854, 'D_low': 11.540331971851952, 'k2': 0.03396307237758906, 'D_high': 8578.83795683382, 'fire_exp': 0.44713203168989024, 'P_half': 1955.5903855363915, 'pre_dampen_half': 118.51238639356892, 'gpp_af': 70.44379607512387, 'gpp_b': 9.684660527276656e-06, 'gpp_d': 3.7498321135541604, 'ign_k': 0.18810203034961476, 'ign_c': 2.7058803888932283, 'P_wet_supp': 9655.633843653375, 'P_wet_pow': 1.7958708037728774, 'P_half2': 19.459864675206752, 'P_floor_pow': 1.5665589025506408}. Best is trial 57 with value: 0.5851463522670068.
[I 2026-05-22 17:33:03,961] Trial 103 finished with value: 0.48071051041530394 and parameters: {'k1': 0.005016168154520863, 'D_low': 2.0414020614134065, 'k2': 0.012356501474834906, 'D_high': 708.6167342822891, 'fire_exp': 0.5243019271180646, 'P_half': 7214.538021712143, 'pre_dampen_half': 37.62622570583609, 'gpp_af': 0.46136562298274736, 'gpp_b': 3.5333290531658615e-05, 'gpp_d': 2.7755974281666407, 'ign_k': 0.0046852874293404866, 'ign_c': 4.493602503696211, 'P_wet_supp': 2739.6907361703097, 'P_wet_pow': 1.4902999409262838, 'P_half2': 886.3878963369166, 'P_floor_pow': 1.7504562178246292}. Best is trial 57 with value: 0.5851463522670068.
[I 2026-05-22 17:33:04,512] Trial 104 finished with value: 0.4668467364717742 and parameters: {'k1': 0.008156449995582404, 'D_low': 1.2444706000111065, 'k2': 0.00033257160630091847, 'D_high': 1366.1324557950818, 'fire_exp': 0.4566075802525285, 'P_half': 196.39857698027816, 'pre_dampen_half': 317.2123463675959, 'gpp_af': 1.474826722061618, 'gpp_b': 0.013724225388132909, 'gpp_d': 121.37521926487112, 'ign_k': 0.3347719102649054, 'ign_c': 0.34443909675641954, 'P_wet_supp': 7353.107770036479, 'P_wet_pow': 1.3744771157089481, 'P_half2': 4931.614436507153, 'P_floor_pow': 3.4387482082497765}. Best is trial 57 with value: 0.5851463522670068.
[I 2026-05-22 17:33:05,056] Trial 105 finished with value: 0.4989530226450352 and parameters: {'k1': 0.03257313613761917, 'D_low': 3.603270215316722, 'k2': 0.022257321260944533, 'D_high': 76657.11638776948, 'fire_exp': 0.9250753738355895, 'P_half': 22.86855031875691, 'pre_dampen_half': 46.73247317672023, 'gpp_af': 7.346115003104106, 'gpp_b': 9.01761129637455e-06, 'gpp_d': 97.88064199941559, 'ign_k': 0.07643010349651992, 'ign_c': 36.14681186446663, 'P_wet_supp': 7424.933771275369, 'P_wet_pow': 1.1419515061769974, 'P_half2': 436.1549051870628, 'P_floor_pow': 2.813687953950149}. Best is trial 57 with value: 0.5851463522670068.
[I 2026-05-22 17:33:05,596] Trial 106 finished with value: 0.47909777987531166 and parameters: {'k1': 0.006544256327160144, 'D_low': 6.870205104111621, 'k2': 0.01652021582734944, 'D_high': 4264.973218383573, 'fire_exp': 1.1094135083682315, 'P_half': 4806.151941782445, 'pre_dampen_half': 155.2609095488565, 'gpp_af': 23.271973247354897, 'gpp_b': 0.0009446822105515951, 'gpp_d': 554.0535046759768, 'ign_k': 0.10536437770632376, 'ign_c': 4.504247414023263, 'P_wet_supp': 4376.755161462592, 'P_wet_pow': 0.40798677755580304, 'P_half2': 384.36571965563473, 'P_floor_pow': 1.6620815970840528}. Best is trial 57 with value: 0.5851463522670068.
[I 2026-05-22 17:33:06,136] Trial 107 finished with value: 0.4513942756772294 and parameters: {'k1': 0.0026923625370111936, 'D_low': 6.572370576356732, 'k2': 0.013485526286406122, 'D_high': 6508.470346096314, 'fire_exp': 1.470921245828387, 'P_half': 2425.799792447877, 'pre_dampen_half': 55.4941560140979, 'gpp_af': 35.01875791876957, 'gpp_b': 1.6137932878838297e-05, 'gpp_d': 22.895727670148933, 'ign_k': 0.08615922035614984, 'ign_c': 6.539894732364712, 'P_wet_supp': 4865.342815325383, 'P_wet_pow': 4.3356659948264635, 'P_half2': 2795.27196322756, 'P_floor_pow': 1.4313642502333521}. Best is trial 57 with value: 0.5851463522670068.
[I 2026-05-22 17:33:06,686] Trial 108 finished with value: 0.4649788212686576 and parameters: {'k1': 0.00011294905202592208, 'D_low': 56.60044379101126, 'k2': 0.0013403192842852368, 'D_high': 3908.871031303038, 'fire_exp': 0.5252922474792703, 'P_half': 0.10753941838553195, 'pre_dampen_half': 0.026928680180709923, 'gpp_af': 4.414450053951438, 'gpp_b': 2.6104005676084436e-05, 'gpp_d': 73.64055940749923, 'ign_k': 0.3348149964305213, 'ign_c': 39.39082116531997, 'P_wet_supp': 9287.508561673276, 'P_wet_pow': 1.5995189568091988, 'P_half2': 346.5000841142786, 'P_floor_pow': 0.27655978871452586}. Best is trial 57 with value: 0.5851463522670068.
[I 2026-05-22 17:33:07,232] Trial 109 finished with value: 0.42854277641200167 and parameters: {'k1': 0.010546703246628196, 'D_low': 37.929226813131955, 'k2': 0.0017296661023413732, 'D_high': 3899.833274562059, 'fire_exp': 0.3733864916347106, 'P_half': 0.2311807810245449, 'pre_dampen_half': 96.0751485307971, 'gpp_af': 2.0855895995495133, 'gpp_b': 1.2504417453594414e-06, 'gpp_d': 38.53575707866714, 'ign_k': 0.43566764495758264, 'ign_c': 110.55742359112728, 'P_wet_supp': 599.404965066771, 'P_wet_pow': 4.031653467497849, 'P_half2': 649.9462996436598, 'P_floor_pow': 1.0534437941936068}. Best is trial 57 with value: 0.5851463522670068.
[I 2026-05-22 17:33:07,783] Trial 110 finished with value: 0.49889023334313926 and parameters: {'k1': 7.863341278316804e-05, 'D_low': 73.25547007162824, 'k2': 0.0030288390634528655, 'D_high': 22246.309674495416, 'fire_exp': 0.7254125059657592, 'P_half': 0.1507843512943067, 'pre_dampen_half': 27.922674553232454, 'gpp_af': 0.19003143618467158, 'gpp_b': 6.283033622031595e-05, 'gpp_d': 911.6705654618058, 'ign_k': 0.45090820682092636, 'ign_c': 1.7941024009921562, 'P_wet_supp': 213.95832038026742, 'P_wet_pow': 2.2034733154237793, 'P_half2': 37.60993565490018, 'P_floor_pow': 2.1148639548301027}. Best is trial 57 with value: 0.5851463522670068.
[I 2026-05-22 17:33:08,328] Trial 111 finished with value: 0.5564550499315787 and parameters: {'k1': 0.025096331509597114, 'D_low': 107.32153458876844, 'k2': 0.022626263574167527, 'D_high': 3454.155089109826, 'fire_exp': 0.4602290143029731, 'P_half': 0.989625047311372, 'pre_dampen_half': 12.590405792879627, 'gpp_af': 0.09741747952983891, 'gpp_b': 6.842177151728927e-05, 'gpp_d': 2.319435333247276, 'ign_k': 0.5555851630081868, 'ign_c': 6.018651484449756, 'P_wet_supp': 952.4437902854854, 'P_wet_pow': 0.30469025274771966, 'P_half2': 1.8588994629561681, 'P_floor_pow': 0.1421276670105171}. Best is trial 57 with value: 0.5851463522670068.
[I 2026-05-22 17:33:08,878] Trial 112 finished with value: 0.5454271262661252 and parameters: {'k1': 0.017503746516919612, 'D_low': 37.69158067937011, 'k2': 0.0036040444284874563, 'D_high': 2672.986836118214, 'fire_exp': 1.193647280546782, 'P_half': 0.2967076753021412, 'pre_dampen_half': 351.71362684278284, 'gpp_af': 0.005183209198259996, 'gpp_b': 3.5842891248269677e-06, 'gpp_d': 0.8025048225203809, 'ign_k': 0.07764205995573513, 'ign_c': 0.5679350423129098, 'P_wet_supp': 2589.0586388606807, 'P_wet_pow': 0.5797291139028029, 'P_half2': 1.1032920147720005, 'P_floor_pow': 0.6179009095042491}. Best is trial 57 with value: 0.5851463522670068.
[I 2026-05-22 17:33:09,422] Trial 113 finished with value: 0.5356219443319239 and parameters: {'k1': 0.0009262283079928994, 'D_low': 50.10359159759162, 'k2': 0.012942910423122128, 'D_high': 16071.302238198894, 'fire_exp': 1.1140370708772456, 'P_half': 2.8374695113574906, 'pre_dampen_half': 4.904930939838268, 'gpp_af': 0.0654032711430425, 'gpp_b': 6.39752386372258e-05, 'gpp_d': 1.6406366594925392, 'ign_k': 7.624793229218807, 'ign_c': 4.262993412426853, 'P_wet_supp': 1270.8123434167999, 'P_wet_pow': 0.20476756066531832, 'P_half2': 3.8639402600554407, 'P_floor_pow': 0.4987421718849038}. Best is trial 57 with value: 0.5851463522670068.
[I 2026-05-22 17:33:09,970] Trial 114 finished with value: 0.45048083958750124 and parameters: {'k1': 0.07434127670425225, 'D_low': 547.3131790984639, 'k2': 0.03335523757294471, 'D_high': 8047.2898892746325, 'fire_exp': 0.6188982616478412, 'P_half': 20.82419286012146, 'pre_dampen_half': 11.865594966342986, 'gpp_af': 0.0028441526593587984, 'gpp_b': 0.0026195787553120573, 'gpp_d': 1.2300204640753154, 'ign_k': 0.06307980734594143, 'ign_c': 2.1232351633710285, 'P_wet_supp': 113.97493400414844, 'P_wet_pow': 0.9320998906940605, 'P_half2': 1.664702223062453, 'P_floor_pow': 0.14085760676073486}. Best is trial 57 with value: 0.5851463522670068.
[I 2026-05-22 17:33:10,521] Trial 115 finished with value: 0.47512063086842266 and parameters: {'k1': 0.011249440072977266, 'D_low': 44.00259373222392, 'k2': 0.051359030243364315, 'D_high': 348.62509259590485, 'fire_exp': 1.2271648924516312, 'P_half': 0.5392592687649125, 'pre_dampen_half': 4.511606995446456, 'gpp_af': 0.0872721407498538, 'gpp_b': 5.770737468485556e-05, 'gpp_d': 0.40389741021263975, 'ign_k': 0.12604215159485888, 'ign_c': 5.254049268062146, 'P_wet_supp': 104.77438243299535, 'P_wet_pow': 0.0527233773042195, 'P_half2': 19.359373173099076, 'P_floor_pow': 0.4802990304955856}. Best is trial 57 with value: 0.5851463522670068.
[I 2026-05-22 17:33:11,071] Trial 116 finished with value: 0.5575014915702502 and parameters: {'k1': 0.0012478009949255678, 'D_low': 1.174704085749233, 'k2': 0.002728489533286374, 'D_high': 13380.278886640861, 'fire_exp': 0.36801662106508287, 'P_half': 0.10465737914139824, 'pre_dampen_half': 0.02818021250231928, 'gpp_af': 1.4262886197957696, 'gpp_b': 0.0001417444461560813, 'gpp_d': 190.78076064829577, 'ign_k': 6.333393522614553, 'ign_c': 5.233776055880953, 'P_wet_supp': 5368.331659280639, 'P_wet_pow': 4.790809699449488, 'P_half2': 200.60563313742878, 'P_floor_pow': 0.3283725410171939}. Best is trial 57 with value: 0.5851463522670068.
[I 2026-05-22 17:33:11,621] Trial 117 finished with value: 0.467902686316727 and parameters: {'k1': 0.01870250944048701, 'D_low': 933.8604607514015, 'k2': 0.006718018700900282, 'D_high': 3057.0966420911996, 'fire_exp': 0.48534268622633675, 'P_half': 0.14699945373238024, 'pre_dampen_half': 3.6247652393395478, 'gpp_af': 0.08615093629286019, 'gpp_b': 0.0012297147116130985, 'gpp_d': 0.8287422326989347, 'ign_k': 1.0325238915289858, 'ign_c': 2.3004923100458523, 'P_wet_supp': 512.9199075860473, 'P_wet_pow': 1.343790719067869, 'P_half2': 0.14566594402920166, 'P_floor_pow': 0.3994672665584859}. Best is trial 57 with value: 0.5851463522670068.
[I 2026-05-22 17:33:12,170] Trial 118 finished with value: 0.5235701534921859 and parameters: {'k1': 0.002936348881097717, 'D_low': 1.0381337614235089, 'k2': 0.0008902454799191129, 'D_high': 16911.462173791104, 'fire_exp': 0.39461545638826695, 'P_half': 0.19313741451893546, 'pre_dampen_half': 0.010589694118749228, 'gpp_af': 20.06144592888498, 'gpp_b': 0.0013225675158274077, 'gpp_d': 31.9443991787726, 'ign_k': 3.4947251035066356, 'ign_c': 23.68831082102431, 'P_wet_supp': 9141.953552107248, 'P_wet_pow': 4.4656792983539955, 'P_half2': 49.5945080016432, 'P_floor_pow': 0.25118834592166683}. Best is trial 57 with value: 0.5851463522670068.
[I 2026-05-22 17:33:12,719] Trial 119 finished with value: 0.5491135396418676 and parameters: {'k1': 0.00011176663804505552, 'D_low': 6.024675187421502, 'k2': 0.00011524992802042782, 'D_high': 24029.185547796376, 'fire_exp': 0.48234549517619574, 'P_half': 0.15755978276373522, 'pre_dampen_half': 0.49558402855727485, 'gpp_af': 23.985935878212192, 'gpp_b': 0.016409748071024962, 'gpp_d': 21.334948977532406, 'ign_k': 2.2336872699532764, 'ign_c': 3.4574433958702486, 'P_wet_supp': 2121.3102046351464, 'P_wet_pow': 3.556414084119018, 'P_half2': 149.7124371458003, 'P_floor_pow': 1.3634672614574257}. Best is trial 57 with value: 0.5851463522670068.
[I 2026-05-22 17:33:13,265] Trial 120 finished with value: 0.5232582566849506 and parameters: {'k1': 0.028374364829748273, 'D_low': 1.0382183596133447, 'k2': 2.1501466630381978e-05, 'D_high': 2112.93678613329, 'fire_exp': 0.3559076737775878, 'P_half': 16.174962243090935, 'pre_dampen_half': 10.380446063196226, 'gpp_af': 1.9581322737630826, 'gpp_b': 2.7841158454661514e-06, 'gpp_d': 94.41294068522521, 'ign_k': 2.3092251480061274, 'ign_c': 0.5598448575004665, 'P_wet_supp': 7303.205791728478, 'P_wet_pow': 1.0991389497011117, 'P_half2': 0.1896935861379997, 'P_floor_pow': 0.5207589490944039}. Best is trial 57 with value: 0.5851463522670068.
[I 2026-05-22 17:33:13,820] Trial 121 finished with value: 0.4851780237836465 and parameters: {'k1': 0.029360653276140472, 'D_low': 21.834778645276632, 'k2': 0.0022387337826821905, 'D_high': 16541.65568553217, 'fire_exp': 0.7497708788480956, 'P_half': 4.351901191638779, 'pre_dampen_half': 0.36545673829423564, 'gpp_af': 0.15835586405124857, 'gpp_b': 7.622472840417695e-06, 'gpp_d': 100.51956793877541, 'ign_k': 0.557268752473062, 'ign_c': 7.184307108525097, 'P_wet_supp': 132.4645127051642, 'P_wet_pow': 3.8376537566053583, 'P_half2': 64.26707370276245, 'P_floor_pow': 0.16024991112762244}. Best is trial 57 with value: 0.5851463522670068.
[I 2026-05-22 17:33:14,363] Trial 122 finished with value: 0.5591675782145707 and parameters: {'k1': 0.08710543954581568, 'D_low': 1.336438816168267, 'k2': 0.0009372731181559021, 'D_high': 857.0854115261553, 'fire_exp': 0.472090370415394, 'P_half': 196.1625122428972, 'pre_dampen_half': 12.728524917058179, 'gpp_af': 2.887999631568765, 'gpp_b': 8.246596885271717e-06, 'gpp_d': 51.59724961735078, 'ign_k': 0.11934392493497563, 'ign_c': 1.9763348951950888, 'P_wet_supp': 6932.621480613324, 'P_wet_pow': 1.5950798154218337, 'P_half2': 56.92833249542516, 'P_floor_pow': 1.7474970349090087}. Best is trial 57 with value: 0.5851463522670068.
[I 2026-05-22 17:33:14,909] Trial 123 finished with value: 0.48253270822212657 and parameters: {'k1': 0.0467412865990137, 'D_low': 3.172800730623488, 'k2': 0.00014881591580570008, 'D_high': 4650.0171115689445, 'fire_exp': 1.0607877211655037, 'P_half': 1.3081829953089321, 'pre_dampen_half': 1.271472408010148, 'gpp_af': 0.5911447442619905, 'gpp_b': 0.00025515296043457044, 'gpp_d': 41.663981822194884, 'ign_k': 1.0484427771966653, 'ign_c': 23.2289148895111, 'P_wet_supp': 135.20006016697923, 'P_wet_pow': 0.1000670422146881, 'P_half2': 67.9659855238119, 'P_floor_pow': 0.16907013637863932}. Best is trial 57 with value: 0.5851463522670068.
[I 2026-05-22 17:33:15,454] Trial 124 finished with value: 0.561743925438968 and parameters: {'k1': 0.07555654243146458, 'D_low': 2.3883199076824746, 'k2': 9.13929758600354e-05, 'D_high': 97.3183681240926, 'fire_exp': 0.4298989996599301, 'P_half': 766.8107058056734, 'pre_dampen_half': 43.270786647500486, 'gpp_af': 19.881845099475353, 'gpp_b': 0.000156626096485061, 'gpp_d': 139.64377869304033, 'ign_k': 0.2055160147078672, 'ign_c': 8.02225163374349, 'P_wet_supp': 2763.6410147571924, 'P_wet_pow': 3.7075312224659296, 'P_half2': 24.70693902175376, 'P_floor_pow': 1.8360317847302143}. Best is trial 57 with value: 0.5851463522670068.
[I 2026-05-22 17:33:15,997] Trial 125 finished with value: 0.5260753543576663 and parameters: {'k1': 0.08111822102001415, 'D_low': 7.068785972448022, 'k2': 0.0028464895790914547, 'D_high': 140.5585483190838, 'fire_exp': 0.7485804379517633, 'P_half': 221.65903150053586, 'pre_dampen_half': 45.5400321961218, 'gpp_af': 3.221518492591173, 'gpp_b': 4.079897426408903e-06, 'gpp_d': 35.06105060186775, 'ign_k': 0.1349833851832469, 'ign_c': 1.7374930130775998, 'P_wet_supp': 1869.8795629367457, 'P_wet_pow': 3.835716062236391, 'P_half2': 27.551116484652322, 'P_floor_pow': 2.473919207752583}. Best is trial 57 with value: 0.5851463522670068.
[I 2026-05-22 17:33:16,552] Trial 126 finished with value: 0.5333475735291113 and parameters: {'k1': 0.014785378732342562, 'D_low': 8.136815185728222, 'k2': 4.669792617227994e-05, 'D_high': 10634.396003006568, 'fire_exp': 0.42137085916530426, 'P_half': 43.043499044308476, 'pre_dampen_half': 8.681109919548632, 'gpp_af': 26.640789511226753, 'gpp_b': 0.02335752314639707, 'gpp_d': 75.42874189365658, 'ign_k': 0.42882213673539743, 'ign_c': 0.34362751179862344, 'P_wet_supp': 1252.8749120758387, 'P_wet_pow': 3.282771245243513, 'P_half2': 0.9859449716715607, 'P_floor_pow': 0.9834076014943736}. Best is trial 57 with value: 0.5851463522670068.
[I 2026-05-22 17:33:17,093] Trial 127 finished with value: 0.39909875332353534 and parameters: {'k1': 0.07397387947884627, 'D_low': 76.1185437618626, 'k2': 1.3836877470370784e-05, 'D_high': 242.56140227798397, 'fire_exp': 0.3838993877610001, 'P_half': 68.3194097975036, 'pre_dampen_half': 71.4045892071534, 'gpp_af': 5.949393905562699, 'gpp_b': 8.526047758363706e-05, 'gpp_d': 34.27537596507679, 'ign_k': 3.123685677085535, 'ign_c': 50.918173477911374, 'P_wet_supp': 5956.280009023273, 'P_wet_pow': 4.749162417094312, 'P_half2': 6.505926479336892, 'P_floor_pow': 1.7561019686912858}. Best is trial 57 with value: 0.5851463522670068.
[I 2026-05-22 17:33:17,635] Trial 128 finished with value: 0.5439364552773376 and parameters: {'k1': 0.08914349416316061, 'D_low': 2.571415389801292, 'k2': 4.054242597454712e-05, 'D_high': 2179.007570721346, 'fire_exp': 0.7991234214216303, 'P_half': 212.2517793793177, 'pre_dampen_half': 62.11608298179672, 'gpp_af': 27.73481297571008, 'gpp_b': 0.007932728627579155, 'gpp_d': 17.3963485427983, 'ign_k': 0.40287688924908127, 'ign_c': 2.7908072377381226, 'P_wet_supp': 2746.869733430568, 'P_wet_pow': 3.1710210630714917, 'P_half2': 83.38865801286366, 'P_floor_pow': 2.429954841124027}. Best is trial 57 with value: 0.5851463522670068.
[I 2026-05-22 17:33:18,181] Trial 129 finished with value: 0.511027032916265 and parameters: {'k1': 0.08502811416425204, 'D_low': 10.27600210511714, 'k2': 0.002410477608250157, 'D_high': 1016.8340210443713, 'fire_exp': 0.7205404659689795, 'P_half': 0.20396403783081263, 'pre_dampen_half': 0.455970904359683, 'gpp_af': 0.044452124038182085, 'gpp_b': 0.00019816757155452112, 'gpp_d': 0.6713921718079175, 'ign_k': 1.618355417965336, 'ign_c': 12.379158742257868, 'P_wet_supp': 2334.1894549341514, 'P_wet_pow': 0.3984691826298615, 'P_half2': 23.545858173928973, 'P_floor_pow': 1.1023614713864935}. Best is trial 57 with value: 0.5851463522670068.
[I 2026-05-22 17:33:18,730] Trial 130 finished with value: 0.4621880320086567 and parameters: {'k1': 0.036474298218373544, 'D_low': 4.563113661647172, 'k2': 4.438611248642712e-05, 'D_high': 99.20041426244734, 'fire_exp': 0.7354837230458311, 'P_half': 5715.7938425090315, 'pre_dampen_half': 4.397194288116237, 'gpp_af': 10.903126768534497, 'gpp_b': 0.00020419395268315098, 'gpp_d': 7.337196787859208, 'ign_k': 1.8933998347610126, 'ign_c': 6.766820178516668, 'P_wet_supp': 182.96866291785713, 'P_wet_pow': 3.7389004963775134, 'P_half2': 0.6670097799263477, 'P_floor_pow': 2.650696615015151}. Best is trial 57 with value: 0.5851463522670068.
[I 2026-05-22 17:33:19,277] Trial 131 finished with value: 0.546072221987033 and parameters: {'k1': 0.021361371733018015, 'D_low': 83.45921045870226, 'k2': 0.0008147985971597955, 'D_high': 1155.1639481022146, 'fire_exp': 0.3982941314444059, 'P_half': 818.5424269410494, 'pre_dampen_half': 16.78661030799745, 'gpp_af': 2.346860817769958, 'gpp_b': 1.089675262340926e-05, 'gpp_d': 170.58307022130805, 'ign_k': 0.006866316160308723, 'ign_c': 0.39770674568551373, 'P_wet_supp': 9904.223538274488, 'P_wet_pow': 1.0400599984249395, 'P_half2': 60.42747446969019, 'P_floor_pow': 2.088620840723331}. Best is trial 57 with value: 0.5851463522670068.
[I 2026-05-22 17:33:19,818] Trial 132 finished with value: 0.5499381125171772 and parameters: {'k1': 0.0008278617504511645, 'D_low': 36.52971367967205, 'k2': 0.06996392708111063, 'D_high': 8099.762780019497, 'fire_exp': 0.38209693692048374, 'P_half': 0.6166156229626013, 'pre_dampen_half': 2.341206364326301, 'gpp_af': 0.5135694612848842, 'gpp_b': 0.02792690270007828, 'gpp_d': 326.45019631915693, 'ign_k': 0.46857341815797515, 'ign_c': 11.225012185684182, 'P_wet_supp': 1732.8343217541592, 'P_wet_pow': 1.175640328135899, 'P_half2': 570.9788461787565, 'P_floor_pow': 0.5897287444319097}. Best is trial 57 with value: 0.5851463522670068.
[I 2026-05-22 17:33:20,360] Trial 133 finished with value: 0.5560624902013418 and parameters: {'k1': 0.01223078145353861, 'D_low': 1.0726967809911594, 'k2': 0.0036449158191081796, 'D_high': 91454.95049168429, 'fire_exp': 0.5257055049658302, 'P_half': 0.11291504970134357, 'pre_dampen_half': 0.06627786526783822, 'gpp_af': 0.03612989857313867, 'gpp_b': 5.090198449706921e-05, 'gpp_d': 72.78487085085867, 'ign_k': 9.928573795419005, 'ign_c': 13.102630528830103, 'P_wet_supp': 1604.682587180091, 'P_wet_pow': 4.136534115365552, 'P_half2': 84.9211340069247, 'P_floor_pow': 0.4941100297816503}. Best is trial 57 with value: 0.5851463522670068.
[I 2026-05-22 17:33:20,905] Trial 134 finished with value: 0.5546583241679248 and parameters: {'k1': 0.010441688123475476, 'D_low': 2.0142383320848234, 'k2': 6.52660380211367e-05, 'D_high': 39.09989114963476, 'fire_exp': 0.6954720135927441, 'P_half': 1236.324578834254, 'pre_dampen_half': 99.37155652492127, 'gpp_af': 20.27628804252743, 'gpp_b': 0.00035603302921273196, 'gpp_d': 485.1438953201156, 'ign_k': 0.10216832043398495, 'ign_c': 12.701275174107279, 'P_wet_supp': 3667.2035866346887, 'P_wet_pow': 4.4677058124496085, 'P_half2': 23.413080236538757, 'P_floor_pow': 2.054782054370357}. Best is trial 57 with value: 0.5851463522670068.
