[I 2026-05-22 18:04:03,113] Trial 626 finished with value: 0.5803298603279514 and parameters: {'rain_shift': 3.1591320820320683, 'ign_k': 1.0629213409065597, 'rate_power': 0.802305202274519}. Best is trial 581 with value: 0.6109542079341689.
[I 2026-05-22 18:04:03,460] Trial 627 finished with value: 0.6091023766604053 and parameters: {'rain_shift': 1.5069597968231303, 'ign_k': 0.48546638095437816, 'rate_power': 0.7935012525650785}. Best is trial 581 with value: 0.6109542079341689.
[I 2026-05-22 18:04:03,809] Trial 628 finished with value: 0.5915668846872065 and parameters: {'rain_shift': 1.1607080333720359, 'ign_k': 0.35720476190674005, 'rate_power': 0.7084467108710182}. Best is trial 581 with value: 0.6109542079341689.
[I 2026-05-22 18:04:04,161] Trial 629 finished with value: 0.5656426884611349 and parameters: {'rain_shift': 2.5197553579291303, 'ign_k': 2.1398066087781165, 'rate_power': 1.2910597164165594}. Best is trial 581 with value: 0.6109542079341689.
[I 2026-05-22 18:04:04,514] Trial 630 finished with value: 0.6037385136071601 and parameters: {'rain_shift': 1.9520719865461886, 'ign_k': 0.9214105385727044, 'rate_power': 0.7719919613542277}. Best is trial 581 with value: 0.6109542079341689.
[I 2026-05-22 18:04:04,869] Trial 631 finished with value: 0.5424521875380978 and parameters: {'rain_shift': 6.6680423509319615, 'ign_k': 0.5846097299459115, 'rate_power': 1.0763147573583094}. Best is trial 581 with value: 0.6109542079341689.
[I 2026-05-22 18:04:05,223] Trial 632 finished with value: 0.5869922512963787 and parameters: {'rain_shift': 2.330799629090665, 'ign_k': 0.1883202576739535, 'rate_power': 0.795061666263113}. Best is trial 581 with value: 0.6109542079341689.
[I 2026-05-22 18:04:05,572] Trial 633 finished with value: 0.586554930124819 and parameters: {'rain_shift': 3.115597843149533, 'ign_k': 1.2113266534559104, 'rate_power': 0.7057072974983387}. Best is trial 581 with value: 0.6109542079341689.
[I 2026-05-22 18:04:05,921] Trial 634 finished with value: 0.5825876164400893 and parameters: {'rain_shift': 3.889415211692662, 'ign_k': 0.507836096390429, 'rate_power': 0.7893396882292442}. Best is trial 581 with value: 0.6109542079341689.
[I 2026-05-22 18:04:06,269] Trial 635 finished with value: 0.6077419110332883 and parameters: {'rain_shift': 1.868748169481009, 'ign_k': 0.766799965155242, 'rate_power': 0.7535176335598356}. Best is trial 581 with value: 0.6109542079341689.
[I 2026-05-22 18:04:06,618] Trial 636 finished with value: 0.5792070526359252 and parameters: {'rain_shift': 0.03753488541197081, 'ign_k': 0.5537226937783842, 'rate_power': 0.758139118522942}. Best is trial 581 with value: 0.6109542079341689.
[I 2026-05-22 18:04:06,966] Trial 637 finished with value: 0.6029681167992574 and parameters: {'rain_shift': 1.3104630118570173, 'ign_k': 1.460355512063489, 'rate_power': 0.7004752406676866}. Best is trial 581 with value: 0.6109542079341689.
[I 2026-05-22 18:04:07,313] Trial 638 finished with value: 0.6095322027091032 and parameters: {'rain_shift': 1.5047476925875858, 'ign_k': 0.6508062746565205, 'rate_power': 0.7053055773190268}. Best is trial 581 with value: 0.6109542079341689.
[I 2026-05-22 18:04:07,669] Trial 639 finished with value: 0.607957225656066 and parameters: {'rain_shift': 2.1458672581835287, 'ign_k': 0.4697992700224296, 'rate_power': 0.7813025268128172}. Best is trial 581 with value: 0.6109542079341689.
[I 2026-05-22 18:04:08,025] Trial 640 finished with value: 0.5983866659408694 and parameters: {'rain_shift': 2.872016542229841, 'ign_k': 0.32395750650115257, 'rate_power': 0.777949898599655}. Best is trial 581 with value: 0.6109542079341689.
[I 2026-05-22 18:04:08,377] Trial 641 finished with value: 0.594266264062536 and parameters: {'rain_shift': 0.5903964957900276, 'ign_k': 0.7943770639956084, 'rate_power': 0.7025520804301242}. Best is trial 581 with value: 0.6109542079341689.
[I 2026-05-22 18:04:08,732] Trial 642 finished with value: 0.6057242491656185 and parameters: {'rain_shift': 2.3278199036133462, 'ign_k': 0.6901953203945245, 'rate_power': 0.701368839431572}. Best is trial 581 with value: 0.6109542079341689.
[I 2026-05-22 18:04:09,086] Trial 643 finished with value: 0.5681934748257224 and parameters: {'rain_shift': 9.449383849997695, 'ign_k': 0.05397479423375072, 'rate_power': 0.8126278899391337}. Best is trial 581 with value: 0.6109542079341689.
[I 2026-05-22 18:04:09,434] Trial 644 finished with value: 0.5341200878523689 and parameters: {'rain_shift': 7.053165783638254, 'ign_k': 2.5023958914053512, 'rate_power': 1.170025987210509}. Best is trial 581 with value: 0.6109542079341689.
[I 2026-05-22 18:04:09,797] Trial 645 finished with value: 0.5731161505267222 and parameters: {'rain_shift': 4.0365961196735105, 'ign_k': 0.09695402160945857, 'rate_power': 0.7253243072303216}. Best is trial 581 with value: 0.6109542079341689.
[I 2026-05-22 18:04:10,165] Trial 646 finished with value: 0.5997555754660404 and parameters: {'rain_shift': 2.8086999831177617, 'ign_k': 0.44558536547277383, 'rate_power': 0.7768005011399185}. Best is trial 581 with value: 0.6109542079341689.
[I 2026-05-22 18:04:10,515] Trial 647 finished with value: 0.5574951586196141 and parameters: {'rain_shift': 7.377530226058414, 'ign_k': 0.21682544777922627, 'rate_power': 0.8937870768124542}. Best is trial 581 with value: 0.6109542079341689.
[I 2026-05-22 18:04:10,864] Trial 648 finished with value: 0.5817943118246591 and parameters: {'rain_shift': 0.7241403678776137, 'ign_k': 0.26811412426040626, 'rate_power': 0.7892504560035968}. Best is trial 581 with value: 0.6109542079341689.
[I 2026-05-22 18:04:11,212] Trial 649 finished with value: 0.5966358933861367 and parameters: {'rain_shift': 3.236348728381721, 'ign_k': 0.5301479590827101, 'rate_power': 0.7034016118478517}. Best is trial 581 with value: 0.6109542079341689.
[I 2026-05-22 18:04:11,561] Trial 650 finished with value: 0.6105324950468102 and parameters: {'rain_shift': 1.546381310665041, 'ign_k': 0.5952660332224895, 'rate_power': 0.7646250552624387}. Best is trial 581 with value: 0.6109542079341689.
[I 2026-05-22 18:04:11,911] Trial 651 finished with value: 0.6091058933520821 and parameters: {'rain_shift': 1.4667561756408416, 'ign_k': 0.49179771369736697, 'rate_power': 0.7963514850277589}. Best is trial 581 with value: 0.6109542079341689.
[I 2026-05-22 18:04:12,258] Trial 652 finished with value: 0.6032782121679013 and parameters: {'rain_shift': 1.2255468887805874, 'ign_k': 1.5118515782234443, 'rate_power': 0.8055301684246163}. Best is trial 581 with value: 0.6109542079341689.
[I 2026-05-22 18:04:12,607] Trial 653 finished with value: 0.539727331627305 and parameters: {'rain_shift': 7.544649611202485, 'ign_k': 0.18550358651888996, 'rate_power': 1.181211826542659}. Best is trial 581 with value: 0.6109542079341689.
[I 2026-05-22 18:04:12,956] Trial 654 finished with value: 0.5906018339365856 and parameters: {'rain_shift': 0.3304257202085499, 'ign_k': 0.5848629498519474, 'rate_power': 0.7727823888979138}. Best is trial 581 with value: 0.6109542079341689.
[I 2026-05-22 18:04:13,302] Trial 655 finished with value: 0.6033899718116847 and parameters: {'rain_shift': 2.100889384253522, 'ign_k': 0.7046129545249137, 'rate_power': 0.8017610310063075}. Best is trial 581 with value: 0.6109542079341689.
[I 2026-05-22 18:04:13,649] Trial 656 finished with value: 0.60379718099953 and parameters: {'rain_shift': 1.717681412214468, 'ign_k': 0.3584445983503199, 'rate_power': 0.805675471328357}. Best is trial 581 with value: 0.6109542079341689.
[I 2026-05-22 18:04:13,995] Trial 657 finished with value: 0.6052521666363334 and parameters: {'rain_shift': 1.4435576820094345, 'ign_k': 0.46236369948332007, 'rate_power': 0.7031917430428624}. Best is trial 581 with value: 0.6109542079341689.
[I 2026-05-22 18:04:14,341] Trial 658 finished with value: 0.6069520013223554 and parameters: {'rain_shift': 1.787031849780186, 'ign_k': 0.8283684913407117, 'rate_power': 0.7724344244810694}. Best is trial 581 with value: 0.6109542079341689.
[I 2026-05-22 18:04:14,689] Trial 659 finished with value: 0.6081204763313273 and parameters: {'rain_shift': 1.8188238949451878, 'ign_k': 0.45008987289792723, 'rate_power': 0.7006509630950808}. Best is trial 581 with value: 0.6109542079341689.
[I 2026-05-22 18:04:15,039] Trial 660 finished with value: 0.5796005536991844 and parameters: {'rain_shift': 3.599076323733917, 'ign_k': 0.7269713696691346, 'rate_power': 0.7937634758926034}. Best is trial 581 with value: 0.6109542079341689.
[I 2026-05-22 18:04:15,393] Trial 661 finished with value: 0.5686268905571277 and parameters: {'rain_shift': 1.8903376238445935, 'ign_k': 0.05614398639679843, 'rate_power': 1.0710518032614094}. Best is trial 581 with value: 0.6109542079341689.
[I 2026-05-22 18:04:15,748] Trial 662 finished with value: 0.6076168666085252 and parameters: {'rain_shift': 1.1652326611986206, 'ign_k': 0.5400056115427126, 'rate_power': 0.7858818225916331}. Best is trial 581 with value: 0.6109542079341689.
[I 2026-05-22 18:04:16,098] Trial 663 finished with value: 0.604757954297492 and parameters: {'rain_shift': 0.9923001875799196, 'ign_k': 0.9445517739977933, 'rate_power': 0.7968581557324832}. Best is trial 581 with value: 0.6109542079341689.
[I 2026-05-22 18:04:16,453] Trial 664 finished with value: 0.600109854610044 and parameters: {'rain_shift': 1.022155440133207, 'ign_k': 1.0194834567867177, 'rate_power': 0.7040015154684308}. Best is trial 581 with value: 0.6109542079341689.
[I 2026-05-22 18:04:16,809] Trial 665 finished with value: 0.5928504607856346 and parameters: {'rain_shift': 0.5635610572362804, 'ign_k': 0.4255721681714523, 'rate_power': 0.8011295696617069}. Best is trial 581 with value: 0.6109542079341689.
[I 2026-05-22 18:04:17,160] Trial 666 finished with value: 0.6103540979319018 and parameters: {'rain_shift': 1.450403346859118, 'ign_k': 0.6212377911197181, 'rate_power': 0.7727518802393725}. Best is trial 581 with value: 0.6109542079341689.
[I 2026-05-22 18:04:17,508] Trial 667 finished with value: 0.5696052075090957 and parameters: {'rain_shift': 3.8614562587605175, 'ign_k': 0.892546249802125, 'rate_power': 0.8614270268689123}. Best is trial 581 with value: 0.6109542079341689.
[I 2026-05-22 18:04:17,858] Trial 668 finished with value: 0.5987777227472719 and parameters: {'rain_shift': 2.4153928384068193, 'ign_k': 0.6338809344815476, 'rate_power': 0.8237615639598913}. Best is trial 581 with value: 0.6109542079341689.
[I 2026-05-22 18:04:18,209] Trial 669 finished with value: 0.6064550782808131 and parameters: {'rain_shift': 1.7455137755407297, 'ign_k': 0.3954481775326098, 'rate_power': 0.8314002482113391}. Best is trial 581 with value: 0.6109542079341689.
[I 2026-05-22 18:04:18,559] Trial 670 finished with value: 0.6061002054748883 and parameters: {'rain_shift': 1.7376477964628358, 'ign_k': 0.8631539511305071, 'rate_power': 0.8037095041658708}. Best is trial 581 with value: 0.6109542079341689.
[I 2026-05-22 18:04:18,908] Trial 671 finished with value: 0.580344167974512 and parameters: {'rain_shift': 2.780885373367953, 'ign_k': 1.800764238475005, 'rate_power': 0.8288327992708912}. Best is trial 581 with value: 0.6109542079341689.
[I 2026-05-22 18:04:19,259] Trial 672 finished with value: 0.6019660133985849 and parameters: {'rain_shift': 0.705637666715898, 'ign_k': 0.6847847937111754, 'rate_power': 0.7697525018720284}. Best is trial 581 with value: 0.6109542079341689.
[I 2026-05-22 18:04:19,610] Trial 673 finished with value: 0.5355188262011688 and parameters: {'rain_shift': 9.83509715711543, 'ign_k': 0.12061116524025801, 'rate_power': 1.2253067689558865}. Best is trial 581 with value: 0.6109542079341689.
[I 2026-05-22 18:04:19,958] Trial 674 finished with value: 0.5941149333226581 and parameters: {'rain_shift': 2.5572867226485956, 'ign_k': 0.8212975372534008, 'rate_power': 0.7784286483593796}. Best is trial 581 with value: 0.6109542079341689.
[I 2026-05-22 18:04:20,311] Trial 675 finished with value: 0.5982665694239037 and parameters: {'rain_shift': 2.3688413368786363, 'ign_k': 1.071614874261896, 'rate_power': 0.7078342985900331}. Best is trial 581 with value: 0.6109542079341689.
[I 2026-05-22 18:04:20,666] Trial 676 finished with value: 0.606893878983278 and parameters: {'rain_shift': 1.766703603348535, 'ign_k': 0.4047789784400279, 'rate_power': 0.7815491130945417}. Best is trial 581 with value: 0.6109542079341689.
[I 2026-05-22 18:04:21,017] Trial 677 finished with value: 0.6090745716782782 and parameters: {'rain_shift': 1.6054612872340235, 'ign_k': 0.7935976059376839, 'rate_power': 0.7657849712171387}. Best is trial 581 with value: 0.6109542079341689.
[I 2026-05-22 18:04:21,367] Trial 678 finished with value: 0.6073028978992449 and parameters: {'rain_shift': 2.091959547755781, 'ign_k': 0.4468323665575089, 'rate_power': 0.7966513764158305}. Best is trial 581 with value: 0.6109542079341689.
[I 2026-05-22 18:04:21,721] Trial 679 finished with value: 0.566737028919352 and parameters: {'rain_shift': 3.8926696730554964, 'ign_k': 0.207272468314332, 'rate_power': 1.1884941521665624}. Best is trial 581 with value: 0.6109542079341689.
[I 2026-05-22 18:04:22,074] Trial 680 finished with value: 0.5647918531099294 and parameters: {'rain_shift': 0.02497735317841121, 'ign_k': 0.29124711882437965, 'rate_power': 0.7055107425405044}. Best is trial 581 with value: 0.6109542079341689.
[I 2026-05-22 18:04:22,425] Trial 681 finished with value: 0.5860354308090031 and parameters: {'rain_shift': 0.06640407209245613, 'ign_k': 0.6969626340745957, 'rate_power': 0.7735275015365856}. Best is trial 581 with value: 0.6109542079341689.
[I 2026-05-22 18:04:22,775] Trial 682 finished with value: 0.6036812683864733 and parameters: {'rain_shift': 1.20253368210577, 'ign_k': 1.3494349416080769, 'rate_power': 0.7942643228368507}. Best is trial 581 with value: 0.6109542079341689.
[I 2026-05-22 18:04:23,126] Trial 683 finished with value: 0.593504641914668 and parameters: {'rain_shift': 3.1502991534080866, 'ign_k': 0.4962114660016724, 'rate_power': 0.7739988372843898}. Best is trial 581 with value: 0.6109542079341689.
[I 2026-05-22 18:04:23,482] Trial 684 finished with value: 0.5935910967543897 and parameters: {'rain_shift': 2.5591806481832178, 'ign_k': 0.7349843380548491, 'rate_power': 0.8174313393392598}. Best is trial 581 with value: 0.6109542079341689.
[I 2026-05-22 18:04:23,835] Trial 685 finished with value: 0.6080228263274721 and parameters: {'rain_shift': 2.075330655854799, 'ign_k': 0.5044792021013431, 'rate_power': 0.7967283272749658}. Best is trial 581 with value: 0.6109542079341689.
[I 2026-05-22 18:04:24,189] Trial 686 finished with value: 0.5950582884104689 and parameters: {'rain_shift': 1.7060100089769454, 'ign_k': 0.2785486465469051, 'rate_power': 0.779785207042525}. Best is trial 581 with value: 0.6109542079341689.
[I 2026-05-22 18:04:24,543] Trial 687 finished with value: 0.6046416864097436 and parameters: {'rain_shift': 2.1291166379502604, 'ign_k': 0.8914234797260827, 'rate_power': 0.7024881702771856}. Best is trial 581 with value: 0.6109542079341689.
[I 2026-05-22 18:04:24,898] Trial 688 finished with value: 0.6094245346986913 and parameters: {'rain_shift': 1.8110892946682786, 'ign_k': 0.6319135798121799, 'rate_power': 0.795930429932671}. Best is trial 581 with value: 0.6109542079341689.
[I 2026-05-22 18:04:25,247] Trial 689 finished with value: 0.5992692028267217 and parameters: {'rain_shift': 2.219558563673899, 'ign_k': 0.30463268738758686, 'rate_power': 0.7135903172851048}. Best is trial 581 with value: 0.6109542079341689.
[I 2026-05-22 18:04:25,600] Trial 690 finished with value: 0.6106432809679003 and parameters: {'rain_shift': 1.5572146335274009, 'ign_k': 0.6181485648289987, 'rate_power': 0.764635814516806}. Best is trial 581 with value: 0.6109542079341689.
[I 2026-05-22 18:04:25,948] Trial 691 finished with value: 0.6052895341665592 and parameters: {'rain_shift': 1.275191319553868, 'ign_k': 0.5203517560838586, 'rate_power': 0.7095753122601121}. Best is trial 581 with value: 0.6109542079341689.
[I 2026-05-22 18:04:26,303] Trial 692 finished with value: 0.6101658373137734 and parameters: {'rain_shift': 1.6170210237092977, 'ign_k': 0.624185689684419, 'rate_power': 0.7005083443813991}. Best is trial 581 with value: 0.6109542079341689.
[I 2026-05-22 18:04:26,649] Trial 693 finished with value: 0.604175344696907 and parameters: {'rain_shift': 1.0095440578193147, 'ign_k': 1.0840063742473713, 'rate_power': 0.8156678984240366}. Best is trial 581 with value: 0.6109542079341689.
[I 2026-05-22 18:04:26,997] Trial 694 finished with value: 0.5899585695531422 and parameters: {'rain_shift': 3.0563675659737246, 'ign_k': 0.6432261572200085, 'rate_power': 0.7865262865545803}. Best is trial 581 with value: 0.6109542079341689.
[I 2026-05-22 18:04:27,345] Trial 695 finished with value: 0.6069031255939064 and parameters: {'rain_shift': 1.324519214924736, 'ign_k': 0.8436543898496377, 'rate_power': 0.7015538670820349}. Best is trial 581 with value: 0.6109542079341689.
[I 2026-05-22 18:04:27,695] Trial 696 finished with value: 0.6086827945277025 and parameters: {'rain_shift': 1.2269899880582684, 'ign_k': 0.632555216678347, 'rate_power': 0.7749243565174344}. Best is trial 581 with value: 0.6109542079341689.
[I 2026-05-22 18:04:28,045] Trial 697 finished with value: 0.5876453081872803 and parameters: {'rain_shift': 2.718331047721213, 'ign_k': 1.1493504409680675, 'rate_power': 0.7680488337447038}. Best is trial 581 with value: 0.6109542079341689.
[I 2026-05-22 18:04:28,394] Trial 698 finished with value: 0.5890216347453006 and parameters: {'rain_shift': 3.43044509223896, 'ign_k': 0.694679344564893, 'rate_power': 0.709279459445478}. Best is trial 581 with value: 0.6109542079341689.
[I 2026-05-22 18:04:28,745] Trial 699 finished with value: 0.6015774786870177 and parameters: {'rain_shift': 1.1901048039629183, 'ign_k': 0.47480068304087836, 'rate_power': 0.7050523258863192}. Best is trial 581 with value: 0.6109542079341689.
[I 2026-05-22 18:04:29,094] Trial 700 finished with value: 0.6029247507876843 and parameters: {'rain_shift': 2.8003155728573597, 'ign_k': 0.3761861837749804, 'rate_power': 0.7174713756007394}. Best is trial 581 with value: 0.6109542079341689.
[I 2026-05-22 18:04:29,443] Trial 701 finished with value: 0.6027153403729113 and parameters: {'rain_shift': 1.7943228370248736, 'ign_k': 1.156492590742768, 'rate_power': 0.7857639166665891}. Best is trial 581 with value: 0.6109542079341689.
[I 2026-05-22 18:04:29,793] Trial 702 finished with value: 0.5942161822825811 and parameters: {'rain_shift': 0.44537810556712865, 'ign_k': 0.5303524373748411, 'rate_power': 0.7956553725491542}. Best is trial 581 with value: 0.6109542079341689.
[I 2026-05-22 18:04:30,144] Trial 703 finished with value: 0.5741480419438876 and parameters: {'rain_shift': 1.0138403759561583, 'ign_k': 0.09511786552170048, 'rate_power': 0.9640177015992234}. Best is trial 581 with value: 0.6109542079341689.
[I 2026-05-22 18:04:30,496] Trial 704 finished with value: 0.6045938752572387 and parameters: {'rain_shift': 1.8608719930608464, 'ign_k': 1.2592832805362784, 'rate_power': 0.7013567033940356}. Best is trial 581 with value: 0.6109542079341689.
[I 2026-05-22 18:04:30,846] Trial 705 finished with value: 0.6030226703587257 and parameters: {'rain_shift': 2.516762271546157, 'ign_k': 0.6935343677605539, 'rate_power': 0.7005073728219539}. Best is trial 581 with value: 0.6109542079341689.
[I 2026-05-22 18:04:31,196] Trial 706 finished with value: 0.5850922758440277 and parameters: {'rain_shift': 4.171435189370897, 'ign_k': 0.3555600622323623, 'rate_power': 0.7666581118618655}. Best is trial 581 with value: 0.6109542079341689.
[I 2026-05-22 18:04:31,546] Trial 707 finished with value: 0.6075661417852518 and parameters: {'rain_shift': 1.1172078342885483, 'ign_k': 0.5777279900593283, 'rate_power': 0.7848858394002176}. Best is trial 581 with value: 0.6109542079341689.
[I 2026-05-22 18:04:31,891] Trial 708 finished with value: 0.6079639129350948 and parameters: {'rain_shift': 2.0893172428872857, 'ign_k': 0.5890655902159528, 'rate_power': 0.763236806455177}. Best is trial 581 with value: 0.6109542079341689.
[I 2026-05-22 18:04:32,245] Trial 709 finished with value: 0.6022866036989158 and parameters: {'rain_shift': 2.350092856623734, 'ign_k': 0.34199817182238135, 'rate_power': 0.704329630293647}. Best is trial 581 with value: 0.6109542079341689.
[I 2026-05-22 18:04:32,599] Trial 710 finished with value: 0.6093754952728896 and parameters: {'rain_shift': 1.3516780136731101, 'ign_k': 0.7405794853677756, 'rate_power': 0.7919162909057041}. Best is trial 581 with value: 0.6109542079341689.
[I 2026-05-22 18:04:32,951] Trial 711 finished with value: 0.5814593724045459 and parameters: {'rain_shift': 0.3551130632987747, 'ign_k': 0.515410976854304, 'rate_power': 0.7074995204323178}. Best is trial 581 with value: 0.6109542079341689.
[I 2026-05-22 18:04:33,302] Trial 712 finished with value: 0.587721652848265 and parameters: {'rain_shift': 0.128899881672923, 'ign_k': 1.255099647153086, 'rate_power': 0.7186027894639417}. Best is trial 581 with value: 0.6109542079341689.
[I 2026-05-22 18:04:33,652] Trial 713 finished with value: 0.5986355913253918 and parameters: {'rain_shift': 1.0559982349654924, 'ign_k': 0.3903042089003666, 'rate_power': 0.7707127211708532}. Best is trial 581 with value: 0.6109542079341689.
[I 2026-05-22 18:04:34,003] Trial 714 finished with value: 0.6111263465847875 and parameters: {'rain_shift': 1.8584561329682763, 'ign_k': 0.6241606715796371, 'rate_power': 0.700475533169256}. Best is trial 714 with value: 0.6111263465847875.
[I 2026-05-22 18:04:34,354] Trial 715 finished with value: 0.5929172728748221 and parameters: {'rain_shift': 3.0593359898128774, 'ign_k': 0.5271671603673063, 'rate_power': 0.7919196704186326}. Best is trial 714 with value: 0.6111263465847875.
