[I 2026-05-22 17:47:41,921] Trial 299 finished with value: 0.47304755902746765 and parameters: {'k1': 0.00102881407702175, 'D_low': 1434.156453004347, 'k2': 0.06663519814567086, 'D_high': 1695.3497695699634, 'fire_exp': 0.6709787484446449, 'P_half': 15.821600308710712, 'pre_dampen_half': 3.440758453093935, 'gpp_af': 2.8235509760942077, 'gpp_b': 3.908598012528627e-05, 'gpp_d': 0.7072501849846738, 'ign_k': 4.055925250184206, 'ign_c': 24.519795531222716}. Best is trial 0 with value: 0.6103502735484728.
[I 2026-05-22 17:47:42,351] Trial 300 finished with value: 0.5834475265925008 and parameters: {'k1': 0.05245496017655753, 'D_low': 132.68416659493946, 'k2': 0.0006950424942421425, 'D_high': 87824.26301446681, 'fire_exp': 0.47552749320205734, 'P_half': 71.19306465680856, 'pre_dampen_half': 0.19043986041180958, 'gpp_af': 4.241939297464987, 'gpp_b': 0.0028878087784416136, 'gpp_d': 44.62580812081281, 'ign_k': 7.627407354679616, 'ign_c': 11.68813355032517}. Best is trial 0 with value: 0.6103502735484728.
[I 2026-05-22 17:47:42,778] Trial 301 finished with value: 0.3994490055432051 and parameters: {'k1': 0.03317257203363143, 'D_low': 117.29656390760034, 'k2': 0.00027044483466622703, 'D_high': 48195.29228886357, 'fire_exp': 0.37022226348160725, 'P_half': 62.2398152457228, 'pre_dampen_half': 0.3517818728135746, 'gpp_af': 0.017223239115573354, 'gpp_b': 0.00030795269886059787, 'gpp_d': 4.840621494675798, 'ign_k': 2.073662628724109, 'ign_c': 67.60651092513017}. Best is trial 0 with value: 0.6103502735484728.
[I 2026-05-22 17:47:43,209] Trial 302 finished with value: 0.4577250957345739 and parameters: {'k1': 0.0020228974640131296, 'D_low': 9146.391820055684, 'k2': 0.00825834237637644, 'D_high': 1799.9853284698986, 'fire_exp': 0.6476865383945696, 'P_half': 0.9531011456810836, 'pre_dampen_half': 1.0647515610235443, 'gpp_af': 2.674695261628527, 'gpp_b': 1.0033702361716565e-06, 'gpp_d': 4.4862727978224894, 'ign_k': 7.376810758661926, 'ign_c': 3.3817013892599466}. Best is trial 0 with value: 0.6103502735484728.
[I 2026-05-22 17:47:43,638] Trial 303 finished with value: 0.585726428136115 and parameters: {'k1': 0.07651130140623986, 'D_low': 32.58783182112802, 'k2': 0.00018465907045791353, 'D_high': 24143.092190675692, 'fire_exp': 0.4356808188867446, 'P_half': 48.64372218785037, 'pre_dampen_half': 0.29369712471726567, 'gpp_af': 1.747700429223611, 'gpp_b': 0.003521628556336988, 'gpp_d': 769.0610168968291, 'ign_k': 7.717730435172332, 'ign_c': 11.879549667723781}. Best is trial 0 with value: 0.6103502735484728.
[I 2026-05-22 17:47:44,067] Trial 304 finished with value: 0.45910926814525854 and parameters: {'k1': 0.050226293601252144, 'D_low': 697.0680884885298, 'k2': 0.00017235582306055885, 'D_high': 35450.753775451376, 'fire_exp': 0.4947262446884126, 'P_half': 3499.244659689933, 'pre_dampen_half': 0.14030184313200078, 'gpp_af': 22.807605863662825, 'gpp_b': 0.37965295198648485, 'gpp_d': 27.083613945719303, 'ign_k': 2.4379165566363237, 'ign_c': 3.4841040062231086}. Best is trial 0 with value: 0.6103502735484728.
[I 2026-05-22 17:47:44,496] Trial 305 finished with value: 0.5588472350825351 and parameters: {'k1': 0.044525653293221945, 'D_low': 261.7683405588886, 'k2': 0.0013408042969872299, 'D_high': 9133.534123749516, 'fire_exp': 0.5451144656957699, 'P_half': 9.73764471971034, 'pre_dampen_half': 0.2511711585795371, 'gpp_af': 3.3972040237147576, 'gpp_b': 0.013312842124292108, 'gpp_d': 11.04310848793401, 'ign_k': 8.938120572136523, 'ign_c': 7.96874599846827}. Best is trial 0 with value: 0.6103502735484728.
[I 2026-05-22 17:47:44,926] Trial 306 finished with value: 0.3994490055432051 and parameters: {'k1': 0.001626946059248935, 'D_low': 71.02278807540532, 'k2': 0.00034493741632308665, 'D_high': 50934.47930541354, 'fire_exp': 0.3925127988337735, 'P_half': 289.4065695591441, 'pre_dampen_half': 1.0603626343313204, 'gpp_af': 4.779482685550735, 'gpp_b': 0.003017288200105502, 'gpp_d': 462.22688656515976, 'ign_k': 1.4336762524390796, 'ign_c': 72.43239561717728}. Best is trial 0 with value: 0.6103502735484728.
[I 2026-05-22 17:47:45,357] Trial 307 finished with value: 0.3978200212686938 and parameters: {'k1': 1.6339577252236626e-05, 'D_low': 10.840387786341358, 'k2': 0.011782843030108682, 'D_high': 1717.569521675947, 'fire_exp': 0.43160426518966577, 'P_half': 0.31427095980620934, 'pre_dampen_half': 0.3796686307198089, 'gpp_af': 3.7224284591798926, 'gpp_b': 6.811105545530272e-05, 'gpp_d': 5.159859019345356, 'ign_k': 0.377765570021232, 'ign_c': 131.68621129144168}. Best is trial 0 with value: 0.6103502735484728.
[I 2026-05-22 17:47:45,793] Trial 308 finished with value: 0.5896722929356474 and parameters: {'k1': 0.024291430186234222, 'D_low': 162.1387090086394, 'k2': 0.012725045807733629, 'D_high': 802.8052512954456, 'fire_exp': 0.7169439025751548, 'P_half': 5.062776405760374, 'pre_dampen_half': 4.822021206546042, 'gpp_af': 0.06807737461735294, 'gpp_b': 1.7121234195975413e-06, 'gpp_d': 820.8856142955085, 'ign_k': 0.7017368456521083, 'ign_c': 12.42178032570779}. Best is trial 0 with value: 0.6103502735484728.
[I 2026-05-22 17:47:46,226] Trial 309 finished with value: 0.4470720972142068 and parameters: {'k1': 0.00343925888484703, 'D_low': 110.26013820749803, 'k2': 0.007335135292078871, 'D_high': 18141.130086327128, 'fire_exp': 1.6559570893685227, 'P_half': 2262.2667060536974, 'pre_dampen_half': 380.2870108592318, 'gpp_af': 0.0857244885980506, 'gpp_b': 1.088230827807602e-06, 'gpp_d': 240.94955952711385, 'ign_k': 0.3748245813072821, 'ign_c': 27.39571136219373}. Best is trial 0 with value: 0.6103502735484728.
[I 2026-05-22 17:47:46,660] Trial 310 finished with value: 0.5609935910592772 and parameters: {'k1': 0.09575178516500372, 'D_low': 35.65992298023366, 'k2': 0.0004689224773054022, 'D_high': 3410.1696384026673, 'fire_exp': 0.432246999874669, 'P_half': 8.438330962195085, 'pre_dampen_half': 0.076600036141017, 'gpp_af': 7.40298456746192, 'gpp_b': 0.027753778013276435, 'gpp_d': 763.8148165271157, 'ign_k': 7.568200363325356, 'ign_c': 6.742925224344807}. Best is trial 0 with value: 0.6103502735484728.
[I 2026-05-22 17:47:47,095] Trial 311 finished with value: 0.4579930686256039 and parameters: {'k1': 0.00498926946828932, 'D_low': 5.402708486130951, 'k2': 0.00015145257767416444, 'D_high': 67757.61384218112, 'fire_exp': 0.5116913489371331, 'P_half': 427.36191123453085, 'pre_dampen_half': 0.11528921246796892, 'gpp_af': 45.94074318328593, 'gpp_b': 5.0927724533121965e-06, 'gpp_d': 42.72799761323063, 'ign_k': 0.1357740417973896, 'ign_c': 225.43103838570818}. Best is trial 0 with value: 0.6103502735484728.
[I 2026-05-22 17:47:47,529] Trial 312 finished with value: 0.3889993992387324 and parameters: {'k1': 0.015224060041528951, 'D_low': 4.032631758268049, 'k2': 0.0008297338669718329, 'D_high': 26943.21713260307, 'fire_exp': 0.5151097508638413, 'P_half': 9.907596130533298, 'pre_dampen_half': 17.479708097975283, 'gpp_af': 45.99125091103864, 'gpp_b': 0.054598533469163595, 'gpp_d': 135.13515244519058, 'ign_k': 8.602364706651272, 'ign_c': 34.89618569960445}. Best is trial 0 with value: 0.6103502735484728.
[I 2026-05-22 17:47:47,964] Trial 313 finished with value: 0.5660632969945424 and parameters: {'k1': 0.03592995061667781, 'D_low': 11.289765432871027, 'k2': 0.00018623488115863864, 'D_high': 95996.71482343516, 'fire_exp': 0.377013833892704, 'P_half': 1030.1470000921704, 'pre_dampen_half': 0.22590301518709702, 'gpp_af': 7.223585324865984, 'gpp_b': 0.02168721294247854, 'gpp_d': 93.48779225048959, 'ign_k': 5.555344016470955, 'ign_c': 2.035931215755609}. Best is trial 0 with value: 0.6103502735484728.
[I 2026-05-22 17:47:48,400] Trial 314 finished with value: 0.5487270985582138 and parameters: {'k1': 0.00014805920849254194, 'D_low': 2528.4407088628386, 'k2': 0.028079275390977404, 'D_high': 13922.819773791747, 'fire_exp': 0.6717362940551989, 'P_half': 0.5146536070703852, 'pre_dampen_half': 21.7551552549807, 'gpp_af': 0.728058707096311, 'gpp_b': 1.3586060896451798e-05, 'gpp_d': 32.605342273090876, 'ign_k': 5.753348981783622, 'ign_c': 8.787676918805497}. Best is trial 0 with value: 0.6103502735484728.
[I 2026-05-22 17:47:48,841] Trial 315 finished with value: 0.45077031170316284 and parameters: {'k1': 0.01782167598363108, 'D_low': 80.80306955023134, 'k2': 0.0088386661572157, 'D_high': 110.12377235208223, 'fire_exp': 0.9657984116317293, 'P_half': 5.212500120155147, 'pre_dampen_half': 3.921450635644109, 'gpp_af': 0.04939336705669107, 'gpp_b': 5.156977998034961e-06, 'gpp_d': 263.1486656947825, 'ign_k': 0.17905076852124543, 'ign_c': 46.751615995093786}. Best is trial 0 with value: 0.6103502735484728.
[I 2026-05-22 17:47:49,278] Trial 316 finished with value: 0.565070268430647 and parameters: {'k1': 0.03331573956054083, 'D_low': 62.00848854727124, 'k2': 0.0009846342529434612, 'D_high': 36652.82552562392, 'fire_exp': 0.4460103790649459, 'P_half': 6.7814174299466545, 'pre_dampen_half': 0.8549772948077338, 'gpp_af': 26.593526848672003, 'gpp_b': 0.004476428033191251, 'gpp_d': 66.04942581387789, 'ign_k': 2.921511972746324, 'ign_c': 1.0554945355269258}. Best is trial 0 with value: 0.6103502735484728.
[I 2026-05-22 17:47:49,709] Trial 317 finished with value: 0.5570247914808221 and parameters: {'k1': 0.06011981843084884, 'D_low': 8.708464471966865, 'k2': 6.598090060224533e-05, 'D_high': 1140.3344678092096, 'fire_exp': 0.3929220269644025, 'P_half': 59.07939515125088, 'pre_dampen_half': 3.075724612975513, 'gpp_af': 0.2837655664430509, 'gpp_b': 0.001185953757727452, 'gpp_d': 17.766708168018315, 'ign_k': 0.27701421736629017, 'ign_c': 3.8283229971124237}. Best is trial 0 with value: 0.6103502735484728.
[I 2026-05-22 17:47:50,144] Trial 318 finished with value: 0.5809289864166947 and parameters: {'k1': 0.013813143608067171, 'D_low': 341.8209653577692, 'k2': 0.0035621946401414653, 'D_high': 1734.3652587380325, 'fire_exp': 0.5819791933960797, 'P_half': 58.420029245677775, 'pre_dampen_half': 5.032749528438438, 'gpp_af': 0.002773874746559879, 'gpp_b': 1.1978812915374062e-06, 'gpp_d': 168.1173723813353, 'ign_k': 1.0113823613605244, 'ign_c': 12.344104095817922}. Best is trial 0 with value: 0.6103502735484728.
[I 2026-05-22 17:47:50,576] Trial 319 finished with value: 0.5745929753505576 and parameters: {'k1': 0.02672627763677264, 'D_low': 103.43632359347659, 'k2': 0.004085263273775, 'D_high': 5251.312356224014, 'fire_exp': 0.6692012496157739, 'P_half': 156.52589580118592, 'pre_dampen_half': 0.5866474133016721, 'gpp_af': 0.0024671797719669278, 'gpp_b': 3.624075936367937e-06, 'gpp_d': 112.36145431948859, 'ign_k': 0.2825491700779161, 'ign_c': 7.673174415428708}. Best is trial 0 with value: 0.6103502735484728.
[I 2026-05-22 17:47:51,013] Trial 320 finished with value: 0.3994490055432051 and parameters: {'k1': 0.0010400349377973539, 'D_low': 1329.481937130608, 'k2': 0.02309947014259066, 'D_high': 40.82734463642991, 'fire_exp': 0.3527120205016284, 'P_half': 2.630674568278401, 'pre_dampen_half': 2.189652271714052, 'gpp_af': 71.64177634302777, 'gpp_b': 1.2030887380738423e-05, 'gpp_d': 6.8566872792433715, 'ign_k': 1.3878441049007637, 'ign_c': 178.40388735693662}. Best is trial 0 with value: 0.6103502735484728.
[I 2026-05-22 17:47:51,444] Trial 321 finished with value: 0.5749983834829633 and parameters: {'k1': 0.011746281585333024, 'D_low': 119.66353462917355, 'k2': 0.0001239481828024571, 'D_high': 34498.23660899022, 'fire_exp': 0.7883959147461942, 'P_half': 293.4868354842854, 'pre_dampen_half': 1.5081515553594758, 'gpp_af': 7.259836348402487, 'gpp_b': 1.1297170394405703e-06, 'gpp_d': 21.389937838606958, 'ign_k': 2.4234909614360327, 'ign_c': 4.718866184866881}. Best is trial 0 with value: 0.6103502735484728.
[I 2026-05-22 17:47:51,876] Trial 322 finished with value: 0.44291541614312524 and parameters: {'k1': 0.003949362921273723, 'D_low': 82.0941334945784, 'k2': 0.016681444771124966, 'D_high': 1257.1030947185282, 'fire_exp': 8.683964726240552, 'P_half': 1273.3640667663244, 'pre_dampen_half': 114.63135130184062, 'gpp_af': 0.042744165329430026, 'gpp_b': 0.002598901303583959, 'gpp_d': 57.174938088555116, 'ign_k': 0.009396802510474657, 'ign_c': 2.3493137260284316}. Best is trial 0 with value: 0.6103502735484728.
[I 2026-05-22 17:47:52,312] Trial 323 finished with value: 0.48377696702657746 and parameters: {'k1': 4.124543553957829e-05, 'D_low': 2.5951921227647983, 'k2': 0.020398450744415726, 'D_high': 441.3655166890905, 'fire_exp': 0.5619531076722443, 'P_half': 0.14987826666279508, 'pre_dampen_half': 2.481764190219044, 'gpp_af': 72.37496763624146, 'gpp_b': 0.0002821404157657593, 'gpp_d': 9.28766839559334, 'ign_k': 0.9074401836860599, 'ign_c': 4.386393518846139}. Best is trial 0 with value: 0.6103502735484728.
[I 2026-05-22 17:47:52,745] Trial 324 finished with value: 0.56842803417332 and parameters: {'k1': 0.006834967792342857, 'D_low': 105.89783746157151, 'k2': 0.03096597842528441, 'D_high': 2807.290631493175, 'fire_exp': 0.48749439925601407, 'P_half': 6.8004782252492175, 'pre_dampen_half': 2.6012346454258677, 'gpp_af': 0.08280624484933491, 'gpp_b': 3.724866624911599e-05, 'gpp_d': 754.8600374236315, 'ign_k': 0.1008209846539286, 'ign_c': 10.673722868106337}. Best is trial 0 with value: 0.6103502735484728.
[I 2026-05-22 17:47:53,179] Trial 325 finished with value: 0.44948147909438313 and parameters: {'k1': 0.00018291134210553656, 'D_low': 12.984178775573838, 'k2': 0.03473166608840789, 'D_high': 709.8694782035705, 'fire_exp': 1.331151080727252, 'P_half': 0.12062745983047354, 'pre_dampen_half': 35.1939918571356, 'gpp_af': 0.34882811910872075, 'gpp_b': 1.0509750306200983e-05, 'gpp_d': 0.029656219691344764, 'ign_k': 0.07172067197178991, 'ign_c': 80.34821177415321}. Best is trial 0 with value: 0.6103502735484728.
[I 2026-05-22 17:47:53,614] Trial 326 finished with value: 0.3994490055432051 and parameters: {'k1': 0.004123961360773623, 'D_low': 231.11735008569448, 'k2': 0.012776767422554212, 'D_high': 6373.997506167712, 'fire_exp': 0.3779534665663116, 'P_half': 88.50698800260255, 'pre_dampen_half': 13.244132236509483, 'gpp_af': 0.002140972217346398, 'gpp_b': 5.258085189363169e-06, 'gpp_d': 90.81472242751396, 'ign_k': 7.726722442900837, 'ign_c': 163.00822038400054}. Best is trial 0 with value: 0.6103502735484728.
[I 2026-05-22 17:47:54,045] Trial 327 finished with value: 0.5808209311044109 and parameters: {'k1': 0.006201495258108796, 'D_low': 122.87291525605941, 'k2': 0.04610887779261139, 'D_high': 5854.612325920248, 'fire_exp': 1.0839360996835103, 'P_half': 31.73492614324316, 'pre_dampen_half': 3.0135578132172465, 'gpp_af': 0.0193905008422564, 'gpp_b': 2.036205916982143e-06, 'gpp_d': 409.46374998655506, 'ign_k': 1.031670771286665, 'ign_c': 10.923962684114125}. Best is trial 0 with value: 0.6103502735484728.
[I 2026-05-22 17:47:54,476] Trial 328 finished with value: 0.584773596325093 and parameters: {'k1': 0.0297914574773628, 'D_low': 4.218768699666781, 'k2': 7.873426026521191e-05, 'D_high': 4362.289997037291, 'fire_exp': 0.45025369224207795, 'P_half': 110.9774564189443, 'pre_dampen_half': 0.7446093890299931, 'gpp_af': 2.7995568576238212, 'gpp_b': 2.258605370644334e-05, 'gpp_d': 94.13267418989233, 'ign_k': 2.384047096621458, 'ign_c': 13.050881897665255}. Best is trial 0 with value: 0.6103502735484728.
[I 2026-05-22 17:47:54,906] Trial 329 finished with value: 0.39944249824239153 and parameters: {'k1': 0.006520217851736374, 'D_low': 7075.593588572003, 'k2': 0.013082459480878604, 'D_high': 4821.920001464324, 'fire_exp': 0.8557791272789383, 'P_half': 118.17071203944538, 'pre_dampen_half': 0.27022959657547907, 'gpp_af': 0.0010595216893526437, 'gpp_b': 2.2101932577999566e-05, 'gpp_d': 8.187749379248523, 'ign_k': 1.49786704394378, 'ign_c': 36.69620195686056}. Best is trial 0 with value: 0.6103502735484728.
[I 2026-05-22 17:47:55,336] Trial 330 finished with value: 0.6058297728081051 and parameters: {'k1': 0.026527818858343447, 'D_low': 221.86339890783023, 'k2': 0.002985990263585219, 'D_high': 2380.7775761158327, 'fire_exp': 0.36692515299101724, 'P_half': 1.813113620698944, 'pre_dampen_half': 0.6554782595454272, 'gpp_af': 0.012305717466729827, 'gpp_b': 2.940371434170878e-06, 'gpp_d': 381.0477257644113, 'ign_k': 5.529734807718715, 'ign_c': 19.07677318437497}. Best is trial 0 with value: 0.6103502735484728.
[I 2026-05-22 17:47:55,767] Trial 331 finished with value: 0.6049458222250927 and parameters: {'k1': 0.004191078239249703, 'D_low': 164.37938990761089, 'k2': 0.006019079019686097, 'D_high': 4992.604816074018, 'fire_exp': 0.3937470093772971, 'P_half': 0.15155398909014814, 'pre_dampen_half': 1.9958412904567056, 'gpp_af': 0.0012878266715079297, 'gpp_b': 2.0279813606050683e-06, 'gpp_d': 389.1959863681324, 'ign_k': 0.9982097990614104, 'ign_c': 21.630565367154293}. Best is trial 0 with value: 0.6103502735484728.
[I 2026-05-22 17:47:56,197] Trial 332 finished with value: 0.3994490055432051 and parameters: {'k1': 0.01026782729775405, 'D_low': 184.98723838868398, 'k2': 0.005734660203543343, 'D_high': 13614.811990118076, 'fire_exp': 0.4450269337548578, 'P_half': 1.0550076300309759, 'pre_dampen_half': 0.3498010400464339, 'gpp_af': 0.0038817540345695597, 'gpp_b': 2.8196744867048943e-06, 'gpp_d': 199.36019207150522, 'ign_k': 1.6405086079943556, 'ign_c': 463.5653239864933}. Best is trial 0 with value: 0.6103502735484728.
[I 2026-05-22 17:47:56,628] Trial 333 finished with value: 0.5741383057380594 and parameters: {'k1': 0.024050223595081376, 'D_low': 9.900162808082369, 'k2': 1.3751098974895932e-05, 'D_high': 1427.5965169205474, 'fire_exp': 0.4225761786566368, 'P_half': 122.49026115279581, 'pre_dampen_half': 0.33335186738148337, 'gpp_af': 2.694420664647805, 'gpp_b': 0.0009469496072901952, 'gpp_d': 326.645263927149, 'ign_k': 2.2335198098844833, 'ign_c': 21.901746846370386}. Best is trial 0 with value: 0.6103502735484728.
[I 2026-05-22 17:47:57,059] Trial 334 finished with value: 0.42300510148457704 and parameters: {'k1': 0.07746499940112664, 'D_low': 4914.170075982634, 'k2': 0.0014594117398811228, 'D_high': 31631.918190630066, 'fire_exp': 0.35345638976649185, 'P_half': 437.20976798711644, 'pre_dampen_half': 0.06221109114107421, 'gpp_af': 1.3214323229344673, 'gpp_b': 0.00652133791024082, 'gpp_d': 318.93105943630957, 'ign_k': 1.7745181846677955, 'ign_c': 7.70909598051039}. Best is trial 0 with value: 0.6103502735484728.
[I 2026-05-22 17:47:57,489] Trial 335 finished with value: 0.436858921475463 and parameters: {'k1': 0.017162113869189217, 'D_low': 156.16706588501253, 'k2': 0.0011869524158462294, 'D_high': 1323.4087084250816, 'fire_exp': 0.8478592289538954, 'P_half': 9.628118978164148, 'pre_dampen_half': 1.2284100961879212, 'gpp_af': 0.003079722525297136, 'gpp_b': 4.292676326539199e-06, 'gpp_d': 308.2728025139006, 'ign_k': 2.584336755119482, 'ign_c': 30.350342562041362}. Best is trial 0 with value: 0.6103502735484728.
[I 2026-05-22 17:47:57,919] Trial 336 finished with value: 0.4859085152761705 and parameters: {'k1': 0.007744680299725534, 'D_low': 869.6519809195319, 'k2': 0.05639558765962151, 'D_high': 1034.23865969411, 'fire_exp': 0.46435948437233737, 'P_half': 2.4635728774474863, 'pre_dampen_half': 0.22402005710799971, 'gpp_af': 0.028327755350024613, 'gpp_b': 1.8294175714505816e-06, 'gpp_d': 568.0391029730573, 'ign_k': 6.256403086428351, 'ign_c': 6.098921477882519}. Best is trial 0 with value: 0.6103502735484728.
[I 2026-05-22 17:47:58,351] Trial 337 finished with value: 0.4882398003195757 and parameters: {'k1': 0.04404456216643107, 'D_low': 622.9675486297565, 'k2': 0.002458198672079619, 'D_high': 504.98771719865925, 'fire_exp': 0.4461156784146596, 'P_half': 0.7074761670717099, 'pre_dampen_half': 2.6186816357500438, 'gpp_af': 0.02329653476770562, 'gpp_b': 2.6061728530969554e-06, 'gpp_d': 29.720936751942766, 'ign_k': 0.9686256639369131, 'ign_c': 4.176491628050201}. Best is trial 0 with value: 0.6103502735484728.
[I 2026-05-22 17:47:58,779] Trial 338 finished with value: 0.5568788963512742 and parameters: {'k1': 0.010532018751390619, 'D_low': 3.443530933533173, 'k2': 1.1674074435228266e-05, 'D_high': 1631.3909889393524, 'fire_exp': 0.571509540667302, 'P_half': 145.72039107815812, 'pre_dampen_half': 0.340553577220298, 'gpp_af': 4.205554144002227, 'gpp_b': 1.1715125413821093e-06, 'gpp_d': 61.934968383876864, 'ign_k': 1.1982463834551504, 'ign_c': 3.1523251575890594}. Best is trial 0 with value: 0.6103502735484728.
[I 2026-05-22 17:47:59,208] Trial 339 finished with value: 0.5568482983262992 and parameters: {'k1': 0.012690368322703276, 'D_low': 37.09970002910901, 'k2': 0.005579614538447566, 'D_high': 1240.7556609440458, 'fire_exp': 0.45511370190582234, 'P_half': 0.2510063165811805, 'pre_dampen_half': 0.1632349116534039, 'gpp_af': 0.0019486455651038098, 'gpp_b': 1.3690711685164617e-05, 'gpp_d': 804.9632157810256, 'ign_k': 0.14785544618744162, 'ign_c': 3.548725376143151}. Best is trial 0 with value: 0.6103502735484728.
[I 2026-05-22 17:47:59,637] Trial 340 finished with value: 0.5526650679187709 and parameters: {'k1': 0.0007453455404963102, 'D_low': 16.190004785844188, 'k2': 0.012835473985854459, 'D_high': 2682.5868290033063, 'fire_exp': 0.3682205952805534, 'P_half': 0.1116177443008074, 'pre_dampen_half': 4.624085512048154, 'gpp_af': 0.0014234044719517404, 'gpp_b': 1.1381787468199446e-05, 'gpp_d': 200.67742927415588, 'ign_k': 3.385753350787579, 'ign_c': 3.4652485046453325}. Best is trial 0 with value: 0.6103502735484728.
[I 2026-05-22 17:48:00,068] Trial 341 finished with value: 0.42261605024057375 and parameters: {'k1': 0.08735572439352172, 'D_low': 1001.5700302213634, 'k2': 0.0010541200487165965, 'D_high': 902.6141848714725, 'fire_exp': 0.5023371141781885, 'P_half': 8.034622555412493, 'pre_dampen_half': 0.14851630634078458, 'gpp_af': 0.017242928204111458, 'gpp_b': 9.851472548359508e-06, 'gpp_d': 442.2306142784371, 'ign_k': 5.1685398881724725, 'ign_c': 23.69867723906903}. Best is trial 0 with value: 0.6103502735484728.
