[setup] family=base_refit model=ED-C1-base_refit trials=500 cap=5.0
[setup] land cells=13826
[baseline internal] 0.6103502735484728 {'overall': 0.6295495002593263, 'bias': 0.7070857028352947, 'rmse': 0.3790544420749578, 'seas': 0.8506061694600666, 'spatial': 0.7544105422753865}
/Users/adithyasrinivasan/Projects/creativity-docs/exp-workspaces/exp_04/hermes/base/scripts/research_model_variants.py:168: ExperimentalWarning: Argument ``multivariate`` is an experimental feature. The interface can change in the future.
  sampler=optuna.samplers.TPESampler(seed=SEED, multivariate=True)
[I 2026-05-22 17:45:31,743] A new study created in memory with name: no-name-75d91d83-e66c-45ba-921a-5989ce9b9db7
[I 2026-05-22 17:45:32,168] Trial 0 finished with value: 0.6103502735484728 and parameters: {'k1': 0.02128012643297453, 'D_low': 33.107928264466416, 'k2': 0.0032479995010666245, 'D_high': 3020.3711370643746, 'fire_exp': 0.5746291131439772, 'P_half': 3.1845074798114754, 'pre_dampen_half': 5.714386941567207, 'gpp_af': 0.4621796973523708, 'gpp_b': 5.190713720036356e-05, 'gpp_d': 128.62113841235993, 'ign_k': 0.8146117322506592, 'ign_c': 20.126441845162326}. Best is trial 0 with value: 0.6103502735484728.
[I 2026-05-22 17:45:32,603] Trial 1 finished with value: 0.3994490055432051 and parameters: {'k1': 0.0024588177508408663, 'D_low': 505.76365554531026, 'k2': 0.00015744430785460893, 'D_high': 8374.542128252584, 'fire_exp': 2.4359771925544855, 'P_half': 1109.4004765669947, 'pre_dampen_half': 0.06858711268769915, 'gpp_af': 0.036368454253018066, 'gpp_b': 0.0003202734055529712, 'gpp_d': 2.875653106184188, 'ign_k': 0.09136775591903566, 'ign_c': 378.1286205477457}. Best is trial 0 with value: 0.6103502735484728.
[I 2026-05-22 17:45:33,027] Trial 2 finished with value: 0.3994490055432051 and parameters: {'k1': 5.365894151678177e-05, 'D_low': 27.838660872937044, 'k2': 0.01747293419937451, 'D_high': 215.66879828807723, 'fire_exp': 1.993538627907977, 'P_half': 2.0328302718605062, 'pre_dampen_half': 0.045148201353201696, 'gpp_af': 0.004093416523081071, 'gpp_b': 0.007271121633250796, 'gpp_d': 0.014025505847489845, 'ign_k': 0.25769173151438346, 'ign_c': 100.81597032227586}. Best is trial 0 with value: 0.6103502735484728.
[I 2026-05-22 17:45:33,454] Trial 3 finished with value: 0.41244575725578353 and parameters: {'k1': 9.914775233481386e-05, 'D_low': 6.176052321048419, 'k2': 0.001976169716731974, 'D_high': 40475.635693935226, 'fire_exp': 1.9753499760051285, 'P_half': 10.138955286679346, 'pre_dampen_half': 3.867664097427877, 'gpp_af': 48.635721851245904, 'gpp_b': 0.8971344631423644, 'gpp_d': 0.07542490832418942, 'ign_k': 0.12002634080113711, 'ign_c': 10.545262812100468}. Best is trial 0 with value: 0.6103502735484728.
[I 2026-05-22 17:45:33,879] Trial 4 finished with value: 0.3994490055432051 and parameters: {'k1': 0.0002478799720416602, 'D_low': 1.9203087181450054, 'k2': 0.002013390570837118, 'D_high': 404.4369308675688, 'fire_exp': 7.430642317261293, 'P_half': 1107.7137808325863, 'pre_dampen_half': 0.04573876568460597, 'gpp_af': 3.75251199052388, 'gpp_b': 0.0002670794070603811, 'gpp_d': 11.804767918631493, 'ign_k': 0.014124026947018913, 'ign_c': 875.5457444242021}. Best is trial 0 with value: 0.6103502735484728.
[I 2026-05-22 17:45:34,307] Trial 5 finished with value: 0.3994490055432051 and parameters: {'k1': 0.00012270230055608992, 'D_low': 1894.8117641863741, 'k2': 0.0025007103253156964, 'D_high': 7617.616207511062, 'fire_exp': 8.741399403947362, 'P_half': 0.29126346068722625, 'pre_dampen_half': 1.894747627558692, 'gpp_af': 25.86671019125769, 'gpp_b': 0.0765467843050798, 'gpp_d': 0.40387076593248833, 'ign_k': 0.028129836988872694, 'ign_c': 86.01017396593292}. Best is trial 0 with value: 0.6103502735484728.
[I 2026-05-22 17:45:34,733] Trial 6 finished with value: 0.4455305617988013 and parameters: {'k1': 0.003091502396447573, 'D_low': 7.466686421197132, 'k2': 0.08527451688403793, 'D_high': 399.23085785084095, 'fire_exp': 3.8653168963886637, 'P_half': 3.357197075663301, 'pre_dampen_half': 17.616627704863603, 'gpp_af': 0.07413536435942016, 'gpp_b': 0.0003693856317097853, 'gpp_d': 0.01337437528150829, 'ign_k': 0.024675511729869506, 'ign_c': 8.927256852289704}. Best is trial 0 with value: 0.6103502735484728.
[I 2026-05-22 17:45:35,159] Trial 7 finished with value: 0.5340289517322305 and parameters: {'k1': 0.00036131381929113546, 'D_low': 28.620693232126097, 'k2': 0.0009336551192696594, 'D_high': 13.952131994901318, 'fire_exp': 0.7453096211318561, 'P_half': 0.4700314642501023, 'pre_dampen_half': 100.18594430264774, 'gpp_af': 2.3997234032781254, 'gpp_b': 8.790079657650128e-06, 'gpp_d': 4.598366548884402, 'ign_k': 1.1907475153590052, 'ign_c': 1.5924568929521055}. Best is trial 0 with value: 0.6103502735484728.
[I 2026-05-22 17:45:35,586] Trial 8 finished with value: 0.437403507485152 and parameters: {'k1': 0.0004363114144298454, 'D_low': 34.14233119708818, 'k2': 0.08040804735898477, 'D_high': 1419.802120125038, 'fire_exp': 7.407741914034378, 'P_half': 0.8052554883941644, 'pre_dampen_half': 0.25862332121314435, 'gpp_af': 0.0025577142056836762, 'gpp_b': 5.805679632774964e-06, 'gpp_d': 10.127466306065491, 'ign_k': 0.6925100525033566, 'ign_c': 1.9087739945768285}. Best is trial 0 with value: 0.6103502735484728.
[I 2026-05-22 17:45:36,016] Trial 9 finished with value: 0.4347920649609325 and parameters: {'k1': 0.00833593101749036, 'D_low': 1936.9989484335467, 'k2': 0.0005169536281081815, 'D_high': 52.759470501600276, 'fire_exp': 0.48673218135072294, 'P_half': 165.40119030486798, 'pre_dampen_half': 24.87614160906338, 'gpp_af': 0.5270651879009507, 'gpp_b': 0.0003562777418582088, 'gpp_d': 0.026821013073470117, 'ign_k': 0.005720483390846643, 'ign_c': 825.4194309617649}. Best is trial 0 with value: 0.6103502735484728.
[I 2026-05-22 17:45:36,445] Trial 10 finished with value: 0.3993624882775254 and parameters: {'k1': 0.0025922170631650396, 'D_low': 92.90182168828431, 'k2': 0.00040590462333035034, 'D_high': 3373.6502624106656, 'fire_exp': 0.794254861626808, 'P_half': 6.701458495736187, 'pre_dampen_half': 127.84793453247804, 'gpp_af': 0.37688516973944636, 'gpp_b': 0.027410139782943974, 'gpp_d': 75.78228064272905, 'ign_k': 1.1927246982700623, 'ign_c': 52.83918419734713}. Best is trial 0 with value: 0.6103502735484728.
[I 2026-05-22 17:45:36,873] Trial 11 finished with value: 0.4935485418427165 and parameters: {'k1': 0.0005823161312612831, 'D_low': 35.48456852040531, 'k2': 0.008252900895085, 'D_high': 33.899966368514434, 'fire_exp': 0.43951768079398923, 'P_half': 1.781107246269455, 'pre_dampen_half': 36.43961386916182, 'gpp_af': 22.916788932579976, 'gpp_b': 1.1001216527410575e-05, 'gpp_d': 3.2768826721677025, 'ign_k': 0.25154715491756047, 'ign_c': 0.30619073348610915}. Best is trial 0 with value: 0.6103502735484728.
[I 2026-05-22 17:45:37,304] Trial 12 finished with value: 0.3994490055432051 and parameters: {'k1': 0.015104582738220572, 'D_low': 22.28419847624192, 'k2': 0.04146856954774905, 'D_high': 125.49763615850118, 'fire_exp': 1.2135623089759542, 'P_half': 0.8686432403464914, 'pre_dampen_half': 0.8320896767586667, 'gpp_af': 5.003293266208083, 'gpp_b': 9.651146270809754e-06, 'gpp_d': 34.20203983990188, 'ign_k': 1.0203450541831929, 'ign_c': 49.88449191263287}. Best is trial 0 with value: 0.6103502735484728.
[I 2026-05-22 17:45:37,735] Trial 13 finished with value: 0.46979625988751217 and parameters: {'k1': 0.00017701576311257515, 'D_low': 558.7583722490411, 'k2': 0.0007741665202567001, 'D_high': 12.837732492315356, 'fire_exp': 1.7858161104561627, 'P_half': 2.2001040862205183, 'pre_dampen_half': 15.529504155454534, 'gpp_af': 0.36685552372489416, 'gpp_b': 0.000782145413015341, 'gpp_d': 28.013550015036166, 'ign_k': 2.085522736827093, 'ign_c': 6.6907715526158835}. Best is trial 0 with value: 0.6103502735484728.
[I 2026-05-22 17:45:38,164] Trial 14 finished with value: 0.5309767901653323 and parameters: {'k1': 0.016366153904704264, 'D_low': 261.058964346077, 'k2': 0.00042732991930984055, 'D_high': 16064.442967276475, 'fire_exp': 0.9621711356808356, 'P_half': 0.37563029768836964, 'pre_dampen_half': 0.31254214006668085, 'gpp_af': 0.6666359356691944, 'gpp_b': 7.682971357872853e-06, 'gpp_d': 23.2940754551564, 'ign_k': 0.052010615594021724, 'ign_c': 8.409508344704365}. Best is trial 0 with value: 0.6103502735484728.
[I 2026-05-22 17:45:38,591] Trial 15 finished with value: 0.49741286246864613 and parameters: {'k1': 0.0031389356953909126, 'D_low': 14.336806533152629, 'k2': 0.09422954043116208, 'D_high': 3397.212814197757, 'fire_exp': 0.7872667464239269, 'P_half': 298.4895725198815, 'pre_dampen_half': 69.51077487842787, 'gpp_af': 0.10607417107482024, 'gpp_b': 7.79166397583684e-06, 'gpp_d': 312.3608338340929, 'ign_k': 0.48737697254911866, 'ign_c': 31.031227531869824}. Best is trial 0 with value: 0.6103502735484728.
[I 2026-05-22 17:45:39,016] Trial 16 finished with value: 0.5585333637075607 and parameters: {'k1': 0.08444008073944818, 'D_low': 280.94340692718134, 'k2': 0.03494105387969843, 'D_high': 11133.558652920445, 'fire_exp': 0.36326497419764814, 'P_half': 1.731684466034048, 'pre_dampen_half': 1.200658331932543, 'gpp_af': 0.010943078589626502, 'gpp_b': 0.000489364577557094, 'gpp_d': 47.38403494378913, 'ign_k': 0.2610816649874081, 'ign_c': 1.1059764633550118}. Best is trial 0 with value: 0.6103502735484728.
[I 2026-05-22 17:45:39,442] Trial 17 finished with value: 0.5315776564128976 and parameters: {'k1': 0.0976269175095538, 'D_low': 67.41981376097168, 'k2': 0.06123118994513501, 'D_high': 6652.585005656408, 'fire_exp': 0.4269445284185349, 'P_half': 1.7809658858192898, 'pre_dampen_half': 0.013748149415088595, 'gpp_af': 0.18321389477034142, 'gpp_b': 0.010406838263716555, 'gpp_d': 258.14872149695486, 'ign_k': 1.0731379776002399, 'ign_c': 0.4874377389457483}. Best is trial 0 with value: 0.6103502735484728.
[I 2026-05-22 17:45:39,870] Trial 18 finished with value: 0.44838608352378684 and parameters: {'k1': 0.09316215808975678, 'D_low': 2391.629490296876, 'k2': 0.03948500607529561, 'D_high': 18108.522519460315, 'fire_exp': 0.4129826569507789, 'P_half': 0.14283064999551284, 'pre_dampen_half': 4.982770251923834, 'gpp_af': 0.23850527524456563, 'gpp_b': 0.0023351077185372834, 'gpp_d': 12.528315181366418, 'ign_k': 2.084647457432167, 'ign_c': 26.033907015018876}. Best is trial 0 with value: 0.6103502735484728.
[I 2026-05-22 17:45:40,298] Trial 19 finished with value: 0.5449449133412991 and parameters: {'k1': 0.00044736456993913436, 'D_low': 356.96313703458617, 'k2': 0.05169826794104895, 'D_high': 10601.30766329214, 'fire_exp': 0.5844809166414334, 'P_half': 3.738264405199854, 'pre_dampen_half': 5.628511184084726, 'gpp_af': 6.904647252407041, 'gpp_b': 1.9191624916642264e-05, 'gpp_d': 137.19507547717924, 'ign_k': 0.18416178359283217, 'ign_c': 1.3092575102809396}. Best is trial 0 with value: 0.6103502735484728.
[I 2026-05-22 17:45:40,725] Trial 20 finished with value: 0.5527004233702433 and parameters: {'k1': 0.0013788303082984971, 'D_low': 301.93550299753235, 'k2': 0.002639401606336034, 'D_high': 1300.8558315509945, 'fire_exp': 0.4691392690761059, 'P_half': 3.1564960675170557, 'pre_dampen_half': 9.835384942287407, 'gpp_af': 0.0016637283769743317, 'gpp_b': 1.8247779703229424e-05, 'gpp_d': 8.35228918451271, 'ign_k': 0.043594710306341766, 'ign_c': 1.7279393303861972}. Best is trial 0 with value: 0.6103502735484728.
[I 2026-05-22 17:45:41,151] Trial 21 finished with value: 0.48062532230387417 and parameters: {'k1': 0.0007309222727877585, 'D_low': 368.33719537472786, 'k2': 0.006357837791177116, 'D_high': 56.04794879118829, 'fire_exp': 0.7239689688981781, 'P_half': 0.4410592922477867, 'pre_dampen_half': 21.274882664412996, 'gpp_af': 0.00770210272464789, 'gpp_b': 3.524769049597791e-05, 'gpp_d': 8.936723174038544, 'ign_k': 0.01789964310563252, 'ign_c': 2.7152667655447766}. Best is trial 0 with value: 0.6103502735484728.
[I 2026-05-22 17:45:41,580] Trial 22 finished with value: 0.4698799974659859 and parameters: {'k1': 0.055354976931062096, 'D_low': 1192.0945363550734, 'k2': 0.0511787108013826, 'D_high': 7874.383329897587, 'fire_exp': 0.43357159049043437, 'P_half': 0.5166733943548063, 'pre_dampen_half': 2.1096876704320278, 'gpp_af': 0.023241506773180348, 'gpp_b': 1.979942154769372e-06, 'gpp_d': 76.66595056071408, 'ign_k': 0.1437303366202938, 'ign_c': 0.7974201230568059}. Best is trial 0 with value: 0.6103502735484728.
[I 2026-05-22 17:45:42,009] Trial 23 finished with value: 0.46965920760053714 and parameters: {'k1': 0.00916601348554385, 'D_low': 484.97056665517545, 'k2': 0.03762228907334935, 'D_high': 48926.81029965089, 'fire_exp': 1.0902321192448508, 'P_half': 47.07160766260283, 'pre_dampen_half': 4.07368683265959, 'gpp_af': 0.001495314683646298, 'gpp_b': 0.001992962885730286, 'gpp_d': 0.8424348473660069, 'ign_k': 0.0375989014912098, 'ign_c': 0.16358533662527358}. Best is trial 0 with value: 0.6103502735484728.
[I 2026-05-22 17:45:42,441] Trial 24 finished with value: 0.47655826997147155 and parameters: {'k1': 0.05586101786769493, 'D_low': 13.793945295178768, 'k2': 0.0004926794993249475, 'D_high': 1496.1639665711125, 'fire_exp': 0.3794069276658724, 'P_half': 1.520173621453832, 'pre_dampen_half': 292.44899510103437, 'gpp_af': 0.06362244881592852, 'gpp_b': 5.734480292044396e-06, 'gpp_d': 14.717971904171414, 'ign_k': 0.5031369990852108, 'ign_c': 1.0492730176982117}. Best is trial 0 with value: 0.6103502735484728.
[I 2026-05-22 17:45:42,871] Trial 25 finished with value: 0.3994490055432051 and parameters: {'k1': 0.04580423284378053, 'D_low': 20.693371563592084, 'k2': 0.0022811619760051407, 'D_high': 71623.54612288238, 'fire_exp': 0.6776509630146862, 'P_half': 0.48443565596979016, 'pre_dampen_half': 6.412146750642211, 'gpp_af': 18.464083710494688, 'gpp_b': 3.688898640599909e-06, 'gpp_d': 169.01896746266033, 'ign_k': 0.3293439799814009, 'ign_c': 253.7420168272106}. Best is trial 0 with value: 0.6103502735484728.
[I 2026-05-22 17:45:43,301] Trial 26 finished with value: 0.5194976471511197 and parameters: {'k1': 2.866112035535424e-05, 'D_low': 1143.0674505696732, 'k2': 0.00329310022217488, 'D_high': 1356.0461271480567, 'fire_exp': 0.35012753159301224, 'P_half': 9.256631791304287, 'pre_dampen_half': 23.411721850566206, 'gpp_af': 0.003159948885341277, 'gpp_b': 2.2980227770645247e-05, 'gpp_d': 0.7533045771968728, 'ign_k': 0.5702971214850759, 'ign_c': 1.9324874379615529}. Best is trial 0 with value: 0.6103502735484728.
[I 2026-05-22 17:45:43,728] Trial 27 finished with value: 0.4672604477570216 and parameters: {'k1': 0.00035524187609542067, 'D_low': 2685.3126533962786, 'k2': 0.0010791123217081524, 'D_high': 920.5125359684124, 'fire_exp': 0.9230364954947372, 'P_half': 3.8043054709604145, 'pre_dampen_half': 52.74691911303874, 'gpp_af': 0.0010540172539679402, 'gpp_b': 4.074576254830912e-06, 'gpp_d': 4.530377379713399, 'ign_k': 0.0235378171663731, 'ign_c': 159.14346341530617}. Best is trial 0 with value: 0.6103502735484728.
[I 2026-05-22 17:45:44,160] Trial 28 finished with value: 0.4082710804184326 and parameters: {'k1': 0.04367058119196919, 'D_low': 1295.7354034443813, 'k2': 0.00041315486036048137, 'D_high': 1262.975234765867, 'fire_exp': 0.4649266396497551, 'P_half': 0.6181825602958397, 'pre_dampen_half': 31.447599438433027, 'gpp_af': 0.0016026136890612348, 'gpp_b': 0.1424494305541503, 'gpp_d': 127.0366084737269, 'ign_k': 0.16967382711365947, 'ign_c': 0.23019012327718552}. Best is trial 0 with value: 0.6103502735484728.
[I 2026-05-22 17:45:44,589] Trial 29 finished with value: 0.5380824144663084 and parameters: {'k1': 0.008014984095537844, 'D_low': 22.14403591040358, 'k2': 0.0009423315013267376, 'D_high': 365.51432118138973, 'fire_exp': 0.5105914170674634, 'P_half': 0.7007491865810024, 'pre_dampen_half': 0.7180138504217224, 'gpp_af': 0.009501371095467689, 'gpp_b': 1.0154238287445116e-06, 'gpp_d': 0.3577726014016219, 'ign_k': 0.026298445780316763, 'ign_c': 0.8955429853511074}. Best is trial 0 with value: 0.6103502735484728.
[I 2026-05-22 17:45:45,023] Trial 30 finished with value: 0.5110769993023555 and parameters: {'k1': 0.042780770859817525, 'D_low': 144.5895332503896, 'k2': 0.012800875084222545, 'D_high': 4904.549411204614, 'fire_exp': 0.4110618502471668, 'P_half': 0.4795829453598411, 'pre_dampen_half': 0.05623476660538288, 'gpp_af': 0.0012744144119876037, 'gpp_b': 0.0017611037166086472, 'gpp_d': 4.654758332505229, 'ign_k': 0.09018533649638254, 'ign_c': 4.982211707840965}. Best is trial 0 with value: 0.6103502735484728.
[I 2026-05-22 17:45:45,457] Trial 31 finished with value: 0.5615743828242195 and parameters: {'k1': 0.00020010119821862072, 'D_low': 428.29133512000334, 'k2': 0.025715705954492393, 'D_high': 23793.508845902626, 'fire_exp': 0.7243777157906043, 'P_half': 21.340583899612266, 'pre_dampen_half': 1.2142955389928547, 'gpp_af': 10.939275904517554, 'gpp_b': 2.5156564866671268e-06, 'gpp_d': 100.36033114741768, 'ign_k': 0.6599429706682647, 'ign_c': 0.42369956681628085}. Best is trial 0 with value: 0.6103502735484728.
[I 2026-05-22 17:45:45,885] Trial 32 finished with value: 0.5372235462343098 and parameters: {'k1': 0.00042151599202146846, 'D_low': 117.27193196190085, 'k2': 0.0016370296420108804, 'D_high': 4654.780606486681, 'fire_exp': 0.6739859747469178, 'P_half': 1.7484061987778892, 'pre_dampen_half': 6.1489490112440945, 'gpp_af': 0.0010135635834731091, 'gpp_b': 1.5825144984521325e-05, 'gpp_d': 9.57641443197061, 'ign_k': 0.012677415497604259, 'ign_c': 0.37385681308727}. Best is trial 0 with value: 0.6103502735484728.
[I 2026-05-22 17:45:46,314] Trial 33 finished with value: 0.5053312872815966 and parameters: {'k1': 0.00027516306466738606, 'D_low': 2181.7337896673566, 'k2': 0.05236460184310441, 'D_high': 85738.34911243874, 'fire_exp': 0.6930451929947047, 'P_half': 485.66082147092976, 'pre_dampen_half': 0.06270924465673051, 'gpp_af': 7.11647308797348, 'gpp_b': 0.00033688764161319125, 'gpp_d': 50.14066178240288, 'ign_k': 0.27475212131464394, 'ign_c': 1.1496258234158059}. Best is trial 0 with value: 0.6103502735484728.
[I 2026-05-22 17:45:46,755] Trial 34 finished with value: 0.46436160833216167 and parameters: {'k1': 0.006983071593705771, 'D_low': 1747.863532707695, 'k2': 0.0003092499086654413, 'D_high': 399.02915837517185, 'fire_exp': 0.6574522567164428, 'P_half': 77.2879939253059, 'pre_dampen_half': 3.3256602359929652, 'gpp_af': 0.0015786858285288773, 'gpp_b': 8.490565143277745e-05, 'gpp_d': 203.63595759257817, 'ign_k': 0.09365657224846287, 'ign_c': 7.839472553393316}. Best is trial 0 with value: 0.6103502735484728.
[I 2026-05-22 17:45:47,198] Trial 35 finished with value: 0.4970293742517707 and parameters: {'k1': 1.3239623550553215e-05, 'D_low': 228.20105904932535, 'k2': 0.01611619486801484, 'D_high': 21020.992704966124, 'fire_exp': 0.922328892580146, 'P_half': 19.374454373830222, 'pre_dampen_half': 0.15598599872541916, 'gpp_af': 7.632607768964836, 'gpp_b': 0.00013072208090371052, 'gpp_d': 2.333483510350679, 'ign_k': 2.142224255107526, 'ign_c': 0.18070299101852158}. Best is trial 0 with value: 0.6103502735484728.
[I 2026-05-22 17:45:47,648] Trial 36 finished with value: 0.5242501733539021 and parameters: {'k1': 0.07663816415163222, 'D_low': 269.3183618578242, 'k2': 0.0009788507441366608, 'D_high': 16836.982924560383, 'fire_exp': 0.8411462290850027, 'P_half': 23.252475385897036, 'pre_dampen_half': 51.80066608714013, 'gpp_af': 0.09043350887862812, 'gpp_b': 4.408733255265378e-05, 'gpp_d': 933.9997824698422, 'ign_k': 0.6875504216387749, 'ign_c': 6.977586651611469}. Best is trial 0 with value: 0.6103502735484728.
[I 2026-05-22 17:45:48,086] Trial 37 finished with value: 0.5155108868621862 and parameters: {'k1': 0.0003659436237257172, 'D_low': 1715.8290582119437, 'k2': 0.049876900994501996, 'D_high': 79210.19301909591, 'fire_exp': 1.8812995210614574, 'P_half': 29.44982645223754, 'pre_dampen_half': 4.675283457061007, 'gpp_af': 45.188935872566226, 'gpp_b': 3.841727258341638e-06, 'gpp_d': 52.20017464212153, 'ign_k': 0.27092959875205647, 'ign_c': 0.167097912576189}. Best is trial 0 with value: 0.6103502735484728.
[I 2026-05-22 17:45:48,513] Trial 38 finished with value: 0.46497303239800886 and parameters: {'k1': 0.04392711117671045, 'D_low': 9.552365762335434, 'k2': 0.0020810509639504465, 'D_high': 1045.5957177081177, 'fire_exp': 0.6278245574505426, 'P_half': 0.23115825146486008, 'pre_dampen_half': 3.14269074757689, 'gpp_af': 0.22303172273169392, 'gpp_b': 0.0002900910879809272, 'gpp_d': 17.662886529119316, 'ign_k': 0.08037195437603886, 'ign_c': 152.63349573341952}. Best is trial 0 with value: 0.6103502735484728.
[I 2026-05-22 17:45:48,986] Trial 39 finished with value: 0.4718963116235053 and parameters: {'k1': 0.04957211203264158, 'D_low': 144.3773227970956, 'k2': 0.007390242214944049, 'D_high': 1875.2177645952418, 'fire_exp': 0.5484293968212515, 'P_half': 15.655203712750314, 'pre_dampen_half': 20.305211281291363, 'gpp_af': 1.265549316499285, 'gpp_b': 0.0003433031026560564, 'gpp_d': 31.58969108141633, 'ign_k': 0.5195401850819961, 'ign_c': 34.892934899765784}. Best is trial 0 with value: 0.6103502735484728.
[I 2026-05-22 17:45:49,433] Trial 40 finished with value: 0.5451146435377375 and parameters: {'k1': 0.0005684737439773688, 'D_low': 118.01318507514, 'k2': 0.033631812259209005, 'D_high': 8482.597433485442, 'fire_exp': 0.6890851698749116, 'P_half': 706.1319928388049, 'pre_dampen_half': 1.444655034216416, 'gpp_af': 18.1892703907123, 'gpp_b': 6.896594116343422e-06, 'gpp_d': 230.33246351003098, 'ign_k': 5.888566915604501, 'ign_c': 0.84440534638628}. Best is trial 0 with value: 0.6103502735484728.
