[I 2026-05-22 18:13:35,641] Trial 928 finished with value: 0.6091251420031595 and parameters: {'P_amp': 0.03345038584030182, 'P_wet': 2261.3855488873824, 'P_pow': 4.5596493782392695, 'WG_amp': 0.7493568353940577, 'WG_Phalf': 1092.949210148187, 'WG_k': 85.63607902678459, 'WG_c': 8.074533846526126, 'rain_shift': 1.30802374577849, 'ign_k': 0.5595840134623622, 'rate_power': 0.7816683778825633}. Best is trial 209 with value: 0.6108097453057891.
[I 2026-05-22 18:13:36,110] Trial 929 finished with value: 0.6067390672617107 and parameters: {'P_amp': 0.12771468038073075, 'P_wet': 1639.1335573455692, 'P_pow': 4.3487686187543675, 'WG_amp': 0.8203213837364849, 'WG_Phalf': 1432.1301818831416, 'WG_k': 23.016377165423812, 'WG_c': 8.056052237630485, 'rain_shift': 1.9759501036964722, 'ign_k': 0.4517732559891714, 'rate_power': 0.8334611771000031}. Best is trial 209 with value: 0.6108097453057891.
[I 2026-05-22 18:13:36,577] Trial 930 finished with value: 0.5827443982117281 and parameters: {'P_amp': 0.025344207824574694, 'P_wet': 4226.740453073572, 'P_pow': 5.189739790028086, 'WG_amp': 0.42618327404050244, 'WG_Phalf': 1821.5853460812928, 'WG_k': 3.4294064989646684, 'WG_c': 6.766431810860086, 'rain_shift': 3.7355381781272836, 'ign_k': 0.6266669770931284, 'rate_power': 0.7634009836463242}. Best is trial 209 with value: 0.6108097453057891.
[I 2026-05-22 18:13:37,046] Trial 931 finished with value: 0.5758551741674917 and parameters: {'P_amp': 0.31590939836310905, 'P_wet': 2098.4531368482685, 'P_pow': 2.3978388639707253, 'WG_amp': 0.5373432960663934, 'WG_Phalf': 1523.7686895910592, 'WG_k': 47.27423101134768, 'WG_c': 0.3407674226202095, 'rain_shift': 3.820869082955131, 'ign_k': 0.7878909276856444, 'rate_power': 0.7473309322665758}. Best is trial 209 with value: 0.6108097453057891.
[I 2026-05-22 18:13:37,509] Trial 932 finished with value: 0.5960799728131624 and parameters: {'P_amp': 0.10445205435583511, 'P_wet': 432.5192984314245, 'P_pow': 2.1143900316258337, 'WG_amp': 0.5568486074814614, 'WG_Phalf': 1830.9200519872968, 'WG_k': 73.86097064682424, 'WG_c': 0.10112353206742906, 'rain_shift': 0.6132664882934431, 'ign_k': 0.5639614107360411, 'rate_power': 1.2022999700811394}. Best is trial 209 with value: 0.6108097453057891.
[I 2026-05-22 18:13:37,979] Trial 933 finished with value: 0.5734454770974211 and parameters: {'P_amp': 0.04647781321409686, 'P_wet': 3493.408156527509, 'P_pow': 4.005015813520703, 'WG_amp': 0.8761524544115933, 'WG_Phalf': 839.7032965411611, 'WG_k': 45.24095294570667, 'WG_c': 0.22648252630458843, 'rain_shift': 3.5960476773625705, 'ign_k': 0.41064795985660807, 'rate_power': 0.8707522469408161}. Best is trial 209 with value: 0.6108097453057891.
[I 2026-05-22 18:13:38,460] Trial 934 finished with value: 0.5653754091156751 and parameters: {'P_amp': 0.11486547118999424, 'P_wet': 3086.6891737377596, 'P_pow': 1.3719058102938486, 'WG_amp': 0.5255007152174827, 'WG_Phalf': 659.8483704282093, 'WG_k': 45.61989832872683, 'WG_c': 6.283055173905895, 'rain_shift': 5.122422032340687, 'ign_k': 0.6129308840169336, 'rate_power': 0.8034447988519654}. Best is trial 209 with value: 0.6108097453057891.
[I 2026-05-22 18:13:38,956] Trial 935 finished with value: 0.5756767101362038 and parameters: {'P_amp': 0.1995799256174046, 'P_wet': 910.9223034159148, 'P_pow': 4.6663668326334475, 'WG_amp': 0.8642259557012038, 'WG_Phalf': 717.9571497844721, 'WG_k': 39.11518860128619, 'WG_c': 0.48073565226788134, 'rain_shift': 2.6149821278696437, 'ign_k': 1.4896364892404736, 'rate_power': 0.8334457283791249}. Best is trial 209 with value: 0.6108097453057891.
[I 2026-05-22 18:13:39,430] Trial 936 finished with value: 0.588654235085401 and parameters: {'P_amp': 0.21892756860882734, 'P_wet': 3641.2916904280864, 'P_pow': 5.9423387307498166, 'WG_amp': 0.7768437789094518, 'WG_Phalf': 764.0177592562312, 'WG_k': 62.66390216202254, 'WG_c': 6.449232057422683, 'rain_shift': 2.9485030297345247, 'ign_k': 0.1940607074283634, 'rate_power': 0.8422591164526646}. Best is trial 209 with value: 0.6108097453057891.
[I 2026-05-22 18:13:39,899] Trial 937 finished with value: 0.5978242969826637 and parameters: {'P_amp': 0.017242594019683498, 'P_wet': 4332.872015742435, 'P_pow': 5.545137013300348, 'WG_amp': 0.7063282527795943, 'WG_Phalf': 1491.8729952236204, 'WG_k': 28.545825605318477, 'WG_c': 8.193392839613935, 'rain_shift': 2.4989867520290976, 'ign_k': 0.5142675382578388, 'rate_power': 0.8513521464602116}. Best is trial 209 with value: 0.6108097453057891.
[I 2026-05-22 18:13:40,368] Trial 938 finished with value: 0.6064102265269441 and parameters: {'P_amp': 0.15868695048317855, 'P_wet': 1201.1925251500486, 'P_pow': 4.930904277804533, 'WG_amp': 0.846424106312845, 'WG_Phalf': 1369.084739241234, 'WG_k': 2.396049105894836, 'WG_c': 0.10337999734567564, 'rain_shift': 1.4714049109911747, 'ign_k': 0.5553035379080827, 'rate_power': 0.7134336293615771}. Best is trial 209 with value: 0.6108097453057891.
[I 2026-05-22 18:13:40,870] Trial 939 finished with value: 0.5804166298699907 and parameters: {'P_amp': 0.008896817792336639, 'P_wet': 2058.314205887748, 'P_pow': 5.297420027876223, 'WG_amp': 0.3832383639376566, 'WG_Phalf': 923.1587526853257, 'WG_k': 19.409074998963476, 'WG_c': 5.155185183540987, 'rain_shift': 2.3183116796916545, 'ign_k': 1.3818984606704847, 'rate_power': 1.0002918046347153}. Best is trial 209 with value: 0.6108097453057891.
[I 2026-05-22 18:13:41,361] Trial 940 finished with value: 0.5888234082292028 and parameters: {'P_amp': 0.06205052856559642, 'P_wet': 1800.05435790449, 'P_pow': 5.450619966525782, 'WG_amp': 0.7382849897718777, 'WG_Phalf': 3135.829474384925, 'WG_k': 84.97734837187733, 'WG_c': 0.19109889091167, 'rain_shift': 2.3838622498301767, 'ign_k': 1.7755645771513475, 'rate_power': 0.737059338867164}. Best is trial 209 with value: 0.6108097453057891.
[I 2026-05-22 18:13:41,846] Trial 941 finished with value: 0.5834933462035425 and parameters: {'P_amp': 0.22268275672009324, 'P_wet': 2365.8745846418255, 'P_pow': 4.788092273350598, 'WG_amp': 0.5127497223337872, 'WG_Phalf': 2460.122835392862, 'WG_k': 19.030304394545876, 'WG_c': 9.145030180790402, 'rain_shift': 1.3241609511703687, 'ign_k': 0.24115427080653626, 'rate_power': 0.7381357191741743}. Best is trial 209 with value: 0.6108097453057891.
[I 2026-05-22 18:13:42,380] Trial 942 finished with value: 0.5524766448590628 and parameters: {'P_amp': 0.8472090234953966, 'P_wet': 5533.654882735206, 'P_pow': 4.3134633718945645, 'WG_amp': 0.23996787050237428, 'WG_Phalf': 362.8774041883187, 'WG_k': 0.012445437255042211, 'WG_c': 0.0005651538846864658, 'rain_shift': 3.316351198298777, 'ign_k': 1.933042781219631, 'rate_power': 1.208840577126708}. Best is trial 209 with value: 0.6108097453057891.
[I 2026-05-22 18:13:42,854] Trial 943 finished with value: 0.5937100438516919 and parameters: {'P_amp': 0.14174310053275596, 'P_wet': 1143.7976888505837, 'P_pow': 5.441649838569098, 'WG_amp': 0.709795795370473, 'WG_Phalf': 1263.1613336685764, 'WG_k': 30.16085119768309, 'WG_c': 1.6375290925863912, 'rain_shift': 0.1266669883761291, 'ign_k': 0.8225194226503302, 'rate_power': 0.7927896439939383}. Best is trial 209 with value: 0.6108097453057891.
[I 2026-05-22 18:13:43,372] Trial 944 finished with value: 0.5951927440480665 and parameters: {'P_amp': 0.3643654260879216, 'P_wet': 3749.4851621750204, 'P_pow': 0.9942943279189379, 'WG_amp': 0.1849319333526871, 'WG_Phalf': 2620.9239613362774, 'WG_k': 62.620514632024076, 'WG_c': 0.5221791680665742, 'rain_shift': 2.544297466997815, 'ign_k': 0.291591310988124, 'rate_power': 0.8334966188616185}. Best is trial 209 with value: 0.6108097453057891.
[I 2026-05-22 18:13:43,853] Trial 945 finished with value: 0.5877371450217195 and parameters: {'P_amp': 0.585901217231463, 'P_wet': 491.28975358167503, 'P_pow': 2.628803671037139, 'WG_amp': 0.8806071498600545, 'WG_Phalf': 419.193674672807, 'WG_k': 1.586146988843867, 'WG_c': 3.1383279773990345, 'rain_shift': 0.8285408953702307, 'ign_k': 0.9694989472234153, 'rate_power': 0.8180603316498539}. Best is trial 209 with value: 0.6108097453057891.
[I 2026-05-22 18:13:44,465] Trial 946 finished with value: 0.5840743409529765 and parameters: {'P_amp': 0.08467952758364633, 'P_wet': 5169.649742511155, 'P_pow': 1.2300233993343035, 'WG_amp': 0.12805182179538066, 'WG_Phalf': 542.2079574220746, 'WG_k': 27.667559423965827, 'WG_c': 9.29732636364616, 'rain_shift': 0.2914278554681551, 'ign_k': 0.451907966794834, 'rate_power': 0.7672284085519322}. Best is trial 209 with value: 0.6108097453057891.
[I 2026-05-22 18:13:45,053] Trial 947 finished with value: 0.6032090895124165 and parameters: {'P_amp': 0.053505593684885916, 'P_wet': 3158.3573825720964, 'P_pow': 4.25157759515044, 'WG_amp': 0.7059680166120698, 'WG_Phalf': 2183.2584708538825, 'WG_k': 48.85067128817488, 'WG_c': 9.35570381586454, 'rain_shift': 1.6302822483950659, 'ign_k': 0.35700006301732967, 'rate_power': 0.7868660202658133}. Best is trial 209 with value: 0.6108097453057891.
[I 2026-05-22 18:13:45,580] Trial 948 finished with value: 0.5784471672427505 and parameters: {'P_amp': 0.10234216718910646, 'P_wet': 2116.9709454682193, 'P_pow': 3.5304827400167613, 'WG_amp': 0.8867183045746907, 'WG_Phalf': 188.1064774881567, 'WG_k': 1.5961151650425085, 'WG_c': 0.17297653796422316, 'rain_shift': 0.3004674489807354, 'ign_k': 0.5369356878550559, 'rate_power': 1.1941383742440743}. Best is trial 209 with value: 0.6108097453057891.
[I 2026-05-22 18:13:46,052] Trial 949 finished with value: 0.5612613143247727 and parameters: {'P_amp': 0.06907962063847435, 'P_wet': 870.9223516580823, 'P_pow': 0.29843534798022797, 'WG_amp': 0.22469290632994965, 'WG_Phalf': 158.8607629083483, 'WG_k': 2.1750520480288342, 'WG_c': 2.4127219661471604, 'rain_shift': 2.9923095850463195, 'ign_k': 0.8771133141459927, 'rate_power': 1.2206395524337992}. Best is trial 209 with value: 0.6108097453057891.
[I 2026-05-22 18:13:46,519] Trial 950 finished with value: 0.6038815331187649 and parameters: {'P_amp': 0.019903247278405242, 'P_wet': 2840.884220652675, 'P_pow': 4.406857543425997, 'WG_amp': 0.8095410578649048, 'WG_Phalf': 1328.6446109777587, 'WG_k': 31.688093680400886, 'WG_c': 0.7138126844653951, 'rain_shift': 0.5770550607946351, 'ign_k': 0.671402759041585, 'rate_power': 0.7653249114336748}. Best is trial 209 with value: 0.6108097453057891.
[I 2026-05-22 18:13:47,006] Trial 951 finished with value: 0.6046751878685986 and parameters: {'P_amp': 0.26905819182477314, 'P_wet': 4162.916157147758, 'P_pow': 0.5475651855192875, 'WG_amp': 0.21508625269895806, 'WG_Phalf': 244.02780272360965, 'WG_k': 10.273476861617558, 'WG_c': 1.7534264320859472, 'rain_shift': 0.1327248357117916, 'ign_k': 0.933596752959562, 'rate_power': 0.9581682232540942}. Best is trial 209 with value: 0.6108097453057891.
[I 2026-05-22 18:13:47,477] Trial 952 finished with value: 0.5745203331520067 and parameters: {'P_amp': 0.3382162288940108, 'P_wet': 4086.7307217281937, 'P_pow': 3.1282576538614357, 'WG_amp': 0.010819411399341117, 'WG_Phalf': 380.70637280960966, 'WG_k': 5.090374544608238, 'WG_c': 1.5637784705202886, 'rain_shift': 3.3408075030516775, 'ign_k': 1.2299787310361914, 'rate_power': 0.83725669626832}. Best is trial 209 with value: 0.6108097453057891.
[I 2026-05-22 18:13:47,938] Trial 953 finished with value: 0.5549449593361283 and parameters: {'P_amp': 0.08403190832382709, 'P_wet': 4428.00141487209, 'P_pow': 4.657687062425232, 'WG_amp': 0.39013282156733353, 'WG_Phalf': 278.29884499763097, 'WG_k': 87.87328016844094, 'WG_c': 0.09827071168191628, 'rain_shift': 3.849185971792313, 'ign_k': 0.6492705930506524, 'rate_power': 1.0369787625258673}. Best is trial 209 with value: 0.6108097453057891.
[I 2026-05-22 18:13:48,407] Trial 954 finished with value: 0.606277111366704 and parameters: {'P_amp': 0.3009094783846527, 'P_wet': 3575.2215098059123, 'P_pow': 4.786553638839232, 'WG_amp': 0.024336232743887437, 'WG_Phalf': 490.6047739519113, 'WG_k': 2.2821292029621807, 'WG_c': 0.3928021233846361, 'rain_shift': 0.6308630843669438, 'ign_k': 1.1500117215327301, 'rate_power': 0.9472408936107912}. Best is trial 209 with value: 0.6108097453057891.
[I 2026-05-22 18:13:48,891] Trial 955 finished with value: 0.5869813345223678 and parameters: {'P_amp': 0.02122824552579669, 'P_wet': 1798.7129702115374, 'P_pow': 4.936330412155675, 'WG_amp': 0.31600656367080504, 'WG_Phalf': 2122.5343817944267, 'WG_k': 63.74968276507292, 'WG_c': 0.09895912930535317, 'rain_shift': 2.851755143568054, 'ign_k': 1.20943112402591, 'rate_power': 0.7130165658179648}. Best is trial 209 with value: 0.6108097453057891.
[I 2026-05-22 18:13:49,370] Trial 956 finished with value: 0.518974001379134 and parameters: {'P_amp': 0.6366668094794838, 'P_wet': 726.4009437009953, 'P_pow': 5.576498989484403, 'WG_amp': 0.2391467427981363, 'WG_Phalf': 1618.4236506269858, 'WG_k': 43.25073817534499, 'WG_c': 0.0030573365614672563, 'rain_shift': 7.3595131137029055, 'ign_k': 1.2982743742354512, 'rate_power': 0.8079329496859793}. Best is trial 209 with value: 0.6108097453057891.
[I 2026-05-22 18:13:49,859] Trial 957 finished with value: 0.608514128255663 and parameters: {'P_amp': 0.020327882510904775, 'P_wet': 394.9638350370622, 'P_pow': 1.1616531911213968, 'WG_amp': 0.3410172118574784, 'WG_Phalf': 1826.392361706083, 'WG_k': 73.03029544369014, 'WG_c': 0.45059426143782266, 'rain_shift': 1.172720990579863, 'ign_k': 0.5458744961924802, 'rate_power': 0.9917473014709779}. Best is trial 209 with value: 0.6108097453057891.
[I 2026-05-22 18:13:50,337] Trial 958 finished with value: 0.5924736182660167 and parameters: {'P_amp': 0.044921827417691976, 'P_wet': 3425.19399709621, 'P_pow': 2.076609160745118, 'WG_amp': 0.41602941544556765, 'WG_Phalf': 2381.9630465448527, 'WG_k': 16.441290778799004, 'WG_c': 6.368444171068399, 'rain_shift': 3.505686708861325, 'ign_k': 0.3355634570271782, 'rate_power': 0.783065296975473}. Best is trial 209 with value: 0.6108097453057891.
[I 2026-05-22 18:13:50,805] Trial 959 finished with value: 0.597399540718808 and parameters: {'P_amp': 0.5520468200649441, 'P_wet': 2196.878171786494, 'P_pow': 0.6376458538605947, 'WG_amp': 0.29500319345447756, 'WG_Phalf': 104.83888713412912, 'WG_k': 6.091473056839384, 'WG_c': 0.00042216875433669944, 'rain_shift': 0.8821685566503614, 'ign_k': 2.7749798118208244, 'rate_power': 0.7623294493717826}. Best is trial 209 with value: 0.6108097453057891.
[I 2026-05-22 18:13:51,276] Trial 960 finished with value: 0.5927168091524789 and parameters: {'P_amp': 0.05034174195906452, 'P_wet': 755.136165821963, 'P_pow': 2.9559546196310666, 'WG_amp': 0.21613212632119017, 'WG_Phalf': 2037.441542303082, 'WG_k': 9.65674403508862, 'WG_c': 2.072841898868303, 'rain_shift': 0.05282458674985829, 'ign_k': 0.3237505647739875, 'rate_power': 1.274360883201596}. Best is trial 209 with value: 0.6108097453057891.
[I 2026-05-22 18:13:51,743] Trial 961 finished with value: 0.5858042514162537 and parameters: {'P_amp': 0.06802859173648762, 'P_wet': 2121.1200163024046, 'P_pow': 3.1748938890999776, 'WG_amp': 0.8860295485794949, 'WG_Phalf': 712.9508165224307, 'WG_k': 23.12784930524425, 'WG_c': 4.368881344236886, 'rain_shift': 0.11511843883968464, 'ign_k': 0.5596080283159142, 'rate_power': 0.7921873450692614}. Best is trial 209 with value: 0.6108097453057891.
[I 2026-05-22 18:13:52,210] Trial 962 finished with value: 0.5738068272849062 and parameters: {'P_amp': 0.19045629403544936, 'P_wet': 955.280270485629, 'P_pow': 3.124943244155342, 'WG_amp': 0.19320324254149066, 'WG_Phalf': 572.6418504821662, 'WG_k': 6.210492031341555, 'WG_c': 4.025911012902355, 'rain_shift': 3.5497175432202046, 'ign_k': 1.655933256777994, 'rate_power': 0.7177786966388647}. Best is trial 209 with value: 0.6108097453057891.
[I 2026-05-22 18:13:52,677] Trial 963 finished with value: 0.5797687246667661 and parameters: {'P_amp': 0.3374078766468569, 'P_wet': 4645.748612668245, 'P_pow': 5.358051237245084, 'WG_amp': 0.17531961072628416, 'WG_Phalf': 314.64860190025536, 'WG_k': 25.350932262386742, 'WG_c': 8.360440734214196, 'rain_shift': 2.556515168793986, 'ign_k': 2.047127513384395, 'rate_power': 0.88777934064563}. Best is trial 209 with value: 0.6108097453057891.
[I 2026-05-22 18:13:53,147] Trial 964 finished with value: 0.5877520217579325 and parameters: {'P_amp': 0.030851244867683626, 'P_wet': 1921.5684449573755, 'P_pow': 0.4693224152653557, 'WG_amp': 0.19378999345432668, 'WG_Phalf': 1916.36569139191, 'WG_k': 8.231114778695137, 'WG_c': 0.8481554122766126, 'rain_shift': 0.5589200570747913, 'ign_k': 0.32271083239732573, 'rate_power': 0.832600855606519}. Best is trial 209 with value: 0.6108097453057891.
[I 2026-05-22 18:13:53,617] Trial 965 finished with value: 0.6026349235828242 and parameters: {'P_amp': 0.08854475526170329, 'P_wet': 2742.768546077645, 'P_pow': 1.19163329381467, 'WG_amp': 0.5586041787386801, 'WG_Phalf': 2487.5776869591923, 'WG_k': 16.15778709256383, 'WG_c': 3.6959025281298183, 'rain_shift': 1.5330719815062723, 'ign_k': 0.7575977478590288, 'rate_power': 0.9740351338138452}. Best is trial 209 with value: 0.6108097453057891.
[I 2026-05-22 18:13:54,086] Trial 966 finished with value: 0.5195928222337323 and parameters: {'P_amp': 0.702886520066339, 'P_wet': 1754.5456435103054, 'P_pow': 2.6220014048357525, 'WG_amp': 0.20942515483201923, 'WG_Phalf': 548.6438328305757, 'WG_k': 53.46151105490907, 'WG_c': 0.0001996378537334842, 'rain_shift': 9.34727049367654, 'ign_k': 0.11728971764494486, 'rate_power': 1.2403907142404065}. Best is trial 209 with value: 0.6108097453057891.
[I 2026-05-22 18:13:54,554] Trial 967 finished with value: 0.5969879631939612 and parameters: {'P_amp': 0.18423380660565014, 'P_wet': 5857.233044761351, 'P_pow': 0.8803143140867857, 'WG_amp': 0.6718074537133266, 'WG_Phalf': 834.4864490001324, 'WG_k': 8.098045963680292, 'WG_c': 0.8140153857905219, 'rain_shift': 1.335543974779537, 'ign_k': 0.2697401626612186, 'rate_power': 0.976191623447919}. Best is trial 209 with value: 0.6108097453057891.
[I 2026-05-22 18:13:55,020] Trial 968 finished with value: 0.6070205933156642 and parameters: {'P_amp': 0.48457126385797994, 'P_wet': 2297.2504247721445, 'P_pow': 4.391928830654164, 'WG_amp': 0.6836056764475947, 'WG_Phalf': 1103.4340382016594, 'WG_k': 43.599618404472785, 'WG_c': 8.114961409961616, 'rain_shift': 1.486850525955743, 'ign_k': 0.9646112114316342, 'rate_power': 0.7898585560759533}. Best is trial 209 with value: 0.6108097453057891.
[I 2026-05-22 18:13:55,487] Trial 969 finished with value: 0.5708251662892777 and parameters: {'P_amp': 0.07315225174972298, 'P_wet': 1365.7613383245687, 'P_pow': 4.455776909091469, 'WG_amp': 0.6521289959701982, 'WG_Phalf': 579.8109093489852, 'WG_k': 11.66718342686072, 'WG_c': 5.044687273254768, 'rain_shift': 0.42849540790265284, 'ign_k': 0.1319213804774713, 'rate_power': 0.812359658495168}. Best is trial 209 with value: 0.6108097453057891.
[I 2026-05-22 18:13:55,953] Trial 970 finished with value: 0.5972657009531471 and parameters: {'P_amp': 0.1450366294630671, 'P_wet': 2767.664378868378, 'P_pow': 5.883974910489666, 'WG_amp': 0.40141180276927074, 'WG_Phalf': 4241.5119393144205, 'WG_k': 0.13353754946687088, 'WG_c': 0.0028409470495135794, 'rain_shift': 1.0710419394313764, 'ign_k': 0.5305802683507372, 'rate_power': 1.2944040464960973}. Best is trial 209 with value: 0.6108097453057891.
[I 2026-05-22 18:13:56,420] Trial 971 finished with value: 0.5202885175901184 and parameters: {'P_amp': 0.5507754175074059, 'P_wet': 524.4166309856848, 'P_pow': 0.6854419118143684, 'WG_amp': 0.6819657851941765, 'WG_Phalf': 1216.459170463503, 'WG_k': 0.1915531959739852, 'WG_c': 0.1343437830900805, 'rain_shift': 9.713014500476664, 'ign_k': 1.69958119878916, 'rate_power': 0.7658405791649331}. Best is trial 209 with value: 0.6108097453057891.
[I 2026-05-22 18:13:56,890] Trial 972 finished with value: 0.5830552328885555 and parameters: {'P_amp': 0.01943472464775692, 'P_wet': 5269.078737189548, 'P_pow': 0.33780376474331875, 'WG_amp': 0.33630512201724055, 'WG_Phalf': 207.0275985758297, 'WG_k': 49.13026936147051, 'WG_c': 1.091145196865381, 'rain_shift': 2.1713183957173308, 'ign_k': 1.4785594707183918, 'rate_power': 0.9982320349595953}. Best is trial 209 with value: 0.6108097453057891.
[I 2026-05-22 18:13:57,358] Trial 973 finished with value: 0.5898436612729694 and parameters: {'P_amp': 0.1483631591177095, 'P_wet': 2493.9152884123837, 'P_pow': 4.873981000127088, 'WG_amp': 0.8982854167061258, 'WG_Phalf': 973.5497422452427, 'WG_k': 53.810705198671535, 'WG_c': 2.7874805344377402, 'rain_shift': 0.22913853368039638, 'ign_k': 1.0923890567651393, 'rate_power': 0.7148034359408667}. Best is trial 209 with value: 0.6108097453057891.
[I 2026-05-22 18:13:57,823] Trial 974 finished with value: 0.5470961790895768 and parameters: {'P_amp': 0.6442085353022764, 'P_wet': 981.1739584526895, 'P_pow': 4.866027694854972, 'WG_amp': 0.07632828685133108, 'WG_Phalf': 711.1753249735629, 'WG_k': 0.015250630287163376, 'WG_c': 0.006973828825287901, 'rain_shift': 4.351954492319859, 'ign_k': 0.09216493911441359, 'rate_power': 1.0480536289599178}. Best is trial 209 with value: 0.6108097453057891.
[I 2026-05-22 18:13:58,290] Trial 975 finished with value: 0.5434920722214583 and parameters: {'P_amp': 0.32942968166325465, 'P_wet': 5773.551435923919, 'P_pow': 0.34909156930006224, 'WG_amp': 0.5577763956557387, 'WG_Phalf': 165.62696869692834, 'WG_k': 0.013662714059333333, 'WG_c': 0.0016210125240810364, 'rain_shift': 2.8483265795611405, 'ign_k': 0.09376209816605716, 'rate_power': 1.1591560873922502}. Best is trial 209 with value: 0.6108097453057891.
[I 2026-05-22 18:13:58,756] Trial 976 finished with value: 0.5967296095114354 and parameters: {'P_amp': 0.007351944472579197, 'P_wet': 2932.567225264562, 'P_pow': 0.23776903859050136, 'WG_amp': 0.4607475381167311, 'WG_Phalf': 2563.643684365652, 'WG_k': 7.36048966848891, 'WG_c': 0.7955915020801994, 'rain_shift': 1.4177006676124568, 'ign_k': 2.351486718436577, 'rate_power': 1.0012159841143438}. Best is trial 209 with value: 0.6108097453057891.
