[I 2026-05-22 18:01:56,483] Trial 266 finished with value: 0.5908621284210677 and parameters: {'rain_shift': 0.29647236309014624, 'ign_k': 0.6047622811845214, 'rate_power': 0.7744054430699487}. Best is trial 218 with value: 0.6100049472971844.
[I 2026-05-22 18:01:56,830] Trial 267 finished with value: 0.6078766462292239 and parameters: {'rain_shift': 1.1925720919071063, 'ign_k': 0.8183927870557762, 'rate_power': 0.8325271310986659}. Best is trial 218 with value: 0.6100049472971844.
[I 2026-05-22 18:01:57,178] Trial 268 finished with value: 0.5995735837994712 and parameters: {'rain_shift': 1.4158172954660118, 'ign_k': 2.3453783524515113, 'rate_power': 0.9056648172364332}. Best is trial 218 with value: 0.6100049472971844.
[I 2026-05-22 18:01:57,527] Trial 269 finished with value: 0.6038190602939553 and parameters: {'rain_shift': 1.6850084417388274, 'ign_k': 0.7564423667390776, 'rate_power': 0.9143182057680338}. Best is trial 218 with value: 0.6100049472971844.
[I 2026-05-22 18:01:57,871] Trial 270 finished with value: 0.6095411023057896 and parameters: {'rain_shift': 1.2568608741691887, 'ign_k': 0.6927995500567455, 'rate_power': 0.8958951505463107}. Best is trial 218 with value: 0.6100049472971844.
[I 2026-05-22 18:01:58,218] Trial 271 finished with value: 0.5879257250950045 and parameters: {'rain_shift': 2.538853934914316, 'ign_k': 0.9676744092645626, 'rate_power': 0.8461527873466252}. Best is trial 218 with value: 0.6100049472971844.
[I 2026-05-22 18:01:58,565] Trial 272 finished with value: 0.6018503420453222 and parameters: {'rain_shift': 2.2986647044682265, 'ign_k': 0.5266251972233688, 'rate_power': 0.8375832667160177}. Best is trial 218 with value: 0.6100049472971844.
[I 2026-05-22 18:01:58,918] Trial 273 finished with value: 0.6030204882778959 and parameters: {'rain_shift': 0.2489948724826453, 'ign_k': 1.0962571723756047, 'rate_power': 0.8972280570139308}. Best is trial 218 with value: 0.6100049472971844.
[I 2026-05-22 18:01:59,262] Trial 274 finished with value: 0.608890972013005 and parameters: {'rain_shift': 1.1845150148637862, 'ign_k': 0.511488572824093, 'rate_power': 0.8598765496287779}. Best is trial 218 with value: 0.6100049472971844.
[I 2026-05-22 18:01:59,610] Trial 275 finished with value: 0.6076163577004595 and parameters: {'rain_shift': 1.4972306019931816, 'ign_k': 0.43892625934376245, 'rate_power': 0.8034201614711223}. Best is trial 218 with value: 0.6100049472971844.
[I 2026-05-22 18:01:59,954] Trial 276 finished with value: 0.6056015578070203 and parameters: {'rain_shift': 1.172301506787859, 'ign_k': 0.41844774700464876, 'rate_power': 0.8376024116290369}. Best is trial 218 with value: 0.6100049472971844.
[I 2026-05-22 18:02:00,301] Trial 277 finished with value: 0.6066919288756165 and parameters: {'rain_shift': 1.4596097094355132, 'ign_k': 0.8350102384960638, 'rate_power': 0.8780801046043967}. Best is trial 218 with value: 0.6100049472971844.
[I 2026-05-22 18:02:00,644] Trial 278 finished with value: 0.5936390857131415 and parameters: {'rain_shift': 0.010833445709273581, 'ign_k': 0.7976301039368863, 'rate_power': 0.8532895123375108}. Best is trial 218 with value: 0.6100049472971844.
[I 2026-05-22 18:02:00,992] Trial 279 finished with value: 0.6100278615411828 and parameters: {'rain_shift': 1.2991389070909594, 'ign_k': 0.6371543103801577, 'rate_power': 0.8904772826596851}. Best is trial 279 with value: 0.6100278615411828.
[I 2026-05-22 18:02:01,338] Trial 280 finished with value: 0.584816936923773 and parameters: {'rain_shift': 1.875764472149192, 'ign_k': 0.1704575549187376, 'rate_power': 0.8725058192051351}. Best is trial 279 with value: 0.6100278615411828.
[I 2026-05-22 18:02:01,686] Trial 281 finished with value: 0.5967764584452269 and parameters: {'rain_shift': 2.469867556889487, 'ign_k': 0.5744952665891628, 'rate_power': 0.8606260190620507}. Best is trial 279 with value: 0.6100278615411828.
[I 2026-05-22 18:02:02,033] Trial 282 finished with value: 0.5562069096135642 and parameters: {'rain_shift': 5.690201281307665, 'ign_k': 0.08513612095622698, 'rate_power': 1.2634362911496009}. Best is trial 279 with value: 0.6100278615411828.
[I 2026-05-22 18:02:02,383] Trial 283 finished with value: 0.6073146138650769 and parameters: {'rain_shift': 1.54413033769725, 'ign_k': 0.415406922320171, 'rate_power': 0.8593879911364244}. Best is trial 279 with value: 0.6100278615411828.
[I 2026-05-22 18:02:02,733] Trial 284 finished with value: 0.5977253307722229 and parameters: {'rain_shift': 0.7037530126735765, 'ign_k': 1.0063250790458815, 'rate_power': 0.7215340319244383}. Best is trial 279 with value: 0.6100278615411828.
[I 2026-05-22 18:02:03,085] Trial 285 finished with value: 0.6089093497535515 and parameters: {'rain_shift': 1.1508493829685245, 'ign_k': 0.5316909634246438, 'rate_power': 0.84921262867799}. Best is trial 279 with value: 0.6100278615411828.
[I 2026-05-22 18:02:03,437] Trial 286 finished with value: 0.5813098836519677 and parameters: {'rain_shift': 0.4993590042503232, 'ign_k': 0.24399517480657237, 'rate_power': 0.8461454954206714}. Best is trial 279 with value: 0.6100278615411828.
[I 2026-05-22 18:02:03,788] Trial 287 finished with value: 0.6070360840095266 and parameters: {'rain_shift': 1.1601783263891852, 'ign_k': 0.4365806768340782, 'rate_power': 0.8903702159687641}. Best is trial 279 with value: 0.6100278615411828.
[I 2026-05-22 18:02:04,139] Trial 288 finished with value: 0.609572542848309 and parameters: {'rain_shift': 1.2308676205620326, 'ign_k': 0.6389188178257256, 'rate_power': 0.8163739488626827}. Best is trial 279 with value: 0.6100278615411828.
[I 2026-05-22 18:02:04,489] Trial 289 finished with value: 0.6062329235206837 and parameters: {'rain_shift': 1.5938946659861357, 'ign_k': 0.4449135247457342, 'rate_power': 0.7073684536212272}. Best is trial 279 with value: 0.6100278615411828.
[I 2026-05-22 18:02:04,840] Trial 290 finished with value: 0.609998266117642 and parameters: {'rain_shift': 1.3633423335791526, 'ign_k': 0.6669532606729863, 'rate_power': 0.821654738470129}. Best is trial 279 with value: 0.6100278615411828.
[I 2026-05-22 18:02:05,189] Trial 291 finished with value: 0.6071888238975932 and parameters: {'rain_shift': 1.495409424275814, 'ign_k': 0.7832460519244956, 'rate_power': 0.8664805523138019}. Best is trial 279 with value: 0.6100278615411828.
[I 2026-05-22 18:02:05,541] Trial 292 finished with value: 0.6084518645313007 and parameters: {'rain_shift': 1.72008425294546, 'ign_k': 0.6186586479353602, 'rate_power': 0.851243274294843}. Best is trial 279 with value: 0.6100278615411828.
[I 2026-05-22 18:02:05,890] Trial 293 finished with value: 0.606050552374299 and parameters: {'rain_shift': 1.081386129879959, 'ign_k': 0.7796089288392365, 'rate_power': 0.7584989521165174}. Best is trial 279 with value: 0.6100278615411828.
[I 2026-05-22 18:02:06,239] Trial 294 finished with value: 0.6095646356637083 and parameters: {'rain_shift': 1.3391473438936938, 'ign_k': 0.6834658256072965, 'rate_power': 0.8019106502610128}. Best is trial 279 with value: 0.6100278615411828.
[I 2026-05-22 18:02:06,586] Trial 295 finished with value: 0.605931706909846 and parameters: {'rain_shift': 1.855513492161237, 'ign_k': 0.7758698321188703, 'rate_power': 0.7936629320080416}. Best is trial 279 with value: 0.6100278615411828.
[I 2026-05-22 18:02:06,935] Trial 296 finished with value: 0.5927463227261209 and parameters: {'rain_shift': 0.4234761174017527, 'ign_k': 0.5006888828975116, 'rate_power': 0.8005581675553293}. Best is trial 279 with value: 0.6100278615411828.
[I 2026-05-22 18:02:07,288] Trial 297 finished with value: 0.6038085214548142 and parameters: {'rain_shift': 1.8581356445350399, 'ign_k': 0.8911211935882287, 'rate_power': 0.8033831109317391}. Best is trial 279 with value: 0.6100278615411828.
[I 2026-05-22 18:02:07,640] Trial 298 finished with value: 0.5442208695128788 and parameters: {'rain_shift': 8.499057290915394, 'ign_k': 0.16987918733166818, 'rate_power': 1.0480739211554775}. Best is trial 279 with value: 0.6100278615411828.
[I 2026-05-22 18:02:07,992] Trial 299 finished with value: 0.6095468892120587 and parameters: {'rain_shift': 1.5246592369447112, 'ign_k': 0.5043325552290131, 'rate_power': 0.8709869803209148}. Best is trial 279 with value: 0.6100278615411828.
[I 2026-05-22 18:02:08,349] Trial 300 finished with value: 0.5873843577747367 and parameters: {'rain_shift': 0.17594153308575533, 'ign_k': 0.428325568616953, 'rate_power': 0.8540928537650878}. Best is trial 279 with value: 0.6100278615411828.
[I 2026-05-22 18:02:08,698] Trial 301 finished with value: 0.609374670455391 and parameters: {'rain_shift': 1.736914915764249, 'ign_k': 0.5149703527669883, 'rate_power': 0.8368528783479676}. Best is trial 279 with value: 0.6100278615411828.
[I 2026-05-22 18:02:09,050] Trial 302 finished with value: 0.5772186153544657 and parameters: {'rain_shift': 3.9338017695308167, 'ign_k': 0.36308156938678554, 'rate_power': 0.9137962120577579}. Best is trial 279 with value: 0.6100278615411828.
[I 2026-05-22 18:02:09,401] Trial 303 finished with value: 0.5808431257353781 and parameters: {'rain_shift': 3.2606841532259825, 'ign_k': 0.6227947500375189, 'rate_power': 0.8830123516518953}. Best is trial 279 with value: 0.6100278615411828.
[I 2026-05-22 18:02:09,749] Trial 304 finished with value: 0.6026848906003747 and parameters: {'rain_shift': 2.0456504687730876, 'ign_k': 0.3634949928483262, 'rate_power': 0.8888381600543871}. Best is trial 279 with value: 0.6100278615411828.
[I 2026-05-22 18:02:10,098] Trial 305 finished with value: 0.5942023510104628 and parameters: {'rain_shift': 3.0245979193159855, 'ign_k': 0.43992371511612605, 'rate_power': 0.8144514365210109}. Best is trial 279 with value: 0.6100278615411828.
[I 2026-05-22 18:02:10,447] Trial 306 finished with value: 0.6093485228305511 and parameters: {'rain_shift': 1.7211630933791597, 'ign_k': 0.5634662670008281, 'rate_power': 0.8481144528007731}. Best is trial 279 with value: 0.6100278615411828.
[I 2026-05-22 18:02:10,794] Trial 307 finished with value: 0.6061368484373197 and parameters: {'rain_shift': 1.7583398004075974, 'ign_k': 0.3913516089299044, 'rate_power': 0.8109443004111034}. Best is trial 279 with value: 0.6100278615411828.
[I 2026-05-22 18:02:11,142] Trial 308 finished with value: 0.6102148912649319 and parameters: {'rain_shift': 1.6555455296061377, 'ign_k': 0.5525663845746165, 'rate_power': 0.8162382534682098}. Best is trial 308 with value: 0.6102148912649319.
[I 2026-05-22 18:02:11,488] Trial 309 finished with value: 0.6105457512698795 and parameters: {'rain_shift': 1.7006949894458223, 'ign_k': 0.615650351356656, 'rate_power': 0.7825054743363551}. Best is trial 309 with value: 0.6105457512698795.
[I 2026-05-22 18:02:11,835] Trial 310 finished with value: 0.5991537283092815 and parameters: {'rain_shift': 2.7482288946326774, 'ign_k': 0.49113499793684867, 'rate_power': 0.778864193026535}. Best is trial 309 with value: 0.6105457512698795.
[I 2026-05-22 18:02:12,185] Trial 311 finished with value: 0.5780613015018206 and parameters: {'rain_shift': 3.2970116478318765, 'ign_k': 1.450024328321916, 'rate_power': 0.7704555407905461}. Best is trial 309 with value: 0.6105457512698795.
[I 2026-05-22 18:02:12,533] Trial 312 finished with value: 0.6089838983383078 and parameters: {'rain_shift': 1.8734683223415707, 'ign_k': 0.7745784834977683, 'rate_power': 0.7097367297111686}. Best is trial 309 with value: 0.6105457512698795.
[I 2026-05-22 18:02:12,882] Trial 313 finished with value: 0.5942757318318861 and parameters: {'rain_shift': 2.4391253229039416, 'ign_k': 1.2589039240553939, 'rate_power': 0.7247823419769072}. Best is trial 309 with value: 0.6105457512698795.
[I 2026-05-22 18:02:13,231] Trial 314 finished with value: 0.609926511534032 and parameters: {'rain_shift': 1.5724695157271105, 'ign_k': 0.6000961135995547, 'rate_power': 0.7014595484538299}. Best is trial 309 with value: 0.6105457512698795.
[I 2026-05-22 18:02:13,579] Trial 315 finished with value: 0.5919772726712322 and parameters: {'rain_shift': 0.8134588043402042, 'ign_k': 0.4375507486026534, 'rate_power': 0.7189802046867767}. Best is trial 309 with value: 0.6105457512698795.
[I 2026-05-22 18:02:13,927] Trial 316 finished with value: 0.6106382345283041 and parameters: {'rain_shift': 1.9326176668780033, 'ign_k': 0.5763288279417208, 'rate_power': 0.7065096562746662}. Best is trial 316 with value: 0.6106382345283041.
[I 2026-05-22 18:02:14,275] Trial 317 finished with value: 0.6086778103200654 and parameters: {'rain_shift': 1.3621907372352284, 'ign_k': 0.555956053803525, 'rate_power': 0.7465094489101294}. Best is trial 316 with value: 0.6106382345283041.
[I 2026-05-22 18:02:14,629] Trial 318 finished with value: 0.6085855300587648 and parameters: {'rain_shift': 1.29553794791279, 'ign_k': 0.7353915837248409, 'rate_power': 0.7529566830735898}. Best is trial 316 with value: 0.6106382345283041.
[I 2026-05-22 18:02:14,982] Trial 319 finished with value: 0.5994063948813755 and parameters: {'rain_shift': 2.4750835758598333, 'ign_k': 0.30009302087612816, 'rate_power': 0.7285819141909963}. Best is trial 316 with value: 0.6106382345283041.
[I 2026-05-22 18:02:15,330] Trial 320 finished with value: 0.6016879077122501 and parameters: {'rain_shift': 2.5368672389497675, 'ign_k': 0.6077857306824126, 'rate_power': 0.7498288869904751}. Best is trial 316 with value: 0.6106382345283041.
[I 2026-05-22 18:02:15,681] Trial 321 finished with value: 0.5993149167730581 and parameters: {'rain_shift': 2.290818611399342, 'ign_k': 0.713113265639522, 'rate_power': 0.8097104729748399}. Best is trial 316 with value: 0.6106382345283041.
[I 2026-05-22 18:02:16,032] Trial 322 finished with value: 0.5902130511531114 and parameters: {'rain_shift': 2.5836352075321747, 'ign_k': 0.7965436807058773, 'rate_power': 0.8365147476196936}. Best is trial 316 with value: 0.6106382345283041.
[I 2026-05-22 18:02:16,385] Trial 323 finished with value: 0.6011784221935929 and parameters: {'rain_shift': 1.7191604560208014, 'ign_k': 1.3854393781278675, 'rate_power': 0.8054092799953043}. Best is trial 316 with value: 0.6106382345283041.
[I 2026-05-22 18:02:16,736] Trial 324 finished with value: 0.6103099940033789 and parameters: {'rain_shift': 2.0054797822108443, 'ign_k': 0.5344135831914902, 'rate_power': 0.7047271991661718}. Best is trial 316 with value: 0.6106382345283041.
[I 2026-05-22 18:02:17,086] Trial 325 finished with value: 0.5632894501589102 and parameters: {'rain_shift': 0.19619050645306735, 'ign_k': 0.16707135726599492, 'rate_power': 0.7032411382008252}. Best is trial 316 with value: 0.6106382345283041.
[I 2026-05-22 18:02:17,439] Trial 326 finished with value: 0.60429578359312 and parameters: {'rain_shift': 2.2588806934924293, 'ign_k': 0.3757459762060783, 'rate_power': 0.7778689901273664}. Best is trial 316 with value: 0.6106382345283041.
[I 2026-05-22 18:02:17,789] Trial 327 finished with value: 0.5771276336031429 and parameters: {'rain_shift': 3.735184724037928, 'ign_k': 0.7443086897625939, 'rate_power': 0.7992997317657409}. Best is trial 316 with value: 0.6106382345283041.
[I 2026-05-22 18:02:18,134] Trial 328 finished with value: 0.5968478817146893 and parameters: {'rain_shift': 1.0146715240426114, 'ign_k': 2.7910928674506734, 'rate_power': 0.7120519548833585}. Best is trial 316 with value: 0.6106382345283041.
[I 2026-05-22 18:02:18,483] Trial 329 finished with value: 0.6075118557477146 and parameters: {'rain_shift': 1.1006540888052774, 'ign_k': 0.8015433667721106, 'rate_power': 0.8172264545879555}. Best is trial 316 with value: 0.6106382345283041.
[I 2026-05-22 18:02:18,832] Trial 330 finished with value: 0.6081974310021765 and parameters: {'rain_shift': 2.1394868867929397, 'ign_k': 0.5528541505655995, 'rate_power': 0.75984453608309}. Best is trial 316 with value: 0.6106382345283041.
[I 2026-05-22 18:02:19,182] Trial 331 finished with value: 0.6014822338359462 and parameters: {'rain_shift': 2.74481380236043, 'ign_k': 0.568180102411731, 'rate_power': 0.7182686775416329}. Best is trial 316 with value: 0.6106382345283041.
[I 2026-05-22 18:02:19,530] Trial 332 finished with value: 0.6100662066533447 and parameters: {'rain_shift': 2.107837825779711, 'ign_k': 0.5631697353136564, 'rate_power': 0.7187300003103937}. Best is trial 316 with value: 0.6106382345283041.
[I 2026-05-22 18:02:19,877] Trial 333 finished with value: 0.5931981579238625 and parameters: {'rain_shift': 0.9227650822517556, 'ign_k': 0.39108188912855313, 'rate_power': 0.7404943816659665}. Best is trial 316 with value: 0.6106382345283041.
[I 2026-05-22 18:02:20,226] Trial 334 finished with value: 0.5880788625232871 and parameters: {'rain_shift': 0.3210285921214522, 'ign_k': 0.7464003101580858, 'rate_power': 0.7092289262727424}. Best is trial 316 with value: 0.6106382345283041.
[I 2026-05-22 18:02:20,575] Trial 335 finished with value: 0.6081172572920405 and parameters: {'rain_shift': 2.411754843109547, 'ign_k': 0.5071582029862515, 'rate_power': 0.7013919040221858}. Best is trial 316 with value: 0.6106382345283041.
[I 2026-05-22 18:02:20,924] Trial 336 finished with value: 0.5929066578317298 and parameters: {'rain_shift': 3.0704209448966577, 'ign_k': 0.7289049774625376, 'rate_power': 0.7117543724020003}. Best is trial 316 with value: 0.6106382345283041.
[I 2026-05-22 18:02:21,272] Trial 337 finished with value: 0.5954591114623222 and parameters: {'rain_shift': 2.0172576909072393, 'ign_k': 1.0042555918586205, 'rate_power': 0.886809650661798}. Best is trial 316 with value: 0.6106382345283041.
[I 2026-05-22 18:02:21,625] Trial 338 finished with value: 0.5322005933658172 and parameters: {'rain_shift': 8.764174259647158, 'ign_k': 0.9131203821071356, 'rate_power': 1.103293544582052}. Best is trial 316 with value: 0.6106382345283041.
[I 2026-05-22 18:02:21,978] Trial 339 finished with value: 0.6082508812123473 and parameters: {'rain_shift': 1.053294328508206, 'ign_k': 0.6493234492703229, 'rate_power': 0.8166623543936645}. Best is trial 316 with value: 0.6106382345283041.
[I 2026-05-22 18:02:22,330] Trial 340 finished with value: 0.5880316540303034 and parameters: {'rain_shift': 4.4526230569378065, 'ign_k': 0.24072493035994813, 'rate_power': 0.7166465971670224}. Best is trial 316 with value: 0.6106382345283041.
[I 2026-05-22 18:02:22,683] Trial 341 finished with value: 0.6095399294207682 and parameters: {'rain_shift': 1.6045984077722635, 'ign_k': 0.8189524333702382, 'rate_power': 0.7017210427756508}. Best is trial 316 with value: 0.6106382345283041.
[I 2026-05-22 18:02:23,035] Trial 342 finished with value: 0.5955973418798264 and parameters: {'rain_shift': 2.6219611231505193, 'ign_k': 1.0325791513958256, 'rate_power': 0.7002230518963661}. Best is trial 316 with value: 0.6106382345283041.
[I 2026-05-22 18:02:23,387] Trial 343 finished with value: 0.596501475769679 and parameters: {'rain_shift': 0.9358020659205016, 'ign_k': 0.4605144339154351, 'rate_power': 0.7202749790054522}. Best is trial 316 with value: 0.6106382345283041.
[I 2026-05-22 18:02:23,741] Trial 344 finished with value: 0.6063585826319821 and parameters: {'rain_shift': 1.6242656249495044, 'ign_k': 1.1388071385739922, 'rate_power': 0.7349782685592675}. Best is trial 316 with value: 0.6106382345283041.
[I 2026-05-22 18:02:24,094] Trial 345 finished with value: 0.6104689669274261 and parameters: {'rain_shift': 1.6583402128382052, 'ign_k': 0.6187919020360658, 'rate_power': 0.7009697054623665}. Best is trial 316 with value: 0.6106382345283041.
[I 2026-05-22 18:02:24,445] Trial 346 finished with value: 0.6063337778951126 and parameters: {'rain_shift': 1.4204824882352263, 'ign_k': 1.0353000715078622, 'rate_power': 0.7120756867748744}. Best is trial 316 with value: 0.6106382345283041.
[I 2026-05-22 18:02:24,805] Trial 347 finished with value: 0.60914158694503 and parameters: {'rain_shift': 1.8384388651143202, 'ign_k': 0.4723859379055347, 'rate_power': 0.7059225935604199}. Best is trial 316 with value: 0.6106382345283041.
[I 2026-05-22 18:02:25,157] Trial 348 finished with value: 0.5821986628475934 and parameters: {'rain_shift': 4.350982290055189, 'ign_k': 0.5200132474593312, 'rate_power': 0.7268819486681836}. Best is trial 316 with value: 0.6106382345283041.
[I 2026-05-22 18:02:25,505] Trial 349 finished with value: 0.6097857596894659 and parameters: {'rain_shift': 1.5113033612462778, 'ign_k': 0.6500938205625673, 'rate_power': 0.7160461997666697}. Best is trial 316 with value: 0.6106382345283041.
[I 2026-05-22 18:02:25,853] Trial 350 finished with value: 0.6053394601765693 and parameters: {'rain_shift': 1.1426955296279282, 'ign_k': 0.7508033127663092, 'rate_power': 0.7113993304205665}. Best is trial 316 with value: 0.6106382345283041.
[I 2026-05-22 18:02:26,199] Trial 351 finished with value: 0.6104332937823888 and parameters: {'rain_shift': 1.6455052082677455, 'ign_k': 0.5946624040438543, 'rate_power': 0.7036009303483193}. Best is trial 316 with value: 0.6106382345283041.
[I 2026-05-22 18:02:26,547] Trial 352 finished with value: 0.6085976318355222 and parameters: {'rain_shift': 1.6653006564714292, 'ign_k': 0.4768178580832267, 'rate_power': 0.7163692337641115}. Best is trial 316 with value: 0.6106382345283041.
[I 2026-05-22 18:02:26,895] Trial 353 finished with value: 0.5969032596751636 and parameters: {'rain_shift': 2.8237100679750213, 'ign_k': 0.7292126311172907, 'rate_power': 0.7049509447202689}. Best is trial 316 with value: 0.6106382345283041.
[I 2026-05-22 18:02:27,251] Trial 354 finished with value: 0.6089505328052512 and parameters: {'rain_shift': 1.4350262068997361, 'ign_k': 0.6125179160373722, 'rate_power': 0.7074263196433077}. Best is trial 316 with value: 0.6106382345283041.
[I 2026-05-22 18:02:27,604] Trial 355 finished with value: 0.587913522051323 and parameters: {'rain_shift': 0.05755975583787043, 'ign_k': 1.1243108067265901, 'rate_power': 0.7423346048182301}. Best is trial 316 with value: 0.6106382345283041.
