[I 2026-05-22 17:44:27,983] Trial 379 finished with value: 0.5578420604612107 and parameters: {'k1': 0.010337110529547472, 'D_low': 74.48811527747506, 'k2': 0.00039382348184246985, 'D_high': 78.1904675741391, 'fire_exp': 0.4296688883516359, 'P_half': 3352.827343080344, 'pre_dampen_half': 8.09303115188686, 'gpp_af': 0.028649057906517054, 'gpp_b': 8.557551420628249e-06, 'gpp_d': 5.8369523810283095, 'ign_k': 1.237535325001179, 'ign_c': 3.4964073394614528, 'dryanom_half': 12.06179815966866, 'dry_amp': 0.021479899031880766}. Best is trial 0 with value: 0.6103502735484728.
[I 2026-05-22 17:44:28,460] Trial 380 finished with value: 0.5349737209060932 and parameters: {'k1': 0.0007250351266866255, 'D_low': 45.54489258582507, 'k2': 0.012286801525405134, 'D_high': 716.2403235019485, 'fire_exp': 0.43522175116715967, 'P_half': 1460.4071403939454, 'pre_dampen_half': 655.4092153284447, 'gpp_af': 0.0015743311856264962, 'gpp_b': 9.854407404685792e-05, 'gpp_d': 0.10575011062393021, 'ign_k': 0.338497765477941, 'ign_c': 9.412699216236934, 'dryanom_half': 1.4407497735777137, 'dry_amp': 0.48892111560328433}. Best is trial 0 with value: 0.6103502735484728.
[I 2026-05-22 17:44:28,937] Trial 381 finished with value: 0.43437247501933435 and parameters: {'k1': 0.00012119523048785236, 'D_low': 15.402788763685866, 'k2': 0.0024669005826239683, 'D_high': 2183.8971313948196, 'fire_exp': 0.7395502515555907, 'P_half': 18.52924876820418, 'pre_dampen_half': 251.70235644036177, 'gpp_af': 0.1999105920268078, 'gpp_b': 1.0648666245972353e-06, 'gpp_d': 0.01461521796395344, 'ign_k': 1.0675056142691128, 'ign_c': 35.92534484647934, 'dryanom_half': 2.523174103147016, 'dry_amp': 0.21198095428115146}. Best is trial 0 with value: 0.6103502735484728.
[I 2026-05-22 17:44:29,415] Trial 382 finished with value: 0.5877368866349622 and parameters: {'k1': 0.00029806644952271505, 'D_low': 41.077924263801215, 'k2': 0.009838684123959303, 'D_high': 1515.5982221902798, 'fire_exp': 0.4417472549551207, 'P_half': 2041.463355378179, 'pre_dampen_half': 12.571846561404495, 'gpp_af': 0.011949912270574297, 'gpp_b': 1.8625121400588894e-05, 'gpp_d': 0.05152550372636526, 'ign_k': 0.6084898523318598, 'ign_c': 17.722117913214998, 'dryanom_half': 6.42714452928725, 'dry_amp': 0.17936484020135549}. Best is trial 0 with value: 0.6103502735484728.
[I 2026-05-22 17:44:29,895] Trial 383 finished with value: 0.3994490055432051 and parameters: {'k1': 0.02613757849326028, 'D_low': 14.45335961272945, 'k2': 0.0021955550546892753, 'D_high': 910.3151344974932, 'fire_exp': 0.7081388432724609, 'P_half': 383.06464725413446, 'pre_dampen_half': 205.05766492319853, 'gpp_af': 0.01156292278677194, 'gpp_b': 6.578981974475182e-06, 'gpp_d': 1.697891859529171, 'ign_k': 1.38819500245292, 'ign_c': 65.98379536601122, 'dryanom_half': 27.1064474110381, 'dry_amp': 0.1316503738761992}. Best is trial 0 with value: 0.6103502735484728.
[I 2026-05-22 17:44:30,375] Trial 384 finished with value: 0.3994490055432051 and parameters: {'k1': 0.0005560774810152184, 'D_low': 55.40381174366464, 'k2': 0.0012857025856274522, 'D_high': 611.4437315759131, 'fire_exp': 0.5611957243471656, 'P_half': 1615.2192583796623, 'pre_dampen_half': 12.817969809868652, 'gpp_af': 0.034480385234416995, 'gpp_b': 4.664281212884344e-06, 'gpp_d': 2.818671697613358, 'ign_k': 0.46647572537916654, 'ign_c': 555.2394452450648, 'dryanom_half': 1.0843201598097167, 'dry_amp': 0.20675070523251826}. Best is trial 0 with value: 0.6103502735484728.
[I 2026-05-22 17:44:30,853] Trial 385 finished with value: 0.5434585024095197 and parameters: {'k1': 0.00011850071484584133, 'D_low': 127.56837144659032, 'k2': 0.029254934817960453, 'D_high': 4398.414078857537, 'fire_exp': 0.3712335316259941, 'P_half': 128.93788170775647, 'pre_dampen_half': 21.018150097090732, 'gpp_af': 0.5076096265792687, 'gpp_b': 1.0014410960512962e-06, 'gpp_d': 0.20613504116101244, 'ign_k': 0.9623065365262126, 'ign_c': 3.110448197273158, 'dryanom_half': 3.1684818346334587, 'dry_amp': 0.06808547084586478}. Best is trial 0 with value: 0.6103502735484728.
[I 2026-05-22 17:44:31,331] Trial 386 finished with value: 0.5217901606798557 and parameters: {'k1': 0.004859072521655228, 'D_low': 31.089223364655943, 'k2': 0.004406287329377646, 'D_high': 556.7119173552228, 'fire_exp': 1.0964582495673443, 'P_half': 634.5308042557706, 'pre_dampen_half': 17.214525887301168, 'gpp_af': 0.0019297614778456685, 'gpp_b': 9.487790759270154e-06, 'gpp_d': 0.8425825961045534, 'ign_k': 2.4528419180526386, 'ign_c': 7.327228694161696, 'dryanom_half': 45.44067328868433, 'dry_amp': 0.2799162207436629}. Best is trial 0 with value: 0.6103502735484728.
[I 2026-05-22 17:44:31,812] Trial 387 finished with value: 0.5053241769153924 and parameters: {'k1': 0.0002619241936568271, 'D_low': 8.513017072806583, 'k2': 0.01885236732536567, 'D_high': 4097.926139830359, 'fire_exp': 0.5747925188720531, 'P_half': 36.23855315469313, 'pre_dampen_half': 2.325364388638982, 'gpp_af': 0.35786189203304347, 'gpp_b': 2.8297435400658455e-06, 'gpp_d': 0.010540482721010803, 'ign_k': 1.7425159471912315, 'ign_c': 5.931203297427962, 'dryanom_half': 4.289059114182099, 'dry_amp': 0.3266617502920365}. Best is trial 0 with value: 0.6103502735484728.
[I 2026-05-22 17:44:32,293] Trial 388 finished with value: 0.5633610040690978 and parameters: {'k1': 0.016464790567092276, 'D_low': 27.694568690294105, 'k2': 0.0018382622003045236, 'D_high': 45.19856377492443, 'fire_exp': 0.4132267105510347, 'P_half': 0.7261797958253563, 'pre_dampen_half': 7.005063779027825, 'gpp_af': 0.0037149765214269425, 'gpp_b': 1.1669247390168238e-05, 'gpp_d': 219.68241575876573, 'ign_k': 1.9907171948521227, 'ign_c': 1.1570285882767664, 'dryanom_half': 5.143070770512613, 'dry_amp': 0.639509897492758}. Best is trial 0 with value: 0.6103502735484728.
[I 2026-05-22 17:44:32,773] Trial 389 finished with value: 0.5281991739814372 and parameters: {'k1': 0.007673719989166417, 'D_low': 53.67144195957251, 'k2': 0.00012086343667874243, 'D_high': 2012.1312389880109, 'fire_exp': 0.9991527075926193, 'P_half': 26.56577904707838, 'pre_dampen_half': 1.0268451688655342, 'gpp_af': 22.494374139179936, 'gpp_b': 0.0002445885442772255, 'gpp_d': 57.57554451727668, 'ign_k': 1.5195822898832432, 'ign_c': 1.8316139749898994, 'dryanom_half': 0.2725244438641324, 'dry_amp': 0.11843578529574303}. Best is trial 0 with value: 0.6103502735484728.
[I 2026-05-22 17:44:33,254] Trial 390 finished with value: 0.5786194563175578 and parameters: {'k1': 0.00025995257212700303, 'D_low': 138.37854165879747, 'k2': 0.0031151567993549165, 'D_high': 5787.851464365157, 'fire_exp': 0.38106508544591533, 'P_half': 454.13543939181494, 'pre_dampen_half': 3.0670240655773533, 'gpp_af': 0.00662549611680076, 'gpp_b': 7.464539443226535e-05, 'gpp_d': 0.081688632165853, 'ign_k': 0.5666762044311456, 'ign_c': 12.086564117085121, 'dryanom_half': 4.649520811775943, 'dry_amp': 0.22558933887052132}. Best is trial 0 with value: 0.6103502735484728.
[I 2026-05-22 17:44:33,734] Trial 391 finished with value: 0.5769873570745557 and parameters: {'k1': 0.00021145732848733815, 'D_low': 8.231930738749863, 'k2': 0.016267506936842722, 'D_high': 805.7328105743057, 'fire_exp': 0.5342958685183374, 'P_half': 11.572268662814004, 'pre_dampen_half': 49.72297002133425, 'gpp_af': 0.004347675581183945, 'gpp_b': 1.0636640854184179e-05, 'gpp_d': 0.02389585810205202, 'ign_k': 0.9167499817615665, 'ign_c': 15.85813713379299, 'dryanom_half': 5.071107487009763, 'dry_amp': 0.23549587803323457}. Best is trial 0 with value: 0.6103502735484728.
[I 2026-05-22 17:44:34,215] Trial 392 finished with value: 0.5520847973780136 and parameters: {'k1': 0.06017927846604388, 'D_low': 1.3632253084043193, 'k2': 0.04662673581627026, 'D_high': 51193.24215509347, 'fire_exp': 0.4110744849732013, 'P_half': 0.15289644249686302, 'pre_dampen_half': 2.251265044571471, 'gpp_af': 0.009194466146897057, 'gpp_b': 6.464206832862865e-05, 'gpp_d': 1.0467027078521354, 'ign_k': 0.6340082762828403, 'ign_c': 0.6447339823340078, 'dryanom_half': 0.5527437799519969, 'dry_amp': 0.18077386168059834}. Best is trial 0 with value: 0.6103502735484728.
[I 2026-05-22 17:44:34,693] Trial 393 finished with value: 0.3994490055432051 and parameters: {'k1': 0.0004951195415661351, 'D_low': 30.029881229547964, 'k2': 0.009659395783094648, 'D_high': 1722.4801959524411, 'fire_exp': 0.5427054215172794, 'P_half': 1219.4782193382448, 'pre_dampen_half': 18.071005405191915, 'gpp_af': 0.012426622528768078, 'gpp_b': 1.953044486658261e-06, 'gpp_d': 0.045253792995581806, 'ign_k': 1.9959471406496494, 'ign_c': 71.51474564033336, 'dryanom_half': 7.93380485019057, 'dry_amp': 0.19026583436579336}. Best is trial 0 with value: 0.6103502735484728.
[I 2026-05-22 17:44:35,177] Trial 394 finished with value: 0.5543421590458603 and parameters: {'k1': 0.008937578274341456, 'D_low': 9.173896016793556, 'k2': 0.000364988039491866, 'D_high': 60258.32703149332, 'fire_exp': 1.4288220925301889, 'P_half': 147.29930221689594, 'pre_dampen_half': 16.090891527188646, 'gpp_af': 0.17012423870539184, 'gpp_b': 8.258600523999978e-06, 'gpp_d': 0.07259494750303715, 'ign_k': 0.9273916677792176, 'ign_c': 5.20172611222281, 'dryanom_half': 0.1437278114403611, 'dry_amp': 0.8635087751219224}. Best is trial 0 with value: 0.6103502735484728.
[I 2026-05-22 17:44:35,654] Trial 395 finished with value: 0.5544578325244943 and parameters: {'k1': 0.0030113326855811698, 'D_low': 19.773518042688192, 'k2': 0.019582139727385244, 'D_high': 3081.4224550151525, 'fire_exp': 2.1775239186675828, 'P_half': 0.19229300015840295, 'pre_dampen_half': 43.562569411341755, 'gpp_af': 0.009758137549885058, 'gpp_b': 7.50730941302993e-06, 'gpp_d': 0.08602912213705025, 'ign_k': 1.107304539801801, 'ign_c': 0.3425150044374902, 'dryanom_half': 2.2461018449905, 'dry_amp': 0.05450909308135575}. Best is trial 0 with value: 0.6103502735484728.
[I 2026-05-22 17:44:36,135] Trial 396 finished with value: 0.44997094717148495 and parameters: {'k1': 0.016396039521128714, 'D_low': 1.5745669702482408, 'k2': 0.0006033712470654815, 'D_high': 354.27295624451324, 'fire_exp': 0.7094999682394335, 'P_half': 3.908236923457505, 'pre_dampen_half': 0.032159011616037875, 'gpp_af': 0.088814078725736, 'gpp_b': 6.377702304730608e-05, 'gpp_d': 619.6618116644212, 'ign_k': 3.2095809797652586, 'ign_c': 27.49973011880992, 'dryanom_half': 33.12578529108961, 'dry_amp': 0.14276869801742387}. Best is trial 0 with value: 0.6103502735484728.
[I 2026-05-22 17:44:36,615] Trial 397 finished with value: 0.560150341329889 and parameters: {'k1': 0.04651771498306221, 'D_low': 17.84762499810756, 'k2': 0.005777726567165621, 'D_high': 923.0912559036612, 'fire_exp': 0.3571580266682947, 'P_half': 2.3991511217654957, 'pre_dampen_half': 1.6705750698030974, 'gpp_af': 2.60426670022454, 'gpp_b': 0.0019130982290462097, 'gpp_d': 6.302799941897903, 'ign_k': 6.0170095881805645, 'ign_c': 24.947246268031815, 'dryanom_half': 1.8143342577606685, 'dry_amp': 0.028510229984121397}. Best is trial 0 with value: 0.6103502735484728.
[I 2026-05-22 17:44:37,090] Trial 398 finished with value: 0.4785849234449734 and parameters: {'k1': 3.897662719821263e-05, 'D_low': 3.447476679453845, 'k2': 0.062498788588623226, 'D_high': 521.8969798253369, 'fire_exp': 0.6340187520595879, 'P_half': 2989.533276131018, 'pre_dampen_half': 2.0501224601169064, 'gpp_af': 0.03988981600308834, 'gpp_b': 2.2388322176512116e-05, 'gpp_d': 0.021993311464512135, 'ign_k': 1.5353956807835134, 'ign_c': 1.8725754136610548, 'dryanom_half': 3.7178529295793563, 'dry_amp': 0.08949280065693992}. Best is trial 0 with value: 0.6103502735484728.
[I 2026-05-22 17:44:37,586] Trial 399 finished with value: 0.43334169093049035 and parameters: {'k1': 0.005030690319069745, 'D_low': 34.735833413402354, 'k2': 0.009664467527405445, 'D_high': 45.10348156806492, 'fire_exp': 1.890511774653749, 'P_half': 7.260106042102961, 'pre_dampen_half': 93.75279030297168, 'gpp_af': 0.003911981988985629, 'gpp_b': 3.2009690374310226e-06, 'gpp_d': 29.452079464522413, 'ign_k': 7.289749546670999, 'ign_c': 13.219842457280711, 'dryanom_half': 0.17932517151668056, 'dry_amp': 0.2834616646614557}. Best is trial 0 with value: 0.6103502735484728.
[I 2026-05-22 17:44:38,106] Trial 400 finished with value: 0.44195139526409655 and parameters: {'k1': 0.008357645992853581, 'D_low': 267.489505321226, 'k2': 0.002049672347923612, 'D_high': 665.601501456609, 'fire_exp': 0.6208210998375535, 'P_half': 8.431460155984364, 'pre_dampen_half': 6.821891835397759, 'gpp_af': 2.032309624850835, 'gpp_b': 1.2858385862620758e-05, 'gpp_d': 54.484722335546685, 'ign_k': 0.9828060522033083, 'ign_c': 35.382438002244896, 'dryanom_half': 3.5552993261319346, 'dry_amp': 0.0685658555363965}. Best is trial 0 with value: 0.6103502735484728.
[I 2026-05-22 17:44:38,592] Trial 401 finished with value: 0.5813900380337655 and parameters: {'k1': 0.007107461802101335, 'D_low': 115.56185930813469, 'k2': 7.62073511191184e-05, 'D_high': 167.74883223531504, 'fire_exp': 0.41801165284281944, 'P_half': 376.9821417308227, 'pre_dampen_half': 5.816794276360883, 'gpp_af': 19.9144420989821, 'gpp_b': 0.0002043735865915186, 'gpp_d': 171.59464543061867, 'ign_k': 9.974777319095667, 'ign_c': 13.11140170035523, 'dryanom_half': 76.91521328376487, 'dry_amp': 0.06428162294518242}. Best is trial 0 with value: 0.6103502735484728.
[I 2026-05-22 17:44:39,082] Trial 402 finished with value: 0.5602095918602947 and parameters: {'k1': 0.03681175421100325, 'D_low': 2.284285888988762, 'k2': 0.0003498604953481193, 'D_high': 58.4688399489829, 'fire_exp': 0.47240526648150843, 'P_half': 0.6197481107703788, 'pre_dampen_half': 2.8689024641869305, 'gpp_af': 0.0697347708409415, 'gpp_b': 3.346901776436079e-05, 'gpp_d': 629.867403462891, 'ign_k': 1.5842016227573334, 'ign_c': 2.6820163665366006, 'dryanom_half': 227.8275056349135, 'dry_amp': 0.28814846079998047}. Best is trial 0 with value: 0.6103502735484728.
[I 2026-05-22 17:44:39,568] Trial 403 finished with value: 0.5555958834948633 and parameters: {'k1': 0.002604664548594094, 'D_low': 45.44351523913787, 'k2': 0.00018579327209365296, 'D_high': 146.9297664188312, 'fire_exp': 0.4316740717777596, 'P_half': 947.1350444017475, 'pre_dampen_half': 2.076169929051933, 'gpp_af': 28.816489623657134, 'gpp_b': 0.011544379453620525, 'gpp_d': 34.61238170778218, 'ign_k': 5.291440808374602, 'ign_c': 6.511429717359325, 'dryanom_half': 81.80959102080597, 'dry_amp': 0.2357220085143458}. Best is trial 0 with value: 0.6103502735484728.
[I 2026-05-22 17:44:40,049] Trial 404 finished with value: 0.47052182063061077 and parameters: {'k1': 0.005473137803629177, 'D_low': 2.80593137058603, 'k2': 0.0016315208307285038, 'D_high': 8734.422255981031, 'fire_exp': 6.711898996083544, 'P_half': 23.02440753218041, 'pre_dampen_half': 107.59437025724354, 'gpp_af': 0.009167828317605747, 'gpp_b': 0.002686372539637968, 'gpp_d': 2.585506903377189, 'ign_k': 4.402775980104398, 'ign_c': 6.752740221712197, 'dryanom_half': 0.2562685462327825, 'dry_amp': 0.6363700788558587}. Best is trial 0 with value: 0.6103502735484728.
[I 2026-05-22 17:44:40,536] Trial 405 finished with value: 0.586920876878311 and parameters: {'k1': 0.07910524381418321, 'D_low': 38.029570300924156, 'k2': 0.05669893105658538, 'D_high': 21617.571063539388, 'fire_exp': 3.6200926939573392, 'P_half': 0.3658514542999502, 'pre_dampen_half': 40.24395441378094, 'gpp_af': 0.020297672911829753, 'gpp_b': 1.7849203144900823e-06, 'gpp_d': 0.25069410223846045, 'ign_k': 0.20337931730870248, 'ign_c': 1.007416097902174, 'dryanom_half': 0.37541826738765066, 'dry_amp': 0.10680559517968896}. Best is trial 0 with value: 0.6103502735484728.
[I 2026-05-22 17:44:41,017] Trial 406 finished with value: 0.5412945279407204 and parameters: {'k1': 0.01139724540757591, 'D_low': 1.5320092477414606, 'k2': 3.790007261853011e-05, 'D_high': 32.76700561288433, 'fire_exp': 0.9515194793821655, 'P_half': 0.3003586992074963, 'pre_dampen_half': 52.93171373329149, 'gpp_af': 1.3745409554261308, 'gpp_b': 3.2509279675173508e-06, 'gpp_d': 0.31988132635906086, 'ign_k': 9.49539845982644, 'ign_c': 5.505223275246359, 'dryanom_half': 0.6078758756427363, 'dry_amp': 0.6159422413476422}. Best is trial 0 with value: 0.6103502735484728.
[I 2026-05-22 17:44:41,498] Trial 407 finished with value: 0.5662029311830847 and parameters: {'k1': 0.0735406982565485, 'D_low': 1.389625973586318, 'k2': 0.0009702503350740206, 'D_high': 2749.2724860374374, 'fire_exp': 0.5343132918309351, 'P_half': 8.400932554383205, 'pre_dampen_half': 4.515195578374751, 'gpp_af': 0.020482492243237897, 'gpp_b': 0.0001516562060720617, 'gpp_d': 111.89753524096902, 'ign_k': 3.14243199846541, 'ign_c': 3.667085441475679, 'dryanom_half': 17.74946028937408, 'dry_amp': 0.022895692272894064}. Best is trial 0 with value: 0.6103502735484728.
[I 2026-05-22 17:44:41,979] Trial 408 finished with value: 0.5451552291889954 and parameters: {'k1': 0.0009228822667838414, 'D_low': 82.47235805125179, 'k2': 3.8680422140766844e-05, 'D_high': 23.419892648412503, 'fire_exp': 0.45842781496002155, 'P_half': 2083.401498560295, 'pre_dampen_half': 105.02549386162706, 'gpp_af': 1.5404690878616014, 'gpp_b': 2.5892619387173846e-05, 'gpp_d': 607.1316808115652, 'ign_k': 4.1306736743566965, 'ign_c': 1.7994098673370835, 'dryanom_half': 23.552076746743236, 'dry_amp': 0.062098776987932126}. Best is trial 0 with value: 0.6103502735484728.
[I 2026-05-22 17:44:42,460] Trial 409 finished with value: 0.41706254447819197 and parameters: {'k1': 0.02114586034878299, 'D_low': 526.8550793805628, 'k2': 0.03778628077300413, 'D_high': 3772.3741648607474, 'fire_exp': 8.685609365484277, 'P_half': 0.868739627555643, 'pre_dampen_half': 0.6357868246509921, 'gpp_af': 0.10887122432453712, 'gpp_b': 6.516516350807191e-05, 'gpp_d': 0.018230490677115855, 'ign_k': 0.3156087995961537, 'ign_c': 1.1964949907827622, 'dryanom_half': 0.15354004417437306, 'dry_amp': 0.18785171937927397}. Best is trial 0 with value: 0.6103502735484728.
[I 2026-05-22 17:44:42,940] Trial 410 finished with value: 0.5512325309997975 and parameters: {'k1': 0.08600597666884781, 'D_low': 6.904708461480711, 'k2': 0.0011177005413970183, 'D_high': 422.09670821893076, 'fire_exp': 0.39081812334495836, 'P_half': 3.620909112666257, 'pre_dampen_half': 0.06638557660983319, 'gpp_af': 0.3052749805034392, 'gpp_b': 8.217709760548738e-06, 'gpp_d': 64.36521906415945, 'ign_k': 0.2517673196439268, 'ign_c': 14.762661997024557, 'dryanom_half': 5.577986489498917, 'dry_amp': 0.2607309047879743}. Best is trial 0 with value: 0.6103502735484728.
[I 2026-05-22 17:44:43,420] Trial 411 finished with value: 0.3994490055432051 and parameters: {'k1': 0.0006927684389045494, 'D_low': 1.6366680225541228, 'k2': 0.03263949276433351, 'D_high': 362.5623689480804, 'fire_exp': 0.36445971154521256, 'P_half': 2068.9166880082726, 'pre_dampen_half': 145.40259349116, 'gpp_af': 0.11780226124134249, 'gpp_b': 6.56541955657829e-06, 'gpp_d': 0.01999773944752591, 'ign_k': 3.262950465243721, 'ign_c': 66.63361353591522, 'dryanom_half': 81.21989201695992, 'dry_amp': 0.27158214244441803}. Best is trial 0 with value: 0.6103502735484728.
[I 2026-05-22 17:44:43,898] Trial 412 finished with value: 0.5047998147862687 and parameters: {'k1': 0.006768477163179185, 'D_low': 95.48977270815796, 'k2': 0.00047710201461309326, 'D_high': 5858.8415908382385, 'fire_exp': 0.6002455973875157, 'P_half': 340.94066064724143, 'pre_dampen_half': 752.6738731690724, 'gpp_af': 0.4060751420033696, 'gpp_b': 0.004198039382650248, 'gpp_d': 979.9956915865387, 'ign_k': 7.0762386954761345, 'ign_c': 7.542231010293957, 'dryanom_half': 431.0578697384272, 'dry_amp': 0.05543773323866052}. Best is trial 0 with value: 0.6103502735484728.
[I 2026-05-22 17:44:44,375] Trial 413 finished with value: 0.5543508227941725 and parameters: {'k1': 0.0054272377252356134, 'D_low': 14.0736547748253, 'k2': 2.7336745052143787e-05, 'D_high': 152.23624651506162, 'fire_exp': 0.3600081901221539, 'P_half': 33.69573761167602, 'pre_dampen_half': 2.3368892283811458, 'gpp_af': 18.34575392408642, 'gpp_b': 0.00012353382533603449, 'gpp_d': 2.548596527411993, 'ign_k': 9.706924147595517, 'ign_c': 6.503118284758818, 'dryanom_half': 0.1747969951099181, 'dry_amp': 0.4304982058623482}. Best is trial 0 with value: 0.6103502735484728.
[I 2026-05-22 17:44:44,851] Trial 414 finished with value: 0.4226868328008448 and parameters: {'k1': 0.01639071929688729, 'D_low': 38.76319179545302, 'k2': 0.0017373423771716897, 'D_high': 1234.310290863488, 'fire_exp': 0.40475126959634455, 'P_half': 6460.611624900985, 'pre_dampen_half': 8.545381889325522, 'gpp_af': 1.0002807903114923, 'gpp_b': 1.3891762381754414e-06, 'gpp_d': 7.088915519757156, 'ign_k': 2.411115682200306, 'ign_c': 41.213598582419095, 'dryanom_half': 257.4179710752679, 'dry_amp': 0.06109925758142827}. Best is trial 0 with value: 0.6103502735484728.
[I 2026-05-22 17:44:45,334] Trial 415 finished with value: 0.553847840895534 and parameters: {'k1': 0.007419218301037564, 'D_low': 176.24345712438884, 'k2': 0.001586103880027075, 'D_high': 12769.247115830647, 'fire_exp': 0.7470689871050078, 'P_half': 991.897396507425, 'pre_dampen_half': 409.50190481353707, 'gpp_af': 0.019772192233306427, 'gpp_b': 0.00022280672701646548, 'gpp_d': 0.6125622394209819, 'ign_k': 1.4620776951806422, 'ign_c': 3.06720110934075, 'dryanom_half': 134.44414442511666, 'dry_amp': 0.30384694778059934}. Best is trial 0 with value: 0.6103502735484728.
[I 2026-05-22 17:44:45,813] Trial 416 finished with value: 0.5799567064902367 and parameters: {'k1': 0.023077547919915047, 'D_low': 82.81140698672694, 'k2': 0.07528233948508278, 'D_high': 42199.077243888634, 'fire_exp': 4.364734072012761, 'P_half': 0.18611145135058044, 'pre_dampen_half': 21.45513914167026, 'gpp_af': 0.05184480233153755, 'gpp_b': 6.434020293183164e-06, 'gpp_d': 0.7107168189738854, 'ign_k': 0.3283420675745442, 'ign_c': 1.0690645854902139, 'dryanom_half': 1.0125107482552345, 'dry_amp': 0.15529003492096505}. Best is trial 0 with value: 0.6103502735484728.
