[I 2026-05-22 17:42:02,645] Trial 75 finished with value: 0.5255641818701604 and parameters: {'k1': 0.09590935221084686, 'D_low': 3.8012674080750957, 'k2': 3.879619706585783e-05, 'D_high': 5758.073012194458, 'fire_exp': 0.6932163918539773, 'P_half': 19.807574222462694, 'pre_dampen_half': 0.690028311550342, 'gpp_af': 0.6154440413578118, 'gpp_b': 7.71713451199716e-05, 'gpp_d': 14.310992591513704, 'ign_k': 4.765008268183465, 'ign_c': 11.927630907665186, 'dryanom_half': 350.1297038198349, 'dry_amp': 0.5561528519101824}. Best is trial 0 with value: 0.6103502735484728.
[I 2026-05-22 17:42:03,127] Trial 76 finished with value: 0.5347323477003582 and parameters: {'k1': 0.04442535782012782, 'D_low': 3.6339070549148804, 'k2': 1.2085529595779125e-05, 'D_high': 2231.335371719154, 'fire_exp': 0.6261326839134636, 'P_half': 76.59285550497893, 'pre_dampen_half': 9.06678520329373, 'gpp_af': 0.8936068409366827, 'gpp_b': 2.214930545607617e-06, 'gpp_d': 67.52900515730242, 'ign_k': 0.01731631383412567, 'ign_c': 18.64702671439771, 'dryanom_half': 22.023457106458164, 'dry_amp': 0.4843706185801102}. Best is trial 0 with value: 0.6103502735484728.
[I 2026-05-22 17:42:03,603] Trial 77 finished with value: 0.3994490055432051 and parameters: {'k1': 0.09723074913814243, 'D_low': 3.8436634635148623, 'k2': 5.718781203267534e-05, 'D_high': 32335.19922922153, 'fire_exp': 0.41067143702315184, 'P_half': 6275.008412094113, 'pre_dampen_half': 145.7296465494813, 'gpp_af': 0.13158918232170722, 'gpp_b': 0.00106025754653743, 'gpp_d': 11.828066458816243, 'ign_k': 1.6511933848294285, 'ign_c': 107.8569265787793, 'dryanom_half': 17.88065066494416, 'dry_amp': 0.5620787903769322}. Best is trial 0 with value: 0.6103502735484728.
[I 2026-05-22 17:42:04,080] Trial 78 finished with value: 0.552776579623711 and parameters: {'k1': 0.06322026639631724, 'D_low': 1.6476485334908224, 'k2': 0.00011819986799113544, 'D_high': 138.6106150625441, 'fire_exp': 0.6271966405254814, 'P_half': 200.86957778048506, 'pre_dampen_half': 32.01909053214164, 'gpp_af': 0.028166863774572917, 'gpp_b': 1.960640085480857e-06, 'gpp_d': 39.71306616037512, 'ign_k': 6.800336794462683, 'ign_c': 0.47038394582349125, 'dryanom_half': 97.91828171987787, 'dry_amp': 0.12017881424676086}. Best is trial 0 with value: 0.6103502735484728.
[I 2026-05-22 17:42:04,560] Trial 79 finished with value: 0.4575181051508876 and parameters: {'k1': 0.011100118374237423, 'D_low': 15.392110544344273, 'k2': 0.0002936587989347155, 'D_high': 1664.5495689110921, 'fire_exp': 0.9117754900928347, 'P_half': 7168.061797308404, 'pre_dampen_half': 20.28096132091506, 'gpp_af': 0.27147604386877916, 'gpp_b': 1.4248403415402186e-06, 'gpp_d': 166.1529176623367, 'ign_k': 0.22225679143950047, 'ign_c': 34.73239688456658, 'dryanom_half': 119.98848299255374, 'dry_amp': 0.32967759376142425}. Best is trial 0 with value: 0.6103502735484728.
[I 2026-05-22 17:42:05,036] Trial 80 finished with value: 0.3994490055432051 and parameters: {'k1': 0.05996160680890854, 'D_low': 4.101075530810701, 'k2': 0.0007391364572875305, 'D_high': 2788.302100777174, 'fire_exp': 0.4625209039389537, 'P_half': 613.0421062184511, 'pre_dampen_half': 5.628522439045718, 'gpp_af': 0.0035491004907616587, 'gpp_b': 2.7339114551394324e-05, 'gpp_d': 4.485389393856001, 'ign_k': 8.20974013042834, 'ign_c': 868.3739017922155, 'dryanom_half': 97.88541370900651, 'dry_amp': 0.06073488056560315}. Best is trial 0 with value: 0.6103502735484728.
[I 2026-05-22 17:42:05,509] Trial 81 finished with value: 0.3994490055432051 and parameters: {'k1': 0.08120187496649717, 'D_low': 98.13483699047872, 'k2': 2.8121981520468746e-05, 'D_high': 4260.072306363743, 'fire_exp': 0.46070066276816435, 'P_half': 219.00133664284596, 'pre_dampen_half': 1.6897780167144887, 'gpp_af': 0.014454661539274107, 'gpp_b': 2.1777926649753248e-06, 'gpp_d': 609.2142396565347, 'ign_k': 2.7572793210180904, 'ign_c': 64.42212594373197, 'dryanom_half': 83.8780146367259, 'dry_amp': 0.3678640200654071}. Best is trial 0 with value: 0.6103502735484728.
[I 2026-05-22 17:42:05,985] Trial 82 finished with value: 0.5300671681562175 and parameters: {'k1': 0.0027787977618827877, 'D_low': 2.884850369357323, 'k2': 0.0008702171276050755, 'D_high': 33987.30471243167, 'fire_exp': 1.1899572456388097, 'P_half': 105.0698150821237, 'pre_dampen_half': 4.6628309194229525, 'gpp_af': 3.5734970023239567, 'gpp_b': 1.8502855500298537e-06, 'gpp_d': 1.5414720651084108, 'ign_k': 0.2389155022407572, 'ign_c': 4.3741479864444, 'dryanom_half': 68.73022603565117, 'dry_amp': 0.4915979099972121}. Best is trial 0 with value: 0.6103502735484728.
[I 2026-05-22 17:42:06,457] Trial 83 finished with value: 0.5625858130889029 and parameters: {'k1': 0.08250480432587856, 'D_low': 1.0701097897985479, 'k2': 0.0013895326433451137, 'D_high': 5741.343006426394, 'fire_exp': 1.1707557679770015, 'P_half': 18.649261245361338, 'pre_dampen_half': 441.4135382391006, 'gpp_af': 0.321501855961962, 'gpp_b': 1.206818791196362e-05, 'gpp_d': 120.67205816259609, 'ign_k': 1.0576087360671067, 'ign_c': 7.486095932915003, 'dryanom_half': 181.61830401947097, 'dry_amp': 0.6650725395661445}. Best is trial 0 with value: 0.6103502735484728.
[I 2026-05-22 17:42:06,931] Trial 84 finished with value: 0.44053215823179925 and parameters: {'k1': 0.0004671623276226165, 'D_low': 5.939806998939144, 'k2': 0.0003419145399100778, 'D_high': 1178.7285805497418, 'fire_exp': 0.6371272015344198, 'P_half': 0.26385290383863763, 'pre_dampen_half': 20.128684617729363, 'gpp_af': 0.05059934111809676, 'gpp_b': 2.128797957910385e-06, 'gpp_d': 389.4870291993515, 'ign_k': 0.5547501858847659, 'ign_c': 47.26508644081691, 'dryanom_half': 33.279632923413864, 'dry_amp': 0.2292196128686647}. Best is trial 0 with value: 0.6103502735484728.
[I 2026-05-22 17:42:07,408] Trial 85 finished with value: 0.49951452104334 and parameters: {'k1': 0.0023466903697945112, 'D_low': 555.4494958332878, 'k2': 0.007959268303750593, 'D_high': 88.39605697110314, 'fire_exp': 0.3760422532437451, 'P_half': 275.9117774377538, 'pre_dampen_half': 0.2582966596675242, 'gpp_af': 89.05295492573059, 'gpp_b': 0.0002700921271034031, 'gpp_d': 624.8662992946082, 'ign_k': 0.5198764195052827, 'ign_c': 4.19351495764157, 'dryanom_half': 10.511613057690028, 'dry_amp': 0.0015706099314587284}. Best is trial 0 with value: 0.6103502735484728.
[I 2026-05-22 17:42:07,880] Trial 86 finished with value: 0.38904329505144647 and parameters: {'k1': 0.009296973670111924, 'D_low': 2.737433246545754, 'k2': 0.00028485188816753304, 'D_high': 1986.9074088482023, 'fire_exp': 0.5308481731071115, 'P_half': 13.364153504401395, 'pre_dampen_half': 24.605572554946527, 'gpp_af': 0.6240035614769645, 'gpp_b': 1.1618489719339437e-06, 'gpp_d': 5.062698065479467, 'ign_k': 0.9982937112946506, 'ign_c': 62.250390907833754, 'dryanom_half': 40.79723575040433, 'dry_amp': 0.5728770135524597}. Best is trial 0 with value: 0.6103502735484728.
[I 2026-05-22 17:42:08,355] Trial 87 finished with value: 0.49689612971946556 and parameters: {'k1': 0.06867453472564441, 'D_low': 43.34939984246857, 'k2': 0.09386844474492692, 'D_high': 740.0578122363172, 'fire_exp': 0.439278604527554, 'P_half': 240.46288001614892, 'pre_dampen_half': 128.39095654036524, 'gpp_af': 0.004563840919207271, 'gpp_b': 3.5725990253315957e-06, 'gpp_d': 103.16379904047633, 'ign_k': 0.0860871616017135, 'ign_c': 78.72767904184605, 'dryanom_half': 0.11204926046244852, 'dry_amp': 0.0640533522359364}. Best is trial 0 with value: 0.6103502735484728.
[I 2026-05-22 17:42:08,828] Trial 88 finished with value: 0.39803936111617216 and parameters: {'k1': 0.00798629627275945, 'D_low': 15.142113291096525, 'k2': 0.0007496151923416657, 'D_high': 647.1616826879674, 'fire_exp': 0.7491565607452293, 'P_half': 1.2310501084860208, 'pre_dampen_half': 3.8702085482446895, 'gpp_af': 0.11375717783190037, 'gpp_b': 1.6055396625941356e-06, 'gpp_d': 24.66085402545535, 'ign_k': 7.110781456245202, 'ign_c': 38.479361478845874, 'dryanom_half': 17.140311229160407, 'dry_amp': 0.053490255881090014}. Best is trial 0 with value: 0.6103502735484728.
[I 2026-05-22 17:42:09,301] Trial 89 finished with value: 0.5959957131359539 and parameters: {'k1': 0.02229319782283547, 'D_low': 89.28639031781977, 'k2': 0.0001990615747475478, 'D_high': 628.3657128051296, 'fire_exp': 0.3518762319775587, 'P_half': 2599.694051615218, 'pre_dampen_half': 18.15665799970675, 'gpp_af': 0.14480701371527122, 'gpp_b': 0.00018925384259808905, 'gpp_d': 34.5936269885469, 'ign_k': 9.292232424914122, 'ign_c': 17.30632560012333, 'dryanom_half': 113.14854200033372, 'dry_amp': 0.08710944804193127}. Best is trial 0 with value: 0.6103502735484728.
[I 2026-05-22 17:42:09,772] Trial 90 finished with value: 0.3994490055432051 and parameters: {'k1': 0.00683336243204214, 'D_low': 150.62363562207338, 'k2': 0.0023351089466766618, 'D_high': 556.1947220377037, 'fire_exp': 0.36005884531093696, 'P_half': 2823.902564195112, 'pre_dampen_half': 204.18606833291534, 'gpp_af': 0.2434293030295474, 'gpp_b': 0.0002919897550464128, 'gpp_d': 174.18217490593454, 'ign_k': 1.5784295055505444, 'ign_c': 145.3752585077511, 'dryanom_half': 126.74226867890621, 'dry_amp': 0.16476285051842177}. Best is trial 0 with value: 0.6103502735484728.
[I 2026-05-22 17:42:10,242] Trial 91 finished with value: 0.4096684852423432 and parameters: {'k1': 0.0858964732448237, 'D_low': 725.5534208560904, 'k2': 1.2555578409664888e-05, 'D_high': 526.2722346836645, 'fire_exp': 0.792522385242607, 'P_half': 1069.7000285546394, 'pre_dampen_half': 72.08738966102844, 'gpp_af': 0.0029194268648013205, 'gpp_b': 0.055305925576820826, 'gpp_d': 147.3375097790195, 'ign_k': 4.961507791407294, 'ign_c': 6.702830760728654, 'dryanom_half': 33.4119854028641, 'dry_amp': 0.11546563303926599}. Best is trial 0 with value: 0.6103502735484728.
[I 2026-05-22 17:42:10,715] Trial 92 finished with value: 0.4948124020644581 and parameters: {'k1': 0.06325031796705731, 'D_low': 764.435948350326, 'k2': 0.00019304978758125492, 'D_high': 223.31815635597385, 'fire_exp': 0.4537060646434282, 'P_half': 485.68602596972846, 'pre_dampen_half': 8.129426086114352, 'gpp_af': 0.29951561733171306, 'gpp_b': 0.0002474539280246711, 'gpp_d': 0.8522036958742406, 'ign_k': 3.6417528490907833, 'ign_c': 20.569426050143182, 'dryanom_half': 40.01715817223214, 'dry_amp': 0.08548939293969625}. Best is trial 0 with value: 0.6103502735484728.
[I 2026-05-22 17:42:11,185] Trial 93 finished with value: 0.5667951498975307 and parameters: {'k1': 0.005147726197818546, 'D_low': 18.372752998110748, 'k2': 4.925133136101958e-05, 'D_high': 420.57553691535355, 'fire_exp': 0.4503805269393448, 'P_half': 398.8356612620416, 'pre_dampen_half': 51.326822691790206, 'gpp_af': 0.038208860193945586, 'gpp_b': 0.0019192059841289112, 'gpp_d': 139.36740737163217, 'ign_k': 1.243131155154449, 'ign_c': 17.898699055913045, 'dryanom_half': 74.44836033212472, 'dry_amp': 0.0025362194383997116}. Best is trial 0 with value: 0.6103502735484728.
[I 2026-05-22 17:42:11,657] Trial 94 finished with value: 0.45246695094233713 and parameters: {'k1': 0.011163915731107968, 'D_low': 84.47627978514699, 'k2': 0.00021637005596297757, 'D_high': 14.390967092281196, 'fire_exp': 0.5004965630512411, 'P_half': 457.82304618804295, 'pre_dampen_half': 10.27296718920518, 'gpp_af': 0.0031329846154170677, 'gpp_b': 1.2210796335586626e-05, 'gpp_d': 86.23040667182231, 'ign_k': 2.1671271747598038, 'ign_c': 30.59577537448228, 'dryanom_half': 116.21582077298346, 'dry_amp': 0.17813209735408653}. Best is trial 0 with value: 0.6103502735484728.
[I 2026-05-22 17:42:12,127] Trial 95 finished with value: 0.5700309365936116 and parameters: {'k1': 0.006367639632800724, 'D_low': 2.3884644868511358, 'k2': 0.00046939464687236246, 'D_high': 5090.564191130144, 'fire_exp': 0.49700222158164564, 'P_half': 36.40971092420262, 'pre_dampen_half': 7.896918042995726, 'gpp_af': 0.0018863152700596283, 'gpp_b': 3.413482999176511e-05, 'gpp_d': 68.75911494929538, 'ign_k': 0.15227559144159755, 'ign_c': 8.756281391223398, 'dryanom_half': 27.088544668931434, 'dry_amp': 0.39464872746329044}. Best is trial 0 with value: 0.6103502735484728.
[I 2026-05-22 17:42:12,599] Trial 96 finished with value: 0.5825591645430832 and parameters: {'k1': 0.030884268219179934, 'D_low': 103.09919087557476, 'k2': 0.0006331669335393138, 'D_high': 252.128895703971, 'fire_exp': 0.3816844422205927, 'P_half': 3014.1134070441244, 'pre_dampen_half': 57.92019621285604, 'gpp_af': 0.026517924097640755, 'gpp_b': 6.182579718731276e-06, 'gpp_d': 17.37142900681173, 'ign_k': 3.0551610141043026, 'ign_c': 13.980654159521947, 'dryanom_half': 72.60644682587424, 'dry_amp': 0.06600704029356372}. Best is trial 0 with value: 0.6103502735484728.
[I 2026-05-22 17:42:13,072] Trial 97 finished with value: 0.47005606903813096 and parameters: {'k1': 0.0012549011445305356, 'D_low': 44.87560296849109, 'k2': 7.636706908053628e-05, 'D_high': 1741.1854053467005, 'fire_exp': 0.4955911290337464, 'P_half': 1725.1486696246027, 'pre_dampen_half': 12.008750623273986, 'gpp_af': 0.0013537252913679097, 'gpp_b': 1.0193815593850866e-06, 'gpp_d': 6.959471975695786, 'ign_k': 8.330844149104905, 'ign_c': 27.978678298783468, 'dryanom_half': 12.722678186695322, 'dry_amp': 0.17287618463206053}. Best is trial 0 with value: 0.6103502735484728.
[I 2026-05-22 17:42:13,544] Trial 98 finished with value: 0.5426822651784773 and parameters: {'k1': 0.000871695022584581, 'D_low': 147.3215559937912, 'k2': 0.05164319447570139, 'D_high': 374.0414790322675, 'fire_exp': 0.4421246658227498, 'P_half': 6.834745129226889, 'pre_dampen_half': 19.98852048587232, 'gpp_af': 9.713777294643306, 'gpp_b': 7.439261468941779e-05, 'gpp_d': 214.42482499409553, 'ign_k': 0.22280410579996596, 'ign_c': 12.1360143830339, 'dryanom_half': 6.375051382408528, 'dry_amp': 0.2722528974591965}. Best is trial 0 with value: 0.6103502735484728.
[I 2026-05-22 17:42:14,027] Trial 99 finished with value: 0.5611321950746351 and parameters: {'k1': 0.08338019668034655, 'D_low': 3.1773439630670732, 'k2': 2.5958785763467813e-05, 'D_high': 16242.119008858874, 'fire_exp': 1.23554067949688, 'P_half': 56.29680944661184, 'pre_dampen_half': 8.007070958020508, 'gpp_af': 0.9512869070674965, 'gpp_b': 1.711787228817093e-05, 'gpp_d': 2.5439283425628854, 'ign_k': 2.2053349131702302, 'ign_c': 12.76591057309465, 'dryanom_half': 4.343133907314671, 'dry_amp': 0.5308176957615265}. Best is trial 0 with value: 0.6103502735484728.
[I 2026-05-22 17:42:14,504] Trial 100 finished with value: 0.5217650239840306 and parameters: {'k1': 0.09591597716085547, 'D_low': 2.095263503075905, 'k2': 5.8490821359646154e-05, 'D_high': 51184.25322955681, 'fire_exp': 0.4839809997235309, 'P_half': 71.7743176745566, 'pre_dampen_half': 45.74983636477781, 'gpp_af': 1.083087892659604, 'gpp_b': 3.7898642683669706e-05, 'gpp_d': 247.15346548039332, 'ign_k': 5.5628205056718585, 'ign_c': 6.288675276848682, 'dryanom_half': 14.608190698718833, 'dry_amp': 0.4713347754131366}. Best is trial 0 with value: 0.6103502735484728.
[I 2026-05-22 17:42:14,979] Trial 101 finished with value: 0.4673622650777126 and parameters: {'k1': 0.07254435748453499, 'D_low': 391.3380020782045, 'k2': 0.0028216201365807952, 'D_high': 137.61048335048417, 'fire_exp': 0.6947524087420729, 'P_half': 6002.517746141115, 'pre_dampen_half': 62.52569075604813, 'gpp_af': 0.09387746902845646, 'gpp_b': 5.0550611800518174e-05, 'gpp_d': 62.04464082182577, 'ign_k': 3.801417283285595, 'ign_c': 1.2400738866303487, 'dryanom_half': 4.329949257890744, 'dry_amp': 0.4632229056826339}. Best is trial 0 with value: 0.6103502735484728.
[I 2026-05-22 17:42:15,456] Trial 102 finished with value: 0.568645507792531 and parameters: {'k1': 0.0031451798913133887, 'D_low': 33.57853066132275, 'k2': 0.000636623506509316, 'D_high': 480.09999047548666, 'fire_exp': 0.4976897040029054, 'P_half': 1474.020441807418, 'pre_dampen_half': 11.305690192122425, 'gpp_af': 0.47336424524171034, 'gpp_b': 0.0007895618908271497, 'gpp_d': 6.301473648423974, 'ign_k': 7.090776194199059, 'ign_c': 9.268840099491022, 'dryanom_half': 163.4258779868268, 'dry_amp': 0.0029626082490756406}. Best is trial 0 with value: 0.6103502735484728.
[I 2026-05-22 17:42:15,932] Trial 103 finished with value: 0.5615967769406851 and parameters: {'k1': 0.01712228478610101, 'D_low': 184.26978680910995, 'k2': 0.0004938703212911538, 'D_high': 158.25291542618518, 'fire_exp': 0.3602927102806766, 'P_half': 2862.6197043632073, 'pre_dampen_half': 236.66306711428282, 'gpp_af': 0.21538555472572826, 'gpp_b': 1.0015447909571705e-05, 'gpp_d': 1.628744939818267, 'ign_k': 1.3724910613695578, 'ign_c': 6.004428496681019, 'dryanom_half': 246.1357060837845, 'dry_amp': 0.2213681418429404}. Best is trial 0 with value: 0.6103502735484728.
[I 2026-05-22 17:42:16,411] Trial 104 finished with value: 0.3994490055432051 and parameters: {'k1': 0.05200874952423823, 'D_low': 711.0948814907323, 'k2': 0.005132602383262007, 'D_high': 203.5221292313712, 'fire_exp': 0.9192873472518058, 'P_half': 538.0499930887614, 'pre_dampen_half': 75.53458285092974, 'gpp_af': 0.022263969103350944, 'gpp_b': 9.005380697830049e-06, 'gpp_d': 11.53135760050584, 'ign_k': 1.8515861264486446, 'ign_c': 63.261207351853585, 'dryanom_half': 7.112153487091263, 'dry_amp': 0.05763327889240306}. Best is trial 0 with value: 0.6103502735484728.
[I 2026-05-22 17:42:16,884] Trial 105 finished with value: 0.3994490055432051 and parameters: {'k1': 0.004519733875397933, 'D_low': 75.68600499277879, 'k2': 0.008803530593546511, 'D_high': 528.428153081736, 'fire_exp': 1.206207055372955, 'P_half': 1.4468675939966777, 'pre_dampen_half': 5.5402073639272515, 'gpp_af': 0.5472432695956186, 'gpp_b': 0.000336462049353908, 'gpp_d': 11.163774863593721, 'ign_k': 0.15755772155551737, 'ign_c': 525.8680680003516, 'dryanom_half': 32.59734171453252, 'dry_amp': 0.2630766562276275}. Best is trial 0 with value: 0.6103502735484728.
[I 2026-05-22 17:42:17,361] Trial 106 finished with value: 0.4855740065308666 and parameters: {'k1': 0.03308559344074578, 'D_low': 175.9044559236666, 'k2': 0.04633660535300604, 'D_high': 24221.07400079264, 'fire_exp': 0.8997931866091768, 'P_half': 1.3673832463903388, 'pre_dampen_half': 772.6254438330066, 'gpp_af': 0.4888299160517995, 'gpp_b': 0.00011461609777982885, 'gpp_d': 40.91611894880265, 'ign_k': 2.150887603788982, 'ign_c': 7.239507762290531, 'dryanom_half': 8.426931543107886, 'dry_amp': 0.08108585625376365}. Best is trial 0 with value: 0.6103502735484728.
[I 2026-05-22 17:42:17,837] Trial 107 finished with value: 0.5692311180710609 and parameters: {'k1': 0.04521527981705794, 'D_low': 70.07875372694438, 'k2': 0.0001333350666610638, 'D_high': 2918.713440229742, 'fire_exp': 0.37597816883975455, 'P_half': 2142.4530132904215, 'pre_dampen_half': 140.1812360870619, 'gpp_af': 0.030602066067922238, 'gpp_b': 1.0730985505658329e-05, 'gpp_d': 321.867102473842, 'ign_k': 6.932981082206551, 'ign_c': 11.339961396041051, 'dryanom_half': 130.57355639090233, 'dry_amp': 0.24802489340748807}. Best is trial 0 with value: 0.6103502735484728.
[I 2026-05-22 17:42:18,317] Trial 108 finished with value: 0.5396135446333798 and parameters: {'k1': 0.04664171040085544, 'D_low': 162.22668215612302, 'k2': 0.0015636918500659183, 'D_high': 251.40839313324454, 'fire_exp': 0.39109908058934767, 'P_half': 8148.919845614478, 'pre_dampen_half': 6.197599949314507, 'gpp_af': 0.003321424090163283, 'gpp_b': 2.2770591195033136e-06, 'gpp_d': 1.5463932911827187, 'ign_k': 3.3952964745136955, 'ign_c': 1.0360357287271957, 'dryanom_half': 212.05738855932574, 'dry_amp': 0.014263817633091806}. Best is trial 0 with value: 0.6103502735484728.
[I 2026-05-22 17:42:18,795] Trial 109 finished with value: 0.3994490055432051 and parameters: {'k1': 0.0192779113981585, 'D_low': 324.5261028324528, 'k2': 4.2881263115232216e-05, 'D_high': 3645.192983415474, 'fire_exp': 0.38101461542466775, 'P_half': 1153.186592410774, 'pre_dampen_half': 1.5196762497862661, 'gpp_af': 0.6349772242798911, 'gpp_b': 2.0009369081420663e-05, 'gpp_d': 40.29991133422622, 'ign_k': 6.333477413349928, 'ign_c': 86.0070464133589, 'dryanom_half': 179.43852959255938, 'dry_amp': 0.10203807929049535}. Best is trial 0 with value: 0.6103502735484728.
[I 2026-05-22 17:42:19,272] Trial 110 finished with value: 0.4463675520741165 and parameters: {'k1': 0.04183377603130946, 'D_low': 253.98071231144021, 'k2': 0.07549021614230526, 'D_high': 152.9867256506212, 'fire_exp': 1.2038051858845427, 'P_half': 35.85400400084626, 'pre_dampen_half': 2.09597364400915, 'gpp_af': 1.880397420814723, 'gpp_b': 0.00028700338644964624, 'gpp_d': 555.6821465526858, 'ign_k': 0.2271726051289123, 'ign_c': 22.54228602020479, 'dryanom_half': 61.1479196733848, 'dry_amp': 0.10194616425645073}. Best is trial 0 with value: 0.6103502735484728.
[I 2026-05-22 17:42:19,748] Trial 111 finished with value: 0.5546156155576542 and parameters: {'k1': 0.039779818545198985, 'D_low': 9.165794385051862, 'k2': 0.0008498113849404919, 'D_high': 194.81375149454394, 'fire_exp': 0.38125389973788887, 'P_half': 0.5560612582720165, 'pre_dampen_half': 2.10881622451184, 'gpp_af': 0.009501033705787478, 'gpp_b': 6.63766193478129e-06, 'gpp_d': 290.9719971321706, 'ign_k': 0.05528498526463952, 'ign_c': 7.771637432019212, 'dryanom_half': 43.21216350150271, 'dry_amp': 0.21279207594271254}. Best is trial 0 with value: 0.6103502735484728.
[I 2026-05-22 17:42:20,224] Trial 112 finished with value: 0.4917029708873783 and parameters: {'k1': 0.044557865008277575, 'D_low': 82.53132126226315, 'k2': 0.0010089119532158755, 'D_high': 113.81844887863936, 'fire_exp': 0.5653707352617872, 'P_half': 4562.202706429231, 'pre_dampen_half': 398.26224690212564, 'gpp_af': 0.005613336774732709, 'gpp_b': 1.6059039910616766e-05, 'gpp_d': 82.03164905042482, 'ign_k': 0.30599772773866646, 'ign_c': 29.96861197576347, 'dryanom_half': 26.783998560459843, 'dry_amp': 0.16114317730423813}. Best is trial 0 with value: 0.6103502735484728.
