[I 2026-05-22 18:05:37,809] Trial 896 finished with value: 0.6027002949961022 and parameters: {'rain_shift': 1.1785098198199646, 'ign_k': 0.5100913197957538, 'rate_power': 0.7001873432385164}. Best is trial 714 with value: 0.6111263465847875.
[I 2026-05-22 18:05:38,163] Trial 897 finished with value: 0.5806080157027464 and parameters: {'rain_shift': 2.949775432189413, 'ign_k': 1.1940510269133244, 'rate_power': 0.8256486834659468}. Best is trial 714 with value: 0.6111263465847875.
[I 2026-05-22 18:05:38,521] Trial 898 finished with value: 0.6040681980391358 and parameters: {'rain_shift': 2.019611903184142, 'ign_k': 0.6002733593656739, 'rate_power': 0.8529611235729426}. Best is trial 714 with value: 0.6111263465847875.
[I 2026-05-22 18:05:38,876] Trial 899 finished with value: 0.5904172462196772 and parameters: {'rain_shift': 3.087165235188352, 'ign_k': 0.6321395573558493, 'rate_power': 0.7787171143393049}. Best is trial 714 with value: 0.6111263465847875.
[I 2026-05-22 18:05:39,228] Trial 900 finished with value: 0.5832292625550012 and parameters: {'rain_shift': 3.5540738920604955, 'ign_k': 0.45977299460103016, 'rate_power': 0.8627537011376877}. Best is trial 714 with value: 0.6111263465847875.
[I 2026-05-22 18:05:39,578] Trial 901 finished with value: 0.6076214097450156 and parameters: {'rain_shift': 1.4302836310021425, 'ign_k': 0.9277099347022016, 'rate_power': 0.8008697413402213}. Best is trial 714 with value: 0.6111263465847875.
[I 2026-05-22 18:05:39,927] Trial 902 finished with value: 0.5580353429993926 and parameters: {'rain_shift': 3.9175471662237222, 'ign_k': 0.42931527805174097, 'rate_power': 1.2529132198061692}. Best is trial 714 with value: 0.6111263465847875.
[I 2026-05-22 18:05:40,281] Trial 903 finished with value: 0.6055752783558535 and parameters: {'rain_shift': 2.411067522353887, 'ign_k': 0.42711662683046975, 'rate_power': 0.7741197570788169}. Best is trial 714 with value: 0.6111263465847875.
[I 2026-05-22 18:05:40,632] Trial 904 finished with value: 0.5958436694681792 and parameters: {'rain_shift': 1.3429975957944156, 'ign_k': 0.31392629856130383, 'rate_power': 0.7877478755143081}. Best is trial 714 with value: 0.6111263465847875.
[I 2026-05-22 18:05:40,983] Trial 905 finished with value: 0.5997315259631549 and parameters: {'rain_shift': 2.0821010916925733, 'ign_k': 1.0338649700034768, 'rate_power': 0.7756552837198436}. Best is trial 714 with value: 0.6111263465847875.
[I 2026-05-22 18:05:41,334] Trial 906 finished with value: 0.6092971516434103 and parameters: {'rain_shift': 1.3001551396615565, 'ign_k': 0.6127685677020019, 'rate_power': 0.771135899656529}. Best is trial 714 with value: 0.6111263465847875.
[I 2026-05-22 18:05:41,684] Trial 907 finished with value: 0.5979145977255279 and parameters: {'rain_shift': 0.6889459750184046, 'ign_k': 0.5187720233194189, 'rate_power': 0.7686326738445615}. Best is trial 714 with value: 0.6111263465847875.
[I 2026-05-22 18:05:42,039] Trial 908 finished with value: 0.5854705576063386 and parameters: {'rain_shift': 3.3411375906150234, 'ign_k': 0.6548433086593127, 'rate_power': 0.7837679930494363}. Best is trial 714 with value: 0.6111263465847875.
[I 2026-05-22 18:05:42,391] Trial 909 finished with value: 0.5984767723190347 and parameters: {'rain_shift': 2.574688544733452, 'ign_k': 0.6640271171347712, 'rate_power': 0.7675186704348861}. Best is trial 714 with value: 0.6111263465847875.
[I 2026-05-22 18:05:42,744] Trial 910 finished with value: 0.5954224564863633 and parameters: {'rain_shift': 1.9891116310808412, 'ign_k': 0.26950863396859326, 'rate_power': 0.7664417723736736}. Best is trial 714 with value: 0.6111263465847875.
[I 2026-05-22 18:05:43,098] Trial 911 finished with value: 0.5944998405737484 and parameters: {'rain_shift': 0.7636408962852752, 'ign_k': 1.8447564208715945, 'rate_power': 0.7026460428536294}. Best is trial 714 with value: 0.6111263465847875.
[I 2026-05-22 18:05:43,449] Trial 912 finished with value: 0.6042711673457318 and parameters: {'rain_shift': 2.362793495661913, 'ign_k': 0.3715402727671371, 'rate_power': 0.7102013228588648}. Best is trial 714 with value: 0.6111263465847875.
[I 2026-05-22 18:05:43,798] Trial 913 finished with value: 0.608379359437013 and parameters: {'rain_shift': 2.3706315633458552, 'ign_k': 0.5504714257596398, 'rate_power': 0.7012635610112647}. Best is trial 714 with value: 0.6111263465847875.
[I 2026-05-22 18:05:44,149] Trial 914 finished with value: 0.607090570949742 and parameters: {'rain_shift': 2.1813946945962543, 'ign_k': 0.4093221762844404, 'rate_power': 0.7006824021224313}. Best is trial 714 with value: 0.6111263465847875.
[I 2026-05-22 18:05:44,508] Trial 915 finished with value: 0.6068587659278144 and parameters: {'rain_shift': 1.4386066883397544, 'ign_k': 0.40424662680696255, 'rate_power': 0.8671831965477047}. Best is trial 714 with value: 0.6111263465847875.
[I 2026-05-22 18:05:44,856] Trial 916 finished with value: 0.6063133379595099 and parameters: {'rain_shift': 0.9588894789439113, 'ign_k': 0.6537429253433651, 'rate_power': 0.7883355956404088}. Best is trial 714 with value: 0.6111263465847875.
[I 2026-05-22 18:05:45,207] Trial 917 finished with value: 0.5987691647363452 and parameters: {'rain_shift': 0.9059648821338606, 'ign_k': 0.575082816686604, 'rate_power': 0.7020461677351897}. Best is trial 714 with value: 0.6111263465847875.
[I 2026-05-22 18:05:45,556] Trial 918 finished with value: 0.567608060690019 and parameters: {'rain_shift': 0.016376809451059238, 'ign_k': 0.395543216111291, 'rate_power': 0.7052094627319878}. Best is trial 714 with value: 0.6111263465847875.
[I 2026-05-22 18:05:45,907] Trial 919 finished with value: 0.5960038824057141 and parameters: {'rain_shift': 2.415662073367714, 'ign_k': 0.6757396465033988, 'rate_power': 0.8467087868818395}. Best is trial 714 with value: 0.6111263465847875.
[I 2026-05-22 18:05:46,262] Trial 920 finished with value: 0.6064327229789883 and parameters: {'rain_shift': 1.410456908536853, 'ign_k': 1.0166081385047105, 'rate_power': 0.7833656525934306}. Best is trial 714 with value: 0.6111263465847875.
[I 2026-05-22 18:05:46,617] Trial 921 finished with value: 0.5449874058175278 and parameters: {'rain_shift': 8.211257030704441, 'ign_k': 0.31441984879098256, 'rate_power': 0.9945186404871441}. Best is trial 714 with value: 0.6111263465847875.
[I 2026-05-22 18:05:46,971] Trial 922 finished with value: 0.6035739024986824 and parameters: {'rain_shift': 2.0369065737538903, 'ign_k': 0.874092865521758, 'rate_power': 0.7535909932161134}. Best is trial 714 with value: 0.6111263465847875.
[I 2026-05-22 18:05:47,325] Trial 923 finished with value: 0.6042676286568069 and parameters: {'rain_shift': 1.1794024102894953, 'ign_k': 1.309127593953861, 'rate_power': 0.854234065801554}. Best is trial 714 with value: 0.6111263465847875.
[I 2026-05-22 18:05:47,678] Trial 924 finished with value: 0.6100054593149004 and parameters: {'rain_shift': 1.8186655611407472, 'ign_k': 0.5837580924476706, 'rate_power': 0.7872524636571232}. Best is trial 714 with value: 0.6111263465847875.
[I 2026-05-22 18:05:48,034] Trial 925 finished with value: 0.5869665540868809 and parameters: {'rain_shift': 3.5973601777831763, 'ign_k': 0.5339677125142768, 'rate_power': 0.7699820067868492}. Best is trial 714 with value: 0.6111263465847875.
[I 2026-05-22 18:05:48,388] Trial 926 finished with value: 0.6009701038089251 and parameters: {'rain_shift': 0.6456373372434575, 'ign_k': 0.7112222282840098, 'rate_power': 0.7684487309742566}. Best is trial 714 with value: 0.6111263465847875.
[I 2026-05-22 18:05:48,740] Trial 927 finished with value: 0.5427269928650276 and parameters: {'rain_shift': 5.193947542104645, 'ign_k': 2.4089428308703966, 'rate_power': 1.2003434614902162}. Best is trial 714 with value: 0.6111263465847875.
[I 2026-05-22 18:05:49,098] Trial 928 finished with value: 0.5986408795449474 and parameters: {'rain_shift': 0.7935590154974286, 'ign_k': 0.6853424700878781, 'rate_power': 0.7009068796303117}. Best is trial 714 with value: 0.6111263465847875.
[I 2026-05-22 18:05:49,449] Trial 929 finished with value: 0.5971264292418615 and parameters: {'rain_shift': 0.19593836465773995, 'ign_k': 1.105852919037552, 'rate_power': 0.8089686111637897}. Best is trial 714 with value: 0.6111263465847875.
[I 2026-05-22 18:05:49,805] Trial 930 finished with value: 0.5967521584071492 and parameters: {'rain_shift': 1.4070563490659853, 'ign_k': 0.32628816736331523, 'rate_power': 0.7679698040697334}. Best is trial 714 with value: 0.6111263465847875.
[I 2026-05-22 18:05:50,161] Trial 931 finished with value: 0.5813705344025268 and parameters: {'rain_shift': 2.998036802760308, 'ign_k': 1.570211822063719, 'rate_power': 0.7711093817896828}. Best is trial 714 with value: 0.6111263465847875.
[I 2026-05-22 18:05:50,516] Trial 932 finished with value: 0.5982297023981541 and parameters: {'rain_shift': 2.67156434936084, 'ign_k': 0.5738861353238324, 'rate_power': 0.7807711946124372}. Best is trial 714 with value: 0.6111263465847875.
[I 2026-05-22 18:05:50,870] Trial 933 finished with value: 0.5897487340791213 and parameters: {'rain_shift': 3.3881165382587453, 'ign_k': 0.6914731446125083, 'rate_power': 0.7084060204090278}. Best is trial 714 with value: 0.6111263465847875.
[I 2026-05-22 18:05:51,222] Trial 934 finished with value: 0.5990767591260968 and parameters: {'rain_shift': 2.320130792792259, 'ign_k': 1.0733526829114983, 'rate_power': 0.7063376166477883}. Best is trial 714 with value: 0.6111263465847875.
[I 2026-05-22 18:05:51,572] Trial 935 finished with value: 0.6068413853834199 and parameters: {'rain_shift': 1.422019356915469, 'ign_k': 0.4302446577217004, 'rate_power': 0.7960264277738007}. Best is trial 714 with value: 0.6111263465847875.
[I 2026-05-22 18:05:51,923] Trial 936 finished with value: 0.6017231027897559 and parameters: {'rain_shift': 2.9854898877702114, 'ign_k': 0.3684446876432849, 'rate_power': 0.7031353883335013}. Best is trial 714 with value: 0.6111263465847875.
[I 2026-05-22 18:05:52,271] Trial 937 finished with value: 0.6097133309788938 and parameters: {'rain_shift': 1.8372816173420201, 'ign_k': 0.5098237644454047, 'rate_power': 0.7868451940967884}. Best is trial 714 with value: 0.6111263465847875.
[I 2026-05-22 18:05:52,619] Trial 938 finished with value: 0.60037750519425 and parameters: {'rain_shift': 2.449318572911202, 'ign_k': 0.3452900032201677, 'rate_power': 0.8471737739814834}. Best is trial 714 with value: 0.6111263465847875.
[I 2026-05-22 18:05:52,968] Trial 939 finished with value: 0.5991619887971812 and parameters: {'rain_shift': 0.5252601603289517, 'ign_k': 0.5002070486858522, 'rate_power': 0.8477431618481126}. Best is trial 714 with value: 0.6111263465847875.
[I 2026-05-22 18:05:53,315] Trial 940 finished with value: 0.5646832469014131 and parameters: {'rain_shift': 4.274604097923181, 'ign_k': 0.6869065851517494, 'rate_power': 0.9269788922765101}. Best is trial 714 with value: 0.6111263465847875.
[I 2026-05-22 18:05:53,667] Trial 941 finished with value: 0.5807379649931337 and parameters: {'rain_shift': 3.321734159889183, 'ign_k': 1.787887136927921, 'rate_power': 0.7084392291629655}. Best is trial 714 with value: 0.6111263465847875.
[I 2026-05-22 18:05:54,014] Trial 942 finished with value: 0.6092416730802673 and parameters: {'rain_shift': 1.9848021173604233, 'ign_k': 0.5922559617078819, 'rate_power': 0.7651596933658432}. Best is trial 714 with value: 0.6111263465847875.
[I 2026-05-22 18:05:54,362] Trial 943 finished with value: 0.6068951355083371 and parameters: {'rain_shift': 1.502824083794347, 'ign_k': 0.9570153217820625, 'rate_power': 0.7855499810141097}. Best is trial 714 with value: 0.6111263465847875.
[I 2026-05-22 18:05:54,712] Trial 944 finished with value: 0.607918885725891 and parameters: {'rain_shift': 1.7442715888007103, 'ign_k': 0.8050720931330647, 'rate_power': 0.7668646093346673}. Best is trial 714 with value: 0.6111263465847875.
[I 2026-05-22 18:05:55,058] Trial 945 finished with value: 0.6082554655601987 and parameters: {'rain_shift': 1.3811943804974767, 'ign_k': 0.7232631517489019, 'rate_power': 0.708417695663904}. Best is trial 714 with value: 0.6111263465847875.
[I 2026-05-22 18:05:55,406] Trial 946 finished with value: 0.6085292173085208 and parameters: {'rain_shift': 2.0093834932908288, 'ign_k': 0.7348560893140491, 'rate_power': 0.707806445050393}. Best is trial 714 with value: 0.6111263465847875.
[I 2026-05-22 18:05:55,760] Trial 947 finished with value: 0.5824705749672773 and parameters: {'rain_shift': 5.093113739799181, 'ign_k': 0.3222962689791284, 'rate_power': 0.7122075922427716}. Best is trial 714 with value: 0.6111263465847875.
[I 2026-05-22 18:05:56,110] Trial 948 finished with value: 0.6086496715734578 and parameters: {'rain_shift': 1.6159278040406202, 'ign_k': 0.6422430418505208, 'rate_power': 0.8716548140401588}. Best is trial 714 with value: 0.6111263465847875.
[I 2026-05-22 18:05:56,455] Trial 949 finished with value: 0.5842478176606549 and parameters: {'rain_shift': 3.2153282403400882, 'ign_k': 0.16490781048617928, 'rate_power': 0.9157861036858325}. Best is trial 714 with value: 0.6111263465847875.
[I 2026-05-22 18:05:56,802] Trial 950 finished with value: 0.5888606879814618 and parameters: {'rain_shift': 1.324414484432822, 'ign_k': 0.30789992705093344, 'rate_power': 0.7073754623252513}. Best is trial 714 with value: 0.6111263465847875.
[I 2026-05-22 18:05:57,148] Trial 951 finished with value: 0.5399891291348322 and parameters: {'rain_shift': 7.1615764652100005, 'ign_k': 1.4493954854857791, 'rate_power': 0.9712662520762027}. Best is trial 714 with value: 0.6111263465847875.
[I 2026-05-22 18:05:57,494] Trial 952 finished with value: 0.6072920388888993 and parameters: {'rain_shift': 1.8244540693247775, 'ign_k': 0.9731871061041292, 'rate_power': 0.7008627856894061}. Best is trial 714 with value: 0.6111263465847875.
[I 2026-05-22 18:05:57,841] Trial 953 finished with value: 0.5989433517418784 and parameters: {'rain_shift': 2.9626595890964444, 'ign_k': 0.3589709407762837, 'rate_power': 0.7739591727295498}. Best is trial 714 with value: 0.6111263465847875.
[I 2026-05-22 18:05:58,186] Trial 954 finished with value: 0.5456443587756994 and parameters: {'rain_shift': 5.838663843083774, 'ign_k': 0.1774069691040078, 'rate_power': 1.2922934922415072}. Best is trial 714 with value: 0.6111263465847875.
[I 2026-05-22 18:05:58,530] Trial 955 finished with value: 0.5595678268042898 and parameters: {'rain_shift': 4.802488255293372, 'ign_k': 0.3603997153848952, 'rate_power': 1.0721321767032264}. Best is trial 714 with value: 0.6111263465847875.
[I 2026-05-22 18:05:58,877] Trial 956 finished with value: 0.5840084091050941 and parameters: {'rain_shift': 3.0039278133657494, 'ign_k': 0.9570077227518965, 'rate_power': 0.7954723670635627}. Best is trial 714 with value: 0.6111263465847875.
[I 2026-05-22 18:05:59,228] Trial 957 finished with value: 0.607957664374969 and parameters: {'rain_shift': 1.306954481746631, 'ign_k': 0.5216532208066786, 'rate_power': 0.7660762326724506}. Best is trial 714 with value: 0.6111263465847875.
[I 2026-05-22 18:05:59,577] Trial 958 finished with value: 0.58519135474292 and parameters: {'rain_shift': 0.06862500112667536, 'ign_k': 0.5244664881896429, 'rate_power': 0.8175604794654833}. Best is trial 714 with value: 0.6111263465847875.
[I 2026-05-22 18:05:59,928] Trial 959 finished with value: 0.6074414414532043 and parameters: {'rain_shift': 2.120379041212682, 'ign_k': 0.5353717990807274, 'rate_power': 0.7868909636490553}. Best is trial 714 with value: 0.6111263465847875.
[I 2026-05-22 18:06:00,277] Trial 960 finished with value: 0.594148623759314 and parameters: {'rain_shift': 3.0977703004092834, 'ign_k': 0.6759419265407287, 'rate_power': 0.7067516461517341}. Best is trial 714 with value: 0.6111263465847875.
[I 2026-05-22 18:06:00,626] Trial 961 finished with value: 0.6060452519666313 and parameters: {'rain_shift': 2.6260156857831545, 'ign_k': 0.4647702300095829, 'rate_power': 0.7046027154039216}. Best is trial 714 with value: 0.6111263465847875.
[I 2026-05-22 18:06:00,976] Trial 962 finished with value: 0.5991989427676113 and parameters: {'rain_shift': 2.0022073705616106, 'ign_k': 0.818322065564897, 'rate_power': 0.8660512513421862}. Best is trial 714 with value: 0.6111263465847875.
[I 2026-05-22 18:06:01,327] Trial 963 finished with value: 0.5816867824622217 and parameters: {'rain_shift': 0.07241080402168798, 'ign_k': 0.6628682400614735, 'rate_power': 0.7409282140402342}. Best is trial 714 with value: 0.6111263465847875.
[I 2026-05-22 18:06:01,677] Trial 964 finished with value: 0.5729674274441319 and parameters: {'rain_shift': 0.0851521732410101, 'ign_k': 0.5198830774413327, 'rate_power': 0.7010078190457969}. Best is trial 714 with value: 0.6111263465847875.
[I 2026-05-22 18:06:02,039] Trial 965 finished with value: 0.581397658612778 and parameters: {'rain_shift': 3.354011160291951, 'ign_k': 0.6220933129576186, 'rate_power': 0.8547267432523444}. Best is trial 714 with value: 0.6111263465847875.
[I 2026-05-22 18:06:02,393] Trial 966 finished with value: 0.5766216332041393 and parameters: {'rain_shift': 1.0756566975491033, 'ign_k': 0.2366416115941269, 'rate_power': 0.7057501110420848}. Best is trial 714 with value: 0.6111263465847875.
[I 2026-05-22 18:06:02,744] Trial 967 finished with value: 0.610611419255133 and parameters: {'rain_shift': 1.6457880876308957, 'ign_k': 0.675678961854294, 'rate_power': 0.7624567010016704}. Best is trial 714 with value: 0.6111263465847875.
[I 2026-05-22 18:06:03,096] Trial 968 finished with value: 0.6101753063930556 and parameters: {'rain_shift': 1.6416118385490905, 'ign_k': 0.7426835153876604, 'rate_power': 0.7053740495221507}. Best is trial 714 with value: 0.6111263465847875.
[I 2026-05-22 18:06:03,446] Trial 969 finished with value: 0.6039709273261448 and parameters: {'rain_shift': 1.2247341647805916, 'ign_k': 1.215539367146704, 'rate_power': 0.7640496993092173}. Best is trial 714 with value: 0.6111263465847875.
[I 2026-05-22 18:06:03,801] Trial 970 finished with value: 0.6057097759209501 and parameters: {'rain_shift': 1.4967744480090144, 'ign_k': 1.1535994147851585, 'rate_power': 0.7616638592186676}. Best is trial 714 with value: 0.6111263465847875.
[I 2026-05-22 18:06:04,151] Trial 971 finished with value: 0.6070400967591114 and parameters: {'rain_shift': 1.2127149537602564, 'ign_k': 0.8562057872344869, 'rate_power': 0.786902328554469}. Best is trial 714 with value: 0.6111263465847875.
[I 2026-05-22 18:06:04,502] Trial 972 finished with value: 0.5884669997420737 and parameters: {'rain_shift': 2.7118388727835985, 'ign_k': 0.9230394629671419, 'rate_power': 0.7995189697945109}. Best is trial 714 with value: 0.6111263465847875.
[I 2026-05-22 18:06:04,862] Trial 973 finished with value: 0.6082251246206247 and parameters: {'rain_shift': 1.3637275180505286, 'ign_k': 0.5151472931378801, 'rate_power': 0.7624540705774491}. Best is trial 714 with value: 0.6111263465847875.
[I 2026-05-22 18:06:05,218] Trial 974 finished with value: 0.6010603585851453 and parameters: {'rain_shift': 1.3024468220832393, 'ign_k': 0.431449366004098, 'rate_power': 0.7029332183445834}. Best is trial 714 with value: 0.6111263465847875.
[I 2026-05-22 18:06:05,568] Trial 975 finished with value: 0.5365261149490095 and parameters: {'rain_shift': 8.833994224524723, 'ign_k': 0.7801624189840503, 'rate_power': 0.9865168872922425}. Best is trial 714 with value: 0.6111263465847875.
[I 2026-05-22 18:06:05,919] Trial 976 finished with value: 0.5912836523822005 and parameters: {'rain_shift': 2.967767003717759, 'ign_k': 0.6894151850342811, 'rate_power': 0.7683958263032911}. Best is trial 714 with value: 0.6111263465847875.
[I 2026-05-22 18:06:06,269] Trial 977 finished with value: 0.6063538741714979 and parameters: {'rain_shift': 1.548346594234487, 'ign_k': 1.2108388119790292, 'rate_power': 0.7032379621846644}. Best is trial 714 with value: 0.6111263465847875.
[I 2026-05-22 18:06:06,624] Trial 978 finished with value: 0.6076704634686815 and parameters: {'rain_shift': 0.8474888325911211, 'ign_k': 0.7470266058395171, 'rate_power': 0.858801685099391}. Best is trial 714 with value: 0.6111263465847875.
[I 2026-05-22 18:06:06,977] Trial 979 finished with value: 0.606134207446382 and parameters: {'rain_shift': 2.224929310846733, 'ign_k': 0.7532381272975521, 'rate_power': 0.701450956039334}. Best is trial 714 with value: 0.6111263465847875.
[I 2026-05-22 18:06:07,331] Trial 980 finished with value: 0.607693495367458 and parameters: {'rain_shift': 2.098047426608197, 'ign_k': 0.4391109089916113, 'rate_power': 0.7590070738194968}. Best is trial 714 with value: 0.6111263465847875.
[I 2026-05-22 18:06:07,684] Trial 981 finished with value: 0.6066500706227617 and parameters: {'rain_shift': 1.0205297647907847, 'ign_k': 0.7224356256513712, 'rate_power': 0.7785294629304377}. Best is trial 714 with value: 0.6111263465847875.
[I 2026-05-22 18:06:08,037] Trial 982 finished with value: 0.5954014999107077 and parameters: {'rain_shift': 2.148136980009679, 'ign_k': 0.9513163416420993, 'rate_power': 0.8456075370653693}. Best is trial 714 with value: 0.6111263465847875.
[I 2026-05-22 18:06:08,387] Trial 983 finished with value: 0.5512733367684018 and parameters: {'rain_shift': 4.557784681494433, 'ign_k': 0.8545917715697642, 'rate_power': 1.123087361965721}. Best is trial 714 with value: 0.6111263465847875.
[I 2026-05-22 18:06:08,741] Trial 984 finished with value: 0.6106977399339208 and parameters: {'rain_shift': 1.672043594244243, 'ign_k': 0.6858651607699893, 'rate_power': 0.704011553175657}. Best is trial 714 with value: 0.6111263465847875.
[I 2026-05-22 18:06:09,094] Trial 985 finished with value: 0.5719095039730479 and parameters: {'rain_shift': 4.2473263182619565, 'ign_k': 0.871486692760928, 'rate_power': 0.770528337825428}. Best is trial 714 with value: 0.6111263465847875.
