[I 2026-05-22 17:59:19,727] Trial 810 finished with value: 0.602124309457873 and parameters: {'WG_amp': 0.43811302356376863, 'WG_Phalf': 108.82797724786863, 'WG_k': 0.2719573282984613, 'WG_c': 0.27164343878253294, 'rate_power': 1.0991422097955637}. Best is trial 579 with value: 0.6102826150053956.
[I 2026-05-22 17:59:20,013] Trial 811 finished with value: 0.6063445949193849 and parameters: {'WG_amp': 0.8830411037095793, 'WG_Phalf': 121.68989932035937, 'WG_k': 81.7899467353637, 'WG_c': 3.085640090544076, 'rate_power': 1.1358300659332659}. Best is trial 579 with value: 0.6102826150053956.
[I 2026-05-22 17:59:20,305] Trial 812 finished with value: 0.6077076056448553 and parameters: {'WG_amp': 0.7523496622004328, 'WG_Phalf': 303.8291693701899, 'WG_k': 38.44738327665933, 'WG_c': 1.3694736073985605, 'rate_power': 1.1470165615882868}. Best is trial 579 with value: 0.6102826150053956.
[I 2026-05-22 17:59:20,602] Trial 813 finished with value: 0.6074228660193048 and parameters: {'WG_amp': 0.5728805216758617, 'WG_Phalf': 307.40679446943324, 'WG_k': 80.74370058724894, 'WG_c': 2.7056989386859835, 'rate_power': 1.2278594122563524}. Best is trial 579 with value: 0.6102826150053956.
[I 2026-05-22 17:59:20,893] Trial 814 finished with value: 0.6089444323056714 and parameters: {'WG_amp': 0.8838394447603362, 'WG_Phalf': 227.28554626946053, 'WG_k': 90.1167168264772, 'WG_c': 1.3045654682438963, 'rate_power': 1.233396677262661}. Best is trial 579 with value: 0.6102826150053956.
[I 2026-05-22 17:59:21,183] Trial 815 finished with value: 0.6095760771443393 and parameters: {'WG_amp': 0.7125480916238996, 'WG_Phalf': 246.64615437636286, 'WG_k': 19.797225460839723, 'WG_c': 1.0222660378614359, 'rate_power': 1.1892967219419164}. Best is trial 579 with value: 0.6102826150053956.
[I 2026-05-22 17:59:21,473] Trial 816 finished with value: 0.6083282961021979 and parameters: {'WG_amp': 0.7260744403193462, 'WG_Phalf': 218.67483322583826, 'WG_k': 95.71770871566083, 'WG_c': 0.6253984233168426, 'rate_power': 1.0992286905361892}. Best is trial 579 with value: 0.6102826150053956.
[I 2026-05-22 17:59:21,763] Trial 817 finished with value: 0.6064205287110946 and parameters: {'WG_amp': 0.7424511208209115, 'WG_Phalf': 104.3525128618423, 'WG_k': 11.014335423081238, 'WG_c': 8.959330679491611, 'rate_power': 1.1410611380838445}. Best is trial 579 with value: 0.6102826150053956.
[I 2026-05-22 17:59:22,052] Trial 818 finished with value: 0.6086890509589427 and parameters: {'WG_amp': 0.8586060600490707, 'WG_Phalf': 114.15970221134822, 'WG_k': 17.589947468676513, 'WG_c': 0.661717568067596, 'rate_power': 1.1438405547908703}. Best is trial 579 with value: 0.6102826150053956.
[I 2026-05-22 17:59:22,342] Trial 819 finished with value: 0.607468998902584 and parameters: {'WG_amp': 0.7570502529198833, 'WG_Phalf': 162.11020504236515, 'WG_k': 20.08849758954642, 'WG_c': 1.7404007769246583, 'rate_power': 1.205639083226375}. Best is trial 579 with value: 0.6102826150053956.
[I 2026-05-22 17:59:22,634] Trial 820 finished with value: 0.6042463424015247 and parameters: {'WG_amp': 0.7271427356352947, 'WG_Phalf': 180.07870599103754, 'WG_k': 96.21188219047302, 'WG_c': 0.44977101464528074, 'rate_power': 1.2174289561056797}. Best is trial 579 with value: 0.6102826150053956.
[I 2026-05-22 17:59:22,932] Trial 821 finished with value: 0.587273320547662 and parameters: {'WG_amp': 0.8661251116859428, 'WG_Phalf': 109.47974439612958, 'WG_k': 47.57951059452946, 'WG_c': 0.23342326631820196, 'rate_power': 1.2487078467524664}. Best is trial 579 with value: 0.6102826150053956.
[I 2026-05-22 17:59:23,224] Trial 822 finished with value: 0.5984293771220666 and parameters: {'WG_amp': 0.4213032276534184, 'WG_Phalf': 114.18547139428362, 'WG_k': 62.31016260690822, 'WG_c': 0.1287308124255359, 'rate_power': 1.2332135775273143}. Best is trial 579 with value: 0.6102826150053956.
[I 2026-05-22 17:59:23,513] Trial 823 finished with value: 0.6060538842944926 and parameters: {'WG_amp': 0.7229782365767017, 'WG_Phalf': 173.28816197199257, 'WG_k': 20.85705553801626, 'WG_c': 1.672498869767451, 'rate_power': 1.1019315188759284}. Best is trial 579 with value: 0.6102826150053956.
[I 2026-05-22 17:59:23,803] Trial 824 finished with value: 0.6097169221926645 and parameters: {'WG_amp': 0.8797201402231215, 'WG_Phalf': 200.69853419398552, 'WG_k': 6.366229260822363, 'WG_c': 0.9851767570337954, 'rate_power': 1.2386295365191282}. Best is trial 579 with value: 0.6102826150053956.
[I 2026-05-22 17:59:24,092] Trial 825 finished with value: 0.5856776851865392 and parameters: {'WG_amp': 0.765983582731721, 'WG_Phalf': 152.6189362093645, 'WG_k': 17.01152543401937, 'WG_c': 0.14879215875912777, 'rate_power': 1.1941167368350867}. Best is trial 579 with value: 0.6102826150053956.
[I 2026-05-22 17:59:24,383] Trial 826 finished with value: 0.6070174148136918 and parameters: {'WG_amp': 0.7798524433241153, 'WG_Phalf': 200.13148247735006, 'WG_k': 34.63301572764787, 'WG_c': 0.5384330151608044, 'rate_power': 1.1287716435291473}. Best is trial 579 with value: 0.6102826150053956.
[I 2026-05-22 17:59:24,674] Trial 827 finished with value: 0.6073323816286829 and parameters: {'WG_amp': 0.7405891959426306, 'WG_Phalf': 272.6023068450474, 'WG_k': 26.198082763981088, 'WG_c': 2.2901186844111625, 'rate_power': 1.2149386107569098}. Best is trial 579 with value: 0.6102826150053956.
[I 2026-05-22 17:59:24,965] Trial 828 finished with value: 0.5919238435722924 and parameters: {'WG_amp': 0.8818986497736316, 'WG_Phalf': 164.06353682979994, 'WG_k': 68.55151648405192, 'WG_c': 0.26257866328734447, 'rate_power': 1.2050480776517207}. Best is trial 579 with value: 0.6102826150053956.
[I 2026-05-22 17:59:25,254] Trial 829 finished with value: 0.6093837651244302 and parameters: {'WG_amp': 0.5492782165135082, 'WG_Phalf': 104.3112641107721, 'WG_k': 19.40253206487392, 'WG_c': 0.8544679980538358, 'rate_power': 1.141666225130257}. Best is trial 579 with value: 0.6102826150053956.
[I 2026-05-22 17:59:25,538] Trial 830 finished with value: 0.5983179390635096 and parameters: {'WG_amp': 0.22420097243784062, 'WG_Phalf': 2642.0802187938352, 'WG_k': 29.76441091380619, 'WG_c': 0.0199135066091769, 'rate_power': 0.9003904859169055}. Best is trial 579 with value: 0.6102826150053956.
[I 2026-05-22 17:59:25,833] Trial 831 finished with value: 0.6067578580381787 and parameters: {'WG_amp': 0.8780688764656794, 'WG_Phalf': 156.35956296643815, 'WG_k': 20.54023138861244, 'WG_c': 1.9755850210331927, 'rate_power': 1.1604888971125364}. Best is trial 579 with value: 0.6102826150053956.
[I 2026-05-22 17:59:26,126] Trial 832 finished with value: 0.5916691986504331 and parameters: {'WG_amp': 0.60069060731199, 'WG_Phalf': 1731.2506558783534, 'WG_k': 0.019334994610980517, 'WG_c': 0.011190648967332285, 'rate_power': 0.7921663984669732}. Best is trial 579 with value: 0.6102826150053956.
[I 2026-05-22 17:59:26,418] Trial 833 finished with value: 0.6092083935431236 and parameters: {'WG_amp': 0.76270971962925, 'WG_Phalf': 118.64868732505313, 'WG_k': 84.5904598802648, 'WG_c': 0.748130467996587, 'rate_power': 1.1930018314544597}. Best is trial 579 with value: 0.6102826150053956.
[I 2026-05-22 17:59:26,709] Trial 834 finished with value: 0.6100982482464368 and parameters: {'WG_amp': 0.893402647252458, 'WG_Phalf': 159.07377570159525, 'WG_k': 22.10005060231396, 'WG_c': 0.8497649846216666, 'rate_power': 1.2201925061279435}. Best is trial 579 with value: 0.6102826150053956.
[I 2026-05-22 17:59:27,000] Trial 835 finished with value: 0.6062615670724563 and parameters: {'WG_amp': 0.8911130915193227, 'WG_Phalf': 188.0401934076878, 'WG_k': 63.32523636608956, 'WG_c': 0.5574099443790317, 'rate_power': 1.1484926667159723}. Best is trial 579 with value: 0.6102826150053956.
[I 2026-05-22 17:59:27,290] Trial 836 finished with value: 0.6099430676852671 and parameters: {'WG_amp': 0.8633125224450078, 'WG_Phalf': 127.27369809404935, 'WG_k': 21.90512809794034, 'WG_c': 0.946168158512242, 'rate_power': 1.088658494428173}. Best is trial 579 with value: 0.6102826150053956.
[I 2026-05-22 17:59:27,580] Trial 837 finished with value: 0.6071410738635964 and parameters: {'WG_amp': 0.8907732216527738, 'WG_Phalf': 203.48775799858862, 'WG_k': 13.103007152538995, 'WG_c': 3.648686802733327, 'rate_power': 1.1981193092187918}. Best is trial 579 with value: 0.6102826150053956.
[I 2026-05-22 17:59:27,870] Trial 838 finished with value: 0.6102190537317779 and parameters: {'WG_amp': 0.8989025470362831, 'WG_Phalf': 110.69120520606157, 'WG_k': 16.658525497235598, 'WG_c': 0.8096626344754804, 'rate_power': 1.0599226681274838}. Best is trial 579 with value: 0.6102826150053956.
[I 2026-05-22 17:59:28,160] Trial 839 finished with value: 0.6078945639160498 and parameters: {'WG_amp': 0.8912370074503893, 'WG_Phalf': 134.0262378720275, 'WG_k': 12.993526573446042, 'WG_c': 1.2044421477129261, 'rate_power': 1.0508046104377147}. Best is trial 579 with value: 0.6102826150053956.
[I 2026-05-22 17:59:28,451] Trial 840 finished with value: 0.6021967591476084 and parameters: {'WG_amp': 0.3156726560751597, 'WG_Phalf': 1004.59637969814, 'WG_k': 11.521359434039292, 'WG_c': 0.004148352024482142, 'rate_power': 0.9717573716016761}. Best is trial 579 with value: 0.6102826150053956.
[I 2026-05-22 17:59:28,737] Trial 841 finished with value: 0.604246690352516 and parameters: {'WG_amp': 0.874575304380877, 'WG_Phalf': 165.8133400165239, 'WG_k': 85.17621310789798, 'WG_c': 0.4290588691868163, 'rate_power': 1.0034961493432049}. Best is trial 579 with value: 0.6102826150053956.
[I 2026-05-22 17:59:29,027] Trial 842 finished with value: 0.5799663181713267 and parameters: {'WG_amp': 0.8990847809362009, 'WG_Phalf': 194.7448618497369, 'WG_k': 35.96474294778242, 'WG_c': 0.10287952259970697, 'rate_power': 1.1069212628326905}. Best is trial 579 with value: 0.6102826150053956.
[I 2026-05-22 17:59:29,316] Trial 843 finished with value: 0.6043305420099458 and parameters: {'WG_amp': 0.8114666652097147, 'WG_Phalf': 209.38686262309238, 'WG_k': 23.86217263223458, 'WG_c': 7.343000397793379, 'rate_power': 1.0489694347578071}. Best is trial 579 with value: 0.6102826150053956.
[I 2026-05-22 17:59:29,604] Trial 844 finished with value: 0.580790496839122 and parameters: {'WG_amp': 0.8558713433859614, 'WG_Phalf': 186.1422899673078, 'WG_k': 0.07867481643563715, 'WG_c': 0.0027158265518752345, 'rate_power': 1.2287430235626093}. Best is trial 579 with value: 0.6102826150053956.
[I 2026-05-22 17:59:29,894] Trial 845 finished with value: 0.6042823438675188 and parameters: {'WG_amp': 0.7091766157738189, 'WG_Phalf': 116.82814304419448, 'WG_k': 34.776922932764606, 'WG_c': 3.890825055128036, 'rate_power': 1.047384002005361}. Best is trial 579 with value: 0.6102826150053956.
[I 2026-05-22 17:59:30,186] Trial 846 finished with value: 0.6098795424995762 and parameters: {'WG_amp': 0.7867051926740236, 'WG_Phalf': 104.71813937963208, 'WG_k': 13.741263972156368, 'WG_c': 0.7904996007263773, 'rate_power': 1.0751293217298725}. Best is trial 579 with value: 0.6102826150053956.
[I 2026-05-22 17:59:30,472] Trial 847 finished with value: 0.604392073863569 and parameters: {'WG_amp': 0.7491884375250926, 'WG_Phalf': 122.06429655485246, 'WG_k': 18.077196096258543, 'WG_c': 2.180417420354735, 'rate_power': 1.0506004585844229}. Best is trial 579 with value: 0.6102826150053956.
[I 2026-05-22 17:59:30,761] Trial 848 finished with value: 0.6035513269028966 and parameters: {'WG_amp': 0.8493520025903127, 'WG_Phalf': 120.93223375041686, 'WG_k': 44.44032582169738, 'WG_c': 2.7031588747270723, 'rate_power': 1.0253489165082479}. Best is trial 579 with value: 0.6102826150053956.
[I 2026-05-22 17:59:31,048] Trial 849 finished with value: 0.5705191356894067 and parameters: {'WG_amp': 0.8705505774706421, 'WG_Phalf': 111.18104986400574, 'WG_k': 12.723480418283385, 'WG_c': 0.0950058378786108, 'rate_power': 1.1498085655427541}. Best is trial 579 with value: 0.6102826150053956.
[I 2026-05-22 17:59:31,338] Trial 850 finished with value: 0.6059880951785169 and parameters: {'WG_amp': 0.7696733407200442, 'WG_Phalf': 130.97667031115836, 'WG_k': 2.6991025221089973, 'WG_c': 0.6925897000167437, 'rate_power': 1.081011101256402}. Best is trial 579 with value: 0.6102826150053956.
[I 2026-05-22 17:59:31,624] Trial 851 finished with value: 0.6063739088991413 and parameters: {'WG_amp': 0.8866067829797071, 'WG_Phalf': 105.33065551120866, 'WG_k': 6.0805726026698705, 'WG_c': 4.496324954801795, 'rate_power': 1.1376983505115068}. Best is trial 579 with value: 0.6102826150053956.
[I 2026-05-22 17:59:31,915] Trial 852 finished with value: 0.6087431957259507 and parameters: {'WG_amp': 0.810754059983607, 'WG_Phalf': 107.3196056565884, 'WG_k': 8.060617856381587, 'WG_c': 0.708767696470886, 'rate_power': 0.9822667636301482}. Best is trial 579 with value: 0.6102826150053956.
[I 2026-05-22 17:59:32,205] Trial 853 finished with value: 0.6036224268580526 and parameters: {'WG_amp': 0.7142681383458418, 'WG_Phalf': 201.38874280747473, 'WG_k': 7.42598906169408, 'WG_c': 1.5483182268017708, 'rate_power': 0.9991199110357145}. Best is trial 579 with value: 0.6102826150053956.
[I 2026-05-22 17:59:32,491] Trial 854 finished with value: 0.6091784601485917 and parameters: {'WG_amp': 0.8993239413137027, 'WG_Phalf': 237.81508717452596, 'WG_k': 38.00553807908199, 'WG_c': 0.9364064086862313, 'rate_power': 1.0434661170531778}. Best is trial 579 with value: 0.6102826150053956.
[I 2026-05-22 17:59:32,780] Trial 855 finished with value: 0.6060514691555835 and parameters: {'WG_amp': 0.8131864667691324, 'WG_Phalf': 109.7512948827445, 'WG_k': 11.946833440653023, 'WG_c': 0.8845671755380836, 'rate_power': 0.9216279730865196}. Best is trial 579 with value: 0.6102826150053956.
[I 2026-05-22 17:59:33,070] Trial 856 finished with value: 0.6061274528388374 and parameters: {'WG_amp': 0.16858669097410645, 'WG_Phalf': 984.0012016940161, 'WG_k': 6.668498858525387, 'WG_c': 0.2569190989252297, 'rate_power': 1.2971288086151338}. Best is trial 579 with value: 0.6102826150053956.
[I 2026-05-22 17:59:33,360] Trial 857 finished with value: 0.6023905386129554 and parameters: {'WG_amp': 0.895174751059641, 'WG_Phalf': 111.4142327771724, 'WG_k': 6.2349900848378805, 'WG_c': 0.38941163748238067, 'rate_power': 1.0293939070858782}. Best is trial 579 with value: 0.6102826150053956.
[I 2026-05-22 17:59:33,650] Trial 858 finished with value: 0.5912878735720957 and parameters: {'WG_amp': 0.015747379797039607, 'WG_Phalf': 719.9996869138431, 'WG_k': 0.06505893009971729, 'WG_c': 0.11659735761109709, 'rate_power': 0.8244701747832965}. Best is trial 579 with value: 0.6102826150053956.
[I 2026-05-22 17:59:33,942] Trial 859 finished with value: 0.607767614556208 and parameters: {'WG_amp': 0.7390926705233052, 'WG_Phalf': 119.27373303072099, 'WG_k': 7.80810820572056, 'WG_c': 0.5648475005270581, 'rate_power': 1.0812704239347468}. Best is trial 579 with value: 0.6102826150053956.
[I 2026-05-22 17:59:34,233] Trial 860 finished with value: 0.6085608236803485 and parameters: {'WG_amp': 0.8997826396464759, 'WG_Phalf': 121.09400607938387, 'WG_k': 24.78974147531011, 'WG_c': 1.2914297619478303, 'rate_power': 1.1430437229030368}. Best is trial 579 with value: 0.6102826150053956.
[I 2026-05-22 17:59:34,522] Trial 861 finished with value: 0.5969037884352543 and parameters: {'WG_amp': 0.692675953416653, 'WG_Phalf': 186.1462630018213, 'WG_k': 18.011807113716856, 'WG_c': 0.18905474386597143, 'rate_power': 1.0987167461766143}. Best is trial 579 with value: 0.6102826150053956.
[I 2026-05-22 17:59:34,812] Trial 862 finished with value: 0.6095577771255719 and parameters: {'WG_amp': 0.892800995754933, 'WG_Phalf': 147.1632297584624, 'WG_k': 9.876046545593946, 'WG_c': 0.706430730921123, 'rate_power': 1.0430177838458774}. Best is trial 579 with value: 0.6102826150053956.
[I 2026-05-22 17:59:35,103] Trial 863 finished with value: 0.6058839548475897 and parameters: {'WG_amp': 0.536116382134706, 'WG_Phalf': 106.58423038047655, 'WG_k': 42.684644473620274, 'WG_c': 0.3831621356589594, 'rate_power': 1.0159907415579101}. Best is trial 579 with value: 0.6102826150053956.
[I 2026-05-22 17:59:35,393] Trial 864 finished with value: 0.5913354613820794 and parameters: {'WG_amp': 0.7029579685543216, 'WG_Phalf': 495.4421042657762, 'WG_k': 0.8985941259858017, 'WG_c': 0.00029795413991180796, 'rate_power': 1.2764798917209137}. Best is trial 579 with value: 0.6102826150053956.
[I 2026-05-22 17:59:35,684] Trial 865 finished with value: 0.602120521449311 and parameters: {'WG_amp': 0.7575933147358158, 'WG_Phalf': 3604.338427412975, 'WG_k': 56.15597442866627, 'WG_c': 0.00015173235545029852, 'rate_power': 1.0837436771813416}. Best is trial 579 with value: 0.6102826150053956.
[I 2026-05-22 17:59:35,974] Trial 866 finished with value: 0.5856156577750733 and parameters: {'WG_amp': 0.8060144364414041, 'WG_Phalf': 183.92062802170366, 'WG_k': 2.949229272159679, 'WG_c': 0.12726471008441959, 'rate_power': 1.1625359643529816}. Best is trial 579 with value: 0.6102826150053956.
[I 2026-05-22 17:59:36,265] Trial 867 finished with value: 0.5997781841177656 and parameters: {'WG_amp': 0.1393369643063616, 'WG_Phalf': 100.94962351809944, 'WG_k': 0.3085964023890777, 'WG_c': 0.019350660300486083, 'rate_power': 0.9152026107272442}. Best is trial 579 with value: 0.6102826150053956.
[I 2026-05-22 17:59:36,554] Trial 868 finished with value: 0.6073518548826398 and parameters: {'WG_amp': 0.8824037396669648, 'WG_Phalf': 177.38500449728338, 'WG_k': 16.21249096341764, 'WG_c': 1.3530303164524142, 'rate_power': 1.0869433985329167}. Best is trial 579 with value: 0.6102826150053956.
[I 2026-05-22 17:59:36,844] Trial 869 finished with value: 0.6094996812505479 and parameters: {'WG_amp': 0.7943778959833532, 'WG_Phalf': 105.04796178331792, 'WG_k': 5.192669779915539, 'WG_c': 0.9576678339592801, 'rate_power': 1.0895508056452787}. Best is trial 579 with value: 0.6102826150053956.
[I 2026-05-22 17:59:37,133] Trial 870 finished with value: 0.584894913950285 and parameters: {'WG_amp': 0.7626266277895424, 'WG_Phalf': 142.78007629693136, 'WG_k': 29.560347834544952, 'WG_c': 0.10525102070485007, 'rate_power': 1.1113230832256351}. Best is trial 579 with value: 0.6102826150053956.
[I 2026-05-22 17:59:37,423] Trial 871 finished with value: 0.6054819348106669 and parameters: {'WG_amp': 0.8998407490537782, 'WG_Phalf': 124.45335997497543, 'WG_k': 5.560679913845498, 'WG_c': 0.5652265811327656, 'rate_power': 1.1460341920640742}. Best is trial 579 with value: 0.6102826150053956.
[I 2026-05-22 17:59:37,712] Trial 872 finished with value: 0.6082477441360216 and parameters: {'WG_amp': 0.7461146739933833, 'WG_Phalf': 180.9299110759479, 'WG_k': 34.54294638933569, 'WG_c': 0.6351246305112144, 'rate_power': 1.0257077679161521}. Best is trial 579 with value: 0.6102826150053956.
[I 2026-05-22 17:59:38,002] Trial 873 finished with value: 0.6001617358487898 and parameters: {'WG_amp': 0.7473348527017829, 'WG_Phalf': 195.5031639369579, 'WG_k': 7.647420049521292, 'WG_c': 0.4028185835089976, 'rate_power': 1.2741919341577348}. Best is trial 579 with value: 0.6102826150053956.
[I 2026-05-22 17:59:38,291] Trial 874 finished with value: 0.5961650964587115 and parameters: {'WG_amp': 0.895820763267834, 'WG_Phalf': 135.81957810004076, 'WG_k': 4.745313902276409, 'WG_c': 0.44692787771912823, 'rate_power': 1.2586361561352315}. Best is trial 579 with value: 0.6102826150053956.
[I 2026-05-22 17:59:38,581] Trial 875 finished with value: 0.5945789658054268 and parameters: {'WG_amp': 0.7813587192427291, 'WG_Phalf': 156.71339615141622, 'WG_k': 12.09879516684523, 'WG_c': 0.22822465902791314, 'rate_power': 1.1421436221939243}. Best is trial 579 with value: 0.6102826150053956.
[I 2026-05-22 17:59:38,871] Trial 876 finished with value: 0.6043923411013408 and parameters: {'WG_amp': 0.2784466241006265, 'WG_Phalf': 1624.3881947547427, 'WG_k': 64.95783884991359, 'WG_c': 0.03961286869642953, 'rate_power': 1.1886832076004852}. Best is trial 579 with value: 0.6102826150053956.
[I 2026-05-22 17:59:39,160] Trial 877 finished with value: 0.6104607256224537 and parameters: {'WG_amp': 0.8961189908975622, 'WG_Phalf': 115.2577724439232, 'WG_k': 23.547110749210646, 'WG_c': 0.9263679918657868, 'rate_power': 1.1420412669916542}. Best is trial 877 with value: 0.6104607256224537.
[I 2026-05-22 17:59:39,451] Trial 878 finished with value: 0.5958342351959436 and parameters: {'WG_amp': 0.49440488628643786, 'WG_Phalf': 648.1262640383895, 'WG_k': 1.107147401761874, 'WG_c': 0.058399301161439605, 'rate_power': 0.8105183010880822}. Best is trial 877 with value: 0.6104607256224537.
[I 2026-05-22 17:59:39,741] Trial 879 finished with value: 0.5960595753135012 and parameters: {'WG_amp': 0.7314863784701294, 'WG_Phalf': 185.35115800160833, 'WG_k': 11.374224229867252, 'WG_c': 0.19491717976711534, 'rate_power': 1.090497682159615}. Best is trial 877 with value: 0.6104607256224537.
[I 2026-05-22 17:59:40,031] Trial 880 finished with value: 0.606693242688552 and parameters: {'WG_amp': 0.8221732069122181, 'WG_Phalf': 132.5396504233118, 'WG_k': 45.19376837907809, 'WG_c': 0.5270076385266702, 'rate_power': 1.0229714386920028}. Best is trial 877 with value: 0.6104607256224537.
[I 2026-05-22 17:59:40,321] Trial 881 finished with value: 0.5939308291532305 and parameters: {'WG_amp': 0.8381250129540839, 'WG_Phalf': 337.3670148119156, 'WG_k': 92.90655480043948, 'WG_c': 0.12400581391336611, 'rate_power': 0.8122032264532861}. Best is trial 877 with value: 0.6104607256224537.
[I 2026-05-22 17:59:40,610] Trial 882 finished with value: 0.5941862007539377 and parameters: {'WG_amp': 0.8980508637615142, 'WG_Phalf': 132.00826781405004, 'WG_k': 20.799652238098712, 'WG_c': 0.2601352620960205, 'rate_power': 1.1007131917977866}. Best is trial 877 with value: 0.6104607256224537.
[I 2026-05-22 17:59:40,899] Trial 883 finished with value: 0.6080440236152431 and parameters: {'WG_amp': 0.8492203683285963, 'WG_Phalf': 113.25459538561188, 'WG_k': 42.33935157066869, 'WG_c': 0.624388053861268, 'rate_power': 1.0731352322463252}. Best is trial 877 with value: 0.6104607256224537.
