[I 2026-05-22 17:36:09,197] Trial 441 finished with value: 0.563925555453833 and parameters: {'k1': 0.04976733961335065, 'D_low': 1.8051015031597726, 'k2': 0.0028596849406293287, 'D_high': 42627.3714806757, 'fire_exp': 0.5468075135494002, 'P_half': 0.904452066621528, 'pre_dampen_half': 0.10136502222048432, 'gpp_af': 18.902988738038598, 'gpp_b': 9.12094421953954e-06, 'gpp_d': 613.4652745221457, 'ign_k': 4.34777464172506, 'ign_c': 0.3216645883831677, 'P_wet_supp': 8404.61747100965, 'P_wet_pow': 2.9096072160784514, 'P_half2': 22.085995185471415, 'P_floor_pow': 3.298583189301165}. Best is trial 383 with value: 0.599163981909633.
[I 2026-05-22 17:36:09,748] Trial 442 finished with value: 0.41298854308474353 and parameters: {'k1': 0.08049395036889369, 'D_low': 3.721523205490335, 'k2': 0.0030238936900102136, 'D_high': 2052.9981148638035, 'fire_exp': 0.45955111815570737, 'P_half': 130.357925932985, 'pre_dampen_half': 7.12726927954963, 'gpp_af': 56.63785316339925, 'gpp_b': 1.2921905625650893e-06, 'gpp_d': 245.66563424709733, 'ign_k': 0.9958449406096618, 'ign_c': 62.48083856421925, 'P_wet_supp': 2055.163123213415, 'P_wet_pow': 1.4807719354680307, 'P_half2': 3.49841309665195, 'P_floor_pow': 3.5001614601065896}. Best is trial 383 with value: 0.599163981909633.
[I 2026-05-22 17:36:10,302] Trial 443 finished with value: 0.5575046039818286 and parameters: {'k1': 0.028705635322915916, 'D_low': 8.009715307819484, 'k2': 0.016721114695201367, 'D_high': 38700.72243291001, 'fire_exp': 0.4100873463725876, 'P_half': 8.894092744107313, 'pre_dampen_half': 0.4758874475182476, 'gpp_af': 29.21581741156116, 'gpp_b': 1.1550987398764643e-06, 'gpp_d': 105.20405303990114, 'ign_k': 0.8864428044689954, 'ign_c': 0.14911565329032495, 'P_wet_supp': 4866.72720818655, 'P_wet_pow': 0.3112737512757493, 'P_half2': 0.2626320797663121, 'P_floor_pow': 4.5289892787773365}. Best is trial 383 with value: 0.599163981909633.
[I 2026-05-22 17:36:10,856] Trial 444 finished with value: 0.5342571450358717 and parameters: {'k1': 0.07941449654049271, 'D_low': 280.2522495606426, 'k2': 0.0002244118391235357, 'D_high': 286.7438528607048, 'fire_exp': 0.5905263909197603, 'P_half': 5.754473006392882, 'pre_dampen_half': 32.19022441092853, 'gpp_af': 3.8896915449148683, 'gpp_b': 0.00010266789016175367, 'gpp_d': 35.667469870388715, 'ign_k': 1.6456275610721771, 'ign_c': 3.805700603900376, 'P_wet_supp': 7687.031327461788, 'P_wet_pow': 3.8144113410590217, 'P_half2': 3961.9643212436376, 'P_floor_pow': 0.5083720494761583}. Best is trial 383 with value: 0.599163981909633.
[I 2026-05-22 17:36:11,407] Trial 445 finished with value: 0.4931870693644764 and parameters: {'k1': 0.004187835413423047, 'D_low': 91.35372679020642, 'k2': 0.0027382185464061674, 'D_high': 87812.6793101879, 'fire_exp': 3.4754254522211148, 'P_half': 0.6316686582454959, 'pre_dampen_half': 0.024995104306832258, 'gpp_af': 0.04436399007313448, 'gpp_b': 1.2537735946276793e-06, 'gpp_d': 176.57383650738737, 'ign_k': 2.1479142885700013, 'ign_c': 7.011276429680338, 'P_wet_supp': 6514.520483515066, 'P_wet_pow': 2.9918138827378757, 'P_half2': 2.5167423054048546, 'P_floor_pow': 0.588753365731121}. Best is trial 383 with value: 0.599163981909633.
[I 2026-05-22 17:36:11,959] Trial 446 finished with value: 0.47718780425407 and parameters: {'k1': 0.0043017583189720685, 'D_low': 47.03138094262376, 'k2': 0.0019470472313598288, 'D_high': 90.6780755502178, 'fire_exp': 0.7947295537259806, 'P_half': 36.74871328337059, 'pre_dampen_half': 8.180016237695133, 'gpp_af': 0.7694413989811743, 'gpp_b': 8.059557144043658e-05, 'gpp_d': 9.059055677099574, 'ign_k': 0.030377806742617, 'ign_c': 81.36337019312003, 'P_wet_supp': 2685.702436628234, 'P_wet_pow': 0.8302582885894003, 'P_half2': 0.47641478142393184, 'P_floor_pow': 2.6784337999270322}. Best is trial 383 with value: 0.599163981909633.
[I 2026-05-22 17:36:12,513] Trial 447 finished with value: 0.5591154364262925 and parameters: {'k1': 0.0051381417038241966, 'D_low': 1.1314476621505885, 'k2': 0.03798057060787162, 'D_high': 2222.3733633271563, 'fire_exp': 0.9471541104879784, 'P_half': 0.16797579516176483, 'pre_dampen_half': 0.9235536381761088, 'gpp_af': 0.06817907078095499, 'gpp_b': 1.0813962613785362e-05, 'gpp_d': 2.5573822937475112, 'ign_k': 1.1286034640937674, 'ign_c': 8.721061882150268, 'P_wet_supp': 4184.968216376235, 'P_wet_pow': 3.4666669356854225, 'P_half2': 1.3912332748678824, 'P_floor_pow': 3.4781553758496666}. Best is trial 383 with value: 0.599163981909633.
[I 2026-05-22 17:36:13,065] Trial 448 finished with value: 0.5729128007796995 and parameters: {'k1': 0.001745686929868515, 'D_low': 10.506911113646828, 'k2': 0.0008058736568106596, 'D_high': 973.9489849033347, 'fire_exp': 0.5536249247023932, 'P_half': 0.9772182634271964, 'pre_dampen_half': 21.429835795105753, 'gpp_af': 0.3474055646687189, 'gpp_b': 2.4732991496041604e-05, 'gpp_d': 62.337517317705114, 'ign_k': 0.9914441920119147, 'ign_c': 11.185814475694675, 'P_wet_supp': 2842.49968136524, 'P_wet_pow': 3.3429232302359875, 'P_half2': 10.236845326260974, 'P_floor_pow': 2.8140225007926087}. Best is trial 383 with value: 0.599163981909633.
[I 2026-05-22 17:36:13,618] Trial 449 finished with value: 0.4923006567110849 and parameters: {'k1': 0.014708951630307936, 'D_low': 10.403454762799774, 'k2': 0.09438422116572803, 'D_high': 38903.78596971825, 'fire_exp': 1.4937938496355794, 'P_half': 146.51615530862188, 'pre_dampen_half': 0.41804539533237256, 'gpp_af': 0.057328489228398866, 'gpp_b': 3.024989179439092e-06, 'gpp_d': 15.360715006570993, 'ign_k': 0.024322795571184698, 'ign_c': 5.1673330627244765, 'P_wet_supp': 3771.1829630976194, 'P_wet_pow': 2.462980013122649, 'P_half2': 19.10867644102261, 'P_floor_pow': 0.06499118926239175}. Best is trial 383 with value: 0.599163981909633.
[I 2026-05-22 17:36:14,170] Trial 450 finished with value: 0.3994490055432051 and parameters: {'k1': 0.03372201133150321, 'D_low': 19.155691224854035, 'k2': 0.007658415874586204, 'D_high': 21683.65407385942, 'fire_exp': 0.4806111742846179, 'P_half': 3.2022664105866143, 'pre_dampen_half': 0.04749373299512856, 'gpp_af': 4.817732007523445, 'gpp_b': 0.00022536357767541544, 'gpp_d': 363.13955605595686, 'ign_k': 2.9686312633760785, 'ign_c': 558.7878612698836, 'P_wet_supp': 386.36599939157134, 'P_wet_pow': 2.4789371150030135, 'P_half2': 1.5605457483390726, 'P_floor_pow': 3.6254555370927948}. Best is trial 383 with value: 0.599163981909633.
[I 2026-05-22 17:36:14,722] Trial 451 finished with value: 0.4070428950803059 and parameters: {'k1': 0.022413319770706278, 'D_low': 41.77632799852532, 'k2': 0.09580263864336083, 'D_high': 47.61892205648136, 'fire_exp': 0.594680202918243, 'P_half': 1.133952481959705, 'pre_dampen_half': 0.13831177711302903, 'gpp_af': 7.35575888564401, 'gpp_b': 3.312253543143723e-06, 'gpp_d': 537.0220683229961, 'ign_k': 0.9679311990987981, 'ign_c': 1.1392582313505766, 'P_wet_supp': 3384.104985732256, 'P_wet_pow': 2.7146196918880805, 'P_half2': 835.2018917982579, 'P_floor_pow': 1.8252417188444432}. Best is trial 383 with value: 0.599163981909633.
[I 2026-05-22 17:36:15,275] Trial 452 finished with value: 0.5419137900962425 and parameters: {'k1': 0.009840393704153289, 'D_low': 199.87814392938196, 'k2': 0.016645177652740012, 'D_high': 416.0028427184201, 'fire_exp': 0.4699124121544648, 'P_half': 83.03329138205177, 'pre_dampen_half': 162.80626340022013, 'gpp_af': 0.21790936830709526, 'gpp_b': 1.7275887715936028e-06, 'gpp_d': 37.40947659687371, 'ign_k': 0.07764657859836054, 'ign_c': 11.639254215598932, 'P_wet_supp': 5186.990507380024, 'P_wet_pow': 1.7488287559125513, 'P_half2': 11.601535634256358, 'P_floor_pow': 4.255858315045486}. Best is trial 383 with value: 0.599163981909633.
[I 2026-05-22 17:36:15,826] Trial 453 finished with value: 0.5214211360552158 and parameters: {'k1': 0.00024495899765218936, 'D_low': 77.24934357684117, 'k2': 0.0050486397766436025, 'D_high': 9759.426149881894, 'fire_exp': 0.8563944956940516, 'P_half': 0.30494263011452694, 'pre_dampen_half': 184.96842501272786, 'gpp_af': 0.2519105583523077, 'gpp_b': 1.9115775569974473e-05, 'gpp_d': 189.2990307420309, 'ign_k': 0.8805898982141641, 'ign_c': 2.229751152884458, 'P_wet_supp': 1429.8428719847602, 'P_wet_pow': 2.9925276028976002, 'P_half2': 1083.990559077263, 'P_floor_pow': 0.13524032995392982}. Best is trial 383 with value: 0.599163981909633.
[I 2026-05-22 17:36:16,377] Trial 454 finished with value: 0.4532523704945128 and parameters: {'k1': 0.08055522726751885, 'D_low': 52.43499269345807, 'k2': 0.03523392440276937, 'D_high': 124.91507154926408, 'fire_exp': 0.6189459669718558, 'P_half': 7.14470409977455, 'pre_dampen_half': 1.1762950748238115, 'gpp_af': 6.687188609343971, 'gpp_b': 0.0007741363900397814, 'gpp_d': 294.8741526900204, 'ign_k': 1.730054558443559, 'ign_c': 3.296324039349323, 'P_wet_supp': 7879.014342734794, 'P_wet_pow': 2.0611147723875525, 'P_half2': 8.767820226870278, 'P_floor_pow': 3.0202942664298424}. Best is trial 383 with value: 0.599163981909633.
[I 2026-05-22 17:36:16,931] Trial 455 finished with value: 0.5965837786879095 and parameters: {'k1': 0.04895905190281931, 'D_low': 1.0884634208356954, 'k2': 0.011702348498833129, 'D_high': 5485.68793942949, 'fire_exp': 0.537358288601566, 'P_half': 81.64845579579402, 'pre_dampen_half': 5.693436581467809, 'gpp_af': 2.111604330623863, 'gpp_b': 1.0721356252777049e-06, 'gpp_d': 164.94294907791752, 'ign_k': 7.566104109848266, 'ign_c': 21.7978971523226, 'P_wet_supp': 9028.016336922885, 'P_wet_pow': 0.658341775738646, 'P_half2': 40.21485377165501, 'P_floor_pow': 3.7046042258979757}. Best is trial 383 with value: 0.599163981909633.
[I 2026-05-22 17:36:17,482] Trial 456 finished with value: 0.3994490055432051 and parameters: {'k1': 0.0007290397596605653, 'D_low': 20.908319415754494, 'k2': 0.00019223894387779592, 'D_high': 5117.997818962655, 'fire_exp': 0.5552490630120737, 'P_half': 12.999504762034398, 'pre_dampen_half': 4.760900385362527, 'gpp_af': 0.4851033754368104, 'gpp_b': 1.996985410380965e-05, 'gpp_d': 23.9308209928398, 'ign_k': 2.743927326231494, 'ign_c': 88.58766461608008, 'P_wet_supp': 188.1991590551983, 'P_wet_pow': 3.816528917384147, 'P_half2': 57.96481925208143, 'P_floor_pow': 2.5826011558635913}. Best is trial 383 with value: 0.599163981909633.
[I 2026-05-22 17:36:18,036] Trial 457 finished with value: 0.5611882388052857 and parameters: {'k1': 0.0025424754670740016, 'D_low': 18.53995942689034, 'k2': 0.0013217266763224673, 'D_high': 287.70354751442557, 'fire_exp': 0.5614776514976302, 'P_half': 0.9209087613271928, 'pre_dampen_half': 224.99586418388535, 'gpp_af': 0.0787425674523055, 'gpp_b': 0.00013240237327286937, 'gpp_d': 34.98069405889246, 'ign_k': 6.01574788651929, 'ign_c': 9.442963983549442, 'P_wet_supp': 2559.324258960629, 'P_wet_pow': 2.9745898348934783, 'P_half2': 67.95705875865382, 'P_floor_pow': 3.297508081872972}. Best is trial 383 with value: 0.599163981909633.
[I 2026-05-22 17:36:18,590] Trial 458 finished with value: 0.48799081137426864 and parameters: {'k1': 0.09291809972984826, 'D_low': 364.27852856070785, 'k2': 0.004694495675145693, 'D_high': 25.146270105383635, 'fire_exp': 0.516878183671305, 'P_half': 9.546277348964129, 'pre_dampen_half': 34.9361590290649, 'gpp_af': 0.9764398811983158, 'gpp_b': 4.806280397589331e-05, 'gpp_d': 15.301933378889274, 'ign_k': 0.3077167610338149, 'ign_c': 14.323582916068471, 'P_wet_supp': 2215.64146054906, 'P_wet_pow': 1.0664959388765447, 'P_half2': 1.0509269313736542, 'P_floor_pow': 4.6832126099670255}. Best is trial 383 with value: 0.599163981909633.
[I 2026-05-22 17:36:19,144] Trial 459 finished with value: 0.4626260983012431 and parameters: {'k1': 0.061702732706200136, 'D_low': 1.453970923216447, 'k2': 0.03158589237732955, 'D_high': 1202.7975717114919, 'fire_exp': 1.3542658481756413, 'P_half': 687.3833168503203, 'pre_dampen_half': 9.588893703227681, 'gpp_af': 0.4893955895370691, 'gpp_b': 0.0005722810586071841, 'gpp_d': 36.761089465758715, 'ign_k': 3.1905810614022476, 'ign_c': 9.474474219211515, 'P_wet_supp': 1680.196923541791, 'P_wet_pow': 0.8980084803635474, 'P_half2': 3013.7529992308578, 'P_floor_pow': 4.530373743446718}. Best is trial 383 with value: 0.599163981909633.
[I 2026-05-22 17:36:19,697] Trial 460 finished with value: 0.5193264642664385 and parameters: {'k1': 0.00724981096263366, 'D_low': 237.26442807407994, 'k2': 9.797696106403146e-05, 'D_high': 42.5758620753271, 'fire_exp': 0.5361107780931598, 'P_half': 20.049955722967542, 'pre_dampen_half': 43.11374906558868, 'gpp_af': 9.716267370115327, 'gpp_b': 0.0004489849648648733, 'gpp_d': 156.71214838228863, 'ign_k': 0.03670789926335291, 'ign_c': 11.821920472567593, 'P_wet_supp': 1125.744561954276, 'P_wet_pow': 1.5151962272695316, 'P_half2': 0.7630109301642278, 'P_floor_pow': 3.865152030848815}. Best is trial 383 with value: 0.599163981909633.
[I 2026-05-22 17:36:20,249] Trial 461 finished with value: 0.5498650190597117 and parameters: {'k1': 0.07667933686730637, 'D_low': 160.97102005677527, 'k2': 0.008243356931863798, 'D_high': 299.59140009521843, 'fire_exp': 0.5005942790214092, 'P_half': 1.7950235744675709, 'pre_dampen_half': 13.478344414782697, 'gpp_af': 84.4524494328601, 'gpp_b': 4.5922225205707225e-06, 'gpp_d': 757.802929153788, 'ign_k': 2.5174509269789875, 'ign_c': 11.459580180762552, 'P_wet_supp': 3131.8940738471015, 'P_wet_pow': 1.8865896965167015, 'P_half2': 10.847033975264628, 'P_floor_pow': 2.1536810345186645}. Best is trial 383 with value: 0.599163981909633.
[I 2026-05-22 17:36:20,803] Trial 462 finished with value: 0.5755808857371445 and parameters: {'k1': 0.011297584192108762, 'D_low': 3.99237248030761, 'k2': 0.001156247444685558, 'D_high': 8525.896832239076, 'fire_exp': 1.1494031138567926, 'P_half': 2.6517510953817975, 'pre_dampen_half': 2.178441511252843, 'gpp_af': 67.57821967048758, 'gpp_b': 3.6863161891760905e-06, 'gpp_d': 154.1987077859077, 'ign_k': 1.3298391223302173, 'ign_c': 1.7435601146963444, 'P_wet_supp': 5130.9860141712425, 'P_wet_pow': 4.946769497490655, 'P_half2': 3.5707473874695936, 'P_floor_pow': 0.09230059560183357}. Best is trial 383 with value: 0.599163981909633.
[I 2026-05-22 17:36:21,355] Trial 463 finished with value: 0.43453200130028535 and parameters: {'k1': 0.003405759280683058, 'D_low': 36.85413366922281, 'k2': 0.0001574693830678023, 'D_high': 2424.1566496462356, 'fire_exp': 0.7680218863481668, 'P_half': 47.17639768143076, 'pre_dampen_half': 101.55989370467815, 'gpp_af': 48.098749734132646, 'gpp_b': 1.269573770478397e-06, 'gpp_d': 2.1648355890172417, 'ign_k': 0.19293303768702516, 'ign_c': 111.03977475304488, 'P_wet_supp': 4697.67381838264, 'P_wet_pow': 1.3720620323261035, 'P_half2': 667.7349181437174, 'P_floor_pow': 0.2041570975753801}. Best is trial 383 with value: 0.599163981909633.
[I 2026-05-22 17:36:21,909] Trial 464 finished with value: 0.4047546311358087 and parameters: {'k1': 0.0015925663136469829, 'D_low': 15.84806292795944, 'k2': 0.00016725013112340028, 'D_high': 89712.36682515344, 'fire_exp': 0.6150815506186399, 'P_half': 0.1356780473512288, 'pre_dampen_half': 2.9162534193039487, 'gpp_af': 6.523299010802504, 'gpp_b': 1.135762112264423e-05, 'gpp_d': 8.125312805412424, 'ign_k': 0.5682750432187308, 'ign_c': 68.09489301831083, 'P_wet_supp': 8972.282653593305, 'P_wet_pow': 3.542082115320723, 'P_half2': 6983.425406537223, 'P_floor_pow': 1.1080746265864967}. Best is trial 383 with value: 0.599163981909633.
[I 2026-05-22 17:36:22,461] Trial 465 finished with value: 0.5464901508913385 and parameters: {'k1': 0.005191238283947948, 'D_low': 5.76514130221804, 'k2': 0.004694261808722555, 'D_high': 3951.253572681667, 'fire_exp': 0.4389688219818562, 'P_half': 34.65326270232182, 'pre_dampen_half': 0.0317982752053668, 'gpp_af': 54.50441178678367, 'gpp_b': 5.825228521604407e-06, 'gpp_d': 534.7251940155492, 'ign_k': 0.7540425278488033, 'ign_c': 3.421901390922755, 'P_wet_supp': 9461.194620920283, 'P_wet_pow': 0.9713204964159852, 'P_half2': 1.9871737099923796, 'P_floor_pow': 3.4458130359494947}. Best is trial 383 with value: 0.599163981909633.
[I 2026-05-22 17:36:23,014] Trial 466 finished with value: 0.46032372764926616 and parameters: {'k1': 8.63072599627083e-05, 'D_low': 1.1699171037325231, 'k2': 0.0015086169761729673, 'D_high': 25669.592599270203, 'fire_exp': 0.5063575768558656, 'P_half': 0.1412166689130557, 'pre_dampen_half': 0.14144651752577012, 'gpp_af': 31.946623644442592, 'gpp_b': 3.2463806789017783e-06, 'gpp_d': 309.33990970771447, 'ign_k': 0.29736974103991864, 'ign_c': 88.20486295720164, 'P_wet_supp': 212.6895351182709, 'P_wet_pow': 2.4587868499182655, 'P_half2': 28.068189169464052, 'P_floor_pow': 0.5173449499547873}. Best is trial 383 with value: 0.599163981909633.
[I 2026-05-22 17:36:23,569] Trial 467 finished with value: 0.5159554869427594 and parameters: {'k1': 0.004070862019984513, 'D_low': 12.6709574046993, 'k2': 0.00048738552720088745, 'D_high': 4023.4615752757068, 'fire_exp': 1.5229000151092693, 'P_half': 2.6347783081584715, 'pre_dampen_half': 7.586322715128036, 'gpp_af': 70.32734174637888, 'gpp_b': 5.387998511497007e-06, 'gpp_d': 627.0492504790701, 'ign_k': 0.08109740193871355, 'ign_c': 17.130414596122677, 'P_wet_supp': 2123.2778628855576, 'P_wet_pow': 4.641240368422198, 'P_half2': 0.7579444257736246, 'P_floor_pow': 0.6526675739234828}. Best is trial 383 with value: 0.599163981909633.
[I 2026-05-22 17:36:24,125] Trial 468 finished with value: 0.4991508145542382 and parameters: {'k1': 0.014694641207526116, 'D_low': 37.70387160542331, 'k2': 0.024739272371591223, 'D_high': 2436.8140917485707, 'fire_exp': 0.9630646356283072, 'P_half': 2.927953985337811, 'pre_dampen_half': 3.258826481464249, 'gpp_af': 7.016427241406302, 'gpp_b': 1.5163293192723484e-05, 'gpp_d': 813.1551108248076, 'ign_k': 0.14553138618966288, 'ign_c': 23.781749913592133, 'P_wet_supp': 779.755339212944, 'P_wet_pow': 2.6456823515747967, 'P_half2': 0.137903745077916, 'P_floor_pow': 4.254194476200444}. Best is trial 383 with value: 0.599163981909633.
[I 2026-05-22 17:36:24,680] Trial 469 finished with value: 0.5639702020212891 and parameters: {'k1': 0.004788050248301714, 'D_low': 176.2428124931157, 'k2': 0.05645996589611705, 'D_high': 90222.60879708226, 'fire_exp': 0.9582177741616593, 'P_half': 45.19796154282889, 'pre_dampen_half': 0.9788235547515818, 'gpp_af': 1.431472685149162, 'gpp_b': 3.866478287575488e-06, 'gpp_d': 2.4099145251640626, 'ign_k': 2.511563122181835, 'ign_c': 11.578527807335368, 'P_wet_supp': 3391.400751049405, 'P_wet_pow': 3.5775794172909077, 'P_half2': 0.4167605429082413, 'P_floor_pow': 1.1546540690281935}. Best is trial 383 with value: 0.599163981909633.
[I 2026-05-22 17:36:25,233] Trial 470 finished with value: 0.5375239093637736 and parameters: {'k1': 0.0021436040915267865, 'D_low': 19.423616861044348, 'k2': 0.002928466893916205, 'D_high': 138.08183026388332, 'fire_exp': 0.5038222871974554, 'P_half': 0.5226616443925326, 'pre_dampen_half': 1.5803697882090881, 'gpp_af': 0.27167753266758, 'gpp_b': 5.08547721070824e-06, 'gpp_d': 45.75123518662597, 'ign_k': 0.17173681933672416, 'ign_c': 19.891847616578655, 'P_wet_supp': 8693.191541107464, 'P_wet_pow': 3.718688754784841, 'P_half2': 14.371525027632122, 'P_floor_pow': 2.483127353152674}. Best is trial 383 with value: 0.599163981909633.
[I 2026-05-22 17:36:25,786] Trial 471 finished with value: 0.4171694757977228 and parameters: {'k1': 0.05859637961856138, 'D_low': 996.9199407931046, 'k2': 0.00013084741109804522, 'D_high': 7012.566821336284, 'fire_exp': 1.087348310667295, 'P_half': 19.276887129118432, 'pre_dampen_half': 383.1490611493791, 'gpp_af': 49.49038180769218, 'gpp_b': 0.0002962999323183943, 'gpp_d': 17.909730978933606, 'ign_k': 0.05109906945293869, 'ign_c': 38.03411143506385, 'P_wet_supp': 612.2953896952995, 'P_wet_pow': 2.0376591348052377, 'P_half2': 3638.049204728013, 'P_floor_pow': 0.4723560021736445}. Best is trial 383 with value: 0.599163981909633.
[I 2026-05-22 17:36:26,342] Trial 472 finished with value: 0.5532194263517886 and parameters: {'k1': 0.006889312338429277, 'D_low': 1.385754036727424, 'k2': 0.020349200693642256, 'D_high': 610.0069955630856, 'fire_exp': 0.40778558786245667, 'P_half': 727.4680440282132, 'pre_dampen_half': 41.34724417688765, 'gpp_af': 1.2215477051868322, 'gpp_b': 8.016873942209107e-05, 'gpp_d': 51.34243532016277, 'ign_k': 4.744164262429539, 'ign_c': 3.0728158172769624, 'P_wet_supp': 4930.227684156228, 'P_wet_pow': 0.2908551087228174, 'P_half2': 6.206462788709031, 'P_floor_pow': 2.1304316478046443}. Best is trial 383 with value: 0.599163981909633.
[I 2026-05-22 17:36:26,895] Trial 473 finished with value: 0.5494742274737319 and parameters: {'k1': 0.001375920190480341, 'D_low': 93.96307431146714, 'k2': 0.010483038490367141, 'D_high': 1556.9518423121397, 'fire_exp': 1.0065879502175687, 'P_half': 46.32300259840825, 'pre_dampen_half': 36.258090004278, 'gpp_af': 42.41836535152763, 'gpp_b': 3.024245330564746e-06, 'gpp_d': 176.18349266308513, 'ign_k': 1.210482014530514, 'ign_c': 1.352400450855436, 'P_wet_supp': 6491.275538423064, 'P_wet_pow': 1.0188819496427994, 'P_half2': 5.528789871537258, 'P_floor_pow': 3.8536160325424538}. Best is trial 383 with value: 0.599163981909633.
[I 2026-05-22 17:36:27,447] Trial 474 finished with value: 0.572281762440117 and parameters: {'k1': 0.09864278840002935, 'D_low': 1.6980765645836082, 'k2': 0.002059716456293713, 'D_high': 31596.99879877019, 'fire_exp': 0.38210446724486313, 'P_half': 130.98757697492087, 'pre_dampen_half': 0.5711919961981367, 'gpp_af': 0.0017078381929291966, 'gpp_b': 5.271531858224464e-05, 'gpp_d': 0.21554143971090733, 'ign_k': 1.1038489279520087, 'ign_c': 5.696121670724926, 'P_wet_supp': 7137.762122609651, 'P_wet_pow': 3.1860475950353817, 'P_half2': 135.84248841552912, 'P_floor_pow': 1.743900274415566}. Best is trial 383 with value: 0.599163981909633.
