[I 2026-05-22 17:35:50,524] Trial 407 finished with value: 0.3994490055432051 and parameters: {'k1': 0.0003265258314934271, 'D_low': 15.882226922236192, 'k2': 0.0004965051978649736, 'D_high': 384.47025148298616, 'fire_exp': 0.8897732218092741, 'P_half': 0.2205600392984163, 'pre_dampen_half': 0.4023702473904241, 'gpp_af': 0.6099773631257601, 'gpp_b': 0.0032046544615101477, 'gpp_d': 856.5170007063858, 'ign_k': 8.535565439963577, 'ign_c': 109.51459773213793, 'P_wet_supp': 699.1051508598028, 'P_wet_pow': 1.9910895310612111, 'P_half2': 499.08811640160013, 'P_floor_pow': 1.0131088596457758}. Best is trial 383 with value: 0.599163981909633.
[I 2026-05-22 17:35:51,075] Trial 408 finished with value: 0.5415975952286413 and parameters: {'k1': 0.0811368528024601, 'D_low': 10.233703999783781, 'k2': 0.05882152019551405, 'D_high': 1161.075180630015, 'fire_exp': 0.389689196211236, 'P_half': 27.10229759327333, 'pre_dampen_half': 13.176564439303602, 'gpp_af': 1.995590594045231, 'gpp_b': 1.2006507437464775e-05, 'gpp_d': 338.7927300132875, 'ign_k': 1.5432731675633444, 'ign_c': 3.830303375516579, 'P_wet_supp': 2125.719251142185, 'P_wet_pow': 2.8920053738487717, 'P_half2': 0.555852272445983, 'P_floor_pow': 3.441810073669847}. Best is trial 383 with value: 0.599163981909633.
[I 2026-05-22 17:35:51,622] Trial 409 finished with value: 0.4007153781499304 and parameters: {'k1': 0.0695121870308095, 'D_low': 17.392586232589185, 'k2': 0.0640608002027287, 'D_high': 61363.04209767545, 'fire_exp': 0.6163468503191738, 'P_half': 0.26243456393513387, 'pre_dampen_half': 0.4976322916625946, 'gpp_af': 16.076091275405044, 'gpp_b': 1.5150799216528653e-05, 'gpp_d': 98.86339047363823, 'ign_k': 9.630102846438575, 'ign_c': 32.42038497145322, 'P_wet_supp': 6134.936753403844, 'P_wet_pow': 3.196677243255127, 'P_half2': 0.20230314262207927, 'P_floor_pow': 1.626036052611102}. Best is trial 383 with value: 0.599163981909633.
[I 2026-05-22 17:35:52,167] Trial 410 finished with value: 0.5162987020601109 and parameters: {'k1': 0.0003401636190973116, 'D_low': 3.7460365208671096, 'k2': 1.1331424711701989e-05, 'D_high': 2481.5994377827865, 'fire_exp': 0.3728405343252491, 'P_half': 0.28406513312081044, 'pre_dampen_half': 62.252811431426316, 'gpp_af': 0.4336472790386004, 'gpp_b': 6.103098553959789e-06, 'gpp_d': 278.05483542740734, 'ign_k': 0.810140241457803, 'ign_c': 20.067299879049, 'P_wet_supp': 180.015404665644, 'P_wet_pow': 4.6457921861856954, 'P_half2': 0.2415778599311775, 'P_floor_pow': 2.224699134044123}. Best is trial 383 with value: 0.599163981909633.
[I 2026-05-22 17:35:52,711] Trial 411 finished with value: 0.3994490055432051 and parameters: {'k1': 0.003951304773480354, 'D_low': 29.765064008379436, 'k2': 0.04542244393764836, 'D_high': 1178.386611903635, 'fire_exp': 0.44192675363684725, 'P_half': 0.22591345935254867, 'pre_dampen_half': 28.43557891711583, 'gpp_af': 14.928717947289108, 'gpp_b': 0.002558793855351111, 'gpp_d': 300.20896274495226, 'ign_k': 2.544539604164303, 'ign_c': 76.27343108642154, 'P_wet_supp': 288.4685528791716, 'P_wet_pow': 2.7667262183678853, 'P_half2': 0.2003585369258959, 'P_floor_pow': 2.440182685293378}. Best is trial 383 with value: 0.599163981909633.
[I 2026-05-22 17:35:53,253] Trial 412 finished with value: 0.40954693365134287 and parameters: {'k1': 0.05424712784034043, 'D_low': 1422.498807869049, 'k2': 0.05430643575260298, 'D_high': 1672.4475232195116, 'fire_exp': 0.8974864492470498, 'P_half': 140.04261894029182, 'pre_dampen_half': 5.016618754135847, 'gpp_af': 5.394907553096364, 'gpp_b': 1.2433728644321484e-06, 'gpp_d': 27.310481842582142, 'ign_k': 1.5002217509217595, 'ign_c': 1.4584276286063937, 'P_wet_supp': 4237.722752218553, 'P_wet_pow': 1.2461194925654229, 'P_half2': 0.9728043768807523, 'P_floor_pow': 1.9723179794379357}. Best is trial 383 with value: 0.599163981909633.
[I 2026-05-22 17:35:53,798] Trial 413 finished with value: 0.490408105943483 and parameters: {'k1': 0.010278144032896924, 'D_low': 55.98839457926635, 'k2': 0.004762866824502707, 'D_high': 548.9730912670325, 'fire_exp': 0.5538111981142835, 'P_half': 0.10458098878964991, 'pre_dampen_half': 3.640315575217453, 'gpp_af': 1.331047397017509, 'gpp_b': 1.4100492596373081e-06, 'gpp_d': 604.3621079176006, 'ign_k': 0.34229512400676615, 'ign_c': 16.051709355965652, 'P_wet_supp': 387.38339427885296, 'P_wet_pow': 1.6816103566005178, 'P_half2': 0.13829033463952775, 'P_floor_pow': 2.909850195993184}. Best is trial 383 with value: 0.599163981909633.
[I 2026-05-22 17:35:54,348] Trial 414 finished with value: 0.5590492968866574 and parameters: {'k1': 0.05259531829227226, 'D_low': 3.913532861906151, 'k2': 0.07314982093484125, 'D_high': 82235.91432819027, 'fire_exp': 0.5007974855669614, 'P_half': 16.98049017511043, 'pre_dampen_half': 0.3411640473159425, 'gpp_af': 48.38854022361577, 'gpp_b': 8.4133585977719e-06, 'gpp_d': 679.1544799600277, 'ign_k': 0.042353831877391626, 'ign_c': 20.104710164861945, 'P_wet_supp': 3756.4029534329525, 'P_wet_pow': 1.8349756300053355, 'P_half2': 1.3189028096033932, 'P_floor_pow': 0.6949729631097835}. Best is trial 383 with value: 0.599163981909633.
[I 2026-05-22 17:35:54,896] Trial 415 finished with value: 0.5409809672287181 and parameters: {'k1': 0.017597407518955183, 'D_low': 42.97561152657045, 'k2': 0.01622685828140565, 'D_high': 2852.157337112798, 'fire_exp': 0.6879571449046501, 'P_half': 1.41767658496597, 'pre_dampen_half': 0.10899525951709028, 'gpp_af': 29.343083329762806, 'gpp_b': 1.8322508367722556e-06, 'gpp_d': 752.2488639487399, 'ign_k': 0.11222404519229617, 'ign_c': 4.549073023316914, 'P_wet_supp': 9433.155528243438, 'P_wet_pow': 2.9250254323241207, 'P_half2': 0.759354567852904, 'P_floor_pow': 3.96294175828037}. Best is trial 383 with value: 0.599163981909633.
[I 2026-05-22 17:35:55,437] Trial 416 finished with value: 0.3994490055432051 and parameters: {'k1': 0.0449463430718174, 'D_low': 67.8109604533084, 'k2': 0.04105421705379906, 'D_high': 497.1847291640326, 'fire_exp': 2.18376950156701, 'P_half': 31.591139767586256, 'pre_dampen_half': 74.06546014973026, 'gpp_af': 16.213927403208842, 'gpp_b': 2.75442758746011e-05, 'gpp_d': 21.74089080513554, 'ign_k': 2.195962919116825, 'ign_c': 74.26153203384128, 'P_wet_supp': 6378.857323513882, 'P_wet_pow': 1.1664680720618965, 'P_half2': 0.857763756618367, 'P_floor_pow': 2.8264612500776645}. Best is trial 383 with value: 0.599163981909633.
[I 2026-05-22 17:35:55,978] Trial 417 finished with value: 0.5486500227781925 and parameters: {'k1': 0.012771468519439666, 'D_low': 10.908722887663735, 'k2': 0.06882486876590431, 'D_high': 2819.1940506765245, 'fire_exp': 1.2383799777622058, 'P_half': 6.118349496445301, 'pre_dampen_half': 1.2949554687877252, 'gpp_af': 0.9385328704990814, 'gpp_b': 1.2574489572055519e-06, 'gpp_d': 59.277307686398004, 'ign_k': 2.0746742402783096, 'ign_c': 1.6207623877936606, 'P_wet_supp': 6776.289626129359, 'P_wet_pow': 1.4736722700133533, 'P_half2': 52.98073079687482, 'P_floor_pow': 2.98083308588886}. Best is trial 383 with value: 0.599163981909633.
[I 2026-05-22 17:35:56,521] Trial 418 finished with value: 0.5121833775656996 and parameters: {'k1': 0.07129675851497937, 'D_low': 9.05154212964153, 'k2': 0.0431711604878151, 'D_high': 2894.151574074794, 'fire_exp': 0.5831179007461078, 'P_half': 56.771855535658965, 'pre_dampen_half': 0.1289403003753459, 'gpp_af': 15.903638699210662, 'gpp_b': 3.2331325643333007e-06, 'gpp_d': 726.7054581362391, 'ign_k': 3.8585077880377887, 'ign_c': 11.643348084704572, 'P_wet_supp': 6478.716914482113, 'P_wet_pow': 3.210748028074088, 'P_half2': 233.76233580135602, 'P_floor_pow': 3.2138473374603866}. Best is trial 383 with value: 0.599163981909633.
[I 2026-05-22 17:35:57,066] Trial 419 finished with value: 0.5775496819608372 and parameters: {'k1': 0.03600824841257275, 'D_low': 1.20035842661744, 'k2': 0.01985644430398709, 'D_high': 11585.435952869073, 'fire_exp': 0.35574813334477207, 'P_half': 26.405779055824866, 'pre_dampen_half': 0.7024803847982388, 'gpp_af': 25.79990563098389, 'gpp_b': 1.1682384608204815e-06, 'gpp_d': 160.37586534279848, 'ign_k': 6.515781423997012, 'ign_c': 11.128260867056808, 'P_wet_supp': 6941.2208035058275, 'P_wet_pow': 1.5251438328753228, 'P_half2': 6.937003785915178, 'P_floor_pow': 3.9704075145098314}. Best is trial 383 with value: 0.599163981909633.
[I 2026-05-22 17:35:57,609] Trial 420 finished with value: 0.4445419784688021 and parameters: {'k1': 0.008990714568253155, 'D_low': 1.8091189323380066, 'k2': 0.017772719318354075, 'D_high': 15873.889678456593, 'fire_exp': 0.38672239790507074, 'P_half': 1.3346116040577958, 'pre_dampen_half': 0.3641740499763716, 'gpp_af': 77.7782582614571, 'gpp_b': 5.9740973886760995e-06, 'gpp_d': 35.267693201298826, 'ign_k': 1.347250710508057, 'ign_c': 37.251067401016236, 'P_wet_supp': 3222.922320019403, 'P_wet_pow': 2.0398450759171136, 'P_half2': 31.238187235497964, 'P_floor_pow': 3.643833537095377}. Best is trial 383 with value: 0.599163981909633.
[I 2026-05-22 17:35:58,151] Trial 421 finished with value: 0.49563290713819974 and parameters: {'k1': 0.04359974547947839, 'D_low': 12.55744039455066, 'k2': 0.03320563912891945, 'D_high': 939.4322301150366, 'fire_exp': 1.6814521884804778, 'P_half': 12.782961402636069, 'pre_dampen_half': 0.6376849704278427, 'gpp_af': 35.76119391702061, 'gpp_b': 4.602512853315284e-06, 'gpp_d': 325.7754249741487, 'ign_k': 4.068563136460295, 'ign_c': 10.630303072246264, 'P_wet_supp': 1205.8226481177826, 'P_wet_pow': 2.5419745317849656, 'P_half2': 3.0071494416795734, 'P_floor_pow': 3.958024370357351}. Best is trial 383 with value: 0.599163981909633.
[I 2026-05-22 17:35:58,694] Trial 422 finished with value: 0.4835241899809575 and parameters: {'k1': 0.036724717124703106, 'D_low': 2.358379368375351, 'k2': 0.0015187526304267077, 'D_high': 16212.006925671629, 'fire_exp': 0.896101112483278, 'P_half': 2014.3603194774562, 'pre_dampen_half': 0.2081851641074658, 'gpp_af': 6.741116417901951, 'gpp_b': 0.00013656553907637136, 'gpp_d': 70.75875812906337, 'ign_k': 7.858831472741376, 'ign_c': 4.420575554545896, 'P_wet_supp': 4050.203219617389, 'P_wet_pow': 1.4407655018640522, 'P_half2': 36.297691452310275, 'P_floor_pow': 4.808039467247073}. Best is trial 383 with value: 0.599163981909633.
[I 2026-05-22 17:35:59,239] Trial 423 finished with value: 0.3994490055432051 and parameters: {'k1': 0.0040518254899451515, 'D_low': 1.2971208916866857, 'k2': 0.05908519418350642, 'D_high': 16771.810429458594, 'fire_exp': 0.6804290269339316, 'P_half': 37.505738080432025, 'pre_dampen_half': 1.4876110982684616, 'gpp_af': 41.123467988533314, 'gpp_b': 1.8470557571478854e-06, 'gpp_d': 364.3887181945915, 'ign_k': 1.8505724269164494, 'ign_c': 87.26050286940601, 'P_wet_supp': 3643.2530646084842, 'P_wet_pow': 1.6604535736609924, 'P_half2': 0.14523552644678017, 'P_floor_pow': 4.102263424096756}. Best is trial 383 with value: 0.599163981909633.
[I 2026-05-22 17:35:59,795] Trial 424 finished with value: 0.5217566600896248 and parameters: {'k1': 0.031197258744780493, 'D_low': 40.494321023449515, 'k2': 0.00904490970011105, 'D_high': 3489.659023026779, 'fire_exp': 1.8414666830953623, 'P_half': 1.406779337900092, 'pre_dampen_half': 17.509186668290116, 'gpp_af': 36.24435936730267, 'gpp_b': 2.01696430397907e-05, 'gpp_d': 6.590893003021271, 'ign_k': 1.2291953477362738, 'ign_c': 4.804239447008411, 'P_wet_supp': 4985.183105511681, 'P_wet_pow': 0.9822355647218778, 'P_half2': 9.50391632712065, 'P_floor_pow': 3.324870320798215}. Best is trial 383 with value: 0.599163981909633.
[I 2026-05-22 17:36:00,348] Trial 425 finished with value: 0.5486155992990871 and parameters: {'k1': 0.07362870391377943, 'D_low': 1.3370984063200186, 'k2': 0.004465470379907646, 'D_high': 74878.08196645959, 'fire_exp': 1.2790955718631063, 'P_half': 0.4811242393295431, 'pre_dampen_half': 3.19569716397434, 'gpp_af': 14.268349831310786, 'gpp_b': 0.004992474234389511, 'gpp_d': 564.7744603086322, 'ign_k': 0.033059110277174696, 'ign_c': 0.934995076602793, 'P_wet_supp': 7166.119044551228, 'P_wet_pow': 4.933584597198625, 'P_half2': 113.34219698485111, 'P_floor_pow': 1.3261905462938204}. Best is trial 383 with value: 0.599163981909633.
[I 2026-05-22 17:36:00,901] Trial 426 finished with value: 0.5740606728276497 and parameters: {'k1': 0.012520970923524102, 'D_low': 1.3708166312069292, 'k2': 0.02535535469680145, 'D_high': 36707.41880078122, 'fire_exp': 0.6000650870842387, 'P_half': 6.175417859508209, 'pre_dampen_half': 0.2741248967929752, 'gpp_af': 66.1078409494372, 'gpp_b': 1.0104719597316805e-06, 'gpp_d': 753.7496833489746, 'ign_k': 3.070050561384733, 'ign_c': 0.6790225801640747, 'P_wet_supp': 9058.957304357371, 'P_wet_pow': 1.5606224231383243, 'P_half2': 3.0836014998893257, 'P_floor_pow': 3.773170027898245}. Best is trial 383 with value: 0.599163981909633.
[I 2026-05-22 17:36:01,452] Trial 427 finished with value: 0.5134422814042809 and parameters: {'k1': 0.004511406382470366, 'D_low': 3.3523003606107116, 'k2': 0.08105881953148995, 'D_high': 46909.36166621059, 'fire_exp': 1.3090313201900698, 'P_half': 43.2149767231613, 'pre_dampen_half': 0.01732546403998477, 'gpp_af': 5.360267125300747, 'gpp_b': 2.7408654725938933e-06, 'gpp_d': 373.2166810686094, 'ign_k': 8.202414197592738, 'ign_c': 0.48721909604762825, 'P_wet_supp': 3319.024856800719, 'P_wet_pow': 2.34138674136195, 'P_half2': 3.407971081665588, 'P_floor_pow': 3.70825832824573}. Best is trial 383 with value: 0.599163981909633.
[I 2026-05-22 17:36:02,012] Trial 428 finished with value: 0.5702494195534611 and parameters: {'k1': 0.01753338638474612, 'D_low': 1.4409027191806776, 'k2': 0.0956243309574494, 'D_high': 55755.28501206486, 'fire_exp': 0.40915510984079156, 'P_half': 266.98534867174976, 'pre_dampen_half': 1.020234046682327, 'gpp_af': 20.95894478484762, 'gpp_b': 5.487994699868609e-06, 'gpp_d': 931.2306527361841, 'ign_k': 7.020435975966727, 'ign_c': 5.9819392793084605, 'P_wet_supp': 9428.166835370816, 'P_wet_pow': 2.222475527737258, 'P_half2': 2.854598277128062, 'P_floor_pow': 4.341495232416655}. Best is trial 383 with value: 0.599163981909633.
[I 2026-05-22 17:36:02,566] Trial 429 finished with value: 0.43062006319222473 and parameters: {'k1': 0.09947381952312218, 'D_low': 1.562354211971803, 'k2': 0.007409849594745551, 'D_high': 3157.1231389055456, 'fire_exp': 0.4590507006883181, 'P_half': 2.070426469239843, 'pre_dampen_half': 1.3158714299311645, 'gpp_af': 1.7006633686419577, 'gpp_b': 2.6108508466960324e-06, 'gpp_d': 13.926244215808346, 'ign_k': 2.2916842194920313, 'ign_c': 38.05803933481073, 'P_wet_supp': 2492.697187882767, 'P_wet_pow': 2.272331420592338, 'P_half2': 5.7724563733929255, 'P_floor_pow': 4.99052605615328}. Best is trial 383 with value: 0.599163981909633.
[I 2026-05-22 17:36:03,119] Trial 430 finished with value: 0.5511343142767772 and parameters: {'k1': 0.07608164756998605, 'D_low': 2.8602630169532044, 'k2': 0.05257207197444575, 'D_high': 94123.00075382907, 'fire_exp': 2.839149655833658, 'P_half': 4.470531805301734, 'pre_dampen_half': 1.3029715782686688, 'gpp_af': 35.01955164501512, 'gpp_b': 1.8450703963251052e-05, 'gpp_d': 762.8919993207197, 'ign_k': 1.299437850488641, 'ign_c': 0.10088032866320307, 'P_wet_supp': 6907.774627516345, 'P_wet_pow': 1.161687666827865, 'P_half2': 0.30159046697143915, 'P_floor_pow': 3.899175903688052}. Best is trial 383 with value: 0.599163981909633.
[I 2026-05-22 17:36:03,672] Trial 431 finished with value: 0.5716416407328736 and parameters: {'k1': 0.0594983933522879, 'D_low': 129.1771910262874, 'k2': 0.006851425782626901, 'D_high': 13352.94326122501, 'fire_exp': 1.3090544426289084, 'P_half': 208.11734910217118, 'pre_dampen_half': 18.28680640945356, 'gpp_af': 71.74953608281308, 'gpp_b': 5.853113128402481e-06, 'gpp_d': 69.62719987299573, 'ign_k': 4.298629892940328, 'ign_c': 12.8328004783189, 'P_wet_supp': 5409.639121460384, 'P_wet_pow': 1.8156349756367296, 'P_half2': 31.40959468857813, 'P_floor_pow': 2.5689030846934493}. Best is trial 383 with value: 0.599163981909633.
[I 2026-05-22 17:36:04,226] Trial 432 finished with value: 0.5603481005475985 and parameters: {'k1': 0.033255865165990266, 'D_low': 1.664057258485543, 'k2': 0.01818909362905255, 'D_high': 27642.1002905202, 'fire_exp': 0.5972539789920944, 'P_half': 6.947991649397372, 'pre_dampen_half': 1.725231704011975, 'gpp_af': 36.904179210112616, 'gpp_b': 1.740775755672214e-05, 'gpp_d': 61.89579551327531, 'ign_k': 4.1547966061529875, 'ign_c': 3.7072593693673217, 'P_wet_supp': 760.8825423314814, 'P_wet_pow': 0.13427407520627632, 'P_half2': 3.927837765461673, 'P_floor_pow': 3.1263698809723373}. Best is trial 383 with value: 0.599163981909633.
[I 2026-05-22 17:36:04,781] Trial 433 finished with value: 0.5817946942300852 and parameters: {'k1': 0.03559320374693176, 'D_low': 54.87416239356119, 'k2': 0.0011809188595657658, 'D_high': 153.0302741121839, 'fire_exp': 0.4603083868328477, 'P_half': 9.351313591064836, 'pre_dampen_half': 12.898262081213392, 'gpp_af': 2.4108232649607078, 'gpp_b': 2.57992282248431e-05, 'gpp_d': 79.85124863929036, 'ign_k': 0.23033732679636065, 'ign_c': 25.150659966471494, 'P_wet_supp': 9814.288580362287, 'P_wet_pow': 0.9975279281565586, 'P_half2': 3.4454767957378176, 'P_floor_pow': 3.4462395811232467}. Best is trial 383 with value: 0.599163981909633.
[I 2026-05-22 17:36:05,335] Trial 434 finished with value: 0.4853484418556393 and parameters: {'k1': 0.034700610327533965, 'D_low': 16.151799462068166, 'k2': 0.06250209316888355, 'D_high': 2394.63222709818, 'fire_exp': 0.5766041719180092, 'P_half': 2.908006377732933, 'pre_dampen_half': 0.22659489075019243, 'gpp_af': 24.791387454370533, 'gpp_b': 5.041070585459606e-06, 'gpp_d': 50.51673633575317, 'ign_k': 8.459560665083732, 'ign_c': 24.338134000771856, 'P_wet_supp': 6302.503643027653, 'P_wet_pow': 0.6996821391637973, 'P_half2': 58.03522015807936, 'P_floor_pow': 4.593117978745464}. Best is trial 383 with value: 0.599163981909633.
[I 2026-05-22 17:36:05,892] Trial 435 finished with value: 0.5689140827909597 and parameters: {'k1': 0.04982849402395238, 'D_low': 179.23648938150686, 'k2': 0.002850642506078573, 'D_high': 4762.778728250333, 'fire_exp': 0.5787703154839904, 'P_half': 9.85030139290286, 'pre_dampen_half': 0.9624414240259317, 'gpp_af': 64.87427207262128, 'gpp_b': 1.2841792587241088e-06, 'gpp_d': 285.4842980749112, 'ign_k': 1.4025857168506697, 'ign_c': 0.7192104160759164, 'P_wet_supp': 4465.771876891915, 'P_wet_pow': 1.0925024926425477, 'P_half2': 2.351390424902409, 'P_floor_pow': 2.9301812155005758}. Best is trial 383 with value: 0.599163981909633.
[I 2026-05-22 17:36:06,444] Trial 436 finished with value: 0.46863654843905395 and parameters: {'k1': 0.06989505504379036, 'D_low': 9.952166372114274, 'k2': 0.0027871817998166423, 'D_high': 4704.5440859376695, 'fire_exp': 0.5405824397844978, 'P_half': 0.2735194804728454, 'pre_dampen_half': 0.1419916680882628, 'gpp_af': 0.004405053191924784, 'gpp_b': 0.00018651112224130973, 'gpp_d': 289.21520535488537, 'ign_k': 0.12783899658669526, 'ign_c': 72.90545745952706, 'P_wet_supp': 4198.971529091732, 'P_wet_pow': 3.928920474248387, 'P_half2': 0.13953779892539708, 'P_floor_pow': 1.9706954223890143}. Best is trial 383 with value: 0.599163981909633.
[I 2026-05-22 17:36:06,997] Trial 437 finished with value: 0.5574607677909922 and parameters: {'k1': 0.050628474131468, 'D_low': 11.089846729003908, 'k2': 0.017189663852745493, 'D_high': 41492.746766218814, 'fire_exp': 0.4842179953050726, 'P_half': 0.46444234302052906, 'pre_dampen_half': 6.089505227830647, 'gpp_af': 0.6243930633257256, 'gpp_b': 2.849739069988769e-05, 'gpp_d': 257.1153355431481, 'ign_k': 6.410082157723993, 'ign_c': 15.996880208055995, 'P_wet_supp': 4184.953144624431, 'P_wet_pow': 1.667027075968971, 'P_half2': 0.8032242005392577, 'P_floor_pow': 0.5858141400895257}. Best is trial 383 with value: 0.599163981909633.
[I 2026-05-22 17:36:07,546] Trial 438 finished with value: 0.3994490055432051 and parameters: {'k1': 0.0016015359723917507, 'D_low': 220.38450603704987, 'k2': 0.056916185418959035, 'D_high': 21582.85529351081, 'fire_exp': 1.6100686389310417, 'P_half': 136.64906150724622, 'pre_dampen_half': 7.072822329901885, 'gpp_af': 0.0094446038802922, 'gpp_b': 3.627215219003687e-05, 'gpp_d': 5.092817965902869, 'ign_k': 1.0416406674088357, 'ign_c': 47.65440160086308, 'P_wet_supp': 1979.7411159386213, 'P_wet_pow': 2.994592185931866, 'P_half2': 1.006581641877778, 'P_floor_pow': 0.8339217462707238}. Best is trial 383 with value: 0.599163981909633.
[I 2026-05-22 17:36:08,094] Trial 439 finished with value: 0.4820667455495377 and parameters: {'k1': 0.00035325164241564483, 'D_low': 1.456012090878353, 'k2': 0.02555692298620715, 'D_high': 19349.451667339585, 'fire_exp': 3.627171259208729, 'P_half': 51.27039015220838, 'pre_dampen_half': 5.306896080444531, 'gpp_af': 0.3680716842705813, 'gpp_b': 1.3835134731251091e-06, 'gpp_d': 401.59639824948107, 'ign_k': 0.19407406162076685, 'ign_c': 5.685714550035921, 'P_wet_supp': 9065.668205180558, 'P_wet_pow': 2.8512365780048157, 'P_half2': 0.5845324980433673, 'P_floor_pow': 0.4964079670897188}. Best is trial 383 with value: 0.599163981909633.
[I 2026-05-22 17:36:08,645] Trial 440 finished with value: 0.4461310051986207 and parameters: {'k1': 0.0710311087260721, 'D_low': 114.42155369649265, 'k2': 0.0003022878471720022, 'D_high': 260.4411400354805, 'fire_exp': 0.46801511173199856, 'P_half': 3.069952032387698, 'pre_dampen_half': 59.29534953565576, 'gpp_af': 0.7802207735529479, 'gpp_b': 0.00018034602055650332, 'gpp_d': 861.3897308070757, 'ign_k': 0.18070021636451647, 'ign_c': 138.78900220206017, 'P_wet_supp': 6334.899395169724, 'P_wet_pow': 0.18757420663239033, 'P_half2': 18.83068649142144, 'P_floor_pow': 3.764504573597452}. Best is trial 383 with value: 0.599163981909633.
