[I 2026-05-22 17:56:25,225] Trial 218 finished with value: 0.6074649053937959 and parameters: {'WG_amp': 0.6760117401017975, 'WG_Phalf': 887.1140695031261, 'WG_k': 95.3700478521382, 'WG_c': 2.443590994160279, 'rate_power': 1.2523513034561367}. Best is trial 127 with value: 0.6096708420449738.
[I 2026-05-22 17:56:25,512] Trial 219 finished with value: 0.5955463877280944 and parameters: {'WG_amp': 0.7386221916311565, 'WG_Phalf': 901.8985204705144, 'WG_k': 54.37345647133466, 'WG_c': 0.13446601098623387, 'rate_power': 1.2904779928125756}. Best is trial 127 with value: 0.6096708420449738.
[I 2026-05-22 17:56:25,798] Trial 220 finished with value: 0.6074712323888833 and parameters: {'WG_amp': 0.8921989437796379, 'WG_Phalf': 561.4355822442317, 'WG_k': 47.14045092184029, 'WG_c': 3.6108005863684425, 'rate_power': 1.2480459859734365}. Best is trial 127 with value: 0.6096708420449738.
[I 2026-05-22 17:56:26,086] Trial 221 finished with value: 0.6063127623043504 and parameters: {'WG_amp': 0.8207764352825127, 'WG_Phalf': 724.4500230430199, 'WG_k': 23.79997360068177, 'WG_c': 0.4457167564751736, 'rate_power': 1.1630096134951682}. Best is trial 127 with value: 0.6096708420449738.
[I 2026-05-22 17:56:26,371] Trial 222 finished with value: 0.5912465631485976 and parameters: {'WG_amp': 0.012920613844396467, 'WG_Phalf': 958.5071560225122, 'WG_k': 0.4609315216198757, 'WG_c': 0.0008532343895875496, 'rate_power': 0.8243364588100776}. Best is trial 127 with value: 0.6096708420449738.
[I 2026-05-22 17:56:26,654] Trial 223 finished with value: 0.6090360721698386 and parameters: {'WG_amp': 0.8583082194795736, 'WG_Phalf': 1011.9542804809274, 'WG_k': 42.1224497726975, 'WG_c': 0.7233330607327838, 'rate_power': 1.229330715026534}. Best is trial 127 with value: 0.6096708420449738.
[I 2026-05-22 17:56:26,938] Trial 224 finished with value: 0.5948822009065967 and parameters: {'WG_amp': 0.6381271565670432, 'WG_Phalf': 109.24711347525563, 'WG_k': 0.015943900207179135, 'WG_c': 0.0004034790436640415, 'rate_power': 0.7636729940213017}. Best is trial 127 with value: 0.6096708420449738.
[I 2026-05-22 17:56:27,221] Trial 225 finished with value: 0.6048606159410815 and parameters: {'WG_amp': 0.729617435966915, 'WG_Phalf': 891.8585826169547, 'WG_k': 93.94126677757205, 'WG_c': 0.32422792421071106, 'rate_power': 1.1690325699201847}. Best is trial 127 with value: 0.6096708420449738.
[I 2026-05-22 17:56:27,506] Trial 226 finished with value: 0.6051146922627818 and parameters: {'WG_amp': 0.8036775051172866, 'WG_Phalf': 738.601516217864, 'WG_k': 39.545058821334166, 'WG_c': 0.45847490377781047, 'rate_power': 1.2720895728187285}. Best is trial 127 with value: 0.6096708420449738.
[I 2026-05-22 17:56:27,793] Trial 227 finished with value: 0.6086204934766705 and parameters: {'WG_amp': 0.8736941140053921, 'WG_Phalf': 1470.7069371259229, 'WG_k': 40.63104758899542, 'WG_c': 0.7277631497370518, 'rate_power': 1.2732106619827248}. Best is trial 127 with value: 0.6096708420449738.
[I 2026-05-22 17:56:28,081] Trial 228 finished with value: 0.6043165282054087 and parameters: {'WG_amp': 0.8985643668225209, 'WG_Phalf': 2164.246707864314, 'WG_k': 18.58321234914893, 'WG_c': 0.21361631726571123, 'rate_power': 1.1313902298875065}. Best is trial 127 with value: 0.6096708420449738.
[I 2026-05-22 17:56:28,368] Trial 229 finished with value: 0.6062459212489009 and parameters: {'WG_amp': 0.401049235229781, 'WG_Phalf': 1227.7791454964122, 'WG_k': 61.08179602703843, 'WG_c': 2.4698902782670626, 'rate_power': 1.1304675451964654}. Best is trial 127 with value: 0.6096708420449738.
[I 2026-05-22 17:56:28,657] Trial 230 finished with value: 0.6089066853298728 and parameters: {'WG_amp': 0.692118077145058, 'WG_Phalf': 1238.439107294605, 'WG_k': 46.451874229609665, 'WG_c': 1.0205069056549705, 'rate_power': 1.192112742765134}. Best is trial 127 with value: 0.6096708420449738.
[I 2026-05-22 17:56:28,944] Trial 231 finished with value: 0.6085213622965817 and parameters: {'WG_amp': 0.6953672070436103, 'WG_Phalf': 1126.1883788258483, 'WG_k': 31.167724621410688, 'WG_c': 1.1862068567872452, 'rate_power': 1.2017197870344245}. Best is trial 127 with value: 0.6096708420449738.
[I 2026-05-22 17:56:29,230] Trial 232 finished with value: 0.606333606562997 and parameters: {'WG_amp': 0.8961732322991175, 'WG_Phalf': 1145.0713578802913, 'WG_k': 39.307177489306554, 'WG_c': 9.369106722132958, 'rate_power': 1.135114278723312}. Best is trial 127 with value: 0.6096708420449738.
[I 2026-05-22 17:56:29,519] Trial 233 finished with value: 0.5954849984173466 and parameters: {'WG_amp': 0.7997906278197505, 'WG_Phalf': 413.8312568528489, 'WG_k': 90.93665830120725, 'WG_c': 0.2040303881691151, 'rate_power': 1.1937579136583192}. Best is trial 127 with value: 0.6096708420449738.
[I 2026-05-22 17:56:29,808] Trial 234 finished with value: 0.5953139653526647 and parameters: {'WG_amp': 0.7006623576120123, 'WG_Phalf': 167.2626817432971, 'WG_k': 0.04522792140832505, 'WG_c': 6.2390440716304045, 'rate_power': 1.1767296740552333}. Best is trial 127 with value: 0.6096708420449738.
[I 2026-05-22 17:56:30,096] Trial 235 finished with value: 0.6084823846979132 and parameters: {'WG_amp': 0.7232559312231778, 'WG_Phalf': 1102.5227516682392, 'WG_k': 32.15311347997971, 'WG_c': 1.150095905112971, 'rate_power': 1.1684760907789713}. Best is trial 127 with value: 0.6096708420449738.
[I 2026-05-22 17:56:30,384] Trial 236 finished with value: 0.6088670995078816 and parameters: {'WG_amp': 0.5656787755089583, 'WG_Phalf': 1146.1589566880723, 'WG_k': 20.59726755974327, 'WG_c': 0.9306577457712712, 'rate_power': 1.1992502718288813}. Best is trial 127 with value: 0.6096708420449738.
[I 2026-05-22 17:56:30,671] Trial 237 finished with value: 0.6055697139290664 and parameters: {'WG_amp': 0.46518817137412316, 'WG_Phalf': 3653.125737906089, 'WG_k': 4.686588104122191, 'WG_c': 8.327396009666712, 'rate_power': 1.0950170250538405}. Best is trial 127 with value: 0.6096708420449738.
[I 2026-05-22 17:56:30,958] Trial 238 finished with value: 0.6074149167866301 and parameters: {'WG_amp': 0.7638147320438412, 'WG_Phalf': 1990.788818605801, 'WG_k': 81.61329087379244, 'WG_c': 3.9478277239587936, 'rate_power': 1.2247147428184881}. Best is trial 127 with value: 0.6096708420449738.
[I 2026-05-22 17:56:31,247] Trial 239 finished with value: 0.6080650052686136 and parameters: {'WG_amp': 0.5023254677202005, 'WG_Phalf': 1283.113726003052, 'WG_k': 27.51690178212415, 'WG_c': 0.5774032674818728, 'rate_power': 1.1868341450304043}. Best is trial 127 with value: 0.6096708420449738.
[I 2026-05-22 17:56:31,534] Trial 240 finished with value: 0.6095067886846877 and parameters: {'WG_amp': 0.8994894786190486, 'WG_Phalf': 1109.008445197431, 'WG_k': 38.838527684733755, 'WG_c': 0.9653614702735962, 'rate_power': 1.2118026577861452}. Best is trial 127 with value: 0.6096708420449738.
[I 2026-05-22 17:56:31,823] Trial 241 finished with value: 0.6079402769755349 and parameters: {'WG_amp': 0.8114539476850696, 'WG_Phalf': 1430.519090445232, 'WG_k': 21.275278379697372, 'WG_c': 1.4667457651256184, 'rate_power': 1.2834400449875674}. Best is trial 127 with value: 0.6096708420449738.
[I 2026-05-22 17:56:32,110] Trial 242 finished with value: 0.604241414989323 and parameters: {'WG_amp': 0.24709262375044938, 'WG_Phalf': 1987.8675966288572, 'WG_k': 0.026835643586292226, 'WG_c': 1.6074510234003347, 'rate_power': 1.0462828572344574}. Best is trial 127 with value: 0.6096708420449738.
[I 2026-05-22 17:56:32,398] Trial 243 finished with value: 0.6085834775786632 and parameters: {'WG_amp': 0.7643730118828985, 'WG_Phalf': 1155.5191871506358, 'WG_k': 20.82523741021401, 'WG_c': 0.6416248348736769, 'rate_power': 1.1321746785184026}. Best is trial 127 with value: 0.6096708420449738.
[I 2026-05-22 17:56:32,687] Trial 244 finished with value: 0.6073304792587144 and parameters: {'WG_amp': 0.8671091063237053, 'WG_Phalf': 1145.3645641018875, 'WG_k': 39.179588068507734, 'WG_c': 1.592179723635925, 'rate_power': 1.184304512549342}. Best is trial 127 with value: 0.6096708420449738.
[I 2026-05-22 17:56:32,975] Trial 245 finished with value: 0.6078558904236473 and parameters: {'WG_amp': 0.881149660336552, 'WG_Phalf': 1336.3377021360366, 'WG_k': 18.495821296833864, 'WG_c': 0.5337361879156606, 'rate_power': 1.1956465085901637}. Best is trial 127 with value: 0.6096708420449738.
[I 2026-05-22 17:56:33,272] Trial 246 finished with value: 0.6068195633029747 and parameters: {'WG_amp': 0.5707836714902298, 'WG_Phalf': 2788.7625332496023, 'WG_k': 13.214664860894723, 'WG_c': 0.31275571099567834, 'rate_power': 1.2301961687006189}. Best is trial 127 with value: 0.6096708420449738.
[I 2026-05-22 17:56:33,561] Trial 247 finished with value: 0.6058996561969051 and parameters: {'WG_amp': 0.8238639505417599, 'WG_Phalf': 425.42637463813776, 'WG_k': 12.789607096162294, 'WG_c': 1.830937636282793, 'rate_power': 1.100938970444539}. Best is trial 127 with value: 0.6096708420449738.
[I 2026-05-22 17:56:33,848] Trial 248 finished with value: 0.6081268366762035 and parameters: {'WG_amp': 0.6784161978906349, 'WG_Phalf': 653.0049608266365, 'WG_k': 15.580933564844281, 'WG_c': 1.397374809049382, 'rate_power': 1.2965039781591485}. Best is trial 127 with value: 0.6096708420449738.
[I 2026-05-22 17:56:34,132] Trial 249 finished with value: 0.6074656930924641 and parameters: {'WG_amp': 0.8993869636706924, 'WG_Phalf': 1113.9214202059882, 'WG_k': 13.560904201948869, 'WG_c': 2.6346381025214307, 'rate_power': 1.2494264470495604}. Best is trial 127 with value: 0.6096708420449738.
[I 2026-05-22 17:56:34,415] Trial 250 finished with value: 0.6076176816817742 and parameters: {'WG_amp': 0.7674718770338065, 'WG_Phalf': 698.8457566909818, 'WG_k': 4.043397355171365, 'WG_c': 1.5032427238642667, 'rate_power': 1.142625425989745}. Best is trial 127 with value: 0.6096708420449738.
[I 2026-05-22 17:56:34,704] Trial 251 finished with value: 0.60105788993142 and parameters: {'WG_amp': 0.8976719667781088, 'WG_Phalf': 832.2819602639727, 'WG_k': 21.527012898215236, 'WG_c': 0.3102632606206583, 'rate_power': 1.2585758545088237}. Best is trial 127 with value: 0.6096708420449738.
[I 2026-05-22 17:56:34,992] Trial 252 finished with value: 0.6095436316693943 and parameters: {'WG_amp': 0.817122968601814, 'WG_Phalf': 782.4541196267512, 'WG_k': 90.77785844573393, 'WG_c': 0.9608933890119139, 'rate_power': 1.2257256420678506}. Best is trial 127 with value: 0.6096708420449738.
[I 2026-05-22 17:56:35,280] Trial 253 finished with value: 0.601929868201747 and parameters: {'WG_amp': 0.8882545256427762, 'WG_Phalf': 1151.4305147889484, 'WG_k': 91.17525907952032, 'WG_c': 0.2127075999392556, 'rate_power': 1.127328735433709}. Best is trial 127 with value: 0.6096708420449738.
[I 2026-05-22 17:56:35,567] Trial 254 finished with value: 0.6077638779169554 and parameters: {'WG_amp': 0.8706092275394048, 'WG_Phalf': 1320.4777159197947, 'WG_k': 99.82932070634948, 'WG_c': 1.459150697733698, 'rate_power': 1.2025715240050605}. Best is trial 127 with value: 0.6096708420449738.
[I 2026-05-22 17:56:35,855] Trial 255 finished with value: 0.6091338759211428 and parameters: {'WG_amp': 0.6678475274853338, 'WG_Phalf': 598.9030123559305, 'WG_k': 33.1164880190533, 'WG_c': 0.7888623025860264, 'rate_power': 1.170470608416192}. Best is trial 127 with value: 0.6096708420449738.
[I 2026-05-22 17:56:36,142] Trial 256 finished with value: 0.6075620178177927 and parameters: {'WG_amp': 0.8736317542532263, 'WG_Phalf': 588.1908879475154, 'WG_k': 67.53214142847938, 'WG_c': 1.5832649133839334, 'rate_power': 1.1995366749995466}. Best is trial 127 with value: 0.6096708420449738.
[I 2026-05-22 17:56:36,429] Trial 257 finished with value: 0.6079121086089608 and parameters: {'WG_amp': 0.6247727577150752, 'WG_Phalf': 880.5419491624209, 'WG_k': 83.16697498933729, 'WG_c': 1.3371938366076028, 'rate_power': 1.1871378833233024}. Best is trial 127 with value: 0.6096708420449738.
[I 2026-05-22 17:56:36,717] Trial 258 finished with value: 0.6051597886843607 and parameters: {'WG_amp': 0.597504928557695, 'WG_Phalf': 1205.3852832577095, 'WG_k': 27.340198855654165, 'WG_c': 0.9735162300188885, 'rate_power': 0.9981240627105942}. Best is trial 127 with value: 0.6096708420449738.
[I 2026-05-22 17:56:37,005] Trial 259 finished with value: 0.6009203243178889 and parameters: {'WG_amp': 0.712791021900508, 'WG_Phalf': 387.867066391768, 'WG_k': 47.776102896113954, 'WG_c': 0.31716441183318866, 'rate_power': 1.266087073514923}. Best is trial 127 with value: 0.6096708420449738.
[I 2026-05-22 17:56:37,293] Trial 260 finished with value: 0.6055835815799199 and parameters: {'WG_amp': 0.8854839720047206, 'WG_Phalf': 555.6232700062899, 'WG_k': 82.07027822031088, 'WG_c': 1.9573209917303225, 'rate_power': 1.091371601115681}. Best is trial 127 with value: 0.6096708420449738.
[I 2026-05-22 17:56:37,578] Trial 261 finished with value: 0.6045506629145082 and parameters: {'WG_amp': 0.7034857994209645, 'WG_Phalf': 510.94866258006226, 'WG_k': 19.413291732674686, 'WG_c': 3.503401001122275, 'rate_power': 1.0563649519412595}. Best is trial 127 with value: 0.6096708420449738.
[I 2026-05-22 17:56:37,865] Trial 262 finished with value: 0.6095195628815864 and parameters: {'WG_amp': 0.7247074063477402, 'WG_Phalf': 450.5044452648502, 'WG_k': 63.54557418900714, 'WG_c': 0.8980321838439169, 'rate_power': 1.1942870239983039}. Best is trial 127 with value: 0.6096708420449738.
[I 2026-05-22 17:56:38,153] Trial 263 finished with value: 0.6095253477816098 and parameters: {'WG_amp': 0.7366615813901605, 'WG_Phalf': 345.5221617694175, 'WG_k': 13.575549516040747, 'WG_c': 0.7975281085927541, 'rate_power': 1.1778860157644482}. Best is trial 127 with value: 0.6096708420449738.
[I 2026-05-22 17:56:38,442] Trial 264 finished with value: 0.6097993995450355 and parameters: {'WG_amp': 0.8655321231527356, 'WG_Phalf': 325.2584756194133, 'WG_k': 12.337304018027341, 'WG_c': 1.0657150936421296, 'rate_power': 1.20250566444462}. Best is trial 264 with value: 0.6097993995450355.
[I 2026-05-22 17:56:38,728] Trial 265 finished with value: 0.5854415085934372 and parameters: {'WG_amp': 0.7966401756892155, 'WG_Phalf': 337.245599108203, 'WG_k': 13.097129824343263, 'WG_c': 0.09493608493130248, 'rate_power': 1.1477395201561924}. Best is trial 264 with value: 0.6097993995450355.
[I 2026-05-22 17:56:39,016] Trial 266 finished with value: 0.6077917396072686 and parameters: {'WG_amp': 0.814091090461683, 'WG_Phalf': 314.92692764535786, 'WG_k': 19.405387386534645, 'WG_c': 0.6578326776213957, 'rate_power': 1.267857927980321}. Best is trial 264 with value: 0.6097993995450355.
[I 2026-05-22 17:56:39,304] Trial 267 finished with value: 0.6094597547108578 and parameters: {'WG_amp': 0.7511062025938482, 'WG_Phalf': 374.7464368193895, 'WG_k': 15.59480307990308, 'WG_c': 0.747792156768507, 'rate_power': 1.1500973096105132}. Best is trial 264 with value: 0.6097993995450355.
[I 2026-05-22 17:56:39,592] Trial 268 finished with value: 0.6010416037726486 and parameters: {'WG_amp': 0.8613313927286415, 'WG_Phalf': 286.05203697468266, 'WG_k': 53.7684665636146, 'WG_c': 0.35634147481412104, 'rate_power': 1.1700241816988772}. Best is trial 264 with value: 0.6097993995450355.
[I 2026-05-22 17:56:39,880] Trial 269 finished with value: 0.5804181006120254 and parameters: {'WG_amp': 0.06510927423643115, 'WG_Phalf': 237.36032375619817, 'WG_k': 0.2881080542069025, 'WG_c': 0.0006906791654821467, 'rate_power': 0.7098018477484513}. Best is trial 264 with value: 0.6097993995450355.
[I 2026-05-22 17:56:40,167] Trial 270 finished with value: 0.6071265006952353 and parameters: {'WG_amp': 0.8259035667644586, 'WG_Phalf': 259.7847010901334, 'WG_k': 3.3002905074651885, 'WG_c': 1.2325267888336031, 'rate_power': 1.0234386496964343}. Best is trial 264 with value: 0.6097993995450355.
[I 2026-05-22 17:56:40,456] Trial 271 finished with value: 0.6066127786239781 and parameters: {'WG_amp': 0.805511345712058, 'WG_Phalf': 325.8805327504134, 'WG_k': 7.188946221415365, 'WG_c': 2.1872888347386494, 'rate_power': 1.1524237746662107}. Best is trial 264 with value: 0.6097993995450355.
[I 2026-05-22 17:56:40,739] Trial 272 finished with value: 0.6093459992342785 and parameters: {'WG_amp': 0.8380006296064425, 'WG_Phalf': 446.900029115204, 'WG_k': 6.792059895719628, 'WG_c': 1.1418363760802788, 'rate_power': 1.176022683445687}. Best is trial 264 with value: 0.6097993995450355.
[I 2026-05-22 17:56:41,022] Trial 273 finished with value: 0.6070548355075771 and parameters: {'WG_amp': 0.6584436849461245, 'WG_Phalf': 298.5524491738432, 'WG_k': 11.426189933233363, 'WG_c': 2.999814624949619, 'rate_power': 1.1864542504164417}. Best is trial 264 with value: 0.6097993995450355.
[I 2026-05-22 17:56:41,305] Trial 274 finished with value: 0.5960441489312497 and parameters: {'WG_amp': 0.8667884244606913, 'WG_Phalf': 240.0512835573805, 'WG_k': 15.6009701928419, 'WG_c': 0.2531539369384588, 'rate_power': 1.1288571946556816}. Best is trial 264 with value: 0.6097993995450355.
[I 2026-05-22 17:56:41,588] Trial 275 finished with value: 0.6021893791864303 and parameters: {'WG_amp': 0.6653534236368055, 'WG_Phalf': 280.0025606347461, 'WG_k': 8.202617740931961, 'WG_c': 0.2822554682407558, 'rate_power': 1.1008652926093283}. Best is trial 264 with value: 0.6097993995450355.
[I 2026-05-22 17:56:41,876] Trial 276 finished with value: 0.6044225068777822 and parameters: {'WG_amp': 0.8682813883151665, 'WG_Phalf': 431.94429171126086, 'WG_k': 8.085223901129135, 'WG_c': 0.5418329535019222, 'rate_power': 1.283080705817063}. Best is trial 264 with value: 0.6097993995450355.
[I 2026-05-22 17:56:42,164] Trial 277 finished with value: 0.6032666366413311 and parameters: {'WG_amp': 0.862415118176137, 'WG_Phalf': 515.5619774068799, 'WG_k': 0.8338931723578183, 'WG_c': 1.5313083396403702, 'rate_power': 1.1769976271057347}. Best is trial 264 with value: 0.6097993995450355.
[I 2026-05-22 17:56:42,448] Trial 278 finished with value: 0.5912569537107328 and parameters: {'WG_amp': 0.6671836877501782, 'WG_Phalf': 133.7244900626761, 'WG_k': 19.64969318126233, 'WG_c': 0.00011472790965829601, 'rate_power': 0.8218665076682148}. Best is trial 264 with value: 0.6097993995450355.
[I 2026-05-22 17:56:42,733] Trial 279 finished with value: 0.6094594979192617 and parameters: {'WG_amp': 0.8061033381482269, 'WG_Phalf': 426.6713893735593, 'WG_k': 5.566893539427957, 'WG_c': 0.9751725375783786, 'rate_power': 1.180881900067979}. Best is trial 264 with value: 0.6097993995450355.
[I 2026-05-22 17:56:43,021] Trial 280 finished with value: 0.609385370245754 and parameters: {'WG_amp': 0.8311039473504703, 'WG_Phalf': 358.5516382719274, 'WG_k': 7.9257029106877335, 'WG_c': 0.8211801770554858, 'rate_power': 1.226071690672322}. Best is trial 264 with value: 0.6097993995450355.
[I 2026-05-22 17:56:43,305] Trial 281 finished with value: 0.6080787838596552 and parameters: {'WG_amp': 0.7566128659962332, 'WG_Phalf': 365.4685337365558, 'WG_k': 6.1663169305068495, 'WG_c': 0.6733926558274266, 'rate_power': 1.2022870864673971}. Best is trial 264 with value: 0.6097993995450355.
[I 2026-05-22 17:56:43,587] Trial 282 finished with value: 0.605543772033214 and parameters: {'WG_amp': 0.8503103763799983, 'WG_Phalf': 381.9429170778351, 'WG_k': 2.794510484403555, 'WG_c': 8.58881489601017, 'rate_power': 1.0929247253300918}. Best is trial 264 with value: 0.6097993995450355.
[I 2026-05-22 17:56:43,871] Trial 283 finished with value: 0.6066908307176125 and parameters: {'WG_amp': 0.8469713453636081, 'WG_Phalf': 226.42636151401226, 'WG_k': 51.3154832479573, 'WG_c': 2.858259206353693, 'rate_power': 1.162450520039927}. Best is trial 264 with value: 0.6097993995450355.
[I 2026-05-22 17:56:44,155] Trial 284 finished with value: 0.6095754751525789 and parameters: {'WG_amp': 0.8567592110975627, 'WG_Phalf': 562.112812932749, 'WG_k': 9.778809566069725, 'WG_c': 0.8208190665972845, 'rate_power': 1.1710302112568853}. Best is trial 264 with value: 0.6097993995450355.
[I 2026-05-22 17:56:44,443] Trial 285 finished with value: 0.6055827146609065 and parameters: {'WG_amp': 0.15343671183959445, 'WG_Phalf': 106.08777181897271, 'WG_k': 0.01603079447910607, 'WG_c': 0.00010383709521691328, 'rate_power': 1.1328195679648463}. Best is trial 264 with value: 0.6097993995450355.
[I 2026-05-22 17:56:44,728] Trial 286 finished with value: 0.6098689676621489 and parameters: {'WG_amp': 0.7974221478097676, 'WG_Phalf': 312.5980677021008, 'WG_k': 12.100218522774371, 'WG_c': 0.8242441123902148, 'rate_power': 1.1403799218641588}. Best is trial 286 with value: 0.6098689676621489.
[I 2026-05-22 17:56:45,016] Trial 287 finished with value: 0.6078075054186597 and parameters: {'WG_amp': 0.8352002582701376, 'WG_Phalf': 493.8423476597422, 'WG_k': 3.816111447387546, 'WG_c': 0.7442649363586873, 'rate_power': 1.1171982788688966}. Best is trial 286 with value: 0.6098689676621489.
[I 2026-05-22 17:56:45,301] Trial 288 finished with value: 0.6092798927962237 and parameters: {'WG_amp': 0.8613051761352009, 'WG_Phalf': 418.4764721217576, 'WG_k': 11.667336758834606, 'WG_c': 0.6947581546376946, 'rate_power': 1.165647136672162}. Best is trial 286 with value: 0.6098689676621489.
[I 2026-05-22 17:56:45,588] Trial 289 finished with value: 0.6032706077318093 and parameters: {'WG_amp': 0.10655279645408439, 'WG_Phalf': 377.6292862329654, 'WG_k': 0.6918438730427536, 'WG_c': 0.007871994256660552, 'rate_power': 1.0007849192045681}. Best is trial 286 with value: 0.6098689676621489.
[I 2026-05-22 17:56:45,872] Trial 290 finished with value: 0.6096761790052524 and parameters: {'WG_amp': 0.8493560528767642, 'WG_Phalf': 368.60429535651474, 'WG_k': 9.265311141416698, 'WG_c': 0.7614469802093475, 'rate_power': 1.1419753922136051}. Best is trial 286 with value: 0.6098689676621489.
[I 2026-05-22 17:56:46,159] Trial 291 finished with value: 0.5853625203357825 and parameters: {'WG_amp': 0.7962944744093136, 'WG_Phalf': 317.87307369462445, 'WG_k': 4.0829389100578855, 'WG_c': 0.13592224611610382, 'rate_power': 1.2360461670477565}. Best is trial 286 with value: 0.6098689676621489.
