[I 2026-05-22 17:44:46,297] Trial 417 finished with value: 0.3994490055432051 and parameters: {'k1': 0.03549875738715848, 'D_low': 4.374497898059157, 'k2': 4.07757293443016e-05, 'D_high': 2685.339303100027, 'fire_exp': 0.42731794211237234, 'P_half': 5033.542703355094, 'pre_dampen_half': 1.5321329533672015, 'gpp_af': 0.443197158620775, 'gpp_b': 0.0007120960628745182, 'gpp_d': 12.86122463607449, 'ign_k': 4.741576262563742, 'ign_c': 80.63144271981288, 'dryanom_half': 66.14798843069404, 'dry_amp': 0.18452170128300013}. Best is trial 0 with value: 0.6103502735484728.
[I 2026-05-22 17:44:46,774] Trial 418 finished with value: 0.45949747479612585 and parameters: {'k1': 0.01578387215784807, 'D_low': 1448.4036422457903, 'k2': 2.1960107917636256e-05, 'D_high': 90.62017889735134, 'fire_exp': 0.5382613112491123, 'P_half': 572.2459735959034, 'pre_dampen_half': 1.7105270426591719, 'gpp_af': 23.755795828542325, 'gpp_b': 0.00019497127198009662, 'gpp_d': 33.11113091019428, 'ign_k': 7.876117846180392, 'ign_c': 23.988196695564255, 'dryanom_half': 6.0875824900792255, 'dry_amp': 0.1651747030655547}. Best is trial 0 with value: 0.6103502735484728.
[I 2026-05-22 17:44:47,257] Trial 419 finished with value: 0.5179764999091547 and parameters: {'k1': 0.01066984018433599, 'D_low': 115.46509546835965, 'k2': 0.05265018698385751, 'D_high': 85777.95391293234, 'fire_exp': 3.407064915913537, 'P_half': 0.10419137776938486, 'pre_dampen_half': 863.3541195971592, 'gpp_af': 0.0016521807484890668, 'gpp_b': 1.4465545052801763e-06, 'gpp_d': 0.0134163083500927, 'ign_k': 0.2363664420259231, 'ign_c': 1.6938570692747126, 'dryanom_half': 0.2541913855306638, 'dry_amp': 0.0016754396383472925}. Best is trial 0 with value: 0.6103502735484728.
[I 2026-05-22 17:44:47,736] Trial 420 finished with value: 0.4689247859992858 and parameters: {'k1': 0.008482893183797956, 'D_low': 72.11878880180923, 'k2': 9.266073280877197e-05, 'D_high': 27391.186902534333, 'fire_exp': 2.962100314299554, 'P_half': 5.558110162884083, 'pre_dampen_half': 6.430391151721793, 'gpp_af': 0.004439195271200841, 'gpp_b': 2.7656223174319412e-05, 'gpp_d': 0.06933472487555459, 'ign_k': 0.03491990669729782, 'ign_c': 21.07054983330905, 'dryanom_half': 0.16952435908659375, 'dry_amp': 0.4690785947096258}. Best is trial 0 with value: 0.6103502735484728.
[I 2026-05-22 17:44:48,215] Trial 421 finished with value: 0.5805506694381659 and parameters: {'k1': 0.03560959191728166, 'D_low': 2.7074368599129186, 'k2': 0.05939260891010964, 'D_high': 2486.594796086561, 'fire_exp': 0.7902885041377191, 'P_half': 11.376841175715303, 'pre_dampen_half': 2.5126672069909715, 'gpp_af': 0.01755438856539894, 'gpp_b': 1.3066908913245955e-06, 'gpp_d': 0.8108679784704308, 'ign_k': 1.518305369579272, 'ign_c': 0.39734184459373856, 'dryanom_half': 5.697537817069458, 'dry_amp': 0.20986229761422567}. Best is trial 0 with value: 0.6103502735484728.
[I 2026-05-22 17:44:48,716] Trial 422 finished with value: 0.5582623871275504 and parameters: {'k1': 0.05652727804409699, 'D_low': 1.5063094040920173, 'k2': 0.06522083091009499, 'D_high': 5279.135976013561, 'fire_exp': 0.5708829568894765, 'P_half': 13.235132036542637, 'pre_dampen_half': 0.1480598181775379, 'gpp_af': 0.04247995111559646, 'gpp_b': 3.627741262482676e-06, 'gpp_d': 1.8743898547620923, 'ign_k': 2.180188925383297, 'ign_c': 1.3230414417247967, 'dryanom_half': 68.93890875453782, 'dry_amp': 0.28794996280658464}. Best is trial 0 with value: 0.6103502735484728.
[I 2026-05-22 17:44:49,240] Trial 423 finished with value: 0.46859417763042177 and parameters: {'k1': 0.039187482789289, 'D_low': 27.44933429116968, 'k2': 0.02185681052382183, 'D_high': 4478.436666503097, 'fire_exp': 9.267538598409171, 'P_half': 41.50892621901144, 'pre_dampen_half': 3.7954175297305826, 'gpp_af': 0.024744734862162783, 'gpp_b': 2.7784262557446093e-06, 'gpp_d': 0.1549400421394943, 'ign_k': 0.0971976971576541, 'ign_c': 0.6722632537939723, 'dryanom_half': 0.7411140888897282, 'dry_amp': 0.4022934202524549}. Best is trial 0 with value: 0.6103502735484728.
[I 2026-05-22 17:44:49,754] Trial 424 finished with value: 0.3994490055432051 and parameters: {'k1': 0.0498547257900302, 'D_low': 170.02647517553115, 'k2': 0.0001734816706928888, 'D_high': 413.9700958160488, 'fire_exp': 0.6204181446446736, 'P_half': 242.9960863071022, 'pre_dampen_half': 217.12855535358295, 'gpp_af': 54.60435929813319, 'gpp_b': 0.01060991085821781, 'gpp_d': 420.10221862656226, 'ign_k': 4.79614083240927, 'ign_c': 114.62809353543513, 'dryanom_half': 53.5323862714951, 'dry_amp': 0.12912038907708273}. Best is trial 0 with value: 0.6103502735484728.
[I 2026-05-22 17:44:50,243] Trial 425 finished with value: 0.5425737814163477 and parameters: {'k1': 0.038397966507009856, 'D_low': 4.189921361594836, 'k2': 0.00038979331609862176, 'D_high': 27847.894782397052, 'fire_exp': 4.2577313443828455, 'P_half': 1.8386959416654962, 'pre_dampen_half': 29.84432392979719, 'gpp_af': 0.019556415560740625, 'gpp_b': 1.196244754561476e-05, 'gpp_d': 0.027368767757684834, 'ign_k': 0.1312942217635267, 'ign_c': 0.25919604845563765, 'dryanom_half': 0.11310563746170166, 'dry_amp': 0.1328646982747917}. Best is trial 0 with value: 0.6103502735484728.
[I 2026-05-22 17:44:50,724] Trial 426 finished with value: 0.575855276241363 and parameters: {'k1': 0.004093681086343499, 'D_low': 409.1454463333061, 'k2': 0.00016424769426143224, 'D_high': 178.94657150571982, 'fire_exp': 0.3738743060030974, 'P_half': 29.112978881695568, 'pre_dampen_half': 4.711210858955242, 'gpp_af': 18.266934690789, 'gpp_b': 0.00046132395171189335, 'gpp_d': 396.85970918816184, 'ign_k': 3.3323640157361663, 'ign_c': 15.282093707955967, 'dryanom_half': 22.663776162504597, 'dry_amp': 0.040066343963850407}. Best is trial 0 with value: 0.6103502735484728.
[I 2026-05-22 17:44:51,210] Trial 427 finished with value: 0.5174458236715656 and parameters: {'k1': 0.05787435809674106, 'D_low': 40.4617184807554, 'k2': 0.00018201383154597164, 'D_high': 23.815223312187126, 'fire_exp': 0.8399502966224232, 'P_half': 334.66567771462917, 'pre_dampen_half': 0.8209396987002577, 'gpp_af': 59.493091659376304, 'gpp_b': 2.2234952457858403e-06, 'gpp_d': 659.6137997166819, 'ign_k': 2.4602090399536296, 'ign_c': 4.883788506252173, 'dryanom_half': 39.3012567558637, 'dry_amp': 0.3357094961565641}. Best is trial 0 with value: 0.6103502735484728.
[I 2026-05-22 17:44:51,691] Trial 428 finished with value: 0.41822631392872117 and parameters: {'k1': 0.01541897385950909, 'D_low': 219.9592361433803, 'k2': 0.0007400102089296232, 'D_high': 957.569113571551, 'fire_exp': 0.7353268280330539, 'P_half': 20.638220379867704, 'pre_dampen_half': 1.868545986754129, 'gpp_af': 71.24095772262044, 'gpp_b': 1.7784199578847268e-06, 'gpp_d': 668.3671164666247, 'ign_k': 5.891852821729657, 'ign_c': 30.30364779310202, 'dryanom_half': 0.12387498441440722, 'dry_amp': 0.14333793402575867}. Best is trial 0 with value: 0.6103502735484728.
[I 2026-05-22 17:44:52,166] Trial 429 finished with value: 0.48441829641909556 and parameters: {'k1': 5.325305308352789e-05, 'D_low': 10.59572985802776, 'k2': 0.02497776433780108, 'D_high': 811.9859682187388, 'fire_exp': 1.4120942005913837, 'P_half': 1033.6257725483156, 'pre_dampen_half': 35.941666783128845, 'gpp_af': 0.007013738773634781, 'gpp_b': 4.130844113728475e-06, 'gpp_d': 0.6542666750086213, 'ign_k': 0.36909343148916157, 'ign_c': 18.749246755700227, 'dryanom_half': 36.29955315221656, 'dry_amp': 0.40413042516782366}. Best is trial 0 with value: 0.6103502735484728.
[I 2026-05-22 17:44:52,644] Trial 430 finished with value: 0.5143557762689974 and parameters: {'k1': 0.00633932261498731, 'D_low': 5.289394743177622, 'k2': 0.009036847191534273, 'D_high': 106.0716355800766, 'fire_exp': 0.5902244154023057, 'P_half': 1529.250567485268, 'pre_dampen_half': 349.04634692385827, 'gpp_af': 0.0023265369924932167, 'gpp_b': 5.780857354755207e-06, 'gpp_d': 0.011909858893770088, 'ign_k': 0.6390146901979167, 'ign_c': 10.754948519316322, 'dryanom_half': 12.937876296768502, 'dry_amp': 0.14715392847081385}. Best is trial 0 with value: 0.6103502735484728.
[I 2026-05-22 17:44:53,143] Trial 431 finished with value: 0.4304841332719234 and parameters: {'k1': 0.09837454201438421, 'D_low': 1.3206290662833609, 'k2': 0.0047315417431681535, 'D_high': 203.70026985766006, 'fire_exp': 0.45776440200901014, 'P_half': 0.8941152396641132, 'pre_dampen_half': 0.765790782620904, 'gpp_af': 0.19596941848416027, 'gpp_b': 8.89392958763965e-05, 'gpp_d': 72.89093304376514, 'ign_k': 1.382038581542056, 'ign_c': 49.51797242179798, 'dryanom_half': 28.569139913615604, 'dry_amp': 0.13974352107033985}. Best is trial 0 with value: 0.6103502735484728.
[I 2026-05-22 17:44:53,622] Trial 432 finished with value: 0.5899581725481664 and parameters: {'k1': 0.013288599036181924, 'D_low': 4.500528834200223, 'k2': 7.28402154834844e-05, 'D_high': 1060.5576224971858, 'fire_exp': 0.5799224059112332, 'P_half': 3.386906131738531, 'pre_dampen_half': 17.73645445002559, 'gpp_af': 0.0017581728038086073, 'gpp_b': 8.420621262131204e-06, 'gpp_d': 25.49247096503238, 'ign_k': 6.097764398392945, 'ign_c': 16.80709454741191, 'dryanom_half': 17.640366537069788, 'dry_amp': 0.11850510879002198}. Best is trial 0 with value: 0.6103502735484728.
[I 2026-05-22 17:44:54,104] Trial 433 finished with value: 0.5805527447790724 and parameters: {'k1': 0.0455381272168513, 'D_low': 25.027637948745625, 'k2': 0.09750634599491756, 'D_high': 3024.2069406637097, 'fire_exp': 1.4690095610250689, 'P_half': 0.23314292831153569, 'pre_dampen_half': 3.5814923384684607, 'gpp_af': 0.025238388775813435, 'gpp_b': 3.0895837052101837e-06, 'gpp_d': 1.7004411632581469, 'ign_k': 0.21281987942563757, 'ign_c': 0.14126730711557162, 'dryanom_half': 0.24131552120588606, 'dry_amp': 0.18135435453366153}. Best is trial 0 with value: 0.6103502735484728.
[I 2026-05-22 17:44:54,582] Trial 434 finished with value: 0.5105168576235667 and parameters: {'k1': 0.027950968109990468, 'D_low': 22.857758249227363, 'k2': 1.121764387049223e-05, 'D_high': 7758.5196052609745, 'fire_exp': 1.0001537358303947, 'P_half': 51.87478812695916, 'pre_dampen_half': 0.5606294196842019, 'gpp_af': 73.82779566943506, 'gpp_b': 2.782464887363815e-06, 'gpp_d': 70.38026256267517, 'ign_k': 0.7826287647373741, 'ign_c': 20.3248204920349, 'dryanom_half': 1.4081799439422165, 'dry_amp': 0.23358146897186616}. Best is trial 0 with value: 0.6103502735484728.
[I 2026-05-22 17:44:55,082] Trial 435 finished with value: 0.5166492482527982 and parameters: {'k1': 0.0023958015629026576, 'D_low': 143.42916539310156, 'k2': 0.0764086803550758, 'D_high': 3705.46320477427, 'fire_exp': 0.6152511228003132, 'P_half': 1629.679717224873, 'pre_dampen_half': 3.949160045232871, 'gpp_af': 0.07083850375340289, 'gpp_b': 0.00019871965521300644, 'gpp_d': 0.045881779729161756, 'ign_k': 0.05773093699470935, 'ign_c': 4.904225349927753, 'dryanom_half': 6.840928513127051, 'dry_amp': 0.11698249442927713}. Best is trial 0 with value: 0.6103502735484728.
[I 2026-05-22 17:44:55,594] Trial 436 finished with value: 0.48355086615843407 and parameters: {'k1': 0.0007915543163209204, 'D_low': 10.983799388614122, 'k2': 0.0013637773308021856, 'D_high': 6685.877420539217, 'fire_exp': 0.9825378549298505, 'P_half': 967.6707108782266, 'pre_dampen_half': 1.2878220106681562, 'gpp_af': 0.004732353265808263, 'gpp_b': 1.0543066664045493e-06, 'gpp_d': 82.77182033253689, 'ign_k': 1.2849832380554087, 'ign_c': 23.36786330179397, 'dryanom_half': 21.102088814277774, 'dry_amp': 0.3059050129171478}. Best is trial 0 with value: 0.6103502735484728.
[I 2026-05-22 17:44:56,077] Trial 437 finished with value: 0.5313242419609493 and parameters: {'k1': 0.013397481890186292, 'D_low': 2.910266810133334, 'k2': 0.07024160034142302, 'D_high': 11569.830284426924, 'fire_exp': 1.7709224181351235, 'P_half': 107.92591825480629, 'pre_dampen_half': 18.090327631182326, 'gpp_af': 0.038976786429496084, 'gpp_b': 7.499382931941268e-06, 'gpp_d': 0.010051183401052554, 'ign_k': 1.6184907436458127, 'ign_c': 2.327239231943356, 'dryanom_half': 0.5926928128280284, 'dry_amp': 0.6222668458264434}. Best is trial 0 with value: 0.6103502735484728.
[I 2026-05-22 17:44:56,557] Trial 438 finished with value: 0.4537891568514082 and parameters: {'k1': 0.016853756433896906, 'D_low': 94.9620166589747, 'k2': 0.00031734060843572313, 'D_high': 9353.701917431461, 'fire_exp': 0.5939379660142995, 'P_half': 3.98889549855149, 'pre_dampen_half': 0.5761244065675184, 'gpp_af': 0.005531993845338954, 'gpp_b': 1.464693668045787e-06, 'gpp_d': 176.99209953519002, 'ign_k': 0.5734870108749903, 'ign_c': 52.16833610676864, 'dryanom_half': 15.935714399220018, 'dry_amp': 0.3176619601518928}. Best is trial 0 with value: 0.6103502735484728.
[I 2026-05-22 17:44:57,035] Trial 439 finished with value: 0.47346715099890146 and parameters: {'k1': 0.007246562646329873, 'D_low': 2.7229866111665673, 'k2': 0.00014970371132673504, 'D_high': 90.48041327746448, 'fire_exp': 1.726673978835433, 'P_half': 2.9348023767822786, 'pre_dampen_half': 3.672809427100774, 'gpp_af': 0.0012944101556714713, 'gpp_b': 0.00030122429067312305, 'gpp_d': 20.714820722826353, 'ign_k': 1.2065732731739367, 'ign_c': 12.562638849823918, 'dryanom_half': 45.34465787611204, 'dry_amp': 0.1453373831731902}. Best is trial 0 with value: 0.6103502735484728.
[I 2026-05-22 17:44:57,517] Trial 440 finished with value: 0.42451782173633223 and parameters: {'k1': 0.017622647562122024, 'D_low': 3.9828473695850186, 'k2': 1.0622531417885221e-05, 'D_high': 183.1528189998772, 'fire_exp': 1.4321451782155097, 'P_half': 172.76395580722559, 'pre_dampen_half': 2.639874888146973, 'gpp_af': 27.543608026640346, 'gpp_b': 3.46699418136546e-06, 'gpp_d': 790.8139229094602, 'ign_k': 1.1533096449452631, 'ign_c': 34.13599665038872, 'dryanom_half': 0.2253921834586223, 'dry_amp': 0.12908675222378074}. Best is trial 0 with value: 0.6103502735484728.
[I 2026-05-22 17:44:57,990] Trial 441 finished with value: 0.49926006617046154 and parameters: {'k1': 0.0005650942381504847, 'D_low': 1.4880593201210421, 'k2': 5.270154603065764e-05, 'D_high': 2657.9007203362207, 'fire_exp': 1.0549728288459155, 'P_half': 1.8656479471695095, 'pre_dampen_half': 65.43228251497892, 'gpp_af': 0.001333811193345462, 'gpp_b': 0.0002803525995747388, 'gpp_d': 29.287043072792542, 'ign_k': 4.343581336490719, 'ign_c': 22.53573724763216, 'dryanom_half': 41.37243315090159, 'dry_amp': 0.3370711622108065}. Best is trial 0 with value: 0.6103502735484728.
[I 2026-05-22 17:44:58,463] Trial 442 finished with value: 0.5377792312240575 and parameters: {'k1': 0.04470111745466458, 'D_low': 118.37526354993099, 'k2': 0.00026379686719548443, 'D_high': 46.45628354256165, 'fire_exp': 0.5071235719173214, 'P_half': 3918.629858187914, 'pre_dampen_half': 5.269619385896469, 'gpp_af': 0.5900278500166928, 'gpp_b': 0.007911706747096849, 'gpp_d': 842.6702423615741, 'ign_k': 7.9212369464895716, 'ign_c': 5.495771556496874, 'dryanom_half': 56.70038035889472, 'dry_amp': 0.03990829982045677}. Best is trial 0 with value: 0.6103502735484728.
[I 2026-05-22 17:44:58,939] Trial 443 finished with value: 0.3947570149638073 and parameters: {'k1': 0.010575739590650836, 'D_low': 7.447302889866475, 'k2': 4.624572909430351e-05, 'D_high': 4407.7320217171455, 'fire_exp': 0.3939357788440719, 'P_half': 0.8048033337130726, 'pre_dampen_half': 1.2785649325705957, 'gpp_af': 0.001853170229145874, 'gpp_b': 6.716677427929485e-06, 'gpp_d': 0.958369711656913, 'ign_k': 8.491949477147603, 'ign_c': 39.31492665073656, 'dryanom_half': 50.78972929035152, 'dry_amp': 0.12325575282532823}. Best is trial 0 with value: 0.6103502735484728.
[I 2026-05-22 17:44:59,419] Trial 444 finished with value: 0.3994490055432051 and parameters: {'k1': 0.006638586180470899, 'D_low': 153.7050404269062, 'k2': 0.0002578266991058001, 'D_high': 4659.280238329982, 'fire_exp': 2.6103857734831375, 'P_half': 10.606582792222195, 'pre_dampen_half': 433.1217661686757, 'gpp_af': 0.020840877901454467, 'gpp_b': 1.0250532700329308e-05, 'gpp_d': 1.9080832139428905, 'ign_k': 0.3722368701899109, 'ign_c': 382.12346845770463, 'dryanom_half': 0.5858213617312508, 'dry_amp': 0.4246506842861292}. Best is trial 0 with value: 0.6103502735484728.
[I 2026-05-22 17:44:59,899] Trial 445 finished with value: 0.56728190994929 and parameters: {'k1': 1.4447335628685069e-05, 'D_low': 40.439389464210585, 'k2': 0.0013346528229402055, 'D_high': 2239.586850896039, 'fire_exp': 0.42877843675247723, 'P_half': 2.6948364051161335, 'pre_dampen_half': 4.320365874590553, 'gpp_af': 0.03320012924235759, 'gpp_b': 1.3670421087120808e-05, 'gpp_d': 0.12168947448708049, 'ign_k': 7.01797276882991, 'ign_c': 1.6510002437113338, 'dryanom_half': 1.581112033026618, 'dry_amp': 0.11026800786508571}. Best is trial 0 with value: 0.6103502735484728.
[I 2026-05-22 17:45:00,380] Trial 446 finished with value: 0.5538718674622815 and parameters: {'k1': 0.001503107826365506, 'D_low': 90.9656497481772, 'k2': 0.0006585013727114742, 'D_high': 1964.9009407793346, 'fire_exp': 0.5566653817264339, 'P_half': 0.10406780486440466, 'pre_dampen_half': 0.4316469621221413, 'gpp_af': 0.0019384207668127996, 'gpp_b': 1.4955846300713986e-06, 'gpp_d': 231.9000672075169, 'ign_k': 1.3768849395462837, 'ign_c': 11.50012166149657, 'dryanom_half': 27.75913458406255, 'dry_amp': 0.4908434949566327}. Best is trial 0 with value: 0.6103502735484728.
[I 2026-05-22 17:45:00,855] Trial 447 finished with value: 0.5159741522635379 and parameters: {'k1': 0.03286295212200348, 'D_low': 7.691849466894157, 'k2': 2.168147854242808e-05, 'D_high': 708.9575878377808, 'fire_exp': 0.9592311119574376, 'P_half': 0.3379250242210728, 'pre_dampen_half': 6.999786306908602, 'gpp_af': 0.003148550073391795, 'gpp_b': 7.552726498105356e-06, 'gpp_d': 227.3498185390966, 'ign_k': 2.158175713753471, 'ign_c': 24.983470045454816, 'dryanom_half': 18.465620974596792, 'dry_amp': 0.00998489415723565}. Best is trial 0 with value: 0.6103502735484728.
[I 2026-05-22 17:45:01,333] Trial 448 finished with value: 0.45992113519191513 and parameters: {'k1': 0.06544903656003441, 'D_low': 16.86845976963506, 'k2': 0.03805584585525779, 'D_high': 1455.808759775338, 'fire_exp': 5.605208288934588, 'P_half': 0.2041075427956399, 'pre_dampen_half': 6.8023267802356715, 'gpp_af': 0.013414721059310802, 'gpp_b': 9.404951909310931e-06, 'gpp_d': 0.03737456386514143, 'ign_k': 0.027991266943533075, 'ign_c': 2.2845740241029127, 'dryanom_half': 1.9453597717958662, 'dry_amp': 0.12386026894158994}. Best is trial 0 with value: 0.6103502735484728.
[I 2026-05-22 17:45:01,811] Trial 449 finished with value: 0.4701663449561248 and parameters: {'k1': 0.006061198945664514, 'D_low': 27.485427889265324, 'k2': 3.0545111383459354e-05, 'D_high': 21.83403897896282, 'fire_exp': 0.5335524113362774, 'P_half': 1790.1730651243988, 'pre_dampen_half': 14.777281039965606, 'gpp_af': 29.299721451216627, 'gpp_b': 7.246901454374833e-05, 'gpp_d': 271.08940273987497, 'ign_k': 0.10403661416739332, 'ign_c': 73.48426534284984, 'dryanom_half': 416.01083498860254, 'dry_amp': 0.10056251971594482}. Best is trial 0 with value: 0.6103502735484728.
[I 2026-05-22 17:45:02,291] Trial 450 finished with value: 0.47710437858841637 and parameters: {'k1': 0.0005257370884635747, 'D_low': 167.47641407470962, 'k2': 0.0034221218432914898, 'D_high': 35490.456655307345, 'fire_exp': 2.8394206728312827, 'P_half': 148.3329724851034, 'pre_dampen_half': 3.7872143203403774, 'gpp_af': 0.003980391580296079, 'gpp_b': 1.1836743662233312e-06, 'gpp_d': 0.08736440596522806, 'ign_k': 9.657224454636614, 'ign_c': 0.37739137773311493, 'dryanom_half': 0.4340332691098414, 'dry_amp': 0.8406998950193041}. Best is trial 0 with value: 0.6103502735484728.
[I 2026-05-22 17:45:02,774] Trial 451 finished with value: 0.5705934334621889 and parameters: {'k1': 0.029953504252987588, 'D_low': 139.71470672411994, 'k2': 0.003760581492342771, 'D_high': 12301.576330751219, 'fire_exp': 6.13184714582771, 'P_half': 2.463035162946115, 'pre_dampen_half': 264.7288973276707, 'gpp_af': 0.03246401028808761, 'gpp_b': 1.6943399605870279e-06, 'gpp_d': 0.3935033955724853, 'ign_k': 0.17407255092524399, 'ign_c': 1.7140287888132513, 'dryanom_half': 0.20130055584056292, 'dry_amp': 0.22809558273893682}. Best is trial 0 with value: 0.6103502735484728.
[I 2026-05-22 17:45:03,254] Trial 452 finished with value: 0.452389571121651 and parameters: {'k1': 0.010884286834882963, 'D_low': 1351.5930508779509, 'k2': 0.0016386678274046692, 'D_high': 1048.4256543812116, 'fire_exp': 0.46085269028920367, 'P_half': 4600.095408901527, 'pre_dampen_half': 46.13357074150784, 'gpp_af': 0.04842739577753123, 'gpp_b': 1.7143094985792857e-05, 'gpp_d': 66.47954842595942, 'ign_k': 6.906905222201462, 'ign_c': 5.669844784843985, 'dryanom_half': 28.496251261737232, 'dry_amp': 0.10851170906227196}. Best is trial 0 with value: 0.6103502735484728.
[I 2026-05-22 17:45:03,732] Trial 453 finished with value: 0.5686691867125465 and parameters: {'k1': 0.01302827934621554, 'D_low': 5.5008355183063, 'k2': 6.717585615650431e-05, 'D_high': 552.7159248206366, 'fire_exp': 0.8917326467661043, 'P_half': 0.29590059984997175, 'pre_dampen_half': 14.226567317975375, 'gpp_af': 0.004884675564438799, 'gpp_b': 3.301531029932909e-06, 'gpp_d': 5.276099386495936, 'ign_k': 7.865552027159371, 'ign_c': 6.425184514198867, 'dryanom_half': 6.345139965366571, 'dry_amp': 0.27664364194573404}. Best is trial 0 with value: 0.6103502735484728.
[I 2026-05-22 17:45:04,208] Trial 454 finished with value: 0.5912529110271734 and parameters: {'k1': 0.012847066004509708, 'D_low': 21.936124459292326, 'k2': 0.00023947588517525474, 'D_high': 1181.974688927744, 'fire_exp': 0.5511179779232007, 'P_half': 343.66518259242326, 'pre_dampen_half': 6.665065687599168, 'gpp_af': 0.11169350572373883, 'gpp_b': 9.2193746499694e-06, 'gpp_d': 2.651803425191113, 'ign_k': 8.40675785503747, 'ign_c': 15.209417918259948, 'dryanom_half': 106.75096119819025, 'dry_amp': 0.28227156707427753}. Best is trial 0 with value: 0.6103502735484728.
