[setup] targeted family=annual_wet_amp model=ED-C2-annual_wet_amp trials=1000
[baseline] 0.6103502735484728 {'overall': 0.6295495002593263, 'bias': 0.7070857028352947, 'rmse': 0.3790544420749578, 'seas': 0.8506061694600666, 'spatial': 0.7544105422753865} {'bona': {'overall': 0.6380885404837499, 'bias': 0.8266567561867596, 'rmse': 0.3211562360062949, 'seas': 0.7797091235325466, 'spatial': 0.7531961349838437}, 'tena': {'overall': 0.47889289658687106, 'bias': 0.6256589426778316, 'rmse': 0.2541252018733317, 'seas': 0.7283824372245481, 'spatial': 0.38540665319435186}, 'tropics': {'overall': 0.6277756025324356, 'bias': 0.7134731917453241, 'rmse': 0.395193788045546, 'seas': 0.875400942730105, 'spatial': 0.6739187128827683}, 'sh': {'overall': 0.498937513734702, 'bias': 0.6419405911472694, 'rmse': 0.28960875792486046, 'seas': 0.6009038105573065, 'spatial': 0.5296225737066459}}
/Users/adithyasrinivasan/Projects/creativity-docs/exp-workspaces/exp_04/hermes/base/scripts/search_targeted_mechanisms.py:82: ExperimentalWarning: Argument ``multivariate`` is an experimental feature. The interface can change in the future.
  sampler=optuna.samplers.TPESampler(seed=SEED,multivariate=True)
[I 2026-05-22 17:50:19,286] A new study created in memory with name: no-name-0500cc57-b01d-4233-a4a9-186e4f474317
[I 2026-05-22 17:50:19,515] Trial 0 finished with value: 0.6023992823420549 and parameters: {'P_amp': 0.0, 'P_wet': 1500.0, 'P_pow': 2.0, 'rate_power': 1.0}. Best is trial 0 with value: 0.6023992823420549.
[I 2026-05-22 17:50:19,801] Trial 1 finished with value: 0.5965761916301295 and parameters: {'P_amp': 0.201785561990664, 'P_wet': 661.7041125167399, 'P_pow': 5.868694686314717, 'rate_power': 1.295762419979885}. Best is trial 0 with value: 0.6023992823420549.
[I 2026-05-22 17:50:20,089] Trial 2 finished with value: 0.5912809485512605 and parameters: {'P_amp': 0.89549289174046, 'P_wet': 1661.9887181944362, 'P_pow': 3.6777205952758876, 'rate_power': 0.7685950475477733}. Best is trial 0 with value: 0.6023992823420549.
[I 2026-05-22 17:50:20,377] Trial 3 finished with value: 0.5537933214882789 and parameters: {'P_amp': 0.72902135861883, 'P_wet': 600.8739972749912, 'P_pow': 5.948052573477521, 'rate_power': 1.0315792738167218}. Best is trial 0 with value: 0.6023992823420549.
[I 2026-05-22 17:50:20,664] Trial 4 finished with value: 0.5814179329177847 and parameters: {'P_amp': 0.3948914629710927, 'P_wet': 389.3157814117028, 'P_pow': 2.74250450163735, 'rate_power': 1.2237065470663608}. Best is trial 0 with value: 0.6023992823420549.
[I 2026-05-22 17:50:20,959] Trial 5 finished with value: 0.6048481316430587 and parameters: {'P_amp': 0.37010020465480914, 'P_wet': 2780.555917619306, 'P_pow': 1.4664027242934405, 'rate_power': 1.2226774379138143}. Best is trial 5 with value: 0.6048481316430587.
[I 2026-05-22 17:50:21,253] Trial 6 finished with value: 0.5797681106976599 and parameters: {'P_amp': 0.4973552446122327, 'P_wet': 535.9307115998552, 'P_pow': 2.704370321054075, 'rate_power': 1.1526448496400323}. Best is trial 5 with value: 0.6048481316430587.
[I 2026-05-22 17:50:21,548] Trial 7 finished with value: 0.5915891703571277 and parameters: {'P_amp': 0.4181589087810248, 'P_wet': 700.7935230411535, 'P_pow': 5.316808856243231, 'rate_power': 0.9062720943630949}. Best is trial 5 with value: 0.6048481316430587.
[I 2026-05-22 17:50:21,846] Trial 8 finished with value: 0.5911707237868462 and parameters: {'P_amp': 0.8256909249282759, 'P_wet': 3359.6248629709116, 'P_pow': 2.4425544306025655, 'rate_power': 0.8013611062563358}. Best is trial 5 with value: 0.6048481316430587.
[I 2026-05-22 17:50:22,141] Trial 9 finished with value: 0.5990858329270741 and parameters: {'P_amp': 0.159193320891898, 'P_wet': 326.39653109676203, 'P_pow': 0.4189774198998787, 'rate_power': 0.8941331646129321}. Best is trial 5 with value: 0.6048481316430587.
[I 2026-05-22 17:50:22,432] Trial 10 finished with value: 0.6047747052252574 and parameters: {'P_amp': 0.41556085301662904, 'P_wet': 5049.1261656451425, 'P_pow': 1.0632922768066, 'rate_power': 1.0942534715814627}. Best is trial 5 with value: 0.6048481316430587.
[I 2026-05-22 17:50:22,721] Trial 11 finished with value: 0.603954361726943 and parameters: {'P_amp': 0.3620552522366578, 'P_wet': 2457.6992344160585, 'P_pow': 0.9724546728813944, 'rate_power': 1.1571596613957793}. Best is trial 5 with value: 0.6048481316430587.
[I 2026-05-22 17:50:23,017] Trial 12 finished with value: 0.603600541292852 and parameters: {'P_amp': 0.569861039230852, 'P_wet': 5701.725481038895, 'P_pow': 1.8227696398944986, 'rate_power': 1.0207128016373435}. Best is trial 5 with value: 0.6048481316430587.
[I 2026-05-22 17:50:23,310] Trial 13 finished with value: 0.5978733371250283 and parameters: {'P_amp': 0.4742747432605377, 'P_wet': 5044.411696785147, 'P_pow': 0.3396313264617554, 'rate_power': 1.2918430636766622}. Best is trial 5 with value: 0.6048481316430587.
[I 2026-05-22 17:50:23,598] Trial 14 finished with value: 0.6067273261452873 and parameters: {'P_amp': 0.1331380355102395, 'P_wet': 1816.7508056226911, 'P_pow': 3.3833276766017337, 'rate_power': 1.2610556718377508}. Best is trial 14 with value: 0.6067273261452873.
[I 2026-05-22 17:50:23,892] Trial 15 finished with value: 0.6061627666586219 and parameters: {'P_amp': 0.2802954953525172, 'P_wet': 4414.505335800433, 'P_pow': 4.262474479271077, 'rate_power': 1.1215314005807284}. Best is trial 14 with value: 0.6067273261452873.
[I 2026-05-22 17:50:24,187] Trial 16 finished with value: 0.6054550915802945 and parameters: {'P_amp': 0.05946104999247165, 'P_wet': 5076.322231226311, 'P_pow': 3.984434954895978, 'rate_power': 1.0886646749753552}. Best is trial 14 with value: 0.6067273261452873.
[I 2026-05-22 17:50:24,482] Trial 17 finished with value: 0.6054110613051877 and parameters: {'P_amp': 0.14886361475095533, 'P_wet': 1338.5339168608623, 'P_pow': 3.2470423773134933, 'rate_power': 1.25271948559899}. Best is trial 14 with value: 0.6067273261452873.
[I 2026-05-22 17:50:24,778] Trial 18 finished with value: 0.5954527349368715 and parameters: {'P_amp': 0.19991169988210927, 'P_wet': 2356.746425609583, 'P_pow': 4.546278625865765, 'rate_power': 0.8685220810554171}. Best is trial 14 with value: 0.6067273261452873.
[I 2026-05-22 17:50:25,066] Trial 19 finished with value: 0.6049899101419658 and parameters: {'P_amp': 0.4321954683827669, 'P_wet': 5039.121579130318, 'P_pow': 5.022595226410446, 'rate_power': 1.068421170238393}. Best is trial 14 with value: 0.6067273261452873.
[I 2026-05-22 17:50:25,353] Trial 20 finished with value: 0.6073755129186107 and parameters: {'P_amp': 0.29691743895210865, 'P_wet': 3135.9437782816867, 'P_pow': 3.7062645623738746, 'rate_power': 1.274864217840861}. Best is trial 20 with value: 0.6073755129186107.
[I 2026-05-22 17:50:25,646] Trial 21 finished with value: 0.6074368656874927 and parameters: {'P_amp': 0.27676571747082457, 'P_wet': 2332.5355183040906, 'P_pow': 5.057830892446539, 'rate_power': 1.287633626657186}. Best is trial 21 with value: 0.6074368656874927.
[I 2026-05-22 17:50:25,939] Trial 22 finished with value: 0.6059342784112057 and parameters: {'P_amp': 0.5080693758613998, 'P_wet': 2118.3419364339934, 'P_pow': 3.883425382471344, 'rate_power': 1.2982588224007}. Best is trial 21 with value: 0.6074368656874927.
[I 2026-05-22 17:50:26,235] Trial 23 finished with value: 0.6062954615664947 and parameters: {'P_amp': 0.34765709971388237, 'P_wet': 1698.319192698496, 'P_pow': 5.293667839289518, 'rate_power': 1.2449247190565491}. Best is trial 21 with value: 0.6074368656874927.
[I 2026-05-22 17:50:26,525] Trial 24 finished with value: 0.6071706605180651 and parameters: {'P_amp': 0.22622146411294153, 'P_wet': 2421.0839160752657, 'P_pow': 4.104389364286287, 'rate_power': 1.29616290392243}. Best is trial 21 with value: 0.6074368656874927.
[I 2026-05-22 17:50:26,812] Trial 25 finished with value: 0.6075113330074682 and parameters: {'P_amp': 0.08872957492430034, 'P_wet': 2560.405606049749, 'P_pow': 5.342072282100299, 'rate_power': 1.2868015866067055}. Best is trial 25 with value: 0.6075113330074682.
[I 2026-05-22 17:50:27,100] Trial 26 finished with value: 0.6074275254744104 and parameters: {'P_amp': 0.09322042806599615, 'P_wet': 1953.537497986407, 'P_pow': 5.947885166811264, 'rate_power': 1.2729534602739263}. Best is trial 25 with value: 0.6075113330074682.
[I 2026-05-22 17:50:27,388] Trial 27 finished with value: 0.6072254864853465 and parameters: {'P_amp': 0.048361483791999685, 'P_wet': 1981.9708573623327, 'P_pow': 5.441044839802205, 'rate_power': 1.2074955456116}. Best is trial 25 with value: 0.6075113330074682.
[I 2026-05-22 17:50:27,676] Trial 28 finished with value: 0.6072655041510581 and parameters: {'P_amp': 0.05256568123317065, 'P_wet': 1734.8550044422514, 'P_pow': 5.763164102852844, 'rate_power': 1.2841619059982874}. Best is trial 25 with value: 0.6075113330074682.
[I 2026-05-22 17:50:27,964] Trial 29 finished with value: 0.6074739890629082 and parameters: {'P_amp': 0.0986582756212698, 'P_wet': 5642.639314803192, 'P_pow': 5.725058966704292, 'rate_power': 1.2632801252838772}. Best is trial 25 with value: 0.6075113330074682.
[I 2026-05-22 17:50:28,252] Trial 30 finished with value: 0.6074313980406447 and parameters: {'P_amp': 0.15202476783427973, 'P_wet': 5750.968498564734, 'P_pow': 5.217988601404184, 'rate_power': 1.2936690549392809}. Best is trial 25 with value: 0.6075113330074682.
[I 2026-05-22 17:50:28,541] Trial 31 finished with value: 0.6074656847432299 and parameters: {'P_amp': 0.19693519538701063, 'P_wet': 5957.6304689664175, 'P_pow': 5.962127478895771, 'rate_power': 1.254290712350277}. Best is trial 25 with value: 0.6075113330074682.
[I 2026-05-22 17:50:28,829] Trial 32 finished with value: 0.6042462404911391 and parameters: {'P_amp': 0.010053055073703299, 'P_wet': 5815.177655352223, 'P_pow': 5.972672878637128, 'rate_power': 1.046218360902685}. Best is trial 25 with value: 0.6075113330074682.
[I 2026-05-22 17:50:29,116] Trial 33 finished with value: 0.6072775457512388 and parameters: {'P_amp': 0.3651680921347896, 'P_wet': 3540.7458118969407, 'P_pow': 5.831144588479398, 'rate_power': 1.2003817909687633}. Best is trial 25 with value: 0.6075113330074682.
[I 2026-05-22 17:50:29,404] Trial 34 finished with value: 0.607420120639617 and parameters: {'P_amp': 0.1592027758967037, 'P_wet': 4724.165032078251, 'P_pow': 5.9682203308468145, 'rate_power': 1.2964144222005143}. Best is trial 25 with value: 0.6075113330074682.
[I 2026-05-22 17:50:29,691] Trial 35 finished with value: 0.6071489108898788 and parameters: {'P_amp': 0.03295175660623931, 'P_wet': 5173.918651332824, 'P_pow': 5.652179637258706, 'rate_power': 1.198794599408923}. Best is trial 25 with value: 0.6075113330074682.
[I 2026-05-22 17:50:29,981] Trial 36 finished with value: 0.5918211123443717 and parameters: {'P_amp': 0.6949789011869771, 'P_wet': 902.91239537757, 'P_pow': 1.0792231553392426, 'rate_power': 1.013128828671884}. Best is trial 25 with value: 0.6075113330074682.
[I 2026-05-22 17:50:30,281] Trial 37 finished with value: 0.6075169892837968 and parameters: {'P_amp': 0.3824904187883585, 'P_wet': 4907.4472959510695, 'P_pow': 5.839341998076556, 'rate_power': 1.2712250460096606}. Best is trial 37 with value: 0.6075169892837968.
[I 2026-05-22 17:50:30,577] Trial 38 finished with value: 0.6074706551638404 and parameters: {'P_amp': 0.5733347159419229, 'P_wet': 5141.6058898187475, 'P_pow': 5.676921119873135, 'rate_power': 1.2318200478156556}. Best is trial 37 with value: 0.6075169892837968.
[I 2026-05-22 17:50:30,874] Trial 39 finished with value: 0.6074866752292338 and parameters: {'P_amp': 0.5641526018484927, 'P_wet': 5994.512455311757, 'P_pow': 5.560893029473324, 'rate_power': 1.262157396568715}. Best is trial 37 with value: 0.6075169892837968.
[I 2026-05-22 17:50:31,174] Trial 40 finished with value: 0.607507763412603 and parameters: {'P_amp': 0.434080596316319, 'P_wet': 5602.291510561559, 'P_pow': 5.398252380666737, 'rate_power': 1.269535909484983}. Best is trial 37 with value: 0.6075169892837968.
[I 2026-05-22 17:50:31,473] Trial 41 finished with value: 0.6067577850437196 and parameters: {'P_amp': 0.83979614068343, 'P_wet': 4862.114319897317, 'P_pow': 5.744884896590454, 'rate_power': 1.1598169386079507}. Best is trial 37 with value: 0.6075169892837968.
[I 2026-05-22 17:50:31,773] Trial 42 finished with value: 0.6075750021746461 and parameters: {'P_amp': 0.4950968583946133, 'P_wet': 4137.121454341408, 'P_pow': 5.466982103233152, 'rate_power': 1.2594909128908434}. Best is trial 42 with value: 0.6075750021746461.
[I 2026-05-22 17:50:32,071] Trial 43 finished with value: 0.6075044369059145 and parameters: {'P_amp': 0.5790808721111008, 'P_wet': 5912.579182607501, 'P_pow': 4.445065989862676, 'rate_power': 1.275218478032242}. Best is trial 42 with value: 0.6075750021746461.
[I 2026-05-22 17:50:32,368] Trial 44 finished with value: 0.6073624908430117 and parameters: {'P_amp': 0.5109835223844785, 'P_wet': 4308.1415263277295, 'P_pow': 3.5532460368934644, 'rate_power': 1.2850270206359506}. Best is trial 42 with value: 0.6075750021746461.
[I 2026-05-22 17:50:32,664] Trial 45 finished with value: 0.6075300222175313 and parameters: {'P_amp': 0.78364556343405, 'P_wet': 5380.342638842135, 'P_pow': 3.9939875183170597, 'rate_power': 1.261265993250344}. Best is trial 42 with value: 0.6075750021746461.
[I 2026-05-22 17:50:32,960] Trial 46 finished with value: 0.6074534893599064 and parameters: {'P_amp': 0.40553793277296396, 'P_wet': 4827.85293939802, 'P_pow': 5.834986292862451, 'rate_power': 1.28551743108752}. Best is trial 42 with value: 0.6075750021746461.
[I 2026-05-22 17:50:33,256] Trial 47 finished with value: 0.6068002350167896 and parameters: {'P_amp': 0.8632584616544902, 'P_wet': 3357.611109568592, 'P_pow': 3.014562797326032, 'rate_power': 1.1913855289413782}. Best is trial 42 with value: 0.6075750021746461.
[I 2026-05-22 17:50:33,554] Trial 48 finished with value: 0.6076069097930847 and parameters: {'P_amp': 0.8651906484816401, 'P_wet': 3396.886250039658, 'P_pow': 4.148631756717999, 'rate_power': 1.229688489926747}. Best is trial 48 with value: 0.6076069097930847.
[I 2026-05-22 17:50:33,844] Trial 49 finished with value: 0.6075427080043239 and parameters: {'P_amp': 0.8248863545168877, 'P_wet': 3615.622891533385, 'P_pow': 4.447939940113003, 'rate_power': 1.297625554647477}. Best is trial 48 with value: 0.6076069097930847.
[I 2026-05-22 17:50:34,131] Trial 50 finished with value: 0.6008535038499088 and parameters: {'P_amp': 0.7934987873855711, 'P_wet': 1527.5729136743812, 'P_pow': 4.953543301097125, 'rate_power': 1.244165801283506}. Best is trial 48 with value: 0.6076069097930847.
[I 2026-05-22 17:50:34,419] Trial 51 finished with value: 0.6076037919139762 and parameters: {'P_amp': 0.7934402846259117, 'P_wet': 3453.7794377119912, 'P_pow': 4.616684283887552, 'rate_power': 1.2862219301550581}. Best is trial 48 with value: 0.6076069097930847.
[I 2026-05-22 17:50:34,706] Trial 52 finished with value: 0.6074465668464508 and parameters: {'P_amp': 0.7858435994674136, 'P_wet': 5749.675223184813, 'P_pow': 3.4846260302692063, 'rate_power': 1.2574545507906556}. Best is trial 48 with value: 0.6076069097930847.
[I 2026-05-22 17:50:34,995] Trial 53 finished with value: 0.6061603218891921 and parameters: {'P_amp': 0.8822960297473305, 'P_wet': 2221.556302633078, 'P_pow': 4.172879061932809, 'rate_power': 1.2783600633768881}. Best is trial 48 with value: 0.6076069097930847.
[I 2026-05-22 17:50:35,283] Trial 54 finished with value: 0.6051157297502974 and parameters: {'P_amp': 0.8849042883380439, 'P_wet': 2308.942003334712, 'P_pow': 4.370713850808106, 'rate_power': 1.026344579005989}. Best is trial 48 with value: 0.6076069097930847.
[I 2026-05-22 17:50:35,583] Trial 55 finished with value: 0.6075131264499657 and parameters: {'P_amp': 0.8210129799207618, 'P_wet': 5100.023719672972, 'P_pow': 4.345429288307413, 'rate_power': 1.2894416837407416}. Best is trial 48 with value: 0.6076069097930847.
[I 2026-05-22 17:50:35,877] Trial 56 finished with value: 0.6042350880856107 and parameters: {'P_amp': 0.12426881311132404, 'P_wet': 354.91380509354144, 'P_pow': 0.6452307688490087, 'rate_power': 1.2745406230152956}. Best is trial 48 with value: 0.6076069097930847.
[I 2026-05-22 17:50:36,165] Trial 57 finished with value: 0.6069275168122646 and parameters: {'P_amp': 0.6566838455702972, 'P_wet': 3190.5074181677046, 'P_pow': 4.6004909094630655, 'rate_power': 1.147500249665298}. Best is trial 48 with value: 0.6076069097930847.
[I 2026-05-22 17:50:36,456] Trial 58 finished with value: 0.6076459030318465 and parameters: {'P_amp': 0.8041714925617599, 'P_wet': 2750.349351640858, 'P_pow': 4.732519962199139, 'rate_power': 1.2923034399805846}. Best is trial 58 with value: 0.6076459030318465.
[I 2026-05-22 17:50:36,747] Trial 59 finished with value: 0.6078660947326526 and parameters: {'P_amp': 0.6780922969173566, 'P_wet': 2365.31633422056, 'P_pow': 5.359946993079887, 'rate_power': 1.2553455731335867}. Best is trial 59 with value: 0.6078660947326526.
[I 2026-05-22 17:50:37,044] Trial 60 finished with value: 0.6075880605846914 and parameters: {'P_amp': 0.6629047284495254, 'P_wet': 2366.581192733424, 'P_pow': 4.915748063564725, 'rate_power': 1.2664994955728988}. Best is trial 59 with value: 0.6078660947326526.
[I 2026-05-22 17:50:37,340] Trial 61 finished with value: 0.6077840978072235 and parameters: {'P_amp': 0.740559624798278, 'P_wet': 3160.573238978098, 'P_pow': 5.069014076599277, 'rate_power': 1.2652477129620263}. Best is trial 59 with value: 0.6078660947326526.
[I 2026-05-22 17:50:37,636] Trial 62 finished with value: 0.6061598543800459 and parameters: {'P_amp': 0.6326782455327, 'P_wet': 2023.769883870272, 'P_pow': 5.2589276439086134, 'rate_power': 1.077078201454479}. Best is trial 59 with value: 0.6078660947326526.
[I 2026-05-22 17:50:37,930] Trial 63 finished with value: 0.6079348074409389 and parameters: {'P_amp': 0.7937460743135489, 'P_wet': 2208.5013222625635, 'P_pow': 5.695862129385684, 'rate_power': 1.2625803142791951}. Best is trial 63 with value: 0.6079348074409389.
[I 2026-05-22 17:50:38,225] Trial 64 finished with value: 0.6048221161535523 and parameters: {'P_amp': 0.6309800129135135, 'P_wet': 1638.0750942709924, 'P_pow': 5.083036954589781, 'rate_power': 1.1775633751282326}. Best is trial 63 with value: 0.6079348074409389.
[I 2026-05-22 17:50:38,519] Trial 65 finished with value: 0.60807133577325 and parameters: {'P_amp': 0.7506241521418343, 'P_wet': 2732.9500295169355, 'P_pow': 5.639025053541788, 'rate_power': 1.2420608681722471}. Best is trial 65 with value: 0.60807133577325.
[I 2026-05-22 17:50:38,815] Trial 66 finished with value: 0.6078229537741089 and parameters: {'P_amp': 0.7788768598413602, 'P_wet': 2764.2736521500437, 'P_pow': 5.824902677594091, 'rate_power': 1.1886833833673534}. Best is trial 65 with value: 0.60807133577325.
[I 2026-05-22 17:50:39,110] Trial 67 finished with value: 0.6070090695050704 and parameters: {'P_amp': 0.8042943435460598, 'P_wet': 1957.6628822056612, 'P_pow': 5.821062739682107, 'rate_power': 1.2875948386217142}. Best is trial 65 with value: 0.60807133577325.
[I 2026-05-22 17:50:39,403] Trial 68 finished with value: 0.6051129106990242 and parameters: {'P_amp': 0.789669024501408, 'P_wet': 1655.7752550527184, 'P_pow': 5.873347737663099, 'rate_power': 1.1021494696681473}. Best is trial 65 with value: 0.60807133577325.
[I 2026-05-22 17:50:39,693] Trial 69 finished with value: 0.5901319257128402 and parameters: {'P_amp': 0.6013750139406043, 'P_wet': 2166.9583084538463, 'P_pow': 5.009181686402886, 'rate_power': 0.785191867669887}. Best is trial 65 with value: 0.60807133577325.
[I 2026-05-22 17:50:39,986] Trial 70 finished with value: 0.6079375870826794 and parameters: {'P_amp': 0.6819713679765383, 'P_wet': 2824.193441703186, 'P_pow': 5.738006709939108, 'rate_power': 1.2638886595980123}. Best is trial 65 with value: 0.60807133577325.
[I 2026-05-22 17:50:40,278] Trial 71 finished with value: 0.6080002171440804 and parameters: {'P_amp': 0.6728153505872784, 'P_wet': 2700.407646177715, 'P_pow': 5.7865417741657765, 'rate_power': 1.2530614955542643}. Best is trial 65 with value: 0.60807133577325.
[I 2026-05-22 17:50:40,575] Trial 72 finished with value: 0.6079279090153847 and parameters: {'P_amp': 0.6753816143269856, 'P_wet': 2900.0550709357417, 'P_pow': 5.853561227596789, 'rate_power': 1.2621180730070272}. Best is trial 65 with value: 0.60807133577325.
[I 2026-05-22 17:50:40,867] Trial 73 finished with value: 0.6068423486548928 and parameters: {'P_amp': 0.6614454860023692, 'P_wet': 2829.3918629138025, 'P_pow': 5.590129967064744, 'rate_power': 1.1241325697357523}. Best is trial 65 with value: 0.60807133577325.
[I 2026-05-22 17:50:41,162] Trial 74 finished with value: 0.6078959973627828 and parameters: {'P_amp': 0.5455667358399829, 'P_wet': 2388.8497803229775, 'P_pow': 5.728068545558574, 'rate_power': 1.2123182102293237}. Best is trial 65 with value: 0.60807133577325.
[I 2026-05-22 17:50:41,456] Trial 75 finished with value: 0.6079413233939687 and parameters: {'P_amp': 0.6967084435851536, 'P_wet': 2888.9098574964964, 'P_pow': 5.612229129552938, 'rate_power': 1.228319237965139}. Best is trial 65 with value: 0.60807133577325.
[I 2026-05-22 17:50:41,752] Trial 76 finished with value: 0.6070191146629926 and parameters: {'P_amp': 0.6057361672571742, 'P_wet': 1870.1352575779729, 'P_pow': 5.8080689143807565, 'rate_power': 1.2564249054092869}. Best is trial 65 with value: 0.60807133577325.
[I 2026-05-22 17:50:42,048] Trial 77 finished with value: 0.607944033077778 and parameters: {'P_amp': 0.5686946286108181, 'P_wet': 2676.3919972471417, 'P_pow': 5.992225687303359, 'rate_power': 1.2682137872321373}. Best is trial 65 with value: 0.60807133577325.
[I 2026-05-22 17:50:42,344] Trial 78 finished with value: 0.6072994859706977 and parameters: {'P_amp': 0.5407765237164068, 'P_wet': 2112.228322836269, 'P_pow': 5.922557403682148, 'rate_power': 1.145269065319778}. Best is trial 65 with value: 0.60807133577325.
