[I 2026-05-22 17:46:45,637] Trial 170 finished with value: 0.5901487801439431 and parameters: {'k1': 0.07317157488352775, 'D_low': 68.52715201414638, 'k2': 0.00011536559267484226, 'D_high': 3606.1442722876086, 'fire_exp': 0.4407820037845013, 'P_half': 153.12455159887088, 'pre_dampen_half': 4.194925090025753, 'gpp_af': 0.4820923608476858, 'gpp_b': 0.006792238531518522, 'gpp_d': 14.719852072455595, 'ign_k': 0.5171128004114014, 'ign_c': 25.200521192120092}. Best is trial 0 with value: 0.6103502735484728.
[I 2026-05-22 17:46:46,067] Trial 171 finished with value: 0.5499046933074869 and parameters: {'k1': 0.00025812574428675647, 'D_low': 2.1302629862994746, 'k2': 0.008207199045750442, 'D_high': 25181.172876543496, 'fire_exp': 0.5583289495719203, 'P_half': 0.632652901709002, 'pre_dampen_half': 0.4881186494390585, 'gpp_af': 7.421153411046471, 'gpp_b': 1.0627415991641226e-06, 'gpp_d': 744.5396659514286, 'ign_k': 0.05870190075040824, 'ign_c': 26.44223046733087}. Best is trial 0 with value: 0.6103502735484728.
[I 2026-05-22 17:46:46,493] Trial 172 finished with value: 0.4282856146576039 and parameters: {'k1': 0.03706482766947305, 'D_low': 64.02875747217396, 'k2': 2.8110850851755778e-05, 'D_high': 1560.4737371780889, 'fire_exp': 0.517178745305393, 'P_half': 405.03080081895223, 'pre_dampen_half': 0.540165605748415, 'gpp_af': 3.013558269899944, 'gpp_b': 0.22901173132059335, 'gpp_d': 10.340232061096918, 'ign_k': 0.9739490136715234, 'ign_c': 55.33027214720751}. Best is trial 0 with value: 0.6103502735484728.
[I 2026-05-22 17:46:46,921] Trial 173 finished with value: 0.5691692057171973 and parameters: {'k1': 0.01587717797731715, 'D_low': 21.187769894356443, 'k2': 0.0004841017037849874, 'D_high': 10366.647047990698, 'fire_exp': 0.4637641607860583, 'P_half': 1700.3880663945565, 'pre_dampen_half': 15.58133332993436, 'gpp_af': 2.586422160315729, 'gpp_b': 0.04009983187231894, 'gpp_d': 892.7476517329281, 'ign_k': 1.4255011133623898, 'ign_c': 8.854058386372085}. Best is trial 0 with value: 0.6103502735484728.
[I 2026-05-22 17:46:47,355] Trial 174 finished with value: 0.56805076775575 and parameters: {'k1': 0.0309547728247556, 'D_low': 1.2943275185278251, 'k2': 0.00012512784348125652, 'D_high': 96121.68815642725, 'fire_exp': 0.5874251145382376, 'P_half': 7.218862728153306, 'pre_dampen_half': 0.09416559418939834, 'gpp_af': 3.015200863895885, 'gpp_b': 3.603327299512833e-06, 'gpp_d': 84.99817770219613, 'ign_k': 1.751236432633425, 'ign_c': 0.8941044599325718}. Best is trial 0 with value: 0.6103502735484728.
[I 2026-05-22 17:46:47,785] Trial 175 finished with value: 0.5556632127376822 and parameters: {'k1': 0.010866121143003704, 'D_low': 25.436414092620375, 'k2': 1.349714058854949e-05, 'D_high': 6702.589250437288, 'fire_exp': 0.6081664196374796, 'P_half': 71.6415319689925, 'pre_dampen_half': 1.8791022259672248, 'gpp_af': 0.2702387475501862, 'gpp_b': 0.009774691000527568, 'gpp_d': 0.5037266035957269, 'ign_k': 0.32757492478862743, 'ign_c': 5.426917668654195}. Best is trial 0 with value: 0.6103502735484728.
[I 2026-05-22 17:46:48,216] Trial 176 finished with value: 0.3994490055432051 and parameters: {'k1': 0.032119381948605336, 'D_low': 61.48997780626746, 'k2': 0.00029416998004489945, 'D_high': 41199.37526473419, 'fire_exp': 1.0288803344226198, 'P_half': 42.74441232672334, 'pre_dampen_half': 5.690041067187707, 'gpp_af': 0.008926347960626316, 'gpp_b': 0.024772752449914403, 'gpp_d': 0.8722209813221098, 'ign_k': 0.3849997611715144, 'ign_c': 118.67014263320743}. Best is trial 0 with value: 0.6103502735484728.
[I 2026-05-22 17:46:48,652] Trial 177 finished with value: 0.5787936196707628 and parameters: {'k1': 0.011113430094498451, 'D_low': 243.23298774157348, 'k2': 0.005455694487953986, 'D_high': 2741.002250254245, 'fire_exp': 0.47059042714304256, 'P_half': 2.3133655835582783, 'pre_dampen_half': 13.271824733768426, 'gpp_af': 0.02200753249738842, 'gpp_b': 2.050405379375333e-05, 'gpp_d': 219.09784609689032, 'ign_k': 0.4333259074207409, 'ign_c': 17.102448520764817}. Best is trial 0 with value: 0.6103502735484728.
[I 2026-05-22 17:46:49,085] Trial 178 finished with value: 0.5308761064714359 and parameters: {'k1': 5.621007273258553e-05, 'D_low': 1.6822991985089621, 'k2': 0.003182476571566959, 'D_high': 3239.5112308609805, 'fire_exp': 0.3692961324000735, 'P_half': 1.0366731961391504, 'pre_dampen_half': 0.04620844807885821, 'gpp_af': 1.4969361584322147, 'gpp_b': 0.005853672182320908, 'gpp_d': 2.911649668650437, 'ign_k': 0.18961282289446943, 'ign_c': 26.65245810616763}. Best is trial 0 with value: 0.6103502735484728.
[I 2026-05-22 17:46:49,518] Trial 179 finished with value: 0.5489434876406024 and parameters: {'k1': 0.0372616611624071, 'D_low': 88.21921243919405, 'k2': 9.39589671487475e-05, 'D_high': 8623.173359528786, 'fire_exp': 0.3571420717184659, 'P_half': 7756.35730982701, 'pre_dampen_half': 2.8424854588076403, 'gpp_af': 2.4092652014963676, 'gpp_b': 0.0022488454078147145, 'gpp_d': 1.0179830546071202, 'ign_k': 0.2811118539768821, 'ign_c': 13.358840853441821}. Best is trial 0 with value: 0.6103502735484728.
[I 2026-05-22 17:46:49,954] Trial 180 finished with value: 0.3994490055432051 and parameters: {'k1': 7.638590335845322e-05, 'D_low': 21.903606580080787, 'k2': 0.009250128226080132, 'D_high': 405.09209102685236, 'fire_exp': 0.5788784576334136, 'P_half': 0.18754626533678456, 'pre_dampen_half': 11.55033326821254, 'gpp_af': 1.2197681652570749, 'gpp_b': 1.52790048462455e-05, 'gpp_d': 8.57416807342488, 'ign_k': 4.283511443297506, 'ign_c': 137.25528451129063}. Best is trial 0 with value: 0.6103502735484728.
[I 2026-05-22 17:46:50,384] Trial 181 finished with value: 0.4791201555296405 and parameters: {'k1': 0.0002577265763354412, 'D_low': 1.6563205430001293, 'k2': 0.003417258446076852, 'D_high': 155.35585108141365, 'fire_exp': 0.765198356331994, 'P_half': 0.10152823612373492, 'pre_dampen_half': 0.2193914500494173, 'gpp_af': 12.77673589442095, 'gpp_b': 0.0007381536879981475, 'gpp_d': 457.5282551749354, 'ign_k': 1.0306002021116458, 'ign_c': 14.633964502053091}. Best is trial 0 with value: 0.6103502735484728.
[I 2026-05-22 17:46:50,816] Trial 182 finished with value: 0.5577820434504062 and parameters: {'k1': 2.347752346542219e-05, 'D_low': 10.833429119057547, 'k2': 0.01392397324857193, 'D_high': 6665.410663232762, 'fire_exp': 0.46629907749935223, 'P_half': 1.5289384101674501, 'pre_dampen_half': 0.11997132552415297, 'gpp_af': 5.869919594001246, 'gpp_b': 3.886539223240336e-06, 'gpp_d': 576.151862527885, 'ign_k': 1.0111395357054, 'ign_c': 9.53873922063559}. Best is trial 0 with value: 0.6103502735484728.
[I 2026-05-22 17:46:51,247] Trial 183 finished with value: 0.5496837355658555 and parameters: {'k1': 2.5569094176306593e-05, 'D_low': 1.9899282528351725, 'k2': 0.0012276795486683774, 'D_high': 1108.629547622999, 'fire_exp': 0.4808958095211816, 'P_half': 0.6402072367459635, 'pre_dampen_half': 0.6263962633646605, 'gpp_af': 2.031601558978343, 'gpp_b': 9.955836031306296e-06, 'gpp_d': 176.41346934151565, 'ign_k': 0.1532901451170697, 'ign_c': 6.506032461931706}. Best is trial 0 with value: 0.6103502735484728.
[I 2026-05-22 17:46:51,701] Trial 184 finished with value: 0.3994490055432051 and parameters: {'k1': 0.015186911127477365, 'D_low': 211.52759553442468, 'k2': 5.729758961596708e-05, 'D_high': 40009.921006117525, 'fire_exp': 0.6081962922065486, 'P_half': 574.9835306180235, 'pre_dampen_half': 91.55500387581435, 'gpp_af': 2.2945068035505027, 'gpp_b': 0.002116275323967154, 'gpp_d': 4.622339173629504, 'ign_k': 7.822629790312455, 'ign_c': 157.46163371751248}. Best is trial 0 with value: 0.6103502735484728.
[I 2026-05-22 17:46:52,132] Trial 185 finished with value: 0.5654079764365701 and parameters: {'k1': 0.08701724911756073, 'D_low': 330.77174095552886, 'k2': 0.0001041099681116529, 'D_high': 636.5403828289077, 'fire_exp': 0.489205069955073, 'P_half': 157.8355181630842, 'pre_dampen_half': 6.267528920417164, 'gpp_af': 0.1515164943442962, 'gpp_b': 0.001145333935317244, 'gpp_d': 9.305830595721051, 'ign_k': 1.0644059315005359, 'ign_c': 16.596567538139077}. Best is trial 0 with value: 0.6103502735484728.
[I 2026-05-22 17:46:52,564] Trial 186 finished with value: 0.5196188719881948 and parameters: {'k1': 0.007672180909792439, 'D_low': 127.45219922359192, 'k2': 0.002194846361944783, 'D_high': 3890.0916870812666, 'fire_exp': 0.5396679513286253, 'P_half': 494.7010321469642, 'pre_dampen_half': 0.020458965905689235, 'gpp_af': 42.04554699149781, 'gpp_b': 2.042386521459784e-06, 'gpp_d': 361.3119035430492, 'ign_k': 1.5312541561323274, 'ign_c': 5.768264037872864}. Best is trial 0 with value: 0.6103502735484728.
[I 2026-05-22 17:46:52,997] Trial 187 finished with value: 0.4188576305752325 and parameters: {'k1': 0.002348609242923857, 'D_low': 30.246743250819765, 'k2': 0.01567446383586369, 'D_high': 1301.1327089265471, 'fire_exp': 0.41020694609949004, 'P_half': 3.6819303753347534, 'pre_dampen_half': 8.71033252961953, 'gpp_af': 2.2906140199495697, 'gpp_b': 6.519930451530479e-05, 'gpp_d': 142.1089871806485, 'ign_k': 5.354150280314246, 'ign_c': 33.093458610175496}. Best is trial 0 with value: 0.6103502735484728.
[I 2026-05-22 17:46:53,430] Trial 188 finished with value: 0.5754573839381859 and parameters: {'k1': 0.07401510880371216, 'D_low': 26.108597246577606, 'k2': 0.00023197817240775534, 'D_high': 62832.553458489034, 'fire_exp': 0.3589376104446264, 'P_half': 206.0012630071302, 'pre_dampen_half': 0.5101799523557367, 'gpp_af': 0.48949382422504334, 'gpp_b': 0.003399844709502285, 'gpp_d': 33.33044412525115, 'ign_k': 3.745930946094595, 'ign_c': 7.802111374307002}. Best is trial 0 with value: 0.6103502735484728.
[I 2026-05-22 17:46:53,862] Trial 189 finished with value: 0.5125362459286776 and parameters: {'k1': 0.004261828398495405, 'D_low': 16.18720447169462, 'k2': 0.0012908994384729525, 'D_high': 86351.42602928088, 'fire_exp': 0.4578977055962448, 'P_half': 81.19657048804655, 'pre_dampen_half': 0.030915457904631734, 'gpp_af': 0.19341156740816548, 'gpp_b': 0.08415018046890596, 'gpp_d': 18.064940825540752, 'ign_k': 2.072388718392759, 'ign_c': 3.4468760015581963}. Best is trial 0 with value: 0.6103502735484728.
[I 2026-05-22 17:46:54,296] Trial 190 finished with value: 0.48911276384357083 and parameters: {'k1': 1.1695221086925618e-05, 'D_low': 1.1683238818620965, 'k2': 0.01688254298961954, 'D_high': 4278.8283407556955, 'fire_exp': 1.3690788883439373, 'P_half': 0.20288589029267246, 'pre_dampen_half': 1.2447292048530552, 'gpp_af': 14.759112701826577, 'gpp_b': 0.00016026955118373084, 'gpp_d': 11.090758461679306, 'ign_k': 9.148040670365273, 'ign_c': 17.64703270898903}. Best is trial 0 with value: 0.6103502735484728.
[I 2026-05-22 17:46:54,728] Trial 191 finished with value: 0.5064757765404555 and parameters: {'k1': 0.005319927762172468, 'D_low': 62.5353367383098, 'k2': 0.0009513959718702737, 'D_high': 333.02683570474557, 'fire_exp': 1.2248098949091046, 'P_half': 1.8891055797281742, 'pre_dampen_half': 3.007617011607393, 'gpp_af': 0.07538153504823987, 'gpp_b': 4.341558947980932e-05, 'gpp_d': 107.9567845482868, 'ign_k': 3.611834765848841, 'ign_c': 10.74168693914059}. Best is trial 0 with value: 0.6103502735484728.
[I 2026-05-22 17:46:55,159] Trial 192 finished with value: 0.3994490055432051 and parameters: {'k1': 0.031213062117556655, 'D_low': 51.41666916371587, 'k2': 0.0077366394109470915, 'D_high': 7768.202475811804, 'fire_exp': 0.5965566522620351, 'P_half': 0.5449035655681449, 'pre_dampen_half': 7.521921977310959, 'gpp_af': 0.049321651239625446, 'gpp_b': 5.95906815260583e-05, 'gpp_d': 56.3229661354831, 'ign_k': 1.4288480119334823, 'ign_c': 77.56017334231701}. Best is trial 0 with value: 0.6103502735484728.
[I 2026-05-22 17:46:55,590] Trial 193 finished with value: 0.39879623146526066 and parameters: {'k1': 0.044158368379751324, 'D_low': 1.9581891665831794, 'k2': 0.0006060721486130267, 'D_high': 53779.20004746613, 'fire_exp': 0.8178114420402767, 'P_half': 13.219853765384322, 'pre_dampen_half': 0.021714463734005884, 'gpp_af': 1.004178483479478, 'gpp_b': 2.7949510755963358e-05, 'gpp_d': 712.7523682932268, 'ign_k': 3.394114970428855, 'ign_c': 41.1878822768166}. Best is trial 0 with value: 0.6103502735484728.
[I 2026-05-22 17:46:56,023] Trial 194 finished with value: 0.5520837056290088 and parameters: {'k1': 0.012945640834827195, 'D_low': 275.7765498071379, 'k2': 0.0013296423394032132, 'D_high': 8035.449796006488, 'fire_exp': 0.6915050553852875, 'P_half': 1.3462288118829229, 'pre_dampen_half': 13.542582584909072, 'gpp_af': 0.006131321925519669, 'gpp_b': 5.570815279689049e-06, 'gpp_d': 860.471192353508, 'ign_k': 0.1471797359683871, 'ign_c': 4.61669533699038}. Best is trial 0 with value: 0.6103502735484728.
[I 2026-05-22 17:46:56,456] Trial 195 finished with value: 0.5622452877468441 and parameters: {'k1': 0.030313369851718022, 'D_low': 2.429510496545348, 'k2': 2.2879221735340246e-05, 'D_high': 78120.39110720425, 'fire_exp': 0.387309500493146, 'P_half': 136.51728164743204, 'pre_dampen_half': 1.375058951500796, 'gpp_af': 1.740030607392316, 'gpp_b': 0.0067985023786958886, 'gpp_d': 351.48958242998793, 'ign_k': 1.8177967939604174, 'ign_c': 1.8059636559963816}. Best is trial 0 with value: 0.6103502735484728.
[I 2026-05-22 17:46:56,888] Trial 196 finished with value: 0.544536790840711 and parameters: {'k1': 8.03071847648893e-05, 'D_low': 38.84557815049047, 'k2': 0.04339170244054097, 'D_high': 3077.870755571035, 'fire_exp': 0.5314563336420397, 'P_half': 17.744644012182935, 'pre_dampen_half': 0.2271198920331468, 'gpp_af': 0.3773739604501005, 'gpp_b': 0.0023226739946092803, 'gpp_d': 229.07894503275585, 'ign_k': 3.995220767401365, 'ign_c': 5.580431271864996}. Best is trial 0 with value: 0.6103502735484728.
[I 2026-05-22 17:46:57,321] Trial 197 finished with value: 0.5940247632833074 and parameters: {'k1': 0.016103451499456224, 'D_low': 72.13314791681765, 'k2': 0.001208362449489767, 'D_high': 55793.13074888881, 'fire_exp': 0.6481842191041456, 'P_half': 418.02250034336527, 'pre_dampen_half': 1.6892944852124854, 'gpp_af': 2.8640725069030952, 'gpp_b': 4.04984435650672e-06, 'gpp_d': 21.57623239121672, 'ign_k': 3.3906564886881467, 'ign_c': 15.22012924029485}. Best is trial 0 with value: 0.6103502735484728.
[I 2026-05-22 17:46:57,753] Trial 198 finished with value: 0.5498843837898846 and parameters: {'k1': 0.0009150033771441725, 'D_low': 132.83099047645638, 'k2': 0.00044473134701816043, 'D_high': 53719.479156440575, 'fire_exp': 0.4148467735970227, 'P_half': 41.132277366799116, 'pre_dampen_half': 1.20558840435262, 'gpp_af': 9.618587705376722, 'gpp_b': 6.314717252081266e-05, 'gpp_d': 3.530637968348075, 'ign_k': 4.97155390312338, 'ign_c': 25.698920926979753}. Best is trial 0 with value: 0.6103502735484728.
[I 2026-05-22 17:46:58,184] Trial 199 finished with value: 0.552491429159986 and parameters: {'k1': 0.00881644152926974, 'D_low': 825.6675948193409, 'k2': 0.0022800821064435906, 'D_high': 10459.731615335515, 'fire_exp': 0.3543455854623161, 'P_half': 20.994985703663477, 'pre_dampen_half': 0.21701844615887064, 'gpp_af': 0.8802525245947613, 'gpp_b': 1.1099904368292527e-05, 'gpp_d': 45.09429635902707, 'ign_k': 6.889937135500521, 'ign_c': 11.486466974381345}. Best is trial 0 with value: 0.6103502735484728.
[I 2026-05-22 17:46:58,617] Trial 200 finished with value: 0.5565411895148216 and parameters: {'k1': 0.05268115182460955, 'D_low': 255.53526222926948, 'k2': 0.00047226146588249905, 'D_high': 110.60801704195227, 'fire_exp': 0.4469146118707604, 'P_half': 2.0824143398554966, 'pre_dampen_half': 0.3091693894022073, 'gpp_af': 8.227926990311525, 'gpp_b': 2.387985302285404e-06, 'gpp_d': 518.1560265808436, 'ign_k': 3.0447745890378815, 'ign_c': 8.054246320451787}. Best is trial 0 with value: 0.6103502735484728.
[I 2026-05-22 17:46:59,048] Trial 201 finished with value: 0.5765396072600886 and parameters: {'k1': 0.03516605172043358, 'D_low': 147.50996906533683, 'k2': 0.00044849581280602483, 'D_high': 71520.12063963979, 'fire_exp': 0.5246011526376234, 'P_half': 284.8041575098529, 'pre_dampen_half': 0.2684271839945624, 'gpp_af': 14.954079030493517, 'gpp_b': 2.2478801602331822e-05, 'gpp_d': 24.672510418050894, 'ign_k': 0.24603403707410273, 'ign_c': 13.056291154389983}. Best is trial 0 with value: 0.6103502735484728.
[I 2026-05-22 17:46:59,480] Trial 202 finished with value: 0.5288155057689264 and parameters: {'k1': 1.1768044356856758e-05, 'D_low': 6.623708617146937, 'k2': 0.03349262796832792, 'D_high': 14133.864586926453, 'fire_exp': 0.3870973645782946, 'P_half': 5.65483624395084, 'pre_dampen_half': 9.451181993440434, 'gpp_af': 2.0241886850605937, 'gpp_b': 0.00025731979774748964, 'gpp_d': 120.46435192324239, 'ign_k': 0.3417011783217918, 'ign_c': 1.6793082187095343}. Best is trial 0 with value: 0.6103502735484728.
[I 2026-05-22 17:46:59,910] Trial 203 finished with value: 0.49143896385629204 and parameters: {'k1': 0.041198594673805766, 'D_low': 151.9028435467553, 'k2': 7.409154997467965e-05, 'D_high': 32535.84069176984, 'fire_exp': 0.5541637487281559, 'P_half': 1938.0701776755952, 'pre_dampen_half': 0.08820023939792858, 'gpp_af': 8.621659093243192, 'gpp_b': 0.0001454227583926444, 'gpp_d': 93.24520126497974, 'ign_k': 1.9194978442959225, 'ign_c': 24.582751838212317}. Best is trial 0 with value: 0.6103502735484728.
[I 2026-05-22 17:47:00,360] Trial 204 finished with value: 0.3994490055432051 and parameters: {'k1': 0.007514878139534874, 'D_low': 155.47461729643643, 'k2': 0.005475340125185607, 'D_high': 1179.4399364848528, 'fire_exp': 0.6594709994794852, 'P_half': 11.307419620740566, 'pre_dampen_half': 25.604465473872494, 'gpp_af': 0.028375182549796717, 'gpp_b': 4.342376843358672e-06, 'gpp_d': 170.7626351204019, 'ign_k': 0.18126996598245657, 'ign_c': 226.98217575394486}. Best is trial 0 with value: 0.6103502735484728.
[I 2026-05-22 17:47:00,801] Trial 205 finished with value: 0.5616032634780683 and parameters: {'k1': 0.024347122579975972, 'D_low': 56.199298645610014, 'k2': 4.613484131650007e-05, 'D_high': 1344.9584988825802, 'fire_exp': 0.39309114754152497, 'P_half': 257.74648088960913, 'pre_dampen_half': 0.15269588552831206, 'gpp_af': 0.6980330429897337, 'gpp_b': 0.0001497508480961577, 'gpp_d': 7.246718997644156, 'ign_k': 9.06481908658141, 'ign_c': 0.6517954703705625}. Best is trial 0 with value: 0.6103502735484728.
[I 2026-05-22 17:47:01,235] Trial 206 finished with value: 0.3994490055432051 and parameters: {'k1': 0.01940860459632382, 'D_low': 156.90309204687375, 'k2': 0.00026440455618135725, 'D_high': 30285.951778748964, 'fire_exp': 0.6241284769044927, 'P_half': 32.88792222452279, 'pre_dampen_half': 4.53905418858875, 'gpp_af': 0.9416313206119712, 'gpp_b': 0.00012097186629727746, 'gpp_d': 4.03183074714883, 'ign_k': 0.8678334839234839, 'ign_c': 137.83227359051162}. Best is trial 0 with value: 0.6103502735484728.
[I 2026-05-22 17:47:01,676] Trial 207 finished with value: 0.5738040466774605 and parameters: {'k1': 0.06687355131392234, 'D_low': 138.90549403864782, 'k2': 0.0005466325302210743, 'D_high': 37392.75515948126, 'fire_exp': 0.36360701274570045, 'P_half': 16.40622277058291, 'pre_dampen_half': 0.3639877753773689, 'gpp_af': 1.673501637365355, 'gpp_b': 9.811547636085937e-05, 'gpp_d': 44.81736427861638, 'ign_k': 0.1241501612537367, 'ign_c': 20.444698128119104}. Best is trial 0 with value: 0.6103502735484728.
[I 2026-05-22 17:47:02,107] Trial 208 finished with value: 0.4592312507523395 and parameters: {'k1': 0.08500209614744243, 'D_low': 47.779081870237256, 'k2': 1.806494630734812e-05, 'D_high': 9164.094528380983, 'fire_exp': 0.4064636610301038, 'P_half': 19.26411032488108, 'pre_dampen_half': 1.2077308709309755, 'gpp_af': 0.01980819830982157, 'gpp_b': 0.3180711327253584, 'gpp_d': 155.57036076139696, 'ign_k': 0.3139298292061438, 'ign_c': 48.02247871632408}. Best is trial 0 with value: 0.6103502735484728.
[I 2026-05-22 17:47:02,540] Trial 209 finished with value: 0.43824657515187876 and parameters: {'k1': 0.054057937900634664, 'D_low': 147.25716297916713, 'k2': 0.0008959073626096116, 'D_high': 26168.063667557675, 'fire_exp': 0.3932582512304024, 'P_half': 7597.7988535881, 'pre_dampen_half': 0.7114169250523482, 'gpp_af': 0.07993176259740693, 'gpp_b': 0.0012258490404417671, 'gpp_d': 286.9316507811903, 'ign_k': 1.8687786206873223, 'ign_c': 37.92896989100522}. Best is trial 0 with value: 0.6103502735484728.
[I 2026-05-22 17:47:03,037] Trial 210 finished with value: 0.5789334578463368 and parameters: {'k1': 0.0362169918553406, 'D_low': 68.51482879870206, 'k2': 0.0001612465080925259, 'D_high': 6058.654846935306, 'fire_exp': 0.5035935048900312, 'P_half': 67.88816385505679, 'pre_dampen_half': 3.525595227343091, 'gpp_af': 4.362808093663244, 'gpp_b': 1.456054871520636e-06, 'gpp_d': 7.3566125747933615, 'ign_k': 9.139301275243971, 'ign_c': 8.891163542600342}. Best is trial 0 with value: 0.6103502735484728.
[I 2026-05-22 17:47:03,492] Trial 211 finished with value: 0.5227527384892684 and parameters: {'k1': 0.010689555558913592, 'D_low': 81.98558958367713, 'k2': 0.0007146209026808689, 'D_high': 68589.03480831243, 'fire_exp': 0.42751230480113517, 'P_half': 6.23360224793115, 'pre_dampen_half': 6.394000076892682, 'gpp_af': 90.26264157255562, 'gpp_b': 1.0845774871544765e-06, 'gpp_d': 365.24729223837494, 'ign_k': 3.1570484191074644, 'ign_c': 3.8977170115855557}. Best is trial 0 with value: 0.6103502735484728.
[I 2026-05-22 17:47:03,965] Trial 212 finished with value: 0.5544231471457033 and parameters: {'k1': 0.03253068376649605, 'D_low': 184.85460894384852, 'k2': 3.180263867430697e-05, 'D_high': 8720.716253722045, 'fire_exp': 0.5864334886795813, 'P_half': 913.9952180967515, 'pre_dampen_half': 7.818644962347512, 'gpp_af': 0.41359202931700945, 'gpp_b': 1.4342601134774503e-06, 'gpp_d': 0.25420128761085214, 'ign_k': 3.755895830377505, 'ign_c': 3.5426394226041538}. Best is trial 0 with value: 0.6103502735484728.
