[I 2026-05-22 17:37:26,495] Trial 71 finished with value: 0.5221421641099465 and parameters: {'k1': 0.0010637996607065542, 'D_low': 14.38513121608012, 'k2': 0.02080640658085111, 'D_high': 3803.6816841899536, 'fire_exp': 1.0678072009320165, 'P_half': 197.73595785529474, 'pre_dampen_half': 0.29156210192321325, 'gpp_af': 0.016928299379147565, 'gpp_b': 4.08414896228412e-06, 'gpp_d': 207.4117489661621, 'ign_k': 0.3062980081227676, 'ign_c': 2.3399096221711226, 'ign_k2': 8.070598275808294, 'ign_c2': 0.2480754075070946, 'rain_shift': 6.010974804607768}. Best is trial 0 with value: 0.5948382818560959.
[I 2026-05-22 17:37:27,041] Trial 72 finished with value: 0.4950451669730618 and parameters: {'k1': 0.0023210762856861124, 'D_low': 226.09850020149815, 'k2': 0.017288058592577482, 'D_high': 5130.616983202185, 'fire_exp': 0.6881699165422812, 'P_half': 28.162858202515096, 'pre_dampen_half': 7.7360591949572814, 'gpp_af': 0.026394710052201658, 'gpp_b': 8.62485913452185e-06, 'gpp_d': 288.68635695383904, 'ign_k': 4.83743762978987, 'ign_c': 1.835175677630144, 'ign_k2': 0.14258018393541108, 'ign_c2': 0.10116404125919608, 'rain_shift': 7.437920163335912}. Best is trial 0 with value: 0.5948382818560959.
[I 2026-05-22 17:37:27,587] Trial 73 finished with value: 0.5810477990430162 and parameters: {'k1': 0.0032938218112914222, 'D_low': 13.736991077063717, 'k2': 0.04579173718733689, 'D_high': 4535.2637009572345, 'fire_exp': 0.36335681595540475, 'P_half': 106.66034628689677, 'pre_dampen_half': 10.183724992309312, 'gpp_af': 0.0048095065527423205, 'gpp_b': 5.365521854540816e-06, 'gpp_d': 501.7882193028821, 'ign_k': 5.387392087340942, 'ign_c': 0.22020067189856166, 'ign_k2': 7.257363162126898, 'ign_c2': 0.13377447496897357, 'rain_shift': 6.692189369406947}. Best is trial 0 with value: 0.5948382818560959.
[I 2026-05-22 17:37:28,134] Trial 74 finished with value: 0.5656923341276382 and parameters: {'k1': 0.0014817406951322751, 'D_low': 1.4322595294073888, 'k2': 0.003635057479400257, 'D_high': 232.24157620431697, 'fire_exp': 0.5090966770643189, 'P_half': 284.69359944031214, 'pre_dampen_half': 9.5671159899531, 'gpp_af': 0.0019926374955582704, 'gpp_b': 5.481474599354766e-06, 'gpp_d': 30.476730317859403, 'ign_k': 5.09347899370747, 'ign_c': 0.10696239479533387, 'ign_k2': 2.806977469392534, 'ign_c2': 0.17686637339111685, 'rain_shift': 4.86634513116945}. Best is trial 0 with value: 0.5948382818560959.
[I 2026-05-22 17:37:28,671] Trial 75 finished with value: 0.4864382359465241 and parameters: {'k1': 3.935215806260281e-05, 'D_low': 5.112144676432802, 'k2': 0.00118556592802961, 'D_high': 178.16280475315017, 'fire_exp': 0.586886196962343, 'P_half': 392.24068649822743, 'pre_dampen_half': 195.32855028306358, 'gpp_af': 0.002062649264502244, 'gpp_b': 5.587223386104976e-05, 'gpp_d': 32.435839014157736, 'ign_k': 3.967581904244714, 'ign_c': 0.4405115167736034, 'ign_k2': 0.16764342749213404, 'ign_c2': 0.10668950866121574, 'rain_shift': 7.193760659561773}. Best is trial 0 with value: 0.5948382818560959.
[I 2026-05-22 17:37:29,211] Trial 76 finished with value: 0.5657371291824742 and parameters: {'k1': 0.01816846987509907, 'D_low': 4.518613555980176, 'k2': 0.0035576631364752196, 'D_high': 127.00568653695336, 'fire_exp': 0.4089590938519576, 'P_half': 1614.0318720488413, 'pre_dampen_half': 3.241274644004963, 'gpp_af': 0.002378256883113538, 'gpp_b': 1.032115493143116e-06, 'gpp_d': 5.007081634902539, 'ign_k': 7.102006576663239, 'ign_c': 0.49326318764717236, 'ign_k2': 5.267359384861075, 'ign_c2': 1.2795141896346693, 'rain_shift': 5.261663117193807}. Best is trial 0 with value: 0.5948382818560959.
[I 2026-05-22 17:37:29,752] Trial 77 finished with value: 0.5010870833133036 and parameters: {'k1': 0.06415862793695196, 'D_low': 1.7756345333936092, 'k2': 0.011805655238141644, 'D_high': 21.856074396839457, 'fire_exp': 0.6143168519824627, 'P_half': 84.33407924366823, 'pre_dampen_half': 2.632061716835194, 'gpp_af': 0.0023538576145925015, 'gpp_b': 1.8773236045557399e-06, 'gpp_d': 7.674400492174603, 'ign_k': 0.7567860292134867, 'ign_c': 11.941995507361979, 'ign_k2': 7.179930513907876, 'ign_c2': 1.0824228022029692, 'rain_shift': 3.86808357713634}. Best is trial 0 with value: 0.5948382818560959.
[I 2026-05-22 17:37:30,296] Trial 78 finished with value: 0.5424156721148761 and parameters: {'k1': 0.0013819278444467016, 'D_low': 37.03444555270547, 'k2': 0.07887525746235287, 'D_high': 6670.338885073995, 'fire_exp': 0.351950765964949, 'P_half': 18.56578605666005, 'pre_dampen_half': 234.31562426253603, 'gpp_af': 0.007927066871821922, 'gpp_b': 4.597051552335272e-06, 'gpp_d': 20.923276304845658, 'ign_k': 1.002456360891239, 'ign_c': 0.14077745616379922, 'ign_k2': 2.5620252450193997, 'ign_c2': 0.2649987409389865, 'rain_shift': 6.430440144987654}. Best is trial 0 with value: 0.5948382818560959.
[I 2026-05-22 17:37:30,842] Trial 79 finished with value: 0.5175189598046954 and parameters: {'k1': 0.062317560425364106, 'D_low': 2.854402343708133, 'k2': 0.0031954330009313354, 'D_high': 65.3920280247445, 'fire_exp': 0.7933153036649749, 'P_half': 2609.625037929899, 'pre_dampen_half': 154.77574179817685, 'gpp_af': 0.002787458690983259, 'gpp_b': 3.5145696400141054e-06, 'gpp_d': 1.4284939619198131, 'ign_k': 9.746591655196552, 'ign_c': 0.22699873742632468, 'ign_k2': 1.4025148914315433, 'ign_c2': 1.332601643639647, 'rain_shift': 3.8379187676622957}. Best is trial 0 with value: 0.5948382818560959.
[I 2026-05-22 17:37:31,383] Trial 80 finished with value: 0.4652893298175226 and parameters: {'k1': 0.03309987000851771, 'D_low': 16.45635637628334, 'k2': 0.016156555071121872, 'D_high': 51.95476320837599, 'fire_exp': 0.45519488811663633, 'P_half': 3085.0273698543074, 'pre_dampen_half': 0.25882371168261886, 'gpp_af': 0.001235687439054986, 'gpp_b': 1.2015494354083529e-05, 'gpp_d': 1.7899707566454293, 'ign_k': 4.483992925196153, 'ign_c': 0.28064525463277584, 'ign_k2': 1.462525238547387, 'ign_c2': 3.8987428470740335, 'rain_shift': 14.013368939091238}. Best is trial 0 with value: 0.5948382818560959.
[I 2026-05-22 17:37:31,928] Trial 81 finished with value: 0.5201366627895547 and parameters: {'k1': 7.48735295260906e-05, 'D_low': 1.4206558396114586, 'k2': 0.00024266857424075946, 'D_high': 42.09458978444982, 'fire_exp': 0.9325149096230577, 'P_half': 62.810540018283405, 'pre_dampen_half': 2.1874539131004886, 'gpp_af': 0.3863604990512622, 'gpp_b': 4.574633883762084e-06, 'gpp_d': 23.14751455815423, 'ign_k': 3.70630649438875, 'ign_c': 0.10144551660315619, 'ign_k2': 4.415778664929108, 'ign_c2': 0.242030463259119, 'rain_shift': 0.7299946510648256}. Best is trial 0 with value: 0.5948382818560959.
[I 2026-05-22 17:37:32,469] Trial 82 finished with value: 0.47355265721097356 and parameters: {'k1': 0.005592969872133224, 'D_low': 16.9724266942716, 'k2': 0.0013543391652064507, 'D_high': 17.175900154419697, 'fire_exp': 1.211898735712009, 'P_half': 1437.7011630765903, 'pre_dampen_half': 1.8697680642362011, 'gpp_af': 0.007493716294711513, 'gpp_b': 2.9352198737221053e-05, 'gpp_d': 45.555037460172, 'ign_k': 1.0688669519643985, 'ign_c': 0.13274597130270271, 'ign_k2': 8.723700151056116, 'ign_c2': 0.5143167347003788, 'rain_shift': 2.473508098726473}. Best is trial 0 with value: 0.5948382818560959.
[I 2026-05-22 17:37:33,015] Trial 83 finished with value: 0.3994490055432051 and parameters: {'k1': 0.006070971874172288, 'D_low': 7.084646374310009, 'k2': 0.021804644818987175, 'D_high': 326.7535855200244, 'fire_exp': 0.41689948433355983, 'P_half': 20.537601155206605, 'pre_dampen_half': 3.4849790710833726, 'gpp_af': 9.761986637428734, 'gpp_b': 0.0023455267202696474, 'gpp_d': 532.9301791003136, 'ign_k': 0.6628936052429054, 'ign_c': 165.18152742379866, 'ign_k2': 0.4447713593834275, 'ign_c2': 4.404637445315041, 'rain_shift': 10.209427998095409}. Best is trial 0 with value: 0.5948382818560959.
[I 2026-05-22 17:37:33,557] Trial 84 finished with value: 0.48118357379352034 and parameters: {'k1': 0.00019069131822461327, 'D_low': 10.15027488125881, 'k2': 0.010592534281424877, 'D_high': 134.47156070304555, 'fire_exp': 0.7396217233845425, 'P_half': 636.8645158773539, 'pre_dampen_half': 4.191199868749091, 'gpp_af': 0.001771947324279868, 'gpp_b': 1.6102930787654333e-06, 'gpp_d': 13.18041006175299, 'ign_k': 1.73847947105349, 'ign_c': 2.2038934066465745, 'ign_k2': 4.790500724771468, 'ign_c2': 0.2530940745146799, 'rain_shift': 7.439761098363562}. Best is trial 0 with value: 0.5948382818560959.
[I 2026-05-22 17:37:34,099] Trial 85 finished with value: 0.46540188162506574 and parameters: {'k1': 0.03972229169935532, 'D_low': 78.39298992777522, 'k2': 0.0008764712561317466, 'D_high': 4139.490958299361, 'fire_exp': 0.5294768410701506, 'P_half': 32.11656404782943, 'pre_dampen_half': 12.852617113083955, 'gpp_af': 0.05953556705250978, 'gpp_b': 2.2168928389337434e-05, 'gpp_d': 15.431670005877983, 'ign_k': 0.1991526257045198, 'ign_c': 0.9050823386306164, 'ign_k2': 0.07843686764560454, 'ign_c2': 1.3829040831131514, 'rain_shift': 8.696398689463313}. Best is trial 0 with value: 0.5948382818560959.
[I 2026-05-22 17:37:34,642] Trial 86 finished with value: 0.5558631387006113 and parameters: {'k1': 0.010018964621632502, 'D_low': 12.962578321363312, 'k2': 0.01403767114074969, 'D_high': 235.07278141323366, 'fire_exp': 0.4191805492049451, 'P_half': 304.763016353436, 'pre_dampen_half': 1.8377799846918528, 'gpp_af': 0.007858124035615907, 'gpp_b': 9.269595291858544e-05, 'gpp_d': 1.8144844950041656, 'ign_k': 4.228070716946804, 'ign_c': 0.403683596585878, 'ign_k2': 5.995668828858993, 'ign_c2': 2.829663237851594, 'rain_shift': 4.095022593108642}. Best is trial 0 with value: 0.5948382818560959.
[I 2026-05-22 17:37:35,184] Trial 87 finished with value: 0.577569715840352 and parameters: {'k1': 0.009158144971336019, 'D_low': 69.03575023401845, 'k2': 0.042100253695232445, 'D_high': 11123.043063444335, 'fire_exp': 0.477230733601529, 'P_half': 1056.5079681336567, 'pre_dampen_half': 15.62015760708953, 'gpp_af': 0.019321810491238312, 'gpp_b': 4.579820460903803e-05, 'gpp_d': 405.63515863832504, 'ign_k': 3.247217007196986, 'ign_c': 0.2830034665259068, 'ign_k2': 2.213797296263503, 'ign_c2': 0.14847870843893704, 'rain_shift': 6.622167296842784}. Best is trial 0 with value: 0.5948382818560959.
[I 2026-05-22 17:37:35,725] Trial 88 finished with value: 0.47963455797714116 and parameters: {'k1': 0.0020068684778059113, 'D_low': 285.2258478091946, 'k2': 0.06011466948365655, 'D_high': 20285.168316107724, 'fire_exp': 0.4763951521421782, 'P_half': 4180.902860115636, 'pre_dampen_half': 77.16571949502095, 'gpp_af': 0.023278292497375383, 'gpp_b': 0.0012845014066406625, 'gpp_d': 819.269247287505, 'ign_k': 1.0143274621911882, 'ign_c': 0.36919873691221927, 'ign_k2': 0.30402570466767936, 'ign_c2': 0.1251621062084348, 'rain_shift': 4.365275609016881}. Best is trial 0 with value: 0.5948382818560959.
[I 2026-05-22 17:37:36,289] Trial 89 finished with value: 0.5613029984820842 and parameters: {'k1': 0.005067646775409129, 'D_low': 37.0850506691228, 'k2': 0.0021301573262575294, 'D_high': 9321.89276024882, 'fire_exp': 0.41865790271702213, 'P_half': 1810.509551432931, 'pre_dampen_half': 5.373368307512917, 'gpp_af': 0.09083385575539192, 'gpp_b': 1.704449559877016e-05, 'gpp_d': 636.3623244923851, 'ign_k': 9.62798879230997, 'ign_c': 0.2562850854189575, 'ign_k2': 0.7972637607743601, 'ign_c2': 0.42439039288214064, 'rain_shift': 15.874752246130361}. Best is trial 0 with value: 0.5948382818560959.
[I 2026-05-22 17:37:36,832] Trial 90 finished with value: 0.45422656052327104 and parameters: {'k1': 0.011512775483093188, 'D_low': 3.617212055003291, 'k2': 0.001281309778028892, 'D_high': 48566.12765927225, 'fire_exp': 0.5443619962649356, 'P_half': 0.1288152587556383, 'pre_dampen_half': 18.469232373955652, 'gpp_af': 0.9928585002164341, 'gpp_b': 0.0027247796656896263, 'gpp_d': 6.338013273007907, 'ign_k': 0.24940020607446797, 'ign_c': 4.031578450877256, 'ign_k2': 0.017787608478547632, 'ign_c2': 2.5628634048950873, 'rain_shift': 7.596265488603413}. Best is trial 0 with value: 0.5948382818560959.
[I 2026-05-22 17:37:37,376] Trial 91 finished with value: 0.558333736206773 and parameters: {'k1': 0.003975480729922518, 'D_low': 18.24700746575171, 'k2': 0.0016128463411651964, 'D_high': 607.1348710419269, 'fire_exp': 0.7133668194659677, 'P_half': 314.43045412370805, 'pre_dampen_half': 4.434996350739171, 'gpp_af': 0.3094533367512414, 'gpp_b': 1.1088601470761915e-05, 'gpp_d': 2.225347769149147, 'ign_k': 6.625370631162793, 'ign_c': 0.23904437864502545, 'ign_k2': 1.748606961149213, 'ign_c2': 0.1420954428545017, 'rain_shift': 8.307819057182893}. Best is trial 0 with value: 0.5948382818560959.
[I 2026-05-22 17:37:37,919] Trial 92 finished with value: 0.5741974722745712 and parameters: {'k1': 0.056932598227906, 'D_low': 1.2234482248469962, 'k2': 0.008064633135897533, 'D_high': 3372.513806560571, 'fire_exp': 0.3547891662420186, 'P_half': 0.20387771447176692, 'pre_dampen_half': 3.5003677461053297, 'gpp_af': 3.177218660773615, 'gpp_b': 2.5031683908498776e-06, 'gpp_d': 91.58083875921355, 'ign_k': 0.13640072230959358, 'ign_c': 8.669181754929143, 'ign_k2': 0.6092723059432255, 'ign_c2': 1.8917622088173192, 'rain_shift': 10.210437672503685}. Best is trial 0 with value: 0.5948382818560959.
[I 2026-05-22 17:37:38,463] Trial 93 finished with value: 0.5406025606465459 and parameters: {'k1': 0.02023103476202963, 'D_low': 4.415363989566968, 'k2': 0.008988638444390393, 'D_high': 17722.11423649214, 'fire_exp': 0.45118080258379795, 'P_half': 0.5365905252077465, 'pre_dampen_half': 0.5212057141667167, 'gpp_af': 15.3798657000704, 'gpp_b': 2.393959426159061e-06, 'gpp_d': 1.3432928354176663, 'ign_k': 0.6968351318952836, 'ign_c': 10.33596574980446, 'ign_k2': 8.124943666533962, 'ign_c2': 0.803033472954891, 'rain_shift': 6.871510283116198}. Best is trial 0 with value: 0.5948382818560959.
[I 2026-05-22 17:37:39,007] Trial 94 finished with value: 0.550423073609115 and parameters: {'k1': 0.010298427062670121, 'D_low': 2.1582858072783946, 'k2': 0.01602714949900948, 'D_high': 2802.112154335864, 'fire_exp': 0.45964869491200494, 'P_half': 0.10692332203632685, 'pre_dampen_half': 0.1579549164602685, 'gpp_af': 2.1802463975276694, 'gpp_b': 1.1053361361174927e-05, 'gpp_d': 258.485504608703, 'ign_k': 0.006986165860512591, 'ign_c': 10.010846305951247, 'ign_k2': 3.8946156550502833, 'ign_c2': 1.395747869063395, 'rain_shift': 12.219574658289385}. Best is trial 0 with value: 0.5948382818560959.
[I 2026-05-22 17:37:39,550] Trial 95 finished with value: 0.5160254232867112 and parameters: {'k1': 0.03597826807371667, 'D_low': 1.7423140127794166, 'k2': 0.018551716812605902, 'D_high': 1961.4155118591498, 'fire_exp': 0.7922474007337176, 'P_half': 0.3252705696640385, 'pre_dampen_half': 0.025942571448753074, 'gpp_af': 4.690218283720569, 'gpp_b': 3.1383507558269986e-06, 'gpp_d': 7.254327685003734, 'ign_k': 0.23220912730606694, 'ign_c': 2.4578083213018327, 'ign_k2': 0.13294686160767705, 'ign_c2': 2.9540245001002794, 'rain_shift': 11.142623033965736}. Best is trial 0 with value: 0.5948382818560959.
[I 2026-05-22 17:37:40,094] Trial 96 finished with value: 0.5192145734532253 and parameters: {'k1': 0.0034419017573407767, 'D_low': 3.4095269547874647, 'k2': 0.0003437671951853416, 'D_high': 67.33766879498675, 'fire_exp': 0.44156828636088863, 'P_half': 7091.878164958598, 'pre_dampen_half': 1.9515084794953228, 'gpp_af': 0.020418538299886227, 'gpp_b': 1.6342990038648059e-06, 'gpp_d': 0.1216163797362698, 'ign_k': 0.6923784058543478, 'ign_c': 0.24667335309330443, 'ign_k2': 2.6786567883354713, 'ign_c2': 3.428872895227429, 'rain_shift': 1.9437565270180666}. Best is trial 0 with value: 0.5948382818560959.
[I 2026-05-22 17:37:40,639] Trial 97 finished with value: 0.5038187663616663 and parameters: {'k1': 0.03235545747447903, 'D_low': 10.35879056670929, 'k2': 0.0017700400769199414, 'D_high': 2872.282505992747, 'fire_exp': 0.782616619360448, 'P_half': 0.21193141566259394, 'pre_dampen_half': 4.748587836789811, 'gpp_af': 9.805524601724771, 'gpp_b': 0.00013156515839180503, 'gpp_d': 916.4628335863852, 'ign_k': 1.1134464825994759, 'ign_c': 0.41204384038040703, 'ign_k2': 0.08539975607031002, 'ign_c2': 0.5938531041652814, 'rain_shift': 5.2425935298680795}. Best is trial 0 with value: 0.5948382818560959.
[I 2026-05-22 17:37:41,184] Trial 98 finished with value: 0.5774265580611109 and parameters: {'k1': 0.0639771162461085, 'D_low': 60.946370714893774, 'k2': 0.007344529098535447, 'D_high': 6734.927853071676, 'fire_exp': 0.4274963538159007, 'P_half': 25.467116432478303, 'pre_dampen_half': 22.015839710535346, 'gpp_af': 0.3375960217750078, 'gpp_b': 3.0334216519324108e-05, 'gpp_d': 669.0628172315521, 'ign_k': 0.49081718584361206, 'ign_c': 0.16198506670460722, 'ign_k2': 3.890986613591191, 'ign_c2': 0.18599170244464674, 'rain_shift': 7.80784631476573}. Best is trial 0 with value: 0.5948382818560959.
[I 2026-05-22 17:37:41,728] Trial 99 finished with value: 0.4530504478285155 and parameters: {'k1': 0.0367752279272858, 'D_low': 16.216306583457943, 'k2': 0.0004000519216047501, 'D_high': 2726.5185454909047, 'fire_exp': 0.45831579117819915, 'P_half': 39.23639529460467, 'pre_dampen_half': 42.85255568113326, 'gpp_af': 0.8604101671264395, 'gpp_b': 2.0931188655327695e-05, 'gpp_d': 211.58999814203946, 'ign_k': 0.01368413347163122, 'ign_c': 0.2016751269644226, 'ign_k2': 2.3174784683901457, 'ign_c2': 0.6723536071145235, 'rain_shift': 1.6847461320219468}. Best is trial 0 with value: 0.5948382818560959.
[I 2026-05-22 17:37:42,272] Trial 100 finished with value: 0.511227113540157 and parameters: {'k1': 0.03194555623095376, 'D_low': 90.8976986427752, 'k2': 0.06468892549358984, 'D_high': 8092.37952225233, 'fire_exp': 0.5704295332897472, 'P_half': 7.6057763380024745, 'pre_dampen_half': 9.832272878726998, 'gpp_af': 0.29496702778309464, 'gpp_b': 2.1294669816546274e-06, 'gpp_d': 245.20379701114527, 'ign_k': 0.07048233656139254, 'ign_c': 0.32891167806703137, 'ign_k2': 2.0129049276111157, 'ign_c2': 0.11390810780566185, 'rain_shift': 4.555201087548811}. Best is trial 0 with value: 0.5948382818560959.
[I 2026-05-22 17:37:42,816] Trial 101 finished with value: 0.43801497409764495 and parameters: {'k1': 0.011930392083936191, 'D_low': 4.438337175111636, 'k2': 0.023540014646564897, 'D_high': 13620.924478455549, 'fire_exp': 0.5172994503986279, 'P_half': 5.344038754120805, 'pre_dampen_half': 6.142666960912232, 'gpp_af': 1.2842327950074257, 'gpp_b': 2.3464670006234205e-06, 'gpp_d': 36.60421670965431, 'ign_k': 0.023608512623759396, 'ign_c': 1.4931347442763547, 'ign_k2': 0.0776535054054654, 'ign_c2': 1.3274713627027899, 'rain_shift': 9.758788228542914}. Best is trial 0 with value: 0.5948382818560959.
[I 2026-05-22 17:37:43,359] Trial 102 finished with value: 0.556527076643393 and parameters: {'k1': 0.07717045819090741, 'D_low': 1.4482048330961788, 'k2': 0.003321383801339282, 'D_high': 2889.7743144521537, 'fire_exp': 0.6490735027673895, 'P_half': 1.423544641948814, 'pre_dampen_half': 0.8118857497256545, 'gpp_af': 0.907723848681311, 'gpp_b': 2.5970753518664278e-05, 'gpp_d': 116.14523261480412, 'ign_k': 0.7612937340436452, 'ign_c': 9.149301153470814, 'ign_k2': 0.1719904722582138, 'ign_c2': 1.5022332432788947, 'rain_shift': 8.974037277068089}. Best is trial 0 with value: 0.5948382818560959.
[I 2026-05-22 17:37:43,903] Trial 103 finished with value: 0.5185261820033648 and parameters: {'k1': 0.018212280246535408, 'D_low': 41.62840411630175, 'k2': 0.04154638459159551, 'D_high': 35933.88378405557, 'fire_exp': 0.5094621260459531, 'P_half': 388.9521014671613, 'pre_dampen_half': 2.0747559225632193, 'gpp_af': 0.3407676639714774, 'gpp_b': 0.0002038073698068358, 'gpp_d': 589.1572839738191, 'ign_k': 4.165987318375318, 'ign_c': 1.342260400457716, 'ign_k2': 0.6270745529805902, 'ign_c2': 0.13647062763550247, 'rain_shift': 5.461923920072836}. Best is trial 0 with value: 0.5948382818560959.
[I 2026-05-22 17:37:44,446] Trial 104 finished with value: 0.5496998647174306 and parameters: {'k1': 0.00010729998473947582, 'D_low': 269.74394651123896, 'k2': 0.0033246206038184175, 'D_high': 59514.975664206984, 'fire_exp': 0.7660535996899588, 'P_half': 177.84001926048828, 'pre_dampen_half': 4.283337281966971, 'gpp_af': 0.5663566188723554, 'gpp_b': 0.009075238181494695, 'gpp_d': 45.26334482473193, 'ign_k': 5.482639193365672, 'ign_c': 0.10644854108460185, 'ign_k2': 0.5049295717774471, 'ign_c2': 0.4115491452344854, 'rain_shift': 13.77097008749639}. Best is trial 0 with value: 0.5948382818560959.
[I 2026-05-22 17:37:44,985] Trial 105 finished with value: 0.4470665044149451 and parameters: {'k1': 0.043574594818557126, 'D_low': 26.736811176011898, 'k2': 0.0015948348438943646, 'D_high': 7523.62564413437, 'fire_exp': 0.728742965760419, 'P_half': 82.35042770255156, 'pre_dampen_half': 206.73387946432644, 'gpp_af': 0.023226130892346014, 'gpp_b': 0.00786374704265548, 'gpp_d': 327.5568960166949, 'ign_k': 2.9506048359820998, 'ign_c': 0.24662039581462328, 'ign_k2': 0.9687096682851484, 'ign_c2': 0.11297467130271194, 'rain_shift': 2.4481719713132852}. Best is trial 0 with value: 0.5948382818560959.
[I 2026-05-22 17:37:45,526] Trial 106 finished with value: 0.5177291413022312 and parameters: {'k1': 0.001406088490273405, 'D_low': 12.375863463113427, 'k2': 0.006839376946051745, 'D_high': 19631.84380551756, 'fire_exp': 0.5411584024027245, 'P_half': 10.60243702072293, 'pre_dampen_half': 1.1810877356361162, 'gpp_af': 0.0012495095218008551, 'gpp_b': 4.276930584566264e-05, 'gpp_d': 808.8383938141527, 'ign_k': 0.8749956364074043, 'ign_c': 0.3415152171728256, 'ign_k2': 7.336527499430646, 'ign_c2': 0.24193598064620384, 'rain_shift': 1.5477564090778175}. Best is trial 0 with value: 0.5948382818560959.
